mkdir: cannot create directory ‘Shang06c’: File exists
1756098
tycho64
/scratch/mrabenanahary/run.1756098.tycho64
::::::::::::::
Shang06c.par
::::::::::::::
!==============================================================
! Project : YSO JET MIALY
! Aim     :
! Results :
! Method  : Use cartesian coordinate
!
! Update  : 22/11/2019
! configuration :
! Openmpi/gfortran or intel or ....
! $AMRVAC_DIR/setup.pl -d=2 -phys=hd -arch=default
! with intel
! $AMRVAC_DIR/setup.pl -d=2 -phys=hd -arch=intel
!==============================================================

 &filelist
        base_filename='Output/Shang06c/Jet_Shang06_'
        saveprim=.true.
        autoconvert=.true.
        convert_type='vtuBCCmpi'
        nwauxio = 4
        /
        convert = .true.


        restart_from_file='Output/Shang06/Jet_Shang06_0040.dat'
        snapshotnext =0326
/




/
        nwauxio=10




/


 &savelist
        itsave(1,1)=0
        itsave(1,2)=0
        dtsave_log=3.1557600d7   ! 1 year 3.1557600d6 = 0.1 yr
	!ditsave_log =50
        dtsave_dat=  3.1557600d8! 1 yr!6.31152d8!20 yrs !1.57788000d9!50 yrs !3.1557600d9! 1 yrdensitys  1.57788000d8!5 yrs !3.1557600d7   ! 100 year; 3.1557600d7 = 1 yr
        !ditsave_dat =1
 /

        ditsave_log = 1
        ditsave_dat =1
        dtsave_dat =21.08

 &stoplist

        dtmin=1.0d-13
        !time_max= 99d15 ! years
        time_max=  3.15576d10 ! 1000 yrs 1.26e10! 400 yrs !3.786912d10! 1200 yrs ! 1.90607904d10!604 yrs ! 1.893456d10!600 yrs ! 3.15576d10! 1000yrs!6.31152d10! 2000 yrs ! 3.15576d11! 10000yrs ! 1.262304d10!400yrs!3.15576d9!3.15576d10! 1000yrs  !1.893456e11!600yrs!!9.46728d9!300yrs!6.311520000d9!7.8894d9!9.46728d9!7.8894d9 ! in s from years : 7.8894d9 = 250 yrs
        !it_max=10


/
  reset_it=.true.

          it_init=0






 &methodlist
        time_integrator          =  'twostep'
        typepred1                =  20*'tvdlf'!>>HH4647 !'hllcd'!si vraiment ça ne marche pas, essayer :! 'hll'! si au bord persiste des problemes, essayer : ! 'tvdlf'
        flux_scheme              =  20*'tvdlf'!,18*'tvdlf'!>>HH4647 !'hllcd'!si vraiment ça ne marche pas, essayer :! 'hll'! si au bord persiste des problemes, essayer : ! 'tvdlf'
        limiter                  =  20*'minmod'!>>HH4647 !'koren'!'cada3'
        small_pressure           = 1.0d-9
        small_density            = 1.0d-8
        small_values_method      =  'average'
        small_values_daverage    = 8

        check_small_values       = .true.
        small_values_force_floor = .true.
        loglimit(1) = .false.


 /
         loglimit(4) = .true.
         loglimit(1)            = .true.
         loglimit(5)            = .true.
         loglimit(6)            = .true.
         loglimit(7)            = .true.
        tvdlfeps=0.5d0

 &boundlist
        internalboundary  = .true.
        nghostcells       = 4
        typeboundary_min1 =  'symm','asymm','symm','asymm','symm',2*'symm'!, ! C.L. gauche <=> rmin
        typeboundary_max1 =  7*'cont'                                    ! C.L. droite <=> rmax
        typeboundary_min2 =  'symm','asymm','symm','asymm','symm',2*'symm'                                     ! C.L. inférieure <=> zmin
        typeboundary_max2 =  7*'cont'                                        ! C.L. supérieure <=> zmax                                      ! C.L. supérieure <=> zmax

/
        typeboundary_max3 = 8*'cont'                                         ! C.L. arrière <=> phi/profondeur max
        typeboundary_min3 = 8*'cont'                                         ! C.L. avant <=> phi/profondeur min
 /

 &meshlist
        ! grid at level 1
        xprobmin1 =  0.0d0    ! cm
        xprobmax1 =  1.6d17 ! cm 2.5d16!1.25d16 !>>HH4647 !4.0d16 !2.0d16   ! cm
        xprobmin2 =  0.0d0    ! cm
        xprobmax2 =  1.00d17!>>HH4647 !1.0d17 !2.0d17    ! cm

        ! total cell at level 1
        domain_nx1= 256!40!>>HH4647 !64!32!
        domain_nx2= 160!>>HH4647 !160!320!
        ! number of cell by block
        block_nx1 = 8!8!
        block_nx2 = 8!8!

        ! AMR configuration
        refine_criterion=3
        refine_max_level=5 !>>HH4647 !
        refine_threshold=20*0.05d0
        derefine_ratio=20*0.05d0
      !  w_refine_weight(1)=0.25d0
      !  w_refine_weight(2)=0.25d0
      !  w_refine_weight(3)=0.25d0
        w_refine_weight(1)=1.0d0

        max_blocks = 20000
        ! can be added when is needed
        prolongprimitive= .true.
        coarsenprimitive= .true.
        /







 /
        stretched_grid    = .true.
        stretched_dim(1)  = .true.
        stretched_dim(2)  = .true.
        itfixgrid =0

 &paramlist
        typecourant         = 'maxsum'
        courantpar          = 0.8d0
        slowsteps           = 1500
        small_getdt_average = .true.
        small_dt_coef       = 1.0d-6
 /

  &hd_list
         hd_energy            = .true. !>>HH4647 !
         hd_gamma             = 1.666666667 !>>HH4647 ! hd_temperature_isotherm = 100
         SI_unit              = .false.  ! use cgs

         He_abundance         = 0.1d0                     !

         hd_dust              = .false.   ! dust off
         hd_radiative_cooling = .true. !>>HH4647 .false.!.true.    ! cooling on
         hd_chemical          = .false.   ! use chemical
         hd_n_tracer          = 2
         hd_mean_mup_on       = .true. !>>HH4647 .true.
   /



 !'MLcosmol' : 'Use Mellema & Lundqvist (2002) cooling curve for zero metallicity '
 !'SPEX_DM'  : 'Use SPEX cooling curve for solar metallicity above 10^4 K. At lower temperatures,use Dalgarno & McCray (1972), with a pre-set ionization fraction of 10^-3 as described by Schure et al. (2009). '
   &rc_list
         ncool            = 4000
         coolcurve        = 'SPEX_DM'!'MLcosmol' !
         coolmethod       = 'exact'
         cfrac            = 1.d0
         Tfix             = .false.
         tlow             = 110 !>>HH4647
         coolsaveL        = .true.
         coolsavedT       = .true.
   /


 &dust_list
     dust_n_species           = 2
     dust_min_rho             = 1.0d-10
     gas_mu                   = 1.0d0
     dust_method              = 'Kwok'
     dust_small_to_zero       = .true.
     dust_temperature         = 1.0d0
     dust_temperature_type    = 'silicate'
     dust_source_split        = .false.
     dust_it_diff             = 50000
   /





 &usr_list
        usrconfig%ism_on              = .true.                      !> set ism
        usrconfig%cloud_on            = .false.                      !> set cloud
        usrconfig%cloud_structure     = 2                           !> cloud structure type
        usrconfig%jet_yso_on          = .true. !>>HH4647.false.!.false.!.false.!                      !> set a jet
        usrconfig%physunit_on         = .true.                      !> set the normalisation in use
        usrconfig%reset_medium        = .true.                      !> set on the reset
        usrconfig%coordinate_system   = 'cylindrical_2.5D'            !> geometry in use in 2D
        usrconfig%phys_inuse          = 'hd' !'mhd' ! set physique want to be used

        usrconfig%phys_isotherm_on              = .false.!>>HH4647.true. ! use isotherme
        !usrconfig%phys_temperature_isotherm     = 100 ! Le 2001

        usrconfig%reset_flux_scheme_on          = .true.
        usrconfig%reset_flux_scheme_diffuse     = 'tvdlf'
        usrconfig%reset_flux_scheme_thresholdL1 = 1.0d-6


 /




&usr_physical_unit_list
 phys_unit%unit                  = 'cgs'
 phys_unit%length                = 1.496d14                 ! cm (1 parsec) : par defaut = 1.496d14
 phys_unit%time                  = 3d8                      ! s (2 year) : par defaut = 3d10
 phys_unit%number_density        = 1.0d-6 !>>HH4647                      ! cm^-3 : par defaut = 1.0d8 (1.0d5 pour un milieu ambiant tres peu dense, e.g. a 100cm-3)                      ! cm^-3 : par defaut = 1.0d8 (1.0d5 pour un milieu ambiant tres peu dense, e.g. a 100cm-3)
 phys_unit%chemical_He_abundance = 0.1d0
/

!11/12/19 : pour ISM et le projet n°1 de Sylvie Cabrit sur son article de 1997, les paramètres ci-dessous pour l'ISM ont été testés
!et fixées aux valeurs recommandées et correspondant le mieux à la simulation de l'article
 &usr_ism_list
  ism_config%unit               ='cgs'
  ism_config%density            = 1.6d-18         !Li & Shu et 1996b ism density if it set to 0 it will use number_density
  ism_config%number_density     = 0.0d0  !>>HH4647  !2.95d9    !1.0d2     !4.44d6     ! Zheng19 = 2.95d9 cm-3 ! ism number density (1/cm^3) ) of protons n_H = facteur rho_j (e.g. = 100 cm-3) physique dans l'expression du profil de densité rho_c du milieu ambiant
                                            ! and w(ixO^S,phys_ind%rho_)        =  self%myconfig%density = = self%myconfig%number_density*mp = rho_h the mass density of protons
                                            ! si tu l'augmentes e.g. a number_density=1.0d3,
                                            !la valeur rho_c=rho_j de densité au niveau de la frontière inférieure ISM augmente d'un facteur 10
  ism_config%velocity(1)        = 0.0       ! ism  speed components (cm/s) R/X : 0.0 = milieu statique
  ism_config%velocity(2)        = 0.0!5.d8     ! ism  speed components (cm/s) Z : 0.0 = milieu statique
  ism_config%velocity(3)        = 0.0       ! ism  speed components (cm/s)  Y : 0.0 = milieu statique
  ism_config%Mach_number_tomov_obj= 0.0       ! ism  speed components (cm/s)  Y : 0.0 = milieu statique
  ism_config%temperature        = 100.0d0  !>>HH4647   ! Zheng19 = 50 K ! ism temperature (K) : influence la valeur de pression et de force de gravité contrebalaçant mais pas le gradient de pression
  ism_config%pressure           = 0.0d0     !1.3806485199999997d-12! ism pressure if is set to 0 it will use temperature : äraview trouve a T=100 K et rho_j=100 cm-3 >>> p_j = 2.71055e-12 Ba
  ism_config%tracer_on          = .true.    ! ism tracer
  ism_config%tracer_init_density= 1.0d3     ! ism tracer density

  ism_config%reset_on           = .true.    ! ism reset
  ism_config%reset_coef         = 0.8! 0.0     ! ism reset  coefficient
  ism_config%reset_dtemperature = 1.0d-2    !> set the pressure variation
  ism_config%reset_distance(2)  =  1.01d18  ! ism rest distance
  ism_config%reset_scale(2)     =  5d16     ! ism reset scalling distance

  ism_config%boundary_cond(2,2) = 'open'
  ism_config%boundary_on        = .true.

ism_config%profile_typeaxial  = 'spherical'!'projection_direction'
ism_config%profile_idir       = 0.0,1.0,0.0       !z=2,r=1  !  ism profile direction

ism_config%profile_center     = 0,0,0

ism_config%profile_density_on = .true. ! Zheng=True ! .false. ! .true. ! ISM set density profile
ism_config%profile_pressure_on= .true. ! Zheng=True ! .false. !.true.

ism_config%profile_density    = 'Lee2001'!>>HH4647'cabrit1997' ! Zheng19 = 'cabrit1997' !ISM density profile
ism_config%profile_force_on   = .true. ! Zheng=True  !.true.!.false.!.true. ! .false. ! ISM set force profile
ism_config%profile_force_gradP_on = .true.

ism_config%profile_zc    = 7.0d16!4.49d14 ! 1.0d16 !4.49d14 ! Zheng19 = 30 au = 4.49d14 cm :  grandeur de normalisation dans le profil de pression/densite (en cm)
ism_config%profile_rw    = 2.5d15 !> ISM reference radius for Lee 2001 profile (in cm)
ism_config%profile_kappa    = 2.0d0 ! Zheng19 = 2 ! indice kappa pour la loi de densité et de pression : 'cabrit1997' <=> kappa=2
ism_config%profile_shiftstart = 0.00d0 !>>HH4647 3.33d14 ! 3.33d14 ! 1.0d15 ! the distance from which the ISM profile is set

ism_config%chemical_gas_type = 'fullyatomic'!>>HH4647'fullymolecular'
ism_config%He_abundance      = 0.1
/

&usr_usrboundary_ism_list
  usrboundary_config%boundary_type(2,2) = 'open'
  usrboundary_config%useprimitive       = .false.
  usrboundary_config%flux_frac          = 1.0d-2
/

!11/12/19 : pour le jet et le projet n°1 de Sylvie Cabrit sur son article de 1997, les paramètres ci-dessous pour le jet ont été testés
!et fixées aux valeurs recommandées et correspondant le mieux à la simulation de l'article
&usr_cla_jet_list
    cla_jet_config%unit                  =  'cgs' !> physical unit at parameter file
    cla_jet_config%time_cla_jet_on       =  0.0d0 !> initial time the cla_jet is set in the simulation box

    cla_jet_config%myindice              =  0       !> cla_jet associated indice
    cla_jet_config%density               =  0.0d0 !> cla_jet density  (g/cm^3) densite totale en particules H+H^++H2+He

    cla_jet_config%number_density        =  1.53d6 !7.6d5 !1.0d5 !7.65e5  ! = ntot = nH * 1.4 : densite en H+H^++H2+He,
                                            ! et où nH = densite retournee par Paraview est la densite en H+H^++H2
                                            ! Zhang19 = 0.3-5 e-7 Msun/yr >>> n0= 42864.27- 1.072d6 cm-3 on impose le flux de masse 1.0d5 !> cla_jet number density (1/cm^3)  Reference  Whittle, J. D. Silverman, et al. 2004 : on doit désactiver le flux de masse pour pouvoir utiliser cette densité
    cla_jet_config%temperature           =  100.0d0  !>>HH4647 !> cla_jet temperature  (K)
    cla_jet_config%pressure              =  0.0d0   !> cla_jet pressure
    cla_jet_config%pressure_toism        =  0.0d0   !> cla_jet pressure relative to ism pressure
    cla_jet_config%magnetic(1)           =  0.0d0   !> cla_jet magnetic field components : 0.0d0 = HD
    cla_jet_config%magnetic(2)           =  0.0d0   !> cla_jet magnetic field components : 0.0d0 = HD
    cla_jet_config%magnetic(3)           =  0.0d0   !> cla_jet magnetic field components : 0.0d0 = HD
    cla_jet_config%xisigma               =  0.0d0   !> cla_jet magnetisation : 0.0d0 = HD
    cla_jet_config%magn_anglePHItoPol    =  0.0d0   !> cla_jet magnetisation field incl : 0.0d0 = HD

    cla_jet_config%Mach_number           =  0.0!250.0d0   !> cla_jet  Mach number : Par défaut : Ma = 20
    cla_jet_config%c_sound               =  0.0d0   !> cla_jet  sound speed (cm/s)
    cla_jet_config%velocity(1)           =  0.0d0   !> cla_jet  velocity (radial speed)(cm/s)
    cla_jet_config%velocity(2)           =  1.0d7 !>>HH46471.5d7 !0.0d0 !1.0d7   !1.0d7!> cla_jet  velocity (longitudinal speed)(cm/s) ! Reference  Whittle, J. D. Silverman, et al. 2004 ! Projet n°1 de Sylvie (Cabrit et Raga 1997) => Vjet = 150 km/s = 1.5d7 cm/s (sans tenir compte de la variabilité temporelle du jet) !cla_jet_config%velocity_poloidal     =  0.0d0 !1.0d7 ! Zhang19 = 100 km/s
    cla_jet_config%velocity(3)           =  0.0d0   !> cla_jet  velocity (rotation speed)(cm/s)
    cla_jet_config%velocity_poloidal     =  0.0d0
    cla_jet_config%power                 =  0.0d0   !> wind power flux
    cla_jet_config%mass_flux             =  0.0d0   ! 3.15e19 ! flux en H+H^++H2 1.13d21 !1.89d18 ! grammes/s>>>Zhang19 = 0.3e-7 Msun/yr  0.0!9.8525563d16!1.9705112501213315d17!1.3136741667475542d17!!   !> wind mass flux : cabrit1997 = 1.3136741d17 à Vjet = 100 km/s et 1.9705111e+17 à Vjet = 150 km/s (Vjet = 150 km/s ne marche qu a basse resolution de maillage)
                                            ! c'est par l'imposition de cla_jet_config%mass_flux et de cla_jet_config%velocity(2) que la densité est alors imposée à l'intérieur du jet
                                            ! pour avoir :
                                            ! * Vjet = 100 km/s, R_jet = 0.5e16 cm et n_jet = 100 cm-3 >>> mass_flux = 1.3136741667475542e+17 g / s
                                            ! * Vjet = 150 km/s, R_jet = 0.5e16 cm et n_jet = 100 cm-3 >>> mass_flux = 1.9705112501213315e+17 g / s
                                            ! * Vjet = 150 km/s, R_jet = 0.5e16 cm et n_jet = 50 cm-3 >>> mass_flux = 9.8525563e+16 g / s

    cla_jet_config%open_angle            = 3.0d0 !>>HH4647 !>  cla_jet initial open angle  (degre): 0.0d0 = jet droit cylindrique
    cla_jet_config%z_in                  =  -46.275d18 !> cla_jet inner boundary position
    cla_jet_config%z_impos               =  8.22d14 !>>HH4647 !3.50d14  ! 1d15!6.52128d14!3.26128d15!1.495978707d13!1.495978707d14!> cla_jet initial jet-wind region height : 1.495978707e15 cm = 100 au
    cla_jet_config%z_out_init            =  8.30d14 !>>HH4647 !3.52d14 ! 2d15!9.52128d14!3.26128d15!1.495978707d13!1.495978707d14!0.5d15!0.5d14!> cla_jet  impose z height : 1.495978707e15 cm = 100 au
    cla_jet_config%r_out_init            =  7.47d14 !=50 UA>>HH4647 3.0d15!1.611031692203301d15!> cla_jet inner boundary wind position : zhang19 = 7.48d14 cm = 50 au
    cla_jet_config%r_out_impos           =  7.47d14 !=50 UA>>HH4647 !1.611031692203301d15!> cla_jet  impose radius : Rjet (Cabrit1997) = 0.5d16 cm; zhang19 = 7.48d14 , necessary to impose density or mass flux on the inner boundary

    cla_jet_config%r_in_init             =  0.0 !-7.48d14 !> cla_jet inner jet  region : position de la limite gauche du jet en coordonnées cylindriques : à tenir compte dans le calcul de la surface d'éjection du jet et donc du calcul du flux de masse ejectée

    cla_jet_config%tracer_on             =  .true. !> cla_jet logical to set tracer
    cla_jet_config%tracer_init_density   =  1.0d3  !> cla_jet tracer density
    cla_jet_config%tracer_small_density  =  1.0d1    !> cla_jet tracer small density
    cla_jet_config%shape                 =  'cartesian'  !> cla_jet shape
    cla_jet_config%profile               =  'none'  !> cla_jet profile


    cla_jet_config%variation_on          =  .true. ! Zhang19 .false. !.true.! to set on  or off the jet-injection in-real-time velocity variability
    cla_jet_config%variation_start_time  =  0.0d0 !3d7 ! time (in s in cgs) at which to begin the time variability : 0.0 to begin at the start of the simulation
    cla_jet_config%variation_end_time    =  4d15
    cla_jet_config%variation_velocity_amplitude =  5.0d6 !>>HH4647 ! 5d6 cm/s = 50 km/s
    cla_jet_config%variation_velocity_poloidal =  5.0d6 !>>HH4647
    cla_jet_config%variation_velocity(1) =  0.0!1.0d7
    cla_jet_config%variation_velocity(2) =  5.0d6 !>>HH4647 ! 5d6 cm/s = 50 km/s
    cla_jet_config%variation_velocity(3) =  0.0d0
    cla_jet_config%variation_time        =  3.15576d9!=100 yrs !>>HH4647 ! 1.262304d9! 40 yrs ! 1.57788d9!50 yrs ! !9.46728d9!Zheng19=300 yrs =9.46728d9 !3.15576d9!=100 yrs !3.15576d7 !=1 yr ! time length scale during which the jet velocity typically varies : 3.155760000d9 (s) = 100 yrs
    cla_jet_config%variation_position    =  0.0d0,8.22d14 ,0.0d0 !>>HH4647 !0.0d0, 1d15 ,0.0d0 !0.0d0, 1.495978707d14,0.0d0 ! = 0,10 au,0position (in 3d : if cylindrical : phi = 3, z=2, r=1) under which is set the time variability : default = 0,3d15,0
    cla_jet_config%variation_type        =  'sawtooth2' !>>HH4647 !Zheng19='sawtooth' ? (d ares Sylvie) >> vérifier avec 'sin' ! 'sin'!'sin' !'door'! type of the velocity variation induced in the velocity profile, see subroutine usr_mat_profile_scalar in mod_obj_mat.t to see which possibilities are avalaible
    cla_jet_config%variation_phys_nvariable   = 1  ! number of physical variable with variation
    cla_jet_config%variation_phys_variable(1) =  3 ! 3 mean the velocity in Z direction

    cla_jet_config%refine_min_level      = 5
    cla_jet_config%chemical_gas_type     = 'fullyatomic' !>>HH4647



/
  End of reading of the usr_list
 ---------------------------------------------------------------------------
 ---------------------------------------------------------------------------
 |         __  __ ____ ___        _    __  __ ______     ___    ____       |
 |        |  \/  |  _ \_ _|      / \  |  \/  |  _ \ \   / / \  / ___|      |
 |        | |\/| | |_) | |_____ / _ \ | |\/| | |_) \ \ / / _ \| |          |
 |        | |  | |  __/| |_____/ ___ \| |  | |  _ < \ V / ___ \ |___       |
 |        |_|  |_|_|  |___|   /_/   \_\_|  |_|_| \_\ \_/_/   \_\____|      |
 --------------------------------------------------------------------------
 ---------------------------------------------------------------------------
  End of reading of the usr_list
  End of reading of the usr_list
  End of reading of the usr_list
  End of reading of the usr_list
  End of reading of the usr_list
  End of reading of the usr_list
  End of reading of the usr_list
  End of reading of the usr_list
  End of reading of the usr_list
  End of reading of the usr_list
  End of reading of the usr_list
  End of reading of the usr_list
  End of reading of the usr_list
  End of reading of the usr_list
  End of reading of the usr_list
  End of reading of the usr_list
  End of reading of the usr_list
 Reading usr_list
  End of reading of the usr_list
  End of reading of the usr_list
  End of reading of the usr_list
  End of reading of the usr_list
  End of reading of the usr_list
  End of reading of the usr_list
  End of reading of the usr_list
  End of reading of the usr_list
  End of reading of the usr_list
  End of reading of the usr_list
  End of reading of the usr_list
  End of reading of the usr_list
  End of reading of the usr_list
  End of reading of the usr_list
  End of reading of the usr_list
  End of reading of the usr_list
  End of reading of the usr_list
  End of reading of the usr_list
  End of reading of the usr_list
 Reading usr_physical_values_list
  End of reading of the usr_list
  End of reading of the usr_list
  End of reading of the usr_list
  End of reading of the usr_list
  End of reading of the usr_list
 Reading usr_ism_list
  End of reading of the usr_list
  End of reading of the usr_list
  End of reading of the usr_list
  End of reading of the usr_list
 End of Reading 
 usr_ismlist0                                                                  
 Reading usr_boundary_list           1 
 boundary                                                                      
  End of reading of the hd_list
  End of reading of the hd_list
  End of reading of the hd_list
 End of Reading 
 usr_boundarylist1                                                             
 Reading usr_cla_jet_list
  End of reading of the hd_list
  End of reading of the hd_list
  End of reading of the hd_list
  End of reading of the hd_list
  End of reading of the hd_list
  End of reading of the rc_list
  End of reading of the hd_list
  End of reading of the hd_list
  End of reading of the hd_list
  End of reading of the rc_list
  End of reading of the rc_list
  End of reading of the hd_list
  End of reading of the rc_list
  End of reading of the hd_list
  End of reading of the hd_list
  End of reading of the hd_list
  End of reading of the hd_list
  End of reading of the hd_list
  End of reading of the rc_list
  End of reading of the hd_list
  End of reading of the hd_list
  End of reading of the hd_list
  End of reading of the hd_list
  End of reading of the rc_list
  End of reading of the hd_list
  End of reading of the rc_list
  End of reading of the rc_list
  End of reading of the hd_list
  End of reading of the rc_list
  End of reading of the hd_list
  End of reading of the rc_list
  End of reading of the hd_list
  End of reading of the hd_list
  End of reading of the hd_list
  End of reading of the rc_list
  End of reading of the hd_list
  End of reading of the rc_list
  End of reading of the hd_list
  End of reading of the rc_list
  End of reading of the hd_list
  End of reading of the rc_list
  End of reading of the hd_list
  End of reading of the rc_list
  End of reading of the rc_list
  End of reading of the rc_list
  End of reading of the rc_list
  End of reading of the rc_list
  End of reading of the rc_list
  End of reading of the rc_list
  End of reading of the hd_list
  End of reading of the rc_list
  End of reading of the hd_list
  End of reading of the rc_list
  End of reading of the hd_list
  End of reading of the rc_list
  End of reading of the rc_list
  End of reading of the rc_list
  End of reading of the rc_list
  End of reading of the hd_list
  End of reading of the rc_list
  End of reading of the rc_list
  End of reading of the rc_list
  End of reading of the hd_list
  End of reading of the rc_list
  End of reading of the rc_list
  End of reading of the hd_list
  End of reading of the rc_list
  End of reading of the rc_list
  End of reading of the hd_list
  End of reading of the rc_list
  End of reading of the hd_list
  End of reading of the rc_list
  End of reading of the hd_list
  End of reading of the rc_list
  End of reading of the rc_list
  End of reading of the hd_list
  End of reading of the rc_list
  End of reading of the hd_list
  End of reading of the rc_list
  End of reading of the rc_list
  End of reading of the rc_list
  End of reading of the hd_list
  End of reading of the rc_list
  End of reading of the hd_list
  End of reading of the rc_list
 Use SPEX cooling curve for solar metallicity above 10^4 K. 
 At lower temperatures,use Dalgarno & McCray (1972), 
 with a pre-set ionization fraction of 10^-3. 
 as described by Schure et al. (2009). 
  End of reading of the hd_list
  End of reading of the hd_list
  End of reading of the rc_list
  End of reading of the rc_list
  End of reading of the usr_list
  End of reading of the hd_list
  End of reading of the rc_list
 Reading Shang06c.par
 End par file read
 
 Output type | dtsave    | ditsave | itsave(1) | tsave(1)
         log | 0.105E+00 | ******  |      0    | *********
      normal | 0.105E+01 | ******  |      0    | *********
       slice | ********* | ******  | ******    | *********
   collapsed | ********* | ******  | ******    | *********
    analysis | ********* | ******  | ******    | *********
 
                 typelimited: predictor                                                                                                                          
         Domain size (cells): 256 160 
                Level one dx: 0.418E+01 0.418E+01 
           Refine estimation: Lohner's scheme
                   slicenext: 0
                collapsenext: 0
           restart_from_file:  undefined
                  converting: F

  End of reading of the usr_list
  End of reading of the hd_list
  End of reading of the rc_list
 1)the jet radius =    747000000000000.     
 2)the jet radius =    761718750000000.     
 1)the jet radius =    747000000000000.     
 2)the jet radius =    761718750000000.     
 1)the jet radius =    747000000000000.     
 2)the jet radius =    761718750000000.     
 1)the jet radius =    747000000000000.     
 2)the jet radius =    761718750000000.     
 1)the jet radius =    747000000000000.     
 2)the jet radius =    761718750000000.     
 1)the jet radius =    747000000000000.     
 2)the jet radius =    761718750000000.     
 1)the jet radius =    747000000000000.     
 2)the jet radius =    761718750000000.     
 1)the jet radius =    747000000000000.     
 2)the jet radius =    761718750000000.     
 1)the jet radius =    747000000000000.     
 2)the jet radius =    761718750000000.     
 the ism temperature =    100.000000000000     
 ism density  1.600000000000000E-018
 ism nH   683272.906387098     
 1)the jet radius =    747000000000000.     
 2)the jet radius =    761718750000000.     
 the jet temperature =    100.000000000000     
 jet density  3.582755846334000E-018
 jet ndensity   1530000.00000000     
 the jet mflux =   6.535127618026069E+019
 3)the jet radius =    761718750000000.     
 3)the jet inner radius =   -19531250000000.0     
 the jet Surface =   1.824050507017674E+030
 phys_config%He_abundance  0.100000000000000     
 in mod_obj_usr_unit.t usr_physical_unit_fillphysunit subroutine: 
 ism density  2.341670487800000E-030
 ism ndensity  1.000000000000000E-006
 ism pressure  5.822995576026895E-019
 ism temperature   2567.22208410676     
 1)the jet radius =    747000000000000.     
 2)the jet radius =    761718750000000.     
 1)the jet radius =    747000000000000.     
 2)the jet radius =    761718750000000.     
 1)the jet radius =    747000000000000.     
 2)the jet radius =    761718750000000.     
 1)the jet radius =    747000000000000.     
 2)the jet radius =    761718750000000.     
 1)the jet radius =    747000000000000.     
 2)the jet radius =    761718750000000.     
 1)the jet radius =    747000000000000.     
 2)the jet radius =    761718750000000.     
 1)the jet radius =    747000000000000.     
 2)the jet radius =    761718750000000.     
 1)the jet radius =    747000000000000.     
 2)the jet radius =    761718750000000.     
 1)the jet radius =    747000000000000.     
 2)the jet radius =    761718750000000.     
 1)the jet radius =    747000000000000.     
 2)the jet radius =    761718750000000.     
 1)the jet radius =    747000000000000.     
 2)the jet radius =    761718750000000.     
 1)the jet radius =    747000000000000.     
 2)the jet radius =    761718750000000.     
 1)the jet radius =    747000000000000.     
 2)the jet radius =    761718750000000.     
 1)the jet radius =    747000000000000.     
 2)the jet radius =    761718750000000.     
 1)the jet radius =    747000000000000.     
 2)the jet radius =    761718750000000.     
 1)the jet radius =    747000000000000.     
 2)the jet radius =    761718750000000.     
 1)the jet radius =    747000000000000.     
 2)the jet radius =    761718750000000.     
 1)the jet radius =    747000000000000.     
 2)the jet radius =    761718750000000.     
 1)the jet radius =    747000000000000.     
 2)the jet radius =    761718750000000.     
 1)the jet radius =    747000000000000.     
 2)the jet radius =    761718750000000.     
 1)the jet radius =    747000000000000.     
 2)the jet radius =    761718750000000.     
 1)the jet radius =    747000000000000.     
 2)the jet radius =    761718750000000.     
 1)the jet radius =    747000000000000.     
 2)the jet radius =    761718750000000.     
 1)the jet radius =    747000000000000.     
 2)the jet radius =    761718750000000.     
 1)the jet radius =    747000000000000.     
 2)the jet radius =    761718750000000.     
 1)the jet radius =    747000000000000.     
 2)the jet radius =    761718750000000.     
 1)the jet radius =    747000000000000.     
 2)the jet radius =    761718750000000.     
 1)the jet radius =    747000000000000.     
 2)the jet radius =    761718750000000.     
 1)the jet radius =    747000000000000.     
 2)the jet radius =    761718750000000.     
 1)the jet radius =    747000000000000.     
 2)the jet radius =    761718750000000.     
 1)the jet radius =    747000000000000.     
 2)the jet radius =    761718750000000.     
 1)the jet radius =    747000000000000.     
 2)the jet radius =    761718750000000.     
 1)the jet radius =    747000000000000.     
 2)the jet radius =    761718750000000.     
 1)the jet radius =    747000000000000.     
 2)the jet radius =    761718750000000.     
 Jet start :-)
 1)the jet radius =    747000000000000.     
 2)the jet radius =    761718750000000.     
 1)the jet radius =    747000000000000.     
 2)the jet radius =    761718750000000.     
 1)the jet radius =    747000000000000.     
 2)the jet radius =    761718750000000.     
 1)the jet radius =    747000000000000.     
 2)the jet radius =    761718750000000.     
 -------------------------------------------------------------------------------
 Startup phase took :             0.206 sec
 -------------------------------------------------------------------------------
 Start integrating, print status every  3.00E+01 seconds
        it        time          dt  wc-time(s)
         0   0.000E+00   8.706E-06   7.448E-04
In CGS          0 T=   0.000E+00 dT=   2.612E+03
 -------------------------------------------------------------------------------
 Saving visual data. Coordinate directions and variable names are:
          -1 R               
           0 Z               
           1 rho             rho             
           2 v1              v1              
           3 v2              v2              
           4 v3              v3              
           5 p               p               
           6 tracer_ism      tracer_ism      
           7 tracer_jet      tracer_jet      
           8 mup             mup             
           9 L1              L1              
          10 dtcool1         dtcool1         
          11 mach_number     mach_number     
          12 temperature     temperature     
          13 level           level           
          14 number density  number density  
 time =  0.000000000000000E+000
 -------------------------------------------------------------------------------
       560   1.055E+00   3.063E-03   3.394E+01
In CGS        560 T=   3.165E+08 dT=   9.190E+05
      1069   2.856E+00   3.997E-03   6.398E+01
In CGS       1069 T=   8.569E+08 dT=   1.199E+06
      1490   4.556E+00   4.074E-03   9.400E+01
In CGS       1490 T=   1.367E+09 dT=   1.222E+06
      1946   6.315E+00   3.807E-03   1.270E+02
In CGS       1946 T=   1.895E+09 dT=   1.142E+06
      2396   7.966E+00   3.667E-03   1.571E+02
In CGS       2396 T=   2.390E+09 dT=   1.100E+06
      2820   9.471E+00   3.577E-03   1.917E+02
In CGS       2820 T=   2.841E+09 dT=   1.073E+06
      3223   1.088E+01   3.529E-03   2.218E+02
In CGS       3223 T=   3.265E+09 dT=   1.059E+06
      3602   1.220E+01   3.502E-03   2.518E+02
In CGS       3602 T=   3.661E+09 dT=   1.050E+06
      3958   1.341E+01   3.449E-03   2.818E+02
In CGS       3958 T=   4.023E+09 dT=   1.035E+06
      4291   1.454E+01   3.403E-03   3.119E+02
In CGS       4291 T=   4.362E+09 dT=   1.021E+06
      4604   1.558E+01   3.371E-03   3.419E+02
In CGS       4604 T=   4.674E+09 dT=   1.011E+06
      4899   1.655E+01   3.357E-03   3.719E+02
In CGS       4899 T=   4.965E+09 dT=   1.007E+06
      5174   1.745E+01   3.350E-03   4.020E+02
In CGS       5174 T=   5.236E+09 dT=   1.005E+06
      5434   1.831E+01   3.356E-03   4.321E+02
In CGS       5434 T=   5.492E+09 dT=   1.007E+06
      5681   1.912E+01   3.315E-03   4.622E+02
In CGS       5681 T=   5.736E+09 dT=   9.945E+05
      5949   1.999E+01   3.272E-03   4.956E+02
In CGS       5949 T=   5.997E+09 dT=   9.817E+05
      6267   2.100E+01   3.240E-03   5.257E+02
In CGS       6267 T=   6.301E+09 dT=   9.721E+05
      6472   2.166E+01   3.228E-03   5.557E+02
In CGS       6472 T=   6.497E+09 dT=   9.683E+05
      6666   2.232E+01   4.323E-03   5.857E+02
In CGS       6666 T=   6.697E+09 dT=   1.297E+06
      6850   2.315E+01   4.737E-03   6.158E+02
In CGS       6850 T=   6.944E+09 dT=   1.421E+06
      7065   2.420E+01   5.297E-03   6.500E+02
In CGS       7065 T=   7.260E+09 dT=   1.589E+06
      7259   2.525E+01   5.638E-03   6.832E+02
In CGS       7259 T=   7.576E+09 dT=   1.692E+06
      7441   2.630E+01   6.789E-03   7.163E+02
In CGS       7441 T=   7.891E+09 dT=   2.037E+06
      7593   2.736E+01   7.378E-03   7.464E+02
In CGS       7593 T=   8.207E+09 dT=   2.213E+06
      7741   2.841E+01   7.537E-03   7.771E+02
In CGS       7741 T=   8.523E+09 dT=   2.261E+06
      7883   2.948E+01   7.697E-03   8.072E+02
In CGS       7883 T=   8.843E+09 dT=   2.309E+06
      8021   3.051E+01   7.790E-03   8.412E+02
In CGS       8021 T=   9.154E+09 dT=   2.337E+06
      8161   3.156E+01   6.534E-03   8.755E+02
In CGS       8161 T=   9.469E+09 dT=   1.960E+06
      8332   3.262E+01   6.525E-03   9.135E+02
In CGS       8332 T=   9.785E+09 dT=   1.958E+06
      8494   3.367E+01   6.746E-03   9.483E+02
In CGS       8494 T=   1.010E+10 dT=   2.024E+06
      8654   3.472E+01   6.980E-03   9.831E+02
In CGS       8654 T=   1.042E+10 dT=   2.094E+06
      8806   3.577E+01   7.164E-03   1.017E+03
In CGS       8806 T=   1.073E+10 dT=   2.149E+06
      8956   3.682E+01   7.398E-03   1.052E+03
In CGS       8956 T=   1.105E+10 dT=   2.220E+06
      9106   3.788E+01   7.481E-03   1.088E+03
In CGS       9106 T=   1.136E+10 dT=   2.244E+06
      9250   3.893E+01   7.577E-03   1.123E+03
In CGS       9250 T=   1.168E+10 dT=   2.273E+06
      9390   3.998E+01   7.683E-03   1.158E+03
In CGS       9390 T=   1.199E+10 dT=   2.305E+06
      9530   4.103E+01   7.781E-03   1.193E+03
In CGS       9530 T=   1.231E+10 dT=   2.334E+06
      9670   4.208E+01   6.534E-03   1.229E+03
In CGS       9670 T=   1.262E+10 dT=   1.960E+06
      9841   4.314E+01   6.528E-03   1.269E+03
In CGS       9841 T=   1.294E+10 dT=   1.958E+06
     10003   4.419E+01   6.801E-03   1.309E+03
In CGS      10003 T=   1.326E+10 dT=   2.040E+06
     10163   4.524E+01   6.967E-03   1.348E+03
In CGS      10163 T=   1.357E+10 dT=   2.090E+06
     10314   4.629E+01   7.128E-03   1.387E+03
In CGS      10314 T=   1.389E+10 dT=   2.138E+06
     10464   4.734E+01   7.351E-03   1.426E+03
In CGS      10464 T=   1.420E+10 dT=   2.205E+06
     10614   4.840E+01   7.466E-03   1.465E+03
In CGS      10614 T=   1.452E+10 dT=   2.240E+06
     10757   4.945E+01   7.602E-03   1.503E+03
In CGS      10757 T=   1.483E+10 dT=   2.280E+06
     10897   5.050E+01   7.730E-03   1.541E+03
In CGS      10897 T=   1.515E+10 dT=   2.319E+06
     11037   5.155E+01   7.804E-03   1.580E+03
In CGS      11037 T=   1.547E+10 dT=   2.341E+06
     11177   5.260E+01   6.534E-03   1.618E+03
In CGS      11177 T=   1.578E+10 dT=   1.960E+06
     11348   5.365E+01   6.554E-03   1.662E+03
In CGS      11348 T=   1.610E+10 dT=   1.966E+06
     11511   5.471E+01   6.753E-03   1.705E+03
In CGS      11511 T=   1.641E+10 dT=   2.026E+06
     11671   5.576E+01   6.908E-03   1.748E+03
In CGS      11671 T=   1.673E+10 dT=   2.072E+06
     11822   5.681E+01   7.221E-03   1.790E+03
In CGS      11822 T=   1.704E+10 dT=   2.166E+06
     11972   5.786E+01   7.362E-03   1.832E+03
In CGS      11972 T=   1.736E+10 dT=   2.209E+06
     12122   5.891E+01   7.454E-03   1.874E+03
In CGS      12122 T=   1.767E+10 dT=   2.236E+06
     12269   5.997E+01   7.536E-03   1.918E+03
In CGS      12269 T=   1.799E+10 dT=   2.261E+06
     12409   6.102E+01   7.672E-03   1.960E+03
In CGS      12409 T=   1.831E+10 dT=   2.302E+06
     12549   6.207E+01   7.786E-03   2.002E+03
In CGS      12549 T=   1.862E+10 dT=   2.336E+06
     12689   6.312E+01   6.534E-03   2.044E+03
In CGS      12689 T=   1.894E+10 dT=   1.960E+06
     12860   6.417E+01   6.523E-03   2.092E+03
In CGS      12860 T=   1.925E+10 dT=   1.957E+06
     13022   6.523E+01   6.751E-03   2.138E+03
In CGS      13022 T=   1.957E+10 dT=   2.025E+06
     13182   6.628E+01   6.904E-03   2.185E+03
In CGS      13182 T=   1.988E+10 dT=   2.071E+06
     13335   6.733E+01   7.150E-03   2.230E+03
In CGS      13335 T=   2.020E+10 dT=   2.145E+06
     13485   6.838E+01   7.354E-03   2.276E+03
In CGS      13485 T=   2.051E+10 dT=   2.206E+06
     13635   6.943E+01   7.504E-03   2.321E+03
In CGS      13635 T=   2.083E+10 dT=   2.251E+06
     13776   7.049E+01   7.592E-03   2.365E+03
In CGS      13776 T=   2.115E+10 dT=   2.277E+06
     13916   7.154E+01   7.716E-03   2.408E+03
In CGS      13916 T=   2.146E+10 dT=   2.315E+06
     14056   7.259E+01   7.793E-03   2.452E+03
In CGS      14056 T=   2.178E+10 dT=   2.338E+06
     14196   7.364E+01   6.534E-03   2.495E+03
In CGS      14196 T=   2.209E+10 dT=   1.960E+06
     14366   7.469E+01   6.531E-03   2.525E+03
In CGS      14366 T=   2.241E+10 dT=   1.959E+06
     14425   7.506E+01   6.561E-03   2.555E+03
In CGS      14425 T=   2.252E+10 dT=   1.968E+06
     14529   7.574E+01   6.764E-03   2.593E+03
In CGS      14529 T=   2.272E+10 dT=   2.029E+06
     14689   7.680E+01   6.903E-03   2.641E+03
In CGS      14689 T=   2.304E+10 dT=   2.071E+06
     14841   7.785E+01   7.201E-03   2.687E+03
In CGS      14841 T=   2.335E+10 dT=   2.160E+06
     14991   7.890E+01   7.331E-03   2.734E+03
In CGS      14991 T=   2.367E+10 dT=   2.199E+06
     15141   7.995E+01   7.476E-03   2.780E+03
In CGS      15141 T=   2.399E+10 dT=   2.243E+06
     15288   8.101E+01   7.579E-03   2.826E+03
In CGS      15288 T=   2.430E+10 dT=   2.274E+06
     15428   8.206E+01   7.690E-03   2.872E+03
In CGS      15428 T=   2.462E+10 dT=   2.307E+06
     15568   8.311E+01   7.782E-03   2.918E+03
In CGS      15568 T=   2.493E+10 dT=   2.334E+06
     15708   8.416E+01   6.534E-03   2.965E+03
In CGS      15708 T=   2.525E+10 dT=   1.960E+06
     15874   8.519E+01   6.505E-03   2.995E+03
In CGS      15874 T=   2.556E+10 dT=   1.952E+06
     15929   8.553E+01   6.599E-03   3.025E+03
In CGS      15929 T=   2.566E+10 dT=   1.980E+06
     16041   8.626E+01   6.743E-03   3.066E+03
In CGS      16041 T=   2.588E+10 dT=   2.023E+06
     16201   8.732E+01   6.911E-03   3.116E+03
In CGS      16201 T=   2.619E+10 dT=   2.073E+06
     16353   8.837E+01   7.219E-03   3.164E+03
In CGS      16353 T=   2.651E+10 dT=   2.166E+06
     16503   8.942E+01   7.371E-03   3.213E+03
In CGS      16503 T=   2.683E+10 dT=   2.211E+06
     16653   9.047E+01   7.495E-03   3.261E+03
In CGS      16653 T=   2.714E+10 dT=   2.248E+06
     16795   9.152E+01   7.580E-03   3.309E+03
In CGS      16795 T=   2.746E+10 dT=   2.274E+06
     16935   9.258E+01   7.706E-03   3.356E+03
In CGS      16935 T=   2.777E+10 dT=   2.312E+06
     17075   9.363E+01   7.787E-03   3.403E+03
In CGS      17075 T=   2.809E+10 dT=   2.336E+06
     17215   9.468E+01   6.534E-03   3.450E+03
In CGS      17215 T=   2.840E+10 dT=   1.960E+06
     17377   9.568E+01   6.530E-03   3.480E+03
In CGS      17377 T=   2.870E+10 dT=   1.959E+06
     17425   9.597E+01   6.536E-03   3.510E+03
In CGS      17425 T=   2.879E+10 dT=   1.961E+06
     17549   9.678E+01   6.754E-03   3.555E+03
In CGS      17549 T=   2.904E+10 dT=   2.026E+06
     17709   9.784E+01   6.980E-03   3.606E+03
In CGS      17709 T=   2.935E+10 dT=   2.094E+06
     17861   9.889E+01   7.150E-03   3.656E+03
In CGS      17861 T=   2.967E+10 dT=   2.145E+06
     18011   9.994E+01   7.351E-03   3.705E+03
In CGS      18011 T=   2.998E+10 dT=   2.205E+06
     18161   1.010E+02   7.471E-03   3.755E+03
In CGS      18161 T=   3.030E+10 dT=   2.241E+06
     18303   1.020E+02   7.618E-03   3.804E+03
In CGS      18303 T=   3.061E+10 dT=   2.285E+06
     18443   1.031E+02   7.707E-03   3.853E+03
In CGS      18443 T=   3.093E+10 dT=   2.312E+06
     18583   1.041E+02   7.789E-03   3.901E+03
In CGS      18583 T=   3.124E+10 dT=   2.337E+06
 Total timeloop took        :     3949.465 sec
 Time spent on Regrid+Update:      536.131 sec
                  Percentage:        13.57 %
 Time spent on IO in loop   :     1543.522 sec
                  Percentage:        39.08 %
 Time spent on BC           :      393.621 sec
                  Percentage:         9.97 %
 Time spent on run          :     2405.943 sec
 Cells_updated / cpu / sec  :    1.627E+05
 Total time spent on IO     :     1543.523 sec
 Total timeintegration took :     3949.465 sec
 -------------------------------------------------------------------------------
 Finished AMRVAC in :          3949.672 sec
 -------------------------------------------------------------------------------
