mkdir: cannot create directory ‘Shang06d’: File exists
1756101
tycho66
/scratch/mrabenanahary/run.1756101.tycho66
::::::::::::::
Shang06d.par
::::::::::::::
!==============================================================
! Project : YSO JET MIALY
! Aim     :
! Results :
! Method  : Use cartesian coordinate
!
! Update  : 22/11/2019
! configuration :
! Openmpi/gfortran or intel or ....
! $AMRVAC_DIR/setup.pl -d=2 -phys=hd -arch=default
! with intel
! $AMRVAC_DIR/setup.pl -d=2 -phys=hd -arch=intel
!==============================================================

 &filelist
        base_filename='Output/Shang06d/Jet_Shang06_'
        saveprim=.true.
        autoconvert=.true.
        convert_type='vtuBCCmpi'
        nwauxio = 4
        /
        convert = .true.


        restart_from_file='Output/Shang06/Jet_Shang06_0040.dat'
        snapshotnext =0326
/




/
        nwauxio=10




/


 &savelist
        itsave(1,1)=0
        itsave(1,2)=0
        dtsave_log=3.1557600d7   ! 1 year 3.1557600d6 = 0.1 yr
	!ditsave_log =50
        dtsave_dat=  3.1557600d8! 1 yr!6.31152d8!20 yrs !1.57788000d9!50 yrs !3.1557600d9! 1 yrdensitys  1.57788000d8!5 yrs !3.1557600d7   ! 100 year; 3.1557600d7 = 1 yr
        !ditsave_dat =1
 /

        ditsave_log = 1
        ditsave_dat =1
        dtsave_dat =21.08

 &stoplist

        dtmin=1.0d-13
        !time_max= 99d15 ! years
        time_max=  3.15576d10 ! 1000 yrs 1.26e10! 400 yrs !3.786912d10! 1200 yrs ! 1.90607904d10!604 yrs ! 1.893456d10!600 yrs ! 3.15576d10! 1000yrs!6.31152d10! 2000 yrs ! 3.15576d11! 10000yrs ! 1.262304d10!400yrs!3.15576d9!3.15576d10! 1000yrs  !1.893456e11!600yrs!!9.46728d9!300yrs!6.311520000d9!7.8894d9!9.46728d9!7.8894d9 ! in s from years : 7.8894d9 = 250 yrs
        !it_max=10


/
  reset_it=.true.

          it_init=0






 &methodlist
        time_integrator          =  'twostep'
        typepred1                =  20*'tvdlf'!>>HH4647 !'hllcd'!si vraiment ça ne marche pas, essayer :! 'hll'! si au bord persiste des problemes, essayer : ! 'tvdlf'
        flux_scheme              =  20*'tvdlf'!,18*'tvdlf'!>>HH4647 !'hllcd'!si vraiment ça ne marche pas, essayer :! 'hll'! si au bord persiste des problemes, essayer : ! 'tvdlf'
        limiter                  =  20*'minmod'!>>HH4647 !'koren'!'cada3'
        small_pressure           = 1.0d-9
        small_density            = 1.0d-8
        small_values_method      =  'average'
        small_values_daverage    = 8

        check_small_values       = .true.
        small_values_force_floor = .true.
        loglimit(1) = .false.


 /
         loglimit(4) = .true.
         loglimit(1)            = .true.
         loglimit(5)            = .true.
         loglimit(6)            = .true.
         loglimit(7)            = .true.
        tvdlfeps=0.5d0

 &boundlist
        internalboundary  = .true.
        nghostcells       = 4
        typeboundary_min1 =  'symm','asymm','symm','asymm','symm',2*'symm'!, ! C.L. gauche <=> rmin
        typeboundary_max1 =  7*'cont'                                    ! C.L. droite <=> rmax
        typeboundary_min2 =  'symm','asymm','symm','symm','symm',2*'symm'                                     ! C.L. inférieure <=> zmin
        typeboundary_max2 =  7*'cont'                                        ! C.L. supérieure <=> zmax                                      ! C.L. supérieure <=> zmax

/
        typeboundary_max3 = 8*'cont'                                         ! C.L. arrière <=> phi/profondeur max
        typeboundary_min3 = 8*'cont'                                         ! C.L. avant <=> phi/profondeur min
 /

 &meshlist
        ! grid at level 1
        xprobmin1 =  0.0d0    ! cm
        xprobmax1 =  1.6d17 ! cm 2.5d16!1.25d16 !>>HH4647 !4.0d16 !2.0d16   ! cm
        xprobmin2 =  0.0d0    ! cm
        xprobmax2 =  1.00d17!>>HH4647 !1.0d17 !2.0d17    ! cm

        ! total cell at level 1
        domain_nx1= 256!40!>>HH4647 !64!32!
        domain_nx2= 160!>>HH4647 !160!320!
        ! number of cell by block
        block_nx1 = 8!8!
        block_nx2 = 8!8!

        ! AMR configuration
        refine_criterion=3
        refine_max_level=4 !>>HH4647 !
        refine_threshold=20*0.05d0
        derefine_ratio=20*0.05d0
      !  w_refine_weight(1)=0.25d0
      !  w_refine_weight(2)=0.25d0
      !  w_refine_weight(3)=0.25d0
        w_refine_weight(1)=1.0d0

        max_blocks = 20000
        ! can be added when is needed
        prolongprimitive= .true.
        coarsenprimitive= .true.
        /







 /
        stretched_grid    = .true.
        stretched_dim(1)  = .true.
        stretched_dim(2)  = .true.
        itfixgrid =0

 &paramlist
        typecourant         = 'maxsum'
        courantpar          = 0.8d0
        slowsteps           = 1500
        small_getdt_average = .true.
        small_dt_coef       = 1.0d-6
 /

  &hd_list
         hd_energy            = .true. !>>HH4647 !
         hd_gamma             = 1.666666667 !>>HH4647 ! hd_temperature_isotherm = 100
         SI_unit              = .false.  ! use cgs

         He_abundance         = 0.1d0                     !

         hd_dust              = .false.   ! dust off
         hd_radiative_cooling = .true. !>>HH4647 .false.!.true.    ! cooling on
         hd_chemical          = .false.   ! use chemical
         hd_n_tracer          = 2
         hd_mean_mup_on       = .true. !>>HH4647 .true.
   /



 !'MLcosmol' : 'Use Mellema & Lundqvist (2002) cooling curve for zero metallicity '
 !'SPEX_DM'  : 'Use SPEX cooling curve for solar metallicity above 10^4 K. At lower temperatures,use Dalgarno & McCray (1972), with a pre-set ionization fraction of 10^-3 as described by Schure et al. (2009). '
   &rc_list
         ncool            = 4000
         coolcurve        = 'SPEX_DM'!'MLcosmol' !
         coolmethod       = 'exact'
         cfrac            = 1.d0
         Tfix             = .false.
         tlow             = 110 !>>HH4647
         coolsaveL        = .true.
         coolsavedT       = .true.
   /


 &dust_list
     dust_n_species           = 2
     dust_min_rho             = 1.0d-10
     gas_mu                   = 1.0d0
     dust_method              = 'Kwok'
     dust_small_to_zero       = .true.
     dust_temperature         = 1.0d0
     dust_temperature_type    = 'silicate'
     dust_source_split        = .false.
     dust_it_diff             = 50000
   /





 &usr_list
        usrconfig%ism_on              = .true.                      !> set ism
        usrconfig%cloud_on            = .false.                      !> set cloud
        usrconfig%cloud_structure     = 2                           !> cloud structure type
        usrconfig%jet_yso_on          = .true. !>>HH4647.false.!.false.!.false.!                      !> set a jet
        usrconfig%physunit_on         = .true.                      !> set the normalisation in use
        usrconfig%reset_medium        = .true.                      !> set on the reset
        usrconfig%coordinate_system   = 'cylindrical_2.5D'            !> geometry in use in 2D
        usrconfig%phys_inuse          = 'hd' !'mhd' ! set physique want to be used

        usrconfig%phys_isotherm_on              = .false.!>>HH4647.true. ! use isotherme
        !usrconfig%phys_temperature_isotherm     = 100 ! Le 2001

        usrconfig%reset_flux_scheme_on          = .true.
        usrconfig%reset_flux_scheme_diffuse     = 'tvdlf'
        usrconfig%reset_flux_scheme_thresholdL1 = 1.0d-6


 /




&usr_physical_unit_list
 phys_unit%unit                  = 'cgs'
 phys_unit%length                = 1.496d14                 ! cm (1 parsec) : par defaut = 1.496d14
 phys_unit%time                  = 3d8                      ! s (2 year) : par defaut = 3d10
 phys_unit%number_density        = 1.0d-6 !>>HH4647                      ! cm^-3 : par defaut = 1.0d8 (1.0d5 pour un milieu ambiant tres peu dense, e.g. a 100cm-3)                      ! cm^-3 : par defaut = 1.0d8 (1.0d5 pour un milieu ambiant tres peu dense, e.g. a 100cm-3)
 phys_unit%chemical_He_abundance = 0.1d0
/

!11/12/19 : pour ISM et le projet n°1 de Sylvie Cabrit sur son article de 1997, les paramètres ci-dessous pour l'ISM ont été testés
!et fixées aux valeurs recommandées et correspondant le mieux à la simulation de l'article
 &usr_ism_list
  ism_config%unit               ='cgs'
  ism_config%density            = 1.6d-18         !Li & Shu et 1996b ism density if it set to 0 it will use number_density
  ism_config%number_density     = 0.0d0  !>>HH4647  !2.95d9    !1.0d2     !4.44d6     ! Zheng19 = 2.95d9 cm-3 ! ism number density (1/cm^3) ) of protons n_H = facteur rho_j (e.g. = 100 cm-3) physique dans l'expression du profil de densité rho_c du milieu ambiant
                                            ! and w(ixO^S,phys_ind%rho_)        =  self%myconfig%density = = self%myconfig%number_density*mp = rho_h the mass density of protons
                                            ! si tu l'augmentes e.g. a number_density=1.0d3,
                                            !la valeur rho_c=rho_j de densité au niveau de la frontière inférieure ISM augmente d'un facteur 10
  ism_config%velocity(1)        = 0.0       ! ism  speed components (cm/s) R/X : 0.0 = milieu statique
  ism_config%velocity(2)        = 0.0!5.d8     ! ism  speed components (cm/s) Z : 0.0 = milieu statique
  ism_config%velocity(3)        = 0.0       ! ism  speed components (cm/s)  Y : 0.0 = milieu statique
  ism_config%Mach_number_tomov_obj= 0.0       ! ism  speed components (cm/s)  Y : 0.0 = milieu statique
  ism_config%temperature        = 100.0d0  !>>HH4647   ! Zheng19 = 50 K ! ism temperature (K) : influence la valeur de pression et de force de gravité contrebalaçant mais pas le gradient de pression
  ism_config%pressure           = 0.0d0     !1.3806485199999997d-12! ism pressure if is set to 0 it will use temperature : äraview trouve a T=100 K et rho_j=100 cm-3 >>> p_j = 2.71055e-12 Ba
  ism_config%tracer_on          = .true.    ! ism tracer
  ism_config%tracer_init_density= 1.0d3     ! ism tracer density

  ism_config%reset_on           = .true.    ! ism reset
  ism_config%reset_coef         = 0.8! 0.0     ! ism reset  coefficient
  ism_config%reset_dtemperature = 1.0d-2    !> set the pressure variation
  ism_config%reset_distance(2)  =  1.01d18  ! ism rest distance
  ism_config%reset_scale(2)     =  5d16     ! ism reset scalling distance

  ism_config%boundary_cond(2,2) = 'open'
  ism_config%boundary_on        = .true.

ism_config%profile_typeaxial  = 'spherical'!'projection_direction'
ism_config%profile_idir       = 0.0,1.0,0.0       !z=2,r=1  !  ism profile direction

ism_config%profile_center     = 0,0,0

ism_config%profile_density_on = .true. ! Zheng=True ! .false. ! .true. ! ISM set density profile
ism_config%profile_pressure_on= .true. ! Zheng=True ! .false. !.true.

ism_config%profile_density    = 'Lee2001'!>>HH4647'cabrit1997' ! Zheng19 = 'cabrit1997' !ISM density profile
ism_config%profile_force_on   = .true. ! Zheng=True  !.true.!.false.!.true. ! .false. ! ISM set force profile
ism_config%profile_force_gradP_on = .true.

ism_config%profile_zc    = 7.0d16!4.49d14 ! 1.0d16 !4.49d14 ! Zheng19 = 30 au = 4.49d14 cm :  grandeur de normalisation dans le profil de pression/densite (en cm)
ism_config%profile_rw    = 2.5d15 !> ISM reference radius for Lee 2001 profile (in cm)
ism_config%profile_kappa    = 2.0d0 ! Zheng19 = 2 ! indice kappa pour la loi de densité et de pression : 'cabrit1997' <=> kappa=2
ism_config%profile_shiftstart = 0.00d0 !>>HH4647 3.33d14 ! 3.33d14 ! 1.0d15 ! the distance from which the ISM profile is set

ism_config%chemical_gas_type = 'fullyatomic'!>>HH4647'fullymolecular'
ism_config%He_abundance      = 0.1
/

&usr_usrboundary_ism_list
  usrboundary_config%boundary_type(2,2) = 'open'
  usrboundary_config%useprimitive       = .false.
  usrboundary_config%flux_frac          = 1.0d-2
/

!11/12/19 : pour le jet et le projet n°1 de Sylvie Cabrit sur son article de 1997, les paramètres ci-dessous pour le jet ont été testés
!et fixées aux valeurs recommandées et correspondant le mieux à la simulation de l'article
&usr_cla_jet_list
    cla_jet_config%unit                  =  'cgs' !> physical unit at parameter file
    cla_jet_config%time_cla_jet_on       =  0.0d0 !> initial time the cla_jet is set in the simulation box

    cla_jet_config%myindice              =  0       !> cla_jet associated indice
    cla_jet_config%density               =  0.0d0 !> cla_jet density  (g/cm^3) densite totale en particules H+H^++H2+He

    cla_jet_config%number_density        =  1.53d6 !7.6d5 !1.0d5 !7.65e5  ! = ntot = nH * 1.4 : densite en H+H^++H2+He,
                                            ! et où nH = densite retournee par Paraview est la densite en H+H^++H2
                                            ! Zhang19 = 0.3-5 e-7 Msun/yr >>> n0= 42864.27- 1.072d6 cm-3 on impose le flux de masse 1.0d5 !> cla_jet number density (1/cm^3)  Reference  Whittle, J. D. Silverman, et al. 2004 : on doit désactiver le flux de masse pour pouvoir utiliser cette densité
    cla_jet_config%temperature           =  100.0d0  !>>HH4647 !> cla_jet temperature  (K)
    cla_jet_config%pressure              =  0.0d0   !> cla_jet pressure
    cla_jet_config%pressure_toism        =  0.0d0   !> cla_jet pressure relative to ism pressure
    cla_jet_config%magnetic(1)           =  0.0d0   !> cla_jet magnetic field components : 0.0d0 = HD
    cla_jet_config%magnetic(2)           =  0.0d0   !> cla_jet magnetic field components : 0.0d0 = HD
    cla_jet_config%magnetic(3)           =  0.0d0   !> cla_jet magnetic field components : 0.0d0 = HD
    cla_jet_config%xisigma               =  0.0d0   !> cla_jet magnetisation : 0.0d0 = HD
    cla_jet_config%magn_anglePHItoPol    =  0.0d0   !> cla_jet magnetisation field incl : 0.0d0 = HD

    cla_jet_config%Mach_number           =  0.0!250.0d0   !> cla_jet  Mach number : Par défaut : Ma = 20
    cla_jet_config%c_sound               =  0.0d0   !> cla_jet  sound speed (cm/s)
    cla_jet_config%velocity(1)           =  0.0d0   !> cla_jet  velocity (radial speed)(cm/s)
    cla_jet_config%velocity(2)           =  1.0d7 !>>HH46471.5d7 !0.0d0 !1.0d7   !1.0d7!> cla_jet  velocity (longitudinal speed)(cm/s) ! Reference  Whittle, J. D. Silverman, et al. 2004 ! Projet n°1 de Sylvie (Cabrit et Raga 1997) => Vjet = 150 km/s = 1.5d7 cm/s (sans tenir compte de la variabilité temporelle du jet) !cla_jet_config%velocity_poloidal     =  0.0d0 !1.0d7 ! Zhang19 = 100 km/s
    cla_jet_config%velocity(3)           =  0.0d0   !> cla_jet  velocity (rotation speed)(cm/s)
    cla_jet_config%velocity_poloidal     =  0.0d0
    cla_jet_config%power                 =  0.0d0   !> wind power flux
    cla_jet_config%mass_flux             =  0.0d0   ! 3.15e19 ! flux en H+H^++H2 1.13d21 !1.89d18 ! grammes/s>>>Zhang19 = 0.3e-7 Msun/yr  0.0!9.8525563d16!1.9705112501213315d17!1.3136741667475542d17!!   !> wind mass flux : cabrit1997 = 1.3136741d17 à Vjet = 100 km/s et 1.9705111e+17 à Vjet = 150 km/s (Vjet = 150 km/s ne marche qu a basse resolution de maillage)
                                            ! c'est par l'imposition de cla_jet_config%mass_flux et de cla_jet_config%velocity(2) que la densité est alors imposée à l'intérieur du jet
                                            ! pour avoir :
                                            ! * Vjet = 100 km/s, R_jet = 0.5e16 cm et n_jet = 100 cm-3 >>> mass_flux = 1.3136741667475542e+17 g / s
                                            ! * Vjet = 150 km/s, R_jet = 0.5e16 cm et n_jet = 100 cm-3 >>> mass_flux = 1.9705112501213315e+17 g / s
                                            ! * Vjet = 150 km/s, R_jet = 0.5e16 cm et n_jet = 50 cm-3 >>> mass_flux = 9.8525563e+16 g / s

    cla_jet_config%open_angle            = 3.0d0 !>>HH4647 !>  cla_jet initial open angle  (degre): 0.0d0 = jet droit cylindrique
    cla_jet_config%z_in                  =  -46.275d18 !> cla_jet inner boundary position
    cla_jet_config%z_impos               =  8.22d14 !>>HH4647 !3.50d14  ! 1d15!6.52128d14!3.26128d15!1.495978707d13!1.495978707d14!> cla_jet initial jet-wind region height : 1.495978707e15 cm = 100 au
    cla_jet_config%z_out_init            =  8.30d14 !>>HH4647 !3.52d14 ! 2d15!9.52128d14!3.26128d15!1.495978707d13!1.495978707d14!0.5d15!0.5d14!> cla_jet  impose z height : 1.495978707e15 cm = 100 au
    cla_jet_config%r_out_init            =  7.47d14 !=50 UA>>HH4647 3.0d15!1.611031692203301d15!> cla_jet inner boundary wind position : zhang19 = 7.48d14 cm = 50 au
    cla_jet_config%r_out_impos           =  7.47d14 !=50 UA>>HH4647 !1.611031692203301d15!> cla_jet  impose radius : Rjet (Cabrit1997) = 0.5d16 cm; zhang19 = 7.48d14 , necessary to impose density or mass flux on the inner boundary

    cla_jet_config%r_in_init             =  0.0 !-7.48d14 !> cla_jet inner jet  region : position de la limite gauche du jet en coordonnées cylindriques : à tenir compte dans le calcul de la surface d'éjection du jet et donc du calcul du flux de masse ejectée

    cla_jet_config%tracer_on             =  .true. !> cla_jet logical to set tracer
    cla_jet_config%tracer_init_density   =  1.0d3  !> cla_jet tracer density
    cla_jet_config%tracer_small_density  =  1.0d1    !> cla_jet tracer small density
    cla_jet_config%shape                 =  'cartesian'  !> cla_jet shape
    cla_jet_config%profile               =  'none'  !> cla_jet profile


    cla_jet_config%variation_on          =  .true. ! Zhang19 .false. !.true.! to set on  or off the jet-injection in-real-time velocity variability
    cla_jet_config%variation_start_time  =  0.0d0 !3d7 ! time (in s in cgs) at which to begin the time variability : 0.0 to begin at the start of the simulation
    cla_jet_config%variation_end_time    =  4d15
    cla_jet_config%variation_velocity_amplitude =  5.0d6 !>>HH4647 ! 5d6 cm/s = 50 km/s
    cla_jet_config%variation_velocity_poloidal =  5.0d6 !>>HH4647
    cla_jet_config%variation_velocity(1) =  0.0!1.0d7
    cla_jet_config%variation_velocity(2) =  5.0d6 !>>HH4647 ! 5d6 cm/s = 50 km/s
    cla_jet_config%variation_velocity(3) =  0.0d0
    cla_jet_config%variation_time        =  3.15576d9!=100 yrs !>>HH4647 ! 1.262304d9! 40 yrs ! 1.57788d9!50 yrs ! !9.46728d9!Zheng19=300 yrs =9.46728d9 !3.15576d9!=100 yrs !3.15576d7 !=1 yr ! time length scale during which the jet velocity typically varies : 3.155760000d9 (s) = 100 yrs
    cla_jet_config%variation_position    =  0.0d0,8.22d14 ,0.0d0 !>>HH4647 !0.0d0, 1d15 ,0.0d0 !0.0d0, 1.495978707d14,0.0d0 ! = 0,10 au,0position (in 3d : if cylindrical : phi = 3, z=2, r=1) under which is set the time variability : default = 0,3d15,0
    cla_jet_config%variation_type        =  'sawtooth2' !>>HH4647 !Zheng19='sawtooth' ? (d ares Sylvie) >> vérifier avec 'sin' ! 'sin'!'sin' !'door'! type of the velocity variation induced in the velocity profile, see subroutine usr_mat_profile_scalar in mod_obj_mat.t to see which possibilities are avalaible
    cla_jet_config%variation_phys_nvariable   = 1  ! number of physical variable with variation
    cla_jet_config%variation_phys_variable(1) =  3 ! 3 mean the velocity in Z direction

    cla_jet_config%refine_min_level      = 4
    cla_jet_config%chemical_gas_type     = 'fullyatomic' !>>HH4647



/
 ---------------------------------------------------------------------------
 ---------------------------------------------------------------------------
 |         __  __ ____ ___        _    __  __ ______     ___    ____       |
 |        |  \/  |  _ \_ _|      / \  |  \/  |  _ \ \   / / \  / ___|      |
 |        | |\/| | |_) | |_____ / _ \ | |\/| | |_) \ \ / / _ \| |          |
 |        | |  | |  __/| |_____/ ___ \| |  | |  _ < \ V / ___ \ |___       |
 |        |_|  |_|_|  |___|   /_/   \_\_|  |_|_| \_\ \_/_/   \_\____|      |
 --------------------------------------------------------------------------
 ---------------------------------------------------------------------------
  End of reading of the usr_list
  End of reading of the usr_list
  End of reading of the usr_list
  End of reading of the usr_list
  End of reading of the usr_list
 Reading usr_list
  End of reading of the usr_list
  End of reading of the usr_list
  End of reading of the usr_list
  End of reading of the usr_list
  End of reading of the usr_list
  End of reading of the usr_list
  End of reading of the usr_list
  End of reading of the usr_list
  End of reading of the usr_list
  End of reading of the usr_list
  End of reading of the usr_list
  End of reading of the usr_list
  End of reading of the usr_list
  End of reading of the usr_list
  End of reading of the usr_list
  End of reading of the usr_list
  End of reading of the usr_list
  End of reading of the usr_list
  End of reading of the usr_list
  End of reading of the usr_list
  End of reading of the usr_list
  End of reading of the usr_list
 Reading usr_physical_values_list
  End of reading of the usr_list
  End of reading of the usr_list
  End of reading of the usr_list
  End of reading of the usr_list
  End of reading of the usr_list
  End of reading of the usr_list
  End of reading of the usr_list
 Reading usr_ism_list
  End of reading of the usr_list
  End of reading of the usr_list
  End of reading of the usr_list
  End of reading of the usr_list
  End of reading of the usr_list
  End of reading of the usr_list
  End of reading of the usr_list
  End of reading of the usr_list
  End of reading of the usr_list
  End of reading of the usr_list
  End of reading of the usr_list
  End of reading of the usr_list
  End of reading of the usr_list
 End of Reading 
 usr_ismlist0                                                                  
 Reading usr_boundary_list           1 
 boundary                                                                      
  End of reading of the hd_list
  End of reading of the hd_list
  End of reading of the hd_list
 End of Reading 
 usr_boundarylist1                                                             
 Reading usr_cla_jet_list
  End of reading of the hd_list
  End of reading of the rc_list
  End of reading of the rc_list
  End of reading of the rc_list
  End of reading of the hd_list
  End of reading of the hd_list
  End of reading of the usr_list
  End of reading of the rc_list
  End of reading of the hd_list
  End of reading of the hd_list
  End of reading of the hd_list
  End of reading of the hd_list
  End of reading of the hd_list
  End of reading of the hd_list
  End of reading of the hd_list
  End of reading of the hd_list
  End of reading of the hd_list
  End of reading of the hd_list
  End of reading of the rc_list
  End of reading of the hd_list
  End of reading of the hd_list
  End of reading of the hd_list
  End of reading of the rc_list
  End of reading of the hd_list
  End of reading of the rc_list
  End of reading of the rc_list
  End of reading of the hd_list
  End of reading of the rc_list
  End of reading of the hd_list
  End of reading of the hd_list
  End of reading of the hd_list
  End of reading of the hd_list
  End of reading of the hd_list
  End of reading of the rc_list
  End of reading of the hd_list
  End of reading of the rc_list
  End of reading of the rc_list
  End of reading of the rc_list
  End of reading of the rc_list
  End of reading of the rc_list
  End of reading of the rc_list
  End of reading of the hd_list
  End of reading of the rc_list
  End of reading of the rc_list
  End of reading of the rc_list
  End of reading of the hd_list
  End of reading of the hd_list
  End of reading of the hd_list
  End of reading of the hd_list
  End of reading of the rc_list
  End of reading of the rc_list
  End of reading of the rc_list
  End of reading of the hd_list
  End of reading of the hd_list
  End of reading of the rc_list
  End of reading of the hd_list
  End of reading of the rc_list
  End of reading of the hd_list
  End of reading of the rc_list
  End of reading of the hd_list
  End of reading of the hd_list
  End of reading of the rc_list
  End of reading of the rc_list
 Use SPEX cooling curve for solar metallicity above 10^4 K. 
 At lower temperatures,use Dalgarno & McCray (1972), 
 with a pre-set ionization fraction of 10^-3. 
 as described by Schure et al. (2009). 
  End of reading of the rc_list
  End of reading of the hd_list
  End of reading of the rc_list
  End of reading of the hd_list
  End of reading of the hd_list
  End of reading of the hd_list
  End of reading of the rc_list
  End of reading of the rc_list
  End of reading of the rc_list
  End of reading of the rc_list
  End of reading of the rc_list
  End of reading of the rc_list
  End of reading of the hd_list
  End of reading of the hd_list
  End of reading of the rc_list
  End of reading of the rc_list
  End of reading of the rc_list
  End of reading of the hd_list
  End of reading of the hd_list
  End of reading of the rc_list
  End of reading of the rc_list
  End of reading of the rc_list
  End of reading of the rc_list
  End of reading of the rc_list
  End of reading of the rc_list
  End of reading of the rc_list
  End of reading of the rc_list
  End of reading of the hd_list
  End of reading of the rc_list
 Reading Shang06d.par
 End par file read
 
 Output type | dtsave    | ditsave | itsave(1) | tsave(1)
         log | 0.105E+00 | ******  |      0    | *********
      normal | 0.105E+01 | ******  |      0    | *********
       slice | ********* | ******  | ******    | *********
   collapsed | ********* | ******  | ******    | *********
    analysis | ********* | ******  | ******    | *********
 
                 typelimited: predictor                                                                                                                          
         Domain size (cells): 256 160 
                Level one dx: 0.418E+01 0.418E+01 
           Refine estimation: Lohner's scheme
                   slicenext: 0
                collapsenext: 0
           restart_from_file:  undefined
                  converting: F

  End of reading of the hd_list
  End of reading of the rc_list
 1)the jet radius =    747000000000000.     
 2)the jet radius =    820312500000000.     
 1)the jet radius =    747000000000000.     
 2)the jet radius =    820312500000000.     
 1)the jet radius =    747000000000000.     
 2)the jet radius =    820312500000000.     
 1)the jet radius =    747000000000000.     
 2)the jet radius =    820312500000000.     
 1)the jet radius =    747000000000000.     
 2)the jet radius =    820312500000000.     
 1)the jet radius =    747000000000000.     
 2)the jet radius =    820312500000000.     
 1)the jet radius =    747000000000000.     
 2)the jet radius =    820312500000000.     
 1)the jet radius =    747000000000000.     
 2)the jet radius =    820312500000000.     
 1)the jet radius =    747000000000000.     
 2)the jet radius =    820312500000000.     
 1)the jet radius =    747000000000000.     
 2)the jet radius =    820312500000000.     
 1)the jet radius =    747000000000000.     
 2)the jet radius =    820312500000000.     
 1)the jet radius =    747000000000000.     
 2)the jet radius =    820312500000000.     
 1)the jet radius =    747000000000000.     
 2)the jet radius =    820312500000000.     
 1)the jet radius =    747000000000000.     
 2)the jet radius =    820312500000000.     
 1)the jet radius =    747000000000000.     
 2)the jet radius =    820312500000000.     
 the ism temperature =    100.000000000000     
 ism density  1.600000000000000E-018
 ism nH   683272.906387098     
 1)the jet radius =    747000000000000.     
 2)the jet radius =    820312500000000.     
 the jet temperature =    100.000000000000     
 jet density  3.582755846334000E-018
 jet ndensity   1530000.00000000     
 the jet mflux =   7.579201261142657E+019
 3)the jet radius =    820312500000000.     
 3)the jet inner radius =   -39062500000000.0     
 the jet Surface =   2.115466860209846E+030
 phys_config%He_abundance  0.100000000000000     
 in mod_obj_usr_unit.t usr_physical_unit_fillphysunit subroutine: 
 ism density  2.341670487800000E-030
 ism ndensity  1.000000000000000E-006
 ism pressure  5.822995576026895E-019
 ism temperature   2567.22208410676     
 1)the jet radius =    747000000000000.     
 2)the jet radius =    820312500000000.     
 1)the jet radius =    747000000000000.     
 2)the jet radius =    820312500000000.     
 1)the jet radius =    747000000000000.     
 2)the jet radius =    820312500000000.     
 1)the jet radius =    747000000000000.     
 2)the jet radius =    820312500000000.     
 1)the jet radius =    747000000000000.     
 2)the jet radius =    820312500000000.     
 1)the jet radius =    747000000000000.     
 2)the jet radius =    820312500000000.     
 Jet start :-)
 1)the jet radius =    747000000000000.     
 2)the jet radius =    820312500000000.     
 1)the jet radius =    747000000000000.     
 2)the jet radius =    820312500000000.     
 1)the jet radius =    747000000000000.     
 2)the jet radius =    820312500000000.     
 1)the jet radius =    747000000000000.     
 2)the jet radius =    820312500000000.     
 1)the jet radius =    747000000000000.     
 1)the jet radius =    747000000000000.     
 2)the jet radius =    820312500000000.     
 1)the jet radius =    747000000000000.     
 2)the jet radius =    820312500000000.     
 1)the jet radius =    747000000000000.     
 2)the jet radius =    820312500000000.     
 1)the jet radius =    747000000000000.     
 2)the jet radius =    820312500000000.     
 1)the jet radius =    747000000000000.     
 2)the jet radius =    820312500000000.     
 1)the jet radius =    747000000000000.     
 2)the jet radius =    820312500000000.     
 1)the jet radius =    747000000000000.     
 2)the jet radius =    820312500000000.     
 1)the jet radius =    747000000000000.     
 2)the jet radius =    820312500000000.     
 2)the jet radius =    820312500000000.     
 1)the jet radius =    747000000000000.     
 1)the jet radius =    747000000000000.     
 2)the jet radius =    820312500000000.     
 1)the jet radius =    747000000000000.     
 2)the jet radius =    820312500000000.     
 1)the jet radius =    747000000000000.     
 2)the jet radius =    820312500000000.     
 1)the jet radius =    747000000000000.     
 2)the jet radius =    820312500000000.     
 1)the jet radius =    747000000000000.     
 2)the jet radius =    820312500000000.     
 1)the jet radius =    747000000000000.     
 2)the jet radius =    820312500000000.     
 2)the jet radius =    820312500000000.     
 1)the jet radius =    747000000000000.     
 2)the jet radius =    820312500000000.     
 1)the jet radius =    747000000000000.     
 2)the jet radius =    820312500000000.     
 1)the jet radius =    747000000000000.     
 2)the jet radius =    820312500000000.     
 1)the jet radius =    747000000000000.     
 2)the jet radius =    820312500000000.     
 1)the jet radius =    747000000000000.     
 2)the jet radius =    820312500000000.     
 1)the jet radius =    747000000000000.     
 2)the jet radius =    820312500000000.     
 -------------------------------------------------------------------------------
 Startup phase took :             0.186 sec
 -------------------------------------------------------------------------------
 Start integrating, print status every  3.00E+01 seconds
        it        time          dt  wc-time(s)
         0   0.000E+00   1.742E-05   2.368E-04
In CGS          0 T=   0.000E+00 dT=   5.227E+03
 -------------------------------------------------------------------------------
 Saving visual data. Coordinate directions and variable names are:
          -1 R               
           0 Z               
           1 rho             rho             
           2 v1              v1              
           3 v2              v2              
           4 v3              v3              
           5 p               p               
           6 tracer_ism      tracer_ism      
           7 tracer_jet      tracer_jet      
           8 mup             mup             
           9 L1              L1              
          10 dtcool1         dtcool1         
          11 mach_number     mach_number     
          12 temperature     temperature     
          13 level           level           
          14 number density  number density  
 time =  0.000000000000000E+000
 -------------------------------------------------------------------------------
       586   2.277E+00   6.224E-03   3.004E+01
In CGS        586 T=   6.831E+08 dT=   1.867E+06
      1144   6.206E+00   8.123E-04   6.007E+01
In CGS       1144 T=   1.862E+09 dT=   2.437E+05
      1616   9.846E+00   7.878E-03   9.011E+01
In CGS       1616 T=   2.954E+09 dT=   2.363E+06
      2125   1.359E+01   7.415E-03   1.201E+02
In CGS       2125 T=   4.078E+09 dT=   2.224E+06
      2588   1.684E+01   7.025E-03   1.533E+02
In CGS       2588 T=   5.051E+09 dT=   2.108E+06
      3068   1.999E+01   6.746E-03   1.862E+02
In CGS       3068 T=   5.998E+09 dT=   2.024E+06
      3502   2.315E+01   1.010E-02   2.192E+02
In CGS       3502 T=   6.946E+09 dT=   3.031E+06
      3835   2.690E+01   1.475E-02   2.492E+02
In CGS       3835 T=   8.069E+09 dT=   4.426E+06
      4080   3.052E+01   1.571E-02   2.804E+02
In CGS       4080 T=   9.156E+09 dT=   4.714E+06
      4363   3.429E+01   6.129E-03   3.105E+02
In CGS       4363 T=   1.029E+10 dT=   1.839E+06
      4627   3.788E+01   1.533E-02   3.451E+02
In CGS       4627 T=   1.137E+10 dT=   4.600E+06
      4888   4.181E+01   1.606E-02   3.752E+02
In CGS       4888 T=   1.254E+10 dT=   4.819E+06
      5138   4.506E+01   1.425E-02   4.052E+02
In CGS       5138 T=   1.352E+10 dT=   4.275E+06
      5378   4.833E+01   1.510E-02   4.352E+02
In CGS       5378 T=   1.450E+10 dT=   4.531E+06
      5593   5.156E+01   1.595E-02   4.693E+02
In CGS       5593 T=   1.547E+10 dT=   4.786E+06
      5830   5.471E+01   1.391E-02   5.001E+02
In CGS       5830 T=   1.641E+10 dT=   4.173E+06
      6069   5.787E+01   1.496E-02   5.313E+02
In CGS       6069 T=   1.736E+10 dT=   4.488E+06
      6281   6.106E+01   1.577E-02   5.614E+02
In CGS       6281 T=   1.832E+10 dT=   4.730E+06
      6506   6.418E+01   1.332E-02   5.928E+02
In CGS       6506 T=   1.925E+10 dT=   3.995E+06
      6746   6.734E+01   1.480E-02   6.274E+02
In CGS       6746 T=   2.020E+10 dT=   4.441E+06
      6965   7.049E+01   1.558E-02   6.608E+02
In CGS       6965 T=   2.115E+10 dT=   4.673E+06
      7175   7.365E+01   1.308E-02   6.940E+02
In CGS       7175 T=   2.209E+10 dT=   3.925E+06
      7420   7.679E+01   1.436E-02   7.240E+02
In CGS       7420 T=   2.304E+10 dT=   4.309E+06
      7581   7.891E+01   1.505E-02   7.545E+02
In CGS       7581 T=   2.367E+10 dT=   4.515E+06
      7792   8.207E+01   1.576E-02   7.889E+02
In CGS       7792 T=   2.462E+10 dT=   4.727E+06
      8018   8.522E+01   1.323E-02   8.248E+02
In CGS       8018 T=   2.557E+10 dT=   3.969E+06
      8249   8.826E+01   1.469E-02   8.548E+02
In CGS       8249 T=   2.648E+10 dT=   4.407E+06
      8407   9.048E+01   1.534E-02   8.866E+02
In CGS       8407 T=   2.714E+10 dT=   4.602E+06
      8617   9.364E+01   1.594E-02   9.229E+02
In CGS       8617 T=   2.809E+10 dT=   4.783E+06
      8839   9.663E+01   1.368E-02   9.529E+02
In CGS       8839 T=   2.899E+10 dT=   4.105E+06
      9011   9.890E+01   1.479E-02   9.864E+02
In CGS       9011 T=   2.967E+10 dT=   4.436E+06
      9231   1.021E+02   1.557E-02   1.023E+03
In CGS       9231 T=   3.062E+10 dT=   4.670E+06
 Total timeloop took        :     1059.803 sec
 Time spent on Regrid+Update:      198.606 sec
                  Percentage:        18.74 %
 Time spent on IO in loop   :      526.913 sec
                  Percentage:        49.72 %
 Time spent on BC           :       61.243 sec
                  Percentage:         5.78 %
 Time spent on run          :      532.890 sec
 Cells_updated / cpu / sec  :    1.094E+05
 Total time spent on IO     :      526.913 sec
 Total timeintegration took :     1059.803 sec
 -------------------------------------------------------------------------------
 Finished AMRVAC in :          1059.989 sec
 -------------------------------------------------------------------------------
--------------------------------------------------------------------------
A system call failed during shared memory initialization that should
not have.  It is likely that your MPI job will now either abort or
experience performance degradation.

  Local host:  tycho66
  System call: unlink(2) /dev/shm/vader_segment.tycho66.2bb20001.33
  Error:       No such file or directory (errno 2)
--------------------------------------------------------------------------
[tycho66:182196] [[11186,0],0] ORTE_ERROR_LOG: Data unpack would read past end of buffer in file util/show_help.c at line 507
[tycho66:182196] 46 more processes have sent help message help-opal-shmem-mmap.txt / sys call fail
[tycho66:182196] Set MCA parameter "orte_base_help_aggregate" to 0 to see all help / error messages
