mkdir: cannot create directory ‘Shang06_over_1000_yrsd’: File exists
1761952
tycho63
/scratch/mrabenanahary/run.1761952.tycho63
::::::::::::::
Shang06_over_1000_yrsd.par
::::::::::::::
!==============================================================
! Project : YSO JET MIALY
! Aim     :
! Results :
! Method  : Use cartesian coordinate
!
! Update  : 22/11/2019
! configuration :
! Openmpi/gfortran or intel or ....
! $AMRVAC_DIR/setup.pl -d=2 -phys=hd -arch=default
! with intel
! $AMRVAC_DIR/setup.pl -d=2 -phys=hd -arch=intel
!==============================================================

 &filelist
        base_filename='Output/Shang06_over_1000_yrsd/Jet_Shang06_'
        saveprim=.true.
        autoconvert=.true.
        convert_type='vtuBCCmpi'
        nwauxio = 4
        restart_from_file='Jet_Shang06_0100.dat'
        /
        convert = .true.



        snapshotnext =0326
/




/
        nwauxio=10




/


 &savelist
        itsave(1,1)=0
        itsave(1,2)=0
        dtsave_log=3.1557600d7   ! 1 year 3.1557600d6 = 0.1 yr
	!ditsave_log =50
        dtsave_dat=  3.1557600d9! 100 yr!6.31152d8!20 yrs !1.57788000d9!50 yrs !3.1557600d9! 1 yrdensitys  1.57788000d8!5 yrs !3.1557600d7   ! 100 year; 3.1557600d7 = 1 yr
        !ditsave_dat =1
 /

        ditsave_log = 1
        ditsave_dat =1
        dtsave_dat =21.08

 &stoplist

        dtmin=1.0d-13
        !time_max= 99d15 ! years
        time_max=  3.15576d11 ! 10000 yrs 1.26e10! 400 yrs !3.786912d10! 1200 yrs ! 1.90607904d10!604 yrs ! 1.893456d10!600 yrs ! 3.15576d10! 1000yrs!6.31152d10! 2000 yrs ! 3.15576d11! 10000yrs ! 1.262304d10!400yrs!3.15576d9!3.15576d10! 1000yrs  !1.893456e11!600yrs!!9.46728d9!300yrs!6.311520000d9!7.8894d9!9.46728d9!7.8894d9 ! in s from years : 7.8894d9 = 250 yrs
        !it_max=10


/
  reset_it=.true.

          it_init=0






 &methodlist
        time_integrator          =  'twostep'
        typepred1                =  20*'tvdlf'!>>HH4647 !'hllcd'!si vraiment ça ne marche pas, essayer :! 'hll'! si au bord persiste des problemes, essayer : ! 'tvdlf'
        flux_scheme              =  20*'tvdlf'!,18*'tvdlf'!>>HH4647 !'hllcd'!si vraiment ça ne marche pas, essayer :! 'hll'! si au bord persiste des problemes, essayer : ! 'tvdlf'
        limiter                  =  20*'minmod'!>>HH4647 !'koren'!'cada3'
        small_pressure           = 1.0d-9
        small_density            = 1.0d-8
        small_values_method      =  'average'
        small_values_daverage    = 8

        check_small_values       = .true.
        small_values_force_floor = .true.
        loglimit(1) = .false.


 /
         loglimit(4) = .true.
         loglimit(1)            = .true.
         loglimit(5)            = .true.
         loglimit(6)            = .true.
         loglimit(7)            = .true.
        tvdlfeps=0.5d0

 &boundlist
        internalboundary  = .true.
        nghostcells       = 4
        !                     RHO,   Vr,     Vz,   Vphi,   P,     traceur1,traceur2
        typeboundary_min1 =  'symm','asymm','symm','asymm','symm',2*'symm'!, ! C.L. gauche <=> rmin
        typeboundary_max1 =  7*'cont'                                    ! C.L. droite <=> rmax
        typeboundary_min2 =  7*'special'!'symm','asymm','symm','asymm','symm',2*'symm'                                     ! C.L. inférieure <=> zmin
        typeboundary_max2 =  7*'cont'                                        ! C.L. supérieure <=> zmax                                      ! C.L. supérieure <=> zmax

/
        typeboundary_max3 = 8*'cont'                                         ! C.L. arrière <=> phi/profondeur max
        typeboundary_min3 = 8*'cont'                                         ! C.L. avant <=> phi/profondeur min
 /

 &meshlist
        ! grid at level 1
        xprobmin1 =  0.0d0    ! cm
        xprobmax1 =  1.6d17 ! cm 2.5d16!1.25d16 !>>HH4647 !4.0d16 !2.0d16   ! cm
        xprobmin2 =  0.0d0    ! cm
        xprobmax2 =  1.25d17!>>HH4647 !1.0d17 !2.0d17    ! cm

        ! total cell at level 1
        domain_nx1= 256!40!>>HH4647 !64!32!
        domain_nx2= 200!>>HH4647 !160!320!
        ! number of cell by block
        block_nx1 = 8!8!
        block_nx2 = 8!8!

        ! AMR configuration
        refine_criterion=3
        refine_max_level=4 !>>HH4647 !
        refine_threshold=20*0.05d0
        derefine_ratio=20*0.05d0
      !  w_refine_weight(1)=0.25d0
      !  w_refine_weight(2)=0.25d0
      !  w_refine_weight(3)=0.25d0
        w_refine_weight(1)=1.0d0

        max_blocks = 20000
        ! can be added when is needed
        prolongprimitive= .true.
        coarsenprimitive= .true.
        /







 /
        stretched_grid    = .true.
        stretched_dim(1)  = .true.
        stretched_dim(2)  = .true.
        itfixgrid =0

 &paramlist
        typecourant         = 'maxsum'
        courantpar          = 0.8d0
        slowsteps           = 1500
        small_getdt_average = .true.
        small_dt_coef       = 1.0d-6
 /

  &hd_list
         hd_energy            = .true. !>>HH4647 !
         hd_gamma             = 1.666666667 !>>HH4647 ! hd_temperature_isotherm = 100
         SI_unit              = .false.  ! use cgs

         He_abundance         = 0.1d0                     !

         hd_dust              = .false.   ! dust off
         hd_radiative_cooling = .true. !>>HH4647 .false.!.true.    ! cooling on
         hd_chemical          = .false.   ! use chemical
         hd_n_tracer          = 2
         hd_mean_mup_on       = .true. !>>HH4647 .true.
   /



 !'MLcosmol' : 'Use Mellema & Lundqvist (2002) cooling curve for zero metallicity '
 !'SPEX_DM'  : 'Use SPEX cooling curve for solar metallicity above 10^4 K. At lower temperatures,use Dalgarno & McCray (1972), with a pre-set ionization fraction of 10^-3 as described by Schure et al. (2009). '
   &rc_list
         ncool            = 4000
         coolcurve        = 'SPEX_DM'!'MLcosmol' !
         coolmethod       = 'exact'
         cfrac            = 1.d0
         Tfix             = .false.
         tlow             = 110 !>>HH4647
         coolsaveL        = .true.
         coolsavedT       = .true.
   /


 &dust_list
     dust_n_species           = 2
     dust_min_rho             = 1.0d-10
     gas_mu                   = 1.0d0
     dust_method              = 'Kwok'
     dust_small_to_zero       = .true.
     dust_temperature         = 1.0d0
     dust_temperature_type    = 'silicate'
     dust_source_split        = .false.
     dust_it_diff             = 50000
   /





 &usr_list
        usrconfig%ism_on              = .true.                      !> set ism
        usrconfig%cloud_on            = .false.                      !> set cloud
        usrconfig%cloud_structure     = 2                           !> cloud structure type
        usrconfig%jet_yso_on          = .true. !>>HH4647.false.!.false.!.false.!                      !> set a jet
        usrconfig%physunit_on         = .true.                      !> set the normalisation in use
        usrconfig%reset_medium        = .true.                      !> set on the reset
        usrconfig%coordinate_system   = 'cylindrical_2.5D'            !> geometry in use in 2D
        usrconfig%phys_inuse          = 'hd' !'mhd' ! set physique want to be used

        usrconfig%phys_isotherm_on              = .false.!>>HH4647.true. ! use isotherme
        !usrconfig%phys_temperature_isotherm     = 100 ! Le 2001
        usrconfig%temperature_max  = 3d4
        usrconfig%reset_flux_scheme_on          = .true.
        usrconfig%reset_flux_scheme_diffuse     = 'tvdlf'
        usrconfig%reset_flux_scheme_thresholdL1 = 1.0d-6


 /




&usr_physical_unit_list
 phys_unit%unit                  = 'cgs'
 phys_unit%length                = 1.496d14                 ! cm (1 parsec) : par defaut = 1.496d14
 phys_unit%time                  = 3d8                      ! s (2 year) : par defaut = 3d10
 phys_unit%number_density        = 1.0d-6 !>>HH4647                      ! cm^-3 : par defaut = 1.0d8 (1.0d5 pour un milieu ambiant tres peu dense, e.g. a 100cm-3)                      ! cm^-3 : par defaut = 1.0d8 (1.0d5 pour un milieu ambiant tres peu dense, e.g. a 100cm-3)
 phys_unit%chemical_He_abundance = 0.1d0
/

!11/12/19 : pour ISM et le projet n°1 de Sylvie Cabrit sur son article de 1997, les paramètres ci-dessous pour l'ISM ont été testés
!et fixées aux valeurs recommandées et correspondant le mieux à la simulation de l'article
 &usr_ism_list
  ism_config%unit               ='cgs'
  ism_config%density            = 1.6d-18         !Li & Shu et 1996b ism density if it set to 0 it will use number_density
  ism_config%number_density     = 0.0d0  !>>HH4647  !2.95d9    !1.0d2     !4.44d6     ! Zheng19 = 2.95d9 cm-3 ! ism number density (1/cm^3) ) of protons n_H = facteur rho_j (e.g. = 100 cm-3) physique dans l'expression du profil de densité rho_c du milieu ambiant
                                            ! and w(ixO^S,phys_ind%rho_)        =  self%myconfig%density = = self%myconfig%number_density*mp = rho_h the mass density of protons
                                            ! si tu l'augmentes e.g. a number_density=1.0d3,
                                            !la valeur rho_c=rho_j de densité au niveau de la frontière inférieure ISM augmente d'un facteur 10
  ism_config%velocity(1)        = 0.0       ! ism  speed components (cm/s) R/X : 0.0 = milieu statique
  ism_config%velocity(2)        = 0.0!5.d8     ! ism  speed components (cm/s) Z : 0.0 = milieu statique
  ism_config%velocity(3)        = 0.0       ! ism  speed components (cm/s)  Y : 0.0 = milieu statique
  ism_config%Mach_number_tomov_obj= 0.0       ! ism  speed components (cm/s)  Y : 0.0 = milieu statique
  ism_config%temperature        = 100.0d0  !>>HH4647   ! Zheng19 = 50 K ! ism temperature (K) : influence la valeur de pression et de force de gravité contrebalaçant mais pas le gradient de pression
  ism_config%pressure           = 0.0d0     !1.3806485199999997d-12! ism pressure if is set to 0 it will use temperature : äraview trouve a T=100 K et rho_j=100 cm-3 >>> p_j = 2.71055e-12 Ba
  ism_config%tracer_on          = .true.    ! ism tracer
  ism_config%tracer_init_density= 1.0d3     ! ism tracer density

  ism_config%reset_on           = .true.    ! ism reset
  ism_config%reset_coef         = 0.8! 0.0     ! ism reset  coefficient
  ism_config%reset_dtemperature = 1.0d-2    !> set the pressure variation
  ism_config%reset_distance(2)  =  1.01d18  ! ism rest distance
  ism_config%reset_scale(2)     =  5d16     ! ism reset scalling distance

  ism_config%boundary_cond(2,2) = 'open'
  ism_config%boundary_cond(2,1) = 'fix'
  ism_config%boundary_on        = .true.

ism_config%profile_typeaxial  = 'spherical'!'projection_direction'
ism_config%profile_idir       = 0.0,1.0,0.0       !z=2,r=1  !  ism profile direction

ism_config%profile_center     = 0,0,0

ism_config%profile_density_on = .true. ! Zheng=True ! .false. ! .true. ! ISM set density profile
ism_config%profile_pressure_on= .true. ! Zheng=True ! .false. !.true.

ism_config%profile_density    = 'Lee2001'!>>HH4647'cabrit1997' ! Zheng19 = 'cabrit1997' !ISM density profile
ism_config%profile_force_on   = .true. ! Zheng=True  !.true.!.false.!.true. ! .false. ! ISM set force profile
ism_config%profile_force_gradP_on = .true.

ism_config%profile_zc    = 7.0d16!4.49d14 ! 1.0d16 !4.49d14 ! Zheng19 = 30 au = 4.49d14 cm :  grandeur de normalisation dans le profil de pression/densite (en cm)
ism_config%profile_rw    = 2.5d15 !> ISM reference radius for Lee 2001 profile (in cm)
ism_config%profile_kappa    = 2.0d0 ! Zheng19 = 2 ! indice kappa pour la loi de densité et de pression : 'cabrit1997' <=> kappa=2
ism_config%profile_shiftstart = 0.00d0 !>>HH4647 3.33d14 ! 3.33d14 ! 1.0d15 ! the distance from which the ISM profile is set

ism_config%chemical_gas_type = 'fullyatomic'!>>HH4647'fullymolecular'
ism_config%He_abundance      = 0.1
/

&usr_usrboundary_ism_list
  usrboundary_config%boundary_type(2,1) = 'fix'
  usrboundary_config%boundary_type(2,2) = 'open'
  usrboundary_config%useprimitive       = .false.
  usrboundary_config%flux_frac          = 1.0d-2
/

!11/12/19 : pour le jet et le projet n°1 de Sylvie Cabrit sur son article de 1997, les paramètres ci-dessous pour le jet ont été testés
!et fixées aux valeurs recommandées et correspondant le mieux à la simulation de l'article
&usr_cla_jet_list
    cla_jet_config%unit                  =  'cgs' !> physical unit at parameter file
    cla_jet_config%time_cla_jet_on       =  0.0d0 !> initial time the cla_jet is set in the simulation box

    cla_jet_config%myindice              =  0       !> cla_jet associated indice
    cla_jet_config%density               =  0.0d0 !> cla_jet density  (g/cm^3) densite totale en particules H+H^++H2+He

    cla_jet_config%number_density        =  1.53d6 !7.6d5 !1.0d5 !7.65e5  ! = ntot = nH * 1.4 : densite en H+H^++H2+He,
                                            ! et où nH = densite retournee par Paraview est la densite en H+H^++H2
                                            ! Zhang19 = 0.3-5 e-7 Msun/yr >>> n0= 42864.27- 1.072d6 cm-3 on impose le flux de masse 1.0d5 !> cla_jet number density (1/cm^3)  Reference  Whittle, J. D. Silverman, et al. 2004 : on doit désactiver le flux de masse pour pouvoir utiliser cette densité
    cla_jet_config%temperature           =  100.0d0  !>>HH4647 !> cla_jet temperature  (K)
    cla_jet_config%pressure              =  0.0d0   !> cla_jet pressure
    cla_jet_config%pressure_toism        =  0.0d0   !> cla_jet pressure relative to ism pressure
    cla_jet_config%magnetic(1)           =  0.0d0   !> cla_jet magnetic field components : 0.0d0 = HD
    cla_jet_config%magnetic(2)           =  0.0d0   !> cla_jet magnetic field components : 0.0d0 = HD
    cla_jet_config%magnetic(3)           =  0.0d0   !> cla_jet magnetic field components : 0.0d0 = HD
    cla_jet_config%xisigma               =  0.0d0   !> cla_jet magnetisation : 0.0d0 = HD
    cla_jet_config%magn_anglePHItoPol    =  0.0d0   !> cla_jet magnetisation field incl : 0.0d0 = HD

    cla_jet_config%Mach_number           =  0.0!250.0d0   !> cla_jet  Mach number : Par défaut : Ma = 20
    cla_jet_config%c_sound               =  0.0d0   !> cla_jet  sound speed (cm/s)
    cla_jet_config%velocity(1)           =  0.0d0   !> cla_jet  velocity (radial speed)(cm/s)
    cla_jet_config%velocity(2)           =  1.0d7 !>>HH46471.5d7 !0.0d0 !1.0d7   !1.0d7!> cla_jet  velocity (longitudinal speed)(cm/s) ! Reference  Whittle, J. D. Silverman, et al. 2004 ! Projet n°1 de Sylvie (Cabrit et Raga 1997) => Vjet = 150 km/s = 1.5d7 cm/s (sans tenir compte de la variabilité temporelle du jet) !cla_jet_config%velocity_poloidal     =  0.0d0 !1.0d7 ! Zhang19 = 100 km/s
    cla_jet_config%velocity(3)           =  0.0d0   !> cla_jet  velocity (rotation speed)(cm/s)
    cla_jet_config%velocity_poloidal     =  0.0d0
    cla_jet_config%power                 =  0.0d0   !> wind power flux
    cla_jet_config%mass_flux             =  0.0d0   ! 3.15e19 ! flux en H+H^++H2 1.13d21 !1.89d18 ! grammes/s>>>Zhang19 = 0.3e-7 Msun/yr  0.0!9.8525563d16!1.9705112501213315d17!1.3136741667475542d17!!   !> wind mass flux : cabrit1997 = 1.3136741d17 à Vjet = 100 km/s et 1.9705111e+17 à Vjet = 150 km/s (Vjet = 150 km/s ne marche qu a basse resolution de maillage)
                                            ! c'est par l'imposition de cla_jet_config%mass_flux et de cla_jet_config%velocity(2) que la densité est alors imposée à l'intérieur du jet
                                            ! pour avoir :
                                            ! * Vjet = 100 km/s, R_jet = 0.5e16 cm et n_jet = 100 cm-3 >>> mass_flux = 1.3136741667475542e+17 g / s
                                            ! * Vjet = 150 km/s, R_jet = 0.5e16 cm et n_jet = 100 cm-3 >>> mass_flux = 1.9705112501213315e+17 g / s
                                            ! * Vjet = 150 km/s, R_jet = 0.5e16 cm et n_jet = 50 cm-3 >>> mass_flux = 9.8525563e+16 g / s

    cla_jet_config%open_angle            = 3.0d0 !>>HH4647 !>  cla_jet initial open angle  (degre): 0.0d0 = jet droit cylindrique
    cla_jet_config%z_in                  =  -46.275d18 !> cla_jet inner boundary position
    cla_jet_config%z_impos               =  8.22d14 !>>HH4647 !3.50d14  ! 1d15!6.52128d14!3.26128d15!1.495978707d13!1.495978707d14!> cla_jet initial jet-wind region height : 1.495978707e15 cm = 100 au
    cla_jet_config%z_out_init            =  8.30d14 !>>HH4647 !3.52d14 ! 2d15!9.52128d14!3.26128d15!1.495978707d13!1.495978707d14!0.5d15!0.5d14!> cla_jet  impose z height : 1.495978707e15 cm = 100 au
    cla_jet_config%r_out_init            =  7.47d14 !=50 UA>>HH4647 3.0d15!1.611031692203301d15!> cla_jet inner boundary wind position : zhang19 = 7.48d14 cm = 50 au
    cla_jet_config%r_out_impos           =  7.47d14 !=50 UA>>HH4647 !1.611031692203301d15!> cla_jet  impose radius : Rjet (Cabrit1997) = 0.5d16 cm; zhang19 = 7.48d14 , necessary to impose density or mass flux on the inner boundary

    cla_jet_config%r_in_init             =  0.0 !-7.48d14 !> cla_jet inner jet  region : position de la limite gauche du jet en coordonnées cylindriques : à tenir compte dans le calcul de la surface d'éjection du jet et donc du calcul du flux de masse ejectée

    cla_jet_config%tracer_on             =  .true. !> cla_jet logical to set tracer
    cla_jet_config%tracer_init_density   =  1.0d3  !> cla_jet tracer density
    cla_jet_config%tracer_small_density  =  1.0d1    !> cla_jet tracer small density
    cla_jet_config%shape                 =  'cartesian'  !> cla_jet shape
    cla_jet_config%profile               =  'none'  !> cla_jet profile


    cla_jet_config%variation_on          =  .true. ! Zhang19 .false. !.true.! to set on  or off the jet-injection in-real-time velocity variability
    cla_jet_config%variation_start_time  =  0.0d0 !3d7 ! time (in s in cgs) at which to begin the time variability : 0.0 to begin at the start of the simulation
    cla_jet_config%variation_end_time    =  4d15
    cla_jet_config%variation_velocity_amplitude =  5.0d6 !>>HH4647 ! 5d6 cm/s = 50 km/s
    cla_jet_config%variation_velocity_poloidal =  5.0d6 !>>HH4647
    cla_jet_config%variation_velocity(1) =  0.0!1.0d7
    cla_jet_config%variation_velocity(2) =  5.0d6 !>>HH4647 ! 5d6 cm/s = 50 km/s
    cla_jet_config%variation_velocity(3) =  0.0d0
    cla_jet_config%variation_time        =  3.15576d9!=100 yrs !>>HH4647 ! 1.262304d9! 40 yrs ! 1.57788d9!50 yrs ! !9.46728d9!Zheng19=300 yrs =9.46728d9 !3.15576d9!=100 yrs !3.15576d7 !=1 yr ! time length scale during which the jet velocity typically varies : 3.155760000d9 (s) = 100 yrs
    cla_jet_config%variation_position    =  0.0d0,8.22d14 ,0.0d0 !>>HH4647 !0.0d0, 1d15 ,0.0d0 !0.0d0, 1.495978707d14,0.0d0 ! = 0,10 au,0position (in 3d : if cylindrical : phi = 3, z=2, r=1) under which is set the time variability : default = 0,3d15,0
    cla_jet_config%variation_type        =  'sawtooth2' !>>HH4647 !Zheng19='sawtooth' ? (d ares Sylvie) >> vérifier avec 'sin' ! 'sin'!'sin' !'door'! type of the velocity variation induced in the velocity profile, see subroutine usr_mat_profile_scalar in mod_obj_mat.t to see which possibilities are avalaible
    cla_jet_config%variation_phys_nvariable   = 1  ! number of physical variable with variation
    cla_jet_config%variation_phys_variable(1) =  3 ! 3 mean the velocity in Z direction

    cla_jet_config%refine_min_level      = 4
    cla_jet_config%chemical_gas_type     = 'fullyatomic' !>>HH4647



/
 ---------------------------------------------------------------------------
 ---------------------------------------------------------------------------
 |         __  __ ____ ___        _    __  __ ______     ___    ____       |
 |        |  \/  |  _ \_ _|      / \  |  \/  |  _ \ \   / / \  / ___|      |
 |        | |\/| | |_) | |_____ / _ \ | |\/| | |_) \ \ / / _ \| |          |
 |        | |  | |  __/| |_____/ ___ \| |  | |  _ < \ V / ___ \ |___       |
 |        |_|  |_|_|  |___|   /_/   \_\_|  |_|_| \_\ \_/_/   \_\____|      |
 --------------------------------------------------------------------------
 ---------------------------------------------------------------------------
  End of reading of the usr_list
  End of reading of the usr_list
  End of reading of the usr_list
  End of reading of the usr_list
  End of reading of the usr_list
  End of reading of the usr_list
  End of reading of the usr_list
  End of reading of the usr_list
  End of reading of the usr_list
  End of reading of the usr_list
  End of reading of the usr_list
  End of reading of the usr_list
  End of reading of the usr_list
  End of reading of the usr_list
 Reading usr_list
  End of reading of the usr_list
  End of reading of the usr_list
  End of reading of the usr_list
  End of reading of the usr_list
  End of reading of the usr_list
  End of reading of the usr_list
  End of reading of the usr_list
  End of reading of the usr_list
  End of reading of the usr_list
  End of reading of the usr_list
  End of reading of the usr_list
  End of reading of the usr_list
  End of reading of the usr_list
  End of reading of the usr_list
 Reading usr_physical_values_list
  End of reading of the usr_list
  End of reading of the usr_list
  End of reading of the usr_list
  End of reading of the usr_list
  End of reading of the usr_list
  End of reading of the usr_list
  End of reading of the usr_list
  End of reading of the usr_list
  End of reading of the usr_list
  End of reading of the usr_list
  End of reading of the usr_list
  End of reading of the usr_list
  End of reading of the usr_list
 Reading usr_ism_list
  End of reading of the usr_list
  End of reading of the usr_list
  End of reading of the usr_list
  End of reading of the usr_list
  End of reading of the usr_list
  End of reading of the usr_list
  End of reading of the usr_list
 End of Reading 
 usr_ismlist0                                                                  
 Reading usr_boundary_list           1 
 boundary                                                                      
  End of reading of the hd_list
  End of reading of the hd_list
  End of reading of the hd_list
  End of reading of the hd_list
 End of Reading 
 usr_boundarylist1                                                             
 Reading usr_cla_jet_list
  End of reading of the rc_list
  End of reading of the rc_list
  End of reading of the hd_list
  End of reading of the rc_list
  End of reading of the hd_list
  End of reading of the hd_list
  End of reading of the hd_list
  End of reading of the rc_list
  End of reading of the rc_list
  End of reading of the hd_list
  End of reading of the rc_list
  End of reading of the hd_list
  End of reading of the hd_list
  End of reading of the hd_list
  End of reading of the rc_list
  End of reading of the hd_list
  End of reading of the hd_list
  End of reading of the rc_list
  End of reading of the hd_list
  End of reading of the hd_list
  End of reading of the rc_list
  End of reading of the hd_list
  End of reading of the hd_list
  End of reading of the hd_list
  End of reading of the hd_list
  End of reading of the hd_list
  End of reading of the rc_list
  End of reading of the rc_list
  End of reading of the rc_list
  End of reading of the hd_list
  End of reading of the hd_list
  End of reading of the hd_list
  End of reading of the hd_list
  End of reading of the hd_list
  End of reading of the hd_list
  End of reading of the hd_list
  End of reading of the rc_list
  End of reading of the rc_list
  End of reading of the rc_list
  End of reading of the rc_list
  End of reading of the hd_list
  End of reading of the rc_list
  End of reading of the hd_list
  End of reading of the hd_list
  End of reading of the rc_list
  End of reading of the rc_list
  End of reading of the rc_list
  End of reading of the rc_list
  End of reading of the rc_list
  End of reading of the rc_list
  End of reading of the hd_list
  End of reading of the rc_list
  End of reading of the hd_list
  End of reading of the rc_list
  End of reading of the hd_list
  End of reading of the hd_list
  End of reading of the rc_list
  End of reading of the hd_list
  End of reading of the rc_list
  End of reading of the hd_list
  End of reading of the rc_list
  End of reading of the rc_list
 Use SPEX cooling curve for solar metallicity above 10^4 K. 
 At lower temperatures,use Dalgarno & McCray (1972), 
 with a pre-set ionization fraction of 10^-3. 
 as described by Schure et al. (2009). 
  End of reading of the rc_list
  End of reading of the rc_list
  End of reading of the hd_list
  End of reading of the rc_list
  End of reading of the hd_list
  End of reading of the hd_list
  End of reading of the rc_list
  End of reading of the hd_list
  End of reading of the hd_list
  End of reading of the hd_list
  End of reading of the rc_list
  End of reading of the hd_list
  End of reading of the rc_list
  End of reading of the hd_list
  End of reading of the rc_list
  End of reading of the rc_list
  End of reading of the rc_list
  End of reading of the rc_list
  End of reading of the hd_list
  End of reading of the rc_list
  End of reading of the rc_list
  End of reading of the rc_list
  End of reading of the hd_list
  End of reading of the rc_list
  End of reading of the rc_list
  End of reading of the rc_list
  End of reading of the rc_list
  End of reading of the rc_list
  End of reading of the hd_list
  End of reading of the rc_list
 Reading Shang06_over_1000_yrsd.par
 End par file read
 
 Output type | dtsave    | ditsave | itsave(1) | tsave(1)
         log | 0.105E+00 | ******  |      0    | *********
      normal | 0.105E+02 | ******  |      0    | *********
       slice | ********* | ******  | ******    | *********
   collapsed | ********* | ******  | ******    | *********
    analysis | ********* | ******  | ******    | *********
 
                 typelimited: predictor                                                                                                                          
         Domain size (cells): 256 200 
                Level one dx: 0.418E+01 0.418E+01 
           Refine estimation: Lohner's scheme
                   slicenext: 0
                collapsenext: 0
           restart_from_file:  Jet_Shang06_0100.dat
                  converting: F

 1)the jet radius =    747000000000000.     
 2)the jet radius =    820312500000000.     
 1)the jet radius =    747000000000000.     
 1)the jet radius =    747000000000000.     
 2)the jet radius =    820312500000000.     
 1)the jet radius =    747000000000000.     
 2)the jet radius =    820312500000000.     
 2)the jet radius =    820312500000000.     
 1)the jet radius =    747000000000000.     
 2)the jet radius =    820312500000000.     
 1)the jet radius =    747000000000000.     
 2)the jet radius =    820312500000000.     
 1)the jet radius =    747000000000000.     
 2)the jet radius =    820312500000000.     
 1)the jet radius =    747000000000000.     
 1)the jet radius =    747000000000000.     
 2)the jet radius =    820312500000000.     
 1)the jet radius =    747000000000000.     
 2)the jet radius =    820312500000000.     
 1)the jet radius =    747000000000000.     
 2)the jet radius =    820312500000000.     
 2)the jet radius =    820312500000000.     
 1)the jet radius =    747000000000000.     
 2)the jet radius =    820312500000000.     
 1)the jet radius =    747000000000000.     
 2)the jet radius =    820312500000000.     
 1)the jet radius =    747000000000000.     
 2)the jet radius =    820312500000000.     
 1)the jet radius =    747000000000000.     
 2)the jet radius =    820312500000000.     
 1)the jet radius =    747000000000000.     
 2)the jet radius =    820312500000000.     
 1)the jet radius =    747000000000000.     
 1)the jet radius =    747000000000000.     
 2)the jet radius =    820312500000000.     
 1)the jet radius =    747000000000000.     
 2)the jet radius =    820312500000000.     
 1)the jet radius =    747000000000000.     
 2)the jet radius =    820312500000000.     
 1)the jet radius =    747000000000000.     
 2)the jet radius =    820312500000000.     
 1)the jet radius =    747000000000000.     
 2)the jet radius =    820312500000000.     
 1)the jet radius =    747000000000000.     
 2)the jet radius =    820312500000000.     
 2)the jet radius =    820312500000000.     
 1)the jet radius =    747000000000000.     
 2)the jet radius =    820312500000000.     
 1)the jet radius =    747000000000000.     
 2)the jet radius =    820312500000000.     
 1)the jet radius =    747000000000000.     
 2)the jet radius =    820312500000000.     
 1)the jet radius =    747000000000000.     
 2)the jet radius =    820312500000000.     
 1)the jet radius =    747000000000000.     
 2)the jet radius =    820312500000000.     
 1)the jet radius =    747000000000000.     
 the ism temperature =    100.000000000000     
 ism density  1.600000000000000E-018
 ism nH   683272.906387098     
 1)the jet radius =    747000000000000.     
 2)the jet radius =    820312500000000.     
 1)the jet radius =    747000000000000.     
 2)the jet radius =    820312500000000.     
 the jet temperature =    100.000000000000     
 jet density  3.582755846334000E-018
 jet ndensity   1530000.00000000     
 the jet mflux =   7.579201261142657E+019
 3)the jet radius =    820312500000000.     
 3)the jet inner radius =   -39062500000000.0     
 the jet Surface =   2.115466860209846E+030
 phys_config%He_abundance  0.100000000000000     
 in mod_obj_usr_unit.t usr_physical_unit_fillphysunit subroutine: 
 ism density  2.341670487800000E-030
 ism ndensity  1.000000000000000E-006
 ism pressure  5.822995576026895E-019
 ism temperature   2567.22208410676     
 1)the jet radius =    747000000000000.     
 2)the jet radius =    820312500000000.     
 1)the jet radius =    747000000000000.     
 2)the jet radius =    820312500000000.     
 2)the jet radius =    820312500000000.     
 1)the jet radius =    747000000000000.     
 1)the jet radius =    747000000000000.     
 2)the jet radius =    820312500000000.     
 1)the jet radius =    747000000000000.     
 2)the jet radius =    820312500000000.     
 1)the jet radius =    747000000000000.     
 2)the jet radius =    820312500000000.     
 1)the jet radius =    747000000000000.     
 2)the jet radius =    820312500000000.     
 1)the jet radius =    747000000000000.     
 2)the jet radius =    820312500000000.     
 1)the jet radius =    747000000000000.     
 2)the jet radius =    820312500000000.     
 1)the jet radius =    747000000000000.     
 2)the jet radius =    820312500000000.     
 1)the jet radius =    747000000000000.     
 2)the jet radius =    820312500000000.     
 1)the jet radius =    747000000000000.     
 2)the jet radius =    820312500000000.     
 1)the jet radius =    747000000000000.     
 2)the jet radius =    820312500000000.     
 1)the jet radius =    747000000000000.     
 2)the jet radius =    820312500000000.     
 1)the jet radius =    747000000000000.     
 2)the jet radius =    820312500000000.     
 2)the jet radius =    820312500000000.     
 1)the jet radius =    747000000000000.     
 2)the jet radius =    820312500000000.     
 1)the jet radius =    747000000000000.     
 2)the jet radius =    820312500000000.     
 -------------------------------------------------------------------------------
 Startup phase took :             0.323 sec
 -------------------------------------------------------------------------------
 Start integrating, print status every  3.00E+01 seconds
        it        time          dt  wc-time(s)
     10017   1.052E+02   1.307E-02   7.330E-03
In CGS      10017 T=   3.156E+10 dT=   3.921E+06
     10239   1.080E+02   1.402E-02   3.004E+01
In CGS      10239 T=   3.241E+10 dT=   4.206E+06
     10453   1.109E+02   1.531E-03   6.012E+01
In CGS      10453 T=   3.326E+10 dT=   4.593E+05
     10667   1.140E+02   1.565E-02   9.014E+01
In CGS      10667 T=   3.420E+10 dT=   4.694E+06
 -------------------------------------------------------------------------------
 Saving visual data. Coordinate directions and variable names are:
          -1 R               
           0 Z               
           1 rho             rho             
           2 v1              v1              
           3 v2              v2              
           4 v3              v3              
           5 p               p               
           6 tracer_ism      tracer_ism      
           7 tracer_jet      tracer_jet      
           8 mup             mup             
           9 L1              L1              
          10 dtcool1         dtcool1         
          11 mach_number     mach_number     
          12 temperature     temperature     
          13 level           level           
          14 number density  number density  
 time =   115.711200000000     
 -------------------------------------------------------------------------------
     10792   1.158E+02   1.294E-02   1.201E+02
In CGS      10792 T=   3.475E+10 dT=   3.883E+06
     11001   1.185E+02   1.381E-02   1.503E+02
In CGS      11001 T=   3.556E+10 dT=   4.143E+06
     11207   1.212E+02   1.474E-02   1.803E+02
In CGS      11207 T=   3.637E+10 dT=   4.422E+06
     11410   1.242E+02   1.558E-02   2.104E+02
In CGS      11410 T=   3.726E+10 dT=   4.674E+06
     11546   1.262E+02   1.308E-02   2.433E+02
In CGS      11546 T=   3.787E+10 dT=   3.925E+06
     11746   1.288E+02   1.376E-02   2.734E+02
In CGS      11746 T=   3.864E+10 dT=   4.128E+06
     11943   1.314E+02   1.463E-02   3.034E+02
In CGS      11943 T=   3.942E+10 dT=   4.388E+06
     12139   1.342E+02   1.550E-02   3.335E+02
In CGS      12139 T=   4.027E+10 dT=   4.650E+06
     12308   1.368E+02   1.308E-02   3.729E+02
In CGS      12308 T=   4.103E+10 dT=   3.925E+06
     12499   1.392E+02   1.374E-02   4.029E+02
In CGS      12499 T=   4.176E+10 dT=   4.123E+06
     12689   1.417E+02   1.483E-02   4.331E+02
In CGS      12689 T=   4.251E+10 dT=   4.450E+06
     12879   1.444E+02   1.544E-02   4.631E+02
In CGS      12879 T=   4.332E+10 dT=   4.633E+06
     13068   1.472E+02   1.587E-02   4.931E+02
In CGS      13068 T=   4.417E+10 dT=   4.760E+06
     13173   1.485E+02   1.338E-02   5.233E+02
In CGS      13173 T=   4.456E+10 dT=   4.014E+06
     13361   1.510E+02   1.420E-02   5.533E+02
In CGS      13361 T=   4.531E+10 dT=   4.259E+06
     13547   1.535E+02   1.501E-02   5.834E+02
In CGS      13547 T=   4.605E+10 dT=   4.503E+06
     13733   1.563E+02   1.567E-02   6.134E+02
In CGS      13733 T=   4.688E+10 dT=   4.700E+06
     13835   1.578E+02   1.308E-02   6.441E+02
In CGS      13835 T=   4.734E+10 dT=   3.925E+06
     14021   1.602E+02   1.370E-02   6.742E+02
In CGS      14021 T=   4.806E+10 dT=   4.109E+06
     14203   1.626E+02   1.439E-02   7.043E+02
In CGS      14203 T=   4.878E+10 dT=   4.318E+06
     14386   1.652E+02   1.531E-02   7.344E+02
In CGS      14386 T=   4.955E+10 dT=   4.592E+06
     14570   1.679E+02   1.578E-02   7.646E+02
In CGS      14570 T=   5.038E+10 dT=   4.735E+06
     14665   1.691E+02   1.325E-02   7.946E+02
In CGS      14665 T=   5.074E+10 dT=   3.974E+06
     14847   1.715E+02   1.398E-02   8.247E+02
In CGS      14847 T=   5.146E+10 dT=   4.194E+06
     15029   1.739E+02   1.503E-02   8.547E+02
In CGS      15029 T=   5.218E+10 dT=   4.509E+06
     15210   1.766E+02   1.190E-02   8.847E+02
In CGS      15210 T=   5.298E+10 dT=   3.571E+06
     15359   1.788E+02   1.308E-02   9.243E+02
In CGS      15359 T=   5.365E+10 dT=   3.925E+06
     15539   1.811E+02   1.364E-02   9.544E+02
In CGS      15539 T=   5.434E+10 dT=   4.091E+06
     15718   1.835E+02   1.474E-02   9.844E+02
In CGS      15718 T=   5.505E+10 dT=   4.422E+06
     15895   1.860E+02   1.536E-02   1.015E+03
In CGS      15895 T=   5.580E+10 dT=   4.609E+06
     16073   1.887E+02   1.579E-02   1.045E+03
In CGS      16073 T=   5.660E+10 dT=   4.737E+06
     16162   1.899E+02   4.601E-04   1.075E+03
In CGS      16162 T=   5.696E+10 dT=   1.380E+05
     16339   1.922E+02   1.380E-02   1.105E+03
In CGS      16339 T=   5.766E+10 dT=   4.139E+06
     16515   1.945E+02   1.496E-02   1.135E+03
In CGS      16515 T=   5.835E+10 dT=   4.488E+06
     16690   1.970E+02   1.545E-02   1.165E+03
In CGS      16690 T=   5.910E+10 dT=   4.635E+06
     16865   1.996E+02   1.587E-02   1.195E+03
In CGS      16865 T=   5.989E+10 dT=   4.762E+06
     16948   2.007E+02   1.312E-02   1.225E+03
In CGS      16948 T=   6.020E+10 dT=   3.937E+06
     17117   2.029E+02   6.866E-03   1.255E+03
In CGS      17117 T=   6.087E+10 dT=   2.060E+06
     17277   2.050E+02   2.347E-03   1.286E+03
In CGS      17277 T=   6.151E+10 dT=   7.042E+05
     17422   2.071E+02   1.536E-02   1.316E+03
In CGS      17422 T=   6.212E+10 dT=   4.608E+06
     17573   2.093E+02   1.574E-02   1.346E+03
In CGS      17573 T=   6.280E+10 dT=   4.721E+06
     17646   2.104E+02   1.310E-02   1.376E+03
In CGS      17646 T=   6.313E+10 dT=   3.931E+06
     17816   2.126E+02   1.358E-02   1.406E+03
In CGS      17816 T=   6.378E+10 dT=   4.075E+06
     17985   2.148E+02   1.434E-02   1.436E+03
In CGS      17985 T=   6.444E+10 dT=   4.301E+06
     18153   2.171E+02   1.518E-02   1.466E+03
In CGS      18153 T=   6.514E+10 dT=   4.554E+06
     18321   2.197E+02   1.572E-02   1.496E+03
In CGS      18321 T=   6.590E+10 dT=   4.717E+06
     18405   2.209E+02   1.308E-02   1.528E+03
In CGS      18405 T=   6.627E+10 dT=   3.925E+06
     18571   2.230E+02   1.380E-02   1.558E+03
In CGS      18571 T=   6.691E+10 dT=   4.140E+06
     18738   2.252E+02   1.466E-02   1.588E+03
In CGS      18738 T=   6.757E+10 dT=   4.397E+06
     18900   2.274E+02   1.458E-02   1.618E+03
In CGS      18900 T=   6.822E+10 dT=   4.375E+06
     19063   2.299E+02   1.566E-02   1.648E+03
In CGS      19063 T=   6.896E+10 dT=   4.697E+06
     19168   2.314E+02   1.308E-02   1.684E+03
In CGS      19168 T=   6.943E+10 dT=   3.925E+06
     19331   2.335E+02   9.864E-03   1.714E+03
In CGS      19331 T=   7.005E+10 dT=   2.959E+06
     19494   2.357E+02   1.455E-02   1.744E+03
In CGS      19494 T=   7.070E+10 dT=   4.365E+06
     19656   2.378E+02   1.514E-02   1.774E+03
In CGS      19656 T=   7.135E+10 dT=   4.543E+06
     19817   2.403E+02   1.564E-02   1.804E+03
In CGS      19817 T=   7.208E+10 dT=   4.692E+06
     19930   2.420E+02   1.308E-02   1.843E+03
In CGS      19930 T=   7.259E+10 dT=   3.925E+06
     20091   2.440E+02   1.365E-02   1.873E+03
In CGS      20091 T=   7.320E+10 dT=   4.095E+06
     20250   2.461E+02   1.445E-02   1.903E+03
In CGS      20250 T=   7.383E+10 dT=   4.335E+06
     20408   2.482E+02   1.518E-02   1.933E+03
In CGS      20408 T=   7.446E+10 dT=   4.555E+06
     20566   2.506E+02   1.161E-02   1.963E+03
In CGS      20566 T=   7.517E+10 dT=   3.484E+06
     20694   2.525E+02   1.308E-02   2.005E+03
In CGS      20694 T=   7.574E+10 dT=   3.925E+06
     20852   2.545E+02   1.359E-02   2.035E+03
In CGS      20852 T=   7.635E+10 dT=   4.076E+06
     21010   2.566E+02   1.438E-02   2.065E+03
In CGS      21010 T=   7.697E+10 dT=   4.314E+06
     21167   2.587E+02   1.515E-02   2.095E+03
In CGS      21167 T=   7.760E+10 dT=   4.544E+06
     21324   2.610E+02   1.562E-02   2.125E+03
In CGS      21324 T=   7.831E+10 dT=   4.686E+06
     21455   2.630E+02   1.308E-02   2.168E+03
In CGS      21455 T=   7.890E+10 dT=   3.925E+06
     21610   2.650E+02   1.357E-02   2.198E+03
In CGS      21610 T=   7.950E+10 dT=   4.070E+06
     21763   2.670E+02   1.439E-02   2.228E+03
In CGS      21763 T=   8.010E+10 dT=   4.318E+06
     21918   2.691E+02   1.511E-02   2.258E+03
In CGS      21918 T=   8.072E+10 dT=   4.533E+06
     22072   2.714E+02   1.556E-02   2.288E+03
In CGS      22072 T=   8.141E+10 dT=   4.668E+06
     22216   2.735E+02   1.308E-02   2.334E+03
In CGS      22216 T=   8.205E+10 dT=   3.925E+06
     22370   2.755E+02   1.353E-02   2.364E+03
In CGS      22370 T=   8.264E+10 dT=   4.058E+06
     22523   2.775E+02   4.443E-03   2.394E+03
In CGS      22523 T=   8.325E+10 dT=   1.333E+06
     22674   2.795E+02   1.511E-02   2.424E+03
In CGS      22674 T=   8.384E+10 dT=   4.534E+06
     22824   2.817E+02   1.556E-02   2.454E+03
In CGS      22824 T=   8.452E+10 dT=   4.668E+06
     22974   2.840E+02   1.590E-02   2.484E+03
In CGS      22974 T=   8.519E+10 dT=   4.769E+06
     23032   2.847E+02   1.312E-02   2.514E+03
In CGS      23032 T=   8.540E+10 dT=   3.936E+06
     23181   2.866E+02   8.485E-03   2.544E+03
In CGS      23181 T=   8.599E+10 dT=   2.545E+06
     23331   2.886E+02   1.446E-02   2.575E+03
In CGS      23331 T=   8.658E+10 dT=   4.339E+06
     23481   2.907E+02   1.526E-02   2.605E+03
In CGS      23481 T=   8.720E+10 dT=   4.579E+06
     23629   2.929E+02   1.565E-02   2.635E+03
In CGS      23629 T=   8.787E+10 dT=   4.696E+06
     23740   2.946E+02   1.308E-02   2.676E+03
In CGS      23740 T=   8.837E+10 dT=   3.925E+06
     23889   2.964E+02   1.361E-02   2.706E+03
In CGS      23889 T=   8.893E+10 dT=   4.084E+06
     24038   2.984E+02   1.442E-02   2.736E+03
In CGS      24038 T=   8.952E+10 dT=   4.326E+06
     24186   3.004E+02   1.510E-02   2.766E+03
In CGS      24186 T=   9.011E+10 dT=   4.530E+06
     24332   3.025E+02   1.550E-02   2.796E+03
In CGS      24332 T=   9.075E+10 dT=   4.649E+06
     24475   3.047E+02   1.583E-02   2.826E+03
In CGS      24475 T=   9.140E+10 dT=   4.750E+06
     24529   3.054E+02   1.309E-02   2.856E+03
In CGS      24529 T=   9.161E+10 dT=   3.928E+06
     24674   3.073E+02   9.427E-03   2.886E+03
In CGS      24674 T=   9.218E+10 dT=   2.828E+06
     24819   3.092E+02   1.449E-02   2.917E+03
In CGS      24819 T=   9.275E+10 dT=   4.347E+06
     24963   3.111E+02   1.465E-02   2.947E+03
In CGS      24963 T=   9.332E+10 dT=   4.395E+06
     25107   3.132E+02   1.553E-02   2.977E+03
In CGS      25107 T=   9.396E+10 dT=   4.659E+06
     25251   3.154E+02   1.585E-02   3.007E+03
In CGS      25251 T=   9.461E+10 dT=   4.756E+06
     25303   3.160E+02   1.319E-02   3.037E+03
In CGS      25303 T=   9.481E+10 dT=   3.957E+06
     25446   3.179E+02   1.374E-02   3.067E+03
In CGS      25446 T=   9.537E+10 dT=   4.123E+06
     25587   3.198E+02   1.449E-02   3.097E+03
In CGS      25587 T=   9.593E+10 dT=   4.347E+06
     25728   3.216E+02   1.500E-02   3.127E+03
In CGS      25728 T=   9.648E+10 dT=   4.501E+06
     25869   3.237E+02   1.557E-02   3.157E+03
In CGS      25869 T=   9.711E+10 dT=   4.671E+06
     26010   3.258E+02   1.589E-02   3.187E+03
In CGS      26010 T=   9.775E+10 dT=   4.768E+06
     26060   3.265E+02   1.294E-02   3.217E+03
In CGS      26060 T=   9.794E+10 dT=   3.881E+06
     26201   3.283E+02   1.357E-02   3.248E+03
In CGS      26201 T=   9.849E+10 dT=   4.072E+06
     26340   3.301E+02   1.428E-02   3.278E+03
In CGS      26340 T=   9.904E+10 dT=   4.283E+06
     26479   3.320E+02   1.493E-02   3.308E+03
In CGS      26479 T=   9.959E+10 dT=   4.480E+06
     26618   3.340E+02   1.551E-02   3.338E+03
In CGS      26618 T=   1.002E+11 dT=   4.653E+06
     26758   3.362E+02   1.584E-02   3.368E+03
In CGS      26758 T=   1.008E+11 dT=   4.753E+06
     26806   3.368E+02   1.217E-03   3.398E+03
In CGS      26806 T=   1.010E+11 dT=   3.651E+05
     26944   3.386E+02   1.370E-02   3.428E+03
In CGS      26944 T=   1.016E+11 dT=   4.109E+06
     27082   3.404E+02   1.423E-02   3.458E+03
In CGS      27082 T=   1.021E+11 dT=   4.270E+06
     27220   3.422E+02   1.484E-02   3.488E+03
In CGS      27220 T=   1.027E+11 dT=   4.451E+06
     27359   3.443E+02   1.546E-02   3.519E+03
In CGS      27359 T=   1.033E+11 dT=   4.639E+06
     27499   3.464E+02   1.581E-02   3.549E+03
In CGS      27499 T=   1.039E+11 dT=   4.742E+06
     27551   3.471E+02   1.308E-02   3.580E+03
In CGS      27551 T=   1.041E+11 dT=   3.925E+06
     27688   3.489E+02   1.347E-02   3.610E+03
In CGS      27688 T=   1.047E+11 dT=   4.042E+06
     27822   3.506E+02   1.406E-02   3.640E+03
In CGS      27822 T=   1.052E+11 dT=   4.217E+06
     27959   3.525E+02   1.486E-02   3.670E+03
In CGS      27959 T=   1.057E+11 dT=   4.457E+06
     28095   3.544E+02   1.538E-02   3.700E+03
In CGS      28095 T=   1.063E+11 dT=   4.613E+06
     28230   3.564E+02   1.573E-02   3.730E+03
In CGS      28230 T=   1.069E+11 dT=   4.720E+06
     28313   3.577E+02   1.308E-02   3.769E+03
In CGS      28313 T=   1.073E+11 dT=   3.925E+06
     28449   3.594E+02   1.348E-02   3.799E+03
In CGS      28449 T=   1.078E+11 dT=   4.045E+06
     28585   3.612E+02   1.420E-02   3.829E+03
In CGS      28585 T=   1.084E+11 dT=   4.261E+06
     28721   3.630E+02   1.474E-02   3.859E+03
In CGS      28721 T=   1.089E+11 dT=   4.422E+06
     28857   3.649E+02   1.537E-02   3.890E+03
In CGS      28857 T=   1.095E+11 dT=   4.610E+06
     28992   3.670E+02   1.571E-02   3.920E+03
In CGS      28992 T=   1.101E+11 dT=   4.714E+06
     29074   3.682E+02   1.308E-02   3.958E+03
In CGS      29074 T=   1.105E+11 dT=   3.925E+06
     29209   3.699E+02   1.347E-02   3.989E+03
In CGS      29209 T=   1.110E+11 dT=   4.042E+06
     29342   3.716E+02   1.409E-02   4.019E+03
In CGS      29342 T=   1.115E+11 dT=   4.226E+06
     29476   3.734E+02   1.487E-02   4.049E+03
In CGS      29476 T=   1.120E+11 dT=   4.461E+06
     29610   3.753E+02   1.314E-02   4.079E+03
In CGS      29610 T=   1.126E+11 dT=   3.941E+06
     29743   3.773E+02   1.108E-02   4.109E+03
In CGS      29743 T=   1.132E+11 dT=   3.324E+06
     29836   3.787E+02   1.308E-02   4.151E+03
In CGS      29836 T=   1.136E+11 dT=   3.925E+06
     29969   3.804E+02   1.350E-02   4.181E+03
In CGS      29969 T=   1.141E+11 dT=   4.050E+06
     30102   3.821E+02   1.411E-02   4.211E+03
In CGS      30102 T=   1.146E+11 dT=   4.232E+06
     30234   3.839E+02   1.457E-02   4.241E+03
In CGS      30234 T=   1.152E+11 dT=   4.370E+06
     30366   3.858E+02   1.534E-02   4.271E+03
In CGS      30366 T=   1.157E+11 dT=   4.603E+06
     30497   3.877E+02   1.124E-02   4.301E+03
In CGS      30497 T=   1.163E+11 dT=   3.371E+06
     30597   3.892E+02   1.308E-02   4.345E+03
In CGS      30597 T=   1.168E+11 dT=   3.925E+06
     30729   3.909E+02   1.346E-02   4.376E+03
In CGS      30729 T=   1.173E+11 dT=   4.039E+06
     30861   3.922E+02   7.040E-03   4.406E+03
In CGS      30861 T=   1.177E+11 dT=   2.112E+06
     30993   3.931E+02   7.042E-03   4.436E+03
In CGS      30993 T=   1.179E+11 dT=   2.113E+06
     31124   3.940E+02   7.298E-03   4.466E+03
In CGS      31124 T=   1.182E+11 dT=   2.189E+06
     31256   3.949E+02   7.346E-03   4.496E+03
In CGS      31256 T=   1.185E+11 dT=   2.204E+06
     31388   3.958E+02   4.400E-03   4.526E+03
In CGS      31388 T=   1.187E+11 dT=   1.320E+06
     31520   3.968E+02   7.177E-03   4.556E+03
In CGS      31520 T=   1.190E+11 dT=   2.153E+06
     31652   3.977E+02   7.096E-03   4.586E+03
In CGS      31652 T=   1.193E+11 dT=   2.129E+06
     31782   3.986E+02   7.395E-03   4.617E+03
In CGS      31782 T=   1.196E+11 dT=   2.218E+06
     31913   3.996E+02   7.737E-03   4.647E+03
In CGS      31913 T=   1.199E+11 dT=   2.321E+06
     31951   3.999E+02   7.842E-03   4.677E+03
In CGS      31951 T=   1.200E+11 dT=   2.353E+06
     32082   4.008E+02   7.788E-03   4.707E+03
In CGS      32082 T=   1.203E+11 dT=   2.337E+06
     32213   4.018E+02   8.066E-03   4.737E+03
In CGS      32213 T=   1.205E+11 dT=   2.420E+06
     32343   4.028E+02   7.684E-03   4.767E+03
In CGS      32343 T=   1.208E+11 dT=   2.305E+06
     32473   4.038E+02   7.770E-03   4.797E+03
In CGS      32473 T=   1.211E+11 dT=   2.331E+06
     32602   4.047E+02   7.545E-03   4.827E+03
In CGS      32602 T=   1.214E+11 dT=   2.264E+06
     32733   4.057E+02   7.093E-03   4.857E+03
In CGS      32733 T=   1.217E+11 dT=   2.128E+06
     32851   4.065E+02   7.210E-03   4.887E+03
In CGS      32851 T=   1.219E+11 dT=   2.163E+06
     32965   4.073E+02   7.323E-03   4.917E+03
In CGS      32965 T=   1.222E+11 dT=   2.197E+06
     33086   4.081E+02   8.701E-04   4.948E+03
In CGS      33086 T=   1.224E+11 dT=   2.610E+05
     33208   4.090E+02   7.476E-03   4.978E+03
In CGS      33208 T=   1.227E+11 dT=   2.243E+06
     33338   4.099E+02   6.861E-05   5.008E+03
In CGS      33338 T=   1.230E+11 dT=   2.058E+04
     33385   4.103E+02   7.465E-03   5.040E+03
In CGS      33385 T=   1.231E+11 dT=   2.240E+06
     33515   4.112E+02   7.328E-03   5.070E+03
In CGS      33515 T=   1.234E+11 dT=   2.198E+06
     33645   4.121E+02   7.190E-03   5.100E+03
In CGS      33645 T=   1.236E+11 dT=   2.157E+06
     33775   4.130E+02   6.929E-03   5.130E+03
In CGS      33775 T=   1.239E+11 dT=   2.079E+06
     33905   4.138E+02   7.033E-03   5.161E+03
In CGS      33905 T=   1.242E+11 dT=   2.110E+06
     34035   4.147E+02   6.837E-03   5.191E+03
In CGS      34035 T=   1.244E+11 dT=   2.051E+06
     34163   4.155E+02   4.809E-03   5.221E+03
In CGS      34163 T=   1.246E+11 dT=   1.443E+06
     34291   4.159E+02   2.813E-03   5.251E+03
In CGS      34291 T=   1.248E+11 dT=   8.439E+05
     34419   4.162E+02   2.249E-03   5.281E+03
In CGS      34419 T=   1.249E+11 dT=   6.748E+05
     34548   4.165E+02   2.135E-03   5.311E+03
In CGS      34548 T=   1.250E+11 dT=   6.404E+05
     34677   4.168E+02   2.104E-03   5.341E+03
In CGS      34677 T=   1.250E+11 dT=   6.313E+05
     34806   4.171E+02   2.198E-03   5.371E+03
In CGS      34806 T=   1.251E+11 dT=   6.593E+05
     34935   4.173E+02   2.192E-03   5.402E+03
In CGS      34935 T=   1.252E+11 dT=   6.577E+05
     35064   4.176E+02   2.192E-03   5.432E+03
In CGS      35064 T=   1.253E+11 dT=   6.577E+05
     35193   4.179E+02   2.314E-03   5.462E+03
In CGS      35193 T=   1.254E+11 dT=   6.941E+05
     35322   4.182E+02   2.419E-03   5.492E+03
In CGS      35322 T=   1.255E+11 dT=   7.257E+05
     35449   4.185E+02   2.356E-03   5.522E+03
In CGS      35449 T=   1.256E+11 dT=   7.067E+05
     35577   4.188E+02   2.405E-03   5.552E+03
In CGS      35577 T=   1.256E+11 dT=   7.215E+05
     35705   4.191E+02   2.335E-03   5.582E+03
In CGS      35705 T=   1.257E+11 dT=   7.006E+05
     35833   4.194E+02   2.248E-03   5.612E+03
In CGS      35833 T=   1.258E+11 dT=   6.743E+05
     35961   4.197E+02   1.868E-03   5.642E+03
In CGS      35961 T=   1.259E+11 dT=   5.603E+05
     36089   4.199E+02   1.569E-03   5.672E+03
In CGS      36089 T=   1.260E+11 dT=   4.706E+05
     36217   4.201E+02   1.436E-03   5.703E+03
In CGS      36217 T=   1.260E+11 dT=   4.309E+05
     36345   4.203E+02   1.395E-03   5.733E+03
In CGS      36345 T=   1.261E+11 dT=   4.184E+05
     36473   4.204E+02   1.374E-03   5.763E+03
In CGS      36473 T=   1.261E+11 dT=   4.123E+05
     36601   4.206E+02   1.357E-03   5.793E+03
In CGS      36601 T=   1.262E+11 dT=   4.072E+05
     36717   4.208E+02   1.323E-03   5.842E+03
In CGS      36717 T=   1.262E+11 dT=   3.968E+05
     36845   4.209E+02   1.301E-03   5.872E+03
In CGS      36845 T=   1.263E+11 dT=   3.904E+05
     36973   4.211E+02   1.287E-03   5.903E+03
In CGS      36973 T=   1.263E+11 dT=   3.862E+05
     37101   4.213E+02   1.296E-03   5.933E+03
In CGS      37101 T=   1.264E+11 dT=   3.887E+05
     37229   4.214E+02   1.286E-03   5.963E+03
In CGS      37229 T=   1.264E+11 dT=   3.858E+05
     37357   4.216E+02   1.267E-03   5.993E+03
In CGS      37357 T=   1.265E+11 dT=   3.800E+05
     37481   4.217E+02   1.239E-03   6.023E+03
In CGS      37481 T=   1.265E+11 dT=   3.716E+05
     37608   4.219E+02   1.205E-03   6.053E+03
In CGS      37608 T=   1.266E+11 dT=   3.614E+05
     37735   4.221E+02   1.177E-03   6.084E+03
In CGS      37735 T=   1.266E+11 dT=   3.532E+05
     37861   4.222E+02   1.162E-03   6.114E+03
In CGS      37861 T=   1.267E+11 dT=   3.486E+05
     37988   4.223E+02   8.951E-04   6.144E+03
In CGS      37988 T=   1.267E+11 dT=   2.685E+05
     38116   4.225E+02   1.178E-03   6.174E+03
In CGS      38116 T=   1.267E+11 dT=   3.535E+05
     38243   4.226E+02   1.201E-03   6.204E+03
In CGS      38243 T=   1.268E+11 dT=   3.603E+05
     38370   4.228E+02   1.231E-03   6.234E+03
In CGS      38370 T=   1.268E+11 dT=   3.692E+05
     38497   4.230E+02   1.181E-03   6.264E+03
In CGS      38497 T=   1.269E+11 dT=   3.542E+05
     38624   4.231E+02   1.078E-03   6.294E+03
In CGS      38624 T=   1.269E+11 dT=   3.235E+05
mpiexec: Forwarding signal 18 to job
slurmstepd-tycho63: error: *** JOB 1761952 ON tycho63 CANCELLED AT 2021-01-25T21:13:41 ***
