mkdir: cannot create directory ‘Shang06_over_1000_yrsd’: File exists
1757455
tycho63
/scratch/mrabenanahary/run.1757455.tycho63
::::::::::::::
Shang06_over_1000_yrsd.par
::::::::::::::
!==============================================================
! Project : YSO JET MIALY
! Aim     :
! Results :
! Method  : Use cartesian coordinate
!
! Update  : 22/11/2019
! configuration :
! Openmpi/gfortran or intel or ....
! $AMRVAC_DIR/setup.pl -d=2 -phys=hd -arch=default
! with intel
! $AMRVAC_DIR/setup.pl -d=2 -phys=hd -arch=intel
!==============================================================

 &filelist
        base_filename='Output/Shang06_over_1000_yrsd/Jet_Shang06_'
        saveprim=.true.
        autoconvert=.true.
        convert_type='vtuBCCmpi'
        nwauxio = 4
        restart_from_file='Jet_Shang06_0100.dat'
        /
        convert = .true.



        snapshotnext =0326
/




/
        nwauxio=10




/


 &savelist
        itsave(1,1)=0
        itsave(1,2)=0
        dtsave_log=3.1557600d7   ! 1 year 3.1557600d6 = 0.1 yr
	!ditsave_log =50
        dtsave_dat=  3.1557600d9! 100 yr!6.31152d8!20 yrs !1.57788000d9!50 yrs !3.1557600d9! 1 yrdensitys  1.57788000d8!5 yrs !3.1557600d7   ! 100 year; 3.1557600d7 = 1 yr
        !ditsave_dat =1
 /

        ditsave_log = 1
        ditsave_dat =1
        dtsave_dat =21.08

 &stoplist

        dtmin=1.0d-13
        !time_max= 99d15 ! years
        time_max=  3.15576d11 ! 10000 yrs 1.26e10! 400 yrs !3.786912d10! 1200 yrs ! 1.90607904d10!604 yrs ! 1.893456d10!600 yrs ! 3.15576d10! 1000yrs!6.31152d10! 2000 yrs ! 3.15576d11! 10000yrs ! 1.262304d10!400yrs!3.15576d9!3.15576d10! 1000yrs  !1.893456e11!600yrs!!9.46728d9!300yrs!6.311520000d9!7.8894d9!9.46728d9!7.8894d9 ! in s from years : 7.8894d9 = 250 yrs
        !it_max=10


/
  reset_it=.true.

          it_init=0






 &methodlist
        time_integrator          =  'twostep'
        typepred1                =  20*'tvdlf'!>>HH4647 !'hllcd'!si vraiment ça ne marche pas, essayer :! 'hll'! si au bord persiste des problemes, essayer : ! 'tvdlf'
        flux_scheme              =  20*'tvdlf'!,18*'tvdlf'!>>HH4647 !'hllcd'!si vraiment ça ne marche pas, essayer :! 'hll'! si au bord persiste des problemes, essayer : ! 'tvdlf'
        limiter                  =  20*'minmod'!>>HH4647 !'koren'!'cada3'
        small_pressure           = 1.0d-9
        small_density            = 1.0d-8
        small_values_method      =  'average'
        small_values_daverage    = 8

        check_small_values       = .true.
        small_values_force_floor = .true.
        loglimit(1) = .false.


 /
         loglimit(4) = .true.
         loglimit(1)            = .true.
         loglimit(5)            = .true.
         loglimit(6)            = .true.
         loglimit(7)            = .true.
        tvdlfeps=0.5d0

 &boundlist
        internalboundary  = .true.
        nghostcells       = 4
        typeboundary_min1 =  'symm','asymm','symm','asymm','symm',2*'symm'!, ! C.L. gauche <=> rmin
        typeboundary_max1 =  7*'cont'                                    ! C.L. droite <=> rmax
        typeboundary_min2 =  'symm','asymm','symm','symm','symm',2*'symm'                                     ! C.L. inférieure <=> zmin
        typeboundary_max2 =  7*'cont'                                        ! C.L. supérieure <=> zmax                                      ! C.L. supérieure <=> zmax

/
        typeboundary_max3 = 8*'cont'                                         ! C.L. arrière <=> phi/profondeur max
        typeboundary_min3 = 8*'cont'                                         ! C.L. avant <=> phi/profondeur min
 /

 &meshlist
        ! grid at level 1
        xprobmin1 =  0.0d0    ! cm
        xprobmax1 =  1.5d17 ! cm 2.5d16!1.25d16 !>>HH4647 !4.0d16 !2.0d16   ! cm
        xprobmin2 =  0.0d0    ! cm
        xprobmax2 =  1.25d17!>>HH4647 !1.0d17 !2.0d17    ! cm

        ! total cell at level 1
        domain_nx1= 240!40!>>HH4647 !64!32!
        domain_nx2= 200!>>HH4647 !160!320!
        ! number of cell by block
        block_nx1 = 8!8!
        block_nx2 = 8!8!

        ! AMR configuration
        refine_criterion=3
        refine_max_level=5 !>>HH4647 !
        refine_threshold=20*0.05d0
        derefine_ratio=20*0.05d0
      !  w_refine_weight(1)=0.25d0
      !  w_refine_weight(2)=0.25d0
      !  w_refine_weight(3)=0.25d0
        w_refine_weight(1)=1.0d0

        max_blocks = 20000
        ! can be added when is needed
        prolongprimitive= .true.
        coarsenprimitive= .true.
        /







 /
        stretched_grid    = .true.
        stretched_dim(1)  = .true.
        stretched_dim(2)  = .true.
        itfixgrid =0

 &paramlist
        typecourant         = 'maxsum'
        courantpar          = 0.8d0
        slowsteps           = 1500
        small_getdt_average = .true.
        small_dt_coef       = 1.0d-6
 /

  &hd_list
         hd_energy            = .true. !>>HH4647 !
         hd_gamma             = 1.666666667 !>>HH4647 ! hd_temperature_isotherm = 100
         SI_unit              = .false.  ! use cgs

         He_abundance         = 0.1d0                     !

         hd_dust              = .false.   ! dust off
         hd_radiative_cooling = .true. !>>HH4647 .false.!.true.    ! cooling on
         hd_chemical          = .false.   ! use chemical
         hd_n_tracer          = 2
         hd_mean_mup_on       = .true. !>>HH4647 .true.
   /



 !'MLcosmol' : 'Use Mellema & Lundqvist (2002) cooling curve for zero metallicity '
 !'SPEX_DM'  : 'Use SPEX cooling curve for solar metallicity above 10^4 K. At lower temperatures,use Dalgarno & McCray (1972), with a pre-set ionization fraction of 10^-3 as described by Schure et al. (2009). '
   &rc_list
         ncool            = 4000
         coolcurve        = 'SPEX_DM'!'MLcosmol' !
         coolmethod       = 'exact'
         cfrac            = 1.d0
         Tfix             = .false.
         tlow             = 110 !>>HH4647
         coolsaveL        = .true.
         coolsavedT       = .true.
   /


 &dust_list
     dust_n_species           = 2
     dust_min_rho             = 1.0d-10
     gas_mu                   = 1.0d0
     dust_method              = 'Kwok'
     dust_small_to_zero       = .true.
     dust_temperature         = 1.0d0
     dust_temperature_type    = 'silicate'
     dust_source_split        = .false.
     dust_it_diff             = 50000
   /





 &usr_list
        usrconfig%ism_on              = .true.                      !> set ism
        usrconfig%cloud_on            = .false.                      !> set cloud
        usrconfig%cloud_structure     = 2                           !> cloud structure type
        usrconfig%jet_yso_on          = .true. !>>HH4647.false.!.false.!.false.!                      !> set a jet
        usrconfig%physunit_on         = .true.                      !> set the normalisation in use
        usrconfig%reset_medium        = .true.                      !> set on the reset
        usrconfig%coordinate_system   = 'cylindrical_2.5D'            !> geometry in use in 2D
        usrconfig%phys_inuse          = 'hd' !'mhd' ! set physique want to be used

        usrconfig%phys_isotherm_on              = .false.!>>HH4647.true. ! use isotherme
        !usrconfig%phys_temperature_isotherm     = 100 ! Le 2001

        usrconfig%reset_flux_scheme_on          = .true.
        usrconfig%reset_flux_scheme_diffuse     = 'tvdlf'
        usrconfig%reset_flux_scheme_thresholdL1 = 1.0d-6


 /




&usr_physical_unit_list
 phys_unit%unit                  = 'cgs'
 phys_unit%length                = 1.496d14                 ! cm (1 parsec) : par defaut = 1.496d14
 phys_unit%time                  = 3d8                      ! s (2 year) : par defaut = 3d10
 phys_unit%number_density        = 1.0d-6 !>>HH4647                      ! cm^-3 : par defaut = 1.0d8 (1.0d5 pour un milieu ambiant tres peu dense, e.g. a 100cm-3)                      ! cm^-3 : par defaut = 1.0d8 (1.0d5 pour un milieu ambiant tres peu dense, e.g. a 100cm-3)
 phys_unit%chemical_He_abundance = 0.1d0
/

!11/12/19 : pour ISM et le projet n°1 de Sylvie Cabrit sur son article de 1997, les paramètres ci-dessous pour l'ISM ont été testés
!et fixées aux valeurs recommandées et correspondant le mieux à la simulation de l'article
 &usr_ism_list
  ism_config%unit               ='cgs'
  ism_config%density            = 1.6d-18         !Li & Shu et 1996b ism density if it set to 0 it will use number_density
  ism_config%number_density     = 0.0d0  !>>HH4647  !2.95d9    !1.0d2     !4.44d6     ! Zheng19 = 2.95d9 cm-3 ! ism number density (1/cm^3) ) of protons n_H = facteur rho_j (e.g. = 100 cm-3) physique dans l'expression du profil de densité rho_c du milieu ambiant
                                            ! and w(ixO^S,phys_ind%rho_)        =  self%myconfig%density = = self%myconfig%number_density*mp = rho_h the mass density of protons
                                            ! si tu l'augmentes e.g. a number_density=1.0d3,
                                            !la valeur rho_c=rho_j de densité au niveau de la frontière inférieure ISM augmente d'un facteur 10
  ism_config%velocity(1)        = 0.0       ! ism  speed components (cm/s) R/X : 0.0 = milieu statique
  ism_config%velocity(2)        = 0.0!5.d8     ! ism  speed components (cm/s) Z : 0.0 = milieu statique
  ism_config%velocity(3)        = 0.0       ! ism  speed components (cm/s)  Y : 0.0 = milieu statique
  ism_config%Mach_number_tomov_obj= 0.0       ! ism  speed components (cm/s)  Y : 0.0 = milieu statique
  ism_config%temperature        = 100.0d0  !>>HH4647   ! Zheng19 = 50 K ! ism temperature (K) : influence la valeur de pression et de force de gravité contrebalaçant mais pas le gradient de pression
  ism_config%pressure           = 0.0d0     !1.3806485199999997d-12! ism pressure if is set to 0 it will use temperature : äraview trouve a T=100 K et rho_j=100 cm-3 >>> p_j = 2.71055e-12 Ba
  ism_config%tracer_on          = .true.    ! ism tracer
  ism_config%tracer_init_density= 1.0d3     ! ism tracer density

  ism_config%reset_on           = .true.    ! ism reset
  ism_config%reset_coef         = 0.8! 0.0     ! ism reset  coefficient
  ism_config%reset_dtemperature = 1.0d-2    !> set the pressure variation
  ism_config%reset_distance(2)  =  1.01d18  ! ism rest distance
  ism_config%reset_scale(2)     =  5d16     ! ism reset scalling distance

  ism_config%boundary_cond(2,2) = 'open'
  ism_config%boundary_on        = .true.

ism_config%profile_typeaxial  = 'spherical'!'projection_direction'
ism_config%profile_idir       = 0.0,1.0,0.0       !z=2,r=1  !  ism profile direction

ism_config%profile_center     = 0,0,0

ism_config%profile_density_on = .true. ! Zheng=True ! .false. ! .true. ! ISM set density profile
ism_config%profile_pressure_on= .true. ! Zheng=True ! .false. !.true.

ism_config%profile_density    = 'Lee2001'!>>HH4647'cabrit1997' ! Zheng19 = 'cabrit1997' !ISM density profile
ism_config%profile_force_on   = .true. ! Zheng=True  !.true.!.false.!.true. ! .false. ! ISM set force profile
ism_config%profile_force_gradP_on = .true.

ism_config%profile_zc    = 7.0d16!4.49d14 ! 1.0d16 !4.49d14 ! Zheng19 = 30 au = 4.49d14 cm :  grandeur de normalisation dans le profil de pression/densite (en cm)
ism_config%profile_rw    = 2.5d15 !> ISM reference radius for Lee 2001 profile (in cm)
ism_config%profile_kappa    = 2.0d0 ! Zheng19 = 2 ! indice kappa pour la loi de densité et de pression : 'cabrit1997' <=> kappa=2
ism_config%profile_shiftstart = 0.00d0 !>>HH4647 3.33d14 ! 3.33d14 ! 1.0d15 ! the distance from which the ISM profile is set

ism_config%chemical_gas_type = 'fullyatomic'!>>HH4647'fullymolecular'
ism_config%He_abundance      = 0.1
/

&usr_usrboundary_ism_list
  usrboundary_config%boundary_type(2,2) = 'open'
  usrboundary_config%useprimitive       = .false.
  usrboundary_config%flux_frac          = 1.0d-2
/

!11/12/19 : pour le jet et le projet n°1 de Sylvie Cabrit sur son article de 1997, les paramètres ci-dessous pour le jet ont été testés
!et fixées aux valeurs recommandées et correspondant le mieux à la simulation de l'article
&usr_cla_jet_list
    cla_jet_config%unit                  =  'cgs' !> physical unit at parameter file
    cla_jet_config%time_cla_jet_on       =  0.0d0 !> initial time the cla_jet is set in the simulation box

    cla_jet_config%myindice              =  0       !> cla_jet associated indice
    cla_jet_config%density               =  0.0d0 !> cla_jet density  (g/cm^3) densite totale en particules H+H^++H2+He

    cla_jet_config%number_density        =  1.53d6 !7.6d5 !1.0d5 !7.65e5  ! = ntot = nH * 1.4 : densite en H+H^++H2+He,
                                            ! et où nH = densite retournee par Paraview est la densite en H+H^++H2
                                            ! Zhang19 = 0.3-5 e-7 Msun/yr >>> n0= 42864.27- 1.072d6 cm-3 on impose le flux de masse 1.0d5 !> cla_jet number density (1/cm^3)  Reference  Whittle, J. D. Silverman, et al. 2004 : on doit désactiver le flux de masse pour pouvoir utiliser cette densité
    cla_jet_config%temperature           =  100.0d0  !>>HH4647 !> cla_jet temperature  (K)
    cla_jet_config%pressure              =  0.0d0   !> cla_jet pressure
    cla_jet_config%pressure_toism        =  0.0d0   !> cla_jet pressure relative to ism pressure
    cla_jet_config%magnetic(1)           =  0.0d0   !> cla_jet magnetic field components : 0.0d0 = HD
    cla_jet_config%magnetic(2)           =  0.0d0   !> cla_jet magnetic field components : 0.0d0 = HD
    cla_jet_config%magnetic(3)           =  0.0d0   !> cla_jet magnetic field components : 0.0d0 = HD
    cla_jet_config%xisigma               =  0.0d0   !> cla_jet magnetisation : 0.0d0 = HD
    cla_jet_config%magn_anglePHItoPol    =  0.0d0   !> cla_jet magnetisation field incl : 0.0d0 = HD

    cla_jet_config%Mach_number           =  0.0!250.0d0   !> cla_jet  Mach number : Par défaut : Ma = 20
    cla_jet_config%c_sound               =  0.0d0   !> cla_jet  sound speed (cm/s)
    cla_jet_config%velocity(1)           =  0.0d0   !> cla_jet  velocity (radial speed)(cm/s)
    cla_jet_config%velocity(2)           =  1.0d7 !>>HH46471.5d7 !0.0d0 !1.0d7   !1.0d7!> cla_jet  velocity (longitudinal speed)(cm/s) ! Reference  Whittle, J. D. Silverman, et al. 2004 ! Projet n°1 de Sylvie (Cabrit et Raga 1997) => Vjet = 150 km/s = 1.5d7 cm/s (sans tenir compte de la variabilité temporelle du jet) !cla_jet_config%velocity_poloidal     =  0.0d0 !1.0d7 ! Zhang19 = 100 km/s
    cla_jet_config%velocity(3)           =  0.0d0   !> cla_jet  velocity (rotation speed)(cm/s)
    cla_jet_config%velocity_poloidal     =  0.0d0
    cla_jet_config%power                 =  0.0d0   !> wind power flux
    cla_jet_config%mass_flux             =  0.0d0   ! 3.15e19 ! flux en H+H^++H2 1.13d21 !1.89d18 ! grammes/s>>>Zhang19 = 0.3e-7 Msun/yr  0.0!9.8525563d16!1.9705112501213315d17!1.3136741667475542d17!!   !> wind mass flux : cabrit1997 = 1.3136741d17 à Vjet = 100 km/s et 1.9705111e+17 à Vjet = 150 km/s (Vjet = 150 km/s ne marche qu a basse resolution de maillage)
                                            ! c'est par l'imposition de cla_jet_config%mass_flux et de cla_jet_config%velocity(2) que la densité est alors imposée à l'intérieur du jet
                                            ! pour avoir :
                                            ! * Vjet = 100 km/s, R_jet = 0.5e16 cm et n_jet = 100 cm-3 >>> mass_flux = 1.3136741667475542e+17 g / s
                                            ! * Vjet = 150 km/s, R_jet = 0.5e16 cm et n_jet = 100 cm-3 >>> mass_flux = 1.9705112501213315e+17 g / s
                                            ! * Vjet = 150 km/s, R_jet = 0.5e16 cm et n_jet = 50 cm-3 >>> mass_flux = 9.8525563e+16 g / s

    cla_jet_config%open_angle            = 3.0d0 !>>HH4647 !>  cla_jet initial open angle  (degre): 0.0d0 = jet droit cylindrique
    cla_jet_config%z_in                  =  -46.275d18 !> cla_jet inner boundary position
    cla_jet_config%z_impos               =  8.22d14 !>>HH4647 !3.50d14  ! 1d15!6.52128d14!3.26128d15!1.495978707d13!1.495978707d14!> cla_jet initial jet-wind region height : 1.495978707e15 cm = 100 au
    cla_jet_config%z_out_init            =  8.30d14 !>>HH4647 !3.52d14 ! 2d15!9.52128d14!3.26128d15!1.495978707d13!1.495978707d14!0.5d15!0.5d14!> cla_jet  impose z height : 1.495978707e15 cm = 100 au
    cla_jet_config%r_out_init            =  7.47d14 !=50 UA>>HH4647 3.0d15!1.611031692203301d15!> cla_jet inner boundary wind position : zhang19 = 7.48d14 cm = 50 au
    cla_jet_config%r_out_impos           =  7.47d14 !=50 UA>>HH4647 !1.611031692203301d15!> cla_jet  impose radius : Rjet (Cabrit1997) = 0.5d16 cm; zhang19 = 7.48d14 , necessary to impose density or mass flux on the inner boundary

    cla_jet_config%r_in_init             =  0.0 !-7.48d14 !> cla_jet inner jet  region : position de la limite gauche du jet en coordonnées cylindriques : à tenir compte dans le calcul de la surface d'éjection du jet et donc du calcul du flux de masse ejectée

    cla_jet_config%tracer_on             =  .true. !> cla_jet logical to set tracer
    cla_jet_config%tracer_init_density   =  1.0d3  !> cla_jet tracer density
    cla_jet_config%tracer_small_density  =  1.0d1    !> cla_jet tracer small density
    cla_jet_config%shape                 =  'cartesian'  !> cla_jet shape
    cla_jet_config%profile               =  'none'  !> cla_jet profile


    cla_jet_config%variation_on          =  .true. ! Zhang19 .false. !.true.! to set on  or off the jet-injection in-real-time velocity variability
    cla_jet_config%variation_start_time  =  0.0d0 !3d7 ! time (in s in cgs) at which to begin the time variability : 0.0 to begin at the start of the simulation
    cla_jet_config%variation_end_time    =  4d15
    cla_jet_config%variation_velocity_amplitude =  5.0d6 !>>HH4647 ! 5d6 cm/s = 50 km/s
    cla_jet_config%variation_velocity_poloidal =  5.0d6 !>>HH4647
    cla_jet_config%variation_velocity(1) =  0.0!1.0d7
    cla_jet_config%variation_velocity(2) =  5.0d6 !>>HH4647 ! 5d6 cm/s = 50 km/s
    cla_jet_config%variation_velocity(3) =  0.0d0
    cla_jet_config%variation_time        =  3.15576d9!=100 yrs !>>HH4647 ! 1.262304d9! 40 yrs ! 1.57788d9!50 yrs ! !9.46728d9!Zheng19=300 yrs =9.46728d9 !3.15576d9!=100 yrs !3.15576d7 !=1 yr ! time length scale during which the jet velocity typically varies : 3.155760000d9 (s) = 100 yrs
    cla_jet_config%variation_position    =  0.0d0,8.22d14 ,0.0d0 !>>HH4647 !0.0d0, 1d15 ,0.0d0 !0.0d0, 1.495978707d14,0.0d0 ! = 0,10 au,0position (in 3d : if cylindrical : phi = 3, z=2, r=1) under which is set the time variability : default = 0,3d15,0
    cla_jet_config%variation_type        =  'sawtooth2' !>>HH4647 !Zheng19='sawtooth' ? (d ares Sylvie) >> vérifier avec 'sin' ! 'sin'!'sin' !'door'! type of the velocity variation induced in the velocity profile, see subroutine usr_mat_profile_scalar in mod_obj_mat.t to see which possibilities are avalaible
    cla_jet_config%variation_phys_nvariable   = 1  ! number of physical variable with variation
    cla_jet_config%variation_phys_variable(1) =  3 ! 3 mean the velocity in Z direction

    cla_jet_config%refine_min_level      = 5
    cla_jet_config%chemical_gas_type     = 'fullyatomic' !>>HH4647



/
 ---------------------------------------------------------------------------
 ---------------------------------------------------------------------------
 |         __  __ ____ ___        _    __  __ ______     ___    ____       |
 |        |  \/  |  _ \_ _|      / \  |  \/  |  _ \ \   / / \  / ___|      |
 |        | |\/| | |_) | |_____ / _ \ | |\/| | |_) \ \ / / _ \| |          |
 |        | |  | |  __/| |_____/ ___ \| |  | |  _ < \ V / ___ \ |___       |
 |        |_|  |_|_|  |___|   /_/   \_\_|  |_|_| \_\ \_/_/   \_\____|      |
 --------------------------------------------------------------------------
 ---------------------------------------------------------------------------
  End of reading of the usr_list
  End of reading of the usr_list
  End of reading of the usr_list
  End of reading of the usr_list
  End of reading of the usr_list
  End of reading of the usr_list
  End of reading of the usr_list
  End of reading of the usr_list
  End of reading of the usr_list
 Reading usr_list
  End of reading of the usr_list
  End of reading of the usr_list
  End of reading of the usr_list
  End of reading of the usr_list
  End of reading of the usr_list
  End of reading of the usr_list
 Reading usr_physical_values_list
  End of reading of the usr_list
  End of reading of the usr_list
  End of reading of the usr_list
  End of reading of the usr_list
  End of reading of the usr_list
  End of reading of the usr_list
  End of reading of the usr_list
  End of reading of the usr_list
  End of reading of the usr_list
  End of reading of the usr_list
  End of reading of the usr_list
  End of reading of the usr_list
  End of reading of the usr_list
  End of reading of the usr_list
  End of reading of the usr_list
 Reading usr_ism_list
  End of reading of the usr_list
  End of reading of the usr_list
  End of reading of the usr_list
  End of reading of the usr_list
  End of reading of the usr_list
  End of reading of the usr_list
  End of reading of the usr_list
  End of reading of the usr_list
  End of reading of the usr_list
  End of reading of the usr_list
  End of reading of the usr_list
  End of reading of the usr_list
  End of reading of the usr_list
  End of reading of the usr_list
 End of Reading 
 usr_ismlist0                                                                  
 Reading usr_boundary_list           1 
 boundary                                                                      
  End of reading of the usr_list
  End of reading of the usr_list
  End of reading of the usr_list
 End of Reading 
 usr_boundarylist1                                                             
 Reading usr_cla_jet_list
  End of reading of the hd_list
  End of reading of the hd_list
  End of reading of the hd_list
  End of reading of the hd_list
  End of reading of the hd_list
  End of reading of the hd_list
  End of reading of the hd_list
  End of reading of the hd_list
  End of reading of the hd_list
  End of reading of the rc_list
  End of reading of the rc_list
  End of reading of the rc_list
  End of reading of the hd_list
  End of reading of the rc_list
  End of reading of the rc_list
  End of reading of the rc_list
  End of reading of the rc_list
  End of reading of the hd_list
  End of reading of the rc_list
  End of reading of the hd_list
  End of reading of the hd_list
  End of reading of the hd_list
  End of reading of the rc_list
  End of reading of the hd_list
  End of reading of the hd_list
  End of reading of the hd_list
  End of reading of the hd_list
  End of reading of the hd_list
  End of reading of the hd_list
  End of reading of the rc_list
  End of reading of the hd_list
  End of reading of the rc_list
  End of reading of the rc_list
  End of reading of the hd_list
  End of reading of the rc_list
  End of reading of the rc_list
  End of reading of the hd_list
  End of reading of the hd_list
  End of reading of the rc_list
  End of reading of the hd_list
  End of reading of the rc_list
  End of reading of the rc_list
  End of reading of the hd_list
  End of reading of the rc_list
  End of reading of the rc_list
  End of reading of the hd_list
  End of reading of the rc_list
  End of reading of the rc_list
  End of reading of the hd_list
  End of reading of the hd_list
  End of reading of the rc_list
  End of reading of the rc_list
  End of reading of the rc_list
  End of reading of the hd_list
  End of reading of the rc_list
  End of reading of the rc_list
  End of reading of the hd_list
  End of reading of the rc_list
  End of reading of the rc_list
 Use SPEX cooling curve for solar metallicity above 10^4 K. 
 At lower temperatures,use Dalgarno & McCray (1972), 
 with a pre-set ionization fraction of 10^-3. 
 as described by Schure et al. (2009). 
  End of reading of the hd_list
  End of reading of the hd_list
  End of reading of the rc_list
  End of reading of the hd_list
  End of reading of the rc_list
  End of reading of the hd_list
  End of reading of the hd_list
  End of reading of the hd_list
  End of reading of the hd_list
  End of reading of the hd_list
  End of reading of the rc_list
  End of reading of the hd_list
  End of reading of the rc_list
  End of reading of the hd_list
  End of reading of the hd_list
  End of reading of the hd_list
  End of reading of the rc_list
  End of reading of the hd_list
  End of reading of the hd_list
  End of reading of the rc_list
  End of reading of the rc_list
  End of reading of the rc_list
  End of reading of the rc_list
  End of reading of the rc_list
  End of reading of the rc_list
  End of reading of the hd_list
  End of reading of the rc_list
  End of reading of the rc_list
  End of reading of the rc_list
  End of reading of the rc_list
  End of reading of the rc_list
  End of reading of the rc_list
  End of reading of the rc_list
 Reading Shang06_over_1000_yrsd.par
 End par file read
  End of reading of the usr_list
 
 Output type | dtsave    | ditsave | itsave(1) | tsave(1)
         log | 0.105E+00 | ******  |      0    | *********
      normal | 0.105E+02 | ******  |      0    | *********
       slice | ********* | ******  | ******    | *********
   collapsed | ********* | ******  | ******    | *********
    analysis | ********* | ******  | ******    | *********
 
                 typelimited: predictor                                                                                                                          
         Domain size (cells): 240 200 
                Level one dx: 0.418E+01 0.418E+01 
           Refine estimation: Lohner's scheme
                   slicenext: 0
                collapsenext: 0
           restart_from_file:  Jet_Shang06_0100.dat
                  converting: F

  End of reading of the hd_list
  End of reading of the rc_list
  End of reading of the hd_list
  End of reading of the rc_list
 1)the jet radius =    747000000000000.     
 2)the jet radius =    761718750000000.     
 1)the jet radius =    747000000000000.     
 2)the jet radius =    761718750000000.     
 1)the jet radius =    747000000000000.     
 2)the jet radius =    761718750000000.     
 1)the jet radius =    747000000000000.     
 2)the jet radius =    761718750000000.     
 1)the jet radius =    747000000000000.     
 2)the jet radius =    761718750000000.     
 1)the jet radius =    747000000000000.     
 2)the jet radius =    761718750000000.     
 1)the jet radius =    747000000000000.     
 2)the jet radius =    761718750000000.     
 1)the jet radius =    747000000000000.     
 2)the jet radius =    761718750000000.     
 1)the jet radius =    747000000000000.     
 2)the jet radius =    761718750000000.     
 1)the jet radius =    747000000000000.     
 2)the jet radius =    761718750000000.     
 1)the jet radius =    747000000000000.     
 2)the jet radius =    761718750000000.     
 1)the jet radius =    747000000000000.     
 2)the jet radius =    761718750000000.     
 1)the jet radius =    747000000000000.     
 2)the jet radius =    761718750000000.     
 1)the jet radius =    747000000000000.     
 2)the jet radius =    761718750000000.     
 1)the jet radius =    747000000000000.     
 2)the jet radius =    761718750000000.     
 1)the jet radius =    747000000000000.     
 2)the jet radius =    761718750000000.     
 the ism temperature =    100.000000000000     
 ism density  1.600000000000000E-018
 ism nH   683272.906387098     
 1)the jet radius =    747000000000000.     
 2)the jet radius =    761718750000000.     
 the jet temperature =    100.000000000000     
 jet density  3.582755846334000E-018
 jet ndensity   1530000.00000000     
 the jet mflux =   6.535127618026069E+019
 3)the jet radius =    761718750000000.     
 3)the jet inner radius =   -19531250000000.0     
 the jet Surface =   1.824050507017674E+030
 phys_config%He_abundance  0.100000000000000     
 in mod_obj_usr_unit.t usr_physical_unit_fillphysunit subroutine: 
 ism density  2.341670487800000E-030
 ism ndensity  1.000000000000000E-006
 ism pressure  5.822995576026895E-019
 ism temperature   2567.22208410676     
 1)the jet radius =    747000000000000.     
 2)the jet radius =    761718750000000.     
 1)the jet radius =    747000000000000.     
 2)the jet radius =    761718750000000.     
 1)the jet radius =    747000000000000.     
 2)the jet radius =    761718750000000.     
 1)the jet radius =    747000000000000.     
 2)the jet radius =    761718750000000.     
 1)the jet radius =    747000000000000.     
 2)the jet radius =    761718750000000.     
 1)the jet radius =    747000000000000.     
 2)the jet radius =    761718750000000.     
 1)the jet radius =    747000000000000.     
 2)the jet radius =    761718750000000.     
 1)the jet radius =    747000000000000.     
 2)the jet radius =    761718750000000.     
 1)the jet radius =    747000000000000.     
 2)the jet radius =    761718750000000.     
 1)the jet radius =    747000000000000.     
 2)the jet radius =    761718750000000.     
 1)the jet radius =    747000000000000.     
 2)the jet radius =    761718750000000.     
 1)the jet radius =    747000000000000.     
 2)the jet radius =    761718750000000.     
 1)the jet radius =    747000000000000.     
 2)the jet radius =    761718750000000.     
 1)the jet radius =    747000000000000.     
 2)the jet radius =    761718750000000.     
 1)the jet radius =    747000000000000.     
 2)the jet radius =    761718750000000.     
 1)the jet radius =    747000000000000.     
 2)the jet radius =    761718750000000.     
 1)the jet radius =    747000000000000.     
 2)the jet radius =    761718750000000.     
 1)the jet radius =    747000000000000.     
 2)the jet radius =    761718750000000.     
 1)the jet radius =    747000000000000.     
 2)the jet radius =    761718750000000.     
 1)the jet radius =    747000000000000.     
 2)the jet radius =    761718750000000.     
 1)the jet radius =    747000000000000.     
 2)the jet radius =    761718750000000.     
 1)the jet radius =    747000000000000.     
 2)the jet radius =    761718750000000.     
 1)the jet radius =    747000000000000.     
 2)the jet radius =    761718750000000.     
 1)the jet radius =    747000000000000.     
 2)the jet radius =    761718750000000.     
 1)the jet radius =    747000000000000.     
 2)the jet radius =    761718750000000.     
 1)the jet radius =    747000000000000.     
 2)the jet radius =    761718750000000.     
 1)the jet radius =    747000000000000.     
 2)the jet radius =    761718750000000.     
 1)the jet radius =    747000000000000.     
 2)the jet radius =    761718750000000.     
 1)the jet radius =    747000000000000.     
 2)the jet radius =    761718750000000.     
 1)the jet radius =    747000000000000.     
 2)the jet radius =    761718750000000.     
 1)the jet radius =    747000000000000.     
 2)the jet radius =    761718750000000.     
 -------------------------------------------------------------------------------
 Startup phase took :             0.431 sec
 -------------------------------------------------------------------------------
 Start integrating, print status every  3.00E+01 seconds
        it        time          dt  wc-time(s)
     19768   1.052E+02   6.531E-03   1.390E-02
In CGS      19768 T=   3.156E+10 dT=   1.959E+06
     19896   1.060E+02   6.500E-03   3.006E+01
In CGS      19896 T=   3.179E+10 dT=   1.950E+06
     20023   1.068E+02   6.645E-03   6.009E+01
In CGS      20023 T=   3.203E+10 dT=   1.994E+06
     20149   1.076E+02   6.778E-03   9.013E+01
In CGS      20149 T=   3.228E+10 dT=   2.033E+06
     20260   1.083E+02   9.563E-04   1.204E+02
In CGS      20260 T=   3.250E+10 dT=   2.869E+05
     20371   1.091E+02   7.108E-03   1.505E+02
In CGS      20371 T=   3.273E+10 dT=   2.132E+06
     20484   1.099E+02   7.259E-03   1.807E+02
In CGS      20484 T=   3.297E+10 dT=   2.178E+06
     20607   1.108E+02   2.098E-03   2.110E+02
In CGS      20607 T=   3.323E+10 dT=   6.295E+05
     20732   1.116E+02   7.502E-03   2.411E+02
In CGS      20732 T=   3.349E+10 dT=   2.251E+06
     20856   1.125E+02   6.721E-03   2.712E+02
In CGS      20856 T=   3.376E+10 dT=   2.016E+06
     20980   1.135E+02   7.695E-03   3.014E+02
In CGS      20980 T=   3.404E+10 dT=   2.309E+06
     21104   1.144E+02   7.782E-03   3.316E+02
In CGS      21104 T=   3.432E+10 dT=   2.335E+06
     21227   1.153E+02   7.858E-03   3.616E+02
In CGS      21227 T=   3.460E+10 dT=   2.357E+06
 -------------------------------------------------------------------------------
 Saving visual data. Coordinate directions and variable names are:
          -1 R               
           0 Z               
           1 rho             rho             
           2 v1              v1              
           3 v2              v2              
           4 v3              v3              
           5 p               p               
           6 tracer_ism      tracer_ism      
           7 tracer_jet      tracer_jet      
           8 mup             mup             
           9 L1              L1              
          10 dtcool1         dtcool1         
          11 mach_number     mach_number     
          12 temperature     temperature     
          13 level           level           
          14 number density  number density  
 time =   115.711200000000     
 -------------------------------------------------------------------------------
     21278   1.157E+02   6.534E-03   4.057E+02
In CGS      21278 T=   3.472E+10 dT=   1.960E+06
     21399   1.165E+02   6.482E-03   4.359E+02
In CGS      21399 T=   3.494E+10 dT=   1.945E+06
     21520   1.172E+02   6.618E-03   4.660E+02
In CGS      21520 T=   3.517E+10 dT=   1.985E+06
     21642   1.180E+02   6.779E-03   4.961E+02
In CGS      21642 T=   3.541E+10 dT=   2.034E+06
     21764   1.188E+02   6.944E-03   5.262E+02
In CGS      21764 T=   3.565E+10 dT=   2.083E+06
     21886   1.197E+02   7.078E-03   5.565E+02
In CGS      21886 T=   3.590E+10 dT=   2.123E+06
     22007   1.205E+02   7.290E-03   5.865E+02
In CGS      22007 T=   3.616E+10 dT=   2.187E+06
     22128   1.214E+02   7.306E-03   6.167E+02
In CGS      22128 T=   3.641E+10 dT=   2.192E+06
     22248   1.222E+02   7.548E-03   6.467E+02
In CGS      22248 T=   3.666E+10 dT=   2.264E+06
     22368   1.231E+02   7.566E-03   6.769E+02
In CGS      22368 T=   3.693E+10 dT=   2.270E+06
     22488   1.240E+02   7.674E-03   7.070E+02
In CGS      22488 T=   3.720E+10 dT=   2.302E+06
     22608   1.249E+02   7.801E-03   7.372E+02
In CGS      22608 T=   3.747E+10 dT=   2.340E+06
     22726   1.258E+02   7.870E-03   7.673E+02
In CGS      22726 T=   3.774E+10 dT=   2.361E+06
     22785   1.262E+02   6.534E-03   8.155E+02
In CGS      22785 T=   3.787E+10 dT=   1.960E+06
     22904   1.270E+02   6.479E-03   8.456E+02
In CGS      22904 T=   3.809E+10 dT=   1.944E+06
     23022   1.277E+02   6.575E-03   8.756E+02
In CGS      23022 T=   3.831E+10 dT=   1.973E+06
     23140   1.285E+02   6.740E-03   9.057E+02
In CGS      23140 T=   3.855E+10 dT=   2.022E+06
     23257   1.293E+02   6.893E-03   9.358E+02
In CGS      23257 T=   3.878E+10 dT=   2.068E+06
     23374   1.301E+02   7.122E-03   9.659E+02
In CGS      23374 T=   3.902E+10 dT=   2.137E+06
     23490   1.309E+02   7.295E-03   9.959E+02
In CGS      23490 T=   3.926E+10 dT=   2.189E+06
     23606   1.317E+02   7.360E-03   1.026E+03
In CGS      23606 T=   3.950E+10 dT=   2.208E+06
     23722   1.325E+02   7.484E-03   1.056E+03
In CGS      23722 T=   3.975E+10 dT=   2.245E+06
     23837   1.333E+02   7.572E-03   1.086E+03
In CGS      23837 T=   4.000E+10 dT=   2.272E+06
     23953   1.342E+02   7.637E-03   1.116E+03
In CGS      23953 T=   4.026E+10 dT=   2.291E+06
     24068   1.351E+02   4.932E-03   1.147E+03
In CGS      24068 T=   4.052E+10 dT=   1.480E+06
     24183   1.359E+02   7.793E-03   1.177E+03
In CGS      24183 T=   4.078E+10 dT=   2.338E+06
     24294   1.368E+02   6.534E-03   1.240E+03
In CGS      24294 T=   4.103E+10 dT=   1.960E+06
     24409   1.375E+02   6.540E-03   1.270E+03
In CGS      24409 T=   4.124E+10 dT=   1.962E+06
     24524   1.382E+02   6.639E-03   1.300E+03
In CGS      24524 T=   4.145E+10 dT=   1.992E+06
     24638   1.389E+02   6.740E-03   1.330E+03
In CGS      24638 T=   4.168E+10 dT=   2.022E+06
     24749   1.397E+02   6.830E-03   1.361E+03
In CGS      24749 T=   4.190E+10 dT=   2.049E+06
     24861   1.404E+02   7.100E-03   1.391E+03
In CGS      24861 T=   4.212E+10 dT=   2.130E+06
     24975   1.412E+02   7.222E-03   1.421E+03
In CGS      24975 T=   4.236E+10 dT=   2.167E+06
     25088   1.420E+02   2.692E-03   1.451E+03
In CGS      25088 T=   4.260E+10 dT=   8.077E+05
     25200   1.428E+02   7.425E-03   1.481E+03
In CGS      25200 T=   4.284E+10 dT=   2.227E+06
     25312   1.436E+02   7.499E-03   1.511E+03
In CGS      25312 T=   4.307E+10 dT=   2.250E+06
     25424   1.444E+02   6.267E-03   1.541E+03
In CGS      25424 T=   4.333E+10 dT=   1.880E+06
     25535   1.453E+02   7.717E-03   1.572E+03
In CGS      25535 T=   4.358E+10 dT=   2.315E+06
     25645   1.461E+02   7.780E-03   1.602E+03
In CGS      25645 T=   4.383E+10 dT=   2.334E+06
     25754   1.469E+02   7.849E-03   1.632E+03
In CGS      25754 T=   4.407E+10 dT=   2.355E+06
     25804   1.473E+02   6.534E-03   1.681E+03
In CGS      25804 T=   4.418E+10 dT=   1.960E+06
     25914   1.480E+02   6.488E-03   1.711E+03
In CGS      25914 T=   4.439E+10 dT=   1.946E+06
     26024   1.486E+02   1.673E-04   1.741E+03
In CGS      26024 T=   4.459E+10 dT=   5.019E+04
     26133   1.493E+02   6.701E-03   1.772E+03
In CGS      26133 T=   4.480E+10 dT=   2.010E+06
     26242   1.501E+02   6.891E-03   1.802E+03
In CGS      26242 T=   4.502E+10 dT=   2.067E+06
     26351   1.508E+02   7.012E-03   1.832E+03
In CGS      26351 T=   4.524E+10 dT=   2.103E+06
     26460   1.516E+02   7.181E-03   1.862E+03
In CGS      26460 T=   4.547E+10 dT=   2.154E+06
     26568   1.523E+02   7.261E-03   1.892E+03
In CGS      26568 T=   4.570E+10 dT=   2.178E+06
     26676   1.531E+02   7.392E-03   1.922E+03
In CGS      26676 T=   4.592E+10 dT=   2.218E+06
     26782   1.538E+02   7.548E-03   1.952E+03
In CGS      26782 T=   4.615E+10 dT=   2.264E+06
     26889   1.546E+02   6.300E-03   1.982E+03
In CGS      26889 T=   4.639E+10 dT=   1.890E+06
     26996   1.554E+02   7.675E-03   2.012E+03
In CGS      26996 T=   4.663E+10 dT=   2.302E+06
     27103   1.562E+02   7.730E-03   2.043E+03
In CGS      27103 T=   4.687E+10 dT=   2.319E+06
     27210   1.570E+02   7.797E-03   2.073E+03
In CGS      27210 T=   4.711E+10 dT=   2.339E+06
     27311   1.578E+02   6.535E-03   2.138E+03
In CGS      27311 T=   4.734E+10 dT=   1.960E+06
     27418   1.585E+02   6.480E-03   2.168E+03
In CGS      27418 T=   4.754E+10 dT=   1.944E+06
     27524   1.591E+02   6.592E-03   2.198E+03
In CGS      27524 T=   4.773E+10 dT=   1.977E+06
     27630   1.598E+02   6.712E-03   2.228E+03
In CGS      27630 T=   4.794E+10 dT=   2.014E+06
     27734   1.605E+02   6.809E-03   2.258E+03
In CGS      27734 T=   4.815E+10 dT=   2.043E+06
     27840   1.612E+02   7.036E-03   2.288E+03
In CGS      27840 T=   4.835E+10 dT=   2.111E+06
     27945   1.619E+02   7.241E-03   2.318E+03
In CGS      27945 T=   4.858E+10 dT=   2.172E+06
     28048   1.626E+02   7.277E-03   2.348E+03
In CGS      28048 T=   4.879E+10 dT=   2.183E+06
     28150   1.634E+02   1.552E-03   2.379E+03
In CGS      28150 T=   4.901E+10 dT=   4.656E+05
     28251   1.641E+02   7.496E-03   2.409E+03
In CGS      28251 T=   4.922E+10 dT=   2.249E+06
     28351   1.648E+02   7.560E-03   2.439E+03
In CGS      28351 T=   4.944E+10 dT=   2.268E+06
     28451   1.656E+02   7.634E-03   2.469E+03
In CGS      28451 T=   4.967E+10 dT=   2.290E+06
     28551   1.663E+02   5.127E-03   2.499E+03
In CGS      28551 T=   4.989E+10 dT=   1.538E+06
     28651   1.671E+02   7.801E-03   2.530E+03
In CGS      28651 T=   5.012E+10 dT=   2.340E+06
     28748   1.678E+02   7.846E-03   2.560E+03
In CGS      28748 T=   5.033E+10 dT=   2.354E+06
     28819   1.683E+02   6.534E-03   2.618E+03
In CGS      28819 T=   5.049E+10 dT=   1.960E+06
     28918   1.689E+02   6.458E-03   2.648E+03
In CGS      28918 T=   5.068E+10 dT=   1.937E+06
     29017   1.695E+02   6.545E-03   2.678E+03
In CGS      29017 T=   5.086E+10 dT=   1.963E+06
     29116   1.702E+02   6.646E-03   2.708E+03
In CGS      29116 T=   5.105E+10 dT=   1.994E+06
     29215   1.708E+02   6.792E-03   2.738E+03
In CGS      29215 T=   5.125E+10 dT=   2.037E+06
     29314   1.715E+02   6.943E-03   2.769E+03
In CGS      29314 T=   5.145E+10 dT=   2.083E+06
     29413   1.722E+02   7.113E-03   2.799E+03
In CGS      29413 T=   5.165E+10 dT=   2.134E+06
     29511   1.728E+02   7.237E-03   2.829E+03
In CGS      29511 T=   5.185E+10 dT=   2.171E+06
     29609   1.735E+02   7.311E-03   2.859E+03
In CGS      29609 T=   5.206E+10 dT=   2.193E+06
     29707   1.742E+02   7.453E-03   2.889E+03
In CGS      29707 T=   5.227E+10 dT=   2.236E+06
     29805   1.749E+02   7.511E-03   2.919E+03
In CGS      29805 T=   5.247E+10 dT=   2.253E+06
     29903   1.756E+02   7.572E-03   2.950E+03
In CGS      29903 T=   5.269E+10 dT=   2.272E+06
     30001   1.764E+02   7.634E-03   2.980E+03
In CGS      30001 T=   5.291E+10 dT=   2.290E+06
     30099   1.771E+02   7.685E-03   3.010E+03
In CGS      30099 T=   5.313E+10 dT=   2.306E+06
     30197   1.778E+02   7.769E-03   3.040E+03
In CGS      30197 T=   5.335E+10 dT=   2.331E+06
     30295   1.786E+02   7.825E-03   3.070E+03
In CGS      30295 T=   5.357E+10 dT=   2.348E+06
     30329   1.788E+02   6.534E-03   3.119E+03
In CGS      30329 T=   5.365E+10 dT=   1.960E+06
     30427   1.794E+02   6.485E-03   3.150E+03
In CGS      30427 T=   5.383E+10 dT=   1.945E+06
     30523   1.800E+02   6.536E-03   3.180E+03
In CGS      30523 T=   5.401E+10 dT=   1.961E+06
     30619   1.807E+02   6.730E-03   3.210E+03
In CGS      30619 T=   5.420E+10 dT=   2.019E+06
     30715   1.813E+02   6.789E-03   3.240E+03
In CGS      30715 T=   5.439E+10 dT=   2.037E+06
     30810   1.819E+02   6.999E-03   3.270E+03
In CGS      30810 T=   5.457E+10 dT=   2.100E+06
     30905   1.826E+02   7.096E-03   3.300E+03
In CGS      30905 T=   5.477E+10 dT=   2.129E+06
     31000   1.832E+02   7.202E-03   3.330E+03
In CGS      31000 T=   5.497E+10 dT=   2.161E+06
     31095   1.839E+02   7.326E-03   3.360E+03
In CGS      31095 T=   5.516E+10 dT=   2.198E+06
     31190   1.846E+02   7.407E-03   3.390E+03
In CGS      31190 T=   5.537E+10 dT=   2.222E+06
     31285   1.852E+02   7.478E-03   3.421E+03
In CGS      31285 T=   5.557E+10 dT=   2.243E+06
     31379   1.859E+02   7.563E-03   3.451E+03
In CGS      31379 T=   5.577E+10 dT=   2.269E+06
     31474   1.866E+02   7.617E-03   3.481E+03
In CGS      31474 T=   5.599E+10 dT=   2.285E+06
     31568   1.873E+02   7.676E-03   3.511E+03
In CGS      31568 T=   5.620E+10 dT=   2.303E+06
     31662   1.880E+02   7.737E-03   3.541E+03
In CGS      31662 T=   5.641E+10 dT=   2.321E+06
     31756   1.887E+02   7.811E-03   3.571E+03
In CGS      31756 T=   5.662E+10 dT=   2.343E+06
     31838   1.894E+02   6.534E-03   3.636E+03
In CGS      31838 T=   5.681E+10 dT=   1.960E+06
     31932   1.899E+02   6.469E-03   3.666E+03
In CGS      31932 T=   5.698E+10 dT=   1.941E+06
     32026   1.905E+02   6.567E-03   3.696E+03
In CGS      32026 T=   5.715E+10 dT=   1.970E+06
     32109   1.910E+02   6.645E-03   3.726E+03
In CGS      32109 T=   5.731E+10 dT=   1.994E+06
     32188   1.916E+02   6.736E-03   3.756E+03
In CGS      32188 T=   5.747E+10 dT=   2.021E+06
     32272   1.921E+02   6.823E-03   3.787E+03
In CGS      32272 T=   5.764E+10 dT=   2.047E+06
     32364   1.927E+02   6.993E-03   3.817E+03
In CGS      32364 T=   5.782E+10 dT=   2.098E+06
     32456   1.934E+02   7.136E-03   3.847E+03
In CGS      32456 T=   5.801E+10 dT=   2.141E+06
     32548   1.940E+02   7.218E-03   3.878E+03
In CGS      32548 T=   5.820E+10 dT=   2.165E+06
     32639   1.946E+02   7.299E-03   3.908E+03
In CGS      32639 T=   5.839E+10 dT=   2.190E+06
     32730   1.953E+02   7.444E-03   3.938E+03
In CGS      32730 T=   5.859E+10 dT=   2.233E+06
     32821   1.959E+02   7.524E-03   3.968E+03
In CGS      32821 T=   5.878E+10 dT=   2.257E+06
     32912   1.966E+02   7.577E-03   3.998E+03
In CGS      32912 T=   5.898E+10 dT=   2.273E+06
     33003   1.973E+02   7.626E-03   4.028E+03
In CGS      33003 T=   5.919E+10 dT=   2.288E+06
     33093   1.980E+02   5.395E-03   4.058E+03
In CGS      33093 T=   5.939E+10 dT=   1.619E+06
     33183   1.986E+02   7.764E-03   4.088E+03
In CGS      33183 T=   5.959E+10 dT=   2.329E+06
     33273   1.993E+02   7.810E-03   4.119E+03
In CGS      33273 T=   5.980E+10 dT=   2.343E+06
     33347   1.999E+02   6.534E-03   4.183E+03
In CGS      33347 T=   5.996E+10 dT=   1.960E+06
     33437   2.004E+02   6.458E-03   4.213E+03
In CGS      33437 T=   6.013E+10 dT=   1.937E+06
     33527   2.010E+02   6.577E-03   4.243E+03
In CGS      33527 T=   6.029E+10 dT=   1.973E+06
     33616   2.016E+02   6.637E-03   4.273E+03
In CGS      33616 T=   6.047E+10 dT=   1.991E+06
     33705   2.021E+02   6.758E-03   4.304E+03
In CGS      33705 T=   6.064E+10 dT=   2.027E+06
     33793   2.027E+02   6.967E-03   4.334E+03
In CGS      33793 T=   6.082E+10 dT=   2.090E+06
     33881   2.033E+02   6.980E-03   4.364E+03
In CGS      33881 T=   6.099E+10 dT=   2.094E+06
     33969   2.039E+02   7.155E-03   4.394E+03
In CGS      33969 T=   6.117E+10 dT=   2.147E+06
     34057   2.045E+02   7.179E-03   4.424E+03
In CGS      34057 T=   6.136E+10 dT=   2.154E+06
     34145   2.051E+02   7.316E-03   4.454E+03
In CGS      34145 T=   6.154E+10 dT=   2.195E+06
     34233   2.058E+02   7.442E-03   4.485E+03
In CGS      34233 T=   6.173E+10 dT=   2.233E+06
     34321   2.064E+02   7.502E-03   4.515E+03
In CGS      34321 T=   6.191E+10 dT=   2.251E+06
     34409   2.070E+02   7.569E-03   4.545E+03
In CGS      34409 T=   6.211E+10 dT=   2.271E+06
     34497   2.077E+02   7.646E-03   4.575E+03
In CGS      34497 T=   6.231E+10 dT=   2.294E+06
     34585   2.083E+02   7.702E-03   4.605E+03
In CGS      34585 T=   6.250E+10 dT=   2.311E+06
     34674   2.090E+02   7.747E-03   4.635E+03
In CGS      34674 T=   6.270E+10 dT=   2.324E+06
     34762   2.097E+02   7.815E-03   4.665E+03
In CGS      34762 T=   6.290E+10 dT=   2.345E+06
     34850   2.103E+02   7.869E-03   4.696E+03
In CGS      34850 T=   6.310E+10 dT=   2.361E+06
     34857   2.104E+02   6.534E-03   4.738E+03
In CGS      34857 T=   6.312E+10 dT=   1.960E+06
     34945   2.109E+02   6.450E-03   4.768E+03
In CGS      34945 T=   6.328E+10 dT=   1.935E+06
     35033   2.115E+02   6.523E-03   4.798E+03
In CGS      35033 T=   6.344E+10 dT=   1.957E+06
     35121   2.120E+02   6.660E-03   4.828E+03
In CGS      35121 T=   6.361E+10 dT=   1.998E+06
     35209   2.126E+02   6.750E-03   4.858E+03
In CGS      35209 T=   6.379E+10 dT=   2.025E+06
     35297   2.132E+02   6.819E-03   4.888E+03
In CGS      35297 T=   6.396E+10 dT=   2.046E+06
     35385   2.138E+02   7.009E-03   4.919E+03
In CGS      35385 T=   6.413E+10 dT=   2.103E+06
     35471   2.144E+02   7.110E-03   4.949E+03
In CGS      35471 T=   6.431E+10 dT=   2.133E+06
     35559   2.150E+02   7.268E-03   4.979E+03
In CGS      35559 T=   6.450E+10 dT=   2.180E+06
     35647   2.156E+02   7.377E-03   5.010E+03
In CGS      35647 T=   6.469E+10 dT=   2.213E+06
     35735   2.162E+02   7.415E-03   5.040E+03
In CGS      35735 T=   6.487E+10 dT=   2.225E+06
     35823   2.169E+02   7.484E-03   5.070E+03
In CGS      35823 T=   6.506E+10 dT=   2.245E+06
     35911   2.175E+02   7.548E-03   5.100E+03
In CGS      35911 T=   6.525E+10 dT=   2.264E+06
     35999   2.182E+02   7.625E-03   5.130E+03
In CGS      35999 T=   6.545E+10 dT=   2.287E+06
     36087   2.188E+02   7.678E-03   5.161E+03
In CGS      36087 T=   6.564E+10 dT=   2.303E+06
     36175   2.195E+02   7.718E-03   5.191E+03
In CGS      36175 T=   6.584E+10 dT=   2.315E+06
     36263   2.201E+02   7.778E-03   5.221E+03
In CGS      36263 T=   6.604E+10 dT=   2.333E+06
     36350   2.208E+02   2.865E-03   5.251E+03
In CGS      36350 T=   6.624E+10 dT=   8.596E+05
     36366   2.209E+02   6.534E-03   5.305E+03
In CGS      36366 T=   6.627E+10 dT=   1.960E+06
     36453   2.214E+02   6.446E-03   5.335E+03
In CGS      36453 T=   6.643E+10 dT=   1.934E+06
     36540   2.220E+02   6.592E-03   5.365E+03
In CGS      36540 T=   6.659E+10 dT=   1.978E+06
     36627   2.225E+02   6.593E-03   5.395E+03
In CGS      36627 T=   6.676E+10 dT=   1.978E+06
     36713   2.231E+02   6.730E-03   5.425E+03
In CGS      36713 T=   6.693E+10 dT=   2.019E+06
     36799   2.237E+02   6.863E-03   5.456E+03
In CGS      36799 T=   6.710E+10 dT=   2.059E+06
     36885   2.242E+02   7.017E-03   5.486E+03
In CGS      36885 T=   6.727E+10 dT=   2.105E+06
     36971   2.248E+02   7.056E-03   5.516E+03
In CGS      36971 T=   6.745E+10 dT=   2.117E+06
     37057   2.254E+02   4.380E-03   5.546E+03
In CGS      37057 T=   6.763E+10 dT=   1.314E+06
     37142   2.260E+02   7.314E-03   5.576E+03
In CGS      37142 T=   6.781E+10 dT=   2.194E+06
     37228   2.266E+02   7.410E-03   5.607E+03
In CGS      37228 T=   6.799E+10 dT=   2.223E+06
     37314   2.272E+02   7.448E-03   5.637E+03
In CGS      37314 T=   6.817E+10 dT=   2.234E+06
     37400   2.278E+02   7.554E-03   5.667E+03
In CGS      37400 T=   6.835E+10 dT=   2.266E+06
     37486   2.285E+02   7.606E-03   5.697E+03
In CGS      37486 T=   6.855E+10 dT=   2.282E+06
     37572   2.291E+02   7.670E-03   5.728E+03
In CGS      37572 T=   6.874E+10 dT=   2.301E+06
     37657   2.298E+02   7.724E-03   5.758E+03
In CGS      37657 T=   6.893E+10 dT=   2.317E+06
     37742   2.304E+02   7.795E-03   5.788E+03
In CGS      37742 T=   6.913E+10 dT=   2.339E+06
     37827   2.311E+02   7.826E-03   5.818E+03
In CGS      37827 T=   6.932E+10 dT=   2.348E+06
     37877   2.314E+02   6.534E-03   5.885E+03
In CGS      37877 T=   6.943E+10 dT=   1.960E+06
     37962   2.319E+02   6.438E-03   5.915E+03
In CGS      37962 T=   6.958E+10 dT=   1.931E+06
     38047   2.325E+02   6.536E-03   5.945E+03
In CGS      38047 T=   6.974E+10 dT=   1.961E+06
     38132   2.330E+02   6.605E-03   5.976E+03
In CGS      38132 T=   6.990E+10 dT=   1.982E+06
     38216   2.336E+02   6.707E-03   6.006E+03
In CGS      38216 T=   7.007E+10 dT=   2.012E+06
     38300   2.341E+02   6.835E-03   6.036E+03
In CGS      38300 T=   7.024E+10 dT=   2.051E+06
     38384   2.347E+02   6.961E-03   6.066E+03
In CGS      38384 T=   7.040E+10 dT=   2.088E+06
     38467   2.352E+02   7.138E-03   6.096E+03
In CGS      38467 T=   7.057E+10 dT=   2.142E+06
     38550   2.358E+02   7.285E-03   6.126E+03
In CGS      38550 T=   7.075E+10 dT=   2.185E+06
     38632   2.364E+02   7.358E-03   6.157E+03
In CGS      38632 T=   7.092E+10 dT=   2.207E+06
     38715   2.370E+02   7.382E-03   6.187E+03
In CGS      38715 T=   7.110E+10 dT=   2.215E+06
     38798   2.376E+02   7.457E-03   6.217E+03
In CGS      38798 T=   7.127E+10 dT=   2.237E+06
     38881   2.382E+02   5.173E-05   6.247E+03
In CGS      38881 T=   7.145E+10 dT=   1.552E+04
     38963   2.388E+02   7.578E-03   6.277E+03
In CGS      38963 T=   7.163E+10 dT=   2.273E+06
     39045   2.394E+02   7.634E-03   6.307E+03
In CGS      39045 T=   7.181E+10 dT=   2.290E+06
     39127   2.400E+02   7.685E-03   6.337E+03
In CGS      39127 T=   7.200E+10 dT=   2.305E+06
     39209   2.406E+02   7.770E-03   6.367E+03
In CGS      39209 T=   7.218E+10 dT=   2.331E+06
     39291   2.412E+02   7.827E-03   6.398E+03
In CGS      39291 T=   7.237E+10 dT=   2.348E+06
     39373   2.418E+02   7.848E-03   6.428E+03
In CGS      39373 T=   7.255E+10 dT=   2.355E+06
     39387   2.419E+02   6.534E-03   6.483E+03
In CGS      39387 T=   7.258E+10 dT=   1.960E+06
     39469   2.425E+02   6.428E-03   6.513E+03
In CGS      39469 T=   7.274E+10 dT=   1.928E+06
     39551   2.430E+02   6.531E-03   6.543E+03
In CGS      39551 T=   7.289E+10 dT=   1.959E+06
     39633   2.435E+02   6.589E-03   6.573E+03
In CGS      39633 T=   7.304E+10 dT=   1.977E+06
     39715   2.440E+02   6.750E-03   6.603E+03
In CGS      39715 T=   7.320E+10 dT=   2.025E+06
     39797   2.446E+02   6.797E-03   6.634E+03
In CGS      39797 T=   7.337E+10 dT=   2.039E+06
     39879   2.451E+02   1.061E-03   6.664E+03
In CGS      39879 T=   7.353E+10 dT=   3.183E+05
     39961   2.457E+02   7.061E-03   6.694E+03
In CGS      39961 T=   7.370E+10 dT=   2.118E+06
     40043   2.462E+02   7.169E-03   6.724E+03
In CGS      40043 T=   7.387E+10 dT=   2.151E+06
     40124   2.468E+02   7.328E-03   6.754E+03
In CGS      40124 T=   7.404E+10 dT=   2.198E+06
     40205   2.474E+02   7.413E-03   6.785E+03
In CGS      40205 T=   7.421E+10 dT=   2.224E+06
     40287   2.479E+02   7.421E-03   6.815E+03
In CGS      40287 T=   7.438E+10 dT=   2.226E+06
     40369   2.485E+02   7.515E-03   6.845E+03
In CGS      40369 T=   7.455E+10 dT=   2.254E+06
     40450   2.491E+02   7.568E-03   6.875E+03
In CGS      40450 T=   7.473E+10 dT=   2.270E+06
     40531   2.497E+02   6.323E-03   6.905E+03
In CGS      40531 T=   7.492E+10 dT=   1.897E+06
     40612   2.503E+02   7.661E-03   6.935E+03
In CGS      40612 T=   7.510E+10 dT=   2.298E+06
     40694   2.509E+02   7.735E-03   6.966E+03
In CGS      40694 T=   7.528E+10 dT=   2.320E+06
     40776   2.516E+02   7.800E-03   6.996E+03
In CGS      40776 T=   7.547E+10 dT=   2.340E+06
     40858   2.522E+02   7.854E-03   7.026E+03
In CGS      40858 T=   7.565E+10 dT=   2.356E+06
     40897   2.525E+02   6.534E-03   7.084E+03
In CGS      40897 T=   7.574E+10 dT=   1.960E+06
     40979   2.530E+02   6.428E-03   7.114E+03
In CGS      40979 T=   7.589E+10 dT=   1.929E+06
     41061   2.535E+02   6.568E-03   7.144E+03
In CGS      41061 T=   7.604E+10 dT=   1.970E+06
     41143   2.540E+02   6.614E-03   7.174E+03
In CGS      41143 T=   7.620E+10 dT=   1.984E+06
     41225   2.545E+02   6.716E-03   7.205E+03
In CGS      41225 T=   7.636E+10 dT=   2.015E+06
     41307   2.551E+02   6.840E-03   7.235E+03
In CGS      41307 T=   7.652E+10 dT=   2.052E+06
     41389   2.556E+02   8.543E-04   7.265E+03
In CGS      41389 T=   7.668E+10 dT=   2.563E+05
     41471   2.562E+02   7.066E-03   7.296E+03
In CGS      41471 T=   7.685E+10 dT=   2.120E+06
     41543   2.567E+02   7.243E-03   7.326E+03
In CGS      41543 T=   7.700E+10 dT=   2.173E+06
     41617   2.572E+02   7.298E-03   7.356E+03
In CGS      41617 T=   7.716E+10 dT=   2.189E+06
     41695   2.577E+02   7.371E-03   7.387E+03
In CGS      41695 T=   7.732E+10 dT=   2.211E+06
     41774   2.583E+02   7.429E-03   7.417E+03
In CGS      41774 T=   7.749E+10 dT=   2.229E+06
     41856   2.589E+02   4.419E-04   7.447E+03
In CGS      41856 T=   7.766E+10 dT=   1.326E+05
     41938   2.595E+02   7.541E-03   7.477E+03
In CGS      41938 T=   7.784E+10 dT=   2.262E+06
     42020   2.601E+02   7.620E-03   7.508E+03
In CGS      42020 T=   7.802E+10 dT=   2.286E+06
     42102   2.607E+02   7.664E-03   7.538E+03
In CGS      42102 T=   7.821E+10 dT=   2.299E+06
     42184   2.613E+02   7.731E-03   7.568E+03
In CGS      42184 T=   7.839E+10 dT=   2.319E+06
     42266   2.619E+02   7.785E-03   7.598E+03
In CGS      42266 T=   7.858E+10 dT=   2.336E+06
     42347   2.625E+02   7.861E-03   7.629E+03
In CGS      42347 T=   7.876E+10 dT=   2.358E+06
     42407   2.630E+02   6.535E-03   7.695E+03
In CGS      42407 T=   7.890E+10 dT=   1.960E+06
     42489   2.635E+02   6.429E-03   7.725E+03
In CGS      42489 T=   7.905E+10 dT=   1.929E+06
     42571   2.640E+02   6.541E-03   7.756E+03
In CGS      42571 T=   7.920E+10 dT=   1.962E+06
     42652   2.645E+02   6.609E-03   7.786E+03
In CGS      42652 T=   7.935E+10 dT=   1.983E+06
     42733   2.650E+02   6.694E-03   7.816E+03
In CGS      42733 T=   7.951E+10 dT=   2.008E+06
     42814   2.656E+02   6.876E-03   7.846E+03
In CGS      42814 T=   7.967E+10 dT=   2.063E+06
     42895   2.661E+02   6.952E-03   7.876E+03
In CGS      42895 T=   7.983E+10 dT=   2.085E+06
     42976   2.667E+02   5.627E-03   7.906E+03
In CGS      42976 T=   8.000E+10 dT=   1.688E+06
     43057   2.672E+02   7.205E-03   7.936E+03
In CGS      43057 T=   8.017E+10 dT=   2.162E+06
     43137   2.678E+02   7.247E-03   7.966E+03
In CGS      43137 T=   8.034E+10 dT=   2.174E+06
     43218   2.684E+02   7.337E-03   7.996E+03
In CGS      43218 T=   8.051E+10 dT=   2.201E+06
     43299   2.689E+02   7.375E-03   8.027E+03
In CGS      43299 T=   8.068E+10 dT=   2.212E+06
     43380   2.695E+02   7.434E-03   8.057E+03
In CGS      43380 T=   8.085E+10 dT=   2.230E+06
     43461   2.701E+02   7.579E-03   8.087E+03
In CGS      43461 T=   8.102E+10 dT=   2.274E+06
     43542   2.707E+02   7.630E-03   8.118E+03
In CGS      43542 T=   8.120E+10 dT=   2.289E+06
     43623   2.713E+02   7.710E-03   8.148E+03
In CGS      43623 T=   8.139E+10 dT=   2.313E+06
     43704   2.719E+02   7.783E-03   8.178E+03
In CGS      43704 T=   8.157E+10 dT=   2.335E+06
     43785   2.725E+02   7.886E-03   8.208E+03
In CGS      43785 T=   8.175E+10 dT=   2.366E+06
     43865   2.731E+02   7.947E-03   8.238E+03
In CGS      43865 T=   8.193E+10 dT=   2.384E+06
     43918   2.735E+02   6.534E-03   8.303E+03
In CGS      43918 T=   8.205E+10 dT=   1.960E+06
     43999   2.740E+02   6.425E-03   8.334E+03
In CGS      43999 T=   8.220E+10 dT=   1.928E+06
     44080   2.745E+02   6.493E-03   8.364E+03
In CGS      44080 T=   8.235E+10 dT=   1.948E+06
     44161   2.750E+02   6.565E-03   8.394E+03
In CGS      44161 T=   8.251E+10 dT=   1.969E+06
     44242   2.756E+02   6.699E-03   8.424E+03
In CGS      44242 T=   8.267E+10 dT=   2.010E+06
     44323   2.761E+02   6.795E-03   8.455E+03
In CGS      44323 T=   8.283E+10 dT=   2.039E+06
     44404   2.766E+02   6.894E-03   8.485E+03
In CGS      44404 T=   8.299E+10 dT=   2.068E+06
     44485   2.772E+02   7.071E-03   8.515E+03
In CGS      44485 T=   8.315E+10 dT=   2.121E+06
     44563   2.777E+02   7.123E-03   8.545E+03
In CGS      44563 T=   8.331E+10 dT=   2.137E+06
     44644   2.783E+02   7.209E-03   8.575E+03
In CGS      44644 T=   8.348E+10 dT=   2.163E+06
     44725   2.788E+02   7.309E-03   8.606E+03
In CGS      44725 T=   8.365E+10 dT=   2.193E+06
     44806   2.794E+02   7.345E-03   8.636E+03
In CGS      44806 T=   8.382E+10 dT=   2.203E+06
     44887   2.800E+02   7.500E-03   8.666E+03
In CGS      44887 T=   8.399E+10 dT=   2.250E+06
     44967   2.806E+02   7.588E-03   8.696E+03
In CGS      44967 T=   8.417E+10 dT=   2.276E+06
     45047   2.812E+02   5.575E-03   8.726E+03
In CGS      45047 T=   8.435E+10 dT=   1.672E+06
     45127   2.818E+02   7.742E-03   8.757E+03
In CGS      45127 T=   8.453E+10 dT=   2.323E+06
     45207   2.824E+02   7.780E-03   8.787E+03
In CGS      45207 T=   8.471E+10 dT=   2.334E+06
     45287   2.830E+02   7.839E-03   8.817E+03
In CGS      45287 T=   8.489E+10 dT=   2.352E+06
     45367   2.836E+02   7.868E-03   8.847E+03
In CGS      45367 T=   8.507E+10 dT=   2.360E+06
     45427   2.840E+02   6.534E-03   8.916E+03
In CGS      45427 T=   8.521E+10 dT=   1.960E+06
     45507   2.845E+02   6.421E-03   8.946E+03
In CGS      45507 T=   8.535E+10 dT=   1.926E+06
     45587   2.850E+02   6.574E-03   8.977E+03
In CGS      45587 T=   8.550E+10 dT=   1.972E+06
     45667   2.855E+02   6.579E-03   9.007E+03
In CGS      45667 T=   8.566E+10 dT=   1.974E+06
     45747   2.860E+02   6.689E-03   9.037E+03
In CGS      45747 T=   8.581E+10 dT=   2.007E+06
     45827   2.866E+02   6.800E-03   9.067E+03
In CGS      45827 T=   8.597E+10 dT=   2.040E+06
     45907   2.871E+02   6.878E-03   9.098E+03
In CGS      45907 T=   8.613E+10 dT=   2.064E+06
     45986   2.876E+02   7.071E-03   9.128E+03
In CGS      45986 T=   8.629E+10 dT=   2.121E+06
     46065   2.882E+02   7.167E-03   9.158E+03
In CGS      46065 T=   8.645E+10 dT=   2.150E+06
     46144   2.887E+02   7.256E-03   9.188E+03
In CGS      46144 T=   8.662E+10 dT=   2.177E+06
     46223   2.893E+02   7.362E-03   9.218E+03
In CGS      46223 T=   8.679E+10 dT=   2.209E+06
     46302   2.898E+02   7.346E-03   9.248E+03
In CGS      46302 T=   8.695E+10 dT=   2.204E+06
     46381   2.904E+02   7.492E-03   9.278E+03
In CGS      46381 T=   8.712E+10 dT=   2.248E+06
     46460   2.910E+02   7.618E-03   9.308E+03
In CGS      46460 T=   8.729E+10 dT=   2.285E+06
     46539   2.916E+02   7.661E-03   9.339E+03
In CGS      46539 T=   8.747E+10 dT=   2.298E+06
     46618   2.922E+02   7.674E-03   9.369E+03
In CGS      46618 T=   8.765E+10 dT=   2.302E+06
     46697   2.927E+02   5.485E-03   9.399E+03
In CGS      46697 T=   8.780E+10 dT=   1.646E+06
     46776   2.930E+02   3.111E-03   9.429E+03
In CGS      46776 T=   8.790E+10 dT=   9.332E+05
     46855   2.932E+02   2.345E-03   9.460E+03
In CGS      46855 T=   8.796E+10 dT=   7.034E+05
     46934   2.934E+02   1.949E-03   9.490E+03
In CGS      46934 T=   8.801E+10 dT=   5.847E+05
     47013   2.935E+02   1.693E-03   9.520E+03
In CGS      47013 T=   8.805E+10 dT=   5.079E+05
     47092   2.936E+02   1.587E-03   9.550E+03
In CGS      47092 T=   8.809E+10 dT=   4.760E+05
     47171   2.938E+02   1.482E-03   9.580E+03
In CGS      47171 T=   8.813E+10 dT=   4.447E+05
     47250   2.939E+02   1.389E-03   9.610E+03
In CGS      47250 T=   8.816E+10 dT=   4.167E+05
     47329   2.940E+02   1.303E-03   9.640E+03
In CGS      47329 T=   8.819E+10 dT=   3.908E+05
     47408   2.941E+02   1.265E-03   9.670E+03
In CGS      47408 T=   8.822E+10 dT=   3.795E+05
     47487   2.942E+02   1.273E-03   9.700E+03
In CGS      47487 T=   8.825E+10 dT=   3.820E+05
     47564   2.943E+02   1.314E-03   9.730E+03
In CGS      47564 T=   8.828E+10 dT=   3.941E+05
     47643   2.944E+02   1.321E-03   9.761E+03
In CGS      47643 T=   8.832E+10 dT=   3.964E+05
     47722   2.945E+02   1.314E-03   9.791E+03
In CGS      47722 T=   8.835E+10 dT=   3.941E+05
     47762   2.945E+02   1.313E-03   9.852E+03
In CGS      47762 T=   8.836E+10 dT=   3.938E+05
     47841   2.946E+02   8.680E-04   9.882E+03
In CGS      47841 T=   8.839E+10 dT=   2.604E+05
     47920   2.947E+02   1.264E-03   9.912E+03
In CGS      47920 T=   8.842E+10 dT=   3.793E+05
     47999   2.948E+02   1.268E-03   9.942E+03
In CGS      47999 T=   8.845E+10 dT=   3.805E+05
     48078   2.949E+02   1.296E-03   9.973E+03
In CGS      48078 T=   8.848E+10 dT=   3.888E+05
     48157   2.950E+02   1.290E-03   1.000E+04
In CGS      48157 T=   8.851E+10 dT=   3.871E+05
     48236   2.951E+02   1.256E-03   1.003E+04
In CGS      48236 T=   8.854E+10 dT=   3.767E+05
     48314   2.952E+02   1.220E-03   1.006E+04
In CGS      48314 T=   8.857E+10 dT=   3.660E+05
     48393   2.953E+02   1.191E-03   1.009E+04
In CGS      48393 T=   8.860E+10 dT=   3.574E+05
     48472   2.954E+02   1.182E-03   1.012E+04
In CGS      48472 T=   8.863E+10 dT=   3.546E+05
     48551   2.955E+02   1.189E-03   1.015E+04
In CGS      48551 T=   8.866E+10 dT=   3.568E+05
     48630   2.956E+02   1.181E-03   1.018E+04
In CGS      48630 T=   8.868E+10 dT=   3.542E+05
     48709   2.957E+02   1.163E-03   1.021E+04
In CGS      48709 T=   8.871E+10 dT=   3.490E+05
     48788   2.958E+02   1.172E-03   1.024E+04
In CGS      48788 T=   8.874E+10 dT=   3.516E+05
     48867   2.959E+02   1.203E-03   1.027E+04
In CGS      48867 T=   8.877E+10 dT=   3.608E+05
     48946   2.960E+02   1.244E-03   1.030E+04
In CGS      48946 T=   8.880E+10 dT=   3.732E+05
     49025   2.961E+02   1.279E-03   1.033E+04
In CGS      49025 T=   8.883E+10 dT=   3.838E+05
     49103   2.962E+02   1.303E-03   1.036E+04
In CGS      49103 T=   8.886E+10 dT=   3.910E+05
     49181   2.963E+02   1.320E-03   1.039E+04
In CGS      49181 T=   8.889E+10 dT=   3.959E+05
     49260   2.964E+02   1.327E-03   1.042E+04
In CGS      49260 T=   8.892E+10 dT=   3.980E+05
     49339   2.965E+02   1.319E-03   1.046E+04
In CGS      49339 T=   8.895E+10 dT=   3.958E+05
     49418   2.966E+02   1.316E-03   1.049E+04
In CGS      49418 T=   8.898E+10 dT=   3.947E+05
     49497   2.967E+02   1.311E-03   1.052E+04
In CGS      49497 T=   8.901E+10 dT=   3.933E+05
     49576   2.968E+02   1.304E-03   1.055E+04
In CGS      49576 T=   8.904E+10 dT=   3.913E+05
     49655   2.969E+02   1.302E-03   1.058E+04
In CGS      49655 T=   8.907E+10 dT=   3.905E+05
     49734   2.970E+02   1.295E-03   1.061E+04
In CGS      49734 T=   8.910E+10 dT=   3.886E+05
     49812   2.971E+02   1.274E-03   1.064E+04
In CGS      49812 T=   8.913E+10 dT=   3.821E+05
     49890   2.972E+02   1.237E-03   1.067E+04
In CGS      49890 T=   8.916E+10 dT=   3.712E+05
     49968   2.973E+02   1.225E-03   1.070E+04
In CGS      49968 T=   8.919E+10 dT=   3.676E+05
     50047   2.974E+02   1.216E-03   1.073E+04
In CGS      50047 T=   8.922E+10 dT=   3.649E+05
     50125   2.975E+02   1.214E-03   1.076E+04
In CGS      50125 T=   8.925E+10 dT=   3.643E+05
     50203   2.976E+02   1.212E-03   1.079E+04
In CGS      50203 T=   8.928E+10 dT=   3.637E+05
     50281   2.977E+02   1.205E-03   1.082E+04
In CGS      50281 T=   8.930E+10 dT=   3.614E+05
     50359   2.978E+02   1.190E-03   1.085E+04
In CGS      50359 T=   8.933E+10 dT=   3.569E+05
     50437   2.979E+02   1.178E-03   1.088E+04
In CGS      50437 T=   8.936E+10 dT=   3.535E+05
     50513   2.980E+02   1.179E-03   1.091E+04
In CGS      50513 T=   8.939E+10 dT=   3.538E+05
     50581   2.980E+02   1.182E-03   1.094E+04
In CGS      50581 T=   8.941E+10 dT=   3.546E+05
     50652   2.981E+02   1.178E-03   1.097E+04
In CGS      50652 T=   8.943E+10 dT=   3.534E+05
     50725   2.982E+02   1.167E-03   1.100E+04
In CGS      50725 T=   8.946E+10 dT=   3.502E+05
     50803   2.983E+02   1.152E-03   1.103E+04
In CGS      50803 T=   8.949E+10 dT=   3.456E+05
     50881   2.984E+02   1.138E-03   1.106E+04
In CGS      50881 T=   8.951E+10 dT=   3.415E+05
     50959   2.985E+02   1.133E-03   1.109E+04
In CGS      50959 T=   8.954E+10 dT=   3.399E+05
     51037   2.986E+02   1.129E-03   1.112E+04
In CGS      51037 T=   8.957E+10 dT=   3.388E+05
     51115   2.986E+02   1.116E-03   1.115E+04
In CGS      51115 T=   8.959E+10 dT=   3.349E+05
     51193   2.987E+02   1.090E-03   1.118E+04
In CGS      51193 T=   8.962E+10 dT=   3.271E+05
     51271   2.988E+02   1.052E-03   1.121E+04
In CGS      51271 T=   8.964E+10 dT=   3.157E+05
     51349   2.989E+02   1.008E-03   1.124E+04
In CGS      51349 T=   8.967E+10 dT=   3.025E+05
     51427   2.990E+02   9.662E-04   1.127E+04
In CGS      51427 T=   8.969E+10 dT=   2.899E+05
     51505   2.990E+02   9.313E-04   1.130E+04
In CGS      51505 T=   8.971E+10 dT=   2.794E+05
     51583   2.991E+02   9.097E-04   1.133E+04
In CGS      51583 T=   8.973E+10 dT=   2.729E+05
     51661   2.992E+02   9.024E-04   1.136E+04
In CGS      51661 T=   8.975E+10 dT=   2.707E+05
     51739   2.993E+02   9.059E-04   1.139E+04
In CGS      51739 T=   8.978E+10 dT=   2.718E+05
     51817   2.993E+02   9.084E-04   1.142E+04
In CGS      51817 T=   8.980E+10 dT=   2.725E+05
     51895   2.994E+02   9.036E-04   1.145E+04
In CGS      51895 T=   8.982E+10 dT=   2.711E+05
     51973   2.995E+02   9.028E-04   1.148E+04
In CGS      51973 T=   8.984E+10 dT=   2.708E+05
     52051   2.995E+02   9.051E-04   1.151E+04
In CGS      52051 T=   8.986E+10 dT=   2.715E+05
     52129   2.996E+02   9.078E-04   1.154E+04
In CGS      52129 T=   8.988E+10 dT=   2.723E+05
     52206   2.997E+02   9.105E-04   1.157E+04
In CGS      52206 T=   8.990E+10 dT=   2.731E+05
     52283   2.997E+02   9.098E-04   1.160E+04
In CGS      52283 T=   8.992E+10 dT=   2.729E+05
     52361   2.998E+02   9.007E-04   1.163E+04
In CGS      52361 T=   8.994E+10 dT=   2.702E+05
     52439   2.999E+02   8.844E-04   1.166E+04
In CGS      52439 T=   8.996E+10 dT=   2.653E+05
     52517   3.000E+02   8.686E-04   1.169E+04
In CGS      52517 T=   8.999E+10 dT=   2.606E+05
     52595   3.000E+02   8.537E-04   1.172E+04
In CGS      52595 T=   9.001E+10 dT=   2.561E+05
     52672   3.001E+02   8.407E-04   1.175E+04
In CGS      52672 T=   9.002E+10 dT=   2.522E+05
     52749   3.001E+02   8.313E-04   1.178E+04
In CGS      52749 T=   9.004E+10 dT=   2.494E+05
     52827   3.002E+02   8.227E-04   1.181E+04
In CGS      52827 T=   9.006E+10 dT=   2.468E+05
     52904   3.003E+02   8.112E-04   1.184E+04
In CGS      52904 T=   9.008E+10 dT=   2.434E+05
     52981   3.003E+02   8.004E-04   1.187E+04
In CGS      52981 T=   9.010E+10 dT=   2.401E+05
     53058   3.004E+02   7.939E-04   1.190E+04
In CGS      53058 T=   9.012E+10 dT=   2.382E+05
     53136   3.005E+02   7.918E-04   1.193E+04
In CGS      53136 T=   9.014E+10 dT=   2.375E+05
     53213   3.005E+02   7.936E-04   1.196E+04
In CGS      53213 T=   9.016E+10 dT=   2.381E+05
     53290   3.006E+02   8.015E-04   1.199E+04
In CGS      53290 T=   9.017E+10 dT=   2.404E+05
     53367   3.006E+02   8.138E-04   1.202E+04
In CGS      53367 T=   9.019E+10 dT=   2.442E+05
     53444   3.007E+02   8.294E-04   1.205E+04
In CGS      53444 T=   9.021E+10 dT=   2.488E+05
     53521   3.008E+02   8.449E-04   1.208E+04
In CGS      53521 T=   9.023E+10 dT=   2.535E+05
     53597   3.008E+02   8.577E-04   1.211E+04
In CGS      53597 T=   9.025E+10 dT=   2.573E+05
     53674   3.009E+02   8.646E-04   1.214E+04
In CGS      53674 T=   9.027E+10 dT=   2.594E+05
     53751   3.010E+02   8.672E-04   1.217E+04
In CGS      53751 T=   9.029E+10 dT=   2.602E+05
     53828   3.010E+02   8.679E-04   1.220E+04
In CGS      53828 T=   9.031E+10 dT=   2.604E+05
     53905   3.011E+02   8.659E-04   1.223E+04
In CGS      53905 T=   9.033E+10 dT=   2.598E+05
     53982   3.012E+02   8.589E-04   1.226E+04
In CGS      53982 T=   9.035E+10 dT=   2.577E+05
     54059   3.012E+02   8.457E-04   1.229E+04
In CGS      54059 T=   9.037E+10 dT=   2.537E+05
     54136   3.013E+02   8.271E-04   1.232E+04
In CGS      54136 T=   9.039E+10 dT=   2.481E+05
     54213   3.014E+02   8.040E-04   1.235E+04
In CGS      54213 T=   9.041E+10 dT=   2.412E+05
     54290   3.014E+02   7.833E-04   1.238E+04
In CGS      54290 T=   9.043E+10 dT=   2.350E+05
     54367   3.015E+02   7.649E-04   1.241E+04
In CGS      54367 T=   9.044E+10 dT=   2.295E+05
     54444   3.015E+02   7.500E-04   1.244E+04
In CGS      54444 T=   9.046E+10 dT=   2.250E+05
     54521   3.016E+02   7.416E-04   1.248E+04
In CGS      54521 T=   9.048E+10 dT=   2.225E+05
     54598   3.017E+02   7.400E-04   1.251E+04
In CGS      54598 T=   9.050E+10 dT=   2.220E+05
     54675   3.017E+02   7.426E-04   1.254E+04
In CGS      54675 T=   9.051E+10 dT=   2.228E+05
     54752   3.018E+02   7.440E-04   1.257E+04
In CGS      54752 T=   9.053E+10 dT=   2.232E+05
     54829   3.018E+02   7.433E-04   1.260E+04
In CGS      54829 T=   9.055E+10 dT=   2.230E+05
     54906   3.019E+02   7.417E-04   1.263E+04
In CGS      54906 T=   9.056E+10 dT=   2.225E+05
     54983   3.019E+02   7.385E-04   1.266E+04
In CGS      54983 T=   9.058E+10 dT=   2.216E+05
     55060   3.020E+02   7.338E-04   1.269E+04
In CGS      55060 T=   9.060E+10 dT=   2.201E+05
     55137   3.020E+02   7.293E-04   1.272E+04
In CGS      55137 T=   9.061E+10 dT=   2.188E+05
     55214   3.021E+02   7.234E-04   1.275E+04
In CGS      55214 T=   9.063E+10 dT=   2.170E+05
     55291   3.022E+02   7.131E-04   1.278E+04
In CGS      55291 T=   9.065E+10 dT=   2.139E+05
     55368   3.022E+02   6.999E-04   1.281E+04
In CGS      55368 T=   9.066E+10 dT=   2.100E+05
     55445   3.023E+02   6.873E-04   1.284E+04
In CGS      55445 T=   9.068E+10 dT=   2.062E+05
     55522   3.023E+02   6.779E-04   1.287E+04
In CGS      55522 T=   9.070E+10 dT=   2.034E+05
     55599   3.024E+02   6.714E-04   1.290E+04
In CGS      55599 T=   9.071E+10 dT=   2.014E+05
     55676   3.024E+02   6.661E-04   1.293E+04
In CGS      55676 T=   9.073E+10 dT=   1.998E+05
     55753   3.025E+02   6.600E-04   1.296E+04
In CGS      55753 T=   9.074E+10 dT=   1.980E+05
     55830   3.025E+02   6.531E-04   1.299E+04
In CGS      55830 T=   9.076E+10 dT=   1.959E+05
     55907   3.026E+02   6.474E-04   1.302E+04
In CGS      55907 T=   9.077E+10 dT=   1.942E+05
     55984   3.026E+02   6.447E-04   1.305E+04
In CGS      55984 T=   9.079E+10 dT=   1.934E+05
     56060   3.027E+02   6.457E-04   1.308E+04
In CGS      56060 T=   9.080E+10 dT=   1.937E+05
     56137   3.027E+02   6.491E-04   1.311E+04
In CGS      56137 T=   9.082E+10 dT=   1.947E+05
     56214   3.028E+02   6.550E-04   1.314E+04
In CGS      56214 T=   9.083E+10 dT=   1.965E+05
     56291   3.028E+02   6.623E-04   1.317E+04
In CGS      56291 T=   9.085E+10 dT=   1.987E+05
     56368   3.029E+02   6.691E-04   1.320E+04
In CGS      56368 T=   9.086E+10 dT=   2.007E+05
     56445   3.029E+02   6.737E-04   1.323E+04
In CGS      56445 T=   9.088E+10 dT=   2.021E+05
     56522   3.030E+02   6.744E-04   1.326E+04
In CGS      56522 T=   9.089E+10 dT=   2.023E+05
     56599   3.030E+02   6.703E-04   1.329E+04
In CGS      56599 T=   9.091E+10 dT=   2.011E+05
     56674   3.031E+02   6.628E-04   1.332E+04
In CGS      56674 T=   9.092E+10 dT=   1.988E+05
     56751   3.031E+02   6.528E-04   1.335E+04
In CGS      56751 T=   9.094E+10 dT=   1.958E+05
     56827   3.032E+02   6.418E-04   1.338E+04
In CGS      56827 T=   9.095E+10 dT=   1.925E+05
     56904   3.032E+02   6.294E-04   1.341E+04
In CGS      56904 T=   9.097E+10 dT=   1.888E+05
     56981   3.033E+02   6.170E-04   1.344E+04
In CGS      56981 T=   9.098E+10 dT=   1.851E+05
     57058   3.033E+02   6.061E-04   1.347E+04
In CGS      57058 T=   9.100E+10 dT=   1.818E+05
     57135   3.034E+02   5.976E-04   1.350E+04
In CGS      57135 T=   9.101E+10 dT=   1.793E+05
     57212   3.034E+02   5.908E-04   1.353E+04
In CGS      57212 T=   9.102E+10 dT=   1.772E+05
     57289   3.035E+02   5.851E-04   1.356E+04
In CGS      57289 T=   9.104E+10 dT=   1.755E+05
     57366   3.035E+02   5.808E-04   1.359E+04
In CGS      57366 T=   9.105E+10 dT=   1.742E+05
     57443   3.035E+02   5.778E-04   1.362E+04
In CGS      57443 T=   9.106E+10 dT=   1.733E+05
     57520   3.036E+02   5.760E-04   1.365E+04
In CGS      57520 T=   9.108E+10 dT=   1.728E+05
     57596   3.036E+02   5.751E-04   1.368E+04
In CGS      57596 T=   9.109E+10 dT=   1.725E+05
     57673   3.037E+02   5.755E-04   1.372E+04
In CGS      57673 T=   9.110E+10 dT=   1.727E+05
     57750   3.037E+02   5.776E-04   1.375E+04
In CGS      57750 T=   9.112E+10 dT=   1.733E+05
     57827   3.038E+02   5.815E-04   1.378E+04
In CGS      57827 T=   9.113E+10 dT=   1.745E+05
     57904   3.038E+02   5.871E-04   1.381E+04
In CGS      57904 T=   9.114E+10 dT=   1.761E+05
     57981   3.039E+02   5.938E-04   1.384E+04
In CGS      57981 T=   9.116E+10 dT=   1.781E+05
     58058   3.039E+02   6.008E-04   1.387E+04
In CGS      58058 T=   9.117E+10 dT=   1.802E+05
     58135   3.040E+02   6.070E-04   1.390E+04
In CGS      58135 T=   9.119E+10 dT=   1.821E+05
     58212   3.040E+02   6.124E-04   1.393E+04
In CGS      58212 T=   9.120E+10 dT=   1.837E+05
     58288   3.040E+02   6.161E-04   1.396E+04
In CGS      58288 T=   9.121E+10 dT=   1.848E+05
     58365   3.041E+02   6.177E-04   1.399E+04
In CGS      58365 T=   9.123E+10 dT=   1.853E+05
     58442   3.041E+02   6.158E-04   1.402E+04
In CGS      58442 T=   9.124E+10 dT=   1.847E+05
     58519   3.042E+02   6.115E-04   1.405E+04
In CGS      58519 T=   9.126E+10 dT=   1.835E+05
     58596   3.042E+02   6.065E-04   1.408E+04
In CGS      58596 T=   9.127E+10 dT=   1.819E+05
     58673   3.043E+02   6.012E-04   1.411E+04
In CGS      58673 T=   9.128E+10 dT=   1.804E+05
     58750   3.043E+02   5.957E-04   1.414E+04
In CGS      58750 T=   9.130E+10 dT=   1.787E+05
     58827   3.044E+02   5.898E-04   1.417E+04
In CGS      58827 T=   9.131E+10 dT=   1.769E+05
     58904   3.044E+02   5.840E-04   1.420E+04
In CGS      58904 T=   9.132E+10 dT=   1.752E+05
     58981   3.045E+02   5.789E-04   1.423E+04
In CGS      58981 T=   9.134E+10 dT=   1.737E+05
     59058   3.045E+02   5.744E-04   1.426E+04
In CGS      59058 T=   9.135E+10 dT=   1.723E+05
     59135   3.045E+02   5.701E-04   1.429E+04
In CGS      59135 T=   9.136E+10 dT=   1.710E+05
     59212   3.046E+02   5.658E-04   1.432E+04
In CGS      59212 T=   9.138E+10 dT=   1.697E+05
     59289   3.046E+02   5.614E-04   1.435E+04
In CGS      59289 T=   9.139E+10 dT=   1.684E+05
     59366   3.047E+02   5.569E-04   1.438E+04
In CGS      59366 T=   9.140E+10 dT=   1.671E+05
     59443   3.047E+02   5.531E-04   1.441E+04
In CGS      59443 T=   9.142E+10 dT=   1.659E+05
     59520   3.048E+02   5.505E-04   1.444E+04
In CGS      59520 T=   9.143E+10 dT=   1.652E+05
     59597   3.048E+02   5.491E-04   1.447E+04
In CGS      59597 T=   9.144E+10 dT=   1.647E+05
     59672   3.048E+02   5.486E-04   1.450E+04
In CGS      59672 T=   9.145E+10 dT=   1.646E+05
     59736   3.049E+02   5.487E-04   1.453E+04
In CGS      59736 T=   9.146E+10 dT=   1.646E+05
forrtl: severe (174): SIGSEGV, segmentation fault occurred
Image              PC                Routine            Line        Source             
amrvac             0000000000D1781D  for__signal_handl     Unknown  Unknown
libpthread-2.24.s  00007FD11D36E0E0  Unknown               Unknown  Unknown
mca_btl_vader.so   00007FD10E512F31  Unknown               Unknown  Unknown
libopen-pal.so.40  00007FD11C5D99B4  opal_progress         Unknown  Unknown
mca_pml_ob1.so     00007FD10D2894E3  mca_pml_ob1_send      Unknown  Unknown
libmpi.so.40.10.2  00007FD11D927FEC  ompi_coll_base_se     Unknown  Unknown
libmpi.so.40.10.2  00007FD11D9270C4  ompi_coll_base_al     Unknown  Unknown
libmpi.so.40.10.2  00007FD11D8E4620  MPI_Allgather         Unknown  Unknown
libmpi_mpifh.so.4  00007FD11DBF4B8E  PMPI_Allgather_f      Unknown  Unknown
amrvac             00000000006C0FA1  Unknown               Unknown  Unknown
amrvac             00000000006BDF4A  Unknown               Unknown  Unknown
amrvac             000000000063302D  Unknown               Unknown  Unknown
amrvac             000000000040F411  Unknown               Unknown  Unknown
amrvac             000000000040C4DE  Unknown               Unknown  Unknown
libc-2.24.so       00007FD11CFDE2E1  __libc_start_main     Unknown  Unknown
amrvac             000000000040C3AA  Unknown               Unknown  Unknown
-------------------------------------------------------
Primary job  terminated normally, but 1 process returned
a non-zero exit code. Per user-direction, the job has been aborted.
-------------------------------------------------------
--------------------------------------------------------------------------
mpiexec detected that one or more processes exited with non-zero status, thus causing
the job to be terminated. The first process to do so was:

  Process name: [[14934,1],21]
  Exit code:    174
--------------------------------------------------------------------------
