mkdir: cannot create directory ‘Shang06c’: File exists
1757130
tycho66
/scratch/mrabenanahary/run.1757130.tycho66
::::::::::::::
Shang06c.par
::::::::::::::
!==============================================================
! Project : YSO JET MIALY
! Aim     :
! Results :
! Method  : Use cartesian coordinate
!
! Update  : 22/11/2019
! configuration :
! Openmpi/gfortran or intel or ....
! $AMRVAC_DIR/setup.pl -d=2 -phys=hd -arch=default
! with intel
! $AMRVAC_DIR/setup.pl -d=2 -phys=hd -arch=intel
!==============================================================

 &filelist
        base_filename='Output/Shang06c/Jet_Shang06_'
        saveprim=.true.
        autoconvert=.true.
        convert_type='vtuBCCmpi'
        nwauxio = 4
        /
        convert = .true.


        restart_from_file='Output/Shang06/Jet_Shang06_0040.dat'
        snapshotnext =0326
/




/
        nwauxio=10




/


 &savelist
        itsave(1,1)=0
        itsave(1,2)=0
        dtsave_log=3.1557600d7   ! 1 year 3.1557600d6 = 0.1 yr
	!ditsave_log =50
        dtsave_dat=  3.1557600d8! 1 yr!6.31152d8!20 yrs !1.57788000d9!50 yrs !3.1557600d9! 1 yrdensitys  1.57788000d8!5 yrs !3.1557600d7   ! 100 year; 3.1557600d7 = 1 yr
        !ditsave_dat =1
 /

        ditsave_log = 1
        ditsave_dat =1
        dtsave_dat =21.08

 &stoplist

        dtmin=1.0d-13
        !time_max= 99d15 ! years
        time_max=  3.15576d10 ! 1000 yrs 1.26e10! 400 yrs !3.786912d10! 1200 yrs ! 1.90607904d10!604 yrs ! 1.893456d10!600 yrs ! 3.15576d10! 1000yrs!6.31152d10! 2000 yrs ! 3.15576d11! 10000yrs ! 1.262304d10!400yrs!3.15576d9!3.15576d10! 1000yrs  !1.893456e11!600yrs!!9.46728d9!300yrs!6.311520000d9!7.8894d9!9.46728d9!7.8894d9 ! in s from years : 7.8894d9 = 250 yrs
        !it_max=10


/
  reset_it=.true.

          it_init=0






 &methodlist
        time_integrator          =  'twostep'
        typepred1                =  20*'hllc'!>>HH4647 !'hllcd'!si vraiment ça ne marche pas, essayer :! 'hll'! si au bord persiste des problemes, essayer : ! 'tvdlf'
        flux_scheme              =  20*'hllc'!,18*'tvdlf'!>>HH4647 !'hllcd'!si vraiment ça ne marche pas, essayer :! 'hll'! si au bord persiste des problemes, essayer : ! 'tvdlf'
        limiter                  =  20*'minmod'!>>HH4647 !'koren'!'cada3'
        small_pressure           = 1.0d-9
        small_density            = 1.0d-8
        small_values_method      =  'average'
        small_values_daverage    = 8

        check_small_values       = .true.
        small_values_force_floor = .true.
        loglimit(1) = .false.


 /
         loglimit(4) = .true.
         loglimit(1)            = .true.
         loglimit(5)            = .true.
         loglimit(6)            = .true.
         loglimit(7)            = .true.
        tvdlfeps=0.5d0

 &boundlist
        internalboundary  = .true.
        nghostcells       = 4
        typeboundary_min1 =  'symm','asymm','symm','asymm','symm',2*'symm'!, ! C.L. gauche <=> rmin
        typeboundary_max1 =  7*'cont'                                    ! C.L. droite <=> rmax
        typeboundary_min2 =  7*'special'!'symm','asymm','symm','asymm','symm',2*'symm'                                     ! C.L. inférieure <=> zmin
        typeboundary_max2 =  7*'cont'                                        ! C.L. supérieure <=> zmax                                      ! C.L. supérieure <=> zmax

/
        typeboundary_max3 = 8*'cont'                                         ! C.L. arrière <=> phi/profondeur max
        typeboundary_min3 = 8*'cont'                                         ! C.L. avant <=> phi/profondeur min
 /

 &meshlist
        ! grid at level 1
        xprobmin1 =  0.0d0    ! cm
        xprobmax1 =  1.6d17 ! cm 2.5d16!1.25d16 !>>HH4647 !4.0d16 !2.0d16   ! cm
        xprobmin2 =  0.0d0    ! cm
        xprobmax2 =  1.00d17!>>HH4647 !1.0d17 !2.0d17    ! cm

        ! total cell at level 1
        domain_nx1= 320!40!>>HH4647 !64!32!
        domain_nx2= 200!>>HH4647 !160!320!
        ! number of cell by block
        block_nx1 = 8!8!
        block_nx2 = 8!8!

        ! AMR configuration
        refine_criterion=3
        refine_max_level=4 !>>HH4647 !
        refine_threshold=20*0.05d0
        derefine_ratio=20*0.05d0
      !  w_refine_weight(1)=0.25d0
      !  w_refine_weight(2)=0.25d0
      !  w_refine_weight(3)=0.25d0
        w_refine_weight(1)=1.0d0

        max_blocks = 20000
        ! can be added when is needed
        prolongprimitive= .true.
        coarsenprimitive= .true.
        /







 /
        stretched_grid    = .true.
        stretched_dim(1)  = .true.
        stretched_dim(2)  = .true.
        itfixgrid =0

 &paramlist
        typecourant         = 'maxsum'
        courantpar          = 0.8d0
        slowsteps           = 1500
        small_getdt_average = .true.
        small_dt_coef       = 1.0d-6
 /

  &hd_list
         hd_energy            = .true. !>>HH4647 !
         hd_gamma             = 1.666666667 !>>HH4647 ! hd_temperature_isotherm = 100
         SI_unit              = .false.  ! use cgs

         He_abundance         = 0.1d0                     !

         hd_dust              = .false.   ! dust off
         hd_radiative_cooling = .true. !>>HH4647 .false.!.true.    ! cooling on
         hd_chemical          = .false.   ! use chemical
         hd_n_tracer          = 2
         hd_mean_mup_on       = .true. !>>HH4647 .true.
   /



 !'MLcosmol' : 'Use Mellema & Lundqvist (2002) cooling curve for zero metallicity '
 !'SPEX_DM'  : 'Use SPEX cooling curve for solar metallicity above 10^4 K. At lower temperatures,use Dalgarno & McCray (1972), with a pre-set ionization fraction of 10^-3 as described by Schure et al. (2009). '
   &rc_list
         ncool            = 4000
         coolcurve        = 'SPEX_DM'!'MLcosmol' !
         coolmethod       = 'exact'
         cfrac            = 1.d0
         Tfix             = .false.
         tlow             = 110 !>>HH4647
         coolsaveL        = .true.
         coolsavedT       = .true.
   /


 &dust_list
     dust_n_species           = 2
     dust_min_rho             = 1.0d-10
     gas_mu                   = 1.0d0
     dust_method              = 'Kwok'
     dust_small_to_zero       = .true.
     dust_temperature         = 1.0d0
     dust_temperature_type    = 'silicate'
     dust_source_split        = .false.
     dust_it_diff             = 50000
   /





 &usr_list
        usrconfig%ism_on              = .true.                      !> set ism
        usrconfig%cloud_on            = .false.                      !> set cloud
        usrconfig%cloud_structure     = 2                           !> cloud structure type
        usrconfig%jet_yso_on          = .true. !>>HH4647.false.!.false.!.false.!                      !> set a jet
        usrconfig%physunit_on         = .true.                      !> set the normalisation in use
        usrconfig%reset_medium        = .true.                      !> set on the reset
        usrconfig%coordinate_system   = 'cylindrical_2.5D'            !> geometry in use in 2D
        usrconfig%phys_inuse          = 'hd' !'mhd' ! set physique want to be used

        usrconfig%phys_isotherm_on              = .false.!>>HH4647.true. ! use isotherme
        !usrconfig%phys_temperature_isotherm     = 100 ! Le 2001

        usrconfig%reset_flux_scheme_on          = .true.
        usrconfig%reset_flux_scheme_diffuse     = 'tvdlf'
        usrconfig%reset_flux_scheme_thresholdL1 = 1.0d-6


 /




&usr_physical_unit_list
 phys_unit%unit                  = 'cgs'
 phys_unit%length                = 1.496d14                 ! cm (1 parsec) : par defaut = 1.496d14
 phys_unit%time                  = 3d8                      ! s (2 year) : par defaut = 3d10
 phys_unit%number_density        = 1.0d-6 !>>HH4647                      ! cm^-3 : par defaut = 1.0d8 (1.0d5 pour un milieu ambiant tres peu dense, e.g. a 100cm-3)                      ! cm^-3 : par defaut = 1.0d8 (1.0d5 pour un milieu ambiant tres peu dense, e.g. a 100cm-3)
 phys_unit%chemical_He_abundance = 0.1d0
/

!11/12/19 : pour ISM et le projet n°1 de Sylvie Cabrit sur son article de 1997, les paramètres ci-dessous pour l'ISM ont été testés
!et fixées aux valeurs recommandées et correspondant le mieux à la simulation de l'article
 &usr_ism_list
  ism_config%unit               ='cgs'
  ism_config%density            = 1.6d-18         !Li & Shu et 1996b ism density if it set to 0 it will use number_density
  ism_config%number_density     = 0.0d0  !>>HH4647  !2.95d9    !1.0d2     !4.44d6     ! Zheng19 = 2.95d9 cm-3 ! ism number density (1/cm^3) ) of protons n_H = facteur rho_j (e.g. = 100 cm-3) physique dans l'expression du profil de densité rho_c du milieu ambiant
                                            ! and w(ixO^S,phys_ind%rho_)        =  self%myconfig%density = = self%myconfig%number_density*mp = rho_h the mass density of protons
                                            ! si tu l'augmentes e.g. a number_density=1.0d3,
                                            !la valeur rho_c=rho_j de densité au niveau de la frontière inférieure ISM augmente d'un facteur 10
  ism_config%velocity(1)        = 0.0       ! ism  speed components (cm/s) R/X : 0.0 = milieu statique
  ism_config%velocity(2)        = 0.0!5.d8     ! ism  speed components (cm/s) Z : 0.0 = milieu statique
  ism_config%velocity(3)        = 0.0       ! ism  speed components (cm/s)  Y : 0.0 = milieu statique
  ism_config%Mach_number_tomov_obj= 0.0       ! ism  speed components (cm/s)  Y : 0.0 = milieu statique
  ism_config%temperature        = 100.0d0  !>>HH4647   ! Zheng19 = 50 K ! ism temperature (K) : influence la valeur de pression et de force de gravité contrebalaçant mais pas le gradient de pression
  ism_config%pressure           = 0.0d0     !1.3806485199999997d-12! ism pressure if is set to 0 it will use temperature : äraview trouve a T=100 K et rho_j=100 cm-3 >>> p_j = 2.71055e-12 Ba
  ism_config%tracer_on          = .true.    ! ism tracer
  ism_config%tracer_init_density= 1.0d3     ! ism tracer density

  ism_config%reset_on           = .true.    ! ism reset
  ism_config%reset_coef         = 0.8! 0.0     ! ism reset  coefficient
  ism_config%reset_dtemperature = 1.0d-2    !> set the pressure variation
  ism_config%reset_distance(2)  =  1.01d18  ! ism rest distance
  ism_config%reset_scale(2)     =  5d16     ! ism reset scalling distance

  ism_config%boundary_cond(2,1) = 'fix' ! 'fix'!ism boundary condition at jet bottum
  ism_config%boundary_cond(2,2) = 'open'
  ism_config%boundary_on        = .true.

ism_config%profile_typeaxial  = 'spherical'!'projection_direction'
ism_config%profile_idir       = 0.0,1.0,0.0       !z=2,r=1  !  ism profile direction

ism_config%profile_center     = 0,0,0

ism_config%profile_density_on = .true. ! Zheng=True ! .false. ! .true. ! ISM set density profile
ism_config%profile_pressure_on= .true. ! Zheng=True ! .false. !.true.

ism_config%profile_density    = 'Lee2001'!>>HH4647'cabrit1997' ! Zheng19 = 'cabrit1997' !ISM density profile
ism_config%profile_force_on   = .true. ! Zheng=True  !.true.!.false.!.true. ! .false. ! ISM set force profile
ism_config%profile_force_gradP_on = .true.

ism_config%profile_zc    = 7.0d16!4.49d14 ! 1.0d16 !4.49d14 ! Zheng19 = 30 au = 4.49d14 cm :  grandeur de normalisation dans le profil de pression/densite (en cm)
ism_config%profile_rw    = 2.5d15 !> ISM reference radius for Lee 2001 profile (in cm)
ism_config%profile_kappa    = 2.0d0 ! Zheng19 = 2 ! indice kappa pour la loi de densité et de pression : 'cabrit1997' <=> kappa=2
ism_config%profile_shiftstart = 0.00d0 !>>HH4647 3.33d14 ! 3.33d14 ! 1.0d15 ! the distance from which the ISM profile is set

ism_config%chemical_gas_type = 'fullyatomic'!>>HH4647'fullymolecular'
ism_config%He_abundance      = 0.1
/

&usr_usrboundary_ism_list
  usrboundary_config%boundary_type(2,1) = 'fix'
  usrboundary_config%boundary_type(2,2) = 'open'
  usrboundary_config%useprimitive       = .false.
  usrboundary_config%flux_frac          = 1.0d-2
/

!11/12/19 : pour le jet et le projet n°1 de Sylvie Cabrit sur son article de 1997, les paramètres ci-dessous pour le jet ont été testés
!et fixées aux valeurs recommandées et correspondant le mieux à la simulation de l'article
&usr_cla_jet_list
    cla_jet_config%unit                  =  'cgs' !> physical unit at parameter file
    cla_jet_config%time_cla_jet_on       =  0.0d0 !> initial time the cla_jet is set in the simulation box

    cla_jet_config%myindice              =  0       !> cla_jet associated indice
    cla_jet_config%density               =  0.0d0 !> cla_jet density  (g/cm^3) densite totale en particules H+H^++H2+He

    cla_jet_config%number_density        =  7.6d5 !1.0d5 !7.65e5  ! = ntot = nH * 1.4 : densite en H+H^++H2+He,
                                            ! et où nH = densite retournee par Paraview est la densite en H+H^++H2
                                            ! Zhang19 = 0.3-5 e-7 Msun/yr >>> n0= 42864.27- 1.072d6 cm-3 on impose le flux de masse 1.0d5 !> cla_jet number density (1/cm^3)  Reference  Whittle, J. D. Silverman, et al. 2004 : on doit désactiver le flux de masse pour pouvoir utiliser cette densité
    cla_jet_config%temperature           =  100.0d0  !>>HH4647 !> cla_jet temperature  (K)
    cla_jet_config%pressure              =  0.0d0   !> cla_jet pressure
    cla_jet_config%pressure_toism        =  0.0d0   !> cla_jet pressure relative to ism pressure
    cla_jet_config%magnetic(1)           =  0.0d0   !> cla_jet magnetic field components : 0.0d0 = HD
    cla_jet_config%magnetic(2)           =  0.0d0   !> cla_jet magnetic field components : 0.0d0 = HD
    cla_jet_config%magnetic(3)           =  0.0d0   !> cla_jet magnetic field components : 0.0d0 = HD
    cla_jet_config%xisigma               =  0.0d0   !> cla_jet magnetisation : 0.0d0 = HD
    cla_jet_config%magn_anglePHItoPol    =  0.0d0   !> cla_jet magnetisation field incl : 0.0d0 = HD

    cla_jet_config%Mach_number           =  0.0!250.0d0   !> cla_jet  Mach number : Par défaut : Ma = 20
    cla_jet_config%c_sound               =  0.0d0   !> cla_jet  sound speed (cm/s)
    cla_jet_config%velocity(1)           =  0.0d0   !> cla_jet  velocity (radial speed)(cm/s)
    cla_jet_config%velocity(2)           =  1.0d7 !>>HH46471.5d7 !0.0d0 !1.0d7   !1.0d7!> cla_jet  velocity (longitudinal speed)(cm/s) ! Reference  Whittle, J. D. Silverman, et al. 2004 ! Projet n°1 de Sylvie (Cabrit et Raga 1997) => Vjet = 150 km/s = 1.5d7 cm/s (sans tenir compte de la variabilité temporelle du jet) !cla_jet_config%velocity_poloidal     =  0.0d0 !1.0d7 ! Zhang19 = 100 km/s
    cla_jet_config%velocity(3)           =  0.0d0   !> cla_jet  velocity (rotation speed)(cm/s)
    cla_jet_config%velocity_poloidal     =  0.0d0
    cla_jet_config%power                 =  0.0d0   !> wind power flux
    cla_jet_config%mass_flux             =  0.0d0   ! 3.15e19 ! flux en H+H^++H2 1.13d21 !1.89d18 ! grammes/s>>>Zhang19 = 0.3e-7 Msun/yr  0.0!9.8525563d16!1.9705112501213315d17!1.3136741667475542d17!!   !> wind mass flux : cabrit1997 = 1.3136741d17 à Vjet = 100 km/s et 1.9705111e+17 à Vjet = 150 km/s (Vjet = 150 km/s ne marche qu a basse resolution de maillage)
                                            ! c'est par l'imposition de cla_jet_config%mass_flux et de cla_jet_config%velocity(2) que la densité est alors imposée à l'intérieur du jet
                                            ! pour avoir :
                                            ! * Vjet = 100 km/s, R_jet = 0.5e16 cm et n_jet = 100 cm-3 >>> mass_flux = 1.3136741667475542e+17 g / s
                                            ! * Vjet = 150 km/s, R_jet = 0.5e16 cm et n_jet = 100 cm-3 >>> mass_flux = 1.9705112501213315e+17 g / s
                                            ! * Vjet = 150 km/s, R_jet = 0.5e16 cm et n_jet = 50 cm-3 >>> mass_flux = 9.8525563e+16 g / s

    cla_jet_config%open_angle            = 3.0d0 !>>HH4647 !>  cla_jet initial open angle  (degre): 0.0d0 = jet droit cylindrique
    cla_jet_config%z_in                  =  -46.275d18 !> cla_jet inner boundary position
    cla_jet_config%z_impos               =  8.22d14 !>>HH4647 !3.50d14  ! 1d15!6.52128d14!3.26128d15!1.495978707d13!1.495978707d14!> cla_jet initial jet-wind region height : 1.495978707e15 cm = 100 au
    cla_jet_config%z_out_init            =  8.30d14 !>>HH4647 !3.52d14 ! 2d15!9.52128d14!3.26128d15!1.495978707d13!1.495978707d14!0.5d15!0.5d14!> cla_jet  impose z height : 1.495978707e15 cm = 100 au
    cla_jet_config%r_out_init            =  7.47d14 !=50 UA>>HH4647 3.0d15!1.611031692203301d15!> cla_jet inner boundary wind position : zhang19 = 7.48d14 cm = 50 au
    cla_jet_config%r_out_impos           =  7.47d14 !=50 UA>>HH4647 !1.611031692203301d15!> cla_jet  impose radius : Rjet (Cabrit1997) = 0.5d16 cm; zhang19 = 7.48d14 , necessary to impose density or mass flux on the inner boundary

    cla_jet_config%r_in_init             =  0.0 !-7.48d14 !> cla_jet inner jet  region : position de la limite gauche du jet en coordonnées cylindriques : à tenir compte dans le calcul de la surface d'éjection du jet et donc du calcul du flux de masse ejectée

    cla_jet_config%tracer_on             =  .true. !> cla_jet logical to set tracer
    cla_jet_config%tracer_init_density   =  1.0d3  !> cla_jet tracer density
    cla_jet_config%tracer_small_density  =  1.0d1    !> cla_jet tracer small density
    cla_jet_config%shape                 =  'cartesian'  !> cla_jet shape
    cla_jet_config%profile               =  'none'  !> cla_jet profile


    cla_jet_config%variation_on          =  .true. ! Zhang19 .false. !.true.! to set on  or off the jet-injection in-real-time velocity variability
    cla_jet_config%variation_start_time  =  0.0d0 !3d7 ! time (in s in cgs) at which to begin the time variability : 0.0 to begin at the start of the simulation
    cla_jet_config%variation_end_time    =  4d15
    cla_jet_config%variation_velocity_amplitude =  5.0d6 !>>HH4647 ! 5d6 cm/s = 50 km/s
    cla_jet_config%variation_velocity_poloidal =  5.0d6 !>>HH4647
    cla_jet_config%variation_velocity(1) =  0.0!1.0d7
    cla_jet_config%variation_velocity(2) =  5.0d6 !>>HH4647 ! 5d6 cm/s = 50 km/s
    cla_jet_config%variation_velocity(3) =  0.0d0
    cla_jet_config%variation_time        =  3.15576d9!=100 yrs !>>HH4647 ! 1.262304d9! 40 yrs ! 1.57788d9!50 yrs ! !9.46728d9!Zheng19=300 yrs =9.46728d9 !3.15576d9!=100 yrs !3.15576d7 !=1 yr ! time length scale during which the jet velocity typically varies : 3.155760000d9 (s) = 100 yrs
    cla_jet_config%variation_position    =  0.0d0,8.22d14 ,0.0d0 !>>HH4647 !0.0d0, 1d15 ,0.0d0 !0.0d0, 1.495978707d14,0.0d0 ! = 0,10 au,0position (in 3d : if cylindrical : phi = 3, z=2, r=1) under which is set the time variability : default = 0,3d15,0
    cla_jet_config%variation_type        =  'sawtooth2' !>>HH4647 !Zheng19='sawtooth' ? (d ares Sylvie) >> vérifier avec 'sin' ! 'sin'!'sin' !'door'! type of the velocity variation induced in the velocity profile, see subroutine usr_mat_profile_scalar in mod_obj_mat.t to see which possibilities are avalaible
    cla_jet_config%variation_phys_nvariable   = 1  ! number of physical variable with variation
    cla_jet_config%variation_phys_variable(1) =  3 ! 3 mean the velocity in Z direction

    cla_jet_config%refine_min_level      = 4
    cla_jet_config%chemical_gas_type     = 'fullyatomic' !>>HH4647



/
  End of reading of the usr_list
  End of reading of the usr_list
  End of reading of the usr_list
  End of reading of the usr_list
  End of reading of the usr_list
  End of reading of the usr_list
  End of reading of the usr_list
  End of reading of the usr_list
 ---------------------------------------------------------------------------
 ---------------------------------------------------------------------------
 |         __  __ ____ ___        _    __  __ ______     ___    ____       |
 |        |  \/  |  _ \_ _|      / \  |  \/  |  _ \ \   / / \  / ___|      |
 |        | |\/| | |_) | |_____ / _ \ | |\/| | |_) \ \ / / _ \| |          |
 |        | |  | |  __/| |_____/ ___ \| |  | |  _ < \ V / ___ \ |___       |
 |        |_|  |_|_|  |___|   /_/   \_\_|  |_|_| \_\ \_/_/   \_\____|      |
 --------------------------------------------------------------------------
 ---------------------------------------------------------------------------
  End of reading of the usr_list
  End of reading of the usr_list
  End of reading of the usr_list
  End of reading of the usr_list
  End of reading of the usr_list
  End of reading of the usr_list
  End of reading of the usr_list
  End of reading of the usr_list
  End of reading of the usr_list
  End of reading of the usr_list
  End of reading of the usr_list
  End of reading of the usr_list
 Reading usr_list
  End of reading of the usr_list
  End of reading of the usr_list
  End of reading of the usr_list
  End of reading of the usr_list
  End of reading of the usr_list
  End of reading of the usr_list
  End of reading of the usr_list
  End of reading of the usr_list
  End of reading of the usr_list
  End of reading of the usr_list
  End of reading of the usr_list
  End of reading of the usr_list
  End of reading of the usr_list
  End of reading of the usr_list
  End of reading of the usr_list
  End of reading of the usr_list
  End of reading of the usr_list
  End of reading of the usr_list
  End of reading of the usr_list
  End of reading of the usr_list
  End of reading of the usr_list
  End of reading of the usr_list
 Reading usr_physical_values_list
  End of reading of the usr_list
  End of reading of the usr_list
  End of reading of the usr_list
  End of reading of the usr_list
  End of reading of the usr_list
 Reading usr_ism_list
  End of reading of the usr_list
  End of reading of the hd_list
  End of reading of the hd_list
  End of reading of the hd_list
  End of reading of the hd_list
 End of Reading 
 usr_ismlist0                                                                  
 Reading usr_boundary_list           1 
 boundary                                                                      
  End of reading of the rc_list
  End of reading of the rc_list
  End of reading of the hd_list
  End of reading of the hd_list
  End of reading of the hd_list
  End of reading of the rc_list
  End of reading of the rc_list
 End of Reading 
 usr_boundarylist1                                                             
 Reading usr_cla_jet_list
  End of reading of the hd_list
  End of reading of the hd_list
  End of reading of the hd_list
  End of reading of the hd_list
  End of reading of the hd_list
  End of reading of the hd_list
  End of reading of the hd_list
  End of reading of the hd_list
  End of reading of the hd_list
  End of reading of the hd_list
  End of reading of the hd_list
  End of reading of the rc_list
  End of reading of the rc_list
  End of reading of the rc_list
  End of reading of the rc_list
  End of reading of the hd_list
  End of reading of the rc_list
  End of reading of the hd_list
  End of reading of the rc_list
  End of reading of the hd_list
  End of reading of the rc_list
  End of reading of the rc_list
  End of reading of the rc_list
  End of reading of the hd_list
  End of reading of the rc_list
  End of reading of the rc_list
  End of reading of the hd_list
  End of reading of the rc_list
  End of reading of the hd_list
  End of reading of the rc_list
  End of reading of the rc_list
  End of reading of the hd_list
  End of reading of the rc_list
  End of reading of the hd_list
  End of reading of the rc_list
  End of reading of the hd_list
  End of reading of the hd_list
  End of reading of the hd_list
  End of reading of the hd_list
  End of reading of the rc_list
  End of reading of the rc_list
  End of reading of the hd_list
  End of reading of the rc_list
  End of reading of the hd_list
  End of reading of the rc_list
  End of reading of the hd_list
  End of reading of the rc_list
  End of reading of the hd_list
  End of reading of the rc_list
  End of reading of the hd_list
  End of reading of the rc_list
  End of reading of the rc_list
  End of reading of the rc_list
  End of reading of the hd_list
  End of reading of the hd_list
  End of reading of the rc_list
  End of reading of the hd_list
  End of reading of the hd_list
  End of reading of the rc_list
  End of reading of the hd_list
  End of reading of the rc_list
  End of reading of the hd_list
  End of reading of the rc_list
  End of reading of the rc_list
  End of reading of the rc_list
  End of reading of the rc_list
  End of reading of the rc_list
  End of reading of the hd_list
  End of reading of the hd_list
  End of reading of the hd_list
  End of reading of the rc_list
  End of reading of the hd_list
  End of reading of the rc_list
  End of reading of the rc_list
  End of reading of the hd_list
  End of reading of the rc_list
  End of reading of the rc_list
 Use SPEX cooling curve for solar metallicity above 10^4 K. 
 At lower temperatures,use Dalgarno & McCray (1972), 
 with a pre-set ionization fraction of 10^-3. 
 as described by Schure et al. (2009). 
  End of reading of the hd_list
  End of reading of the rc_list
  End of reading of the rc_list
  End of reading of the rc_list
  End of reading of the rc_list
  End of reading of the rc_list
  End of reading of the hd_list
  End of reading of the rc_list
 Reading Shang06c.par
 End par file read
 
 Output type | dtsave    | ditsave | itsave(1) | tsave(1)
         log | 0.105E+00 | ******  |      0    | *********
      normal | 0.105E+01 | ******  |      0    | *********
       slice | ********* | ******  | ******    | *********
   collapsed | ********* | ******  | ******    | *********
    analysis | ********* | ******  | ******    | *********
 
                 typelimited: predictor                                                                                                                          
         Domain size (cells): 320 200 
                Level one dx: 0.334E+01 0.334E+01 
           Refine estimation: Lohner's scheme
                   slicenext: 0
                collapsenext: 0
           restart_from_file:  undefined
                  converting: F

 1)the jet radius =    747000000000000.     
 2)the jet radius =    781250000000000.     
 1)the jet radius =    747000000000000.     
 2)the jet radius =    781250000000000.     
 1)the jet radius =    747000000000000.     
 2)the jet radius =    781250000000000.     
 1)the jet radius =    747000000000000.     
 2)the jet radius =    781250000000000.     
 1)the jet radius =    747000000000000.     
 2)the jet radius =    781250000000000.     
 1)the jet radius =    747000000000000.     
 2)the jet radius =    781250000000000.     
 1)the jet radius =    747000000000000.     
 2)the jet radius =    781250000000000.     
 1)the jet radius =    747000000000000.     
 1)the jet radius =    747000000000000.     
 2)the jet radius =    781250000000000.     
 1)the jet radius =    747000000000000.     
 2)the jet radius =    781250000000000.     
 1)the jet radius =    747000000000000.     
 2)the jet radius =    781250000000000.     
 1)the jet radius =    747000000000000.     
 2)the jet radius =    781250000000000.     
 2)the jet radius =    781250000000000.     
 1)the jet radius =    747000000000000.     
 2)the jet radius =    781250000000000.     
 1)the jet radius =    747000000000000.     
 2)the jet radius =    781250000000000.     
 1)the jet radius =    747000000000000.     
 2)the jet radius =    781250000000000.     
 1)the jet radius =    747000000000000.     
 2)the jet radius =    781250000000000.     
 1)the jet radius =    747000000000000.     
 2)the jet radius =    781250000000000.     
 1)the jet radius =    747000000000000.     
 the ism temperature =    100.000000000000     
 ism density  1.600000000000000E-018
 ism nH   683272.906387098     
 1)the jet radius =    747000000000000.     
 2)the jet radius =    781250000000000.     
 the jet temperature =    100.000000000000     
 jet density  1.779669570728000E-018
 jet ndensity   760000.000000000     
 the jet mflux =   3.414813604534211E+019
 1)the jet radius =    747000000000000.     
 2)the jet radius =    781250000000000.     
 3)the jet radius =    781250000000000.     
 3)the jet inner radius =   -31250000000000.0     
 the jet Surface =   1.918790802911426E+030
 phys_config%He_abundance  0.100000000000000     
 in mod_obj_usr_unit.t usr_physical_unit_fillphysunit subroutine: 
 ism density  2.341670487800000E-030
 ism ndensity  1.000000000000000E-006
 ism pressure  5.822995576026895E-019
 ism temperature   2567.22208410676     
 2)the jet radius =    781250000000000.     
 1)the jet radius =    747000000000000.     
 1)the jet radius =    747000000000000.     
 2)the jet radius =    781250000000000.     
 1)the jet radius =    747000000000000.     
 2)the jet radius =    781250000000000.     
 1)the jet radius =    747000000000000.     
 2)the jet radius =    781250000000000.     
 2)the jet radius =    781250000000000.     
 Jet start :-)
 1)the jet radius =    747000000000000.     
 2)the jet radius =    781250000000000.     
 1)the jet radius =    747000000000000.     
 2)the jet radius =    781250000000000.     
 1)the jet radius =    747000000000000.     
 1)the jet radius =    747000000000000.     
 2)the jet radius =    781250000000000.     
 1)the jet radius =    747000000000000.     
 2)the jet radius =    781250000000000.     
 1)the jet radius =    747000000000000.     
 2)the jet radius =    781250000000000.     
 1)the jet radius =    747000000000000.     
 1)the jet radius =    747000000000000.     
 2)the jet radius =    781250000000000.     
 1)the jet radius =    747000000000000.     
 2)the jet radius =    781250000000000.     
 1)the jet radius =    747000000000000.     
 2)the jet radius =    781250000000000.     
 2)the jet radius =    781250000000000.     
 2)the jet radius =    781250000000000.     
 1)the jet radius =    747000000000000.     
 1)the jet radius =    747000000000000.     
 2)the jet radius =    781250000000000.     
 1)the jet radius =    747000000000000.     
 2)the jet radius =    781250000000000.     
 2)the jet radius =    781250000000000.     
 1)the jet radius =    747000000000000.     
 2)the jet radius =    781250000000000.     
 1)the jet radius =    747000000000000.     
 2)the jet radius =    781250000000000.     
 1)the jet radius =    747000000000000.     
 2)the jet radius =    781250000000000.     
 1)the jet radius =    747000000000000.     
 1)the jet radius =    747000000000000.     
 2)the jet radius =    781250000000000.     
 1)the jet radius =    747000000000000.     
 2)the jet radius =    781250000000000.     
 2)the jet radius =    781250000000000.     
 1)the jet radius =    747000000000000.     
 1)the jet radius =    747000000000000.     
 2)the jet radius =    781250000000000.     
 2)the jet radius =    781250000000000.     
 1)the jet radius =    747000000000000.     
 2)the jet radius =    781250000000000.     
 1)the jet radius =    747000000000000.     
 2)the jet radius =    781250000000000.     
 1)the jet radius =    747000000000000.     
 2)the jet radius =    781250000000000.     
 -------------------------------------------------------------------------------
 Startup phase took :             0.178 sec
 -------------------------------------------------------------------------------
 Start integrating, print status every  3.00E+01 seconds
        it        time          dt  wc-time(s)
         0   0.000E+00   1.394E-05   2.185E-04
In CGS          0 T=   0.000E+00 dT=   4.181E+03
 -------------------------------------------------------------------------------
 Saving visual data. Coordinate directions and variable names are:
          -1 R               
           0 Z               
           1 rho             rho             
           2 v1              v1              
           3 v2              v2              
           4 v3              v3              
           5 p               p               
           6 tracer_ism      tracer_ism      
           7 tracer_jet      tracer_jet      
           8 mup             mup             
           9 L1              L1              
          10 dtcool1         dtcool1         
          11 mach_number     mach_number     
          12 temperature     temperature     
          13 level           level           
          14 number density  number density  
 time =  0.000000000000000E+000
 -------------------------------------------------------------------------------
       521   1.541E+00   4.922E-03   3.005E+01
In CGS        521 T=   4.623E+08 dT=   1.477E+06
       998   4.205E+00   2.234E-03   6.009E+01
In CGS        998 T=   1.262E+09 dT=   6.701E+05
      1400   6.819E+00   6.698E-03   9.011E+01
In CGS       1400 T=   2.046E+09 dT=   2.009E+06
      1823   9.473E+00   6.268E-03   1.222E+02
In CGS       1823 T=   2.842E+09 dT=   1.880E+06
      2250   1.199E+01   4.039E-03   1.523E+02
In CGS       2250 T=   3.596E+09 dT=   1.212E+06
      2648   1.425E+01   5.701E-03   1.823E+02
In CGS       2648 T=   4.274E+09 dT=   1.710E+06
      3014   1.627E+01   5.527E-03   2.123E+02
In CGS       3014 T=   4.881E+09 dT=   1.658E+06
      3366   1.813E+01   5.420E-03   2.423E+02
In CGS       3366 T=   5.438E+09 dT=   1.626E+06
      3721   1.999E+01   5.299E-03   2.738E+02
In CGS       3721 T=   5.998E+09 dT=   1.590E+06
      4102   2.194E+01   5.195E-03   3.038E+02
In CGS       4102 T=   6.581E+09 dT=   1.558E+06
      4389   2.388E+01   2.986E-03   3.339E+02
In CGS       4389 T=   7.163E+09 dT=   8.959E+05
      4654   2.619E+01   1.007E-02   3.639E+02
In CGS       4654 T=   7.858E+09 dT=   3.021E+06
      4874   2.841E+01   1.148E-02   3.981E+02
In CGS       4874 T=   8.524E+09 dT=   3.443E+06
      5094   3.096E+01   1.229E-02   4.281E+02
In CGS       5094 T=   9.289E+09 dT=   3.686E+06
      5296   3.301E+01   1.056E-02   4.582E+02
In CGS       5296 T=   9.903E+09 dT=   3.168E+06
      5482   3.496E+01   1.101E-02   4.882E+02
In CGS       5482 T=   1.049E+10 dT=   3.302E+06
      5663   3.686E+01   1.144E-02   5.183E+02
In CGS       5663 T=   1.106E+10 dT=   3.432E+06
      5846   3.893E+01   1.212E-02   5.492E+02
In CGS       5846 T=   1.168E+10 dT=   3.637E+06
      6026   4.104E+01   1.248E-02   5.808E+02
In CGS       6026 T=   1.231E+10 dT=   3.745E+06
      6226   4.314E+01   1.049E-02   6.151E+02
In CGS       6226 T=   1.294E+10 dT=   3.147E+06
      6428   4.524E+01   1.096E-02   6.504E+02
In CGS       6428 T=   1.357E+10 dT=   3.289E+06
      6628   4.735E+01   1.148E-02   6.864E+02
In CGS       6628 T=   1.420E+10 dT=   3.444E+06
      6813   4.945E+01   1.217E-02   7.217E+02
In CGS       6813 T=   1.484E+10 dT=   3.651E+06
      6993   5.156E+01   1.254E-02   7.575E+02
In CGS       6993 T=   1.547E+10 dT=   3.763E+06
      7193   5.366E+01   1.049E-02   7.964E+02
In CGS       7193 T=   1.610E+10 dT=   3.147E+06
      7391   5.572E+01   1.089E-02   8.265E+02
In CGS       7391 T=   1.672E+10 dT=   3.268E+06
      7500   5.687E+01   1.128E-02   8.565E+02
In CGS       7500 T=   1.706E+10 dT=   3.384E+06
      7684   5.886E+01   1.186E-02   8.865E+02
In CGS       7684 T=   1.766E+10 dT=   3.557E+06
      7779   5.997E+01   1.218E-02   9.167E+02
In CGS       7779 T=   1.799E+10 dT=   3.653E+06
      7954   6.202E+01   1.249E-02   9.468E+02
In CGS       7954 T=   1.861E+10 dT=   3.748E+06
      8049   6.313E+01   1.046E-02   9.780E+02
In CGS       8049 T=   1.894E+10 dT=   3.139E+06
      8216   6.476E+01   1.062E-02   1.008E+03
In CGS       8216 T=   1.943E+10 dT=   3.186E+06
      8361   6.628E+01   1.098E-02   1.046E+03
In CGS       8361 T=   1.988E+10 dT=   3.295E+06
      8522   6.798E+01   1.135E-02   1.076E+03
In CGS       8522 T=   2.039E+10 dT=   3.406E+06
      8660   6.944E+01   1.181E-02   1.115E+03
In CGS       8660 T=   2.083E+10 dT=   3.542E+06
      8816   7.126E+01   1.220E-02   1.145E+03
In CGS       8816 T=   2.138E+10 dT=   3.660E+06
      8930   7.259E+01   1.242E-02   1.181E+03
In CGS       8930 T=   2.178E+10 dT=   3.725E+06
      9072   7.415E+01   1.035E-02   1.211E+03
In CGS       9072 T=   2.224E+10 dT=   3.104E+06
      9215   7.555E+01   1.065E-02   1.241E+03
In CGS       9215 T=   2.266E+10 dT=   3.195E+06
      9334   7.680E+01   1.100E-02   1.282E+03
In CGS       9334 T=   2.304E+10 dT=   3.301E+06
      9472   7.826E+01   3.365E-03   1.312E+03
In CGS       9472 T=   2.348E+10 dT=   1.009E+06
      9607   7.969E+01   1.180E-02   1.343E+03
In CGS       9607 T=   2.391E+10 dT=   3.539E+06
      9720   8.101E+01   1.206E-02   1.382E+03
In CGS       9720 T=   2.430E+10 dT=   3.617E+06
      9851   8.254E+01   1.233E-02   1.412E+03
In CGS       9851 T=   2.476E+10 dT=   3.700E+06
      9980   8.405E+01   1.258E-02   1.442E+03
In CGS       9980 T=   2.521E+10 dT=   3.775E+06
     10100   8.522E+01   1.047E-02   1.484E+03
In CGS      10100 T=   2.556E+10 dT=   3.140E+06
     10226   8.651E+01   1.073E-02   1.514E+03
In CGS      10226 T=   2.595E+10 dT=   3.219E+06
     10351   8.783E+01   5.601E-03   1.544E+03
In CGS      10351 T=   2.635E+10 dT=   1.680E+06
     10475   8.913E+01   1.142E-02   1.574E+03
In CGS      10475 T=   2.674E+10 dT=   3.426E+06
     10598   9.048E+01   1.195E-02   1.617E+03
In CGS      10598 T=   2.714E+10 dT=   3.584E+06
     10720   9.191E+01   1.217E-02   1.647E+03
In CGS      10720 T=   2.757E+10 dT=   3.652E+06
     10840   9.331E+01   1.248E-02   1.677E+03
In CGS      10840 T=   2.799E+10 dT=   3.744E+06
     10958   9.468E+01   1.046E-02   1.720E+03
In CGS      10958 T=   2.840E+10 dT=   3.139E+06
     11077   9.583E+01   6.536E-04   1.750E+03
In CGS      11077 T=   2.875E+10 dT=   1.961E+05
     11194   9.703E+01   1.082E-02   1.780E+03
In CGS      11194 T=   2.911E+10 dT=   3.245E+06
     11311   9.826E+01   1.108E-02   1.810E+03
In CGS      11311 T=   2.948E+10 dT=   3.324E+06
     11428   9.950E+01   1.139E-02   1.840E+03
In CGS      11428 T=   2.985E+10 dT=   3.416E+06
     11543   1.007E+02   1.183E-02   1.870E+03
In CGS      11543 T=   3.022E+10 dT=   3.550E+06
     11655   1.020E+02   1.217E-02   1.913E+03
In CGS      11655 T=   3.061E+10 dT=   3.652E+06
     11767   1.034E+02   1.238E-02   1.943E+03
In CGS      11767 T=   3.101E+10 dT=   3.714E+06
     11878   1.047E+02   4.575E-03   1.973E+03
In CGS      11878 T=   3.140E+10 dT=   1.372E+06
 Total timeloop took        :     1994.011 sec
 Time spent on Regrid+Update:      286.923 sec
                  Percentage:        14.39 %
 Time spent on IO in loop   :      877.651 sec
                  Percentage:        44.01 %
 Time spent on BC           :      145.682 sec
                  Percentage:         7.31 %
 Time spent on run          :     1116.360 sec
 Cells_updated / cpu / sec  :    1.194E+05
 Total time spent on IO     :      877.651 sec
 Total timeintegration took :     1994.012 sec
 -------------------------------------------------------------------------------
 Finished AMRVAC in :          1994.190 sec
 -------------------------------------------------------------------------------
