mkdir: cannot create directory ‘Shang06b’: File exists
1756917
tycho66
/scratch/mrabenanahary/run.1756917.tycho66
::::::::::::::
Shang06.par
::::::::::::::
!==============================================================
! Project : YSO JET MIALY
! Aim     :
! Results :
! Method  : Use cartesian coordinate
!
! Update  : 22/11/2019
! configuration :
! Openmpi/gfortran or intel or ....
! $AMRVAC_DIR/setup.pl -d=2 -phys=hd -arch=default
! with intel
! $AMRVAC_DIR/setup.pl -d=2 -phys=hd -arch=intel
!==============================================================

 &filelist
        base_filename='Output/Shang06b/Jet_Shang06_'
        saveprim=.true.
        autoconvert=.true.
        convert_type='vtuBCCmpi'
        nwauxio = 4
        /
        convert = .true.


        restart_from_file='Output/Shang06/Jet_Shang06_0040.dat'
        snapshotnext =0326
/




/
        nwauxio=10




/


 &savelist
        itsave(1,1)=0
        itsave(1,2)=0
        dtsave_log=3.1557600d7   ! 1 year 3.1557600d6 = 0.1 yr
	!ditsave_log =50
        dtsave_dat=  3.1557600d8! 1 yr!6.31152d8!20 yrs !1.57788000d9!50 yrs !3.1557600d9! 1 yrdensitys  1.57788000d8!5 yrs !3.1557600d7   ! 100 year; 3.1557600d7 = 1 yr
        !ditsave_dat =1
 /

        ditsave_log = 1
        ditsave_dat =1
        dtsave_dat =21.08

 &stoplist

        dtmin=1.0d-13
        !time_max= 99d15 ! years
        time_max=  3.15576d10 ! 1000 yrs 1.26e10! 400 yrs !3.786912d10! 1200 yrs ! 1.90607904d10!604 yrs ! 1.893456d10!600 yrs ! 3.15576d10! 1000yrs!6.31152d10! 2000 yrs ! 3.15576d11! 10000yrs ! 1.262304d10!400yrs!3.15576d9!3.15576d10! 1000yrs  !1.893456e11!600yrs!!9.46728d9!300yrs!6.311520000d9!7.8894d9!9.46728d9!7.8894d9 ! in s from years : 7.8894d9 = 250 yrs
        !it_max=10


/
  reset_it=.true.

          it_init=0






 &methodlist
        time_integrator          =  'twostep'
        typepred1                =  20*'tvdlf'!>>HH4647 !'hllcd'!si vraiment ça ne marche pas, essayer :! 'hll'! si au bord persiste des problemes, essayer : ! 'tvdlf'
        flux_scheme              =  20*'tvdlf'!,18*'tvdlf'!>>HH4647 !'hllcd'!si vraiment ça ne marche pas, essayer :! 'hll'! si au bord persiste des problemes, essayer : ! 'tvdlf'
        limiter                  =  20*'minmod'!>>HH4647 !'koren'!'cada3'
        small_pressure           = 1.0d-9
        small_density            = 1.0d-8
        small_values_method      =  'average'
        small_values_daverage    = 8

        check_small_values       = .true.
        small_values_force_floor = .true.
        loglimit(1) = .false.


 /
         loglimit(4) = .true.
         loglimit(1)            = .true.
         loglimit(5)            = .true.
         loglimit(6)            = .true.
         loglimit(7)            = .true.
        tvdlfeps=0.5d0

 &boundlist
        internalboundary  = .true.
        nghostcells       = 4
        typeboundary_min1 =  'symm','asymm','symm','asymm','symm',2*'symm'!, ! C.L. gauche <=> rmin
        typeboundary_max1 =  7*'cont'                                    ! C.L. droite <=> rmax
        typeboundary_min2 =  'symm','asymm','symm','asymm','symm',2*'symm'                                     ! C.L. inférieure <=> zmin
        typeboundary_max2 =  7*'cont'                                        ! C.L. supérieure <=> zmax                                      ! C.L. supérieure <=> zmax

/
        typeboundary_max3 = 8*'cont'                                         ! C.L. arrière <=> phi/profondeur max
        typeboundary_min3 = 8*'cont'                                         ! C.L. avant <=> phi/profondeur min
 /

 &meshlist
        ! grid at level 1
        xprobmin1 =  0.0d0    ! cm
        xprobmax1 =  1.5d17 ! cm 2.5d16!1.25d16 !>>HH4647 !4.0d16 !2.0d16   ! cm
        xprobmin2 =  0.0d0    ! cm
        xprobmax2 =  1.25d17!>>HH4647 !1.0d17 !2.0d17    ! cm

        ! total cell at level 1
        domain_nx1= 240!40!>>HH4647 !64!32!
        domain_nx2= 200!>>HH4647 !160!320!
        ! number of cell by block
        block_nx1 = 8!8!
        block_nx2 = 8!8!

        ! AMR configuration
        refine_criterion=3
        refine_max_level=5 !>>HH4647 !
        refine_threshold=20*0.05d0
        derefine_ratio=20*0.05d0
      !  w_refine_weight(1)=0.25d0
      !  w_refine_weight(2)=0.25d0
      !  w_refine_weight(3)=0.25d0
        w_refine_weight(1)=1.0d0

        max_blocks = 20000
        ! can be added when is needed
        prolongprimitive= .true.
        coarsenprimitive= .true.
        /







 /
        stretched_grid    = .true.
        stretched_dim(1)  = .true.
        stretched_dim(2)  = .true.
        itfixgrid =0

 &paramlist
        typecourant         = 'maxsum'
        courantpar          = 0.8d0
        slowsteps           = 1500
        small_getdt_average = .true.
        small_dt_coef       = 1.0d-6
 /

  &hd_list
         hd_energy            = .true. !>>HH4647 !
         hd_gamma             = 1.666666667 !>>HH4647 ! hd_temperature_isotherm = 100
         SI_unit              = .false.  ! use cgs

         He_abundance         = 0.1d0                     !

         hd_dust              = .false.   ! dust off
         hd_radiative_cooling = .true. !>>HH4647 .false.!.true.    ! cooling on
         hd_chemical          = .false.   ! use chemical
         hd_n_tracer          = 2
         hd_mean_mup_on       = .true. !>>HH4647 .true.
   /



 !'MLcosmol' : 'Use Mellema & Lundqvist (2002) cooling curve for zero metallicity '
 !'SPEX_DM'  : 'Use SPEX cooling curve for solar metallicity above 10^4 K. At lower temperatures,use Dalgarno & McCray (1972), with a pre-set ionization fraction of 10^-3 as described by Schure et al. (2009). '
   &rc_list
         ncool            = 4000
         coolcurve        = 'SPEX_DM'!'MLcosmol' !
         coolmethod       = 'exact'
         cfrac            = 1.d0
         Tfix             = .false.
         tlow             = 110 !>>HH4647
         coolsaveL        = .true.
         coolsavedT       = .true.
   /


 &dust_list
     dust_n_species           = 2
     dust_min_rho             = 1.0d-10
     gas_mu                   = 1.0d0
     dust_method              = 'Kwok'
     dust_small_to_zero       = .true.
     dust_temperature         = 1.0d0
     dust_temperature_type    = 'silicate'
     dust_source_split        = .false.
     dust_it_diff             = 50000
   /





 &usr_list
        usrconfig%ism_on              = .true.                      !> set ism
        usrconfig%cloud_on            = .false.                      !> set cloud
        usrconfig%cloud_structure     = 2                           !> cloud structure type
        usrconfig%jet_yso_on          = .true. !>>HH4647.false.!.false.!.false.!                      !> set a jet
        usrconfig%physunit_on         = .true.                      !> set the normalisation in use
        usrconfig%reset_medium        = .true.                      !> set on the reset
        usrconfig%coordinate_system   = 'cylindrical_2.5D'            !> geometry in use in 2D
        usrconfig%phys_inuse          = 'hd' !'mhd' ! set physique want to be used

        usrconfig%phys_isotherm_on              = .false.!>>HH4647.true. ! use isotherme
        !usrconfig%phys_temperature_isotherm     = 100 ! Le 2001

        usrconfig%reset_flux_scheme_on          = .true.
        usrconfig%reset_flux_scheme_diffuse     = 'tvdlf'
        usrconfig%reset_flux_scheme_thresholdL1 = 1.0d-6


 /




&usr_physical_unit_list
 phys_unit%unit                  = 'cgs'
 phys_unit%length                = 1.496d14                 ! cm (1 parsec) : par defaut = 1.496d14
 phys_unit%time                  = 3d8                      ! s (2 year) : par defaut = 3d10
 phys_unit%number_density        = 1.0d-6 !>>HH4647                      ! cm^-3 : par defaut = 1.0d8 (1.0d5 pour un milieu ambiant tres peu dense, e.g. a 100cm-3)                      ! cm^-3 : par defaut = 1.0d8 (1.0d5 pour un milieu ambiant tres peu dense, e.g. a 100cm-3)
 phys_unit%chemical_He_abundance = 0.1d0
/

!11/12/19 : pour ISM et le projet n°1 de Sylvie Cabrit sur son article de 1997, les paramètres ci-dessous pour l'ISM ont été testés
!et fixées aux valeurs recommandées et correspondant le mieux à la simulation de l'article
 &usr_ism_list
  ism_config%unit               ='cgs'
  ism_config%density            = 1.6d-18         !Li & Shu et 1996b ism density if it set to 0 it will use number_density
  ism_config%number_density     = 0.0d0  !>>HH4647  !2.95d9    !1.0d2     !4.44d6     ! Zheng19 = 2.95d9 cm-3 ! ism number density (1/cm^3) ) of protons n_H = facteur rho_j (e.g. = 100 cm-3) physique dans l'expression du profil de densité rho_c du milieu ambiant
                                            ! and w(ixO^S,phys_ind%rho_)        =  self%myconfig%density = = self%myconfig%number_density*mp = rho_h the mass density of protons
                                            ! si tu l'augmentes e.g. a number_density=1.0d3,
                                            !la valeur rho_c=rho_j de densité au niveau de la frontière inférieure ISM augmente d'un facteur 10
  ism_config%velocity(1)        = 0.0       ! ism  speed components (cm/s) R/X : 0.0 = milieu statique
  ism_config%velocity(2)        = 0.0!5.d8     ! ism  speed components (cm/s) Z : 0.0 = milieu statique
  ism_config%velocity(3)        = 0.0       ! ism  speed components (cm/s)  Y : 0.0 = milieu statique
  ism_config%Mach_number_tomov_obj= 0.0       ! ism  speed components (cm/s)  Y : 0.0 = milieu statique
  ism_config%temperature        = 100.0d0  !>>HH4647   ! Zheng19 = 50 K ! ism temperature (K) : influence la valeur de pression et de force de gravité contrebalaçant mais pas le gradient de pression
  ism_config%pressure           = 0.0d0     !1.3806485199999997d-12! ism pressure if is set to 0 it will use temperature : äraview trouve a T=100 K et rho_j=100 cm-3 >>> p_j = 2.71055e-12 Ba
  ism_config%tracer_on          = .true.    ! ism tracer
  ism_config%tracer_init_density= 1.0d3     ! ism tracer density

  ism_config%reset_on           = .true.    ! ism reset
  ism_config%reset_coef         = 0.8! 0.0     ! ism reset  coefficient
  ism_config%reset_dtemperature = 1.0d-2    !> set the pressure variation
  ism_config%reset_distance(2)  =  1.01d18  ! ism rest distance
  ism_config%reset_scale(2)     =  5d16     ! ism reset scalling distance

  ism_config%boundary_cond(2,2) = 'open'
  ism_config%boundary_on        = .true.

ism_config%profile_typeaxial  = 'spherical'!'projection_direction'
ism_config%profile_idir       = 0.0,1.0,0.0       !z=2,r=1  !  ism profile direction

ism_config%profile_center     = 0,0,0

ism_config%profile_density_on = .true. ! Zheng=True ! .false. ! .true. ! ISM set density profile
ism_config%profile_pressure_on= .true. ! Zheng=True ! .false. !.true.

ism_config%profile_density    = 'Lee2001'!>>HH4647'cabrit1997' ! Zheng19 = 'cabrit1997' !ISM density profile
ism_config%profile_force_on   = .true. ! Zheng=True  !.true.!.false.!.true. ! .false. ! ISM set force profile
ism_config%profile_force_gradP_on = .true.

ism_config%profile_zc    = 7.0d16!4.49d14 ! 1.0d16 !4.49d14 ! Zheng19 = 30 au = 4.49d14 cm :  grandeur de normalisation dans le profil de pression/densite (en cm)
ism_config%profile_rw    = 2.5d15 !> ISM reference radius for Lee 2001 profile (in cm)
ism_config%profile_kappa    = 2.0d0 ! Zheng19 = 2 ! indice kappa pour la loi de densité et de pression : 'cabrit1997' <=> kappa=2
ism_config%profile_shiftstart = 0.00d0 !>>HH4647 3.33d14 ! 3.33d14 ! 1.0d15 ! the distance from which the ISM profile is set

ism_config%chemical_gas_type = 'fullyatomic'!>>HH4647'fullymolecular'
ism_config%He_abundance      = 0.1
/

&usr_usrboundary_ism_list
  usrboundary_config%boundary_type(2,2) = 'open'
  usrboundary_config%useprimitive       = .false.
  usrboundary_config%flux_frac          = 1.0d-2
/

!11/12/19 : pour le jet et le projet n°1 de Sylvie Cabrit sur son article de 1997, les paramètres ci-dessous pour le jet ont été testés
!et fixées aux valeurs recommandées et correspondant le mieux à la simulation de l'article
&usr_cla_jet_list
    cla_jet_config%unit                  =  'cgs' !> physical unit at parameter file
    cla_jet_config%time_cla_jet_on       =  0.0d0 !> initial time the cla_jet is set in the simulation box

    cla_jet_config%myindice              =  0       !> cla_jet associated indice
    cla_jet_config%density               =  0.0d0 !> cla_jet density  (g/cm^3) densite totale en particules H+H^++H2+He

    cla_jet_config%number_density        =  1.53d6 !7.6d5 !1.0d5 !7.65e5  ! = ntot = nH * 1.4 : densite en H+H^++H2+He,
                                            ! et où nH = densite retournee par Paraview est la densite en H+H^++H2
                                            ! Zhang19 = 0.3-5 e-7 Msun/yr >>> n0= 42864.27- 1.072d6 cm-3 on impose le flux de masse 1.0d5 !> cla_jet number density (1/cm^3)  Reference  Whittle, J. D. Silverman, et al. 2004 : on doit désactiver le flux de masse pour pouvoir utiliser cette densité
    cla_jet_config%temperature           =  100.0d0  !>>HH4647 !> cla_jet temperature  (K)
    cla_jet_config%pressure              =  0.0d0   !> cla_jet pressure
    cla_jet_config%pressure_toism        =  0.0d0   !> cla_jet pressure relative to ism pressure
    cla_jet_config%magnetic(1)           =  0.0d0   !> cla_jet magnetic field components : 0.0d0 = HD
    cla_jet_config%magnetic(2)           =  0.0d0   !> cla_jet magnetic field components : 0.0d0 = HD
    cla_jet_config%magnetic(3)           =  0.0d0   !> cla_jet magnetic field components : 0.0d0 = HD
    cla_jet_config%xisigma               =  0.0d0   !> cla_jet magnetisation : 0.0d0 = HD
    cla_jet_config%magn_anglePHItoPol    =  0.0d0   !> cla_jet magnetisation field incl : 0.0d0 = HD

    cla_jet_config%Mach_number           =  0.0!250.0d0   !> cla_jet  Mach number : Par défaut : Ma = 20
    cla_jet_config%c_sound               =  0.0d0   !> cla_jet  sound speed (cm/s)
    cla_jet_config%velocity(1)           =  0.0d0   !> cla_jet  velocity (radial speed)(cm/s)
    cla_jet_config%velocity(2)           =  1.0d7 !>>HH46471.5d7 !0.0d0 !1.0d7   !1.0d7!> cla_jet  velocity (longitudinal speed)(cm/s) ! Reference  Whittle, J. D. Silverman, et al. 2004 ! Projet n°1 de Sylvie (Cabrit et Raga 1997) => Vjet = 150 km/s = 1.5d7 cm/s (sans tenir compte de la variabilité temporelle du jet) !cla_jet_config%velocity_poloidal     =  0.0d0 !1.0d7 ! Zhang19 = 100 km/s
    cla_jet_config%velocity(3)           =  0.0d0   !> cla_jet  velocity (rotation speed)(cm/s)
    cla_jet_config%velocity_poloidal     =  0.0d0
    cla_jet_config%power                 =  0.0d0   !> wind power flux
    cla_jet_config%mass_flux             =  0.0d0   ! 3.15e19 ! flux en H+H^++H2 1.13d21 !1.89d18 ! grammes/s>>>Zhang19 = 0.3e-7 Msun/yr  0.0!9.8525563d16!1.9705112501213315d17!1.3136741667475542d17!!   !> wind mass flux : cabrit1997 = 1.3136741d17 à Vjet = 100 km/s et 1.9705111e+17 à Vjet = 150 km/s (Vjet = 150 km/s ne marche qu a basse resolution de maillage)
                                            ! c'est par l'imposition de cla_jet_config%mass_flux et de cla_jet_config%velocity(2) que la densité est alors imposée à l'intérieur du jet
                                            ! pour avoir :
                                            ! * Vjet = 100 km/s, R_jet = 0.5e16 cm et n_jet = 100 cm-3 >>> mass_flux = 1.3136741667475542e+17 g / s
                                            ! * Vjet = 150 km/s, R_jet = 0.5e16 cm et n_jet = 100 cm-3 >>> mass_flux = 1.9705112501213315e+17 g / s
                                            ! * Vjet = 150 km/s, R_jet = 0.5e16 cm et n_jet = 50 cm-3 >>> mass_flux = 9.8525563e+16 g / s

    cla_jet_config%open_angle            = 3.0d0 !>>HH4647 !>  cla_jet initial open angle  (degre): 0.0d0 = jet droit cylindrique
    cla_jet_config%z_in                  =  -46.275d18 !> cla_jet inner boundary position
    cla_jet_config%z_impos               =  8.22d14 !>>HH4647 !3.50d14  ! 1d15!6.52128d14!3.26128d15!1.495978707d13!1.495978707d14!> cla_jet initial jet-wind region height : 1.495978707e15 cm = 100 au
    cla_jet_config%z_out_init            =  8.30d14 !>>HH4647 !3.52d14 ! 2d15!9.52128d14!3.26128d15!1.495978707d13!1.495978707d14!0.5d15!0.5d14!> cla_jet  impose z height : 1.495978707e15 cm = 100 au
    cla_jet_config%r_out_init            =  7.47d14 !=50 UA>>HH4647 3.0d15!1.611031692203301d15!> cla_jet inner boundary wind position : zhang19 = 7.48d14 cm = 50 au
    cla_jet_config%r_out_impos           =  7.47d14 !=50 UA>>HH4647 !1.611031692203301d15!> cla_jet  impose radius : Rjet (Cabrit1997) = 0.5d16 cm; zhang19 = 7.48d14 , necessary to impose density or mass flux on the inner boundary

    cla_jet_config%r_in_init             =  0.0 !-7.48d14 !> cla_jet inner jet  region : position de la limite gauche du jet en coordonnées cylindriques : à tenir compte dans le calcul de la surface d'éjection du jet et donc du calcul du flux de masse ejectée

    cla_jet_config%tracer_on             =  .true. !> cla_jet logical to set tracer
    cla_jet_config%tracer_init_density   =  1.0d3  !> cla_jet tracer density
    cla_jet_config%tracer_small_density  =  1.0d1    !> cla_jet tracer small density
    cla_jet_config%shape                 =  'cartesian'  !> cla_jet shape
    cla_jet_config%profile               =  'none'  !> cla_jet profile


    cla_jet_config%variation_on          =  .true. ! Zhang19 .false. !.true.! to set on  or off the jet-injection in-real-time velocity variability
    cla_jet_config%variation_start_time  =  0.0d0 !3d7 ! time (in s in cgs) at which to begin the time variability : 0.0 to begin at the start of the simulation
    cla_jet_config%variation_end_time    =  4d15
    cla_jet_config%variation_velocity_amplitude =  5.0d6 !>>HH4647 ! 5d6 cm/s = 50 km/s
    cla_jet_config%variation_velocity_poloidal =  5.0d6 !>>HH4647
    cla_jet_config%variation_velocity(1) =  0.0!1.0d7
    cla_jet_config%variation_velocity(2) =  5.0d6 !>>HH4647 ! 5d6 cm/s = 50 km/s
    cla_jet_config%variation_velocity(3) =  0.0d0
    cla_jet_config%variation_time        =  3.15576d9!=100 yrs !>>HH4647 ! 1.262304d9! 40 yrs ! 1.57788d9!50 yrs ! !9.46728d9!Zheng19=300 yrs =9.46728d9 !3.15576d9!=100 yrs !3.15576d7 !=1 yr ! time length scale during which the jet velocity typically varies : 3.155760000d9 (s) = 100 yrs
    cla_jet_config%variation_position    =  0.0d0,8.22d14 ,0.0d0 !>>HH4647 !0.0d0, 1d15 ,0.0d0 !0.0d0, 1.495978707d14,0.0d0 ! = 0,10 au,0position (in 3d : if cylindrical : phi = 3, z=2, r=1) under which is set the time variability : default = 0,3d15,0
    cla_jet_config%variation_type        =  'sawtooth2' !>>HH4647 !Zheng19='sawtooth' ? (d ares Sylvie) >> vérifier avec 'sin' ! 'sin'!'sin' !'door'! type of the velocity variation induced in the velocity profile, see subroutine usr_mat_profile_scalar in mod_obj_mat.t to see which possibilities are avalaible
    cla_jet_config%variation_phys_nvariable   = 1  ! number of physical variable with variation
    cla_jet_config%variation_phys_variable(1) =  3 ! 3 mean the velocity in Z direction

    cla_jet_config%refine_min_level      = 5
    cla_jet_config%chemical_gas_type     = 'fullyatomic' !>>HH4647



/
  End of reading of the usr_list
  End of reading of the usr_list
  End of reading of the usr_list
  End of reading of the usr_list
  End of reading of the usr_list
  End of reading of the usr_list
  End of reading of the usr_list
  End of reading of the usr_list
  End of reading of the usr_list
  End of reading of the usr_list
  End of reading of the usr_list
  End of reading of the usr_list
 ---------------------------------------------------------------------------
 ---------------------------------------------------------------------------
 |         __  __ ____ ___        _    __  __ ______     ___    ____       |
 |        |  \/  |  _ \_ _|      / \  |  \/  |  _ \ \   / / \  / ___|      |
 |        | |\/| | |_) | |_____ / _ \ | |\/| | |_) \ \ / / _ \| |          |
 |        | |  | |  __/| |_____/ ___ \| |  | |  _ < \ V / ___ \ |___       |
  End of reading of the usr_list
  End of reading of the usr_list
  End of reading of the usr_list
  End of reading of the usr_list
  End of reading of the usr_list
  End of reading of the usr_list
  End of reading of the usr_list
  End of reading of the usr_list
  End of reading of the usr_list
 |        |_|  |_|_|  |___|   /_/   \_\_|  |_|_| \_\ \_/_/   \_\____|      |
 --------------------------------------------------------------------------
 ---------------------------------------------------------------------------
  End of reading of the usr_list
  End of reading of the usr_list
  End of reading of the usr_list
  End of reading of the usr_list
  End of reading of the usr_list
  End of reading of the usr_list
  End of reading of the usr_list
  End of reading of the usr_list
  End of reading of the usr_list
  End of reading of the usr_list
  End of reading of the usr_list
  End of reading of the usr_list
  End of reading of the usr_list
 Reading usr_list
  End of reading of the usr_list
  End of reading of the usr_list
  End of reading of the usr_list
  End of reading of the usr_list
  End of reading of the usr_list
  End of reading of the usr_list
  End of reading of the usr_list
  End of reading of the usr_list
 Reading usr_physical_values_list
  End of reading of the usr_list
  End of reading of the usr_list
  End of reading of the usr_list
  End of reading of the usr_list
  End of reading of the usr_list
  End of reading of the hd_list
 Reading usr_ism_list
  End of reading of the hd_list
  End of reading of the hd_list
  End of reading of the hd_list
  End of reading of the rc_list
  End of reading of the hd_list
  End of reading of the rc_list
  End of reading of the hd_list
  End of reading of the rc_list
  End of reading of the hd_list
  End of reading of the rc_list
  End of reading of the hd_list
  End of reading of the rc_list
  End of reading of the hd_list
  End of reading of the rc_list
  End of reading of the hd_list
  End of reading of the rc_list
  End of reading of the hd_list
  End of reading of the rc_list
  End of reading of the hd_list
  End of reading of the rc_list
  End of reading of the hd_list
  End of reading of the hd_list
  End of reading of the rc_list
  End of reading of the hd_list
  End of reading of the rc_list
  End of reading of the hd_list
  End of reading of the hd_list
  End of reading of the rc_list
  End of reading of the rc_list
  End of reading of the hd_list
  End of reading of the rc_list
  End of reading of the hd_list
  End of reading of the rc_list
  End of reading of the rc_list
  End of reading of the hd_list
  End of reading of the rc_list
 End of Reading 
 usr_ismlist0                                                                  
 Reading usr_boundary_list           1 
 boundary                                                                      
  End of reading of the hd_list
  End of reading of the rc_list
  End of reading of the rc_list
  End of reading of the hd_list
  End of reading of the hd_list
  End of reading of the rc_list
  End of reading of the hd_list
  End of reading of the hd_list
  End of reading of the rc_list
 End of Reading 
 usr_boundarylist1                                                             
 Reading usr_cla_jet_list
  End of reading of the hd_list
  End of reading of the rc_list
  End of reading of the rc_list
  End of reading of the rc_list
  End of reading of the hd_list
  End of reading of the rc_list
  End of reading of the hd_list
  End of reading of the hd_list
  End of reading of the hd_list
  End of reading of the rc_list
  End of reading of the hd_list
  End of reading of the hd_list
  End of reading of the hd_list
  End of reading of the hd_list
  End of reading of the hd_list
  End of reading of the rc_list
  End of reading of the hd_list
  End of reading of the rc_list
  End of reading of the hd_list
  End of reading of the rc_list
  End of reading of the hd_list
  End of reading of the rc_list
  End of reading of the hd_list
  End of reading of the rc_list
  End of reading of the hd_list
  End of reading of the rc_list
  End of reading of the rc_list
  End of reading of the rc_list
  End of reading of the rc_list
  End of reading of the rc_list
  End of reading of the hd_list
  End of reading of the rc_list
  End of reading of the hd_list
  End of reading of the rc_list
  End of reading of the rc_list
  End of reading of the rc_list
  End of reading of the rc_list
  End of reading of the rc_list
  End of reading of the hd_list
  End of reading of the hd_list
  End of reading of the hd_list
  End of reading of the hd_list
  End of reading of the rc_list
  End of reading of the rc_list
  End of reading of the rc_list
  End of reading of the rc_list
  End of reading of the hd_list
 Use SPEX cooling curve for solar metallicity above 10^4 K. 
 At lower temperatures,use Dalgarno & McCray (1972), 
 with a pre-set ionization fraction of 10^-3. 
 as described by Schure et al. (2009). 
  End of reading of the rc_list
 Reading Shang06.par
 End par file read
 
 Output type | dtsave    | ditsave | itsave(1) | tsave(1)
         log | 0.105E+00 | ******  |      0    | *********
      normal | 0.105E+01 | ******  |      0    | *********
       slice | ********* | ******  | ******    | *********
   collapsed | ********* | ******  | ******    | *********
    analysis | ********* | ******  | ******    | *********
 
                 typelimited: predictor                                                                                                                          
         Domain size (cells): 240 200 
                Level one dx: 0.418E+01 0.418E+01 
           Refine estimation: Lohner's scheme
                   slicenext: 0
                collapsenext: 0
           restart_from_file:  undefined
                  converting: F

  End of reading of the usr_list
  End of reading of the hd_list
  End of reading of the rc_list
 1)the jet radius =    747000000000000.     
 2)the jet radius =    761718750000000.     
 1)the jet radius =    747000000000000.     
 2)the jet radius =    761718750000000.     
 1)the jet radius =    747000000000000.     
 2)the jet radius =    761718750000000.     
 1)the jet radius =    747000000000000.     
 2)the jet radius =    761718750000000.     
 1)the jet radius =    747000000000000.     
 2)the jet radius =    761718750000000.     
 1)the jet radius =    747000000000000.     
 2)the jet radius =    761718750000000.     
 1)the jet radius =    747000000000000.     
 2)the jet radius =    761718750000000.     
 1)the jet radius =    747000000000000.     
 2)the jet radius =    761718750000000.     
 1)the jet radius =    747000000000000.     
 2)the jet radius =    761718750000000.     
 1)the jet radius =    747000000000000.     
 2)the jet radius =    761718750000000.     
 1)the jet radius =    747000000000000.     
 2)the jet radius =    761718750000000.     
 1)the jet radius =    747000000000000.     
 2)the jet radius =    761718750000000.     
 1)the jet radius =    747000000000000.     
 2)the jet radius =    761718750000000.     
 1)the jet radius =    747000000000000.     
 2)the jet radius =    761718750000000.     
 1)the jet radius =    747000000000000.     
 2)the jet radius =    761718750000000.     
 1)the jet radius =    747000000000000.     
 2)the jet radius =    761718750000000.     
 1)the jet radius =    747000000000000.     
 2)the jet radius =    761718750000000.     
 1)the jet radius =    747000000000000.     
 2)the jet radius =    761718750000000.     
 1)the jet radius =    747000000000000.     
 2)the jet radius =    761718750000000.     
 the ism temperature =    100.000000000000     
 ism density  1.600000000000000E-018
 ism nH   683272.906387098     
 1)the jet radius =    747000000000000.     
 2)the jet radius =    761718750000000.     
 the jet temperature =    100.000000000000     
 jet density  3.582755846334000E-018
 jet ndensity   1530000.00000000     
 the jet mflux =   6.535127618026069E+019
 1)the jet radius =    747000000000000.     
 2)the jet radius =    761718750000000.     
 3)the jet radius =    761718750000000.     
 3)the jet inner radius =   -19531250000000.0     
 the jet Surface =   1.824050507017674E+030
 phys_config%He_abundance  0.100000000000000     
 in mod_obj_usr_unit.t usr_physical_unit_fillphysunit subroutine: 
 ism density  2.341670487800000E-030
 ism ndensity  1.000000000000000E-006
 ism pressure  5.822995576026895E-019
 ism temperature   2567.22208410676     
 1)the jet radius =    747000000000000.     
 2)the jet radius =    761718750000000.     
 1)the jet radius =    747000000000000.     
 2)the jet radius =    761718750000000.     
 Jet start :-)
 1)the jet radius =    747000000000000.     
 2)the jet radius =    761718750000000.     
 1)the jet radius =    747000000000000.     
 2)the jet radius =    761718750000000.     
 1)the jet radius =    747000000000000.     
 2)the jet radius =    761718750000000.     
 1)the jet radius =    747000000000000.     
 2)the jet radius =    761718750000000.     
 1)the jet radius =    747000000000000.     
 2)the jet radius =    761718750000000.     
 1)the jet radius =    747000000000000.     
 2)the jet radius =    761718750000000.     
 1)the jet radius =    747000000000000.     
 2)the jet radius =    761718750000000.     
 1)the jet radius =    747000000000000.     
 2)the jet radius =    761718750000000.     
 1)the jet radius =    747000000000000.     
 2)the jet radius =    761718750000000.     
 1)the jet radius =    747000000000000.     
 2)the jet radius =    761718750000000.     
 1)the jet radius =    747000000000000.     
 2)the jet radius =    761718750000000.     
 1)the jet radius =    747000000000000.     
 2)the jet radius =    761718750000000.     
 1)the jet radius =    747000000000000.     
 2)the jet radius =    761718750000000.     
 1)the jet radius =    747000000000000.     
 2)the jet radius =    761718750000000.     
 1)the jet radius =    747000000000000.     
 2)the jet radius =    761718750000000.     
 1)the jet radius =    747000000000000.     
 1)the jet radius =    747000000000000.     
 2)the jet radius =    761718750000000.     
 1)the jet radius =    747000000000000.     
 2)the jet radius =    761718750000000.     
 1)the jet radius =    747000000000000.     
 2)the jet radius =    761718750000000.     
 1)the jet radius =    747000000000000.     
 2)the jet radius =    761718750000000.     
 1)the jet radius =    747000000000000.     
 2)the jet radius =    761718750000000.     
 1)the jet radius =    747000000000000.     
 2)the jet radius =    761718750000000.     
 1)the jet radius =    747000000000000.     
 2)the jet radius =    761718750000000.     
 1)the jet radius =    747000000000000.     
 2)the jet radius =    761718750000000.     
 1)the jet radius =    747000000000000.     
 2)the jet radius =    761718750000000.     
 2)the jet radius =    761718750000000.     
 -------------------------------------------------------------------------------
 Startup phase took :             0.190 sec
 -------------------------------------------------------------------------------
 Start integrating, print status every  3.00E+01 seconds
        it        time          dt  wc-time(s)
         0   0.000E+00   8.706E-06   1.142E-03
In CGS          0 T=   0.000E+00 dT=   2.612E+03
 -------------------------------------------------------------------------------
 Saving visual data. Coordinate directions and variable names are:
          -1 R               
           0 Z               
           1 rho             rho             
           2 v1              v1              
           3 v2              v2              
           4 v3              v3              
           5 p               p               
           6 tracer_ism      tracer_ism      
           7 tracer_jet      tracer_jet      
           8 mup             mup             
           9 L1              L1              
          10 dtcool1         dtcool1         
          11 mach_number     mach_number     
          12 temperature     temperature     
          13 level           level           
          14 number density  number density  
 time =  0.000000000000000E+000
 -------------------------------------------------------------------------------
       523   9.467E-01   2.963E-03   3.001E+01
In CGS        523 T=   2.840E+08 dT=   8.889E+05
       874   2.108E+00   3.710E-03   6.265E+01
In CGS        874 T=   6.323E+08 dT=   1.113E+06
      1257   3.614E+00   4.118E-03   9.265E+01
In CGS       1257 T=   1.084E+09 dT=   1.235E+06
      1639   5.145E+00   3.971E-03   1.227E+02
In CGS       1639 T=   1.543E+09 dT=   1.191E+06
      1991   6.485E+00   3.790E-03   1.527E+02
In CGS       1991 T=   1.946E+09 dT=   1.137E+06
      2409   8.013E+00   3.647E-03   1.827E+02
In CGS       2409 T=   2.404E+09 dT=   1.094E+06
      2805   9.419E+00   3.578E-03   2.127E+02
In CGS       2805 T=   2.826E+09 dT=   1.073E+06
      3120   1.052E+01   3.537E-03   2.453E+02
In CGS       3120 T=   3.157E+09 dT=   1.061E+06
      3478   1.178E+01   3.370E-03   2.754E+02
In CGS       3478 T=   3.533E+09 dT=   1.011E+06
      3818   1.294E+01   9.275E-04   3.054E+02
In CGS       3818 T=   3.881E+09 dT=   2.783E+05
      4136   1.401E+01   3.427E-03   3.354E+02
In CGS       4136 T=   4.204E+09 dT=   1.028E+06
      4437   1.503E+01   3.389E-03   3.655E+02
In CGS       4437 T=   4.510E+09 dT=   1.017E+06
      4719   1.596E+01   3.366E-03   3.955E+02
In CGS       4719 T=   4.787E+09 dT=   1.010E+06
      4987   1.684E+01   3.355E-03   4.255E+02
In CGS       4987 T=   5.051E+09 dT=   1.006E+06
      5306   1.789E+01   3.351E-03   4.613E+02
In CGS       5306 T=   5.366E+09 dT=   1.005E+06
      5626   1.894E+01   3.326E-03   4.990E+02
In CGS       5626 T=   5.681E+09 dT=   9.977E+05
      5940   1.996E+01   3.274E-03   5.291E+02
In CGS       5940 T=   5.989E+09 dT=   9.821E+05
      6153   2.064E+01   3.248E-03   5.591E+02
In CGS       6153 T=   6.192E+09 dT=   9.745E+05
      6349   2.126E+01   3.234E-03   5.892E+02
In CGS       6349 T=   6.379E+09 dT=   9.703E+05
      6609   2.209E+01   3.224E-03   6.273E+02
In CGS       6609 T=   6.628E+09 dT=   9.672E+05
      6885   2.297E+01   3.220E-03   6.574E+02
In CGS       6885 T=   6.892E+09 dT=   9.660E+05
      7054   2.351E+01   3.220E-03   6.874E+02
In CGS       7054 T=   7.054E+09 dT=   9.659E+05
      7269   2.420E+01   3.216E-03   7.238E+02
In CGS       7269 T=   7.259E+09 dT=   9.648E+05
      7522   2.500E+01   3.214E-03   7.538E+02
In CGS       7522 T=   7.501E+09 dT=   9.642E+05
      7667   2.547E+01   3.216E-03   7.839E+02
In CGS       7667 T=   7.640E+09 dT=   9.648E+05
      7906   2.623E+01   3.226E-03   8.140E+02
In CGS       7906 T=   7.868E+09 dT=   9.677E+05
      8037   2.665E+01   3.233E-03   8.440E+02
In CGS       8037 T=   7.994E+09 dT=   9.699E+05
      8259   2.735E+01   3.210E-03   8.869E+02
In CGS       8259 T=   8.206E+09 dT=   9.629E+05
      8480   2.818E+01   4.418E-03   9.169E+02
In CGS       8480 T=   8.454E+09 dT=   1.325E+06
      8590   2.866E+01   4.588E-03   9.469E+02
In CGS       8590 T=   8.599E+09 dT=   1.376E+06
      8763   2.946E+01   4.856E-03   9.866E+02
In CGS       8763 T=   8.838E+09 dT=   1.457E+06
      8968   3.047E+01   5.265E-03   1.017E+03
In CGS       8968 T=   9.142E+09 dT=   1.580E+06
      9066   3.099E+01   5.457E-03   1.047E+03
In CGS       9066 T=   9.296E+09 dT=   1.637E+06
      9176   3.156E+01   5.439E-03   1.079E+03
In CGS       9176 T=   9.469E+09 dT=   1.632E+06
      9368   3.261E+01   6.331E-03   1.109E+03
In CGS       9368 T=   9.783E+09 dT=   1.899E+06
      9455   3.317E+01   6.687E-03   1.139E+03
In CGS       9455 T=   9.951E+09 dT=   2.006E+06
      9539   3.372E+01   6.725E-03   1.170E+03
In CGS       9539 T=   1.012E+10 dT=   2.018E+06
      9691   3.472E+01   7.036E-03   1.211E+03
In CGS       9691 T=   1.042E+10 dT=   2.111E+06
      9843   3.577E+01   7.235E-03   1.254E+03
In CGS       9843 T=   1.073E+10 dT=   2.171E+06
      9993   3.682E+01   7.312E-03   1.297E+03
In CGS       9993 T=   1.105E+10 dT=   2.194E+06
     10143   3.788E+01   7.428E-03   1.340E+03
In CGS      10143 T=   1.136E+10 dT=   2.228E+06
     10287   3.893E+01   7.573E-03   1.384E+03
In CGS      10287 T=   1.168E+10 dT=   2.272E+06
     10427   3.998E+01   7.694E-03   1.427E+03
In CGS      10427 T=   1.199E+10 dT=   2.308E+06
     10567   4.103E+01   7.776E-03   1.471E+03
In CGS      10567 T=   1.231E+10 dT=   2.333E+06
     10707   4.208E+01   6.534E-03   1.515E+03
In CGS      10707 T=   1.262E+10 dT=   1.960E+06
     10870   4.309E+01   6.538E-03   1.545E+03
In CGS      10870 T=   1.293E+10 dT=   1.961E+06
     10927   4.344E+01   6.579E-03   1.576E+03
In CGS      10927 T=   1.303E+10 dT=   1.974E+06
     11040   4.419E+01   6.749E-03   1.616E+03
In CGS      11040 T=   1.326E+10 dT=   2.025E+06
     11199   4.523E+01   6.958E-03   1.647E+03
In CGS      11199 T=   1.357E+10 dT=   2.087E+06
     11251   4.559E+01   7.025E-03   1.677E+03
In CGS      11251 T=   1.368E+10 dT=   2.107E+06
     11351   4.629E+01   7.176E-03   1.716E+03
In CGS      11351 T=   1.389E+10 dT=   2.153E+06
     11501   4.734E+01   7.225E-03   1.766E+03
In CGS      11501 T=   1.420E+10 dT=   2.167E+06
     11651   4.840E+01   7.432E-03   1.816E+03
In CGS      11651 T=   1.452E+10 dT=   2.230E+06
     11797   4.945E+01   7.579E-03   1.865E+03
In CGS      11797 T=   1.483E+10 dT=   2.274E+06
     11937   5.050E+01   7.720E-03   1.914E+03
In CGS      11937 T=   1.515E+10 dT=   2.316E+06
     12077   5.155E+01   7.816E-03   1.963E+03
In CGS      12077 T=   1.547E+10 dT=   2.345E+06
     12217   5.260E+01   6.534E-03   2.012E+03
In CGS      12217 T=   1.578E+10 dT=   1.960E+06
     12366   5.352E+01   6.499E-03   2.042E+03
In CGS      12366 T=   1.606E+10 dT=   1.950E+06
     12407   5.377E+01   6.540E-03   2.072E+03
In CGS      12407 T=   1.613E+10 dT=   1.962E+06
     12551   5.471E+01   6.753E-03   2.124E+03
In CGS      12551 T=   1.641E+10 dT=   2.026E+06
     12697   5.567E+01   6.895E-03   2.154E+03
In CGS      12697 T=   1.670E+10 dT=   2.068E+06
     12736   5.593E+01   7.074E-03   2.184E+03
In CGS      12736 T=   1.678E+10 dT=   2.122E+06
     12863   5.681E+01   7.210E-03   2.232E+03
In CGS      12863 T=   1.704E+10 dT=   2.163E+06
     13008   5.783E+01   7.341E-03   2.262E+03
In CGS      13008 T=   1.735E+10 dT=   2.202E+06
     13045   5.809E+01   7.371E-03   2.292E+03
In CGS      13045 T=   1.743E+10 dT=   2.211E+06
     13163   5.891E+01   7.472E-03   2.340E+03
In CGS      13163 T=   1.767E+10 dT=   2.242E+06
     13306   5.993E+01   7.551E-03   2.370E+03
In CGS      13306 T=   1.798E+10 dT=   2.265E+06
     13338   6.017E+01   7.597E-03   2.400E+03
In CGS      13338 T=   1.805E+10 dT=   2.279E+06
     13451   6.102E+01   7.696E-03   2.448E+03
In CGS      13451 T=   1.831E+10 dT=   2.309E+06
     13591   6.207E+01   7.805E-03   2.501E+03
In CGS      13591 T=   1.862E+10 dT=   2.342E+06
     13731   6.312E+01   6.534E-03   2.554E+03
In CGS      13731 T=   1.894E+10 dT=   1.960E+06
     13872   6.399E+01   6.519E-03   2.585E+03
In CGS      13872 T=   1.920E+10 dT=   1.956E+06
     13902   6.417E+01   6.523E-03   2.615E+03
In CGS      13902 T=   1.925E+10 dT=   1.957E+06
     14042   6.508E+01   6.697E-03   2.645E+03
In CGS      14042 T=   1.952E+10 dT=   2.009E+06
     14070   6.527E+01   6.705E-03   2.675E+03
In CGS      14070 T=   1.958E+10 dT=   2.011E+06
     14209   6.618E+01   7.012E-03   2.705E+03
In CGS      14209 T=   1.985E+10 dT=   2.104E+06
     14235   6.635E+01   7.004E-03   2.735E+03
In CGS      14235 T=   1.991E+10 dT=   2.101E+06
     14374   6.731E+01   7.117E-03   2.766E+03
In CGS      14374 T=   2.019E+10 dT=   2.135E+06
     14400   6.749E+01   7.207E-03   2.796E+03
In CGS      14400 T=   2.025E+10 dT=   2.162E+06
     14527   6.838E+01   7.385E-03   2.848E+03
In CGS      14527 T=   2.051E+10 dT=   2.216E+06
     14665   6.935E+01   7.499E-03   2.878E+03
In CGS      14665 T=   2.081E+10 dT=   2.250E+06
     14690   6.953E+01   2.282E-04   2.908E+03
In CGS      14690 T=   2.086E+10 dT=   6.846E+04
     14819   7.049E+01   7.617E-03   2.961E+03
In CGS      14819 T=   2.115E+10 dT=   2.285E+06
     14957   7.153E+01   5.300E-03   2.991E+03
In CGS      14957 T=   2.146E+10 dT=   1.590E+06
     14980   7.170E+01   7.693E-03   3.021E+03
In CGS      14980 T=   2.151E+10 dT=   2.308E+06
     15099   7.259E+01   7.784E-03   3.073E+03
In CGS      15099 T=   2.178E+10 dT=   2.335E+06
     15237   7.363E+01   2.759E-03   3.103E+03
In CGS      15237 T=   2.209E+10 dT=   8.276E+05
     15259   7.376E+01   6.140E-03   3.133E+03
In CGS      15259 T=   2.213E+10 dT=   1.842E+06
     15396   7.461E+01   6.575E-03   3.163E+03
In CGS      15396 T=   2.238E+10 dT=   1.973E+06
     15417   7.474E+01   6.523E-03   3.193E+03
In CGS      15417 T=   2.242E+10 dT=   1.957E+06
     15551   7.561E+01   6.713E-03   3.223E+03
In CGS      15551 T=   2.268E+10 dT=   2.014E+06
     15572   7.574E+01   6.764E-03   3.253E+03
In CGS      15572 T=   2.272E+10 dT=   2.029E+06
     15709   7.665E+01   7.012E-03   3.284E+03
In CGS      15709 T=   2.299E+10 dT=   2.104E+06
     15732   7.680E+01   6.910E-03   3.314E+03
In CGS      15732 T=   2.304E+10 dT=   2.073E+06
     15866   7.772E+01   7.102E-03   3.345E+03
In CGS      15866 T=   2.332E+10 dT=   2.131E+06
     15885   7.785E+01   7.187E-03   3.375E+03
In CGS      15885 T=   2.335E+10 dT=   2.156E+06
     16021   7.880E+01   7.228E-03   3.405E+03
In CGS      16021 T=   2.364E+10 dT=   2.168E+06
     16039   7.893E+01   7.352E-03   3.435E+03
In CGS      16039 T=   2.368E+10 dT=   2.206E+06
     16174   7.988E+01   7.483E-03   3.465E+03
In CGS      16174 T=   2.396E+10 dT=   2.245E+06
     16192   8.001E+01   7.452E-03   3.495E+03
In CGS      16192 T=   2.400E+10 dT=   2.236E+06
     16325   8.095E+01   7.552E-03   3.525E+03
In CGS      16325 T=   2.429E+10 dT=   2.266E+06
     16342   8.108E+01   7.533E-03   3.555E+03
In CGS      16342 T=   2.432E+10 dT=   2.260E+06
     16472   8.206E+01   7.670E-03   3.611E+03
In CGS      16472 T=   2.462E+10 dT=   2.301E+06
     16607   8.307E+01   7.766E-03   3.641E+03
In CGS      16607 T=   2.492E+10 dT=   2.330E+06
     16615   8.313E+01   7.773E-03   3.671E+03
In CGS      16615 T=   2.494E+10 dT=   2.332E+06
     16735   8.404E+01   7.892E-03   3.701E+03
In CGS      16735 T=   2.521E+10 dT=   2.368E+06
     16752   8.416E+01   6.534E-03   3.732E+03
In CGS      16752 T=   2.525E+10 dT=   1.960E+06
     16886   8.499E+01   6.485E-03   3.762E+03
In CGS      16886 T=   2.550E+10 dT=   1.945E+06
     16923   8.521E+01   6.549E-03   3.797E+03
In CGS      16923 T=   2.556E+10 dT=   1.965E+06
     17055   8.607E+01   6.672E-03   3.827E+03
In CGS      17055 T=   2.582E+10 dT=   2.002E+06
     17085   8.626E+01   6.732E-03   3.861E+03
In CGS      17085 T=   2.588E+10 dT=   2.020E+06
     17218   8.714E+01   6.857E-03   3.891E+03
In CGS      17218 T=   2.614E+10 dT=   2.057E+06
     17245   8.732E+01   6.941E-03   3.924E+03
In CGS      17245 T=   2.619E+10 dT=   2.082E+06
     17377   8.822E+01   7.117E-03   3.954E+03
In CGS      17377 T=   2.647E+10 dT=   2.135E+06
     17398   8.837E+01   7.144E-03   3.987E+03
In CGS      17398 T=   2.651E+10 dT=   2.143E+06
     17530   8.930E+01   7.359E-03   4.017E+03
In CGS      17530 T=   2.679E+10 dT=   2.208E+06
     17548   8.942E+01   7.343E-03   4.048E+03
In CGS      17548 T=   2.683E+10 dT=   2.203E+06
     17679   9.034E+01   7.325E-03   4.078E+03
In CGS      17679 T=   2.710E+10 dT=   2.197E+06
     17698   9.047E+01   7.500E-03   4.110E+03
In CGS      17698 T=   2.714E+10 dT=   2.250E+06
     17827   9.143E+01   7.597E-03   4.140E+03
In CGS      17827 T=   2.743E+10 dT=   2.279E+06
     17840   9.152E+01   7.567E-03   4.171E+03
In CGS      17840 T=   2.746E+10 dT=   2.270E+06
     17970   9.250E+01   7.662E-03   4.201E+03
In CGS      17970 T=   2.775E+10 dT=   2.299E+06
     17980   9.258E+01   7.696E-03   4.231E+03
In CGS      17980 T=   2.777E+10 dT=   2.309E+06
     18109   9.355E+01   7.750E-03   4.261E+03
In CGS      18109 T=   2.806E+10 dT=   2.325E+06
     18120   9.363E+01   7.774E-03   4.292E+03
In CGS      18120 T=   2.809E+10 dT=   2.332E+06
     18249   9.460E+01   7.845E-03   4.322E+03
In CGS      18249 T=   2.838E+10 dT=   2.353E+06
     18260   9.468E+01   6.534E-03   4.353E+03
In CGS      18260 T=   2.840E+10 dT=   1.960E+06
     18388   9.547E+01   6.492E-03   4.383E+03
In CGS      18388 T=   2.864E+10 dT=   1.948E+06
     18431   9.573E+01   6.512E-03   4.421E+03
In CGS      18431 T=   2.872E+10 dT=   1.954E+06
     18559   9.655E+01   6.669E-03   4.452E+03
In CGS      18559 T=   2.897E+10 dT=   2.001E+06
     18594   9.678E+01   6.754E-03   4.488E+03
In CGS      18594 T=   2.904E+10 dT=   2.026E+06
     18721   9.762E+01   6.821E-03   4.518E+03
In CGS      18721 T=   2.929E+10 dT=   2.046E+06
     18754   9.784E+01   6.979E-03   4.555E+03
In CGS      18754 T=   2.935E+10 dT=   2.094E+06
     18881   9.871E+01   7.095E-03   4.585E+03
In CGS      18881 T=   2.961E+10 dT=   2.129E+06
     18906   9.889E+01   7.142E-03   4.620E+03
In CGS      18906 T=   2.967E+10 dT=   2.143E+06
     19032   9.977E+01   7.288E-03   4.650E+03
In CGS      19032 T=   2.993E+10 dT=   2.186E+06
     19056   9.994E+01   7.297E-03   4.684E+03
In CGS      19056 T=   2.998E+10 dT=   2.189E+06
     19180   1.008E+02   7.445E-03   4.714E+03
In CGS      19180 T=   3.024E+10 dT=   2.234E+06
     19206   1.010E+02   7.512E-03   4.749E+03
In CGS      19206 T=   3.030E+10 dT=   2.254E+06
     19332   1.019E+02   7.600E-03   4.780E+03
In CGS      19332 T=   3.058E+10 dT=   2.280E+06
     19349   1.020E+02   7.613E-03   4.812E+03
In CGS      19349 T=   3.061E+10 dT=   2.284E+06
     19474   1.030E+02   7.674E-03   4.842E+03
In CGS      19474 T=   3.089E+10 dT=   2.302E+06
     19489   1.031E+02   7.699E-03   4.875E+03
In CGS      19489 T=   3.093E+10 dT=   2.310E+06
     19614   1.040E+02   7.761E-03   4.905E+03
In CGS      19614 T=   3.121E+10 dT=   2.328E+06
     19629   1.041E+02   7.782E-03   4.938E+03
In CGS      19629 T=   3.124E+10 dT=   2.335E+06
     19754   1.051E+02   7.838E-03   4.968E+03
In CGS      19754 T=   3.153E+10 dT=   2.351E+06
 Total timeloop took        :     5000.797 sec
 Time spent on Regrid+Update:      605.047 sec
                  Percentage:        12.10 %
 Time spent on IO in loop   :     1950.689 sec
                  Percentage:        39.01 %
 Time spent on BC           :      466.059 sec
                  Percentage:         9.32 %
 Time spent on run          :     3050.108 sec
 Cells_updated / cpu / sec  :    1.694E+05
 Total time spent on IO     :     1950.689 sec
 Total timeintegration took :     5000.797 sec
 -------------------------------------------------------------------------------
 Finished AMRVAC in :          5000.988 sec
 -------------------------------------------------------------------------------
