 ---------------------------------------------------------------------------
 ---------------------------------------------------------------------------
 |         __  __ ____ ___        _    __  __ ______     ___    ____       |
 |        |  \/  |  _ \_ _|      / \  |  \/  |  _ \ \   / / \  / ___|      |
 |        | |\/| | |_) | |_____ / _ \ | |\/| | |_) \ \ / / _ \| |          |
 |        | |  | |  __/| |_____/ ___ \| |  | |  _ < \ V / ___ \ |___       |
 |        |_|  |_|_|  |___|   /_/   \_\_|  |_|_| \_\ \_/_/   \_\____|      |
 --------------------------------------------------------------------------
 ---------------------------------------------------------------------------
  End of reading of the usr_list
  End of reading of the usr_list
  End of reading of the usr_list
 Reading usr_list
  End of reading of the usr_list
 Reading usr_physical_values_list
 Reading usr_ism_list
 End of Reading usr_ism_list
 Reading usr_cloud_list
  End of reading of the usr_list
  End of reading of the usr_list
  End of reading of the usr_list
 Reading usr_list
  End of reading of the  dust_list
  End of reading of the  dust_list
  End of reading of the  dust_list
 End of Reading usr_dustlist0                                                                 
 Reading usr_cla_jet_list
  End of reading of the  dust_list
  End of reading of the  dust_list
  End of reading of the  dust_list
  End of reading of the  dust_list
 Use Mellema & Lundqvist (2002) cooling curve for zero metallicity 
  End of reading of the usr_list
  End of reading of the  dust_list
 Reading Parfiles/JetI_Large2.par
 End par file read
 
 Output type | dtsave    | ditsave | itsave(1) | tsave(1)
         log | 0.550E+01 | ******  |      0    | *********
      normal | 0.165E+03 | ******  |      0    | *********
       slice | ********* | ******  | ******    | *********
   collapsed | ********* | ******  | ******    | *********
    analysis | ********* | ******  | ******    | *********
 
                 typelimited: predictor                                                                                                                          
         Domain size (cells): 96 96 
                Level one dx: 0.124E+02 0.124E+02 
           Refine estimation: Lohner's scheme
                   slicenext: 0
                collapsenext: 0
           restart_from_file:  undefined
                  converting: F

 Jet start :-)
 -------------------------------------------------------------------------------
 Startup phase took :             0.099 sec
 -------------------------------------------------------------------------------
 Start integrating, print status every  3.00E+01 seconds
        it        time          dt  wc-time(s)
         0   0.000E+00   3.567E-03   3.505E-03
physical dimension         0   0.000E+00   2.140E+09   3.505E-03
 -------------------------------------------------------------------------------
 Saving visual data. Coordinate directions and variable names are:
          -1 X               
           0 Y               
           1 rho             rho             
           2 v1              v1              
           3 v2              v2              
           4 v3              v3              
           5 p               p               
           6 tracer_ism      tracer_ism      
           7 tracer_cloud    tracer_cloud    
           8 tracer_jet      tracer_jet      
           9 rhod1           rhod1           
          10 rhod2           rhod2           
          11 v1d1            v1d1            
          12 v1d2            v1d2            
          13 v2d1            v2d1            
          14 v2d2            v2d2            
          15 v3d1            v3d1            
          16 v3d2            v3d2            
          17 mach_number     mach_number     
          18 temperature     temperature     
          19 level           level           
          20 number density  number density  
          21 erroramrrho     erroramrrho     
          22 erroamrp        erroamrp        
          23 deltav_dust11   deltav_dust11   
          24 deltav_dust12   deltav_dust12   
          25 rhod1torho      rhod1torho      
 time =   0.0000000000000000     
 -------------------------------------------------------------------------------
        75   4.906E+00   1.051E-01   3.029E+01
physical dimension        75   2.943E+12   6.304E+10   3.029E+01
       147   1.372E+01   1.338E-01   6.042E+01
physical dimension       147   8.231E+12   8.030E+10   6.042E+01
       226   2.464E+01   1.453E-01   9.053E+01
physical dimension       226   1.478E+13   8.718E+10   9.053E+01
       300   3.494E+01   1.416E-01   1.207E+02
physical dimension       300   2.097E+13   8.495E+10   1.207E+02
       374   4.503E+01   1.165E-01   1.510E+02
physical dimension       374   2.702E+13   6.989E+10   1.510E+02
       447   5.193E+01   5.595E-02   1.811E+02
physical dimension       447   3.116E+13   3.357E+10   1.811E+02
       520   5.543E+01   2.447E-02   2.113E+02
physical dimension       520   3.326E+13   1.468E+10   2.113E+02
       593   5.697E+01   1.781E-02   2.415E+02
physical dimension       593   3.418E+13   1.068E+10   2.415E+02
       666   5.814E+01   1.481E-02   2.719E+02
physical dimension       666   3.488E+13   8.884E+09   2.719E+02
       739   5.918E+01   1.409E-02   3.022E+02
physical dimension       739   3.551E+13   8.455E+09   3.022E+02
       812   6.023E+01   1.461E-02   3.325E+02
physical dimension       812   3.614E+13   8.767E+09   3.325E+02
       886   6.132E+01   1.518E-02   3.628E+02
physical dimension       886   3.679E+13   9.109E+09   3.628E+02
       959   6.246E+01   1.594E-02   3.929E+02
physical dimension       959   3.748E+13   9.564E+09   3.929E+02
      1032   6.363E+01   1.599E-02   4.230E+02
physical dimension      1032   3.818E+13   9.591E+09   4.230E+02
      1104   6.476E+01   1.546E-02   4.531E+02
physical dimension      1104   3.886E+13   9.274E+09   4.531E+02
      1176   6.586E+01   1.502E-02   4.834E+02
physical dimension      1176   3.952E+13   9.013E+09   4.834E+02
      1248   6.694E+01   1.532E-02   5.138E+02
physical dimension      1248   4.016E+13   9.194E+09   5.138E+02
      1321   6.922E+01   3.280E-02   5.441E+02
physical dimension      1321   4.153E+13   1.968E+10   5.441E+02
      1394   7.150E+01   7.455E-02   5.742E+02
physical dimension      1394   4.290E+13   4.473E+10   5.742E+02
      1469   7.862E+01   5.810E-02   6.044E+02
physical dimension      1469   4.717E+13   3.486E+10   6.044E+02
      1542   7.876E+01   3.027E-07   6.346E+02
physical dimension      1542   4.726E+13   1.816E+05   6.346E+02
      1616   8.178E+01   1.105E-01   6.649E+02
physical dimension      1616   4.907E+13   6.628E+10   6.649E+02
      1694   9.115E+01   1.445E-01   6.950E+02
physical dimension      1694   5.469E+13   8.668E+10   6.950E+02
      1767   1.023E+02   1.556E-01   7.252E+02
physical dimension      1767   6.136E+13   9.337E+10   7.252E+02
      1838   1.130E+02   1.334E-01   7.553E+02
physical dimension      1838   6.781E+13   8.002E+10   7.553E+02
      1910   1.223E+02   1.555E-01   7.855E+02
physical dimension      1910   7.335E+13   9.332E+10   7.855E+02
      1982   1.331E+02   1.553E-01   8.159E+02
physical dimension      1982   7.985E+13   9.316E+10   8.159E+02
      2051   1.420E+02   1.549E-01   8.462E+02
physical dimension      2051   8.523E+13   9.294E+10   8.462E+02
      2115   1.513E+02   1.222E-01   8.766E+02
physical dimension      2115   9.076E+13   7.332E+10   8.766E+02
      2178   1.569E+02   1.381E-01   9.066E+02
physical dimension      2178   9.417E+13   8.285E+10   9.066E+02
      2241   1.660E+02   1.546E-01   9.369E+02
physical dimension      2241   9.961E+13   9.275E+10   9.369E+02
      2302   1.755E+02   1.550E-01   9.671E+02
physical dimension      2302   1.053E+14   9.298E+10   9.671E+02
      2363   1.848E+02   1.553E-01   9.974E+02
physical dimension      2363   1.109E+14   9.317E+10   9.974E+02
      2424   1.941E+02   1.549E-01   1.028E+03
physical dimension      2424   1.164E+14   9.293E+10   1.028E+03
      2483   2.031E+02   1.549E-01   1.058E+03
physical dimension      2483   1.219E+14   9.293E+10   1.058E+03
      2542   2.110E+02   1.280E-01   1.088E+03
physical dimension      2542   1.266E+14   7.681E+10   1.088E+03
      2607   2.149E+02   2.256E-02   1.118E+03
physical dimension      2607   1.290E+14   1.354E+10   1.118E+03
      2672   2.185E+02   8.749E-02   1.149E+03
physical dimension      2672   1.311E+14   5.249E+10   1.149E+03
      2736   2.245E+02   9.934E-02   1.179E+03
physical dimension      2736   1.347E+14   5.960E+10   1.179E+03
      2801   2.309E+02   9.632E-02   1.209E+03
physical dimension      2801   1.385E+14   5.779E+10   1.209E+03
      2863   2.346E+02   2.210E-02   1.240E+03
physical dimension      2863   1.407E+14   1.326E+10   1.240E+03
      2924   2.358E+02   1.781E-02   1.270E+03
physical dimension      2924   1.415E+14   1.068E+10   1.270E+03
      2986   2.370E+02   2.531E-02   1.300E+03
physical dimension      2986   1.422E+14   1.519E+10   1.300E+03
      3042   2.382E+02   2.021E-02   1.330E+03
physical dimension      3042   1.429E+14   1.212E+10   1.330E+03
      3098   2.393E+02   1.880E-02   1.361E+03
physical dimension      3098   1.436E+14   1.128E+10   1.361E+03
      3159   2.404E+02   1.791E-02   1.391E+03
physical dimension      3159   1.442E+14   1.075E+10   1.391E+03
      3217   2.415E+02   1.612E-02   1.421E+03
physical dimension      3217   1.449E+14   9.672E+09   1.421E+03
      3271   2.424E+02   1.982E-02   1.452E+03
physical dimension      3271   1.455E+14   1.189E+10   1.452E+03
      3325   2.436E+02   2.210E-02   1.482E+03
physical dimension      3325   1.461E+14   1.326E+10   1.482E+03
      3379   2.448E+02   2.165E-02   1.512E+03
physical dimension      3379   1.469E+14   1.299E+10   1.512E+03
      3433   2.460E+02   2.928E-02   1.542E+03
physical dimension      3433   1.476E+14   1.757E+10   1.542E+03
      3487   2.470E+02   1.987E-02   1.572E+03
physical dimension      3487   1.482E+14   1.192E+10   1.572E+03
      3542   2.483E+02   2.441E-02   1.603E+03
physical dimension      3542   1.490E+14   1.464E+10   1.603E+03
      3598   2.497E+02   2.672E-02   1.633E+03
physical dimension      3598   1.498E+14   1.603E+10   1.633E+03
      3654   2.512E+02   2.671E-02   1.663E+03
physical dimension      3654   1.507E+14   1.602E+10   1.663E+03
      3710   2.529E+02   2.929E-02   1.694E+03
physical dimension      3710   1.517E+14   1.757E+10   1.694E+03
      3765   2.544E+02   3.017E-02   1.724E+03
physical dimension      3765   1.526E+14   1.810E+10   1.724E+03
      3820   2.559E+02   2.397E-02   1.754E+03
physical dimension      3820   1.535E+14   1.438E+10   1.754E+03
      3875   2.574E+02   3.211E-02   1.784E+03
physical dimension      3875   1.545E+14   1.927E+10   1.784E+03
      3932   2.594E+02   3.532E-02   1.815E+03
physical dimension      3932   1.556E+14   2.119E+10   1.815E+03
      3988   2.609E+02   2.828E-02   1.845E+03
physical dimension      3988   1.565E+14   1.697E+10   1.845E+03
      4043   2.622E+02   2.806E-02   1.875E+03
physical dimension      4043   1.573E+14   1.684E+10   1.875E+03
      4098   2.641E+02   3.858E-02   1.905E+03
physical dimension      4098   1.584E+14   2.315E+10   1.905E+03
      4153   2.660E+02   2.714E-02   1.936E+03
physical dimension      4153   1.596E+14   1.628E+10   1.936E+03
      4208   2.678E+02   3.927E-02   1.966E+03
physical dimension      4208   1.607E+14   2.356E+10   1.966E+03
      4263   2.700E+02   3.818E-02   1.997E+03
physical dimension      4263   1.620E+14   2.291E+10   1.997E+03
      4317   2.717E+02   1.534E-02   2.027E+03
physical dimension      4317   1.630E+14   9.206E+09   2.027E+03
      4372   2.729E+02   2.839E-02   2.057E+03
physical dimension      4372   1.637E+14   1.703E+10   2.057E+03
      4427   2.748E+02   4.092E-02   2.088E+03
physical dimension      4427   1.649E+14   2.455E+10   2.088E+03
      4482   2.769E+02   2.157E-02   2.118E+03
physical dimension      4482   1.662E+14   1.294E+10   2.118E+03
      4536   2.785E+02   3.818E-02   2.148E+03
physical dimension      4536   1.671E+14   2.291E+10   2.148E+03
      4591   2.808E+02   4.225E-02   2.179E+03
physical dimension      4591   1.685E+14   2.535E+10   2.179E+03
      4646   2.835E+02   5.517E-02   2.209E+03
physical dimension      4646   1.701E+14   3.310E+10   2.209E+03
      4700   2.864E+02   6.077E-02   2.239E+03
physical dimension      4700   1.718E+14   3.646E+10   2.239E+03
      4754   2.888E+02   4.988E-02   2.270E+03
physical dimension      4754   1.733E+14   2.993E+10   2.270E+03
      4809   2.916E+02   4.627E-02   2.300E+03
physical dimension      4809   1.750E+14   2.776E+10   2.300E+03
      4864   2.945E+02   5.248E-02   2.331E+03
physical dimension      4864   1.767E+14   3.149E+10   2.331E+03
      4919   2.977E+02   5.564E-02   2.361E+03
physical dimension      4919   1.786E+14   3.338E+10   2.361E+03
      4974   3.006E+02   5.438E-02   2.391E+03
physical dimension      4974   1.803E+14   3.263E+10   2.391E+03
      5029   3.041E+02   7.622E-02   2.422E+03
physical dimension      5029   1.825E+14   4.573E+10   2.422E+03
      5084   3.078E+02   7.176E-02   2.452E+03
physical dimension      5084   1.847E+14   4.306E+10   2.452E+03
      5138   3.131E+02   1.200E-01   2.482E+03
physical dimension      5138   1.879E+14   7.202E+10   2.482E+03
      5191   3.178E+02   7.132E-02   2.512E+03
physical dimension      5191   1.907E+14   4.279E+10   2.512E+03
      5244   3.235E+02   1.042E-01   2.543E+03
physical dimension      5244   1.941E+14   6.252E+10   2.543E+03
      5295   3.287E+02   1.093E-01   2.573E+03
physical dimension      5295   1.972E+14   6.556E+10   2.573E+03
      5343   3.344E+02   1.120E-01   2.603E+03
physical dimension      5343   2.007E+14   6.721E+10   2.603E+03
      5392   3.398E+02   1.098E-01   2.634E+03
physical dimension      5392   2.039E+14   6.587E+10   2.634E+03
      5442   3.450E+02   1.075E-01   2.664E+03
physical dimension      5442   2.070E+14   6.451E+10   2.664E+03
      5492   3.499E+02   4.032E-02   2.694E+03
physical dimension      5492   2.099E+14   2.419E+10   2.694E+03
      5543   3.522E+02   6.121E-02   2.724E+03
physical dimension      5543   2.113E+14   3.672E+10   2.724E+03
      5596   3.559E+02   6.255E-02   2.754E+03
physical dimension      5596   2.136E+14   3.753E+10   2.754E+03
      5648   3.596E+02   7.015E-02   2.784E+03
physical dimension      5648   2.158E+14   4.209E+10   2.784E+03
      5699   3.625E+02   6.366E-02   2.814E+03
physical dimension      5699   2.175E+14   3.820E+10   2.814E+03
      5748   3.649E+02   3.255E-02   2.844E+03
physical dimension      5748   2.190E+14   1.953E+10   2.844E+03
      5797   3.668E+02   4.428E-02   2.874E+03
physical dimension      5797   2.201E+14   2.657E+10   2.874E+03
      5845   3.694E+02   7.453E-02   2.905E+03
physical dimension      5845   2.216E+14   4.472E+10   2.905E+03
      5894   3.732E+02   8.619E-02   2.935E+03
physical dimension      5894   2.239E+14   5.171E+10   2.935E+03
      5942   3.764E+02   7.505E-02   2.965E+03
physical dimension      5942   2.258E+14   4.503E+10   2.965E+03
      5990   3.799E+02   7.188E-02   2.995E+03
physical dimension      5990   2.280E+14   4.313E+10   2.995E+03
      6040   3.832E+02   4.746E-02   3.025E+03
physical dimension      6040   2.299E+14   2.848E+10   3.025E+03
      6092   3.861E+02   6.414E-02   3.055E+03
physical dimension      6092   2.316E+14   3.848E+10   3.055E+03
      6144   3.894E+02   6.746E-02   3.086E+03
physical dimension      6144   2.337E+14   4.048E+10   3.086E+03
      6196   3.934E+02   8.249E-02   3.116E+03
physical dimension      6196   2.360E+14   4.949E+10   3.116E+03
      6248   3.979E+02   9.878E-02   3.146E+03
physical dimension      6248   2.387E+14   5.927E+10   3.146E+03
      6300   4.025E+02   8.297E-02   3.177E+03
physical dimension      6300   2.415E+14   4.978E+10   3.177E+03
      6352   4.065E+02   7.111E-02   3.207E+03
physical dimension      6352   2.439E+14   4.266E+10   3.207E+03
      6403   4.131E+02   1.547E-01   3.237E+03
physical dimension      6403   2.479E+14   9.284E+10   3.237E+03
      6452   4.206E+02   1.540E-01   3.268E+03
physical dimension      6452   2.524E+14   9.240E+10   3.268E+03
      6500   4.280E+02   1.543E-01   3.298E+03
physical dimension      6500   2.568E+14   9.255E+10   3.298E+03
      6546   4.350E+02   1.548E-01   3.328E+03
physical dimension      6546   2.610E+14   9.288E+10   3.328E+03
      6594   4.423E+02   1.542E-01   3.358E+03
physical dimension      6594   2.654E+14   9.252E+10   3.358E+03
      6644   4.500E+02   1.541E-01   3.389E+03
physical dimension      6644   2.700E+14   9.247E+10   3.389E+03
      6694   4.576E+02   1.541E-01   3.419E+03
physical dimension      6694   2.746E+14   9.247E+10   3.419E+03
      6741   4.648E+02   1.544E-01   3.449E+03
physical dimension      6741   2.789E+14   9.263E+10   3.449E+03
      6786   4.717E+02   1.540E-01   3.480E+03
physical dimension      6786   2.830E+14   9.240E+10   3.480E+03
      6831   4.785E+02   1.568E-01   3.510E+03
physical dimension      6831   2.871E+14   9.409E+10   3.510E+03
      6872   4.848E+02   1.546E-01   3.540E+03
physical dimension      6872   2.909E+14   9.278E+10   3.540E+03
      6914   4.912E+02   1.542E-01   3.571E+03
physical dimension      6914   2.947E+14   9.253E+10   3.571E+03
      6953   4.972E+02   1.545E-01   3.601E+03
physical dimension      6953   2.983E+14   9.269E+10   3.601E+03
      6993   5.033E+02   1.551E-01   3.632E+03
physical dimension      6993   3.020E+14   9.305E+10   3.632E+03
      7032   5.093E+02   1.547E-01   3.662E+03
physical dimension      7032   3.056E+14   9.280E+10   3.662E+03
      7071   5.152E+02   1.543E-01   3.692E+03
physical dimension      7071   3.091E+14   9.256E+10   3.692E+03
      7110   5.212E+02   1.540E-01   3.722E+03
physical dimension      7110   3.127E+14   9.241E+10   3.722E+03
      7150   5.273E+02   1.551E-01   3.753E+03
physical dimension      7150   3.164E+14   9.306E+10   3.753E+03
      7190   5.334E+02   7.250E-02   3.783E+03
physical dimension      7190   3.201E+14   4.350E+10   3.783E+03
      7229   5.393E+02   1.561E-01   3.814E+03
physical dimension      7229   3.236E+14   9.364E+10   3.814E+03
      7267   5.451E+02   1.552E-01   3.844E+03
physical dimension      7267   3.271E+14   9.314E+10   3.844E+03
      7306   5.511E+02   1.542E-01   3.874E+03
physical dimension      7306   3.307E+14   9.250E+10   3.874E+03
      7346   5.572E+02   1.541E-01   3.904E+03
physical dimension      7346   3.343E+14   9.246E+10   3.904E+03
      7387   5.635E+02   1.542E-01   3.934E+03
physical dimension      7387   3.381E+14   9.254E+10   3.934E+03
      7427   5.696E+02   1.539E-01   3.965E+03
physical dimension      7427   3.418E+14   9.236E+10   3.965E+03
      7467   5.757E+02   1.541E-01   3.995E+03
physical dimension      7467   3.454E+14   9.243E+10   3.995E+03
      7507   5.818E+02   1.542E-01   4.025E+03
physical dimension      7507   3.491E+14   9.250E+10   4.025E+03
      7547   5.879E+02   1.540E-01   4.055E+03
physical dimension      7547   3.528E+14   9.241E+10   4.055E+03
      7587   5.940E+02   1.568E-01   4.085E+03
physical dimension      7587   3.564E+14   9.407E+10   4.085E+03
      7627   6.001E+02   1.542E-01   4.116E+03
physical dimension      7627   3.601E+14   9.251E+10   4.116E+03
      7667   6.062E+02   1.542E-01   4.146E+03
physical dimension      7667   3.637E+14   9.250E+10   4.146E+03
      7707   6.124E+02   1.538E-01   4.177E+03
physical dimension      7707   3.674E+14   9.228E+10   4.177E+03
      7747   6.185E+02   1.537E-01   4.207E+03
physical dimension      7747   3.711E+14   9.223E+10   4.207E+03
      7786   6.244E+02   1.538E-01   4.238E+03
physical dimension      7786   3.747E+14   9.225E+10   4.238E+03
      7825   6.304E+02   1.535E-01   4.268E+03
physical dimension      7825   3.782E+14   9.211E+10   4.268E+03
      7864   6.363E+02   1.534E-01   4.299E+03
physical dimension      7864   3.818E+14   9.205E+10   4.299E+03
      7902   6.422E+02   1.535E-01   4.329E+03
physical dimension      7902   3.853E+14   9.212E+10   4.329E+03
      7940   6.480E+02   1.537E-01   4.360E+03
physical dimension      7940   3.888E+14   9.220E+10   4.360E+03
      7978   6.538E+02   1.536E-01   4.390E+03
physical dimension      7978   3.923E+14   9.213E+10   4.390E+03
      8015   6.594E+02   1.534E-01   4.420E+03
physical dimension      8015   3.957E+14   9.205E+10   4.420E+03
      8050   6.648E+02   1.533E-01   4.451E+03
physical dimension      8050   3.989E+14   9.200E+10   4.451E+03
      8086   6.703E+02   1.537E-01   4.481E+03
physical dimension      8086   4.022E+14   9.224E+10   4.481E+03
      8124   6.761E+02   1.536E-01   4.511E+03
physical dimension      8124   4.056E+14   9.216E+10   4.511E+03
      8163   6.820E+02   1.556E-01   4.542E+03
physical dimension      8163   4.092E+14   9.334E+10   4.542E+03
      8202   6.880E+02   1.538E-01   4.572E+03
physical dimension      8202   4.128E+14   9.228E+10   4.572E+03
      8240   6.938E+02   1.540E-01   4.602E+03
physical dimension      8240   4.163E+14   9.239E+10   4.602E+03
      8276   6.993E+02   1.536E-01   4.633E+03
physical dimension      8276   4.196E+14   9.214E+10   4.633E+03
      8312   7.048E+02   1.537E-01   4.663E+03
physical dimension      8312   4.229E+14   9.223E+10   4.663E+03
      8348   7.103E+02   1.537E-01   4.694E+03
physical dimension      8348   4.262E+14   9.221E+10   4.694E+03
      8383   7.156E+02   1.537E-01   4.724E+03
physical dimension      8383   4.294E+14   9.222E+10   4.724E+03
      8418   7.210E+02   1.536E-01   4.754E+03
physical dimension      8418   4.326E+14   9.217E+10   4.754E+03
      8457   7.269E+02   1.537E-01   4.785E+03
physical dimension      8457   4.362E+14   9.222E+10   4.785E+03
      8495   7.327E+02   1.536E-01   4.816E+03
physical dimension      8495   4.396E+14   9.213E+10   4.816E+03
      8533   7.385E+02   1.534E-01   4.846E+03
physical dimension      8533   4.431E+14   9.201E+10   4.846E+03
      8570   7.442E+02   1.536E-01   4.876E+03
physical dimension      8570   4.465E+14   9.216E+10   4.876E+03
      8606   7.497E+02   1.534E-01   4.907E+03
physical dimension      8606   4.498E+14   9.202E+10   4.907E+03
      8642   7.552E+02   1.535E-01   4.937E+03
physical dimension      8642   4.531E+14   9.210E+10   4.937E+03
      8678   7.607E+02   1.533E-01   4.967E+03
physical dimension      8678   4.564E+14   9.196E+10   4.967E+03
      8714   7.662E+02   1.539E-01   4.997E+03
physical dimension      8714   4.597E+14   9.234E+10   4.997E+03
      8751   7.718E+02   1.534E-01   5.028E+03
physical dimension      8751   4.631E+14   9.205E+10   5.028E+03
      8786   7.772E+02   1.532E-01   5.058E+03
physical dimension      8786   4.663E+14   9.193E+10   5.058E+03
      8819   7.822E+02   1.534E-01   5.089E+03
physical dimension      8819   4.693E+14   9.205E+10   5.089E+03
      8852   7.873E+02   1.533E-01   5.120E+03
physical dimension      8852   4.724E+14   9.195E+10   5.120E+03
      8884   7.922E+02   1.541E-01   5.150E+03
physical dimension      8884   4.753E+14   9.246E+10   5.150E+03
      8916   7.971E+02   1.533E-01   5.181E+03
physical dimension      8916   4.782E+14   9.199E+10   5.181E+03
      8948   8.019E+02   1.533E-01   5.212E+03
physical dimension      8948   4.812E+14   9.197E+10   5.212E+03
      8978   8.065E+02   1.534E-01   5.243E+03
physical dimension      8978   4.839E+14   9.206E+10   5.243E+03
      9008   8.111E+02   1.533E-01   5.273E+03
physical dimension      9008   4.867E+14   9.200E+10   5.273E+03
      9040   8.160E+02   1.536E-01   5.303E+03
physical dimension      9040   4.896E+14   9.216E+10   5.303E+03
      9073   8.210E+02   1.533E-01   5.334E+03
physical dimension      9073   4.926E+14   9.196E+10   5.334E+03
      9105   8.259E+02   1.531E-01   5.365E+03
physical dimension      9105   4.956E+14   9.188E+10   5.365E+03
      9140   8.313E+02   1.533E-01   5.395E+03
physical dimension      9140   4.988E+14   9.196E+10   5.395E+03
      9175   8.366E+02   1.533E-01   5.426E+03
physical dimension      9175   5.020E+14   9.197E+10   5.426E+03
      9210   8.420E+02   1.534E-01   5.457E+03
physical dimension      9210   5.052E+14   9.201E+10   5.457E+03
      9245   8.473E+02   1.539E-01   5.488E+03
physical dimension      9245   5.084E+14   9.237E+10   5.488E+03
      9278   8.524E+02   1.299E-01   5.518E+03
physical dimension      9278   5.114E+14   7.793E+10   5.518E+03
      9310   8.572E+02   1.531E-01   5.549E+03
physical dimension      9310   5.143E+14   9.186E+10   5.549E+03
      9342   8.621E+02   1.532E-01   5.579E+03
physical dimension      9342   5.173E+14   9.194E+10   5.579E+03
      9374   8.670E+02   1.353E-01   5.609E+03
physical dimension      9374   5.202E+14   8.120E+10   5.609E+03
      9406   8.705E+02   9.073E-02   5.639E+03
physical dimension      9406   5.223E+14   5.444E+10   5.639E+03
      9438   8.731E+02   7.380E-02   5.670E+03
physical dimension      9438   5.238E+14   4.428E+10   5.670E+03
      9470   8.753E+02   6.616E-02   5.701E+03
physical dimension      9470   5.252E+14   3.969E+10   5.701E+03
      9502   8.773E+02   5.941E-02   5.732E+03
physical dimension      9502   5.264E+14   3.565E+10   5.732E+03
      9534   8.792E+02   5.630E-02   5.763E+03
physical dimension      9534   5.275E+14   3.378E+10   5.763E+03
      9566   8.809E+02   5.451E-02   5.793E+03
physical dimension      9566   5.285E+14   3.271E+10   5.793E+03
      9598   8.826E+02   5.231E-02   5.824E+03
physical dimension      9598   5.296E+14   3.139E+10   5.824E+03
      9630   8.842E+02   4.847E-02   5.855E+03
physical dimension      9630   5.305E+14   2.908E+10   5.855E+03
      9662   8.857E+02   4.736E-02   5.885E+03
physical dimension      9662   5.314E+14   2.842E+10   5.885E+03
      9694   8.872E+02   4.642E-02   5.916E+03
physical dimension      9694   5.323E+14   2.785E+10   5.916E+03
      9726   8.887E+02   4.660E-02   5.947E+03
physical dimension      9726   5.332E+14   2.796E+10   5.947E+03
      9758   8.902E+02   4.397E-02   5.978E+03
physical dimension      9758   5.341E+14   2.638E+10   5.978E+03
      9790   8.916E+02   4.273E-02   6.008E+03
physical dimension      9790   5.349E+14   2.564E+10   6.008E+03
      9821   8.930E+02   4.661E-02   6.039E+03
physical dimension      9821   5.358E+14   2.797E+10   6.039E+03
      9852   8.944E+02   4.684E-02   6.069E+03
physical dimension      9852   5.367E+14   2.810E+10   6.069E+03
      9884   8.959E+02   4.738E-02   6.100E+03
physical dimension      9884   5.376E+14   2.843E+10   6.100E+03
      9915   8.976E+02   6.173E-02   6.130E+03
physical dimension      9915   5.386E+14   3.704E+10   6.130E+03
      9946   8.995E+02   6.288E-02   6.160E+03
physical dimension      9946   5.397E+14   3.773E+10   6.160E+03
      9977   9.014E+02   5.873E-02   6.190E+03
physical dimension      9977   5.409E+14   3.524E+10   6.190E+03
     10009   9.032E+02   5.476E-02   6.220E+03
physical dimension     10009   5.419E+14   3.286E+10   6.220E+03
     10042   9.050E+02   5.365E-02   6.251E+03
physical dimension     10042   5.430E+14   3.219E+10   6.251E+03
     10075   9.067E+02   5.055E-02   6.282E+03
physical dimension     10075   5.440E+14   3.033E+10   6.282E+03
     10107   9.083E+02   4.752E-02   6.312E+03
physical dimension     10107   5.450E+14   2.851E+10   6.312E+03
     10139   9.098E+02   4.517E-02   6.343E+03
physical dimension     10139   5.459E+14   2.710E+10   6.343E+03
     10171   9.113E+02   5.320E-02   6.373E+03
physical dimension     10171   5.468E+14   3.192E+10   6.373E+03
     10203   9.131E+02   5.359E-02   6.403E+03
physical dimension     10203   5.478E+14   3.215E+10   6.403E+03
     10235   9.147E+02   4.929E-02   6.433E+03
physical dimension     10235   5.488E+14   2.957E+10   6.433E+03
     10267   9.162E+02   4.632E-02   6.464E+03
physical dimension     10267   5.497E+14   2.779E+10   6.464E+03
     10299   9.177E+02   4.555E-02   6.494E+03
physical dimension     10299   5.506E+14   2.733E+10   6.494E+03
     10331   9.192E+02   4.803E-02   6.525E+03
physical dimension     10331   5.515E+14   2.882E+10   6.525E+03
     10362   9.206E+02   4.481E-02   6.555E+03
physical dimension     10362   5.524E+14   2.689E+10   6.555E+03
     10394   9.221E+02   5.113E-02   6.586E+03
physical dimension     10394   5.532E+14   3.068E+10   6.586E+03
     10426   9.238E+02   5.314E-02   6.616E+03
physical dimension     10426   5.543E+14   3.189E+10   6.616E+03
     10458   9.254E+02   5.245E-02   6.647E+03
physical dimension     10458   5.553E+14   3.147E+10   6.647E+03
     10490   9.271E+02   4.974E-02   6.678E+03
physical dimension     10490   5.562E+14   2.984E+10   6.678E+03
     10522   9.286E+02   4.756E-02   6.709E+03
physical dimension     10522   5.572E+14   2.854E+10   6.709E+03
     10554   9.301E+02   4.526E-02   6.739E+03
physical dimension     10554   5.581E+14   2.716E+10   6.739E+03
     10586   9.315E+02   4.329E-02   6.770E+03
physical dimension     10586   5.589E+14   2.597E+10   6.770E+03
     10618   9.329E+02   4.191E-02   6.800E+03
physical dimension     10618   5.597E+14   2.515E+10   6.800E+03
     10650   9.342E+02   4.275E-02   6.831E+03
physical dimension     10650   5.605E+14   2.565E+10   6.831E+03
     10682   9.356E+02   4.441E-02   6.861E+03
physical dimension     10682   5.613E+14   2.665E+10   6.861E+03
     10714   9.372E+02   5.717E-02   6.892E+03
physical dimension     10714   5.623E+14   3.430E+10   6.892E+03
     10745   9.390E+02   5.523E-02   6.922E+03
physical dimension     10745   5.634E+14   3.314E+10   6.922E+03
     10777   9.407E+02   5.544E-02   6.953E+03
physical dimension     10777   5.644E+14   3.326E+10   6.953E+03
     10810   9.425E+02   6.307E-02   6.983E+03
physical dimension     10810   5.655E+14   3.784E+10   6.983E+03
     10844   9.448E+02   6.527E-02   7.013E+03
physical dimension     10844   5.669E+14   3.916E+10   7.013E+03
     10878   9.469E+02   6.164E-02   7.044E+03
physical dimension     10878   5.681E+14   3.698E+10   7.044E+03
     10911   9.488E+02   5.560E-02   7.074E+03
physical dimension     10911   5.693E+14   3.336E+10   7.074E+03
     10943   9.505E+02   5.392E-02   7.105E+03
physical dimension     10943   5.703E+14   3.235E+10   7.105E+03
     10975   9.522E+02   4.996E-02   7.136E+03
physical dimension     10975   5.713E+14   2.998E+10   7.136E+03
     11007   9.539E+02   6.082E-02   7.167E+03
physical dimension     11007   5.724E+14   3.649E+10   7.167E+03
     11038   9.558E+02   5.657E-02   7.197E+03
physical dimension     11038   5.735E+14   3.394E+10   7.197E+03
     11069   9.574E+02   5.663E-02   7.227E+03
physical dimension     11069   5.745E+14   3.398E+10   7.227E+03
     11100   9.592E+02   5.914E-02   7.257E+03
physical dimension     11100   5.755E+14   3.548E+10   7.257E+03
     11131   9.610E+02   5.768E-02   7.287E+03
physical dimension     11131   5.766E+14   3.461E+10   7.287E+03
     11162   9.627E+02   5.346E-02   7.317E+03
physical dimension     11162   5.776E+14   3.207E+10   7.317E+03
     11193   9.644E+02   9.724E-02   7.348E+03
physical dimension     11193   5.786E+14   5.835E+10   7.348E+03
     11224   9.669E+02   7.324E-02   7.378E+03
physical dimension     11224   5.802E+14   4.394E+10   7.378E+03
     11255   9.691E+02   6.490E-02   7.408E+03
physical dimension     11255   5.814E+14   3.894E+10   7.408E+03
     11286   9.710E+02   6.112E-02   7.439E+03
physical dimension     11286   5.826E+14   3.667E+10   7.439E+03
     11317   9.734E+02   6.593E-02   7.469E+03
physical dimension     11317   5.841E+14   3.956E+10   7.469E+03
     11348   9.754E+02   5.740E-02   7.499E+03
physical dimension     11348   5.852E+14   3.444E+10   7.499E+03
     11379   9.778E+02   8.778E-02   7.529E+03
physical dimension     11379   5.867E+14   5.267E+10   7.529E+03
     11410   9.803E+02   1.054E-01   7.559E+03
physical dimension     11410   5.882E+14   6.322E+10   7.559E+03
     11441   9.830E+02   7.440E-02   7.589E+03
physical dimension     11441   5.898E+14   4.464E+10   7.589E+03
     11472   9.861E+02   8.986E-02   7.620E+03
physical dimension     11472   5.917E+14   5.392E+10   7.620E+03
     11502   9.895E+02   1.137E-01   7.650E+03
physical dimension     11502   5.937E+14   6.819E+10   7.650E+03
     11529   9.929E+02   1.156E-01   7.681E+03
physical dimension     11529   5.958E+14   6.938E+10   7.681E+03
     11559   9.963E+02   1.259E-01   7.711E+03
physical dimension     11559   5.978E+14   7.557E+10   7.711E+03
     11589   1.000E+03   1.597E-01   7.742E+03
physical dimension     11589   6.001E+14   9.585E+10   7.742E+03
     11618   1.005E+03   1.565E-01   7.773E+03
physical dimension     11618   6.028E+14   9.391E+10   7.773E+03
     11648   1.009E+03   1.540E-01   7.804E+03
physical dimension     11648   6.056E+14   9.242E+10   7.804E+03
     11678   1.013E+03   1.597E-01   7.834E+03
physical dimension     11678   6.079E+14   9.583E+10   7.834E+03
     11708   1.018E+03   1.522E-01   7.865E+03
physical dimension     11708   6.107E+14   9.133E+10   7.865E+03
     11738   1.022E+03   1.535E-01   7.895E+03
physical dimension     11738   6.134E+14   9.210E+10   7.895E+03
     11768   1.027E+03   1.539E-01   7.925E+03
physical dimension     11768   6.161E+14   9.232E+10   7.925E+03
     11798   1.031E+03   1.531E-01   7.955E+03
physical dimension     11798   6.189E+14   9.187E+10   7.955E+03
     11827   1.035E+03   1.150E-01   7.986E+03
physical dimension     11827   6.212E+14   6.899E+10   7.986E+03
     11855   1.038E+03   9.226E-02   8.016E+03
physical dimension     11855   6.229E+14   5.536E+10   8.016E+03
     11883   1.042E+03   1.597E-01   8.047E+03
physical dimension     11883   6.250E+14   9.581E+10   8.047E+03
     11911   1.046E+03   1.557E-01   8.077E+03
physical dimension     11911   6.276E+14   9.344E+10   8.077E+03
     11939   1.050E+03   1.534E-01   8.107E+03
physical dimension     11939   6.301E+14   9.203E+10   8.107E+03
     11967   1.054E+03   1.532E-01   8.138E+03
physical dimension     11967   6.327E+14   9.195E+10   8.138E+03
     11994   1.059E+03   1.406E-01   8.168E+03
physical dimension     11994   6.351E+14   8.438E+10   8.168E+03
     12024   1.063E+03   1.368E-01   8.199E+03
physical dimension     12024   6.375E+14   8.205E+10   8.199E+03
     12054   1.067E+03   1.568E-01   8.229E+03
physical dimension     12054   6.402E+14   9.409E+10   8.229E+03
     12084   1.071E+03   1.540E-01   8.259E+03
physical dimension     12084   6.428E+14   9.240E+10   8.259E+03
     12114   1.076E+03   1.539E-01   8.290E+03
physical dimension     12114   6.455E+14   9.236E+10   8.290E+03
     12144   1.080E+03   1.534E-01   8.320E+03
physical dimension     12144   6.483E+14   9.207E+10   8.320E+03
     12174   1.085E+03   1.270E-01   8.351E+03
physical dimension     12174   6.510E+14   7.619E+10   8.351E+03
     12202   1.089E+03   1.430E-01   8.382E+03
physical dimension     12202   6.535E+14   8.581E+10   8.382E+03
     12229   1.093E+03   1.186E-01   8.413E+03
physical dimension     12229   6.556E+14   7.116E+10   8.413E+03
     12257   1.096E+03   1.163E-01   8.443E+03
physical dimension     12257   6.575E+14   6.976E+10   8.443E+03
     12285   1.100E+03   1.548E-01   8.474E+03
physical dimension     12285   6.600E+14   9.286E+10   8.474E+03
     12313   1.104E+03   1.312E-01   8.505E+03
physical dimension     12313   6.622E+14   7.872E+10   8.505E+03
     12341   1.107E+03   9.358E-02   8.536E+03
physical dimension     12341   6.640E+14   5.615E+10   8.536E+03
     12369   1.109E+03   7.722E-02   8.566E+03
physical dimension     12369   6.654E+14   4.633E+10   8.566E+03
     12397   1.112E+03   9.163E-02   8.597E+03
physical dimension     12397   6.672E+14   5.498E+10   8.597E+03
     12424   1.115E+03   1.315E-01   8.627E+03
physical dimension     12424   6.693E+14   7.891E+10   8.627E+03
     12451   1.118E+03   8.748E-02   8.658E+03
physical dimension     12451   6.709E+14   5.249E+10   8.658E+03
     12478   1.121E+03   8.027E-02   8.689E+03
physical dimension     12478   6.723E+14   4.816E+10   8.689E+03
     12505   1.123E+03   7.494E-02   8.720E+03
physical dimension     12505   6.736E+14   4.496E+10   8.720E+03
     12532   1.126E+03   1.524E-01   8.750E+03
physical dimension     12532   6.758E+14   9.145E+10   8.750E+03
     12559   1.130E+03   1.563E-01   8.781E+03
physical dimension     12559   6.778E+14   9.379E+10   8.781E+03
