mkdir: cannot create directory ‘Kappeli2016’: File exists
2996410
tycho63
/scratch/mrabenanahary/run.2996410.Kappeli2016
::::::::::::::
Kappeli2016.par
::::::::::::::
!==============================================================
! Project : YSO JET MIALY
! Aim     :
! Results :
! Method  : Use cartesian coordinate
!
! Update  : 22/11/2019
! configuration :
! Openmpi/gfortran or intel or ....
! $AMRVAC_DIR/setup.pl -d=2 -phys=hd -arch=default
! with intel
! $AMRVAC_DIR/setup.pl -d=2 -phys=hd -arch=intel
!==============================================================

 &filelist
        base_filename='Output/Kappeli2016/Jet_CC_'
        saveprim=.true.
        autoconvert=.true.
        convert_type='vtuBCCmpi'
        nwauxio = 7
        /
        !restart_from_file='Output/Ulrich1976_limitinflow/Jet_CC_0061.dat'
        /
        convert = .true.



        snapshotnext =0326
/




/
        nwauxio=10




/


 &savelist
        itsave(1,1)=0
        itsave(1,2)=0
        dtsave_log=3.1557600d7   ! 1 year 3.1557600d6 = 0.1 yr
	!ditsave_log =50
        dtsave_dat=  3.1557600d8!1.57788d11!! 10 yr!6.31152d8!20 yrs !1.57788000d9!50 yrs !3.1557600d9! 1 yrdensitys  1.57788000d8!5 yrs !3.1557600d7   ! 100 year; 3.1557600d7 = 1 yr
        !ditsave_dat =1
 /

        ditsave_log = 1
        ditsave_dat =1
        dtsave_dat =21.08

 &stoplist

        dtmin=1.0d-13
        !time_max= 99d15 ! years
        time_max=  3.1557600d10 !1.57788d12!9.46728d11!3.1557600d11 !3.15576d11 ! 10000 yrs 6.31152d11!2e4 yrs 3.15576d11 ! 10000 yrs 1.26e10! 400 yrs !3.786912d10! 1200 yrs ! 1.90607904d10!604 yrs ! 1.893456d10!600 yrs ! 3.15576d10! 1000yrs!6.31152d10! 2000 yrs ! 3.15576d11! 10000yrs ! 1.262304d10!400yrs!3.15576d9!3.15576d10! 1000yrs  !1.893456e11!600yrs!!9.46728d9!300yrs!6.311520000d9!7.8894d9!9.46728d9!7.8894d9 ! in s from years : 7.8894d9 = 250 yrs
        !it_max=100


/
  reset_it=.true.

          it_init=0






 &methodlist
        time_integrator          =  'twostep'
        typepred1                =  20*'hllc'!>>HH4647 !'hllcd'!si vraiment ça ne marche pas, essayer :! 'hll'! si au bord persiste des problemes, essayer : ! 'tvdlf'
        flux_scheme              =  20*'hllc'!,18*'tvdlf'!>>HH4647 !'hllcd'!si vraiment ça ne marche pas, essayer :! 'hll'! si au bord persiste des problemes, essayer : ! 'tvdlf'
        limiter                  =  20*'minmod'!>>HH4647 !'koren'!'cada3'
        small_pressure           = 1.0d-9
        small_density            = 1.0d-8
        small_values_method      =  'average'
        small_values_daverage    = 8

        check_small_values       = .true.
        small_values_force_floor = .true.
        loglimit(1) = .false.
        angmomfix=.true.


 /
         loglimit(4) = .true.
         loglimit(1)            = .true.
         loglimit(5)            = .true.
         loglimit(6)            = .true.
         loglimit(7)            = .true.
        tvdlfeps=0.5d0

 &boundlist
        internalboundary  = .true.
        nghostcells       = 2
        !                     RHO,   Vr,     Vz,   Vphi,   P,     traceur1,traceur2
        typeboundary_min1 =  7*'cont'!'symm','asymm','symm','asymm','symm',2*'symm'!, ! C.L. gauche <=> rmin
        typeboundary_max1 =  7*'cont'                                    ! C.L. droite <=> rmax
        typeboundary_min2 =  7*'cont'!7*'special'!'symm','symm','limitinflow','symm','symm',2*'symm'!'symm','symm','asymm','symm','symm',2*'symm'!                                    ! C.L. inférieure <=> zmin
        typeboundary_max2 =  7*'cont'                                        ! C.L. supérieure <=> zmax                                      ! C.L. supérieure <=> zmax

/
        typeboundary_max3 = 8*'cont'                                         ! C.L. arrière <=> phi/profondeur max
        typeboundary_min3 = 8*'cont'                                         ! C.L. avant <=> phi/profondeur min
 /

 &meshlist
        ! grid at level 1
        xprobmin1 =  -1.5d17!0.0d0    ! cm
        xprobmax1 =  1.5d17!3.0d17! <--- r_max=7e16cm
        xprobmin2 =  -1.5d17!0.0d0    ! cm
        xprobmax2 =  1.5d17!3.0d17! <--- z_max=1.9e17cm

        ! total cell at level 1
        domain_nx1= 240! <---dr=1.25e15 cm at lvl 1
        domain_nx2= 240! <---dr=1.25e15 cm at lvl 1
        ! number of cell by block
        block_nx1 = 8!8!
        block_nx2 = 8!8!

        ! AMR configuration
        refine_criterion=3
        refine_max_level=5 !<--- dr=dz=7.8125e13 cm au lvl 5
        refine_threshold=20*0.01d0
        derefine_ratio=20*1d-3
        w_refine_weight(1)=0.5d0
        w_refine_weight(2)=0.165d0
        w_refine_weight(3)=0.165d0
        w_refine_weight(4)=0.17d0
        !w_refine_weight(9)=0.5d0

        max_blocks = 20000
        ! can be added when is needed
        prolongprimitive= .false.
        coarsenprimitive= .false.
        /







 /
        stretched_grid    = .true.
        stretched_dim(1)  = .true.
        stretched_dim(2)  = .true.
        itfixgrid =0

 &paramlist
        typecourant         = 'maxsum'
        courantpar          = 0.8d0
        slowsteps           = 500
        small_getdt_average = .true.
        small_dt_coef       = 1.0d-5
 /

  &hd_list
         hd_energy            = .true. !non-adiabatic: enables energy solving
         hd_gamma             = 1.666666667         
         SI_unit              = .false.  ! use cgs
         He_abundance         = 0.1d0                     !

         hd_dust              = .false.   ! dust off
         hd_radiative_cooling = .false. !>>HH4647 .false.!.true.    ! cooling on
         hd_gravity	       = .true. !>>HH4647 .false.!.true.    ! gravity on
         hd_chemical          = .false.   ! use chemical
         hd_n_tracer          = 2
         hd_mean_mup_on       = .true. !>>HH4647 .true.
         hd_chemical_gas_type = 'fullyatomic'
   /

  &grav_list 
  	grav_split=.false.
   /

 !'MLcosmol' : 'Use Mellema & Lundqvist (2002) cooling curve for zero metallicity '
 !'SPEX_DM'  : 'Use SPEX cooling curve for solar metallicity above 10^4 K. At lower temperatures,use Dalgarno & McCray (1972), with a pre-set ionization fraction of 10^-3 as described by Schure et al. (2009). '
   &rc_list
         ncool            = 4000
         coolcurve        = 'SPEX_DM'!'MLcosmol' !
         coolmethod       = 'exact'
         cfrac            = 1.d0
         Tfix             = .false.
         tlow             = 110 !<--- T_low = 110 K comme limite inférieure de la table de cooling afin d'éviter que le jet à 100 K ne se mette à refroidir par radiative cooling, ce qui serait non-physique
         coolsaveL        = .true.
         coolsavedT       = .true.
         He_abundance = 0.1d0
         rc_chemical_gas_type = 'fullyatomic'
   /


 &dust_list
     dust_n_species           = 2
     dust_min_rho             = 1.0d-10
     gas_mu                   = 1.0d0
     dust_method              = 'Kwok'
     dust_small_to_zero       = .true.
     dust_temperature         = 1.0d0
     dust_temperature_type    = 'silicate'
     dust_source_split        = .false.
     dust_it_diff             = 50000
   /





 &usr_list
        usrconfig%ism_on              = .true.                      !> set ism
        usrconfig%cloud_on            = .false.                      !> set cloud
        usrconfig%cloud_structure     = 2                           !> cloud structure type
        usrconfig%jet_yso_on          = .false. !>>HH4647.false.!.false.!.false.!                      !> set a jet
        usrconfig%physunit_on         = .true.                      !> set the normalisation in use
        usrconfig%reset_medium        = .true.                      !> set on the reset
        usrconfig%coordinate_system   = 'cylindrical_2.5D'            !> geometry in use in 2D
        usrconfig%phys_inuse          = 'hd' !'mhd' ! set physique want to be used

        usrconfig%phys_isotherm_on              = .false.!>>HH4647.true. ! use isotherme
        usrconfig%reset_flux_scheme_on          = .true.
        usrconfig%reset_flux_scheme_diffuse     = 'hllc'
        usrconfig%reset_flux_scheme_thresholdL1_min = 1.0d-6
        usrconfig%reset_flux_scheme_thresholdL1_max = 1.0d20


 /




&usr_physical_unit_list
 phys_unit%unit                  = 'cgs'
 phys_unit%length                = 1.496d14                 ! cm (1 parsec) : par defaut = 1.496d14
 phys_unit%time                  = 3d8                      ! s (2 year) : par defaut = 3d10
 phys_unit%number_density        = 1.0d-6 !>>HH4647                      ! cm^-3 : par defaut = 1.0d8 (1.0d5 pour un milieu ambiant tres peu dense, e.g. a 100cm-3)                      ! cm^-3 : par defaut = 1.0d8 (1.0d5 pour un milieu ambiant tres peu dense, e.g. a 100cm-3)
 phys_unit%chemical_He_abundance = 0.1d0
 phys_unit%chemical_gas_type = 'fullyatomic'
/

!11/12/19 : pour ISM et le projet n°1 de Sylvie Cabrit sur son article de 1997, les paramètres ci-dessous pour l'ISM ont été testés
!et fixées aux valeurs recommandées et correspondant le mieux à la simulation de l'article
 &usr_ism_list
  ism_config%unit               ='cgs'
  ism_config%density            = 1.1663894832267845d-18         !Li & Shu et 1996b ism density if it set to 0 it will use number_density
  ism_config%number_density     = 0.0d0  !>>HH4647  !2.95d9    !1.0d2     !4.44d6     ! Zheng19 = 2.95d9 cm-3 ! ism number density (1/cm^3) ) of protons n_H = facteur rho_j (e.g. = 100 cm-3) physique dans l'expression du profil de densité rho_c du milieu ambiant
                                            ! and w(ixO^S,phys_ind%rho_)        =  self%myconfig%density = = self%myconfig%number_density*mp = rho_h the mass density of protons
                                            ! si tu l'augmentes e.g. a number_density=1.0d3,
                                            !la valeur rho_c=rho_j de densité au niveau de la frontière inférieure ISM augmente d'un facteur 10
  ism_config%velocity(1)        = 0.0d0       ! ism  speed components (cm/s) R/X : 0.0 = milieu statique
  ism_config%velocity(2)        = 0.0d0!5.d8     ! ism  speed components (cm/s) Z : 0.0 = milieu statique
  ism_config%velocity(3)        = 0.0d0       ! ism  speed components (cm/s)  Y : 0.0 = milieu statique
  ism_config%Mach_number_tomov_obj= 0.0       ! ism  speed components (cm/s)  Y : 0.0 = milieu statique
  ism_config%temperature        = 100.0d0  !<---T_a = 100 K temperature typique
  ism_config%pressure           = 0.0d0     !1.3806485199999997d-12! ism pressure if is set to 0 it will use temperature : äraview trouve a T=100 K et rho_j=100 cm-3 >>> p_j = 2.71055e-12 Ba
  ism_config%tracer_on          = .true.    ! ism tracer
  ism_config%tracer_init_density= 1.0d9!1.0d3     ! ism tracer density
  ism_config%tracer_small_density  =  1.0d-15!1.0d-5

  ism_config%reset_on           = .false.    ! ism reset
  ism_config%reset_coef         = 0.0! 0.0     ! ism reset  coefficient : 19-03-2021 --> don't use it ! it creates bugs when >0.0d0
  ism_config%reset_dtemperature = 1.0d-6    !> set the pressure variation
  ism_config%reset_distance(2)  =  1.01d18  ! ism rest distance
  ism_config%reset_scale(2)     =  5d16     ! ism reset scalling distance
	
	
  ! 3 cases : 
  ! 1) boundary_cond = 'fix' : 03-03-22 > successfully implemented !
  ! 2) boundary_cond /= 'fix' but mixed_fixed_bound == .false. everywhere
  ! 3) boundary_cond /= 'fix' and at least one of the mixed_fixed_bound is .true.
  
  ism_config%boundary_cond(2,1) = 'limitinflow'!'limitinflowdisc'!'disc'!'fix'!'fix'!'limitoutflow' ! <<<<<!>>>>> : to enable this feature : you need to check that typeboundary_min{idims} (or typeboundary_max{idims}) is set to 7*'special'
  
  ism_config%flux_frac          = 1.0d-2
  ism_config%useprimitive       = .false. 
  
  ! Use :
  !  - ism_config%mixed_fixed_bound(idims,iside,index) to 'fix' the index-th flux variable w(ixG^S,index) on top of the above boundary conditions:
  !  - (idims,iside) = (direction along which are set the boundary conditions,side i=1=min or i=2=max of the direction along which the bc is applied)
  !  - <<<<<!>>>>> : to enable this feature, you need to check that typeboundary_min{idims} (or typeboundary_max{idims}) is set to 7*'special'
  !  - index:
  ! 	* 1 : rho
  ! 	* 2 : v1 =  v_R in cylindrical coordinates
  ! 	* 3 : v2 =  v_Z in cylindrical coordinates
  ! 	* 4 : v3 =  v_phi in cylindrical coordinates  
  ! 	* 5 : p (or e for conservative variables) only when hd_energy==.true.
  ! 	* 6,7 (or resp. 5,6) : tracers when hd_energy==.true. (resp. hd_energy==.false.)
  !
  ! - By default, all ism_config%mixed_fixed_bound(2,1,index) are .false., so that only the above boundary conditions are considered !
  
  !ism_config%mixed_fixed_bound(2,1,1) = .true.
  !ism_config%mixed_fixed_bound(2,1,2) = .true.
  !ism_config%mixed_fixed_bound(2,1,3) = .true.
  !ism_config%mixed_fixed_bound(2,1,4) = .false.
  !ism_config%mixed_fixed_bound(2,1,5) = .true.
  !ism_config%mixed_fixed_bound(2,1,6) = .true.
  !ism_config%mixed_fixed_bound(2,1,7) = .true.
  !ism_config%boundary_cond(2,2) = 'fix'!'limitoutflow'!> ce truc ne sert à rien à moins que typeboundary_max2 = 7*'special'
  ism_config%boundary_on        = .true.
!  ism_config%debug        	 = .false. ! use it as .true. to debug user module mod_obj_ism.t


ism_config%profile_typeaxial  = 'spherical'!'projection_direction'
ism_config%profile_idir       = 1.0,0.0,0.0       !z=2,r=1  !  ism profile direction

ism_config%profile_center     = 0,0,0

ism_config%profile_density_on = .true. ! Zheng=True ! .false. ! .true. ! ISM set density profile
ism_config%profile_pressure_on= .true. ! Zheng=True ! .false. !.true.
ism_config%theta_floored      = 0.0d0
ism_config%profile_force_on   = .false. ! Zheng=True  !.true.!.false.!.true. ! .false. ! ISM set force profile
ism_config%profile_force_gradP_on = .false.
ism_config%weight_mean = 'arithmetic'
ism_config%weight_analy = 1.0d0
ism_config%weight_num = 3.0d0
ism_config%weight_mean_variable = 'minus_density_grad'
ism_config%profile_rw_force = 2.5d16
ism_config%weight_num_index = 20.0d0
ism_config%weight_analy_index = 20.0d0
ism_config%profile_density    = 'Ulrich1976'!'Ulrich1976'!'Lee2001'!'Ulrich1976'!>>HH4647'cabrit1997' ! Zheng19 = 'cabrit1997' !ISM density profile
ism_config%profile_jspec = 8.0782850178d20       !> ISM envelope specific angular momentum
ism_config%profile_Minf  = 2.5203562637184713d20 !> ISM envelope infalling mass-loss rate on the protostar
ism_config%profile_Mstar = 8.94784441814123d32   !> central objet or protostar mass

ism_config%profile_zc    = 1.0d16!4.49d14 ! 1.0d16 !4.49d14 ! Zheng19 = 30 au = 4.49d14 cm :  grandeur de normalisation dans le profil de pression/densite (en cm)
ism_config%profile_rw    = 2.5d16 !> ISM reference radius for Lee 2001 profile (in cm)
ism_config%profile_kappa    = 2.0d0 ! Zheng19 = 2 ! indice kappa pour la loi de densité et de pression : 'cabrit1997' <=> kappa=2
ism_config%profile_shiftstart = 0.00d0 !>>HH4647 3.33d14 ! 3.33d14 ! 1.0d15 ! the distance from which the ISM profile is set

ism_config%chemical_gas_type = 'fullyatomic'!>>HH4647'fullyatomic'
ism_config%He_abundance      = 0.1
/

&usr_usrboundary_ism_list
  usrboundary_config%boundary_type(2,1) = 'limitinflow'!'limitinflowdisc'!'disc'
  usrboundary_config%boundary_type(2,2) = 'open'
  usrboundary_config%useprimitive       = .false.
  !usrboundary_config%special_origin_theta       = .true.
  usrboundary_config%nghostcells(1)        = 2
  usrboundary_config%nghostcells(2)        = 2
  usrboundary_config%flux_frac          = 1.0d-2
  usrboundary_config%ngc          = 0
  usrboundary_config%RHS          = 0
  usrboundary_config%LHS          = 0
/

&usr_cla_jet_list
    cla_jet_config%unit                  =  'cgs' !> physical unit at parameter file
    cla_jet_config%time_cla_jet_on       =  0.0d0 !> initial time the cla_jet is set in the simulation box

    cla_jet_config%myindice              =  0       !> cla_jet associated indice
    cla_jet_config%density               =  1.795963442083303d-19!<-------Fm=0.6e-7 Msun/yr

    cla_jet_config%number_density        =  0.0d0
    cla_jet_config%temperature           =  100.0d0  !>>HH4647 !> cla_jet temperature  (K)
    cla_jet_config%pressure              =  0.0d0   !> cla_jet pressure
    cla_jet_config%pressure_toism        =  0.0d0   !> cla_jet pressure relative to ism pressure
    cla_jet_config%magnetic(1)           =  0.0d0   !> cla_jet magnetic field components : 0.0d0 = HD
    cla_jet_config%magnetic(2)           =  0.0d0   !> cla_jet magnetic field components : 0.0d0 = HD
    cla_jet_config%magnetic(3)           =  0.0d0   !> cla_jet magnetic field components : 0.0d0 = HD
    cla_jet_config%xisigma               =  0.0d0   !> cla_jet magnetisation : 0.0d0 = HD
    cla_jet_config%magn_anglePHItoPol    =  0.0d0   !> cla_jet magnetisation field incl : 0.0d0 = HD

    cla_jet_config%Mach_number           =  0.0!250.0d0   !> cla_jet  Mach number : Par défaut : Ma = 20
    cla_jet_config%c_sound               =  0.0d0   !> cla_jet  sound speed (cm/s)
    cla_jet_config%velocity(1)           =  0.0d0   !> cla_jet  velocity (radial speed)(cm/s)
    cla_jet_config%velocity(2)           =  1.2d7 !
    cla_jet_config%velocity(3)           =  0.0d0   !> cla_jet  velocity (rotation speed)(cm/s)
    cla_jet_config%velocity_poloidal     =  1.2d7 !<--- norme du vecteur vitesse au niveau de l'inlet du jet
    cla_jet_config%power                 =  0.0d0   !> wind power flux
    cla_jet_config%mass_flux             =  0.0d0   ! 3.15e19 ! flux en H+H^++H2 1.13d21 !1.89d18 ! grammes/s>>>Zhang19 = 0.3e-7 Msun/yr  0.0!9.8525563d16!1.9705112501213315d17!1.3136741667475542d17!!   !> wind mass flux : cabrit1997 = 1.3136741d17 à Vjet = 100 km/s et 1.9705111e+17 à Vjet = 150 km/s (Vjet = 150 km/s ne marche qu a basse resolution de maillage)
                                            ! c'est par l'imposition de cla_jet_config%mass_flux et de cla_jet_config%velocity(2) que la densité est alors imposée à l'intérieur du jet
                                            ! pour avoir :
                                            ! * Vjet = 100 km/s, R_jet = 0.5e16 cm et n_jet = 100 cm-3 >>> mass_flux = 1.3136741667475542e+17 g / s
                                            ! * Vjet = 150 km/s, R_jet = 0.5e16 cm et n_jet = 100 cm-3 >>> mass_flux = 1.9705112501213315e+17 g / s
                                            ! * Vjet = 150 km/s, R_jet = 0.5e16 cm et n_jet = 50 cm-3 >>> mass_flux = 9.8525563e+16 g / s

    cla_jet_config%open_angle            = 3.0d0 !>>HH4647 !>  cla_jet initial open angle  (degre): 0.0d0 = jet droit cylindrique
    cla_jet_config%z_in                  =  -46.275d18 !> cla_jet inner boundary position
    cla_jet_config%variation_n_cells     = 2
    cla_jet_config%z_impos               =  8.22d14 !
    cla_jet_config%z_out_init            =  8.30d14 !
    cla_jet_config%r_out_init            =  7.47d14! <--- 50 UA
    cla_jet_config%r_out_impos           =  7.47d14! <--- 50 UA

    cla_jet_config%r_in_init             =  0.0 !-7.48d14 !> cla_jet inner jet  region : position de la limite gauche du jet en coordonnées cylindriques : à tenir compte dans le calcul de la surface d'éjection du jet et donc du calcul du flux de masse ejectée

    cla_jet_config%tracer_on             =  .true. !> cla_jet logical to set tracer
    cla_jet_config%tracer_init_density   =  1.0d9!> cla_jet tracer density
    cla_jet_config%tracer_small_density  =  1.0d-15!> cla_jet tracer small density
    cla_jet_config%shape                 =  'conical'  !> cla_jet shape
    cla_jet_config%profile               =  'none'  !> cla_jet profile


    cla_jet_config%variation_on          =  .true. ! Zhang19 .false. !.true.! to set on  or off the jet-injection in-real-time velocity variability
    cla_jet_config%density_variation_on  =  .true. !<----- vary mass-loss rate !> cla_jet density variation switch
    cla_jet_config%pressure_variation_on =  .true. !<----- vary constant jet temperature !> cla_jet pressure variation switch : enables constant temperature in the jet inlet
    cla_jet_config%density_variation_profile =  'conserved_mflux' !<----- which variability apply to pressure and/or pressure
    cla_jet_config%variation_start_time  =  0.0d0 !time (in s in cgs) at which to begin the time variability : 0.0 to begin at the start of the simulation
    cla_jet_config%variation_end_time    =  4d15
    cla_jet_config%variation_velocity_amplitude =  1.2d7 !<--- norme du vecteur vitesse au niveau de l'inlet du jet (aux yeux du code, c'est une autre variable qu'on a oublié, surtout moi, de retirer quand on a rajouté   le paramètre cla_jet_config%velocity_poloidal en ouvrant le jet, donc par sécurité, comme je ne sais pas si on l'utilise toujours ailleurs, fixons la même valeur qu'au-dessus)
    cla_jet_config%variation_velocity_poloidal =  6.0d6 !<------ variation de la norme du vecteur vitesse du jet
    cla_jet_config%variation_velocity(1) =  0.0d0
    cla_jet_config%variation_velocity(2) =  6.0d6 !<------ variation de la norme du vecteur vitesse du jet
    cla_jet_config%variation_velocity(3) =  0.0d0
    cla_jet_config%variation_time        =  9.46728d9!<---- 300 ans
    cla_jet_config%variation_position    =  0.0d0,8.22d14 ,0.0d0!0.0d0,8.22d14 ,0.0d0 !>>HH4647 !0.0d0, 1d15 ,0.0d0 !0.0d0, 1.495978707d14,0.0d0 ! = 0,10 au,0position (in 3d : if cylindrical : phi = 3, z=2, r=1) under which is set the time variability : default = 0,3d15,0
    cla_jet_config%variation_type        =  'sawtooth2' !
    cla_jet_config%variation_phys_nvariable   = 1  ! number of physical variable with variation
    cla_jet_config%variation_phys_variable(1) =  3 ! 3 mean the velocity in Z direction

    cla_jet_config%refine_min_level      = 5
    cla_jet_config%chemical_gas_type     = 'fullyatomic' !>>HH4647



/
 ---------------------------------------------------------------------------
 ---------------------------------------------------------------------------
 |         __  __ ____ ___        _    __  __ ______     ___    ____       |
 |        |  \/  |  _ \_ _|      / \  |  \/  |  _ \ \   / / \  / ___|      |
 |        | |\/| | |_) | |_____ / _ \ | |\/| | |_) \ \ / / _ \| |          |
 |        | |  | |  __/| |_____/ ___ \| |  | |  _ < \ V / ___ \ |___       |
 |        |_|  |_|_|  |___|   /_/   \_\_|  |_|_| \_\ \_/_/   \_\____|      |
 --------------------------------------------------------------------------
 ---------------------------------------------------------------------------
  End of reading of the usr_list
  End of reading of the usr_list
  End of reading of the usr_list
  End of reading of the usr_list
  End of reading of the usr_list
  End of reading of the usr_list
  End of reading of the usr_list
  End of reading of the usr_list
  End of reading of the usr_list
  End of reading of the usr_list
  End of reading of the usr_list
  End of reading of the usr_list
  End of reading of the usr_list
  End of reading of the usr_list
  End of reading of the usr_list
  End of reading of the usr_list
  End of reading of the usr_list
  End of reading of the usr_list
  End of reading of the usr_list
  End of reading of the usr_list
  End of reading of the usr_list
 Reading usr_list
  End of reading of the usr_list
  End of reading of the usr_list
  End of reading of the usr_list
 Reading usr_physical_values_list
  End of reading of the usr_list
  End of reading of the usr_list
  End of reading of the usr_list
  End of reading of the usr_list
  End of reading of the usr_list
  End of reading of the usr_list
  End of reading of the usr_list
  End of reading of the usr_list
  End of reading of the usr_list
  End of reading of the usr_list
  End of reading of the usr_list
  End of reading of the usr_list
  End of reading of the usr_list
  End of reading of the usr_list
  End of reading of the usr_list
  End of reading of the usr_list
  End of reading of the usr_list
  End of reading of the usr_list
  End of reading of the usr_list
 Reading usr_ism_list
  End of reading of the usr_list
  End of reading of the usr_list
  End of reading of the usr_list
  End of reading of the hd_list
  End of reading of the hd_list
  End of reading of the hd_list
  End of reading of the hd_list
  End of reading of the hd_list
  End of reading of the hd_list
  End of reading of the hd_list
  End of reading of the hd_list
  End of reading of the hd_list
  End of reading of the hd_list
  End of reading of the hd_list
  End of reading of the hd_list
  End of reading of the hd_list
  End of reading of the hd_list
 End of Reading 
 usr_ismlist0                                                                  
 Reading usr_boundary_list           1 
 boundary                                                                      
  End of reading of the hd_list
  End of reading of the hd_list
  End of reading of the hd_list
  End of reading of the hd_list
  End of reading of the hd_list
  End of reading of the hd_list
  End of reading of the hd_list
  End of reading of the hd_list
  End of reading of the hd_list
 End of Reading 
 usr_boundarylist1                                                             
  End of reading of the hd_list
  End of reading of the hd_list
  End of reading of the hd_list
  End of reading of the hd_list
  End of reading of the hd_list
  End of reading of the hd_list
  End of reading of the hd_list
  End of reading of the hd_list
  End of reading of the hd_list
  End of reading of the hd_list
  End of reading of the hd_list
  End of reading of the hd_list
  End of reading of the hd_list
  End of reading of the hd_list
  End of reading of the hd_list
  End of reading of the hd_list
  End of reading of the hd_list
  End of reading of the hd_list
  End of reading of the hd_list
  End of reading of the hd_list
  End of reading of the hd_list
  End of reading of the hd_list
  End of reading of the hd_list
 Reading Kappeli2016.par
 End par file read
 
 Output type | dtsave    | ditsave | itsave(1) | tsave(1)
         log | 0.105E+00 | ******  |      0    | *********
      normal | 0.105E+01 | ******  |      0    | *********
       slice | ********* | ******  | ******    | *********
   collapsed | ********* | ******  | ******    | *********
    analysis | ********* | ******  | ******    | *********
 
                 typelimited: predictor                                                                                                                          
         Domain size (cells): 240 240 
                Level one dx: 0.836E+01 0.836E+01 
           Refine estimation: Lohner's scheme
                   slicenext: 0
                collapsenext: 0
           restart_from_file:  undefined
                  converting: F

  End of reading of the usr_list
  End of reading of the hd_list
  End of reading of the usr_list
  End of reading of the hd_list
 ====================Ulrich1976s model====================
 -Setting completely all parameters:
 * rW =   2.500000000000000E+016  cm
 * rD =   1.092733345182041E+016  cm
 * vK =    73927.3222824020       cm/s
 * rho_0 =   2.272054281004061E-018  g/cm3
 * r = (rD/rw) =    2.28784086348488     
 * rho_a0 =   1.166389483226784E-018  g/cm3
 * nH_a0 =    498101.457614819       cm-3
 =========================================================
 ======================ISM settings=======================
 * at (R,z) = (r_j,0) : 
 ** The ism base temperature is =    100.000000000000     
 ** The ism base density is =  1.166389483226784E-018
 ** The ism base number density nH is    498101.457614819     
 =========================================================
 phys_config%He_abundance  0.100000000000000     
 in mod_obj_usr_unit.t usr_physical_unit_fillphysunit subroutine: 
 ism density  2.341670487800000E-030
 ism ndensity  1.000000000000000E-006
 ism pressure  5.822995576026895E-019
 ism temperature   3834.16285288672     
 Jet start :-)
 -------------------------------------------------------------------------------
 Startup phase took :             0.332 sec
 -------------------------------------------------------------------------------
 Start integrating, print status every  3.00E+01 seconds
        it        time          dt  wc-time(s)
         0   0.000E+00   3.910E-04   1.665E-02
In CGS          0 T=   0.000E+00 dT=   1.173E+05
 -------------------------------------------------------------------------------
 Saving visual data. Coordinate directions and variable names are:
          -1 R               
           0 Z               
           1 rho             rho             
           2 v1              v1              
           3 v2              v2              
           4 v3              v3              
           5 p               p               
           6 tracer_ism      tracer_ism      
           7 trp2            trp2            
           8 mup             mup             
           9 theta           theta           
          10 thetazero       thetazero       
          11 mach_number     mach_number     
          12 temperature     temperature     
          13 level           level           
          14 number density  number density  
          15 gravfield1      gravfield1      
          16 gravfield2      gravfield2      
          17 gravfield3      gravfield3      
 time =  0.000000000000000E+000
 -------------------------------------------------------------------------------
        74   5.538E-01   1.413E-02   3.002E+01
In CGS         74 T=   1.661E+08 dT=   4.238E+06
       131   1.519E+00   2.389E-02   6.008E+01
In CGS        131 T=   4.558E+08 dT=   7.168E+06
       197   3.188E+00   3.281E-02   1.127E+02
In CGS        197 T=   9.565E+08 dT=   9.844E+06
       242   4.313E+00   2.895E-02   1.428E+02
In CGS        242 T=   1.294E+09 dT=   8.686E+06
       288   5.280E+00   3.115E-02   1.741E+02
In CGS        288 T=   1.584E+09 dT=   9.346E+06
       370   6.318E+00   5.822E-03   2.125E+02
In CGS        370 T=   1.895E+09 dT=   1.747E+06
       564   6.567E+00   6.303E-05   2.425E+02
In CGS        564 T=   1.970E+09 dT=   1.891E+04
       757   6.570E+00   5.674E-07   2.725E+02
In CGS        757 T=   1.971E+09 dT=   1.702E+02
       951   6.570E+00   1.004E-08   3.026E+02
In CGS        951 T=   1.971E+09 dT=   3.013E+00
      1138   6.570E+00   1.000E-08   3.326E+02
In CGS       1138 T=   1.971E+09 dT=   3.000E+00
      1332   6.570E+00   1.000E-08   3.627E+02
In CGS       1332 T=   1.971E+09 dT=   3.000E+00
      1525   6.570E+00   9.968E-09   3.928E+02
In CGS       1525 T=   1.971E+09 dT=   2.990E+00
      1717   6.570E+00   9.971E-09   4.228E+02
In CGS       1717 T=   1.971E+09 dT=   2.991E+00
      1908   6.570E+00   1.000E-08   4.528E+02
In CGS       1908 T=   1.971E+09 dT=   3.000E+00
      2099   6.570E+00   9.865E-09   4.829E+02
In CGS       2099 T=   1.971E+09 dT=   2.960E+00
      2290   6.570E+00   1.000E-08   5.129E+02
In CGS       2290 T=   1.971E+09 dT=   3.000E+00
      2481   6.570E+00   1.000E-08   5.430E+02
In CGS       2481 T=   1.971E+09 dT=   3.000E+00
      2670   6.570E+00   9.755E-09   5.730E+02
In CGS       2670 T=   1.971E+09 dT=   2.926E+00
      2859   6.570E+00   9.665E-09   6.031E+02
In CGS       2859 T=   1.971E+09 dT=   2.899E+00
      3041   6.570E+00   1.000E-08   6.332E+02
In CGS       3041 T=   1.971E+09 dT=   3.000E+00
      3228   6.570E+00   9.999E-09   6.633E+02
In CGS       3228 T=   1.971E+09 dT=   3.000E+00
      3415   6.570E+00   1.000E-08   6.934E+02
In CGS       3415 T=   1.971E+09 dT=   3.000E+00
      3602   6.570E+00   1.000E-08   7.234E+02
In CGS       3602 T=   1.971E+09 dT=   3.000E+00
      3788   6.570E+00   1.000E-08   7.535E+02
In CGS       3788 T=   1.971E+09 dT=   3.000E+00
      3974   6.570E+00   1.000E-08   7.836E+02
In CGS       3974 T=   1.971E+09 dT=   3.000E+00
      4160   6.570E+00   1.000E-08   8.137E+02
In CGS       4160 T=   1.971E+09 dT=   3.000E+00
      4347   6.570E+00   9.965E-09   8.438E+02
In CGS       4347 T=   1.971E+09 dT=   2.990E+00
      4533   6.570E+00   1.000E-08   8.739E+02
In CGS       4533 T=   1.971E+09 dT=   3.000E+00
      4720   6.570E+00   9.857E-09   9.040E+02
In CGS       4720 T=   1.971E+09 dT=   2.957E+00
      4901   6.570E+00   9.954E-09   9.341E+02
In CGS       4901 T=   1.971E+09 dT=   2.986E+00
      5086   6.570E+00   9.912E-09   9.641E+02
In CGS       5086 T=   1.971E+09 dT=   2.974E+00
      5272   6.570E+00   9.709E-09   9.942E+02
In CGS       5272 T=   1.971E+09 dT=   2.913E+00
      5458   6.570E+00   9.862E-09   1.024E+03
In CGS       5458 T=   1.971E+09 dT=   2.959E+00
      5644   6.570E+00   1.000E-08   1.054E+03
In CGS       5644 T=   1.971E+09 dT=   3.000E+00
      5830   6.570E+00   9.705E-09   1.084E+03
In CGS       5830 T=   1.971E+09 dT=   2.912E+00
      6016   6.570E+00   9.868E-09   1.114E+03
In CGS       6016 T=   1.971E+09 dT=   2.961E+00
      6200   6.570E+00   1.000E-08   1.144E+03
In CGS       6200 T=   1.971E+09 dT=   3.000E+00
      6381   6.570E+00   1.000E-08   1.175E+03
In CGS       6381 T=   1.971E+09 dT=   3.000E+00
      6568   6.570E+00   1.000E-08   1.205E+03
In CGS       6568 T=   1.971E+09 dT=   3.000E+00
      6748   6.570E+00   1.000E-08   1.235E+03
In CGS       6748 T=   1.971E+09 dT=   3.001E+00
      6934   6.570E+00   9.703E-09   1.265E+03
In CGS       6934 T=   1.971E+09 dT=   2.911E+00
      7121   6.570E+00   9.532E-09   1.295E+03
In CGS       7121 T=   1.971E+09 dT=   2.860E+00
      7307   6.570E+00   1.000E-08   1.325E+03
In CGS       7307 T=   1.971E+09 dT=   3.000E+00
      7493   6.570E+00   9.429E-09   1.355E+03
In CGS       7493 T=   1.971E+09 dT=   2.829E+00
      7679   6.570E+00   9.808E-09   1.385E+03
In CGS       7679 T=   1.971E+09 dT=   2.942E+00
      7865   6.570E+00   9.859E-09   1.415E+03
In CGS       7865 T=   1.971E+09 dT=   2.958E+00
      8051   6.570E+00   1.000E-08   1.445E+03
In CGS       8051 T=   1.971E+09 dT=   3.000E+00
      8236   6.570E+00   1.000E-08   1.475E+03
In CGS       8236 T=   1.971E+09 dT=   3.000E+00
      8421   6.570E+00   9.689E-09   1.505E+03
In CGS       8421 T=   1.971E+09 dT=   2.907E+00
      8603   6.570E+00   1.000E-08   1.535E+03
In CGS       8603 T=   1.971E+09 dT=   3.000E+00
      8788   6.570E+00   1.000E-08   1.565E+03
In CGS       8788 T=   1.971E+09 dT=   3.000E+00
      8974   6.570E+00   9.883E-09   1.596E+03
In CGS       8974 T=   1.971E+09 dT=   2.965E+00
      9160   6.570E+00   1.000E-08   1.626E+03
In CGS       9160 T=   1.971E+09 dT=   3.000E+00
      9346   6.570E+00   9.755E-09   1.656E+03
In CGS       9346 T=   1.971E+09 dT=   2.926E+00
      9532   6.570E+00   1.000E-08   1.686E+03
In CGS       9532 T=   1.971E+09 dT=   3.000E+00
      9718   6.570E+00   1.000E-08   1.716E+03
In CGS       9718 T=   1.971E+09 dT=   3.000E+00
      9904   6.570E+00   1.000E-08   1.746E+03
In CGS       9904 T=   1.971E+09 dT=   3.000E+00
     10089   6.570E+00   9.172E-09   1.776E+03
In CGS      10089 T=   1.971E+09 dT=   2.752E+00
     10273   6.570E+00   9.686E-09   1.806E+03
In CGS      10273 T=   1.971E+09 dT=   2.906E+00
     10455   6.570E+00   1.000E-08   1.836E+03
In CGS      10455 T=   1.971E+09 dT=   3.000E+00
     10641   6.570E+00   1.000E-08   1.867E+03
In CGS      10641 T=   1.971E+09 dT=   3.000E+00
     10827   6.570E+00   1.000E-08   1.897E+03
In CGS      10827 T=   1.971E+09 dT=   3.000E+00
     11013   6.570E+00   9.824E-09   1.927E+03
In CGS      11013 T=   1.971E+09 dT=   2.947E+00
     11199   6.570E+00   1.000E-08   1.957E+03
In CGS      11199 T=   1.971E+09 dT=   3.000E+00
     11384   6.570E+00   1.000E-08   1.987E+03
In CGS      11384 T=   1.971E+09 dT=   3.001E+00
     11570   6.570E+00   1.000E-08   2.017E+03
In CGS      11570 T=   1.971E+09 dT=   3.000E+00
     11756   6.570E+00   9.991E-09   2.047E+03
In CGS      11756 T=   1.971E+09 dT=   2.997E+00
     11942   6.570E+00   9.733E-09   2.077E+03
In CGS      11942 T=   1.971E+09 dT=   2.920E+00
     12128   6.570E+00   1.000E-08   2.107E+03
In CGS      12128 T=   1.971E+09 dT=   3.000E+00
     12308   6.570E+00   9.943E-09   2.137E+03
In CGS      12308 T=   1.971E+09 dT=   2.983E+00
     12493   6.570E+00   9.898E-09   2.167E+03
In CGS      12493 T=   1.971E+09 dT=   2.969E+00
     12679   6.570E+00   9.946E-09   2.198E+03
In CGS      12679 T=   1.971E+09 dT=   2.984E+00
     12865   6.570E+00   9.791E-09   2.228E+03
In CGS      12865 T=   1.971E+09 dT=   2.937E+00
     13051   6.570E+00   9.865E-09   2.258E+03
In CGS      13051 T=   1.971E+09 dT=   2.960E+00
     13237   6.570E+00   9.561E-09   2.288E+03
In CGS      13237 T=   1.971E+09 dT=   2.868E+00
     13423   6.570E+00   9.954E-09   2.318E+03
In CGS      13423 T=   1.971E+09 dT=   2.986E+00
     13608   6.570E+00   1.000E-08   2.348E+03
In CGS      13608 T=   1.971E+09 dT=   3.000E+00
     13786   6.570E+00   9.976E-09   2.378E+03
In CGS      13786 T=   1.971E+09 dT=   2.993E+00
     13970   6.570E+00   9.877E-09   2.408E+03
In CGS      13970 T=   1.971E+09 dT=   2.963E+00
     14153   6.570E+00   9.720E-09   2.438E+03
In CGS      14153 T=   1.971E+09 dT=   2.916E+00
     14339   6.570E+00   9.927E-09   2.468E+03
In CGS      14339 T=   1.971E+09 dT=   2.978E+00
     14525   6.570E+00   9.967E-09   2.498E+03
In CGS      14525 T=   1.971E+09 dT=   2.990E+00
     14710   6.570E+00   9.956E-09   2.528E+03
In CGS      14710 T=   1.971E+09 dT=   2.987E+00
     14896   6.570E+00   9.964E-09   2.558E+03
In CGS      14896 T=   1.971E+09 dT=   2.989E+00
     15082   6.570E+00   9.970E-09   2.589E+03
In CGS      15082 T=   1.971E+09 dT=   2.991E+00
     15268   6.570E+00   9.992E-09   2.619E+03
In CGS      15268 T=   1.971E+09 dT=   2.998E+00
     15454   6.570E+00   9.999E-09   2.649E+03
In CGS      15454 T=   1.971E+09 dT=   3.000E+00
     15639   6.570E+00   1.000E-08   2.679E+03
In CGS      15639 T=   1.971E+09 dT=   3.000E+00
     15787   6.570E+00   1.000E-08   2.709E+03
In CGS      15787 T=   1.971E+09 dT=   3.000E+00
     15947   6.570E+00   1.000E-08   2.739E+03
In CGS      15947 T=   1.971E+09 dT=   3.000E+00
     16131   6.570E+00   1.000E-08   2.769E+03
In CGS      16131 T=   1.971E+09 dT=   3.000E+00
     16315   6.570E+00   1.000E-08   2.799E+03
In CGS      16315 T=   1.971E+09 dT=   3.000E+00
     16498   6.570E+00   1.000E-08   2.829E+03
In CGS      16498 T=   1.971E+09 dT=   3.001E+00
     16681   6.570E+00   1.000E-08   2.859E+03
In CGS      16681 T=   1.971E+09 dT=   3.000E+00
     16864   6.570E+00   1.000E-08   2.890E+03
In CGS      16864 T=   1.971E+09 dT=   3.000E+00
     17047   6.570E+00   1.000E-08   2.920E+03
In CGS      17047 T=   1.971E+09 dT=   3.001E+00
     17230   6.570E+00   1.000E-08   2.950E+03
In CGS      17230 T=   1.971E+09 dT=   3.000E+00
     17413   6.570E+00   1.000E-08   2.980E+03
In CGS      17413 T=   1.971E+09 dT=   3.000E+00
     17597   6.570E+00   1.000E-08   3.010E+03
In CGS      17597 T=   1.971E+09 dT=   3.001E+00
     17775   6.570E+00   1.000E-08   3.040E+03
In CGS      17775 T=   1.971E+09 dT=   3.000E+00
     17958   6.570E+00   1.000E-08   3.070E+03
In CGS      17958 T=   1.971E+09 dT=   3.000E+00
     18141   6.570E+00   1.000E-08   3.100E+03
In CGS      18141 T=   1.971E+09 dT=   3.000E+00
forrtl: severe (174): SIGSEGV, segmentation fault occurred
Image              PC                Routine            Line        Source             
amrvac             0000000000D6A883  for__signal_handl     Unknown  Unknown
libpthread-2.24.s  00007FA7D84C10E0  Unknown               Unknown  Unknown
amrvac             0000000000D6A467  for__signal_handl     Unknown  Unknown
libpthread-2.24.s  00007FA7D84C10E0  Unknown               Unknown  Unknown
-------------------------------------------------------
Primary job  terminated normally, but 1 process returned
a non-zero exit code. Per user-direction, the job has been aborted.
-------------------------------------------------------
--------------------------------------------------------------------------
mpiexec detected that one or more processes exited with non-zero status, thus causing
the job to be terminated. The first process to do so was:

  Process name: [[7700,1],44]
  Exit code:    174
--------------------------------------------------------------------------
/bin/cp: cannot stat 'Output/Kappeli2016/Jet_CC_0100.dat': No such file or directory
srun: error: tycho63: task 0: Exited with exit code 1
::::::::::::::
uniform/Kappeli2016/Kappeli2016.par
::::::::::::::
!==============================================================
! Project : YSO JET MIALY
! Aim     :
! Results :
! Method  : Use cartesian coordinate
!
! Update  : 22/11/2019
! configuration :
! Openmpi/gfortran or intel or ....
! $AMRVAC_DIR/setup.pl -d=2 -phys=hd -arch=default
! with intel
! $AMRVAC_DIR/setup.pl -d=2 -phys=hd -arch=intel
!==============================================================

 &filelist
        base_filename='Output/Kappeli2016/Jet_CC_'
        saveprim=.true.
        autoconvert=.true.
        convert_type='vtuBCCmpi'
	restart_from_file='Jet_CC_0100.dat'
	convert = .true.
	level_io=5        
        nwauxio = 7
        /
        !restart_from_file='Output/Ulrich1976_limitinflow/Jet_CC_0061.dat'
        /
        convert = .true.



        snapshotnext =0326
/




/
        nwauxio=10




/


 &savelist
        itsave(1,1)=0
        itsave(1,2)=0
        dtsave_log=3.1557600d7   ! 1 year 3.1557600d6 = 0.1 yr
	!ditsave_log =50
        dtsave_dat=  3.1557600d8!1.57788d11!! 10 yr!6.31152d8!20 yrs !1.57788000d9!50 yrs !3.1557600d9! 1 yrdensitys  1.57788000d8!5 yrs !3.1557600d7   ! 100 year; 3.1557600d7 = 1 yr
        !ditsave_dat =1
 /

        ditsave_log = 1
        ditsave_dat =1
        dtsave_dat =21.08

 &stoplist

        dtmin=1.0d-13
        !time_max= 99d15 ! years
        time_max=  3.1557600d10 !1.57788d12!9.46728d11!3.1557600d11 !3.15576d11 ! 10000 yrs 6.31152d11!2e4 yrs 3.15576d11 ! 10000 yrs 1.26e10! 400 yrs !3.786912d10! 1200 yrs ! 1.90607904d10!604 yrs ! 1.893456d10!600 yrs ! 3.15576d10! 1000yrs!6.31152d10! 2000 yrs ! 3.15576d11! 10000yrs ! 1.262304d10!400yrs!3.15576d9!3.15576d10! 1000yrs  !1.893456e11!600yrs!!9.46728d9!300yrs!6.311520000d9!7.8894d9!9.46728d9!7.8894d9 ! in s from years : 7.8894d9 = 250 yrs
        !it_max=100


/
  reset_it=.true.

          it_init=0






 &methodlist
        time_integrator          =  'twostep'
        typepred1                =  20*'hllc'!>>HH4647 !'hllcd'!si vraiment ça ne marche pas, essayer :! 'hll'! si au bord persiste des problemes, essayer : ! 'tvdlf'
        flux_scheme              =  20*'hllc'!,18*'tvdlf'!>>HH4647 !'hllcd'!si vraiment ça ne marche pas, essayer :! 'hll'! si au bord persiste des problemes, essayer : ! 'tvdlf'
        limiter                  =  20*'minmod'!>>HH4647 !'koren'!'cada3'
        small_pressure           = 1.0d-9
        small_density            = 1.0d-8
        small_values_method      =  'average'
        small_values_daverage    = 8

        check_small_values       = .true.
        small_values_force_floor = .true.
        loglimit(1) = .false.
        angmomfix=.true.


 /
         loglimit(4) = .true.
         loglimit(1)            = .true.
         loglimit(5)            = .true.
         loglimit(6)            = .true.
         loglimit(7)            = .true.
        tvdlfeps=0.5d0

 &boundlist
        internalboundary  = .true.
        nghostcells       = 2
        !                     RHO,   Vr,     Vz,   Vphi,   P,     traceur1,traceur2
        typeboundary_min1 =  7*'cont'!'symm','asymm','symm','asymm','symm',2*'symm'!, ! C.L. gauche <=> rmin
        typeboundary_max1 =  7*'cont'                                    ! C.L. droite <=> rmax
        typeboundary_min2 =  7*'cont'!7*'special'!'symm','symm','limitinflow','symm','symm',2*'symm'!'symm','symm','asymm','symm','symm',2*'symm'!                                    ! C.L. inférieure <=> zmin
        typeboundary_max2 =  7*'cont'                                        ! C.L. supérieure <=> zmax                                      ! C.L. supérieure <=> zmax

/
        typeboundary_max3 = 8*'cont'                                         ! C.L. arrière <=> phi/profondeur max
        typeboundary_min3 = 8*'cont'                                         ! C.L. avant <=> phi/profondeur min
 /

 &meshlist
        ! grid at level 1
        xprobmin1 =  -1.5d17!0.0d0    ! cm
        xprobmax1 =  1.5d17!3.0d17! <--- r_max=7e16cm
        xprobmin2 =  -1.5d17!0.0d0    ! cm
        xprobmax2 =  1.5d17!3.0d17! <--- z_max=1.9e17cm

        ! total cell at level 1
        domain_nx1= 240! <---dr=1.25e15 cm at lvl 1
        domain_nx2= 240! <---dr=1.25e15 cm at lvl 1
        ! number of cell by block
        block_nx1 = 8!8!
        block_nx2 = 8!8!

        ! AMR configuration
        refine_criterion=3
        refine_max_level=5 !<--- dr=dz=7.8125e13 cm au lvl 5
        refine_threshold=20*0.01d0
        derefine_ratio=20*1d-3
        w_refine_weight(1)=0.5d0
        w_refine_weight(2)=0.165d0
        w_refine_weight(3)=0.165d0
        w_refine_weight(4)=0.17d0
        !w_refine_weight(9)=0.5d0

        max_blocks = 20000
        ! can be added when is needed
        prolongprimitive= .false.
        coarsenprimitive= .false.
        /







 /
        stretched_grid    = .true.
        stretched_dim(1)  = .true.
        stretched_dim(2)  = .true.
        itfixgrid =0

 &paramlist
        typecourant         = 'maxsum'
        courantpar          = 0.8d0
        slowsteps           = 500
        small_getdt_average = .true.
        small_dt_coef       = 1.0d-5
 /

  &hd_list
         hd_energy            = .true. !non-adiabatic: enables energy solving
         hd_gamma             = 1.666666667         
         SI_unit              = .false.  ! use cgs
         He_abundance         = 0.1d0                     !

         hd_dust              = .false.   ! dust off
         hd_radiative_cooling = .false. !>>HH4647 .false.!.true.    ! cooling on
         hd_gravity	       = .true. !>>HH4647 .false.!.true.    ! gravity on
         hd_chemical          = .false.   ! use chemical
         hd_n_tracer          = 2
         hd_mean_mup_on       = .true. !>>HH4647 .true.
         hd_chemical_gas_type = 'fullyatomic'
   /

  &grav_list 
  	grav_split=.false.
   /

 !'MLcosmol' : 'Use Mellema & Lundqvist (2002) cooling curve for zero metallicity '
 !'SPEX_DM'  : 'Use SPEX cooling curve for solar metallicity above 10^4 K. At lower temperatures,use Dalgarno & McCray (1972), with a pre-set ionization fraction of 10^-3 as described by Schure et al. (2009). '
   &rc_list
         ncool            = 4000
         coolcurve        = 'SPEX_DM'!'MLcosmol' !
         coolmethod       = 'exact'
         cfrac            = 1.d0
         Tfix             = .false.
         tlow             = 110 !<--- T_low = 110 K comme limite inférieure de la table de cooling afin d'éviter que le jet à 100 K ne se mette à refroidir par radiative cooling, ce qui serait non-physique
         coolsaveL        = .true.
         coolsavedT       = .true.
         He_abundance = 0.1d0
         rc_chemical_gas_type = 'fullyatomic'
   /


 &dust_list
     dust_n_species           = 2
     dust_min_rho             = 1.0d-10
     gas_mu                   = 1.0d0
     dust_method              = 'Kwok'
     dust_small_to_zero       = .true.
     dust_temperature         = 1.0d0
     dust_temperature_type    = 'silicate'
     dust_source_split        = .false.
     dust_it_diff             = 50000
   /





 &usr_list
        usrconfig%ism_on              = .true.                      !> set ism
        usrconfig%cloud_on            = .false.                      !> set cloud
        usrconfig%cloud_structure     = 2                           !> cloud structure type
        usrconfig%jet_yso_on          = .false. !>>HH4647.false.!.false.!.false.!                      !> set a jet
        usrconfig%physunit_on         = .true.                      !> set the normalisation in use
        usrconfig%reset_medium        = .true.                      !> set on the reset
        usrconfig%coordinate_system   = 'cylindrical_2.5D'            !> geometry in use in 2D
        usrconfig%phys_inuse          = 'hd' !'mhd' ! set physique want to be used

        usrconfig%phys_isotherm_on              = .false.!>>HH4647.true. ! use isotherme
        usrconfig%reset_flux_scheme_on          = .true.
        usrconfig%reset_flux_scheme_diffuse     = 'hllc'
        usrconfig%reset_flux_scheme_thresholdL1_min = 1.0d-6
        usrconfig%reset_flux_scheme_thresholdL1_max = 1.0d20


 /




&usr_physical_unit_list
 phys_unit%unit                  = 'cgs'
 phys_unit%length                = 1.496d14                 ! cm (1 parsec) : par defaut = 1.496d14
 phys_unit%time                  = 3d8                      ! s (2 year) : par defaut = 3d10
 phys_unit%number_density        = 1.0d-6 !>>HH4647                      ! cm^-3 : par defaut = 1.0d8 (1.0d5 pour un milieu ambiant tres peu dense, e.g. a 100cm-3)                      ! cm^-3 : par defaut = 1.0d8 (1.0d5 pour un milieu ambiant tres peu dense, e.g. a 100cm-3)
 phys_unit%chemical_He_abundance = 0.1d0
 phys_unit%chemical_gas_type = 'fullyatomic'
/

!11/12/19 : pour ISM et le projet n°1 de Sylvie Cabrit sur son article de 1997, les paramètres ci-dessous pour l'ISM ont été testés
!et fixées aux valeurs recommandées et correspondant le mieux à la simulation de l'article
 &usr_ism_list
  ism_config%unit               ='cgs'
  ism_config%density            = 1.1663894832267845d-18         !Li & Shu et 1996b ism density if it set to 0 it will use number_density
  ism_config%number_density     = 0.0d0  !>>HH4647  !2.95d9    !1.0d2     !4.44d6     ! Zheng19 = 2.95d9 cm-3 ! ism number density (1/cm^3) ) of protons n_H = facteur rho_j (e.g. = 100 cm-3) physique dans l'expression du profil de densité rho_c du milieu ambiant
                                            ! and w(ixO^S,phys_ind%rho_)        =  self%myconfig%density = = self%myconfig%number_density*mp = rho_h the mass density of protons
                                            ! si tu l'augmentes e.g. a number_density=1.0d3,
                                            !la valeur rho_c=rho_j de densité au niveau de la frontière inférieure ISM augmente d'un facteur 10
  ism_config%velocity(1)        = 0.0d0       ! ism  speed components (cm/s) R/X : 0.0 = milieu statique
  ism_config%velocity(2)        = 0.0d0!5.d8     ! ism  speed components (cm/s) Z : 0.0 = milieu statique
  ism_config%velocity(3)        = 0.0d0       ! ism  speed components (cm/s)  Y : 0.0 = milieu statique
  ism_config%Mach_number_tomov_obj= 0.0       ! ism  speed components (cm/s)  Y : 0.0 = milieu statique
  ism_config%temperature        = 100.0d0  !<---T_a = 100 K temperature typique
  ism_config%pressure           = 0.0d0     !1.3806485199999997d-12! ism pressure if is set to 0 it will use temperature : äraview trouve a T=100 K et rho_j=100 cm-3 >>> p_j = 2.71055e-12 Ba
  ism_config%tracer_on          = .true.    ! ism tracer
  ism_config%tracer_init_density= 1.0d9!1.0d3     ! ism tracer density
  ism_config%tracer_small_density  =  1.0d-15!1.0d-5

  ism_config%reset_on           = .false.    ! ism reset
  ism_config%reset_coef         = 0.0! 0.0     ! ism reset  coefficient : 19-03-2021 --> don't use it ! it creates bugs when >0.0d0
  ism_config%reset_dtemperature = 1.0d-6    !> set the pressure variation
  ism_config%reset_distance(2)  =  1.01d18  ! ism rest distance
  ism_config%reset_scale(2)     =  5d16     ! ism reset scalling distance
	
	
  ! 3 cases : 
  ! 1) boundary_cond = 'fix' : 03-03-22 > successfully implemented !
  ! 2) boundary_cond /= 'fix' but mixed_fixed_bound == .false. everywhere
  ! 3) boundary_cond /= 'fix' and at least one of the mixed_fixed_bound is .true.
  
  ism_config%boundary_cond(2,1) = 'limitinflow'!'limitinflowdisc'!'disc'!'fix'!'fix'!'limitoutflow' ! <<<<<!>>>>> : to enable this feature : you need to check that typeboundary_min{idims} (or typeboundary_max{idims}) is set to 7*'special'
  
  ism_config%flux_frac          = 1.0d-2
  ism_config%useprimitive       = .false. 
  
  ! Use :
  !  - ism_config%mixed_fixed_bound(idims,iside,index) to 'fix' the index-th flux variable w(ixG^S,index) on top of the above boundary conditions:
  !  - (idims,iside) = (direction along which are set the boundary conditions,side i=1=min or i=2=max of the direction along which the bc is applied)
  !  - <<<<<!>>>>> : to enable this feature, you need to check that typeboundary_min{idims} (or typeboundary_max{idims}) is set to 7*'special'
  !  - index:
  ! 	* 1 : rho
  ! 	* 2 : v1 =  v_R in cylindrical coordinates
  ! 	* 3 : v2 =  v_Z in cylindrical coordinates
  ! 	* 4 : v3 =  v_phi in cylindrical coordinates  
  ! 	* 5 : p (or e for conservative variables) only when hd_energy==.true.
  ! 	* 6,7 (or resp. 5,6) : tracers when hd_energy==.true. (resp. hd_energy==.false.)
  !
  ! - By default, all ism_config%mixed_fixed_bound(2,1,index) are .false., so that only the above boundary conditions are considered !
  
  !ism_config%mixed_fixed_bound(2,1,1) = .true.
  !ism_config%mixed_fixed_bound(2,1,2) = .true.
  !ism_config%mixed_fixed_bound(2,1,3) = .true.
  !ism_config%mixed_fixed_bound(2,1,4) = .false.
  !ism_config%mixed_fixed_bound(2,1,5) = .true.
  !ism_config%mixed_fixed_bound(2,1,6) = .true.
  !ism_config%mixed_fixed_bound(2,1,7) = .true.
  !ism_config%boundary_cond(2,2) = 'fix'!'limitoutflow'!> ce truc ne sert à rien à moins que typeboundary_max2 = 7*'special'
  ism_config%boundary_on        = .true.
!  ism_config%debug        	 = .false. ! use it as .true. to debug user module mod_obj_ism.t


ism_config%profile_typeaxial  = 'spherical'!'projection_direction'
ism_config%profile_idir       = 1.0,0.0,0.0       !z=2,r=1  !  ism profile direction

ism_config%profile_center     = 0,0,0

ism_config%profile_density_on = .true. ! Zheng=True ! .false. ! .true. ! ISM set density profile
ism_config%profile_pressure_on= .true. ! Zheng=True ! .false. !.true.
ism_config%theta_floored      = 0.0d0
ism_config%profile_force_on   = .false. ! Zheng=True  !.true.!.false.!.true. ! .false. ! ISM set force profile
ism_config%profile_force_gradP_on = .false.
ism_config%weight_mean = 'arithmetic'
ism_config%weight_analy = 1.0d0
ism_config%weight_num = 3.0d0
ism_config%weight_mean_variable = 'minus_density_grad'
ism_config%profile_rw_force = 2.5d16
ism_config%weight_num_index = 20.0d0
ism_config%weight_analy_index = 20.0d0
ism_config%profile_density    = 'Ulrich1976'!'Ulrich1976'!'Lee2001'!'Ulrich1976'!>>HH4647'cabrit1997' ! Zheng19 = 'cabrit1997' !ISM density profile
ism_config%profile_jspec = 8.0782850178d20       !> ISM envelope specific angular momentum
ism_config%profile_Minf  = 2.5203562637184713d20 !> ISM envelope infalling mass-loss rate on the protostar
ism_config%profile_Mstar = 8.94784441814123d32   !> central objet or protostar mass

ism_config%profile_zc    = 1.0d16!4.49d14 ! 1.0d16 !4.49d14 ! Zheng19 = 30 au = 4.49d14 cm :  grandeur de normalisation dans le profil de pression/densite (en cm)
ism_config%profile_rw    = 2.5d16 !> ISM reference radius for Lee 2001 profile (in cm)
ism_config%profile_kappa    = 2.0d0 ! Zheng19 = 2 ! indice kappa pour la loi de densité et de pression : 'cabrit1997' <=> kappa=2
ism_config%profile_shiftstart = 0.00d0 !>>HH4647 3.33d14 ! 3.33d14 ! 1.0d15 ! the distance from which the ISM profile is set

ism_config%chemical_gas_type = 'fullyatomic'!>>HH4647'fullyatomic'
ism_config%He_abundance      = 0.1
/

&usr_usrboundary_ism_list
  usrboundary_config%boundary_type(2,1) = 'limitinflow'!'limitinflowdisc'!'disc'
  usrboundary_config%boundary_type(2,2) = 'open'
  usrboundary_config%useprimitive       = .false.
  !usrboundary_config%special_origin_theta       = .true.
  usrboundary_config%nghostcells(1)        = 2
  usrboundary_config%nghostcells(2)        = 2
  usrboundary_config%flux_frac          = 1.0d-2
  usrboundary_config%ngc          = 0
  usrboundary_config%RHS          = 0
  usrboundary_config%LHS          = 0
/

&usr_cla_jet_list
    cla_jet_config%unit                  =  'cgs' !> physical unit at parameter file
    cla_jet_config%time_cla_jet_on       =  0.0d0 !> initial time the cla_jet is set in the simulation box

    cla_jet_config%myindice              =  0       !> cla_jet associated indice
    cla_jet_config%density               =  1.795963442083303d-19!<-------Fm=0.6e-7 Msun/yr

    cla_jet_config%number_density        =  0.0d0
    cla_jet_config%temperature           =  100.0d0  !>>HH4647 !> cla_jet temperature  (K)
    cla_jet_config%pressure              =  0.0d0   !> cla_jet pressure
    cla_jet_config%pressure_toism        =  0.0d0   !> cla_jet pressure relative to ism pressure
    cla_jet_config%magnetic(1)           =  0.0d0   !> cla_jet magnetic field components : 0.0d0 = HD
    cla_jet_config%magnetic(2)           =  0.0d0   !> cla_jet magnetic field components : 0.0d0 = HD
    cla_jet_config%magnetic(3)           =  0.0d0   !> cla_jet magnetic field components : 0.0d0 = HD
    cla_jet_config%xisigma               =  0.0d0   !> cla_jet magnetisation : 0.0d0 = HD
    cla_jet_config%magn_anglePHItoPol    =  0.0d0   !> cla_jet magnetisation field incl : 0.0d0 = HD

    cla_jet_config%Mach_number           =  0.0!250.0d0   !> cla_jet  Mach number : Par défaut : Ma = 20
    cla_jet_config%c_sound               =  0.0d0   !> cla_jet  sound speed (cm/s)
    cla_jet_config%velocity(1)           =  0.0d0   !> cla_jet  velocity (radial speed)(cm/s)
    cla_jet_config%velocity(2)           =  1.2d7 !
    cla_jet_config%velocity(3)           =  0.0d0   !> cla_jet  velocity (rotation speed)(cm/s)
    cla_jet_config%velocity_poloidal     =  1.2d7 !<--- norme du vecteur vitesse au niveau de l'inlet du jet
    cla_jet_config%power                 =  0.0d0   !> wind power flux
    cla_jet_config%mass_flux             =  0.0d0   ! 3.15e19 ! flux en H+H^++H2 1.13d21 !1.89d18 ! grammes/s>>>Zhang19 = 0.3e-7 Msun/yr  0.0!9.8525563d16!1.9705112501213315d17!1.3136741667475542d17!!   !> wind mass flux : cabrit1997 = 1.3136741d17 à Vjet = 100 km/s et 1.9705111e+17 à Vjet = 150 km/s (Vjet = 150 km/s ne marche qu a basse resolution de maillage)
                                            ! c'est par l'imposition de cla_jet_config%mass_flux et de cla_jet_config%velocity(2) que la densité est alors imposée à l'intérieur du jet
                                            ! pour avoir :
                                            ! * Vjet = 100 km/s, R_jet = 0.5e16 cm et n_jet = 100 cm-3 >>> mass_flux = 1.3136741667475542e+17 g / s
                                            ! * Vjet = 150 km/s, R_jet = 0.5e16 cm et n_jet = 100 cm-3 >>> mass_flux = 1.9705112501213315e+17 g / s
                                            ! * Vjet = 150 km/s, R_jet = 0.5e16 cm et n_jet = 50 cm-3 >>> mass_flux = 9.8525563e+16 g / s

    cla_jet_config%open_angle            = 3.0d0 !>>HH4647 !>  cla_jet initial open angle  (degre): 0.0d0 = jet droit cylindrique
    cla_jet_config%z_in                  =  -46.275d18 !> cla_jet inner boundary position
    cla_jet_config%variation_n_cells     = 2
    cla_jet_config%z_impos               =  8.22d14 !
    cla_jet_config%z_out_init            =  8.30d14 !
    cla_jet_config%r_out_init            =  7.47d14! <--- 50 UA
    cla_jet_config%r_out_impos           =  7.47d14! <--- 50 UA

    cla_jet_config%r_in_init             =  0.0 !-7.48d14 !> cla_jet inner jet  region : position de la limite gauche du jet en coordonnées cylindriques : à tenir compte dans le calcul de la surface d'éjection du jet et donc du calcul du flux de masse ejectée

    cla_jet_config%tracer_on             =  .true. !> cla_jet logical to set tracer
    cla_jet_config%tracer_init_density   =  1.0d9!> cla_jet tracer density
    cla_jet_config%tracer_small_density  =  1.0d-15!> cla_jet tracer small density
    cla_jet_config%shape                 =  'conical'  !> cla_jet shape
    cla_jet_config%profile               =  'none'  !> cla_jet profile


    cla_jet_config%variation_on          =  .true. ! Zhang19 .false. !.true.! to set on  or off the jet-injection in-real-time velocity variability
    cla_jet_config%density_variation_on  =  .true. !<----- vary mass-loss rate !> cla_jet density variation switch
    cla_jet_config%pressure_variation_on =  .true. !<----- vary constant jet temperature !> cla_jet pressure variation switch : enables constant temperature in the jet inlet
    cla_jet_config%density_variation_profile =  'conserved_mflux' !<----- which variability apply to pressure and/or pressure
    cla_jet_config%variation_start_time  =  0.0d0 !time (in s in cgs) at which to begin the time variability : 0.0 to begin at the start of the simulation
    cla_jet_config%variation_end_time    =  4d15
    cla_jet_config%variation_velocity_amplitude =  1.2d7 !<--- norme du vecteur vitesse au niveau de l'inlet du jet (aux yeux du code, c'est une autre variable qu'on a oublié, surtout moi, de retirer quand on a rajouté   le paramètre cla_jet_config%velocity_poloidal en ouvrant le jet, donc par sécurité, comme je ne sais pas si on l'utilise toujours ailleurs, fixons la même valeur qu'au-dessus)
    cla_jet_config%variation_velocity_poloidal =  6.0d6 !<------ variation de la norme du vecteur vitesse du jet
    cla_jet_config%variation_velocity(1) =  0.0d0
    cla_jet_config%variation_velocity(2) =  6.0d6 !<------ variation de la norme du vecteur vitesse du jet
    cla_jet_config%variation_velocity(3) =  0.0d0
    cla_jet_config%variation_time        =  9.46728d9!<---- 300 ans
    cla_jet_config%variation_position    =  0.0d0,8.22d14 ,0.0d0!0.0d0,8.22d14 ,0.0d0 !>>HH4647 !0.0d0, 1d15 ,0.0d0 !0.0d0, 1.495978707d14,0.0d0 ! = 0,10 au,0position (in 3d : if cylindrical : phi = 3, z=2, r=1) under which is set the time variability : default = 0,3d15,0
    cla_jet_config%variation_type        =  'sawtooth2' !
    cla_jet_config%variation_phys_nvariable   = 1  ! number of physical variable with variation
    cla_jet_config%variation_phys_variable(1) =  3 ! 3 mean the velocity in Z direction

    cla_jet_config%refine_min_level      = 5
    cla_jet_config%chemical_gas_type     = 'fullyatomic' !>>HH4647



/
 ---------------------------------------------------------------------------
 ---------------------------------------------------------------------------
 |         __  __ ____ ___        _    __  __ ______     ___    ____       |
 |        |  \/  |  _ \_ _|      / \  |  \/  |  _ \ \   / / \  / ___|      |
 |        | |\/| | |_) | |_____ / _ \ | |\/| | |_) \ \ / / _ \| |          |
 |        | |  | |  __/| |_____/ ___ \| |  | |  _ < \ V / ___ \ |___       |
 |        |_|  |_|_|  |___|   /_/   \_\_|  |_|_| \_\ \_/_/   \_\____|      |
 --------------------------------------------------------------------------
 ---------------------------------------------------------------------------
 Reading usr_list
  End of reading of the usr_list
  End of reading of the usr_list
  End of reading of the usr_list
  End of reading of the usr_list
  End of reading of the usr_list
  End of reading of the usr_list
  End of reading of the usr_list
  End of reading of the usr_list
  End of reading of the usr_list
  End of reading of the usr_list
  End of reading of the usr_list
  End of reading of the usr_list
  End of reading of the usr_list
  End of reading of the usr_list
  End of reading of the usr_list
  End of reading of the usr_list
  End of reading of the usr_list
  End of reading of the usr_list
  End of reading of the usr_list
  End of reading of the usr_list
 Reading usr_physical_values_list
  End of reading of the usr_list
  End of reading of the usr_list
  End of reading of the usr_list
  End of reading of the usr_list
  End of reading of the usr_list
  End of reading of the usr_list
  End of reading of the usr_list
  End of reading of the usr_list
  End of reading of the usr_list
  End of reading of the usr_list
  End of reading of the usr_list
  End of reading of the usr_list
  End of reading of the usr_list
  End of reading of the usr_list
  End of reading of the usr_list
  End of reading of the usr_list
 Reading usr_ism_list
  End of reading of the usr_list
  End of reading of the usr_list
  End of reading of the usr_list
  End of reading of the usr_list
  End of reading of the usr_list
  End of reading of the usr_list
  End of reading of the usr_list
  End of reading of the usr_list
  End of reading of the usr_list
  End of reading of the usr_list
  End of reading of the usr_list
 End of Reading 
 usr_ismlist0                                                                  
 Reading usr_boundary_list           1 
 boundary                                                                      
  End of reading of the hd_list
  End of reading of the hd_list
  End of reading of the hd_list
  End of reading of the hd_list
  End of reading of the hd_list
  End of reading of the hd_list
  End of reading of the hd_list
  End of reading of the hd_list
  End of reading of the hd_list
  End of reading of the hd_list
  End of reading of the hd_list
  End of reading of the hd_list
 End of Reading 
 usr_boundarylist1                                                             
  End of reading of the hd_list
  End of reading of the hd_list
  End of reading of the hd_list
  End of reading of the hd_list
  End of reading of the hd_list
  End of reading of the hd_list
  End of reading of the hd_list
  End of reading of the hd_list
  End of reading of the hd_list
  End of reading of the hd_list
  End of reading of the hd_list
  End of reading of the hd_list
  End of reading of the hd_list
  End of reading of the hd_list
  End of reading of the hd_list
  End of reading of the hd_list
  End of reading of the hd_list
  End of reading of the hd_list
  End of reading of the hd_list
  End of reading of the hd_list
  End of reading of the hd_list
  End of reading of the hd_list
  End of reading of the hd_list
  End of reading of the hd_list
  End of reading of the hd_list
  End of reading of the hd_list
  End of reading of the hd_list
  End of reading of the hd_list
  End of reading of the hd_list
  End of reading of the hd_list
  End of reading of the hd_list
  End of reading of the hd_list
  End of reading of the hd_list
  End of reading of the hd_list
 Reading uniform/Kappeli2016/Kappeli2016.par
  End of reading of the hd_list
 End par file read
 
 Output type | dtsave    | ditsave | itsave(1) | tsave(1)
         log | 0.105E+00 | ******  |      0    | *********
      normal | 0.105E+01 | ******  |      0    | *********
       slice | ********* | ******  | ******    | *********
   collapsed | ********* | ******  | ******    | *********
    analysis | ********* | ******  | ******    | *********
 
                 typelimited: predictor                                                                                                                          
         Domain size (cells): 240 240 
                Level one dx: 0.836E+01 0.836E+01 
           Refine estimation: Lohner's scheme
                   slicenext: 0
                collapsenext: 0
           restart_from_file:  Jet_CC_0100.dat
                  converting: T

  End of reading of the usr_list
  End of reading of the hd_list
 ====================Ulrich1976s model====================
 -Setting completely all parameters:
 * rW =   2.500000000000000E+016  cm
 * rD =   1.092733345182041E+016  cm
 * vK =    73927.3222824020       cm/s
 * rho_0 =   2.272054281004061E-018  g/cm3
 * r = (rD/rw) =    2.28784086348488     
 * rho_a0 =   1.166389483226784E-018  g/cm3
 * nH_a0 =    498101.457614819       cm-3
 =========================================================
 ======================ISM settings=======================
 * at (R,z) = (r_j,0) : 
 ** The ism base temperature is =    100.000000000000     
 ** The ism base density is =  1.166389483226784E-018
 ** The ism base number density nH is    498101.457614819     
 =========================================================
 phys_config%He_abundance  0.100000000000000     
 in mod_obj_usr_unit.t usr_physical_unit_fillphysunit subroutine: 
 ism density  2.341670487800000E-030
 ism ndensity  1.000000000000000E-006
 ism pressure  5.822995576026895E-019
 ism temperature   3834.16285288672     
 ERROR for processor           0 :
 Jet_CC_0100.dat not found!
--------------------------------------------------------------------------
MPI_ABORT was invoked on rank 0 in communicator MPI_COMM_WORLD
with errorcode -1457180048.

NOTE: invoking MPI_ABORT causes Open MPI to kill all MPI processes.
You may or may not see output from other processes, depending on
exactly when Open MPI kills them.
--------------------------------------------------------------------------
[warn] Epoll MOD(1) on fd 26 failed.  Old events were 6; read change was 0 (none); write change was 2 (del): Bad file descriptor
[warn] Epoll MOD(4) on fd 26 failed.  Old events were 6; read change was 2 (del); write change was 0 (none): Bad file descriptor
