mkdir: cannot create directory ‘Kappeli2016’: File exists
3060032
tycho63
/scratch/mrabenanahary/run.3060032.Kappeli2016
::::::::::::::
Kappeli2016.par
::::::::::::::
!==============================================================
! Project : YSO JET MIALY
! Aim     :
! Results :
! Method  : Use cartesian coordinate
!
! Update  : 22/11/2019
! configuration :
! Openmpi/gfortran or intel or ....
! $AMRVAC_DIR/setup.pl -d=2 -phys=hd -arch=default
! with intel
! $AMRVAC_DIR/setup.pl -d=2 -phys=hd -arch=intel
!==============================================================

 &filelist
        base_filename='Output/Kappeli2016/Jet_CC_'
        saveprim=.true.
        autoconvert=.true.
        convert_type='vtuBCCmpi'
        nwauxio = 12
        /
        !restart_from_file='Output/Ulrich1976_limitinflow/Jet_CC_0061.dat'
        /
        convert = .true.



        snapshotnext =0326
/




/
        nwauxio=10




/


 &savelist
        itsave(1,1)=0
        itsave(1,2)=0
        dtsave_log=3.1557600d7   ! 1 year 3.1557600d6 = 0.1 yr
	!ditsave_log =50
        dtsave_dat=  3.1557600d9! 100 yr!6.31152d8!20 yrs !1.57788000d9!50 yrs !3.1557600d9! 1 yrdensitys  1.57788000d8!5 yrs !3.1557600d7   ! 100 year; 3.1557600d7 = 1 yr
        !ditsave_dat =1
 /

        ditsave_log = 1
        ditsave_dat =1
        dtsave_dat =21.08

 &stoplist

        dtmin=1.0d-13
        !time_max= 99d15 ! years
        time_max=  3.15576d11 ! 10000 yrs 1.26e10! 400 yrs !3.786912d10! 1200 yrs ! 1.90607904d10!604 yrs ! 1.893456d10!600 yrs ! 3.15576d10! 1000yrs!6.31152d10! 2000 yrs ! 3.15576d11! 10000yrs ! 1.262304d10!400yrs!3.15576d9!3.15576d10! 1000yrs  !1.893456e11!600yrs!!9.46728d9!300yrs!6.311520000d9!7.8894d9!9.46728d9!7.8894d9 ! in s from years : 7.8894d9 = 250 yrs
        !it_max=10


/
  reset_it=.true.

          it_init=0






 &methodlist
        time_integrator          =  'twostep'
        typepred1                =  20*'hllcd'!>>HH4647 !'hllcd'!si vraiment ça ne marche pas, essayer :! 'hll'! si au bord persiste des problemes, essayer : ! 'tvdlf'
        flux_scheme              =  20*'hllcd'!,18*'tvdlf'!>>HH4647 !'hllcd'!si vraiment ça ne marche pas, essayer :! 'hll'! si au bord persiste des problemes, essayer : ! 'tvdlf'
        limiter                  =  20*'minmod'!>>HH4647 !'koren'!'cada3'
        small_pressure           = 1.0d-9
        small_density            = 1.0d-8
        small_values_method      =  'average'
        small_values_daverage    = 8

        check_small_values       = .true.
        small_values_force_floor = .true.
        loglimit(1) = .false.


 /
         loglimit(4) = .true.
         loglimit(1)            = .true.
         loglimit(5)            = .true.
         loglimit(6)            = .true.
         loglimit(7)            = .true.
        tvdlfeps=0.5d0

 &boundlist
        internalboundary  = .true.
        nghostcells       = 4
        !                     RHO,   Vr,     Vz,   Vphi,   P,     traceur1,traceur2
        typeboundary_min1 =  'symm','asymm','symm','asymm','symm',2*'symm'!, ! C.L. gauche <=> rmin
        typeboundary_max1 =  7*'cont'                                    ! C.L. droite <=> rmax
        typeboundary_min2 =  7*'special'!'symm','symm','limitinflow','symm','symm',2*'symm'!'symm','symm','asymm','symm','symm',2*'symm'!                                    ! C.L. inférieure <=> zmin
        typeboundary_max2 =  7*'cont'                                        ! C.L. supérieure <=> zmax                                      ! C.L. supérieure <=> zmax

/
        typeboundary_max3 = 8*'cont'                                         ! C.L. arrière <=> phi/profondeur max
        typeboundary_min3 = 8*'cont'                                         ! C.L. avant <=> phi/profondeur min
 /

 &meshlist
        ! grid at level 1
        ! if  geometry in use in 2D is usrconfig%coordinate_system   = 'cylindrical_2D' or 'cylindrical_2.5D'         
        ! always make sure that xprobmin1=R>=0 since the code treats any xprobmin<0 grid as a cartesian grid and thus
        ! introduces non-physical behaviour since the code treats the spatial indexes as in the cartesian case, thus creating
        ! non-physical solutions
        ! if you wand to treat xprobmin1 <0, switch to Cartesian coordinates, with the disadvantage of not being able to simply treat rotation along phi
        ! (need to convert from phi to z)
        xprobmin1 =  0.0d0    ! cm
        xprobmax1 =  3.0d17! <--- r_max=3.0d17
        xprobmin2 =  0.0d0    ! cm
        xprobmax2 =  3.0d17! <--- z_max=3.0d17

        ! total cell at level 1
        domain_nx1= 240! <---dr=1.25e15 cm at lvl 1
        domain_nx2= 240! <---dr=1.25e15 cm at lvl 1
        ! number of cell by block
        block_nx1 = 8!8!
        block_nx2 = 8!8!

        ! AMR configuration
        refine_criterion=3
        refine_max_level=5 !<--- dr=dz=7.8125e13 cm au lvl 5
        refine_threshold=20*0.01d0
        derefine_ratio=20*1d-3
      !  w_refine_weight(1)=0.25d0
      !  w_refine_weight(2)=0.25d0
      !  w_refine_weight(3)=0.25d0
        w_refine_weight(9)=1.0d0

        max_blocks = 200000
        ! can be added when is needed
        prolongprimitive= .true.
        coarsenprimitive= .true.
        /







 /
        stretched_grid    = .true.
        stretched_dim(1)  = .true.
        stretched_dim(2)  = .true.
        itfixgrid =0

 &paramlist
        typecourant         = 'maxsum'
        courantpar          = 0.8d0
        slowsteps           = 1500
        small_getdt_average = .true.
        small_dt_coef       = 1.0d-5
 /

  &hd_list
         hd_energy            = .true. !non-adiabatic: enables energy solving
         hd_gamma             = 1.666666667
         SI_unit              = .false.  ! use cgs
         He_abundance         = 0.1d0                     !

         hd_dust              = .false.   ! dust off
         hd_radiative_cooling = .true. !>>HH4647 .false.!.true.    ! cooling on
         hd_gravity	       = .false. !>>HH4647 .false.!.true.    ! gravity on
         hd_gravity_hse       = .false. !>>HH4647 .false.!.true.    ! gravity on         
         hd_gravity_hse_scheme= 'twoorderpert'!options:'zerothorder','firstorder','twoordernohse','twoordernopert','twoorderpert','twoorderpert2'
         hd_use_gravity_g = .false.
         hd_chemical          = .false.   ! use chemical
         hd_n_tracer          = 2
         hd_mean_mup_on       = .true. !>>HH4647 .true.
         hd_chemical_gas_type = 'fullyatomic'
   /

  &grav_list 
  	grav_split=.false.
   /

 !'MLcosmol' : 'Use Mellema & Lundqvist (2002) cooling curve for zero metallicity '
 !'SPEX_DM'  : 'Use SPEX cooling curve for solar metallicity above 10^4 K. At lower temperatures,use Dalgarno & McCray (1972), with a pre-set ionization fraction of 10^-3 as described by Schure et al. (2009). '
   &rc_list
         ncool            = 4000
         coolcurve        = 'SPEX_DM'!'MLcosmol' !
         coolmethod       = 'exact'
         cfrac            = 1.d0
         Tfix             = .false.
         tlow             = 110 !<--- T_low = 110 K comme limite inférieure de la table de cooling afin d'éviter que le jet à 100 K ne se mette à refroidir par radiative cooling, ce qui serait non-physique
         coolsaveL        = .true.
         coolsavedT       = .true.
         He_abundance = 0.1d0
         rc_chemical_gas_type = 'fullyatomic'
   /


 &dust_list
     dust_n_species           = 2
     dust_min_rho             = 1.0d-10
     gas_mu                   = 1.0d0
     dust_method              = 'Kwok'
     dust_small_to_zero       = .true.
     dust_temperature         = 1.0d0
     dust_temperature_type    = 'silicate'
     dust_source_split        = .false.
     dust_it_diff             = 50000
   /





 &usr_list
        usrconfig%ism_on              = .true.                      !> set ism
        usrconfig%cloud_on            = .false.                      !> set cloud
        usrconfig%cloud_structure     = 2                           !> cloud structure type
        usrconfig%jet_yso_on          = .true. !>>HH4647.false.!.false.!.false.!                      !> set a jet
        usrconfig%physunit_on         = .true.                      !> set the normalisation in use
        usrconfig%reset_medium        = .true.                      !> set on the reset
        usrconfig%coordinate_system   = 'cylindrical_2.5D'            !> geometry in use in 2D
        usrconfig%phys_inuse          = 'hd' !'mhd' ! set physique want to be used

        usrconfig%phys_isotherm_on              = .false.!>>HH4647.true. ! use isotherme
        usrconfig%reset_flux_scheme_on          = .true.
        usrconfig%reset_flux_scheme_diffuse     = 'tvdlf'
        usrconfig%reset_flux_scheme_thresholdL1_min = 1.0d-6
        usrconfig%reset_flux_scheme_thresholdL1_max = 1.0d20


 /




&usr_physical_unit_list
 phys_unit%unit                  = 'cgs'
 phys_unit%length                = 1.496d14                 ! cm (1 parsec) : par defaut = 1.496d14
 phys_unit%time                  = 3d8                      ! s (2 year) : par defaut = 3d10
 phys_unit%number_density        = 1.0d-6 !>>HH4647                      ! cm^-3 : par defaut = 1.0d8 (1.0d5 pour un milieu ambiant tres peu dense, e.g. a 100cm-3)                      ! cm^-3 : par defaut = 1.0d8 (1.0d5 pour un milieu ambiant tres peu dense, e.g. a 100cm-3)
 phys_unit%chemical_He_abundance = 0.1d0
 phys_unit%chemical_gas_type = 'fullyatomic'
/

!11/12/19 : pour ISM et le projet n°1 de Sylvie Cabrit sur son article de 1997, les paramètres ci-dessous pour l'ISM ont été testés
!et fixées aux valeurs recommandées et correspondant le mieux à la simulation de l'article
 &usr_ism_list
  ism_config%unit               ='cgs'
  ism_config%density            = 1.6d-18         !Li & Shu et 1996b ism density if it set to 0 it will use number_density
  ism_config%number_density     = 0.0d0  !>>HH4647  !2.95d9    !1.0d2     !4.44d6     ! Zheng19 = 2.95d9 cm-3 ! ism number density (1/cm^3) ) of protons n_H = facteur rho_j (e.g. = 100 cm-3) physique dans l'expression du profil de densité rho_c du milieu ambiant
                                            ! and w(ixO^S,phys_ind%rho_)        =  self%myconfig%density = = self%myconfig%number_density*mp = rho_h the mass density of protons
                                            ! si tu l'augmentes e.g. a number_density=1.0d3,
                                            !la valeur rho_c=rho_j de densité au niveau de la frontière inférieure ISM augmente d'un facteur 10
  ism_config%velocity(1)        = 0.0       ! ism  speed components (cm/s) R/X : 0.0 = milieu statique
  ism_config%velocity(2)        = 0.0!5.d8     ! ism  speed components (cm/s) Z : 0.0 = milieu statique
  ism_config%velocity(3)        = 0.0       ! ism  speed components (cm/s)  Y : 0.0 = milieu statique
  ism_config%Mach_number_tomov_obj= 0.0       ! ism  speed components (cm/s)  Y : 0.0 = milieu statique
  ism_config%temperature        = 100.0d0  !<---T_a = 100 K temperature typique
  ism_config%pressure           = 0.0d0     !1.3806485199999997d-12! ism pressure if is set to 0 it will use temperature : äraview trouve a T=100 K et rho_j=100 cm-3 >>> p_j = 2.71055e-12 Ba
  ism_config%tracer_on          = .true.    ! ism tracer
  ism_config%tracer_init_density= 1.0d9!1.0d3     ! ism tracer density
  ism_config%tracer_small_density  =  1.0d-15!1.0d-5

  ism_config%reset_on           = .false.    ! ism reset
  ism_config%reset_coef         = 0.0! 0.0     ! ism reset  coefficient : 19-03-2021 --> don't use it ! it creates bugs when >0.0d0
  ism_config%reset_dtemperature = 1.0d-6    !> set the pressure variation
  ism_config%reset_distance(2)  =  1.01d18  ! ism rest distance
  ism_config%reset_scale(2)     =  5d16     ! ism reset scalling distance

  !ism_config%boundary_cond(1,1) = 'axis'  
  ism_config%boundary_cond(2,1) = 'fix'!'limitinflow'!'limitinflowdisc'!'disc'!'fix'!'fix'!'limitoutflow' ! <<<<<!>>>>> : to enable this feature : you need to check that typeboundary_min{idims} (or typeboundary_max{idims}) is set to 7*'special'


  ism_config%nghostcells(1)        = 4
  ism_config%nghostcells(2)        = 4
  ism_config%flux_frac          = 9.0d-1
  ism_config%useprimitive       = .true. 
  ism_config%escapencells(1)       = 20
  ism_config%escapencells(2)       = 20    
  ! Use :
  !  - ism_config%mixed_fixed_bound(idims,iside,index) to 'fix' the index-th flux variable w(ixG^S,index) on top of the above boundary conditions:
  !  - (idims,iside) = (direction along which are set the boundary conditions,side i=1=min or i=2=max of the direction along which the bc is applied)
  !  - <<<<<!>>>>> : to enable this feature, you need to check that typeboundary_min{idims} (or typeboundary_max{idims}) is set to 7*'special'
  !  - index:
  ! 	* 1 : rho
  ! 	* 2 : v1 =  v_R in cylindrical coordinates
  ! 	* 3 : v2 =  v_Z in cylindrical coordinates
  ! 	* 4 : v3 =  v_phi in cylindrical coordinates  
  ! 	* 5 : p (or e for conservative variables) only when hd_energy==.true.
  ! 	* 6,7 (or resp. 5,6) : tracers when hd_energy==.true. (resp. hd_energy==.false.)
  !
  ! - By default, all ism_config%mixed_fixed_bound(2,1,index) are .false., so that only the above boundary conditions are considered !
  
  !ism_config%mixed_fixed_bound(2,1,1) = .true.
  !ism_config%mixed_fixed_bound(2,1,2) = .true.
  !ism_config%mixed_fixed_bound(2,1,3) = .true.
  !ism_config%mixed_fixed_bound(2,1,4) = .false.
  !ism_config%mixed_fixed_bound(2,1,5) = .true.
  !ism_config%mixed_fixed_bound(2,1,6) = .true.
  !ism_config%mixed_fixed_bound(2,1,7) = .true.
  !ism_config%boundary_cond(2,2) = 'fix'!'limitoutflow'!> ce truc ne sert à rien à moins que typeboundary_max2 = 7*'special'
  ism_config%boundary_on        = .true.
!  ism_config%debug        	 = .false. ! use it as .true. to debug user module mod_obj_ism.t


ism_config%profile_typeaxial  = 'spherical'!'projection_direction'
ism_config%profile_idir       = 1.0,0.0,0.0       !z=2,r=1  !  ism profile direction

ism_config%profile_center     = 0,0,0

ism_config%profile_density_on = .true. ! Zheng=True ! .false. ! .true. ! ISM set density profile
ism_config%profile_pressure_on= .true. ! Zheng=True ! .false. !.true.
ism_config%theta_floored      = 0.0d0
ism_config%profile_force_on   = .false.!.false. ! Zheng=True  !.true.!.false.!.true. ! .false. ! ISM set force profile
ism_config%profile_force_gradP_on = .false.!.false.
ism_config%weight_mean = 'arithmetic'
ism_config%weight_analy = 1.0d0
ism_config%weight_num = 0.0d0
ism_config%weight_mean_variable = 'default'!'minus_density_grad'
ism_config%profile_rw_force = 2.5d16
ism_config%weight_num_index = 1.0d0
ism_config%weight_analy_index = 1.0d0
ism_config%profile_density    = 'Lee2001'!'Ulrich1976'!'Ulrich1976'!'Lee2001'!'Ulrich1976'!>>HH4647'cabrit1997' ! Zheng19 = 'cabrit1997' !ISM density profile
ism_config%profile_jspec = 8.0782850178d20!20       !> ISM envelope specific angular momentum
ism_config%profile_Minf  = 2.5203562637184713d20 !> ISM envelope infalling mass-loss rate on the protostar
ism_config%profile_Mstar = 8.94784441814123d32   !> central objet or protostar mass

ism_config%profile_zc    = 1.0d16!4.49d14 ! 1.0d16 !4.49d14 ! Zheng19 = 30 au = 4.49d14 cm :  grandeur de normalisation dans le profil de pression/densite (en cm)
ism_config%profile_rw    = 2.5d15 !> ISM reference radius for Lee 2001 profile (in cm)
ism_config%profile_kappa    = 2.0d0 ! Zheng19 = 2 ! indice kappa pour la loi de densité et de pression : 'cabrit1997' <=> kappa=2
ism_config%profile_shiftstart = 0.00d0 !>>HH4647 3.33d14 ! 3.33d14 ! 1.0d15 ! the distance from which the ISM profile is set

ism_config%chemical_gas_type = 'fullyatomic'!>>HH4647'fullyatomic'
ism_config%He_abundance      = 0.1
/

&usr_usrboundary_ism_list
  !usrboundary_config%boundary_type(1,1) = 'axis'
  usrboundary_config%boundary_type(2,1) = 'fix'!'limitinflow'!'limitinflowdisc'!'disc'
  usrboundary_config%boundary_type(2,2) = 'open'
  usrboundary_config%useprimitive       = .true.
  !usrboundary_config%special_origin_theta       = .true.
  !usrboundary_config%nghostcells(1)        = 2
  !usrboundary_config%nghostcells(2)        = 2
  usrboundary_config%flux_frac          = 9.0d-1
  usrboundary_config%ngc          = 9
  usrboundary_config%RHS          = 0
  usrboundary_config%LHS          = 0
/

!11/12/19 : pour le jet et le projet n°1 de Sylvie Cabrit sur son article de 1997, les paramètres ci-dessous pour le jet ont été testés
!et fixées aux valeurs recommandées et correspondant le mieux à la simulation de l'article
&usr_cla_jet_list
    cla_jet_config%unit                  =  'cgs' !> physical unit at parameter file
    cla_jet_config%time_cla_jet_on       =  0.0d0 !> initial time the cla_jet is set in the simulation box

    cla_jet_config%myindice              =  0       !> cla_jet associated indice
    cla_jet_config%density               =  1.795963442083303d-19!<-------Fm=0.6e-7 Msun/yr

    cla_jet_config%number_density        =  0.0d0
    cla_jet_config%temperature           =  100.0d0  !>>HH4647 !> cla_jet temperature  (K)
    cla_jet_config%pressure              =  0.0d0   !> cla_jet pressure
    cla_jet_config%pressure_toism        =  0.0d0   !> cla_jet pressure relative to ism pressure
    cla_jet_config%magnetic(1)           =  0.0d0   !> cla_jet magnetic field components : 0.0d0 = HD
    cla_jet_config%magnetic(2)           =  0.0d0   !> cla_jet magnetic field components : 0.0d0 = HD
    cla_jet_config%magnetic(3)           =  0.0d0   !> cla_jet magnetic field components : 0.0d0 = HD
    cla_jet_config%xisigma               =  0.0d0   !> cla_jet magnetisation : 0.0d0 = HD
    cla_jet_config%magn_anglePHItoPol    =  0.0d0   !> cla_jet magnetisation field incl : 0.0d0 = HD

    cla_jet_config%Mach_number           =  0.0!250.0d0   !> cla_jet  Mach number : Par défaut : Ma = 20
    cla_jet_config%c_sound               =  0.0d0   !> cla_jet  sound speed (cm/s)
    cla_jet_config%velocity(1)           =  0.0d0   !> cla_jet  velocity (radial speed)(cm/s)
    cla_jet_config%velocity(2)           =  1.2d7 !
    cla_jet_config%velocity(3)           =  0.0d0   !> cla_jet  velocity (rotation speed)(cm/s)
    cla_jet_config%velocity_poloidal     =  1.2d7 !<--- norme du vecteur vitesse au niveau de l'inlet du jet
    cla_jet_config%power                 =  0.0d0   !> wind power flux
    cla_jet_config%mass_flux             =  0.0d0   ! 3.15e19 ! flux en H+H^++H2 1.13d21 !1.89d18 ! grammes/s>>>Zhang19 = 0.3e-7 Msun/yr  0.0!9.8525563d16!1.9705112501213315d17!1.3136741667475542d17!!   !> wind mass flux : cabrit1997 = 1.3136741d17 à Vjet = 100 km/s et 1.9705111e+17 à Vjet = 150 km/s (Vjet = 150 km/s ne marche qu a basse resolution de maillage)
                                            ! c'est par l'imposition de cla_jet_config%mass_flux et de cla_jet_config%velocity(2) que la densité est alors imposée à l'intérieur du jet
                                            ! pour avoir :
                                            ! * Vjet = 100 km/s, R_jet = 0.5e16 cm et n_jet = 100 cm-3 >>> mass_flux = 1.3136741667475542e+17 g / s
                                            ! * Vjet = 150 km/s, R_jet = 0.5e16 cm et n_jet = 100 cm-3 >>> mass_flux = 1.9705112501213315e+17 g / s
                                            ! * Vjet = 150 km/s, R_jet = 0.5e16 cm et n_jet = 50 cm-3 >>> mass_flux = 9.8525563e+16 g / s

    cla_jet_config%open_angle            = 3.0d0 !>>HH4647 !>  cla_jet initial open angle  (degre): 0.0d0 = jet droit cylindrique
    cla_jet_config%z_in                  =  -46.275d18 !> cla_jet inner boundary position
    cla_jet_config%variation_n_cells     = 2
    cla_jet_config%z_impos               =  8.22d14 !
    cla_jet_config%z_out_init            =  8.30d14 !
    cla_jet_config%r_out_init            =  7.47d14! <--- 50 UA
    cla_jet_config%r_out_impos           =  7.47d14! <--- 50 UA

    cla_jet_config%r_in_init             =  0.0 !-7.48d14 !> cla_jet inner jet  region : position de la limite gauche du jet en coordonnées cylindriques : à tenir compte dans le calcul de la surface d'éjection du jet et donc du calcul du flux de masse ejectée

    cla_jet_config%tracer_on             =  .true. !> cla_jet logical to set tracer
    cla_jet_config%tracer_init_density   =  1.0d9!> cla_jet tracer density
    cla_jet_config%tracer_small_density  =  1.0d-15!> cla_jet tracer small density
    cla_jet_config%shape                 =  'conical'  !> cla_jet shape
    cla_jet_config%profile               =  'none'  !> cla_jet profile


    cla_jet_config%variation_on          =  .true. ! Zhang19 .false. !.true.! to set on  or off the jet-injection in-real-time velocity variability
    cla_jet_config%density_variation_on  =  .true. !<----- vary mass-loss rate !> cla_jet density variation switch
    cla_jet_config%pressure_variation_on =  .true. !<----- vary constant jet temperature !> cla_jet pressure variation switch : enables constant temperature in the jet inlet
    cla_jet_config%density_variation_profile =  'conserved_mflux' !<----- which variability apply to pressure and/or pressure
    cla_jet_config%variation_start_time  =  0.0d0 !time (in s in cgs) at which to begin the time variability : 0.0 to begin at the start of the simulation
    cla_jet_config%variation_end_time    =  4d15
    cla_jet_config%variation_velocity_amplitude =  1.2d7 !<--- norme du vecteur vitesse au niveau de l'inlet du jet (aux yeux du code, c'est une autre variable qu'on a oublié, surtout moi, de retirer quand on a rajouté   le paramètre cla_jet_config%velocity_poloidal en ouvrant le jet, donc par sécurité, comme je ne sais pas si on l'utilise toujours ailleurs, fixons la même valeur qu'au-dessus)
    cla_jet_config%variation_velocity_poloidal =  6.0d6 !<------ variation de la norme du vecteur vitesse du jet
    cla_jet_config%variation_velocity(1) =  0.0d0
    cla_jet_config%variation_velocity(2) =  6.0d6 !<------ variation de la norme du vecteur vitesse du jet
    cla_jet_config%variation_velocity(3) =  0.0d0
    cla_jet_config%variation_time        =  9.46728d9!<---- 300 ans
    cla_jet_config%variation_position    =  0.0d0,8.22d14 ,0.0d0!0.0d0,8.22d14 ,0.0d0 !>>HH4647 !0.0d0, 1d15 ,0.0d0 !0.0d0, 1.495978707d14,0.0d0 ! = 0,10 au,0position (in 3d : if cylindrical : phi = 3, z=2, r=1) under which is set the time variability : default = 0,3d15,0
    cla_jet_config%variation_type        =  'sawtooth2' !
    cla_jet_config%variation_phys_nvariable   = 1  ! number of physical variable with variation
    cla_jet_config%variation_phys_variable(1) =  3 ! 3 mean the velocity in Z direction

    cla_jet_config%refine_min_level      = 5
    cla_jet_config%chemical_gas_type     = 'fullyatomic' !>>HH4647



/
 ---------------------------------------------------------------------------
 ---------------------------------------------------------------------------
 |         __  __ ____ ___        _    __  __ ______     ___    ____       |
 |        |  \/  |  _ \_ _|      / \  |  \/  |  _ \ \   / / \  / ___|      |
 |        | |\/| | |_) | |_____ / _ \ | |\/| | |_) \ \ / / _ \| |          |
 |        | |  | |  __/| |_____/ ___ \| |  | |  _ < \ V / ___ \ |___       |
 |        |_|  |_|_|  |___|   /_/   \_\_|  |_|_| \_\ \_/_/   \_\____|      |
 --------------------------------------------------------------------------
 ---------------------------------------------------------------------------
  End of reading of the usr_list
  End of reading of the hd_list
  End of reading of the rc_list
 Reading usr_list
  End of reading of the usr_list
 Reading usr_physical_values_list
 Reading usr_ism_list
 End of Reading 
 usr_ismlist0                                                                  
 Reading usr_boundary_list           1 
 boundary                                                                      
 End of Reading 
 usr_boundarylist1                                                             
 Reading usr_cla_jet_list
  End of reading of the hd_list
  End of reading of the rc_list
 Use SPEX cooling curve for solar metallicity above 10^4 K. 
 At lower temperatures,use Dalgarno & McCray (1972), 
 with a pre-set ionization fraction of 10^-3. 
 as described by Schure et al. (2009). 
 Reading Kappeli2016.par
 End par file read
 
 Output type | dtsave    | ditsave | itsave(1) | tsave(1)
         log | 0.105E+00 | ******  |      0    | *********
      normal | 0.105E+02 | ******  |      0    | *********
       slice | ********* | ******  | ******    | *********
   collapsed | ********* | ******  | ******    | *********
    analysis | ********* | ******  | ******    | *********
 
                 typelimited: predictor                                                                                                                          
         Domain size (cells): 240 240 
                Level one dx: 0.836E+01 0.836E+01 
           Refine estimation: Lohner's scheme
                   slicenext: 0
                collapsenext: 0
           restart_from_file:  undefined
                  converting: F

  End of reading of the usr_list
  End of reading of the hd_list
  End of reading of the rc_list
  End of reading of the usr_list
  End of reading of the hd_list
  End of reading of the rc_list
  End of reading of the usr_list
  End of reading of the hd_list
  End of reading of the rc_list
  End of reading of the usr_list
  End of reading of the hd_list
  End of reading of the rc_list
  End of reading of the usr_list
  End of reading of the hd_list
  End of reading of the rc_list
  End of reading of the usr_list
  End of reading of the hd_list
  End of reading of the rc_list
  End of reading of the usr_list
  End of reading of the hd_list
  End of reading of the rc_list
  End of reading of the usr_list
  End of reading of the hd_list
  End of reading of the rc_list
  End of reading of the usr_list
  End of reading of the hd_list
  End of reading of the rc_list
  End of reading of the usr_list
  End of reading of the hd_list
  End of reading of the rc_list
  End of reading of the usr_list
  End of reading of the hd_list
  End of reading of the rc_list
  End of reading of the usr_list
  End of reading of the hd_list
  End of reading of the rc_list
  End of reading of the usr_list
  End of reading of the hd_list
  End of reading of the rc_list
  End of reading of the usr_list
  End of reading of the hd_list
  End of reading of the rc_list
  End of reading of the usr_list
  End of reading of the hd_list
  End of reading of the rc_list
  End of reading of the usr_list
  End of reading of the hd_list
  End of reading of the rc_list
  End of reading of the usr_list
  End of reading of the hd_list
  End of reading of the rc_list
  End of reading of the usr_list
  End of reading of the hd_list
  End of reading of the rc_list
  End of reading of the usr_list
  End of reading of the hd_list
  End of reading of the rc_list
  End of reading of the usr_list
  End of reading of the hd_list
  End of reading of the rc_list
  End of reading of the usr_list
  End of reading of the hd_list
  End of reading of the rc_list
  End of reading of the usr_list
  End of reading of the hd_list
  End of reading of the rc_list
  End of reading of the usr_list
  End of reading of the hd_list
  End of reading of the rc_list
  End of reading of the usr_list
  End of reading of the hd_list
  End of reading of the rc_list
  End of reading of the usr_list
  End of reading of the hd_list
  End of reading of the rc_list
  End of reading of the usr_list
  End of reading of the hd_list
  End of reading of the rc_list
  End of reading of the usr_list
  End of reading of the hd_list
  End of reading of the rc_list
  End of reading of the usr_list
  End of reading of the hd_list
  End of reading of the rc_list
  End of reading of the usr_list
  End of reading of the hd_list
  End of reading of the rc_list
  End of reading of the usr_list
  End of reading of the hd_list
  End of reading of the rc_list
  End of reading of the usr_list
  End of reading of the hd_list
  End of reading of the rc_list
  End of reading of the usr_list
  End of reading of the hd_list
  End of reading of the rc_list
  End of reading of the usr_list
  End of reading of the hd_list
  End of reading of the rc_list
  End of reading of the usr_list
  End of reading of the hd_list
  End of reading of the rc_list
  End of reading of the usr_list
  End of reading of the hd_list
  End of reading of the rc_list
  End of reading of the usr_list
  End of reading of the hd_list
  End of reading of the rc_list
  End of reading of the usr_list
  End of reading of the hd_list
  End of reading of the rc_list
  End of reading of the usr_list
  End of reading of the hd_list
  End of reading of the rc_list
  End of reading of the usr_list
  End of reading of the hd_list
  End of reading of the rc_list
  End of reading of the usr_list
  End of reading of the hd_list
  End of reading of the rc_list
  End of reading of the usr_list
  End of reading of the hd_list
  End of reading of the rc_list
  End of reading of the usr_list
  End of reading of the hd_list
  End of reading of the rc_list
  End of reading of the usr_list
  End of reading of the hd_list
  End of reading of the rc_list
  End of reading of the usr_list
  End of reading of the hd_list
  End of reading of the rc_list
  End of reading of the usr_list
  End of reading of the hd_list
  End of reading of the rc_list
  End of reading of the usr_list
  End of reading of the hd_list
  End of reading of the rc_list
 1)the jet radius =    747000000000000.     
 2)the jet radius =    820312500000000.     
 the jet self%myconfig%r_out_init =    820312500000000.     
 jet shape conical             
 jet shape conical             
 jet typeaxial 
 cylindrical                                                                    
                                                     
 the jet Surface =   0.000000000000000E+000
 the jet open_angle =    3.00000000000000     
 the jet open_angle_in =   0.000000000000000E+000
 the jet z0 =   1.565249493915205E+016
 the jet jet_radius_out_init =   1.567397557793927E+016
 jet typeaxial 
 cylindrical                                                                    
                                                     
 the jet Surface =   2.115466860209846E+030
 1)the jet radius =    747000000000000.     
 2)the jet radius =    820312500000000.     
 the jet self%myconfig%r_out_init =    820312500000000.     
 jet shape conical             
 jet shape conical             
 jet typeaxial 
 cylindrical                                                                    
                                                     
 the jet Surface =   0.000000000000000E+000
 the jet open_angle =    3.00000000000000     
 the jet open_angle_in =   0.000000000000000E+000
 the jet z0 =   1.565249493915205E+016
 the jet jet_radius_out_init =   1.567397557793927E+016
 jet typeaxial 
 cylindrical                                                                    
                                                     
 the jet Surface =   2.115466860209846E+030
 1)the jet radius =    747000000000000.     
 2)the jet radius =    820312500000000.     
 the jet self%myconfig%r_out_init =    820312500000000.     
 jet shape conical             
 jet shape conical             
 jet typeaxial 
 cylindrical                                                                    
                                                     
 the jet Surface =   0.000000000000000E+000
 the jet open_angle =    3.00000000000000     
 the jet open_angle_in =   0.000000000000000E+000
 the jet z0 =   1.565249493915205E+016
 the jet jet_radius_out_init =   1.567397557793927E+016
 jet typeaxial 
 cylindrical                                                                    
                                                     
 the jet Surface =   2.115466860209846E+030
 1)the jet radius =    747000000000000.     
 2)the jet radius =    820312500000000.     
 the jet self%myconfig%r_out_init =    820312500000000.     
 jet shape conical             
 jet shape conical             
 jet typeaxial 
 cylindrical                                                                    
                                                     
 the jet Surface =   0.000000000000000E+000
 the jet open_angle =    3.00000000000000     
 1)the jet radius =    747000000000000.     
 2)the jet radius =    820312500000000.     
 the jet open_angle_in =   0.000000000000000E+000
 the jet z0 =   1.565249493915205E+016
 the jet jet_radius_out_init =   1.567397557793927E+016
 jet typeaxial 
 the jet self%myconfig%r_out_init =    820312500000000.     
 jet shape conical             
 jet shape conical             
 jet typeaxial 
 cylindrical                                                                    
                                                     
 the jet Surface =   0.000000000000000E+000
 the jet open_angle =    3.00000000000000     
 cylindrical                                                                    
                                                     
 the jet Surface =   2.115466860209846E+030
 the jet open_angle_in =   0.000000000000000E+000
 the jet z0 =   1.565249493915205E+016
 the jet jet_radius_out_init =   1.567397557793927E+016
 jet typeaxial 
 cylindrical                                                                    
                                                     
 the jet Surface =   2.115466860209846E+030
 1)the jet radius =    747000000000000.     
 1)the jet radius =    747000000000000.     
 2)the jet radius =    820312500000000.     
 the jet self%myconfig%r_out_init =    820312500000000.     
 jet shape conical             
 jet shape conical             
 jet typeaxial 
 cylindrical                                                                    
                                                     
 1)the jet radius =    747000000000000.     
 2)the jet radius =    820312500000000.     
 the jet self%myconfig%r_out_init =    820312500000000.     
 jet shape conical             
 jet shape conical             
 the jet Surface =   0.000000000000000E+000
 the jet open_angle =    3.00000000000000     
 the jet open_angle_in =   0.000000000000000E+000
 jet typeaxial 
 cylindrical                                                                    
                                                     
 the jet Surface =   0.000000000000000E+000
 the jet open_angle =    3.00000000000000     
 the jet open_angle_in =   0.000000000000000E+000
 the jet z0 =   1.565249493915205E+016
 the jet jet_radius_out_init =   1.567397557793927E+016
 jet typeaxial 
 the jet z0 =   1.565249493915205E+016
 the jet jet_radius_out_init =   1.567397557793927E+016
 jet typeaxial 
 cylindrical                                                                    
                                                     
 the jet Surface =   2.115466860209846E+030
 cylindrical                                                                    
                                                     
 the jet Surface =   2.115466860209846E+030
 2)the jet radius =    820312500000000.     
 the jet self%myconfig%r_out_init =    820312500000000.     
 jet shape conical             
 jet shape conical             
 jet typeaxial 
 cylindrical                                                                    
                                                     
 the jet Surface =   0.000000000000000E+000
 the jet open_angle =    3.00000000000000     
 the jet open_angle_in =   0.000000000000000E+000
 the jet z0 =   1.565249493915205E+016
 1)the jet radius =    747000000000000.     
 the jet jet_radius_out_init =   1.567397557793927E+016
 jet typeaxial 
 cylindrical                                                                    
                                                     
 the jet Surface =   2.115466860209846E+030
 2)the jet radius =    820312500000000.     
 1)the jet radius =    747000000000000.     
 2)the jet radius =    820312500000000.     
 the jet self%myconfig%r_out_init =    820312500000000.     
 jet shape conical             
 jet shape conical             
 jet typeaxial 
 cylindrical                                                                    
                                                     
 the jet Surface =   0.000000000000000E+000
 the jet open_angle =    3.00000000000000     
 the jet open_angle_in =   0.000000000000000E+000
 1)the jet radius =    747000000000000.     
 2)the jet radius =    820312500000000.     
 the jet z0 =   1.565249493915205E+016
 the jet jet_radius_out_init =   1.567397557793927E+016
 jet typeaxial 
 the jet self%myconfig%r_out_init =    820312500000000.     
 jet shape conical             
 jet shape conical             
 jet typeaxial 
 cylindrical                                                                    
                                                     
 the jet Surface =   0.000000000000000E+000
 the jet open_angle =    3.00000000000000     
 cylindrical                                                                    
                                                     
 the jet Surface =   2.115466860209846E+030
 the jet open_angle_in =   0.000000000000000E+000
 the jet z0 =   1.565249493915205E+016
 the jet jet_radius_out_init =   1.567397557793927E+016
 jet typeaxial 
 cylindrical                                                                    
                                                     
 the jet Surface =   2.115466860209846E+030
 the jet self%myconfig%r_out_init =    820312500000000.     
 jet shape conical             
 1)the jet radius =    747000000000000.     
 2)the jet radius =    820312500000000.     
 the jet self%myconfig%r_out_init =    820312500000000.     
 jet shape conical             
 jet shape conical             
 jet shape conical             
 jet typeaxial 
 cylindrical                                                                    
                                                     
 the jet Surface =   0.000000000000000E+000
 the jet open_angle =    3.00000000000000     
 the jet open_angle_in =   0.000000000000000E+000
 the jet z0 =   1.565249493915205E+016
 the jet jet_radius_out_init =   1.567397557793927E+016
 1)the jet radius =    747000000000000.     
 2)the jet radius =    820312500000000.     
 jet typeaxial 
 cylindrical                                                                    
                                                     
 the jet Surface =   2.115466860209846E+030
 the jet self%myconfig%r_out_init =    820312500000000.     
 jet shape conical             
 jet shape conical             
 jet typeaxial 
 cylindrical                                                                    
                                                     
 the jet Surface =   0.000000000000000E+000
 the jet open_angle =    3.00000000000000     
 the jet open_angle_in =   0.000000000000000E+000
 1)the jet radius =    747000000000000.     
 2)the jet radius =    820312500000000.     
 the jet self%myconfig%r_out_init =    820312500000000.     
 jet shape conical             
 jet shape conical             
 jet typeaxial 
 cylindrical                                                                    
                                                     
 the jet Surface =   0.000000000000000E+000
 the jet open_angle =    3.00000000000000     
 jet typeaxial 
 cylindrical                                                                    
                                                     
 the jet Surface =   0.000000000000000E+000
 the jet open_angle =    3.00000000000000     
 the jet open_angle_in =   0.000000000000000E+000
 the jet z0 =   1.565249493915205E+016
 the jet jet_radius_out_init =   1.567397557793927E+016
 the jet z0 =   1.565249493915205E+016
 the jet jet_radius_out_init =   1.567397557793927E+016
 jet typeaxial 
 cylindrical                                                                    
                                                     
 the jet Surface =   2.115466860209846E+030
 the jet open_angle_in =   0.000000000000000E+000
 the jet z0 =   1.565249493915205E+016
 the jet jet_radius_out_init =   1.567397557793927E+016
 jet typeaxial 
 cylindrical                                                                    
                                                     
 the jet Surface =   2.115466860209846E+030
 jet typeaxial 
 1)the jet radius =    747000000000000.     
 2)the jet radius =    820312500000000.     
 the jet self%myconfig%r_out_init =    820312500000000.     
 jet shape conical             
 jet shape conical             
 jet typeaxial 
 cylindrical                                                                    
                                                     
 the jet Surface =   0.000000000000000E+000
 the jet open_angle =    3.00000000000000     
 the jet open_angle_in =   0.000000000000000E+000
 the jet z0 =   1.565249493915205E+016
 the jet jet_radius_out_init =   1.567397557793927E+016
 jet typeaxial 
 cylindrical                                                                    
                                                     
 the jet Surface =   2.115466860209846E+030
 cylindrical                                                                    
                                                     
 the jet Surface =   2.115466860209846E+030
 1)the jet radius =    747000000000000.     
 2)the jet radius =    820312500000000.     
 1)the jet radius =    747000000000000.     
 2)the jet radius =    820312500000000.     
 the jet self%myconfig%r_out_init =    820312500000000.     
 jet shape conical             
 jet shape conical             
 jet typeaxial 
 cylindrical                                                                    
 the jet self%myconfig%r_out_init =    820312500000000.     
                                                     
 the jet Surface =   0.000000000000000E+000
 the jet open_angle =    3.00000000000000     
 the jet open_angle_in =   0.000000000000000E+000
 the jet z0 =   1.565249493915205E+016
 the jet jet_radius_out_init =   1.567397557793927E+016
 jet typeaxial 
 cylindrical                                                                    
                                                     
 the jet Surface =   2.115466860209846E+030
 1)the jet radius =    747000000000000.     
 2)the jet radius =    820312500000000.     
 the jet self%myconfig%r_out_init =    820312500000000.     
 1)the jet radius =    747000000000000.     
 2)the jet radius =    820312500000000.     
 the jet self%myconfig%r_out_init =    820312500000000.     
 jet shape conical             
 jet shape conical             
 jet typeaxial 
 cylindrical                                                                    
                                                     
 the jet Surface =   0.000000000000000E+000
 jet shape conical             
 jet shape conical             
 jet typeaxial 
 cylindrical                                                                    
                                                     
 the jet Surface =   0.000000000000000E+000
 the jet open_angle =    3.00000000000000     
 the jet open_angle_in =   0.000000000000000E+000
 the jet open_angle =    3.00000000000000     
 the jet open_angle_in =   0.000000000000000E+000
 the jet z0 =   1.565249493915205E+016
 the jet jet_radius_out_init =   1.567397557793927E+016
 the jet z0 =   1.565249493915205E+016
 the jet jet_radius_out_init =   1.567397557793927E+016
 jet typeaxial 
 cylindrical                                                                    
 jet typeaxial 
 cylindrical                                                                    
                                                     
 the jet Surface =   2.115466860209846E+030
 1)the jet radius =    747000000000000.     
 2)the jet radius =    820312500000000.     
 the jet self%myconfig%r_out_init =    820312500000000.     
 jet shape conical             
 jet shape conical             
 jet typeaxial 
 cylindrical                                                                    
                                                     
 the jet Surface =   0.000000000000000E+000
 the jet open_angle =    3.00000000000000     
 the jet open_angle_in =   0.000000000000000E+000
 the jet z0 =   1.565249493915205E+016
 1)the jet radius =    747000000000000.     
                                                     
 the jet Surface =   2.115466860209846E+030
 jet shape conical             
 jet shape conical             
 jet typeaxial 
 cylindrical                                                                    
                                                     
 the jet Surface =   0.000000000000000E+000
 the jet open_angle =    3.00000000000000     
 the jet open_angle_in =   0.000000000000000E+000
 the jet z0 =   1.565249493915205E+016
 the jet jet_radius_out_init =   1.567397557793927E+016
 jet typeaxial 
 cylindrical                                                                    
                                                     
 the jet Surface =   2.115466860209846E+030
 the jet jet_radius_out_init =   1.567397557793927E+016
 jet typeaxial 
 cylindrical                                                                    
                                                     
 the jet Surface =   2.115466860209846E+030
 1)the jet radius =    747000000000000.     
 2)the jet radius =    820312500000000.     
 the jet self%myconfig%r_out_init =    820312500000000.     
 jet shape conical             
 jet shape conical             
 jet typeaxial 
 cylindrical                                                                    
                                                     
 the jet Surface =   0.000000000000000E+000
 the jet open_angle =    3.00000000000000     
 the jet open_angle_in =   0.000000000000000E+000
 the jet z0 =   1.565249493915205E+016
 the jet jet_radius_out_init =   1.567397557793927E+016
 jet typeaxial 
 cylindrical                                                                    
                                                     
 the jet Surface =   2.115466860209846E+030
 2)the jet radius =    820312500000000.     
 1)the jet radius =    747000000000000.     
 the jet self%myconfig%r_out_init =    820312500000000.     
 jet shape conical             
 jet shape conical             
 jet typeaxial 
 cylindrical                                                                    
                                                     
 the jet Surface =   0.000000000000000E+000
 the jet open_angle =    3.00000000000000     
 the jet open_angle_in =   0.000000000000000E+000
 the jet z0 =   1.565249493915205E+016
 the jet jet_radius_out_init =   1.567397557793927E+016
 jet typeaxial 
 cylindrical                                                                    
                                                     
 the jet Surface =   2.115466860209846E+030
 2)the jet radius =    820312500000000.     
 the jet self%myconfig%r_out_init =    820312500000000.     
 jet shape conical             
 jet shape conical             
 jet typeaxial 
 cylindrical                                                                    
                                                     
 the jet Surface =   0.000000000000000E+000
 the jet open_angle =    3.00000000000000     
 the jet open_angle_in =   0.000000000000000E+000
 the jet z0 =   1.565249493915205E+016
 the jet jet_radius_out_init =   1.567397557793927E+016
 jet typeaxial 
 cylindrical                                                                    
                                                     
 the jet Surface =   2.115466860209846E+030
 1)the jet radius =    747000000000000.     
 2)the jet radius =    820312500000000.     
 the jet self%myconfig%r_out_init =    820312500000000.     
 jet shape conical             
 jet shape conical             
 jet typeaxial 
 cylindrical                                                                    
 1)the jet radius =    747000000000000.     
 2)the jet radius =    820312500000000.     
 the jet self%myconfig%r_out_init =    820312500000000.     
 jet shape conical             
 jet shape conical             
 jet typeaxial 
 cylindrical                                                                    
                                                     
 the jet Surface =   0.000000000000000E+000
 the jet open_angle =    3.00000000000000     
 the jet open_angle_in =   0.000000000000000E+000
 the jet z0 =   1.565249493915205E+016
 the jet jet_radius_out_init =   1.567397557793927E+016
 jet typeaxial 
 cylindrical                                                                    
                                                     
 the jet Surface =   2.115466860209846E+030
                                                     
 the jet Surface =   0.000000000000000E+000
 the jet open_angle =    3.00000000000000     
 the jet open_angle_in =   0.000000000000000E+000
 the jet z0 =   1.565249493915205E+016
 the jet jet_radius_out_init =   1.567397557793927E+016
 jet typeaxial 
 cylindrical                                                                    
                                                     
 the jet Surface =   2.115466860209846E+030
 1)the jet radius =    747000000000000.     
 2)the jet radius =    820312500000000.     
 the jet self%myconfig%r_out_init =    820312500000000.     
 jet shape conical             
 jet shape conical             
 jet typeaxial 
 cylindrical                                                                    
                                                     
 the jet Surface =   0.000000000000000E+000
 the jet open_angle =    3.00000000000000     
 the jet open_angle_in =   0.000000000000000E+000
 the jet z0 =   1.565249493915205E+016
 the jet jet_radius_out_init =   1.567397557793927E+016
 jet typeaxial 
 cylindrical                                                                    
                                                     
 the jet Surface =   2.115466860209846E+030
 1)the jet radius =    747000000000000.     
 1)the jet radius =    747000000000000.     
 2)the jet radius =    820312500000000.     
 the jet self%myconfig%r_out_init =    820312500000000.     
 jet shape conical             
 jet shape conical             
 jet typeaxial 
 cylindrical                                                                    
                                                     
 the jet Surface =   0.000000000000000E+000
 the jet open_angle =    3.00000000000000     
 the jet open_angle_in =   0.000000000000000E+000
 the jet z0 =   1.565249493915205E+016
 the jet jet_radius_out_init =   1.567397557793927E+016
 jet typeaxial 
 cylindrical                                                                    
                                                     
 the jet Surface =   2.115466860209846E+030
 1)the jet radius =    747000000000000.     
 2)the jet radius =    820312500000000.     
 the jet self%myconfig%r_out_init =    820312500000000.     
 jet shape conical             
 jet shape conical             
 jet typeaxial 
 cylindrical                                                                    
                                                     
 the jet Surface =   0.000000000000000E+000
 the jet open_angle =    3.00000000000000     
 the jet open_angle_in =   0.000000000000000E+000
 the jet z0 =   1.565249493915205E+016
 the jet jet_radius_out_init =   1.567397557793927E+016
 jet typeaxial 
 cylindrical                                                                    
                                                     
 the jet Surface =   2.115466860209846E+030
 1)the jet radius =    747000000000000.     
 2)the jet radius =    820312500000000.     
 the jet self%myconfig%r_out_init =    820312500000000.     
 jet shape conical             
 jet shape conical             
 jet typeaxial 
 cylindrical                                                                    
                                                     
 the jet Surface =   0.000000000000000E+000
 the jet open_angle =    3.00000000000000     
 the jet open_angle_in =   0.000000000000000E+000
 the jet z0 =   1.565249493915205E+016
 the jet jet_radius_out_init =   1.567397557793927E+016
 jet typeaxial 
 cylindrical                                                                    
                                                     
 the jet Surface =   2.115466860209846E+030
 2)the jet radius =    820312500000000.     
 the jet self%myconfig%r_out_init =    820312500000000.     
 1)the jet radius =    747000000000000.     
 jet shape conical             
 jet shape conical             
 jet typeaxial 
 cylindrical                                                                    
                                                     
 the jet Surface =   0.000000000000000E+000
 the jet open_angle =    3.00000000000000     
 the jet open_angle_in =   0.000000000000000E+000
 the jet z0 =   1.565249493915205E+016
 the jet jet_radius_out_init =   1.567397557793927E+016
 jet typeaxial 
 cylindrical                                                                    
                                                     
 the jet Surface =   2.115466860209846E+030
 2)the jet radius =    820312500000000.     
 the jet self%myconfig%r_out_init =    820312500000000.     
 jet shape conical             
 1)the jet radius =    747000000000000.     
 jet shape conical             
 jet typeaxial 
 cylindrical                                                                    
                                                     
 the jet Surface =   0.000000000000000E+000
 the jet open_angle =    3.00000000000000     
 the jet open_angle_in =   0.000000000000000E+000
 the jet z0 =   1.565249493915205E+016
 the jet jet_radius_out_init =   1.567397557793927E+016
 jet typeaxial 
 cylindrical                                                                    
                                                     
 the jet Surface =   2.115466860209846E+030
 1)the jet radius =    747000000000000.     
 2)the jet radius =    820312500000000.     
 the jet self%myconfig%r_out_init =    820312500000000.     
 jet shape conical             
 jet shape conical             
 jet typeaxial 
 cylindrical                                                                    
                                                     
 the jet Surface =   0.000000000000000E+000
 the jet open_angle =    3.00000000000000     
 the jet open_angle_in =   0.000000000000000E+000
 the jet z0 =   1.565249493915205E+016
 the jet jet_radius_out_init =   1.567397557793927E+016
 jet typeaxial 
 1)the jet radius =    747000000000000.     
 cylindrical                                                                    
                                                     
 the jet Surface =   2.115466860209846E+030
 1)the jet radius =    747000000000000.     
 2)the jet radius =    820312500000000.     
 2)the jet radius =    820312500000000.     
 the jet self%myconfig%r_out_init =    820312500000000.     
 jet shape conical             
 jet shape conical             
 jet typeaxial 
 cylindrical                                                                    
                                                     
 the jet Surface =   0.000000000000000E+000
 the jet open_angle =    3.00000000000000     
 the jet self%myconfig%r_out_init =    820312500000000.     
 jet shape conical             
 jet shape conical             
 jet typeaxial 
 cylindrical                                                                    
                                                     
 the jet open_angle_in =   0.000000000000000E+000
 the jet z0 =   1.565249493915205E+016
 the jet jet_radius_out_init =   1.567397557793927E+016
 the jet Surface =   0.000000000000000E+000
 the jet open_angle =    3.00000000000000     
 the jet open_angle_in =   0.000000000000000E+000
 the jet z0 =   1.565249493915205E+016
 the jet jet_radius_out_init =   1.567397557793927E+016
 jet typeaxial 
 cylindrical                                                                    
                                                     
 jet typeaxial 
 cylindrical                                                                    
                                                     
 the jet Surface =   2.115466860209846E+030
 the jet Surface =   2.115466860209846E+030
 2)the jet radius =    820312500000000.     
 1)the jet radius =    747000000000000.     
 the jet self%myconfig%r_out_init =    820312500000000.     
 jet shape conical             
 jet shape conical             
 jet typeaxial 
 cylindrical                                                                    
                                                     
 the jet Surface =   0.000000000000000E+000
 the jet open_angle =    3.00000000000000     
 the jet open_angle_in =   0.000000000000000E+000
 the jet z0 =   1.565249493915205E+016
 the jet jet_radius_out_init =   1.567397557793927E+016
 jet typeaxial 
 cylindrical                                                                    
                                                     
 the jet Surface =   2.115466860209846E+030
 ======================ISM settings=======================
 * at (R,z) = (r_j,0) : 
 ** The ism base temperature is =    100.000000000000     
 ** The ism base density is =  1.600000000000000E-018
 ** The ism base number density nH is    683272.906387098     
 =========================================================
 1)the jet radius =    747000000000000.     
 2)the jet radius =    820312500000000.     
 1)the jet radius =    747000000000000.     
 2)the jet radius =    820312500000000.     
 the jet self%myconfig%r_out_init =    820312500000000.     
 jet shape conical             
 jet shape conical             
 jet typeaxial 
 cylindrical                                                                    
                                                     
 the jet self%myconfig%r_out_init =    820312500000000.     
 jet shape conical             
 jet shape conical             
 jet typeaxial 
 cylindrical                                                                    
                                                     
 the jet Surface =   0.000000000000000E+000
 the jet open_angle =    3.00000000000000     
 the jet Surface =   0.000000000000000E+000
 the jet open_angle =    3.00000000000000     
 the jet open_angle_in =   0.000000000000000E+000
 the jet z0 =   1.565249493915205E+016
 the jet jet_radius_out_init =   1.567397557793927E+016
 the jet open_angle_in =   0.000000000000000E+000
 the jet z0 =   1.565249493915205E+016
 the jet jet_radius_out_init =   1.567397557793927E+016
 jet typeaxial 
 cylindrical                                                                    
                                                     
 the jet Surface =   2.115466860209846E+030
 jet typeaxial 
 cylindrical                                                                    
                                                     
 the jet Surface =   2.115466860209846E+030
 the jet temperature =    100.000000000000     
 jet density  1.795963442083303E-019
 jet ndensity   76695.8225523272     
 set_complet jet shapeconical             
 jet v_j   628031.474915326        11983554.4170549       0.000000000000000E+000
 the jet mflux =   4.559161372650759E+018
 3)the jet radius =    820312500000000.     
 3)the jet inner radius =   -39062500000000.0     
 the jet Surface =   2.115466860209846E+030
 phys_config%He_abundance  0.100000000000000     
 in mod_obj_usr_unit.t usr_physical_unit_fillphysunit subroutine: 
 ism density  2.341670487800000E-030
 ism ndensity  1.000000000000000E-006
 ism pressure  5.822995576026895E-019
 ism temperature   3834.16285288672     
 1)the jet radius =    747000000000000.     
 2)the jet radius =    820312500000000.     
 the jet self%myconfig%r_out_init =    820312500000000.     
 jet shape conical             
 jet shape conical             
 jet typeaxial 
 cylindrical                                                                    
                                                     
 the jet Surface =   0.000000000000000E+000
 1)the jet radius =    747000000000000.     
 2)the jet radius =    820312500000000.     
 the jet self%myconfig%r_out_init =    820312500000000.     
 jet shape conical             
 jet shape conical             
 jet typeaxial 
 the jet open_angle =    3.00000000000000     
 the jet open_angle_in =   0.000000000000000E+000
 the jet z0 =   1.565249493915205E+016
 the jet jet_radius_out_init =   1.567397557793927E+016
 cylindrical                                                                    
                                                     
 the jet Surface =   0.000000000000000E+000
 the jet open_angle =    3.00000000000000     
 the jet open_angle_in =   0.000000000000000E+000
 the jet z0 =   1.565249493915205E+016
 jet typeaxial 
 2)the jet radius =    820312500000000.     
 the jet self%myconfig%r_out_init =    820312500000000.     
 jet shape conical             
 jet shape conical             
 jet typeaxial 
 cylindrical                                                                    
                                                     
 the jet Surface =   0.000000000000000E+000
 the jet open_angle =    3.00000000000000     
 the jet open_angle_in =   0.000000000000000E+000
 the jet z0 =   1.565249493915205E+016
 the jet jet_radius_out_init =   1.567397557793927E+016
 jet typeaxial 
 cylindrical                                                                    
                                                     
 the jet Surface =   2.115466860209846E+030
 the jet jet_radius_out_init =   1.567397557793927E+016
 jet typeaxial 
 cylindrical                                                                    
 1)the jet radius =    747000000000000.     
 2)the jet radius =    820312500000000.     
 the jet self%myconfig%r_out_init =    820312500000000.     
 jet shape conical             
                                                     
 the jet Surface =   2.115466860209846E+030
 1)the jet radius =    747000000000000.     
 2)the jet radius =    820312500000000.     
 the jet self%myconfig%r_out_init =    820312500000000.     
 jet shape conical             
 jet typeaxial 
 cylindrical                                                                    
                                                     
 the jet Surface =   0.000000000000000E+000
 jet shape conical             
 jet shape conical             
 jet typeaxial 
 cylindrical                                                                    
                                                     
 the jet Surface =   0.000000000000000E+000
 the jet open_angle =    3.00000000000000     
 the jet open_angle_in =   0.000000000000000E+000
 the jet z0 =   1.565249493915205E+016
 the jet open_angle =    3.00000000000000     
 the jet open_angle_in =   0.000000000000000E+000
 the jet z0 =   1.565249493915205E+016
 the jet jet_radius_out_init =   1.567397557793927E+016
 jet typeaxial 
 cylindrical                                                                    
                                                     
 the jet jet_radius_out_init =   1.567397557793927E+016
 the jet Surface =   2.115466860209846E+030
 jet typeaxial 
 cylindrical                                                                    
                                                     
 the jet Surface =   2.115466860209846E+030
 cylindrical                                                                    
 1)the jet radius =    747000000000000.     
 2)the jet radius =    820312500000000.     
                                                     
 1)the jet radius =    747000000000000.     
 2)the jet radius =    820312500000000.     
 the jet self%myconfig%r_out_init =    820312500000000.     
 the jet self%myconfig%r_out_init =    820312500000000.     
 jet shape conical             
 jet shape conical             
 jet typeaxial 
 cylindrical                                                                    
 jet shape conical             
 jet shape conical             
 jet typeaxial 
 cylindrical                                                                    
                                                     
 the jet Surface =   0.000000000000000E+000
 the jet open_angle =    3.00000000000000     
                                                     
 the jet Surface =   0.000000000000000E+000
 the jet open_angle =    3.00000000000000     
 the jet open_angle_in =   0.000000000000000E+000
 the jet z0 =   1.565249493915205E+016
 the jet jet_radius_out_init =   1.567397557793927E+016
 jet typeaxial 
 the jet open_angle_in =   0.000000000000000E+000
 the jet z0 =   1.565249493915205E+016
 cylindrical                                                                    
                                                     
 the jet Surface =   2.115466860209846E+030
 the jet jet_radius_out_init =   1.567397557793927E+016
 jet typeaxial 
 cylindrical                                                                    
                                                     
 the jet Surface =   2.115466860209846E+030
 the jet Surface =   2.115466860209846E+030
 1)the jet radius =    747000000000000.     
 2)the jet radius =    820312500000000.     
 the jet self%myconfig%r_out_init =    820312500000000.     
 jet shape conical             
 jet shape conical             
 jet typeaxial 
 cylindrical                                                                    
                                                     
 the jet Surface =   0.000000000000000E+000
 the jet open_angle =    3.00000000000000     
 the jet open_angle_in =   0.000000000000000E+000
 the jet z0 =   1.565249493915205E+016
 the jet jet_radius_out_init =   1.567397557793927E+016
 jet typeaxial 
 cylindrical                                                                    
                                                     
 the jet Surface =   2.115466860209846E+030
 1)the jet radius =    747000000000000.     
 2)the jet radius =    820312500000000.     
 the jet self%myconfig%r_out_init =    820312500000000.     
 jet shape conical             
 jet shape conical             
 jet typeaxial 
 cylindrical                                                                    
                                                     
 the jet Surface =   0.000000000000000E+000
 the jet open_angle =    3.00000000000000     
 the jet open_angle_in =   0.000000000000000E+000
 the jet z0 =   1.565249493915205E+016
 the jet jet_radius_out_init =   1.567397557793927E+016
 jet typeaxial 
 cylindrical                                                                    
                                                     
 the jet Surface =   2.115466860209846E+030
 1)the jet radius =    747000000000000.     
 2)the jet radius =    820312500000000.     
 the jet self%myconfig%r_out_init =    820312500000000.     
 jet shape conical             
 jet shape conical             
 jet typeaxial 
 cylindrical                                                                    
                                                     
 the jet Surface =   0.000000000000000E+000
 the jet open_angle =    3.00000000000000     
 the jet open_angle_in =   0.000000000000000E+000
 the jet z0 =   1.565249493915205E+016
 the jet jet_radius_out_init =   1.567397557793927E+016
 jet typeaxial 
 cylindrical                                                                    
                                                     
 the jet Surface =   2.115466860209846E+030
 Jet start :-)
 1)the jet radius =    747000000000000.     
 2)the jet radius =    820312500000000.     
 the jet self%myconfig%r_out_init =    820312500000000.     
 jet shape conical             
 jet shape conical             
 jet typeaxial 
 cylindrical                                                                    
                                                     
 the jet Surface =   0.000000000000000E+000
 the jet open_angle =    3.00000000000000     
 the jet open_angle_in =   0.000000000000000E+000
 the jet z0 =   1.565249493915205E+016
 the jet jet_radius_out_init =   1.567397557793927E+016
 jet typeaxial 
 cylindrical                                                                    
                                                     
 the jet Surface =   2.115466860209846E+030
 -------------------------------------------------------------------------------
 Startup phase took :             1.480 sec
 -------------------------------------------------------------------------------
 Start integrating, print status every  3.00E+01 seconds
        it        time          dt  wc-time(s)
         0   0.000E+00   2.166E-05   2.280E-03
In CGS          0 T=   0.000E+00 dT=   6.499E+03
 -------------------------------------------------------------------------------
 Saving visual data. Coordinate directions and variable names are:
          -1 R               
           0 Z               
           1 rho             rho             
           2 v1              v1              
           3 v2              v2              
           4 v3              v3              
           5 p               p               
           6 tracer_ism      tracer_ism      
           7 tracer_jet      tracer_jet      
           8 mup             mup             
           9 theta           theta           
          10 thetazero       thetazero       
          11 L1              L1              
          12 dtcool1         dtcool1         
          13 mach_number     mach_number     
          14 temperature     temperature     
          15 level           level           
          16 number density  number density  
          17 gravfield1      gravfield1      
          18 gravfield2      gravfield2      
          19 gravfield3      gravfield3      
          20 grav_phi        grav_phi        
          21 erroramrrho     erroramrrho     
          22 erroamrp        erroamrp        
          23 deltav_dust11   deltav_dust11   
          24 deltav_dust12   deltav_dust12   
 time =  0.000000000000000E+000
 -------------------------------------------------------------------------------
        10   1.189E-03   2.375E-04   3.008E+01
In CGS         10 T=   3.567E+05 dT=   7.125E+04
        33   1.207E-02   7.287E-04   6.125E+01
In CGS         33 T=   3.621E+06 dT=   2.186E+05
        56   3.401E-02   1.176E-03   9.242E+01
In CGS         56 T=   1.020E+07 dT=   3.527E+05
        79   6.618E-02   1.669E-03   1.236E+02
In CGS         79 T=   1.985E+07 dT=   5.007E+05
       102   1.073E-01   2.100E-03   1.549E+02
In CGS        102 T=   3.218E+07 dT=   6.301E+05
       124   1.580E-01   2.512E-03   1.851E+02
In CGS        124 T=   4.740E+07 dT=   7.537E+05
       146   2.162E-01   2.924E-03   2.152E+02
In CGS        146 T=   6.485E+07 dT=   8.773E+05
       169   2.882E-01   3.345E-03   2.464E+02
In CGS        169 T=   8.646E+07 dT=   1.003E+06
       192   3.659E-01   3.705E-03   2.777E+02
In CGS        192 T=   1.098E+08 dT=   1.112E+06
       215   4.531E-01   4.161E-03   3.089E+02
In CGS        215 T=   1.359E+08 dT=   1.248E+06
       238   5.529E-01   4.541E-03   3.401E+02
In CGS        238 T=   1.659E+08 dT=   1.362E+06
       261   6.604E-01   4.924E-03   3.714E+02
In CGS        261 T=   1.981E+08 dT=   1.477E+06
       284   7.730E-01   5.286E-03   4.026E+02
In CGS        284 T=   2.319E+08 dT=   1.586E+06
       307   8.972E-01   5.668E-03   4.339E+02
In CGS        307 T=   2.692E+08 dT=   1.700E+06
       330   1.029E+00   5.980E-03   4.651E+02
In CGS        330 T=   3.087E+08 dT=   1.794E+06
       352   1.157E+00   6.295E-03   4.953E+02
In CGS        352 T=   3.471E+08 dT=   1.889E+06
       374   1.295E+00   6.636E-03   5.254E+02
In CGS        374 T=   3.886E+08 dT=   1.991E+06
       397   1.450E+00   7.006E-03   5.566E+02
In CGS        397 T=   4.351E+08 dT=   2.102E+06
       420   1.607E+00   7.409E-03   5.879E+02
In CGS        420 T=   4.822E+08 dT=   2.223E+06
       443   1.775E+00   7.772E-03   6.191E+02
In CGS        443 T=   5.325E+08 dT=   2.332E+06
       466   1.950E+00   8.156E-03   6.504E+02
In CGS        466 T=   5.850E+08 dT=   2.447E+06
       489   2.138E+00   8.565E-03   6.817E+02
In CGS        489 T=   6.414E+08 dT=   2.569E+06
       511   2.323E+00   8.962E-03   7.124E+02
In CGS        511 T=   6.970E+08 dT=   2.689E+06
       534   2.525E+00   9.364E-03   7.436E+02
In CGS        534 T=   7.574E+08 dT=   2.809E+06
       556   2.724E+00   9.382E-03   7.737E+02
In CGS        556 T=   8.171E+08 dT=   2.815E+06
       578   2.916E+00   9.439E-03   8.038E+02
In CGS        578 T=   8.747E+08 dT=   2.832E+06
       600   3.108E+00   9.436E-03   8.339E+02
In CGS        600 T=   9.323E+08 dT=   2.831E+06
       623   3.309E+00   9.518E-03   8.651E+02
In CGS        623 T=   9.926E+08 dT=   2.855E+06
       646   3.529E+00   9.686E-03   8.965E+02
In CGS        646 T=   1.059E+09 dT=   2.906E+06
       669   3.750E+00   9.839E-03   9.278E+02
In CGS        669 T=   1.125E+09 dT=   2.952E+06
       692   3.971E+00   9.998E-03   9.591E+02
In CGS        692 T=   1.191E+09 dT=   2.999E+06
       715   4.193E+00   1.003E-02   9.904E+02
In CGS        715 T=   1.258E+09 dT=   3.010E+06
       738   4.414E+00   3.802E-03   1.022E+03
In CGS        738 T=   1.324E+09 dT=   1.141E+06
       761   4.628E+00   1.037E-02   1.053E+03
In CGS        761 T=   1.389E+09 dT=   3.111E+06
       783   4.839E+00   1.032E-02   1.083E+03
In CGS        783 T=   1.452E+09 dT=   3.095E+06
       805   5.049E+00   1.054E-02   1.113E+03
In CGS        805 T=   1.515E+09 dT=   3.163E+06
       828   5.292E+00   1.058E-02   1.145E+03
In CGS        828 T=   1.588E+09 dT=   3.173E+06
       851   5.534E+00   1.092E-02   1.176E+03
In CGS        851 T=   1.660E+09 dT=   3.275E+06
       874   5.778E+00   7.436E-03   1.207E+03
In CGS        874 T=   1.733E+09 dT=   2.231E+06
       897   6.018E+00   1.108E-02   1.239E+03
In CGS        897 T=   1.805E+09 dT=   3.324E+06
       920   6.262E+00   1.102E-02   1.270E+03
In CGS        920 T=   1.878E+09 dT=   3.307E+06
       943   6.506E+00   1.111E-02   1.301E+03
In CGS        943 T=   1.952E+09 dT=   3.333E+06
       966   6.743E+00   1.121E-02   1.332E+03
In CGS        966 T=   2.023E+09 dT=   3.362E+06
       989   6.988E+00   1.126E-02   1.364E+03
In CGS        989 T=   2.096E+09 dT=   3.378E+06
      1011   7.221E+00   1.135E-02   1.394E+03
In CGS       1011 T=   2.166E+09 dT=   3.405E+06
      1033   7.455E+00   1.145E-02   1.424E+03
In CGS       1033 T=   2.236E+09 dT=   3.436E+06
      1056   7.690E+00   1.157E-02   1.456E+03
In CGS       1056 T=   2.307E+09 dT=   3.472E+06
      1079   7.936E+00   1.158E-02   1.487E+03
In CGS       1079 T=   2.381E+09 dT=   3.473E+06
      1102   8.181E+00   1.161E-02   1.518E+03
In CGS       1102 T=   2.454E+09 dT=   3.483E+06
      1125   8.427E+00   1.174E-02   1.549E+03
In CGS       1125 T=   2.528E+09 dT=   3.523E+06
      1148   8.696E+00   1.166E-02   1.581E+03
In CGS       1148 T=   2.609E+09 dT=   3.497E+06
      1170   8.953E+00   1.172E-02   1.611E+03
In CGS       1170 T=   2.686E+09 dT=   3.515E+06
      1193   9.223E+00   1.190E-02   1.642E+03
In CGS       1193 T=   2.767E+09 dT=   3.569E+06
      1213   9.457E+00   1.028E-02   1.673E+03
In CGS       1213 T=   2.837E+09 dT=   3.084E+06
      1234   9.701E+00   1.191E-02   1.703E+03
In CGS       1234 T=   2.910E+09 dT=   3.574E+06
      1256   9.960E+00   1.199E-02   1.733E+03
In CGS       1256 T=   2.988E+09 dT=   3.596E+06
      1278   1.022E+01   1.200E-02   1.763E+03
In CGS       1278 T=   3.065E+09 dT=   3.600E+06
      1301   1.049E+01   1.192E-02   1.794E+03
In CGS       1301 T=   3.146E+09 dT=   3.576E+06
      1305   1.053E+01   1.193E-02   2.089E+03
In CGS       1305 T=   3.159E+09 dT=   3.579E+06
      1324   1.075E+01   1.203E-02   2.120E+03
In CGS       1324 T=   3.226E+09 dT=   3.608E+06
      1346   1.101E+01   1.201E-02   2.151E+03
In CGS       1346 T=   3.303E+09 dT=   3.602E+06
      1368   1.127E+01   1.202E-02   2.181E+03
In CGS       1368 T=   3.380E+09 dT=   3.606E+06
      1390   1.153E+01   1.196E-02   2.211E+03
In CGS       1390 T=   3.458E+09 dT=   3.587E+06
      1412   1.178E+01   1.195E-02   2.241E+03
In CGS       1412 T=   3.534E+09 dT=   3.586E+06
      1434   1.204E+01   1.191E-02   2.271E+03
In CGS       1434 T=   3.612E+09 dT=   3.572E+06
      1456   1.230E+01   9.918E-03   2.301E+03
In CGS       1456 T=   3.689E+09 dT=   2.975E+06
      1478   1.255E+01   1.186E-02   2.331E+03
In CGS       1478 T=   3.766E+09 dT=   3.558E+06
      1500   1.281E+01   1.183E-02   2.361E+03
In CGS       1500 T=   3.843E+09 dT=   3.549E+06
      1522   1.307E+01   1.181E-02   2.391E+03
In CGS       1522 T=   3.920E+09 dT=   3.543E+06
      1544   1.332E+01   1.177E-02   2.422E+03
In CGS       1544 T=   3.997E+09 dT=   3.532E+06
      1566   1.358E+01   1.175E-02   2.452E+03
In CGS       1566 T=   4.074E+09 dT=   3.524E+06
      1588   1.384E+01   1.172E-02   2.482E+03
In CGS       1588 T=   4.152E+09 dT=   3.515E+06
      1610   1.410E+01   1.169E-02   2.512E+03
In CGS       1610 T=   4.229E+09 dT=   3.506E+06
      1632   1.434E+01   1.166E-02   2.542E+03
In CGS       1632 T=   4.302E+09 dT=   3.498E+06
      1654   1.457E+01   1.161E-02   2.572E+03
In CGS       1654 T=   4.372E+09 dT=   3.482E+06
      1676   1.481E+01   1.157E-02   2.602E+03
In CGS       1676 T=   4.442E+09 dT=   3.470E+06
      1698   1.504E+01   9.382E-04   2.632E+03
In CGS       1698 T=   4.512E+09 dT=   2.814E+05
      1720   1.526E+01   1.155E-02   2.662E+03
In CGS       1720 T=   4.579E+09 dT=   3.465E+06
      1742   1.550E+01   1.150E-02   2.692E+03
In CGS       1742 T=   4.649E+09 dT=   3.450E+06
      1765   1.574E+01   1.154E-02   2.724E+03
In CGS       1765 T=   4.723E+09 dT=   3.461E+06
      1787   1.597E+01   1.042E-02   2.754E+03
In CGS       1787 T=   4.790E+09 dT=   3.126E+06
      1809   1.618E+01   1.055E-02   2.784E+03
In CGS       1809 T=   4.854E+09 dT=   3.165E+06
      1831   1.641E+01   1.070E-02   2.814E+03
In CGS       1831 T=   4.923E+09 dT=   3.209E+06
      1853   1.664E+01   1.069E-02   2.844E+03
In CGS       1853 T=   4.993E+09 dT=   3.206E+06
      1875   1.687E+01   1.070E-02   2.874E+03
In CGS       1875 T=   5.062E+09 dT=   3.210E+06
      1897   1.711E+01   1.083E-02   2.904E+03
In CGS       1897 T=   5.132E+09 dT=   3.249E+06
      1919   1.734E+01   1.087E-02   2.934E+03
In CGS       1919 T=   5.201E+09 dT=   3.262E+06
      1941   1.757E+01   1.086E-02   2.964E+03
In CGS       1941 T=   5.270E+09 dT=   3.257E+06
      1963   1.780E+01   1.088E-02   2.994E+03
In CGS       1963 T=   5.340E+09 dT=   3.263E+06
      1985   1.803E+01   1.082E-02   3.024E+03
In CGS       1985 T=   5.409E+09 dT=   3.246E+06
      2007   1.826E+01   1.102E-02   3.054E+03
In CGS       2007 T=   5.479E+09 dT=   3.305E+06
      2029   1.850E+01   1.102E-02   3.085E+03
In CGS       2029 T=   5.549E+09 dT=   3.305E+06
      2051   1.872E+01   1.096E-02   3.115E+03
In CGS       2051 T=   5.617E+09 dT=   3.287E+06
      2073   1.896E+01   1.098E-02   3.145E+03
In CGS       2073 T=   5.687E+09 dT=   3.294E+06
      2095   1.919E+01   1.094E-02   3.175E+03
In CGS       2095 T=   5.757E+09 dT=   3.283E+06
      2117   1.942E+01   1.094E-02   3.205E+03
In CGS       2117 T=   5.826E+09 dT=   3.281E+06
      2139   1.965E+01   1.087E-02   3.235E+03
In CGS       2139 T=   5.896E+09 dT=   3.261E+06
      2161   1.988E+01   1.089E-02   3.265E+03
In CGS       2161 T=   5.964E+09 dT=   3.267E+06
      2183   2.011E+01   1.086E-02   3.296E+03
In CGS       2183 T=   6.034E+09 dT=   3.259E+06
      2205   2.035E+01   1.084E-02   3.326E+03
In CGS       2205 T=   6.104E+09 dT=   3.252E+06
      2227   2.058E+01   1.082E-02   3.356E+03
In CGS       2227 T=   6.173E+09 dT=   3.246E+06
      2249   2.081E+01   1.079E-02   3.386E+03
In CGS       2249 T=   6.243E+09 dT=   3.236E+06
      2271   2.104E+01   1.078E-02   3.416E+03
In CGS       2271 T=   6.312E+09 dT=   3.235E+06
      2272   2.105E+01   1.080E-02   3.704E+03
In CGS       2272 T=   6.315E+09 dT=   3.239E+06
      2294   2.128E+01   1.082E-02   3.734E+03
In CGS       2294 T=   6.384E+09 dT=   3.245E+06
      2316   2.151E+01   1.083E-02   3.764E+03
In CGS       2316 T=   6.454E+09 dT=   3.248E+06
      2338   2.175E+01   1.082E-02   3.794E+03
In CGS       2338 T=   6.524E+09 dT=   3.246E+06
      2360   2.198E+01   7.696E-03   3.824E+03
In CGS       2360 T=   6.593E+09 dT=   2.309E+06
      2382   2.221E+01   1.085E-02   3.854E+03
In CGS       2382 T=   6.662E+09 dT=   3.256E+06
      2404   2.244E+01   1.087E-02   3.884E+03
In CGS       2404 T=   6.732E+09 dT=   3.260E+06
      2426   2.267E+01   1.088E-02   3.914E+03
In CGS       2426 T=   6.801E+09 dT=   3.263E+06
      2449   2.291E+01   1.087E-02   3.946E+03
In CGS       2449 T=   6.874E+09 dT=   3.260E+06
      2471   2.314E+01   1.082E-02   3.976E+03
In CGS       2471 T=   6.943E+09 dT=   3.247E+06
      2493   2.337E+01   1.081E-02   4.006E+03
In CGS       2493 T=   7.012E+09 dT=   3.242E+06
      2516   2.362E+01   1.081E-02   4.037E+03
In CGS       2516 T=   7.085E+09 dT=   3.243E+06
      2538   2.385E+01   1.080E-02   4.067E+03
In CGS       2538 T=   7.155E+09 dT=   3.241E+06
      2560   2.408E+01   8.235E-03   4.097E+03
In CGS       2560 T=   7.224E+09 dT=   2.471E+06
      2582   2.431E+01   1.078E-02   4.127E+03
In CGS       2582 T=   7.293E+09 dT=   3.233E+06
      2605   2.455E+01   1.072E-02   4.159E+03
In CGS       2605 T=   7.366E+09 dT=   3.215E+06
      2627   2.478E+01   1.070E-02   4.189E+03
In CGS       2627 T=   7.435E+09 dT=   3.211E+06
      2650   2.503E+01   8.935E-03   4.220E+03
In CGS       2650 T=   7.508E+09 dT=   2.681E+06
      2672   2.526E+01   1.068E-02   4.251E+03
In CGS       2672 T=   7.577E+09 dT=   3.204E+06
      2695   2.550E+01   1.064E-02   4.282E+03
In CGS       2695 T=   7.650E+09 dT=   3.193E+06
      2717   2.573E+01   1.062E-02   4.312E+03
In CGS       2717 T=   7.719E+09 dT=   3.187E+06
      2739   2.596E+01   1.060E-02   4.342E+03
In CGS       2739 T=   7.789E+09 dT=   3.181E+06
      2761   2.619E+01   1.058E-02   4.372E+03
In CGS       2761 T=   7.858E+09 dT=   3.175E+06
      2783   2.642E+01   1.057E-02   4.403E+03
In CGS       2783 T=   7.927E+09 dT=   3.171E+06
      2805   2.666E+01   1.055E-02   4.433E+03
In CGS       2805 T=   7.997E+09 dT=   3.166E+06
      2828   2.690E+01   1.058E-02   4.464E+03
In CGS       2828 T=   8.069E+09 dT=   3.174E+06
      2850   2.713E+01   1.034E-02   4.494E+03
In CGS       2850 T=   8.139E+09 dT=   3.102E+06
      2872   2.736E+01   1.054E-02   4.524E+03
In CGS       2872 T=   8.208E+09 dT=   3.163E+06
      2894   2.758E+01   1.050E-02   4.554E+03
In CGS       2894 T=   8.274E+09 dT=   3.151E+06
      2917   2.780E+01   1.049E-02   4.586E+03
In CGS       2917 T=   8.341E+09 dT=   3.146E+06
      2940   2.802E+01   1.048E-02   4.617E+03
In CGS       2940 T=   8.407E+09 dT=   3.144E+06
      2963   2.824E+01   1.045E-02   4.648E+03
In CGS       2963 T=   8.473E+09 dT=   3.134E+06
      2985   2.845E+01   1.046E-02   4.678E+03
In CGS       2985 T=   8.536E+09 dT=   3.138E+06
      3007   2.866E+01   1.046E-02   4.709E+03
In CGS       3007 T=   8.599E+09 dT=   3.138E+06
      3029   2.887E+01   1.044E-02   4.739E+03
In CGS       3029 T=   8.662E+09 dT=   3.131E+06
      3052   2.910E+01   1.041E-02   4.770E+03
In CGS       3052 T=   8.729E+09 dT=   3.124E+06
      3074   2.931E+01   1.043E-02   4.800E+03
In CGS       3074 T=   8.792E+09 dT=   3.128E+06
      3096   2.952E+01   1.039E-02   4.830E+03
In CGS       3096 T=   8.855E+09 dT=   3.118E+06
      3119   2.974E+01   1.038E-02   4.861E+03
In CGS       3119 T=   8.921E+09 dT=   3.115E+06
      3142   2.996E+01   1.037E-02   4.893E+03
In CGS       3142 T=   8.987E+09 dT=   3.111E+06
      3164   3.017E+01   1.037E-02   4.923E+03
In CGS       3164 T=   9.050E+09 dT=   3.112E+06
      3186   3.038E+01   1.037E-02   4.953E+03
In CGS       3186 T=   9.113E+09 dT=   3.111E+06
      3208   3.059E+01   1.037E-02   4.983E+03
In CGS       3208 T=   9.177E+09 dT=   3.112E+06
      3230   3.080E+01   1.034E-02   5.013E+03
In CGS       3230 T=   9.240E+09 dT=   3.102E+06
      3252   3.101E+01   1.033E-02   5.043E+03
In CGS       3252 T=   9.303E+09 dT=   3.099E+06
      3274   3.122E+01   1.033E-02   5.073E+03
In CGS       3274 T=   9.366E+09 dT=   3.099E+06
      3296   3.143E+01   1.035E-02   5.103E+03
In CGS       3296 T=   9.429E+09 dT=   3.104E+06
      3311   3.157E+01   1.033E-02   5.411E+03
In CGS       3311 T=   9.470E+09 dT=   3.098E+06
      3333   3.178E+01   1.032E-02   5.442E+03
In CGS       3333 T=   9.533E+09 dT=   3.096E+06
      3355   3.199E+01   1.032E-02   5.472E+03
In CGS       3355 T=   9.597E+09 dT=   3.097E+06
      3377   3.220E+01   1.033E-02   5.502E+03
In CGS       3377 T=   9.660E+09 dT=   3.100E+06
      3399   3.241E+01   1.031E-02   5.532E+03
In CGS       3399 T=   9.723E+09 dT=   3.093E+06
      3421   3.262E+01   1.030E-02   5.562E+03
In CGS       3421 T=   9.786E+09 dT=   3.089E+06
      3443   3.283E+01   1.031E-02   5.593E+03
In CGS       3443 T=   9.849E+09 dT=   3.092E+06
      3465   3.304E+01   1.033E-02   5.623E+03
In CGS       3465 T=   9.912E+09 dT=   3.098E+06
      3487   3.325E+01   1.031E-02   5.653E+03
In CGS       3487 T=   9.975E+09 dT=   3.093E+06
      3509   3.346E+01   1.031E-02   5.683E+03
In CGS       3509 T=   1.004E+10 dT=   3.092E+06
      3531   3.367E+01   1.030E-02   5.713E+03
In CGS       3531 T=   1.010E+10 dT=   3.090E+06
      3553   3.388E+01   1.031E-02   5.743E+03
In CGS       3553 T=   1.016E+10 dT=   3.092E+06
      3575   3.409E+01   1.033E-02   5.773E+03
In CGS       3575 T=   1.023E+10 dT=   3.098E+06
      3597   3.430E+01   1.031E-02   5.803E+03
In CGS       3597 T=   1.029E+10 dT=   3.092E+06
      3619   3.451E+01   1.030E-02   5.833E+03
In CGS       3619 T=   1.035E+10 dT=   3.091E+06
      3641   3.472E+01   1.031E-02   5.863E+03
In CGS       3641 T=   1.042E+10 dT=   3.092E+06
      3663   3.493E+01   1.033E-02   5.894E+03
In CGS       3663 T=   1.048E+10 dT=   3.098E+06
      3685   3.514E+01   1.033E-02   5.924E+03
In CGS       3685 T=   1.054E+10 dT=   3.099E+06
      3707   3.535E+01   1.032E-02   5.954E+03
In CGS       3707 T=   1.061E+10 dT=   3.097E+06
      3729   3.557E+01   1.032E-02   5.984E+03
In CGS       3729 T=   1.067E+10 dT=   3.097E+06
      3751   3.578E+01   1.033E-02   6.014E+03
In CGS       3751 T=   1.073E+10 dT=   3.099E+06
      3773   3.599E+01   1.034E-02   6.044E+03
In CGS       3773 T=   1.080E+10 dT=   3.103E+06
      3795   3.620E+01   1.034E-02   6.074E+03
In CGS       3795 T=   1.086E+10 dT=   3.103E+06
mpiexec: Forwarding signal 18 to job
slurmstepd-tycho63: error: *** JOB 3060032 ON tycho63 CANCELLED AT 2022-03-23T16:03:47 ***
