mkdir: cannot create directory ‘Ulrich1976’: File exists
2899505
tycho64
/scratch/mrabenanahary/run.2899505.Ulrich1976
::::::::::::::
Ulrich1976.par
::::::::::::::
!==============================================================
! Project : YSO JET MIALY
! Aim     :
! Results :
! Method  : Use cartesian coordinate
!
! Update  : 22/11/2019
! configuration :
! Openmpi/gfortran or intel or ....
! $AMRVAC_DIR/setup.pl -d=2 -phys=hd -arch=default
! with intel
! $AMRVAC_DIR/setup.pl -d=2 -phys=hd -arch=intel
!==============================================================

 &filelist
        base_filename='Output/Ulrich1976/Jet_CC_'
        saveprim=.true.
        autoconvert=.true.
        convert_type='vtuBCCmpi'
        nwauxio = 7
        /
        restart_from_file='Jet_Shang06_0118.dat'
        /
        convert = .true.



        snapshotnext =0326
/




/
        nwauxio=10




/


 &savelist
        itsave(1,1)=0
        itsave(1,2)=0
        dtsave_log=3.1557600d7   ! 1 year 3.1557600d6 = 0.1 yr
	!ditsave_log =50
        dtsave_dat=  3.1557600d9! 100 yr!6.31152d8!20 yrs !1.57788000d9!50 yrs !3.1557600d9! 1 yrdensitys  1.57788000d8!5 yrs !3.1557600d7   ! 100 year; 3.1557600d7 = 1 yr
        !ditsave_dat =1
 /

        ditsave_log = 1
        ditsave_dat =1
        dtsave_dat =21.08

 &stoplist

        dtmin=1.0d-13
        !time_max= 99d15 ! years
        time_max=  3.15576d11 ! 10000 yrs 6.31152d11!2e4 yrs 3.15576d11 ! 10000 yrs 1.26e10! 400 yrs !3.786912d10! 1200 yrs ! 1.90607904d10!604 yrs ! 1.893456d10!600 yrs ! 3.15576d10! 1000yrs!6.31152d10! 2000 yrs ! 3.15576d11! 10000yrs ! 1.262304d10!400yrs!3.15576d9!3.15576d10! 1000yrs  !1.893456e11!600yrs!!9.46728d9!300yrs!6.311520000d9!7.8894d9!9.46728d9!7.8894d9 ! in s from years : 7.8894d9 = 250 yrs
        !it_max=100


/
  reset_it=.true.

          it_init=0






 &methodlist
        time_integrator          =  'twostep'
        typepred1                =  20*'hllcd'!>>HH4647 !'hllcd'!si vraiment ça ne marche pas, essayer :! 'hll'! si au bord persiste des problemes, essayer : ! 'tvdlf'
        flux_scheme              =  20*'hllcd'!,18*'tvdlf'!>>HH4647 !'hllcd'!si vraiment ça ne marche pas, essayer :! 'hll'! si au bord persiste des problemes, essayer : ! 'tvdlf'
        limiter                  =  20*'minmod'!>>HH4647 !'koren'!'cada3'
        small_pressure           = 1.0d-9
        small_density            = 1.0d-8
        small_values_method      =  'average'
        small_values_daverage    = 8

        check_small_values       = .true.
        small_values_force_floor = .true.
        loglimit(1) = .false.


 /
         loglimit(4) = .true.
         loglimit(1)            = .true.
         loglimit(5)            = .true.
         loglimit(6)            = .true.
         loglimit(7)            = .true.
        tvdlfeps=0.5d0

 &boundlist
        internalboundary  = .true.
        nghostcells       = 4
        !                     RHO,   Vr,     Vz,   Vphi,   P,     traceur1,traceur2
        typeboundary_min1 =  'symm','asymm','symm','asymm','symm',2*'symm'!, ! C.L. gauche <=> rmin
        typeboundary_max1 =  7*'cont'                                    ! C.L. droite <=> rmax
        typeboundary_min2 =  'symm','symm','asymm','symm','symm',2*'symm' !7*'special'!                                     ! C.L. inférieure <=> zmin
        typeboundary_max2 =  7*'cont'                                        ! C.L. supérieure <=> zmax                                      ! C.L. supérieure <=> zmax

/
        typeboundary_max3 = 8*'cont'                                         ! C.L. arrière <=> phi/profondeur max
        typeboundary_min3 = 8*'cont'                                         ! C.L. avant <=> phi/profondeur min
 /

 &meshlist
        ! grid at level 1
        xprobmin1 =  0.0d0    ! cm
        xprobmax1 =  3.0d17! <--- r_max=3.0d17
        xprobmin2 =  0.0d0    ! cm
        xprobmax2 =  3.0d17! <--- z_max=3.0d17

        ! total cell at level 1
        domain_nx1= 960!240! <---dr=1.25e15 cm at lvl 1
        domain_nx2= 960!240! <---dr=1.25e15 cm at lvl 1
        ! number of cell by block
        block_nx1 = 8!8!
        block_nx2 = 8!8!

        ! AMR configuration
        refine_criterion=3
        refine_max_level=3!5 !<--- dr=dz=7.8125e13 cm au lvl 5
        refine_threshold=20*0.01d0
        derefine_ratio=20*1d-3
        w_refine_weight(1)=0.5d0
        w_refine_weight(2)=0.165d0
        w_refine_weight(3)=0.165d0
        w_refine_weight(4)=0.17d0
      !  w_refine_weight(9)=1.0d0

        max_blocks = 200000
        ! can be added when is needed
        prolongprimitive= .true.
        coarsenprimitive= .true.
        /







 /
        stretched_grid    = .true.
        stretched_dim(1)  = .true.
        stretched_dim(2)  = .true.
        itfixgrid =0

 &paramlist
        typecourant         = 'maxsum'
        courantpar          = 0.8d0
        slowsteps           = 1500
        small_getdt_average = .true.
        small_dt_coef       = 1.0d-5
 /

  &hd_list
         hd_energy            = .true. !non-adiabatic: enables energy solving
         hd_gamma             = 1.666666667
         SI_unit              = .false.  ! use cgs
         He_abundance         = 0.1d0                     !

         hd_dust              = .false.   ! dust off
         hd_radiative_cooling = .false. !>>HH4647 .false.!.true.    ! cooling on
         hd_gravity	       = .true. !>>HH4647 .false.!.true.    ! gravity on
         hd_chemical          = .false.   ! use chemical
         hd_n_tracer          = 2
         hd_mean_mup_on       = .true. !>>HH4647 .true.
         hd_chemical_gas_type = 'fullyatomic'
   /

  &grav_list 
  	grav_split=.false.
   /

 !'MLcosmol' : 'Use Mellema & Lundqvist (2002) cooling curve for zero metallicity '
 !'SPEX_DM'  : 'Use SPEX cooling curve for solar metallicity above 10^4 K. At lower temperatures,use Dalgarno & McCray (1972), with a pre-set ionization fraction of 10^-3 as described by Schure et al. (2009). '
   &rc_list
         ncool            = 4000
         coolcurve        = 'SPEX_DM'!'MLcosmol' !
         coolmethod       = 'exact'
         cfrac            = 1.d0
         Tfix             = .false.
         tlow             = 110 !<--- T_low = 110 K comme limite inférieure de la table de cooling afin d'éviter que le jet à 100 K ne se mette à refroidir par radiative cooling, ce qui serait non-physique
         coolsaveL        = .true.
         coolsavedT       = .true.
         He_abundance = 0.1d0
         rc_chemical_gas_type = 'fullyatomic'
   /


 &dust_list
     dust_n_species           = 2
     dust_min_rho             = 1.0d-10
     gas_mu                   = 1.0d0
     dust_method              = 'Kwok'
     dust_small_to_zero       = .true.
     dust_temperature         = 1.0d0
     dust_temperature_type    = 'silicate'
     dust_source_split        = .false.
     dust_it_diff             = 50000
   /





 &usr_list
        usrconfig%ism_on              = .true.                      !> set ism
        usrconfig%cloud_on            = .false.                      !> set cloud
        usrconfig%cloud_structure     = 2                           !> cloud structure type
        usrconfig%jet_yso_on          = .false. !>>HH4647.false.!.false.!.false.!                      !> set a jet
        usrconfig%physunit_on         = .true.                      !> set the normalisation in use
        usrconfig%reset_medium        = .true.                      !> set on the reset
        usrconfig%coordinate_system   = 'cylindrical_2.5D'            !> geometry in use in 2D
        usrconfig%phys_inuse          = 'hd' !'mhd' ! set physique want to be used

        usrconfig%phys_isotherm_on              = .false.!>>HH4647.true. ! use isotherme
        usrconfig%reset_flux_scheme_on          = .true.
        usrconfig%reset_flux_scheme_diffuse     = 'hllcd'
        usrconfig%reset_flux_scheme_thresholdL1_min = 1.0d-6
        usrconfig%reset_flux_scheme_thresholdL1_max = 1.0d20


 /




&usr_physical_unit_list
 phys_unit%unit                  = 'cgs'
 phys_unit%length                = 1.496d14                 ! cm (1 parsec) : par defaut = 1.496d14
 phys_unit%time                  = 3d8                      ! s (2 year) : par defaut = 3d10
 phys_unit%number_density        = 1.0d-6 !>>HH4647                      ! cm^-3 : par defaut = 1.0d8 (1.0d5 pour un milieu ambiant tres peu dense, e.g. a 100cm-3)                      ! cm^-3 : par defaut = 1.0d8 (1.0d5 pour un milieu ambiant tres peu dense, e.g. a 100cm-3)
 phys_unit%chemical_He_abundance = 0.1d0
 phys_unit%chemical_gas_type = 'fullyatomic'
/

!11/12/19 : pour ISM et le projet n°1 de Sylvie Cabrit sur son article de 1997, les paramètres ci-dessous pour l'ISM ont été testés
!et fixées aux valeurs recommandées et correspondant le mieux à la simulation de l'article
 &usr_ism_list
  ism_config%unit               ='cgs'
  ism_config%density            = 1.6d-16         !Li & Shu et 1996b ism density if it set to 0 it will use number_density
  ism_config%number_density     = 0.0d0  !>>HH4647  !2.95d9    !1.0d2     !4.44d6     ! Zheng19 = 2.95d9 cm-3 ! ism number density (1/cm^3) ) of protons n_H = facteur rho_j (e.g. = 100 cm-3) physique dans l'expression du profil de densité rho_c du milieu ambiant
                                            ! and w(ixO^S,phys_ind%rho_)        =  self%myconfig%density = = self%myconfig%number_density*mp = rho_h the mass density of protons
                                            ! si tu l'augmentes e.g. a number_density=1.0d3,
                                            !la valeur rho_c=rho_j de densité au niveau de la frontière inférieure ISM augmente d'un facteur 10
  ism_config%velocity(1)        = 0.0d0       ! ism  speed components (cm/s) R/X : 0.0 = milieu statique
  ism_config%velocity(2)        = 0.0d0!5.d8     ! ism  speed components (cm/s) Z : 0.0 = milieu statique
  ism_config%velocity(3)        = 0.0d0       ! ism  speed components (cm/s)  Y : 0.0 = milieu statique
  ism_config%Mach_number_tomov_obj= 0.0       ! ism  speed components (cm/s)  Y : 0.0 = milieu statique
  ism_config%temperature        = 100.0d0  !<---T_a = 100 K temperature typique
  ism_config%pressure           = 0.0d0     !1.3806485199999997d-12! ism pressure if is set to 0 it will use temperature : äraview trouve a T=100 K et rho_j=100 cm-3 >>> p_j = 2.71055e-12 Ba
  ism_config%tracer_on          = .true.    ! ism tracer
  ism_config%tracer_init_density= 1.0d9!1.0d3     ! ism tracer density
  ism_config%tracer_small_density  =  1.0d-15!1.0d-5

  ism_config%reset_on           = .false.    ! ism reset
  ism_config%reset_coef         = 0.0! 0.0     ! ism reset  coefficient : 19-03-2021 --> don't use it ! it creates bugs when >0.0d0
  ism_config%reset_dtemperature = 1.0d-6    !> set the pressure variation
  ism_config%reset_distance(2)  =  1.01d18  ! ism rest distance
  ism_config%reset_scale(2)     =  5d16     ! ism reset scalling distance

  ism_config%boundary_cond(2,2) = 'open'
  !ism_config%boundary_cond(1,2) = 'fix'
  ism_config%boundary_on        = .true.

ism_config%profile_typeaxial  = 'spherical'!'projection_direction'
ism_config%profile_idir       = 1.0,0.0,0.0       !z=2,r=1  !  ism profile direction

ism_config%profile_center     = 0,0,0

ism_config%profile_density_on = .true. ! Zheng=True ! .false. ! .true. ! ISM set density profile
ism_config%profile_pressure_on= .true. ! Zheng=True ! .false. !.true.
ism_config%theta_floored      = 0.0d0
ism_config%profile_force_on   = .false. ! Zheng=True  !.true.!.false.!.true. ! .false. ! ISM set force profile
ism_config%profile_force_gradP_on = .false.
ism_config%weight_mean = 'arithmetic'
ism_config%weight_analy = 1.0d0
ism_config%weight_num = 3.0d0
ism_config%weight_mean_variable = 'minus_density_grad'
ism_config%profile_rw_force = 2.5d16
ism_config%weight_num_index = 20.0d0
ism_config%weight_analy_index = 20.0d0
ism_config%profile_density    = 'Ulrich1976'!>>HH4647'cabrit1997' ! Zheng19 = 'cabrit1997' !ISM density profile
ism_config%profile_jspec = 8.0782850178d20       !> ISM envelope specific angular momentum
ism_config%profile_Minf  = 2.5203562637184713d20 !> ISM envelope infalling mass-loss rate on the protostar
ism_config%profile_Mstar = 8.94784441814123d32   !> central objet or protostar mass
!Ulrich default parameters
!self%myconfig%profile_jspec = 8.0782850178d20       !> ISM envelope specific angular momentum
!self%myconfig%profile_Minf  = 2.5203562637184713d20 !> ISM envelope infalling mass-loss rate on the protostar
!self%myconfig%profile_Mstar = 8.94784441814123d32   !> central objet or protostar mass
!self%myconfig%profile_rd    = 1.0927333451820418d16 !> ISM envelope lower ﬁducial radius
!self%myconfig%profile_vd    = 7.392732228240198d4   !> ISM envelope kepler velocity at r=profile_rd
!self%myconfig%profile_rho_0 = 2.27205428100406d-18  !> ISM envelope fiducial density



ism_config%profile_zc    = 1.0d16!4.49d14 ! 1.0d16 !4.49d14 ! Zheng19 = 30 au = 4.49d14 cm :  grandeur de normalisation dans le profil de pression/densite (en cm)
ism_config%profile_rw    = 2.5d16 !> ISM reference radius for Lee 2001 profile (in cm)
ism_config%profile_kappa    = 2.0d0 ! Zheng19 = 2 ! indice kappa pour la loi de densité et de pression : 'cabrit1997' <=> kappa=2
ism_config%profile_shiftstart = 0.00d0 !>>HH4647 3.33d14 ! 3.33d14 ! 1.0d15 ! the distance from which the ISM profile is set

ism_config%chemical_gas_type = 'fullyatomic'!>>HH4647'fullyatomic'
ism_config%He_abundance      = 0.1
/

&usr_usrboundary_ism_list
  !usrboundary_config%boundary_type(1,2) = 'fix'!'disc'
  usrboundary_config%boundary_type(2,2) = 'open'
  usrboundary_config%useprimitive       = .true.
  usrboundary_config%flux_frac          = 9.0d-1
/

!11/12/19 : pour le jet et le projet n°1 de Sylvie Cabrit sur son article de 1997, les paramètres ci-dessous pour le jet ont été testés
!et fixées aux valeurs recommandées et correspondant le mieux à la simulation de l'article
&usr_cla_jet_list
    cla_jet_config%unit                  =  'cgs' !> physical unit at parameter file
    cla_jet_config%time_cla_jet_on       =  0.0d0 !> initial time the cla_jet is set in the simulation box

    cla_jet_config%myindice              =  0       !> cla_jet associated indice
    cla_jet_config%density               =  1.795963442083303d-19!<-------Fm=0.6e-7 Msun/yr

    cla_jet_config%number_density        =  0.0d0
    cla_jet_config%temperature           =  100.0d0  !>>HH4647 !> cla_jet temperature  (K)
    cla_jet_config%pressure              =  0.0d0   !> cla_jet pressure
    cla_jet_config%pressure_toism        =  0.0d0   !> cla_jet pressure relative to ism pressure
    cla_jet_config%magnetic(1)           =  0.0d0   !> cla_jet magnetic field components : 0.0d0 = HD
    cla_jet_config%magnetic(2)           =  0.0d0   !> cla_jet magnetic field components : 0.0d0 = HD
    cla_jet_config%magnetic(3)           =  0.0d0   !> cla_jet magnetic field components : 0.0d0 = HD
    cla_jet_config%xisigma               =  0.0d0   !> cla_jet magnetisation : 0.0d0 = HD
    cla_jet_config%magn_anglePHItoPol    =  0.0d0   !> cla_jet magnetisation field incl : 0.0d0 = HD

    cla_jet_config%Mach_number           =  0.0!250.0d0   !> cla_jet  Mach number : Par défaut : Ma = 20
    cla_jet_config%c_sound               =  0.0d0   !> cla_jet  sound speed (cm/s)
    cla_jet_config%velocity(1)           =  0.0d0   !> cla_jet  velocity (radial speed)(cm/s)
    cla_jet_config%velocity(2)           =  1.0d0!1.2d7 !
    cla_jet_config%velocity(3)           =  0.0d0   !> cla_jet  velocity (rotation speed)(cm/s)
    cla_jet_config%velocity_poloidal     =  1.0d0!1.2d7 !<--- norme du vecteur vitesse au niveau de l'inlet du jet
    cla_jet_config%power                 =  0.0d0   !> wind power flux
    cla_jet_config%mass_flux             =  0.0d0   ! 3.15e19 ! flux en H+H^++H2 1.13d21 !1.89d18 ! grammes/s>>>Zhang19 = 0.3e-7 Msun/yr  0.0!9.8525563d16!1.9705112501213315d17!1.3136741667475542d17!!   !> wind mass flux : cabrit1997 = 1.3136741d17 à Vjet = 100 km/s et 1.9705111e+17 à Vjet = 150 km/s (Vjet = 150 km/s ne marche qu a basse resolution de maillage)
                                            ! c'est par l'imposition de cla_jet_config%mass_flux et de cla_jet_config%velocity(2) que la densité est alors imposée à l'intérieur du jet
                                            ! pour avoir :
                                            ! * Vjet = 100 km/s, R_jet = 0.5e16 cm et n_jet = 100 cm-3 >>> mass_flux = 1.3136741667475542e+17 g / s
                                            ! * Vjet = 150 km/s, R_jet = 0.5e16 cm et n_jet = 100 cm-3 >>> mass_flux = 1.9705112501213315e+17 g / s
                                            ! * Vjet = 150 km/s, R_jet = 0.5e16 cm et n_jet = 50 cm-3 >>> mass_flux = 9.8525563e+16 g / s

    cla_jet_config%open_angle            = 3.0d0 !>>HH4647 !>  cla_jet initial open angle  (degre): 0.0d0 = jet droit cylindrique
    cla_jet_config%z_in                  =  -46.275d18 !> cla_jet inner boundary position
    cla_jet_config%variation_n_cells     = 2
    cla_jet_config%z_impos               =  8.22d14 !
    cla_jet_config%z_out_init            =  8.30d14 !
    cla_jet_config%r_out_init            =  7.47d14! <--- 50 UA
    cla_jet_config%r_out_impos           =  7.47d14! <--- 50 UA

    cla_jet_config%r_in_init             =  0.0 !-7.48d14 !> cla_jet inner jet  region : position de la limite gauche du jet en coordonnées cylindriques : à tenir compte dans le calcul de la surface d'éjection du jet et donc du calcul du flux de masse ejectée

    cla_jet_config%tracer_on             =  .true. !> cla_jet logical to set tracer
    cla_jet_config%tracer_init_density   =  1.0d9!> cla_jet tracer density
    cla_jet_config%tracer_small_density  =  1.0d-15!> cla_jet tracer small density
    cla_jet_config%shape                 =  'cartesian'  !> cla_jet shape
    cla_jet_config%profile               =  'none'  !> cla_jet profile


    cla_jet_config%variation_on          =  .true. ! Zhang19 .false. !.true.! to set on  or off the jet-injection in-real-time velocity variability
    cla_jet_config%density_variation_on  =  .true. !<----- vary mass-loss rate !> cla_jet density variation switch
    cla_jet_config%pressure_variation_on =  .true. !<----- vary constant jet temperature !> cla_jet pressure variation switch : enables constant temperature in the jet inlet
    cla_jet_config%density_variation_profile =  'same_as_velocity' !<----- which variability apply to pressure and/or pressure
    cla_jet_config%variation_start_time  =  0.0d0 !time (in s in cgs) at which to begin the time variability : 0.0 to begin at the start of the simulation
    cla_jet_config%variation_end_time    =  4d15
    cla_jet_config%variation_velocity_amplitude =  1.0d0!1.2d7 !<--- norme du vecteur vitesse au niveau de l'inlet du jet (aux yeux du code, c'est une autre variable qu'on a oublié, surtout moi, de retirer quand on a rajouté   le paramètre cla_jet_config%velocity_poloidal en ouvrant le jet, donc par sécurité, comme je ne sais pas si on l'utilise toujours ailleurs, fixons la même valeur qu'au-dessus)
    cla_jet_config%variation_velocity_poloidal =  0.0d0!6.0d6 !<------ variation de la norme du vecteur vitesse du jet
    cla_jet_config%variation_velocity(1) =  0.0d0
    cla_jet_config%variation_velocity(2) =  0.0d0!6.0d6 !<------ variation de la norme du vecteur vitesse du jet
    cla_jet_config%variation_velocity(3) =  0.0d0
    cla_jet_config%variation_time        =  9.46728d9!<---- 300 ans
    cla_jet_config%variation_position    =  0.0d0,8.22d14 ,0.0d0!0.0d0,8.22d14 ,0.0d0 !>>HH4647 !0.0d0, 1d15 ,0.0d0 !0.0d0, 1.495978707d14,0.0d0 ! = 0,10 au,0position (in 3d : if cylindrical : phi = 3, z=2, r=1) under which is set the time variability : default = 0,3d15,0
    cla_jet_config%variation_type        =  'sawtooth2' !
    cla_jet_config%variation_phys_nvariable   = 1  ! number of physical variable with variation
    cla_jet_config%variation_phys_variable(1) =  3 ! 3 mean the velocity in Z direction

    cla_jet_config%refine_min_level      = 3
    cla_jet_config%chemical_gas_type     = 'fullyatomic' !>>HH4647



/
 ---------------------------------------------------------------------------
 ---------------------------------------------------------------------------
 |         __  __ ____ ___        _    __  __ ______     ___    ____       |
 |        |  \/  |  _ \_ _|      / \  |  \/  |  _ \ \   / / \  / ___|      |
 |        | |\/| | |_) | |_____ / _ \ | |\/| | |_) \ \ / / _ \| |          |
 |        | |  | |  __/| |_____/ ___ \| |  | |  _ < \ V / ___ \ |___       |
 |        |_|  |_|_|  |___|   /_/   \_\_|  |_|_| \_\ \_/_/   \_\____|      |
 --------------------------------------------------------------------------
 ---------------------------------------------------------------------------
  End of reading of the usr_list
  End of reading of the usr_list
  End of reading of the usr_list
  End of reading of the usr_list
  End of reading of the usr_list
  End of reading of the usr_list
  End of reading of the usr_list
  End of reading of the usr_list
  End of reading of the usr_list
 Reading usr_list
  End of reading of the usr_list
  End of reading of the usr_list
  End of reading of the usr_list
  End of reading of the usr_list
  End of reading of the usr_list
  End of reading of the usr_list
  End of reading of the usr_list
  End of reading of the usr_list
  End of reading of the usr_list
  End of reading of the usr_list
  End of reading of the usr_list
  End of reading of the usr_list
  End of reading of the usr_list
 Reading usr_physical_values_list
  End of reading of the usr_list
  End of reading of the usr_list
 Reading usr_ism_list
  End of reading of the hd_list
  End of reading of the hd_list
  End of reading of the hd_list
  End of reading of the hd_list
  End of reading of the hd_list
 End of Reading 
 usr_ismlist0                                                                  
 Reading usr_boundary_list           1 
 boundary                                                                      
  End of reading of the hd_list
  End of reading of the hd_list
  End of reading of the hd_list
  End of reading of the hd_list
  End of reading of the hd_list
  End of reading of the hd_list
  End of reading of the hd_list
  End of reading of the hd_list
  End of reading of the hd_list
  End of reading of the hd_list
  End of reading of the hd_list
  End of reading of the hd_list
  End of reading of the hd_list
 End of Reading 
 usr_boundarylist1                                                             
  End of reading of the hd_list
  End of reading of the hd_list
  End of reading of the hd_list
  End of reading of the hd_list
  End of reading of the hd_list
  End of reading of the hd_list
 Reading Ulrich1976.par
 End par file read
 
 Output type | dtsave    | ditsave | itsave(1) | tsave(1)
         log | 0.105E+00 | ******  |      0    | *********
      normal | 0.105E+02 | ******  |      0    | *********
       slice | ********* | ******  | ******    | *********
   collapsed | ********* | ******  | ******    | *********
    analysis | ********* | ******  | ******    | *********
 
                 typelimited: predictor                                                                                                                          
         Domain size (cells): 960 960 
                Level one dx: 0.209E+01 0.209E+01 
           Refine estimation: Lohner's scheme
                   slicenext: 0
                collapsenext: 0
           restart_from_file:  undefined
                  converting: F

 rW =   2.500000000000000E+016  cm
 rD =   1.092733345182041E+016  cm
 vK =    73927.3222824020       cm/s
 rho_0 =   2.272054281004061E-018  g/cm3
 r = (rD/rw) =    2.28784086348488     
 rho_a0 =   1.166389483226784E-018  g/cm3
 nH_a0 =    498101.457614819       cm-3
 rW =   2.500000000000000E+016  cm
 rD =   1.092733345182041E+016  cm
 vK =    73927.3222824020       cm/s
 rho_0 =   2.272054281004061E-018  g/cm3
 r = (rD/rw) =    2.28784086348488     
 rho_a0 =   1.166389483226784E-018  g/cm3
 nH_a0 =    498101.457614819       cm-3
 rW =   2.500000000000000E+016  cm
 rD =   1.092733345182041E+016  cm
 vK =    73927.3222824020       cm/s
 rho_0 =   2.272054281004061E-018  g/cm3
 r = (rD/rw) =    2.28784086348488     
 rho_a0 =   1.166389483226784E-018  g/cm3
 nH_a0 =    498101.457614819       cm-3
 rW =   2.500000000000000E+016  cm
 rD =   1.092733345182041E+016  cm
 vK =    73927.3222824020       cm/s
 rho_0 =   2.272054281004061E-018  g/cm3
 r = (rD/rw) =    2.28784086348488     
 rho_a0 =   1.166389483226784E-018  g/cm3
 nH_a0 =    498101.457614819       cm-3
 rW =   2.500000000000000E+016  cm
 rD =   1.092733345182041E+016  cm
 vK =    73927.3222824020       cm/s
 rho_0 =   2.272054281004061E-018  g/cm3
 r = (rD/rw) =    2.28784086348488     
 rho_a0 =   1.166389483226784E-018  g/cm3
 nH_a0 =    498101.457614819       cm-3
 rW =   2.500000000000000E+016  cm
 rD =   1.092733345182041E+016  cm
 vK =    73927.3222824020       cm/s
 rho_0 =   2.272054281004061E-018  g/cm3
 r = (rD/rw) =    2.28784086348488     
 rho_a0 =   1.166389483226784E-018  g/cm3
 nH_a0 =    498101.457614819       cm-3
 rW =   2.500000000000000E+016  cm
 rD =   1.092733345182041E+016  cm
 vK =    73927.3222824020       cm/s
 rho_0 =   2.272054281004061E-018  g/cm3
 r = (rD/rw) =    2.28784086348488     
 rho_a0 =   1.166389483226784E-018  g/cm3
 nH_a0 =    498101.457614819       cm-3
 rW =   2.500000000000000E+016  cm
 rD =   1.092733345182041E+016  cm
 vK =    73927.3222824020       cm/s
 rho_0 =   2.272054281004061E-018  g/cm3
 r = (rD/rw) =    2.28784086348488     
 rho_a0 =   1.166389483226784E-018  g/cm3
 nH_a0 =    498101.457614819       cm-3
 rW =   2.500000000000000E+016  cm
 rD =   1.092733345182041E+016  cm
 vK =    73927.3222824020       cm/s
 rho_0 =   2.272054281004061E-018  g/cm3
 r = (rD/rw) =    2.28784086348488     
 rho_a0 =   1.166389483226784E-018  g/cm3
 nH_a0 =    498101.457614819       cm-3
 rW =   2.500000000000000E+016  cm
 rD =   1.092733345182041E+016  cm
 vK =    73927.3222824020       cm/s
 rho_0 =   2.272054281004061E-018  g/cm3
 r = (rD/rw) =    2.28784086348488     
 rho_a0 =   1.166389483226784E-018  g/cm3
 nH_a0 =    498101.457614819       cm-3
 rW =   2.500000000000000E+016  cm
 rD =   1.092733345182041E+016  cm
 vK =    73927.3222824020       cm/s
 rho_0 =   2.272054281004061E-018  g/cm3
 r = (rD/rw) =    2.28784086348488     
 rho_a0 =   1.166389483226784E-018  g/cm3
 nH_a0 =    498101.457614819       cm-3
 rW =   2.500000000000000E+016  cm
 rD =   1.092733345182041E+016  cm
 vK =    73927.3222824020       cm/s
 rho_0 =   2.272054281004061E-018  g/cm3
 r = (rD/rw) =    2.28784086348488     
 rho_a0 =   1.166389483226784E-018  g/cm3
 nH_a0 =    498101.457614819       cm-3
 rW =   2.500000000000000E+016  cm
 rD =   1.092733345182041E+016  cm
 vK =    73927.3222824020       cm/s
 rho_0 =   2.272054281004061E-018  g/cm3
 r = (rD/rw) =    2.28784086348488     
 rho_a0 =   1.166389483226784E-018  g/cm3
 nH_a0 =    498101.457614819       cm-3
 rW =   2.500000000000000E+016  cm
 rD =   1.092733345182041E+016  cm
 vK =    73927.3222824020       cm/s
 rho_0 =   2.272054281004061E-018  g/cm3
 r = (rD/rw) =    2.28784086348488     
 rho_a0 =   1.166389483226784E-018  g/cm3
 nH_a0 =    498101.457614819       cm-3
 rW =   2.500000000000000E+016  cm
 rD =   1.092733345182041E+016  cm
 vK =    73927.3222824020       cm/s
 rho_0 =   2.272054281004061E-018  g/cm3
 r = (rD/rw) =    2.28784086348488     
 rho_a0 =   1.166389483226784E-018  g/cm3
 nH_a0 =    498101.457614819       cm-3
 rW =   2.500000000000000E+016  cm
 rD =   1.092733345182041E+016  cm
 vK =    73927.3222824020       cm/s
 rho_0 =   2.272054281004061E-018  g/cm3
 r = (rD/rw) =    2.28784086348488     
 rho_a0 =   1.166389483226784E-018  g/cm3
 nH_a0 =    498101.457614819       cm-3
 rW =   2.500000000000000E+016  cm
 rD =   1.092733345182041E+016  cm
 vK =    73927.3222824020       cm/s
 rho_0 =   2.272054281004061E-018  g/cm3
 r = (rD/rw) =    2.28784086348488     
 rho_a0 =   1.166389483226784E-018  g/cm3
 nH_a0 =    498101.457614819       cm-3
 rW =   2.500000000000000E+016  cm
 rD =   1.092733345182041E+016  cm
 vK =    73927.3222824020       cm/s
 rho_0 =   2.272054281004061E-018  g/cm3
 r = (rD/rw) =    2.28784086348488     
 rho_a0 =   1.166389483226784E-018  g/cm3
 nH_a0 =    498101.457614819       cm-3
 rW =   2.500000000000000E+016  cm
 rD =   1.092733345182041E+016  cm
 vK =    73927.3222824020       cm/s
 rho_0 =   2.272054281004061E-018  g/cm3
 r = (rD/rw) =    2.28784086348488     
 rho_a0 =   1.166389483226784E-018  g/cm3
 nH_a0 =    498101.457614819       cm-3
 rW =   2.500000000000000E+016  cm
 rD =   1.092733345182041E+016  cm
 vK =    73927.3222824020       cm/s
 rho_0 =   2.272054281004061E-018  g/cm3
 r = (rD/rw) =    2.28784086348488     
 rho_a0 =   1.166389483226784E-018  g/cm3
 nH_a0 =    498101.457614819       cm-3
 rW =   2.500000000000000E+016  cm
 rD =   1.092733345182041E+016  cm
 vK =    73927.3222824020       cm/s
 rho_0 =   2.272054281004061E-018  g/cm3
 r = (rD/rw) =    2.28784086348488     
 rho_a0 =   1.166389483226784E-018  g/cm3
 nH_a0 =    498101.457614819       cm-3
 rW =   2.500000000000000E+016  cm
 rD =   1.092733345182041E+016  cm
 vK =    73927.3222824020       cm/s
 rho_0 =   2.272054281004061E-018  g/cm3
 r = (rD/rw) =    2.28784086348488     
 rho_a0 =   1.166389483226784E-018  g/cm3
 nH_a0 =    498101.457614819       cm-3
 rW =   2.500000000000000E+016  cm
 rD =   1.092733345182041E+016  cm
 vK =    73927.3222824020       cm/s
 rho_0 =   2.272054281004061E-018  g/cm3
 r = (rD/rw) =    2.28784086348488     
 rho_a0 =   1.166389483226784E-018  g/cm3
 nH_a0 =    498101.457614819       cm-3
 rW =   2.500000000000000E+016  cm
 rD =   1.092733345182041E+016  cm
 vK =    73927.3222824020       cm/s
 rho_0 =   2.272054281004061E-018  g/cm3
 r = (rD/rw) =    2.28784086348488     
 rho_a0 =   1.166389483226784E-018  g/cm3
 nH_a0 =    498101.457614819       cm-3
 the ism temperature =    100.000000000000     
 ism density  1.166389483226784E-018
 ism nH   498101.457614819     
 phys_config%He_abundance  0.100000000000000     
 in mod_obj_usr_unit.t usr_physical_unit_fillphysunit subroutine: 
 ism density  2.341670487800000E-030
 ism ndensity  1.000000000000000E-006
 ism pressure  5.822995576026895E-019
 ism temperature   3834.16285288672     
 Jet start :-)
 -------------------------------------------------------------------------------
 Startup phase took :             0.919 sec
 -------------------------------------------------------------------------------
 Start integrating, print status every  3.00E+01 seconds
        it        time          dt  wc-time(s)
         0   0.000E+00   1.304E-04   1.812E-02
In CGS          0 T=   0.000E+00 dT=   3.912E+04
 -------------------------------------------------------------------------------
 Saving visual data. Coordinate directions and variable names are:
          -1 R               
           0 Z               
           1 rho             rho             
           2 v1              v1              
           3 v2              v2              
           4 v3              v3              
           5 p               p               
           6 tracer_ism      tracer_ism      
           7 trp2            trp2            
           8 mup             mup             
           9 mach_number     mach_number     
          10 temperature     temperature     
          11 level           level           
          12 number density  number density  
          13 gravfield1      gravfield1      
          14 gravfield2      gravfield2      
          15 gravfield3      gravfield3      
 time =  0.000000000000000E+000
 -------------------------------------------------------------------------------
        47   9.864E-02   3.801E-03   3.005E+01
In CGS         47 T=   2.959E+07 dT=   1.140E+06
       151   8.046E-01   1.200E-02   6.027E+01
In CGS        151 T=   2.414E+08 dT=   3.601E+06
       254   2.335E+00   2.111E-02   9.035E+01
In CGS        254 T=   7.005E+08 dT=   6.333E+06
       357   4.686E+00   2.865E-02   1.205E+02
In CGS        357 T=   1.406E+09 dT=   8.594E+06
       460   7.398E+00   3.505E-02   1.506E+02
In CGS        460 T=   2.220E+09 dT=   1.052E+07
       551   1.056E+01   4.145E-02   1.950E+02
In CGS        551 T=   3.168E+09 dT=   1.244E+07
       654   1.418E+01   1.755E-02   2.252E+02
In CGS        654 T=   4.255E+09 dT=   5.266E+06
       757   1.778E+01   5.086E-02   2.553E+02
In CGS        757 T=   5.333E+09 dT=   1.526E+07
       832   2.109E+01   5.041E-02   2.951E+02
In CGS        832 T=   6.328E+09 dT=   1.512E+07
       934   2.646E+01   4.703E-02   3.253E+02
In CGS        934 T=   7.938E+09 dT=   1.411E+07
      1032   3.162E+01   4.403E-02   3.722E+02
In CGS       1032 T=   9.486E+09 dT=   1.321E+07
      1132   3.688E+01   4.439E-02   4.024E+02
In CGS       1132 T=   1.106E+10 dT=   1.332E+07
      1232   4.214E+01   4.282E-02   4.500E+02
In CGS       1232 T=   1.264E+10 dT=   1.285E+07
      1333   4.744E+01   6.301E-02   4.801E+02
In CGS       1333 T=   1.423E+10 dT=   1.890E+07
      1432   5.266E+01   4.105E-02   5.273E+02
In CGS       1432 T=   1.580E+10 dT=   1.232E+07
      1533   5.796E+01   6.313E-02   5.575E+02
In CGS       1533 T=   1.739E+10 dT=   1.894E+07
      1632   6.318E+01   4.241E-02   6.054E+02
In CGS       1632 T=   1.895E+10 dT=   1.272E+07
      1726   6.812E+01   4.247E-02   6.356E+02
In CGS       1726 T=   2.044E+10 dT=   1.274E+07
      1822   7.317E+01   4.141E-02   6.658E+02
In CGS       1822 T=   2.195E+10 dT=   1.242E+07
      1860   7.517E+01   4.124E-02   6.960E+02
In CGS       1860 T=   2.255E+10 dT=   1.237E+07
      1956   8.022E+01   4.288E-02   7.262E+02
In CGS       1956 T=   2.407E+10 dT=   1.286E+07
      2032   8.422E+01   4.139E-02   7.686E+02
In CGS       2032 T=   2.527E+10 dT=   1.242E+07
      2128   8.927E+01   4.071E-02   7.989E+02
In CGS       2128 T=   2.678E+10 dT=   1.221E+07
      2224   9.432E+01   4.144E-02   8.292E+02
In CGS       2224 T=   2.829E+10 dT=   1.243E+07
      2261   9.625E+01   6.283E-02   8.592E+02
In CGS       2261 T=   2.888E+10 dT=   1.885E+07
      2357   1.013E+02   6.370E-02   8.895E+02
In CGS       2357 T=   3.039E+10 dT=   1.911E+07
      2432   1.053E+02   4.053E-02   9.316E+02
In CGS       2432 T=   3.158E+10 dT=   1.216E+07
      2528   1.103E+02   4.070E-02   9.618E+02
In CGS       2528 T=   3.309E+10 dT=   1.221E+07
      2624   1.154E+02   4.067E-02   9.921E+02
In CGS       2624 T=   3.461E+10 dT=   1.220E+07
      2658   1.171E+02   4.044E-02   1.022E+03
In CGS       2658 T=   3.514E+10 dT=   1.213E+07
      2754   1.222E+02   4.071E-02   1.053E+03
In CGS       2754 T=   3.666E+10 dT=   1.221E+07
      2832   1.263E+02   4.084E-02   1.096E+03
In CGS       2832 T=   3.789E+10 dT=   1.225E+07
      2927   1.313E+02   6.537E-02   1.127E+03
In CGS       2927 T=   3.938E+10 dT=   1.961E+07
      3021   1.362E+02   6.467E-02   1.157E+03
In CGS       3021 T=   4.087E+10 dT=   1.940E+07
      3054   1.380E+02   4.092E-02   1.187E+03
In CGS       3054 T=   4.139E+10 dT=   1.227E+07
      3148   1.429E+02   3.895E-02   1.217E+03
In CGS       3148 T=   4.288E+10 dT=   1.169E+07
      3232   1.473E+02   4.014E-02   1.263E+03
In CGS       3232 T=   4.420E+10 dT=   1.204E+07
      3326   1.523E+02   4.065E-02   1.294E+03
In CGS       3326 T=   4.568E+10 dT=   1.219E+07
      3420   1.572E+02   4.052E-02   1.324E+03
In CGS       3420 T=   4.717E+10 dT=   1.216E+07
      3453   1.589E+02   6.449E-02   1.354E+03
In CGS       3453 T=   4.768E+10 dT=   1.935E+07
      3547   1.639E+02   6.690E-02   1.384E+03
In CGS       3547 T=   4.917E+10 dT=   2.007E+07
      3632   1.684E+02   3.914E-02   1.431E+03
In CGS       3632 T=   5.051E+10 dT=   1.174E+07
      3725   1.733E+02   6.746E-02   1.461E+03
In CGS       3725 T=   5.198E+10 dT=   2.024E+07
      3819   1.782E+02   6.175E-02   1.492E+03
In CGS       3819 T=   5.346E+10 dT=   1.853E+07
      3851   1.799E+02   6.587E-02   1.522E+03
In CGS       3851 T=   5.396E+10 dT=   1.976E+07
      3943   1.847E+02   6.095E-02   1.552E+03
In CGS       3943 T=   5.542E+10 dT=   1.829E+07
      4032   1.894E+02   4.335E-02   1.601E+03
In CGS       4032 T=   5.682E+10 dT=   1.300E+07
      4125   1.943E+02   6.521E-02   1.631E+03
In CGS       4125 T=   5.829E+10 dT=   1.956E+07
      4218   1.992E+02   3.988E-02   1.661E+03
In CGS       4218 T=   5.976E+10 dT=   1.196E+07
      4249   2.008E+02   6.404E-02   1.691E+03
In CGS       4249 T=   6.024E+10 dT=   1.921E+07
      4342   2.057E+02   4.110E-02   1.722E+03
In CGS       4342 T=   6.171E+10 dT=   1.233E+07
      4432   2.104E+02   4.129E-02   1.771E+03
In CGS       4432 T=   6.313E+10 dT=   1.239E+07
      4528   2.155E+02   4.102E-02   1.801E+03
In CGS       4528 T=   6.465E+10 dT=   1.231E+07
      4626   2.207E+02   4.049E-02   1.832E+03
In CGS       4626 T=   6.620E+10 dT=   1.215E+07
      4659   2.224E+02   6.523E-02   1.862E+03
In CGS       4659 T=   6.671E+10 dT=   1.957E+07
      4757   2.275E+02   6.243E-02   1.892E+03
In CGS       4757 T=   6.826E+10 dT=   1.873E+07
      4832   2.315E+02   2.762E-02   1.934E+03
In CGS       4832 T=   6.945E+10 dT=   8.287E+06
      4933   2.368E+02   7.940E-02   1.964E+03
In CGS       4933 T=   7.104E+10 dT=   2.382E+07
      5032   2.420E+02   2.687E-02   2.012E+03
In CGS       5032 T=   7.261E+10 dT=   8.060E+06
      5135   2.474E+02   6.364E-02   2.042E+03
In CGS       5135 T=   7.422E+10 dT=   1.909E+07
      5232   2.525E+02   3.754E-02   2.089E+03
In CGS       5232 T=   7.576E+10 dT=   1.126E+07
      5332   2.578E+02   2.587E-02   2.119E+03
In CGS       5332 T=   7.734E+10 dT=   7.760E+06
      5432   2.630E+02   3.873E-02   2.166E+03
In CGS       5432 T=   7.891E+10 dT=   1.162E+07
      5537   2.686E+02   6.221E-02   2.196E+03
In CGS       5537 T=   8.057E+10 dT=   1.866E+07
      5632   2.736E+02   4.264E-02   2.242E+03
In CGS       5632 T=   8.207E+10 dT=   1.279E+07
      5736   2.790E+02   4.369E-02   2.272E+03
In CGS       5736 T=   8.371E+10 dT=   1.311E+07
      5832   2.841E+02   4.290E-02   2.319E+03
In CGS       5832 T=   8.522E+10 dT=   1.287E+07
      5938   2.897E+02   4.312E-02   2.349E+03
In CGS       5938 T=   8.690E+10 dT=   1.294E+07
      6032   2.946E+02   4.441E-02   2.395E+03
In CGS       6032 T=   8.838E+10 dT=   1.332E+07
      6136   3.001E+02   4.492E-02   2.425E+03
In CGS       6136 T=   9.002E+10 dT=   1.348E+07
      6232   3.051E+02   4.551E-02   2.472E+03
In CGS       6232 T=   9.153E+10 dT=   1.365E+07
      6337   3.106E+02   5.998E-02   2.502E+03
In CGS       6337 T=   9.319E+10 dT=   1.799E+07
      6432   3.156E+02   4.351E-02   2.548E+03
In CGS       6432 T=   9.469E+10 dT=   1.305E+07
      6537   3.212E+02   6.149E-02   2.578E+03
In CGS       6537 T=   9.635E+10 dT=   1.845E+07
      6632   3.262E+02   4.396E-02   2.627E+03
In CGS       6632 T=   9.785E+10 dT=   1.319E+07
      6721   3.308E+02   6.281E-02   2.657E+03
In CGS       6721 T=   9.925E+10 dT=   1.884E+07
      6810   3.355E+02   4.253E-02   2.687E+03
In CGS       6810 T=   1.007E+11 dT=   1.276E+07
      6836   3.369E+02   4.120E-02   2.717E+03
In CGS       6836 T=   1.011E+11 dT=   1.236E+07
      6925   3.416E+02   6.290E-02   2.747E+03
In CGS       6925 T=   1.025E+11 dT=   1.887E+07
      7013   3.462E+02   6.360E-02   2.777E+03
In CGS       7013 T=   1.039E+11 dT=   1.908E+07
      7037   3.474E+02   6.487E-02   2.808E+03
In CGS       7037 T=   1.042E+11 dT=   1.946E+07
      7125   3.521E+02   8.084E-02   2.838E+03
In CGS       7125 T=   1.056E+11 dT=   2.425E+07
      7213   3.567E+02   7.761E-02   2.868E+03
In CGS       7213 T=   1.070E+11 dT=   2.328E+07
      7237   3.580E+02   7.882E-02   2.898E+03
In CGS       7237 T=   1.074E+11 dT=   2.365E+07
      7325   3.626E+02   6.779E-02   2.928E+03
In CGS       7325 T=   1.088E+11 dT=   2.034E+07
      7413   3.672E+02   6.673E-02   2.958E+03
In CGS       7413 T=   1.102E+11 dT=   2.002E+07
      7438   3.686E+02   3.784E-02   2.988E+03
In CGS       7438 T=   1.106E+11 dT=   1.135E+07
      7526   3.732E+02   3.801E-02   3.019E+03
In CGS       7526 T=   1.120E+11 dT=   1.140E+07
      7614   3.778E+02   4.065E-02   3.049E+03
In CGS       7614 T=   1.133E+11 dT=   1.220E+07
      7638   3.791E+02   4.076E-02   3.079E+03
In CGS       7638 T=   1.137E+11 dT=   1.223E+07
      7726   3.837E+02   4.022E-02   3.109E+03
In CGS       7726 T=   1.151E+11 dT=   1.207E+07
      7814   3.883E+02   4.627E-02   3.139E+03
In CGS       7814 T=   1.165E+11 dT=   1.388E+07
      7838   3.896E+02   4.117E-02   3.169E+03
In CGS       7838 T=   1.169E+11 dT=   1.235E+07
      7926   3.942E+02   4.146E-02   3.200E+03
In CGS       7926 T=   1.183E+11 dT=   1.244E+07
      8014   3.988E+02   3.964E-02   3.230E+03
In CGS       8014 T=   1.197E+11 dT=   1.189E+07
      8038   4.001E+02   4.104E-02   3.260E+03
In CGS       8038 T=   1.200E+11 dT=   1.231E+07
      8126   4.047E+02   4.067E-02   3.290E+03
In CGS       8126 T=   1.214E+11 dT=   1.220E+07
      8216   4.095E+02   4.098E-02   3.321E+03
In CGS       8216 T=   1.228E+11 dT=   1.229E+07
      8242   4.108E+02   4.101E-02   3.351E+03
In CGS       8242 T=   1.233E+11 dT=   1.230E+07
      8336   4.158E+02   4.101E-02   3.381E+03
In CGS       8336 T=   1.247E+11 dT=   1.230E+07
mpiexec: Forwarding signal 18 to job
slurmstepd-tycho64: error: *** JOB 2899505 ON tycho64 CANCELLED AT 2022-02-23T12:12:13 ***
