mkdir: cannot create directory ‘Ulrich1976_limitinflow_no_jet’: File exists
2934133
tycho66
/scratch/mrabenanahary/run.2934133.Ulrich1976_limitinflow_no_jet
::::::::::::::
Ulrich1976_limitinflow_no_jet.par
::::::::::::::
!==============================================================
! Project : YSO JET MIALY
! Aim     :
! Results :
! Method  : Use cartesian coordinate
!
! Update  : 22/11/2019
! configuration :
! Openmpi/gfortran or intel or ....
! $AMRVAC_DIR/setup.pl -d=2 -phys=hd -arch=default
! with intel
! $AMRVAC_DIR/setup.pl -d=2 -phys=hd -arch=intel
!==============================================================

 &filelist
        base_filename='Output/Ulrich1976_limitinflow_no_jet/Jet_CC_'
        saveprim=.true.
        autoconvert=.true.
        convert_type='vtuBCCmpi'
        nwauxio = 7
        /
        !restart_from_file='Output/Ulrich1976_limitinflow/Jet_CC_0061.dat'
        /
        convert = .true.



        snapshotnext =0326
/




/
        nwauxio=10




/


 &savelist
        itsave(1,1)=0
        itsave(1,2)=0
        dtsave_log=3.1557600d7   ! 1 year 3.1557600d6 = 0.1 yr
	!ditsave_log =50
        dtsave_dat=  3.1557600d9! 10 yr!6.31152d8!20 yrs !1.57788000d9!50 yrs !3.1557600d9! 1 yrdensitys  1.57788000d8!5 yrs !3.1557600d7   ! 100 year; 3.1557600d7 = 1 yr
        !ditsave_dat =1
 /

        ditsave_log = 1
        ditsave_dat =1
        dtsave_dat =21.08

 &stoplist

        dtmin=1.0d-13
        !time_max= 99d15 ! years
        time_max=  3.15576d11 ! 10000 yrs 6.31152d11!2e4 yrs 3.15576d11 ! 10000 yrs 1.26e10! 400 yrs !3.786912d10! 1200 yrs ! 1.90607904d10!604 yrs ! 1.893456d10!600 yrs ! 3.15576d10! 1000yrs!6.31152d10! 2000 yrs ! 3.15576d11! 10000yrs ! 1.262304d10!400yrs!3.15576d9!3.15576d10! 1000yrs  !1.893456e11!600yrs!!9.46728d9!300yrs!6.311520000d9!7.8894d9!9.46728d9!7.8894d9 ! in s from years : 7.8894d9 = 250 yrs
        !it_max=100


/
  reset_it=.true.

          it_init=0






 &methodlist
        time_integrator          =  'twostep'
        typepred1                =  20*'hllc'!>>HH4647 !'hllcd'!si vraiment ça ne marche pas, essayer :! 'hll'! si au bord persiste des problemes, essayer : ! 'tvdlf'
        flux_scheme              =  20*'hllc'!,18*'tvdlf'!>>HH4647 !'hllcd'!si vraiment ça ne marche pas, essayer :! 'hll'! si au bord persiste des problemes, essayer : ! 'tvdlf'
        limiter                  =  20*'minmod'!>>HH4647 !'koren'!'cada3'
        small_pressure           = 1.0d-9
        small_density            = 1.0d-8
        small_values_method      =  'average'
        small_values_daverage    = 8

        check_small_values       = .true.
        small_values_force_floor = .true.
        loglimit(1) = .false.
        angmomfix=.true.


 /
         loglimit(4) = .true.
         loglimit(1)            = .true.
         loglimit(5)            = .true.
         loglimit(6)            = .true.
         loglimit(7)            = .true.
        tvdlfeps=0.5d0

 &boundlist
        internalboundary  = .true.
        nghostcells       = 2
        !                     RHO,   Vr,     Vz,   Vphi,   P,     traceur1,traceur2
        typeboundary_min1 =  'symm','asymm','symm','asymm','symm',2*'symm'!, ! C.L. gauche <=> rmin
        typeboundary_max1 =  7*'cont'                                    ! C.L. droite <=> rmax
        typeboundary_min2 =  'symm','symm','limitinflow','symm','symm',2*'symm'!7*'special'!'symm','symm','asymm','symm','symm',2*'symm'!                                    ! C.L. inférieure <=> zmin
        typeboundary_max2 =  7*'cont'                                        ! C.L. supérieure <=> zmax                                      ! C.L. supérieure <=> zmax

/
        typeboundary_max3 = 8*'cont'                                         ! C.L. arrière <=> phi/profondeur max
        typeboundary_min3 = 8*'cont'                                         ! C.L. avant <=> phi/profondeur min
 /

 &meshlist
        ! grid at level 1
        xprobmin1 =  0.0d0    ! cm
        xprobmax1 =  3.0d17! <--- r_max=7e16cm
        xprobmin2 =  0.0d0    ! cm
        xprobmax2 =  3.0d17! <--- z_max=1.9e17cm

        ! total cell at level 1
        domain_nx1= 240! <---dr=1.25e15 cm at lvl 1
        domain_nx2= 240! <---dr=1.25e15 cm at lvl 1
        ! number of cell by block
        block_nx1 = 8!8!
        block_nx2 = 8!8!

        ! AMR configuration
        refine_criterion=3
        refine_max_level=5 !<--- dr=dz=7.8125e13 cm au lvl 5
        refine_threshold=20*0.01d0
        derefine_ratio=20*1d-3
        w_refine_weight(1)=0.5d0
        w_refine_weight(2)=0.165d0
        w_refine_weight(3)=0.165d0
        w_refine_weight(4)=0.17d0
      !  w_refine_weight(9)=1.0d0

        max_blocks = 20000
        ! can be added when is needed
        prolongprimitive= .false.
        coarsenprimitive= .false.
        /







 /
        stretched_grid    = .true.
        stretched_dim(1)  = .true.
        stretched_dim(2)  = .true.
        itfixgrid =0

 &paramlist
        typecourant         = 'maxsum'
        courantpar          = 0.8d0
        slowsteps           = 500
        small_getdt_average = .true.
        small_dt_coef       = 1.0d-5
 /

  &hd_list
         hd_energy            = .true. !non-adiabatic: enables energy solving
         hd_gamma             = 1.666666667         
         SI_unit              = .false.  ! use cgs
         He_abundance         = 0.1d0                     !

         hd_dust              = .false.   ! dust off
         hd_radiative_cooling = .false. !>>HH4647 .false.!.true.    ! cooling on
         hd_gravity	       = .true. !>>HH4647 .false.!.true.    ! gravity on
         hd_chemical          = .false.   ! use chemical
         hd_n_tracer          = 2
         hd_mean_mup_on       = .true. !>>HH4647 .true.
         hd_chemical_gas_type = 'fullyatomic'
   /

  &grav_list 
  	grav_split=.false.
   /

 !'MLcosmol' : 'Use Mellema & Lundqvist (2002) cooling curve for zero metallicity '
 !'SPEX_DM'  : 'Use SPEX cooling curve for solar metallicity above 10^4 K. At lower temperatures,use Dalgarno & McCray (1972), with a pre-set ionization fraction of 10^-3 as described by Schure et al. (2009). '
   &rc_list
         ncool            = 4000
         coolcurve        = 'SPEX_DM'!'MLcosmol' !
         coolmethod       = 'exact'
         cfrac            = 1.d0
         Tfix             = .false.
         tlow             = 110 !<--- T_low = 110 K comme limite inférieure de la table de cooling afin d'éviter que le jet à 100 K ne se mette à refroidir par radiative cooling, ce qui serait non-physique
         coolsaveL        = .true.
         coolsavedT       = .true.
         He_abundance = 0.1d0
         rc_chemical_gas_type = 'fullyatomic'
   /


 &dust_list
     dust_n_species           = 2
     dust_min_rho             = 1.0d-10
     gas_mu                   = 1.0d0
     dust_method              = 'Kwok'
     dust_small_to_zero       = .true.
     dust_temperature         = 1.0d0
     dust_temperature_type    = 'silicate'
     dust_source_split        = .false.
     dust_it_diff             = 50000
   /





 &usr_list
        usrconfig%ism_on              = .true.                      !> set ism
        usrconfig%cloud_on            = .false.                      !> set cloud
        usrconfig%cloud_structure     = 2                           !> cloud structure type
        usrconfig%jet_yso_on          = .false. !>>HH4647.false.!.false.!.false.!                      !> set a jet
        usrconfig%physunit_on         = .true.                      !> set the normalisation in use
        usrconfig%reset_medium        = .true.                      !> set on the reset
        usrconfig%coordinate_system   = 'cylindrical_2.5D'            !> geometry in use in 2D
        usrconfig%phys_inuse          = 'hd' !'mhd' ! set physique want to be used

        usrconfig%phys_isotherm_on              = .false.!>>HH4647.true. ! use isotherme
        usrconfig%reset_flux_scheme_on          = .true.
        usrconfig%reset_flux_scheme_diffuse     = 'hllc'
        usrconfig%reset_flux_scheme_thresholdL1_min = 1.0d-6
        usrconfig%reset_flux_scheme_thresholdL1_max = 1.0d20


 /




&usr_physical_unit_list
 phys_unit%unit                  = 'cgs'
 phys_unit%length                = 1.496d14                 ! cm (1 parsec) : par defaut = 1.496d14
 phys_unit%time                  = 3d8                      ! s (2 year) : par defaut = 3d10
 phys_unit%number_density        = 1.0d-6 !>>HH4647                      ! cm^-3 : par defaut = 1.0d8 (1.0d5 pour un milieu ambiant tres peu dense, e.g. a 100cm-3)                      ! cm^-3 : par defaut = 1.0d8 (1.0d5 pour un milieu ambiant tres peu dense, e.g. a 100cm-3)
 phys_unit%chemical_He_abundance = 0.1d0
 phys_unit%chemical_gas_type = 'fullyatomic'
/

!11/12/19 : pour ISM et le projet n°1 de Sylvie Cabrit sur son article de 1997, les paramètres ci-dessous pour l'ISM ont été testés
!et fixées aux valeurs recommandées et correspondant le mieux à la simulation de l'article
 &usr_ism_list
  ism_config%unit               ='cgs'
  ism_config%density            = 1.1663894832267845d-18         !Li & Shu et 1996b ism density if it set to 0 it will use number_density
  ism_config%number_density     = 0.0d0  !>>HH4647  !2.95d9    !1.0d2     !4.44d6     ! Zheng19 = 2.95d9 cm-3 ! ism number density (1/cm^3) ) of protons n_H = facteur rho_j (e.g. = 100 cm-3) physique dans l'expression du profil de densité rho_c du milieu ambiant
                                            ! and w(ixO^S,phys_ind%rho_)        =  self%myconfig%density = = self%myconfig%number_density*mp = rho_h the mass density of protons
                                            ! si tu l'augmentes e.g. a number_density=1.0d3,
                                            !la valeur rho_c=rho_j de densité au niveau de la frontière inférieure ISM augmente d'un facteur 10
  ism_config%velocity(1)        = 0.0d0       ! ism  speed components (cm/s) R/X : 0.0 = milieu statique
  ism_config%velocity(2)        = 0.0d0!5.d8     ! ism  speed components (cm/s) Z : 0.0 = milieu statique
  ism_config%velocity(3)        = 0.0d0       ! ism  speed components (cm/s)  Y : 0.0 = milieu statique
  ism_config%Mach_number_tomov_obj= 0.0       ! ism  speed components (cm/s)  Y : 0.0 = milieu statique
  ism_config%temperature        = 100.0d0  !<---T_a = 100 K temperature typique
  ism_config%pressure           = 0.0d0     !1.3806485199999997d-12! ism pressure if is set to 0 it will use temperature : äraview trouve a T=100 K et rho_j=100 cm-3 >>> p_j = 2.71055e-12 Ba
  ism_config%tracer_on          = .true.    ! ism tracer
  ism_config%tracer_init_density= 1.0d9!1.0d3     ! ism tracer density
  ism_config%tracer_small_density  =  1.0d-15!1.0d-5

  ism_config%reset_on           = .false.    ! ism reset
  ism_config%reset_coef         = 0.0! 0.0     ! ism reset  coefficient : 19-03-2021 --> don't use it ! it creates bugs when >0.0d0
  ism_config%reset_dtemperature = 1.0d-6    !> set the pressure variation
  ism_config%reset_distance(2)  =  1.01d18  ! ism rest distance
  ism_config%reset_scale(2)     =  5d16     ! ism reset scalling distance
	
	
  ! 3 cases : 
  ! 1) boundary_cond = 'fix' : 03-03-22 > successfully implemented !
  ! 2) boundary_cond /= 'fix' but mixed_fixed_bound == .false. everywhere
  ! 3) boundary_cond /= 'fix' and at least one of the mixed_fixed_bound is .true.
  
  ism_config%boundary_cond(2,1) = 'limitinflow'!'disc'!'fix'!'fix'!'limitoutflow' ! <<<<<!>>>>> : to enable this feature : you need to check that typeboundary_min{idims} (or typeboundary_max{idims}) is set to 7*'special'
  
  ism_config%flux_frac          = 1.0d-2
  ism_config%useprimitive       = .false. 
  
  ! Use :
  !  - ism_config%mixed_fixed_bound(idims,iside,index) to 'fix' the index-th flux variable w(ixG^S,index) on top of the above boundary conditions:
  !  - (idims,iside) = (direction along which are set the boundary conditions,side i=1=min or i=2=max of the direction along which the bc is applied)
  !  - <<<<<!>>>>> : to enable this feature, you need to check that typeboundary_min{idims} (or typeboundary_max{idims}) is set to 7*'special'
  !  - index:
  ! 	* 1 : rho
  ! 	* 2 : v1 =  v_R in cylindrical coordinates
  ! 	* 3 : v2 =  v_Z in cylindrical coordinates
  ! 	* 4 : v3 =  v_phi in cylindrical coordinates  
  ! 	* 5 : p (or e for conservative variables) only when hd_energy==.true.
  ! 	* 6,7 (or resp. 5,6) : tracers when hd_energy==.true. (resp. hd_energy==.false.)
  !
  ! - By default, all ism_config%mixed_fixed_bound(2,1,index) are .false., so that only the above boundary conditions are considered !
  
  !ism_config%mixed_fixed_bound(2,1,1) = .true.
  !ism_config%mixed_fixed_bound(2,1,2) = .true.
  !ism_config%mixed_fixed_bound(2,1,3) = .true.
  !ism_config%mixed_fixed_bound(2,1,4) = .false.
  !ism_config%mixed_fixed_bound(2,1,5) = .true.
  !ism_config%mixed_fixed_bound(2,1,6) = .true.
  !ism_config%mixed_fixed_bound(2,1,7) = .true.
  !ism_config%boundary_cond(2,2) = 'fix'!'limitoutflow'!> ce truc ne sert à rien à moins que typeboundary_max2 = 7*'special'
  ism_config%boundary_on        = .true.
!  ism_config%debug        	 = .false. ! use it as .true. to debug user module mod_obj_ism.t


ism_config%profile_typeaxial  = 'spherical'!'projection_direction'
ism_config%profile_idir       = 1.0,0.0,0.0       !z=2,r=1  !  ism profile direction

ism_config%profile_center     = 0,0,0

ism_config%profile_density_on = .true. ! Zheng=True ! .false. ! .true. ! ISM set density profile
ism_config%profile_pressure_on= .true. ! Zheng=True ! .false. !.true.
ism_config%theta_floored      = 0.0d0
ism_config%profile_force_on   = .false. ! Zheng=True  !.true.!.false.!.true. ! .false. ! ISM set force profile
ism_config%profile_force_gradP_on = .false.
ism_config%weight_mean = 'arithmetic'
ism_config%weight_analy = 1.0d0
ism_config%weight_num = 3.0d0
ism_config%weight_mean_variable = 'minus_density_grad'
ism_config%profile_rw_force = 2.5d16
ism_config%weight_num_index = 20.0d0
ism_config%weight_analy_index = 20.0d0
ism_config%profile_density    = 'Ulrich1976'!'Ulrich1976'!'Lee2001'!'Ulrich1976'!>>HH4647'cabrit1997' ! Zheng19 = 'cabrit1997' !ISM density profile
ism_config%profile_jspec = 8.0782850178d20       !> ISM envelope specific angular momentum
ism_config%profile_Minf  = 2.5203562637184713d20 !> ISM envelope infalling mass-loss rate on the protostar
ism_config%profile_Mstar = 8.94784441814123d32   !> central objet or protostar mass

ism_config%profile_zc    = 1.0d16!4.49d14 ! 1.0d16 !4.49d14 ! Zheng19 = 30 au = 4.49d14 cm :  grandeur de normalisation dans le profil de pression/densite (en cm)
ism_config%profile_rw    = 2.5d16 !> ISM reference radius for Lee 2001 profile (in cm)
ism_config%profile_kappa    = 2.0d0 ! Zheng19 = 2 ! indice kappa pour la loi de densité et de pression : 'cabrit1997' <=> kappa=2
ism_config%profile_shiftstart = 0.00d0 !>>HH4647 3.33d14 ! 3.33d14 ! 1.0d15 ! the distance from which the ISM profile is set

ism_config%chemical_gas_type = 'fullyatomic'!>>HH4647'fullyatomic'
ism_config%He_abundance      = 0.1
/

&usr_usrboundary_ism_list
  usrboundary_config%boundary_type(2,1) = 'limitinflow'!'limitinflowdisc'!'disc'
  usrboundary_config%boundary_type(2,2) = 'open'
  usrboundary_config%useprimitive       = .false.
  usrboundary_config%special_origin_theta       = .true.
  usrboundary_config%nghostcells(1)        = 2
  usrboundary_config%nghostcells(2)        = 2
  usrboundary_config%flux_frac          = 1.0d-2
  usrboundary_config%ngc          = 0
  usrboundary_config%RHS          = 0
  usrboundary_config%LHS          = 0
/

&usr_cla_jet_list
    cla_jet_config%unit                  =  'cgs' !> physical unit at parameter file
    cla_jet_config%time_cla_jet_on       =  0.0d0 !> initial time the cla_jet is set in the simulation box

    cla_jet_config%myindice              =  0       !> cla_jet associated indice
    cla_jet_config%density               =  1.795963442083303d-19!<-------Fm=0.6e-7 Msun/yr

    cla_jet_config%number_density        =  0.0d0
    cla_jet_config%temperature           =  100.0d0  !>>HH4647 !> cla_jet temperature  (K)
    cla_jet_config%pressure              =  0.0d0   !> cla_jet pressure
    cla_jet_config%pressure_toism        =  0.0d0   !> cla_jet pressure relative to ism pressure
    cla_jet_config%magnetic(1)           =  0.0d0   !> cla_jet magnetic field components : 0.0d0 = HD
    cla_jet_config%magnetic(2)           =  0.0d0   !> cla_jet magnetic field components : 0.0d0 = HD
    cla_jet_config%magnetic(3)           =  0.0d0   !> cla_jet magnetic field components : 0.0d0 = HD
    cla_jet_config%xisigma               =  0.0d0   !> cla_jet magnetisation : 0.0d0 = HD
    cla_jet_config%magn_anglePHItoPol    =  0.0d0   !> cla_jet magnetisation field incl : 0.0d0 = HD

    cla_jet_config%Mach_number           =  0.0!250.0d0   !> cla_jet  Mach number : Par défaut : Ma = 20
    cla_jet_config%c_sound               =  0.0d0   !> cla_jet  sound speed (cm/s)
    cla_jet_config%velocity(1)           =  0.0d0   !> cla_jet  velocity (radial speed)(cm/s)
    cla_jet_config%velocity(2)           =  1.2d7 !
    cla_jet_config%velocity(3)           =  0.0d0   !> cla_jet  velocity (rotation speed)(cm/s)
    cla_jet_config%velocity_poloidal     =  1.2d7 !<--- norme du vecteur vitesse au niveau de l'inlet du jet
    cla_jet_config%power                 =  0.0d0   !> wind power flux
    cla_jet_config%mass_flux             =  0.0d0   ! 3.15e19 ! flux en H+H^++H2 1.13d21 !1.89d18 ! grammes/s>>>Zhang19 = 0.3e-7 Msun/yr  0.0!9.8525563d16!1.9705112501213315d17!1.3136741667475542d17!!   !> wind mass flux : cabrit1997 = 1.3136741d17 à Vjet = 100 km/s et 1.9705111e+17 à Vjet = 150 km/s (Vjet = 150 km/s ne marche qu a basse resolution de maillage)
                                            ! c'est par l'imposition de cla_jet_config%mass_flux et de cla_jet_config%velocity(2) que la densité est alors imposée à l'intérieur du jet
                                            ! pour avoir :
                                            ! * Vjet = 100 km/s, R_jet = 0.5e16 cm et n_jet = 100 cm-3 >>> mass_flux = 1.3136741667475542e+17 g / s
                                            ! * Vjet = 150 km/s, R_jet = 0.5e16 cm et n_jet = 100 cm-3 >>> mass_flux = 1.9705112501213315e+17 g / s
                                            ! * Vjet = 150 km/s, R_jet = 0.5e16 cm et n_jet = 50 cm-3 >>> mass_flux = 9.8525563e+16 g / s

    cla_jet_config%open_angle            = 3.0d0 !>>HH4647 !>  cla_jet initial open angle  (degre): 0.0d0 = jet droit cylindrique
    cla_jet_config%z_in                  =  -46.275d18 !> cla_jet inner boundary position
    cla_jet_config%variation_n_cells     = 2
    cla_jet_config%z_impos               =  8.22d14 !
    cla_jet_config%z_out_init            =  8.30d14 !
    cla_jet_config%r_out_init            =  7.47d14! <--- 50 UA
    cla_jet_config%r_out_impos           =  7.47d14! <--- 50 UA

    cla_jet_config%r_in_init             =  0.0 !-7.48d14 !> cla_jet inner jet  region : position de la limite gauche du jet en coordonnées cylindriques : à tenir compte dans le calcul de la surface d'éjection du jet et donc du calcul du flux de masse ejectée

    cla_jet_config%tracer_on             =  .true. !> cla_jet logical to set tracer
    cla_jet_config%tracer_init_density   =  1.0d9!> cla_jet tracer density
    cla_jet_config%tracer_small_density  =  1.0d-15!> cla_jet tracer small density
    cla_jet_config%shape                 =  'conical'  !> cla_jet shape
    cla_jet_config%profile               =  'none'  !> cla_jet profile


    cla_jet_config%variation_on          =  .true. ! Zhang19 .false. !.true.! to set on  or off the jet-injection in-real-time velocity variability
    cla_jet_config%density_variation_on  =  .true. !<----- vary mass-loss rate !> cla_jet density variation switch
    cla_jet_config%pressure_variation_on =  .true. !<----- vary constant jet temperature !> cla_jet pressure variation switch : enables constant temperature in the jet inlet
    cla_jet_config%density_variation_profile =  'conserved_mflux' !<----- which variability apply to pressure and/or pressure
    cla_jet_config%variation_start_time  =  0.0d0 !time (in s in cgs) at which to begin the time variability : 0.0 to begin at the start of the simulation
    cla_jet_config%variation_end_time    =  4d15
    cla_jet_config%variation_velocity_amplitude =  1.2d7 !<--- norme du vecteur vitesse au niveau de l'inlet du jet (aux yeux du code, c'est une autre variable qu'on a oublié, surtout moi, de retirer quand on a rajouté   le paramètre cla_jet_config%velocity_poloidal en ouvrant le jet, donc par sécurité, comme je ne sais pas si on l'utilise toujours ailleurs, fixons la même valeur qu'au-dessus)
    cla_jet_config%variation_velocity_poloidal =  6.0d6 !<------ variation de la norme du vecteur vitesse du jet
    cla_jet_config%variation_velocity(1) =  0.0d0
    cla_jet_config%variation_velocity(2) =  6.0d6 !<------ variation de la norme du vecteur vitesse du jet
    cla_jet_config%variation_velocity(3) =  0.0d0
    cla_jet_config%variation_time        =  9.46728d9!<---- 300 ans
    cla_jet_config%variation_position    =  0.0d0,8.22d14 ,0.0d0!0.0d0,8.22d14 ,0.0d0 !>>HH4647 !0.0d0, 1d15 ,0.0d0 !0.0d0, 1.495978707d14,0.0d0 ! = 0,10 au,0position (in 3d : if cylindrical : phi = 3, z=2, r=1) under which is set the time variability : default = 0,3d15,0
    cla_jet_config%variation_type        =  'sawtooth2' !
    cla_jet_config%variation_phys_nvariable   = 1  ! number of physical variable with variation
    cla_jet_config%variation_phys_variable(1) =  3 ! 3 mean the velocity in Z direction

    cla_jet_config%refine_min_level      = 5
    cla_jet_config%chemical_gas_type     = 'fullyatomic' !>>HH4647



/
 ---------------------------------------------------------------------------
 ---------------------------------------------------------------------------
 |         __  __ ____ ___        _    __  __ ______     ___    ____       |
 |        |  \/  |  _ \_ _|      / \  |  \/  |  _ \ \   / / \  / ___|      |
 |        | |\/| | |_) | |_____ / _ \ | |\/| | |_) \ \ / / _ \| |          |
 |        | |  | |  __/| |_____/ ___ \| |  | |  _ < \ V / ___ \ |___       |
 |        |_|  |_|_|  |___|   /_/   \_\_|  |_|_| \_\ \_/_/   \_\____|      |
 --------------------------------------------------------------------------
 ---------------------------------------------------------------------------
  End of reading of the usr_list
 Reading usr_list
  End of reading of the usr_list
  End of reading of the usr_list
  End of reading of the usr_list
  End of reading of the usr_list
  End of reading of the usr_list
  End of reading of the usr_list
  End of reading of the usr_list
  End of reading of the usr_list
  End of reading of the usr_list
  End of reading of the usr_list
  End of reading of the usr_list
  End of reading of the usr_list
  End of reading of the usr_list
  End of reading of the usr_list
  End of reading of the usr_list
  End of reading of the usr_list
  End of reading of the usr_list
  End of reading of the usr_list
  End of reading of the usr_list
  End of reading of the usr_list
  End of reading of the usr_list
 Reading usr_physical_values_list
  End of reading of the usr_list
  End of reading of the usr_list
  End of reading of the usr_list
  End of reading of the usr_list
  End of reading of the usr_list
  End of reading of the usr_list
  End of reading of the usr_list
  End of reading of the usr_list
  End of reading of the usr_list
  End of reading of the usr_list
  End of reading of the usr_list
  End of reading of the usr_list
  End of reading of the usr_list
  End of reading of the usr_list
  End of reading of the usr_list
  End of reading of the usr_list
  End of reading of the usr_list
  End of reading of the usr_list
  End of reading of the usr_list
 Reading usr_ism_list
  End of reading of the usr_list
  End of reading of the usr_list
  End of reading of the usr_list
  End of reading of the usr_list
  End of reading of the usr_list
  End of reading of the hd_list
  End of reading of the hd_list
 End of Reading 
 usr_ismlist0                                                                  
 Reading usr_boundary_list           1 
 boundary                                                                      
  End of reading of the hd_list
  End of reading of the hd_list
  End of reading of the hd_list
  End of reading of the hd_list
  End of reading of the hd_list
  End of reading of the hd_list
  End of reading of the hd_list
  End of reading of the hd_list
  End of reading of the hd_list
  End of reading of the hd_list
  End of reading of the hd_list
  End of reading of the hd_list
  End of reading of the hd_list
  End of reading of the hd_list
  End of reading of the hd_list
 End of Reading 
 usr_boundarylist1                                                             
  End of reading of the hd_list
  End of reading of the hd_list
  End of reading of the hd_list
  End of reading of the hd_list
  End of reading of the hd_list
  End of reading of the hd_list
  End of reading of the hd_list
  End of reading of the hd_list
  End of reading of the hd_list
  End of reading of the hd_list
  End of reading of the hd_list
  End of reading of the hd_list
  End of reading of the hd_list
  End of reading of the hd_list
  End of reading of the hd_list
  End of reading of the hd_list
  End of reading of the hd_list
  End of reading of the hd_list
  End of reading of the hd_list
  End of reading of the hd_list
  End of reading of the hd_list
  End of reading of the hd_list
  End of reading of the usr_list
  End of reading of the hd_list
  End of reading of the hd_list
  End of reading of the hd_list
  End of reading of the hd_list
 Reading Ulrich1976_limitinflow_no_jet.par
  End of reading of the hd_list
  End of reading of the hd_list
  End of reading of the hd_list
 End par file read
 
 Output type | dtsave    | ditsave | itsave(1) | tsave(1)
         log | 0.105E+00 | ******  |      0    | *********
      normal | 0.105E+02 | ******  |      0    | *********
       slice | ********* | ******  | ******    | *********
   collapsed | ********* | ******  | ******    | *********
    analysis | ********* | ******  | ******    | *********
 
                 typelimited: predictor                                                                                                                          
         Domain size (cells): 240 240 
                Level one dx: 0.836E+01 0.836E+01 
           Refine estimation: Lohner's scheme
  End of reading of the hd_list
                   slicenext: 0
                collapsenext: 0
           restart_from_file:  undefined
                  converting: F

  End of reading of the usr_list
  End of reading of the hd_list
 ====================Ulrich1976s model====================
 -Setting completely all parameters:
 * rW =   2.500000000000000E+016  cm
 * rD =   1.092733345182041E+016  cm
 * vK =    73927.3222824020       cm/s
 * rho_0 =   2.272054281004061E-018  g/cm3
 * r = (rD/rw) =    2.28784086348488     
 * rho_a0 =   1.166389483226784E-018  g/cm3
 * nH_a0 =    498101.457614819       cm-3
 =========================================================
 ======================ISM settings=======================
 * at (R,z) = (r_j,0) : 
 ** The ism base temperature is =    100.000000000000     
 ** The ism base density is =  1.166389483226784E-018
 ** The ism base number density nH is    498101.457614819     
 =========================================================
 phys_config%He_abundance  0.100000000000000     
 in mod_obj_usr_unit.t usr_physical_unit_fillphysunit subroutine: 
 ism density  2.341670487800000E-030
 ism ndensity  1.000000000000000E-006
 ism pressure  5.822995576026895E-019
 ism temperature   3834.16285288672     
 Jet start :-)
 -------------------------------------------------------------------------------
 Startup phase took :             0.206 sec
 -------------------------------------------------------------------------------
 Start integrating, print status every  3.00E+01 seconds
        it        time          dt  wc-time(s)
         0   0.000E+00   3.910E-04   3.882E-03
In CGS          0 T=   0.000E+00 dT=   1.173E+05
 -------------------------------------------------------------------------------
 Saving visual data. Coordinate directions and variable names are:
          -1 R               
           0 Z               
           1 rho             rho             
           2 v1              v1              
           3 v2              v2              
           4 v3              v3              
           5 p               p               
           6 tracer_ism      tracer_ism      
           7 trp2            trp2            
           8 mup             mup             
           9 mach_number     mach_number     
          10 temperature     temperature     
          11 level           level           
          12 number density  number density  
          13 gravfield1      gravfield1      
          14 gravfield2      gravfield2      
          15 gravfield3      gravfield3      
 time =  0.000000000000000E+000
 -------------------------------------------------------------------------------
       334   8.100E+00   4.885E-02   3.005E+01
In CGS        334 T=   2.430E+09 dT=   1.465E+07
       555   1.857E+01   5.039E-02   6.010E+01
In CGS        555 T=   5.571E+09 dT=   1.512E+07
       675   2.488E+01   5.039E-02   9.016E+01
In CGS        675 T=   7.464E+09 dT=   1.512E+07
       803   3.161E+01   5.038E-02   1.339E+02
In CGS        803 T=   9.484E+09 dT=   1.511E+07
       966   4.018E+01   5.487E-02   1.641E+02
In CGS        966 T=   1.206E+10 dT=   1.646E+07
      1003   4.213E+01   5.030E-02   2.099E+02
In CGS       1003 T=   1.264E+10 dT=   1.509E+07
      1131   4.886E+01   5.017E-02   2.401E+02
In CGS       1131 T=   1.466E+10 dT=   1.505E+07
      1203   5.265E+01   5.005E-02   3.074E+02
In CGS       1203 T=   1.580E+10 dT=   1.502E+07
      1306   5.807E+01   5.547E-02   3.376E+02
In CGS       1306 T=   1.742E+10 dT=   1.664E+07
      1401   6.307E+01   4.945E-02   3.677E+02
In CGS       1401 T=   1.892E+10 dT=   1.483E+07
      1403   6.317E+01   4.944E-02   4.266E+02
In CGS       1403 T=   1.895E+10 dT=   1.483E+07
      1491   6.780E+01   4.918E-02   4.566E+02
In CGS       1491 T=   2.034E+10 dT=   1.475E+07
      1576   7.227E+01   5.645E-02   4.869E+02
In CGS       1576 T=   2.168E+10 dT=   1.693E+07
      1603   7.369E+01   4.857E-02   5.639E+02
In CGS       1603 T=   2.211E+10 dT=   1.457E+07
      1681   7.779E+01   4.809E-02   5.943E+02
In CGS       1681 T=   2.334E+10 dT=   1.443E+07
      1754   8.163E+01   5.751E-02   6.244E+02
In CGS       1754 T=   2.449E+10 dT=   1.725E+07
      1803   8.421E+01   4.748E-02   7.190E+02
In CGS       1803 T=   2.526E+10 dT=   1.424E+07
      1873   8.789E+01   4.731E-02   7.494E+02
In CGS       1873 T=   2.637E+10 dT=   1.419E+07
      1940   9.141E+01   5.784E-02   7.797E+02
In CGS       1940 T=   2.742E+10 dT=   1.735E+07
      2003   9.473E+01   4.728E-02   8.932E+02
In CGS       2003 T=   2.842E+10 dT=   1.418E+07
      2065   9.799E+01   4.721E-02   9.236E+02
In CGS       2065 T=   2.940E+10 dT=   1.416E+07
      2125   1.011E+02   4.714E-02   9.536E+02
In CGS       2125 T=   3.034E+10 dT=   1.414E+07
      2185   1.043E+02   4.708E-02   9.841E+02
In CGS       2185 T=   3.129E+10 dT=   1.412E+07
      2203   1.053E+02   4.707E-02   1.082E+03
In CGS       2203 T=   3.158E+10 dT=   1.412E+07
      2261   1.083E+02   4.704E-02   1.113E+03
In CGS       2261 T=   3.249E+10 dT=   1.411E+07
      2318   1.113E+02   5.824E-02   1.143E+03
In CGS       2318 T=   3.339E+10 dT=   1.747E+07
      2374   1.142E+02   5.835E-02   1.173E+03
In CGS       2374 T=   3.427E+10 dT=   1.750E+07
      2403   1.158E+02   4.681E-02   1.283E+03
In CGS       2403 T=   3.473E+10 dT=   1.404E+07
      2458   1.187E+02   5.853E-02   1.314E+03
In CGS       2458 T=   3.560E+10 dT=   1.756E+07
      2512   1.215E+02   5.867E-02   1.344E+03
In CGS       2512 T=   3.645E+10 dT=   1.760E+07
      2566   1.243E+02   5.883E-02   1.374E+03
In CGS       2566 T=   3.730E+10 dT=   1.765E+07
      2603   1.263E+02   4.623E-02   1.494E+03
In CGS       2603 T=   3.789E+10 dT=   1.387E+07
      2655   1.290E+02   4.599E-02   1.524E+03
In CGS       2655 T=   3.871E+10 dT=   1.380E+07
      2707   1.318E+02   4.564E-02   1.554E+03
In CGS       2707 T=   3.953E+10 dT=   1.369E+07
      2759   1.345E+02   4.524E-02   1.585E+03
In CGS       2759 T=   4.035E+10 dT=   1.357E+07
      2803   1.368E+02   4.502E-02   1.714E+03
In CGS       2803 T=   4.104E+10 dT=   1.351E+07
      2854   1.395E+02   6.026E-02   1.744E+03
In CGS       2854 T=   4.185E+10 dT=   1.808E+07
      2904   1.421E+02   6.017E-02   1.774E+03
In CGS       2904 T=   4.263E+10 dT=   1.805E+07
      2953   1.447E+02   4.520E-02   1.805E+03
In CGS       2953 T=   4.341E+10 dT=   1.356E+07
      3002   1.473E+02   5.977E-02   1.835E+03
In CGS       3002 T=   4.418E+10 dT=   1.793E+07
      3003   1.473E+02   4.542E-02   1.944E+03
In CGS       3003 T=   4.420E+10 dT=   1.363E+07
      3051   1.499E+02   4.562E-02   1.974E+03
In CGS       3051 T=   4.496E+10 dT=   1.369E+07
      3099   1.524E+02   4.580E-02   2.004E+03
In CGS       3099 T=   4.571E+10 dT=   1.374E+07
      3147   1.549E+02   4.591E-02   2.035E+03
In CGS       3147 T=   4.647E+10 dT=   1.377E+07
      3194   1.574E+02   5.918E-02   2.065E+03
In CGS       3194 T=   4.721E+10 dT=   1.775E+07
      3203   1.578E+02   4.603E-02   2.185E+03
In CGS       3203 T=   4.735E+10 dT=   1.381E+07
      3249   1.603E+02   4.611E-02   2.215E+03
In CGS       3249 T=   4.808E+10 dT=   1.383E+07
      3296   1.627E+02   5.900E-02   2.245E+03
In CGS       3296 T=   4.882E+10 dT=   1.770E+07
      3343   1.652E+02   4.626E-02   2.276E+03
In CGS       3343 T=   4.956E+10 dT=   1.388E+07
      3389   1.676E+02   4.633E-02   2.306E+03
In CGS       3389 T=   5.029E+10 dT=   1.390E+07
      3403   1.684E+02   4.635E-02   2.430E+03
In CGS       3403 T=   5.051E+10 dT=   1.390E+07
      3449   1.708E+02   4.641E-02   2.461E+03
In CGS       3449 T=   5.124E+10 dT=   1.392E+07
      3495   1.732E+02   4.647E-02   2.491E+03
In CGS       3495 T=   5.196E+10 dT=   1.394E+07
      3541   1.756E+02   4.653E-02   2.522E+03
In CGS       3541 T=   5.269E+10 dT=   1.396E+07
      3586   1.780E+02   5.860E-02   2.552E+03
In CGS       3586 T=   5.340E+10 dT=   1.758E+07
      3603   1.789E+02   4.661E-02   2.683E+03
In CGS       3603 T=   5.367E+10 dT=   1.398E+07
      3647   1.812E+02   4.666E-02   2.713E+03
In CGS       3647 T=   5.436E+10 dT=   1.400E+07
      3692   1.836E+02   5.847E-02   2.744E+03
In CGS       3692 T=   5.507E+10 dT=   1.754E+07
      3737   1.859E+02   4.678E-02   2.774E+03
In CGS       3737 T=   5.578E+10 dT=   1.403E+07
      3781   1.882E+02   4.683E-02   2.804E+03
In CGS       3781 T=   5.647E+10 dT=   1.405E+07
      3803   1.894E+02   4.686E-02   2.939E+03
In CGS       3803 T=   5.682E+10 dT=   1.406E+07
      3847   1.917E+02   4.691E-02   2.970E+03
In CGS       3847 T=   5.752E+10 dT=   1.407E+07
      3891   1.940E+02   4.696E-02   3.000E+03
In CGS       3891 T=   5.821E+10 dT=   1.409E+07
      3935   1.963E+02   4.701E-02   3.031E+03
In CGS       3935 T=   5.890E+10 dT=   1.410E+07
      3979   1.987E+02   4.705E-02   3.061E+03
In CGS       3979 T=   5.960E+10 dT=   1.411E+07
      4003   1.999E+02   4.706E-02   3.201E+03
In CGS       4003 T=   5.998E+10 dT=   1.412E+07
      4046   2.022E+02   5.811E-02   3.231E+03
In CGS       4046 T=   6.065E+10 dT=   1.743E+07
      4089   2.044E+02   4.710E-02   3.261E+03
In CGS       4089 T=   6.133E+10 dT=   1.413E+07
      4132   2.067E+02   5.809E-02   3.292E+03
In CGS       4132 T=   6.201E+10 dT=   1.743E+07
      4174   2.089E+02   5.809E-02   3.322E+03
In CGS       4174 T=   6.267E+10 dT=   1.743E+07
      4203   2.104E+02   4.710E-02   3.468E+03
In CGS       4203 T=   6.313E+10 dT=   1.413E+07
      4243   2.125E+02   4.710E-02   3.498E+03
In CGS       4243 T=   6.376E+10 dT=   1.413E+07
      4286   2.148E+02   5.811E-02   3.529E+03
In CGS       4286 T=   6.444E+10 dT=   1.743E+07
      4328   2.170E+02   5.812E-02   3.559E+03
In CGS       4328 T=   6.510E+10 dT=   1.744E+07
      4370   2.192E+02   5.813E-02   3.589E+03
In CGS       4370 T=   6.577E+10 dT=   1.744E+07
      4403   2.210E+02   4.705E-02   3.740E+03
In CGS       4403 T=   6.629E+10 dT=   1.411E+07
      4445   2.232E+02   4.703E-02   3.770E+03
In CGS       4445 T=   6.695E+10 dT=   1.411E+07
      4487   2.254E+02   4.702E-02   3.801E+03
In CGS       4487 T=   6.761E+10 dT=   1.411E+07
      4528   2.275E+02   5.818E-02   3.831E+03
In CGS       4528 T=   6.826E+10 dT=   1.746E+07
      4569   2.297E+02   4.700E-02   3.861E+03
In CGS       4569 T=   6.891E+10 dT=   1.410E+07
      4603   2.315E+02   4.699E-02   4.016E+03
In CGS       4603 T=   6.944E+10 dT=   1.410E+07
      4644   2.336E+02   5.822E-02   4.047E+03
In CGS       4644 T=   7.009E+10 dT=   1.747E+07
      4685   2.358E+02   4.696E-02   4.077E+03
In CGS       4685 T=   7.074E+10 dT=   1.409E+07
      4726   2.379E+02   5.824E-02   4.108E+03
In CGS       4726 T=   7.138E+10 dT=   1.747E+07
      4766   2.400E+02   5.825E-02   4.138E+03
In CGS       4766 T=   7.201E+10 dT=   1.748E+07
      4803   2.420E+02   4.693E-02   4.302E+03
In CGS       4803 T=   7.260E+10 dT=   1.408E+07
      4843   2.441E+02   4.692E-02   4.332E+03
In CGS       4843 T=   7.323E+10 dT=   1.408E+07
      4883   2.462E+02   4.691E-02   4.362E+03
In CGS       4883 T=   7.386E+10 dT=   1.407E+07
      4922   2.483E+02   5.829E-02   4.392E+03
In CGS       4922 T=   7.448E+10 dT=   1.749E+07
      4962   2.504E+02   5.830E-02   4.423E+03
In CGS       4962 T=   7.511E+10 dT=   1.749E+07
      5002   2.525E+02   5.832E-02   4.453E+03
In CGS       5002 T=   7.574E+10 dT=   1.749E+07
      5003   2.525E+02   4.688E-02   4.589E+03
In CGS       5003 T=   7.576E+10 dT=   1.406E+07
      5043   2.546E+02   4.686E-02   4.619E+03
In CGS       5043 T=   7.639E+10 dT=   1.406E+07
      5083   2.567E+02   4.685E-02   4.650E+03
In CGS       5083 T=   7.702E+10 dT=   1.406E+07
      5123   2.588E+02   4.684E-02   4.681E+03
In CGS       5123 T=   7.765E+10 dT=   1.405E+07
      5163   2.609E+02   4.683E-02   4.711E+03
In CGS       5163 T=   7.828E+10 dT=   1.405E+07
      5202   2.630E+02   5.837E-02   4.741E+03
In CGS       5202 T=   7.889E+10 dT=   1.751E+07
      5203   2.630E+02   4.682E-02   4.879E+03
In CGS       5203 T=   7.891E+10 dT=   1.405E+07
      5242   2.651E+02   5.839E-02   4.909E+03
In CGS       5242 T=   7.953E+10 dT=   1.752E+07
      5281   2.671E+02   4.678E-02   4.940E+03
In CGS       5281 T=   8.014E+10 dT=   1.404E+07
      5320   2.692E+02   5.843E-02   4.970E+03
In CGS       5320 T=   8.076E+10 dT=   1.753E+07
      5358   2.712E+02   5.844E-02   5.000E+03
In CGS       5358 T=   8.136E+10 dT=   1.753E+07
      5396   2.732E+02   5.846E-02   5.031E+03
In CGS       5396 T=   8.196E+10 dT=   1.754E+07
      5403   2.736E+02   4.673E-02   5.177E+03
In CGS       5403 T=   8.207E+10 dT=   1.402E+07
      5441   2.756E+02   4.671E-02   5.207E+03
In CGS       5441 T=   8.267E+10 dT=   1.401E+07
      5479   2.776E+02   4.670E-02   5.238E+03
In CGS       5479 T=   8.327E+10 dT=   1.401E+07
      5517   2.796E+02   4.668E-02   5.269E+03
In CGS       5517 T=   8.387E+10 dT=   1.400E+07
      5554   2.815E+02   5.853E-02   5.299E+03
In CGS       5554 T=   8.445E+10 dT=   1.756E+07
      5591   2.834E+02   4.665E-02   5.329E+03
In CGS       5591 T=   8.503E+10 dT=   1.400E+07
      5603   2.841E+02   4.665E-02   5.481E+03
In CGS       5603 T=   8.522E+10 dT=   1.399E+07
      5640   2.860E+02   5.856E-02   5.511E+03
In CGS       5640 T=   8.581E+10 dT=   1.757E+07
      5677   2.880E+02   4.662E-02   5.541E+03
In CGS       5677 T=   8.639E+10 dT=   1.399E+07
      5714   2.899E+02   5.858E-02   5.572E+03
In CGS       5714 T=   8.697E+10 dT=   1.758E+07
      5751   2.919E+02   4.659E-02   5.603E+03
In CGS       5751 T=   8.756E+10 dT=   1.398E+07
      5788   2.938E+02   5.861E-02   5.633E+03
In CGS       5788 T=   8.814E+10 dT=   1.758E+07
      5803   2.946E+02   4.658E-02   5.790E+03
In CGS       5803 T=   8.838E+10 dT=   1.397E+07
      5840   2.965E+02   5.862E-02   5.820E+03
In CGS       5840 T=   8.896E+10 dT=   1.759E+07
      5877   2.985E+02   4.656E-02   5.851E+03
In CGS       5877 T=   8.955E+10 dT=   1.397E+07
      5914   3.004E+02   5.865E-02   5.881E+03
In CGS       5914 T=   9.013E+10 dT=   1.759E+07
      5951   3.024E+02   4.654E-02   5.912E+03
In CGS       5951 T=   9.071E+10 dT=   1.396E+07
      5988   3.043E+02   5.866E-02   5.942E+03
In CGS       5988 T=   9.130E+10 dT=   1.760E+07
      6003   3.051E+02   4.653E-02   6.102E+03
In CGS       6003 T=   9.153E+10 dT=   1.396E+07
      6040   3.071E+02   5.867E-02   6.132E+03
In CGS       6040 T=   9.212E+10 dT=   1.760E+07
      6076   3.089E+02   5.867E-02   6.163E+03
In CGS       6076 T=   9.268E+10 dT=   1.760E+07
      6112   3.108E+02   5.867E-02   6.193E+03
In CGS       6112 T=   9.325E+10 dT=   1.760E+07
      6148   3.127E+02   5.867E-02   6.223E+03
In CGS       6148 T=   9.382E+10 dT=   1.760E+07
      6183   3.146E+02   4.653E-02   6.253E+03
In CGS       6183 T=   9.437E+10 dT=   1.396E+07
      6203   3.156E+02   4.653E-02   6.421E+03
In CGS       6203 T=   9.469E+10 dT=   1.396E+07
      6239   3.175E+02   4.654E-02   6.452E+03
In CGS       6239 T=   9.526E+10 dT=   1.396E+07
      6275   3.194E+02   4.655E-02   6.482E+03
In CGS       6275 T=   9.583E+10 dT=   1.396E+07
      6311   3.213E+02   4.656E-02   6.513E+03
In CGS       6311 T=   9.639E+10 dT=   1.397E+07
      6347   3.232E+02   4.657E-02   6.543E+03
In CGS       6347 T=   9.696E+10 dT=   1.397E+07
      6383   3.251E+02   4.658E-02   6.574E+03
In CGS       6383 T=   9.753E+10 dT=   1.397E+07
      6403   3.262E+02   4.658E-02   6.744E+03
In CGS       6403 T=   9.785E+10 dT=   1.398E+07
      6438   3.280E+02   5.860E-02   6.774E+03
In CGS       6438 T=   9.840E+10 dT=   1.758E+07
      6473   3.298E+02   4.660E-02   6.804E+03
In CGS       6473 T=   9.895E+10 dT=   1.398E+07
      6508   3.317E+02   5.858E-02   6.834E+03
In CGS       6508 T=   9.950E+10 dT=   1.758E+07
      6543   3.335E+02   4.661E-02   6.865E+03
In CGS       6543 T=   1.001E+11 dT=   1.398E+07
      6578   3.354E+02   5.857E-02   6.895E+03
In CGS       6578 T=   1.006E+11 dT=   1.757E+07
      6603   3.367E+02   4.662E-02   7.071E+03
In CGS       6603 T=   1.010E+11 dT=   1.399E+07
      6636   3.384E+02   5.857E-02   7.102E+03
In CGS       6636 T=   1.015E+11 dT=   1.757E+07
      6671   3.402E+02   4.662E-02   7.132E+03
In CGS       6671 T=   1.021E+11 dT=   1.399E+07
      6706   3.421E+02   5.857E-02   7.163E+03
In CGS       6706 T=   1.026E+11 dT=   1.757E+07
      6741   3.439E+02   4.662E-02   7.193E+03
In CGS       6741 T=   1.032E+11 dT=   1.399E+07
      6776   3.458E+02   5.857E-02   7.224E+03
In CGS       6776 T=   1.037E+11 dT=   1.757E+07
      6803   3.472E+02   4.662E-02   7.401E+03
In CGS       6803 T=   1.042E+11 dT=   1.399E+07
      6837   3.490E+02   4.662E-02   7.432E+03
In CGS       6837 T=   1.047E+11 dT=   1.398E+07
      6872   3.508E+02   5.858E-02   7.462E+03
In CGS       6872 T=   1.052E+11 dT=   1.757E+07
      6907   3.527E+02   4.661E-02   7.493E+03
In CGS       6907 T=   1.058E+11 dT=   1.398E+07
      6942   3.545E+02   5.859E-02   7.524E+03
In CGS       6942 T=   1.063E+11 dT=   1.758E+07
      6977   3.563E+02   4.659E-02   7.554E+03
In CGS       6977 T=   1.069E+11 dT=   1.398E+07
      7003   3.577E+02   4.659E-02   7.734E+03
In CGS       7003 T=   1.073E+11 dT=   1.398E+07
      7038   3.595E+02   5.861E-02   7.765E+03
In CGS       7038 T=   1.079E+11 dT=   1.758E+07
      7073   3.614E+02   4.657E-02   7.796E+03
In CGS       7073 T=   1.084E+11 dT=   1.397E+07
      7107   3.632E+02   4.657E-02   7.826E+03
In CGS       7107 T=   1.090E+11 dT=   1.397E+07
      7141   3.650E+02   4.656E-02   7.856E+03
In CGS       7141 T=   1.095E+11 dT=   1.397E+07
      7175   3.668E+02   4.655E-02   7.886E+03
In CGS       7175 T=   1.100E+11 dT=   1.397E+07
      7203   3.682E+02   4.654E-02   8.068E+03
In CGS       7203 T=   1.105E+11 dT=   1.396E+07
      7237   3.700E+02   4.654E-02   8.098E+03
In CGS       7237 T=   1.110E+11 dT=   1.396E+07
      7271   3.718E+02   4.653E-02   8.128E+03
In CGS       7271 T=   1.115E+11 dT=   1.396E+07
      7305   3.736E+02   4.652E-02   8.159E+03
In CGS       7305 T=   1.121E+11 dT=   1.396E+07
      7339   3.754E+02   4.651E-02   8.189E+03
In CGS       7339 T=   1.126E+11 dT=   1.395E+07
      7373   3.772E+02   4.650E-02   8.219E+03
In CGS       7373 T=   1.132E+11 dT=   1.395E+07
      7403   3.787E+02   4.649E-02   8.406E+03
In CGS       7403 T=   1.136E+11 dT=   1.395E+07
      7436   3.805E+02   5.871E-02   8.437E+03
In CGS       7436 T=   1.141E+11 dT=   1.761E+07
      7470   3.823E+02   5.871E-02   8.467E+03
In CGS       7470 T=   1.147E+11 dT=   1.761E+07
      7504   3.841E+02   5.872E-02   8.497E+03
In CGS       7504 T=   1.152E+11 dT=   1.762E+07
      7538   3.858E+02   5.873E-02   8.528E+03
In CGS       7538 T=   1.158E+11 dT=   1.762E+07
      7572   3.876E+02   5.873E-02   8.558E+03
In CGS       7572 T=   1.163E+11 dT=   1.762E+07
      7603   3.893E+02   4.646E-02   8.747E+03
In CGS       7603 T=   1.168E+11 dT=   1.394E+07
      7637   3.911E+02   4.645E-02   8.778E+03
In CGS       7637 T=   1.173E+11 dT=   1.394E+07
      7671   3.928E+02   4.645E-02   8.808E+03
In CGS       7671 T=   1.179E+11 dT=   1.394E+07
      7705   3.946E+02   4.645E-02   8.839E+03
In CGS       7705 T=   1.184E+11 dT=   1.394E+07
      7739   3.964E+02   4.645E-02   8.870E+03
In CGS       7739 T=   1.189E+11 dT=   1.394E+07
      7773   3.982E+02   4.646E-02   8.900E+03
In CGS       7773 T=   1.195E+11 dT=   1.394E+07
      7803   3.998E+02   4.646E-02   9.090E+03
In CGS       7803 T=   1.199E+11 dT=   1.394E+07
      7836   4.015E+02   5.873E-02   9.120E+03
In CGS       7836 T=   1.205E+11 dT=   1.762E+07
      7870   4.033E+02   5.872E-02   9.151E+03
In CGS       7870 T=   1.210E+11 dT=   1.762E+07
      7903   4.050E+02   4.648E-02   9.181E+03
In CGS       7903 T=   1.215E+11 dT=   1.394E+07
      7936   4.068E+02   5.870E-02   9.211E+03
In CGS       7936 T=   1.220E+11 dT=   1.761E+07
      7969   4.085E+02   4.651E-02   9.241E+03
In CGS       7969 T=   1.226E+11 dT=   1.395E+07
      8002   4.102E+02   5.867E-02   9.271E+03
In CGS       8002 T=   1.231E+11 dT=   1.760E+07
      8003   4.103E+02   4.652E-02   9.436E+03
In CGS       8003 T=   1.231E+11 dT=   1.396E+07
      8036   4.120E+02   5.865E-02   9.467E+03
In CGS       8036 T=   1.236E+11 dT=   1.760E+07
      8069   4.138E+02   4.655E-02   9.497E+03
In CGS       8069 T=   1.241E+11 dT=   1.397E+07
      8102   4.155E+02   5.862E-02   9.527E+03
In CGS       8102 T=   1.247E+11 dT=   1.759E+07
      8135   4.173E+02   4.659E-02   9.558E+03
In CGS       8135 T=   1.252E+11 dT=   1.398E+07
      8168   4.190E+02   5.858E-02   9.588E+03
In CGS       8168 T=   1.257E+11 dT=   1.757E+07
      8201   4.207E+02   4.663E-02   9.619E+03
In CGS       8201 T=   1.262E+11 dT=   1.399E+07
      8203   4.208E+02   4.663E-02   9.786E+03
In CGS       8203 T=   1.262E+11 dT=   1.399E+07
      8236   4.226E+02   5.854E-02   9.816E+03
In CGS       8236 T=   1.268E+11 dT=   1.756E+07
      8269   4.243E+02   4.667E-02   9.847E+03
In CGS       8269 T=   1.273E+11 dT=   1.400E+07
      8302   4.260E+02   5.850E-02   9.877E+03
In CGS       8302 T=   1.278E+11 dT=   1.755E+07
      8335   4.278E+02   4.671E-02   9.908E+03
In CGS       8335 T=   1.283E+11 dT=   1.401E+07
      8368   4.295E+02   5.846E-02   9.938E+03
In CGS       8368 T=   1.288E+11 dT=   1.754E+07
      8401   4.312E+02   4.675E-02   9.969E+03
In CGS       8401 T=   1.294E+11 dT=   1.403E+07
      8403   4.313E+02   4.675E-02   1.014E+04
In CGS       8403 T=   1.294E+11 dT=   1.403E+07
      8436   4.331E+02   5.842E-02   1.017E+04
In CGS       8436 T=   1.299E+11 dT=   1.752E+07
      8469   4.348E+02   4.680E-02   1.020E+04
In CGS       8469 T=   1.304E+11 dT=   1.404E+07
      8502   4.365E+02   5.837E-02   1.023E+04
In CGS       8502 T=   1.310E+11 dT=   1.751E+07
      8535   4.383E+02   4.684E-02   1.026E+04
In CGS       8535 T=   1.315E+11 dT=   1.405E+07
      8568   4.400E+02   5.833E-02   1.029E+04
In CGS       8568 T=   1.320E+11 dT=   1.750E+07
      8601   4.418E+02   4.688E-02   1.032E+04
In CGS       8601 T=   1.325E+11 dT=   1.407E+07
      8603   4.419E+02   4.688E-02   1.049E+04
In CGS       8603 T=   1.326E+11 dT=   1.407E+07
      8635   4.435E+02   4.691E-02   1.052E+04
In CGS       8635 T=   1.331E+11 dT=   1.407E+07
      8668   4.453E+02   5.826E-02   1.055E+04
In CGS       8668 T=   1.336E+11 dT=   1.748E+07
      8701   4.470E+02   4.695E-02   1.058E+04
In CGS       8701 T=   1.341E+11 dT=   1.408E+07
      8734   4.487E+02   5.822E-02   1.061E+04
In CGS       8734 T=   1.346E+11 dT=   1.747E+07
      8767   4.505E+02   4.699E-02   1.064E+04
In CGS       8767 T=   1.351E+11 dT=   1.410E+07
      8796   4.520E+02   5.819E-02   1.068E+04
In CGS       8796 T=   1.356E+11 dT=   1.746E+07
      8803   4.524E+02   4.701E-02   1.085E+04
In CGS       8803 T=   1.357E+11 dT=   1.410E+07
      8836   4.541E+02   5.816E-02   1.088E+04
In CGS       8836 T=   1.362E+11 dT=   1.745E+07
      8869   4.559E+02   4.705E-02   1.091E+04
In CGS       8869 T=   1.368E+11 dT=   1.411E+07
      8901   4.575E+02   4.707E-02   1.094E+04
In CGS       8901 T=   1.373E+11 dT=   1.412E+07
      8933   4.592E+02   4.708E-02   1.097E+04
In CGS       8933 T=   1.378E+11 dT=   1.413E+07
      8965   4.609E+02   4.710E-02   1.100E+04
In CGS       8965 T=   1.383E+11 dT=   1.413E+07
      8997   4.626E+02   4.712E-02   1.103E+04
In CGS       8997 T=   1.388E+11 dT=   1.414E+07
      9003   4.629E+02   4.712E-02   1.121E+04
In CGS       9003 T=   1.389E+11 dT=   1.414E+07
      9035   4.646E+02   4.714E-02   1.124E+04
In CGS       9035 T=   1.394E+11 dT=   1.414E+07
      9067   4.663E+02   4.715E-02   1.127E+04
In CGS       9067 T=   1.399E+11 dT=   1.415E+07
      9099   4.680E+02   4.717E-02   1.130E+04
In CGS       9099 T=   1.404E+11 dT=   1.415E+07
      9131   4.696E+02   4.718E-02   1.133E+04
In CGS       9131 T=   1.409E+11 dT=   1.415E+07
      9163   4.713E+02   4.720E-02   1.136E+04
In CGS       9163 T=   1.414E+11 dT=   1.416E+07
      9195   4.730E+02   4.721E-02   1.139E+04
In CGS       9195 T=   1.419E+11 dT=   1.416E+07
      9203   4.734E+02   4.721E-02   1.157E+04
In CGS       9203 T=   1.420E+11 dT=   1.416E+07
      9235   4.751E+02   4.723E-02   1.160E+04
In CGS       9235 T=   1.425E+11 dT=   1.417E+07
      9267   4.768E+02   4.724E-02   1.163E+04
In CGS       9267 T=   1.430E+11 dT=   1.417E+07
      9299   4.785E+02   4.725E-02   1.166E+04
In CGS       9299 T=   1.435E+11 dT=   1.418E+07
      9331   4.802E+02   4.726E-02   1.169E+04
In CGS       9331 T=   1.440E+11 dT=   1.418E+07
      9363   4.818E+02   4.727E-02   1.172E+04
In CGS       9363 T=   1.446E+11 dT=   1.418E+07
      9395   4.835E+02   4.728E-02   1.175E+04
In CGS       9395 T=   1.451E+11 dT=   1.419E+07
