mkdir: cannot create directory ‘Ulrich1976’: File exists
2899722
tycho64
/scratch/mrabenanahary/run.2899722.Ulrich1976
::::::::::::::
Ulrich1976.par
::::::::::::::
!==============================================================
! Project : YSO JET MIALY
! Aim     :
! Results :
! Method  : Use cartesian coordinate
!
! Update  : 22/11/2019
! configuration :
! Openmpi/gfortran or intel or ....
! $AMRVAC_DIR/setup.pl -d=2 -phys=hd -arch=default
! with intel
! $AMRVAC_DIR/setup.pl -d=2 -phys=hd -arch=intel
!==============================================================

 &filelist
        base_filename='Output/Ulrich1976/Jet_CC_'
        saveprim=.true.
        autoconvert=.true.
        convert_type='vtuBCCmpi'
        nwauxio = 7
        /
        restart_from_file='Jet_Shang06_0118.dat'
        /
        convert = .true.



        snapshotnext =0326
/




/
        nwauxio=10




/


 &savelist
        itsave(1,1)=0
        itsave(1,2)=0
        dtsave_log=3.1557600d7   ! 1 year 3.1557600d6 = 0.1 yr
	!ditsave_log =50
        !dtsave_dat=  3.1557600d8! 100 yr!6.31152d8!20 yrs !1.57788000d9!50 yrs !3.1557600d9! 1 yrdensitys  1.57788000d8!5 yrs !3.1557600d7   ! 100 year; 3.1557600d7 = 1 yr
        ditsave_dat =1
 /

        ditsave_log = 1
        ditsave_dat =1
        dtsave_dat =21.08

 &stoplist

        dtmin=1.0d-13
        !time_max= 99d15 ! years
        !time_max=  3.15576d10 ! 10000 yrs 6.31152d11!2e4 yrs 3.15576d11 ! 10000 yrs 1.26e10! 400 yrs !3.786912d10! 1200 yrs ! 1.90607904d10!604 yrs ! 1.893456d10!600 yrs ! 3.15576d10! 1000yrs!6.31152d10! 2000 yrs ! 3.15576d11! 10000yrs ! 1.262304d10!400yrs!3.15576d9!3.15576d10! 1000yrs  !1.893456e11!600yrs!!9.46728d9!300yrs!6.311520000d9!7.8894d9!9.46728d9!7.8894d9 ! in s from years : 7.8894d9 = 250 yrs
        it_max=100


/
  reset_it=.true.

          it_init=0






 &methodlist
        time_integrator          =  'twostep'
        typepred1                =  20*'hllcd'!>>HH4647 !'hllcd'!si vraiment ça ne marche pas, essayer :! 'hll'! si au bord persiste des problemes, essayer : ! 'tvdlf'
        flux_scheme              =  20*'hllcd'!,18*'tvdlf'!>>HH4647 !'hllcd'!si vraiment ça ne marche pas, essayer :! 'hll'! si au bord persiste des problemes, essayer : ! 'tvdlf'
        limiter                  =  20*'minmod'!>>HH4647 !'koren'!'cada3'
        small_pressure           = 1.0d-9
        small_density            = 1.0d-8
        small_values_method      =  'average'
        small_values_daverage    = 8

        check_small_values       = .true.
        small_values_force_floor = .true.
        loglimit(1) = .false.


 /
         loglimit(4) = .true.
         loglimit(1)            = .true.
         loglimit(5)            = .true.
         loglimit(6)            = .true.
         loglimit(7)            = .true.
        tvdlfeps=0.5d0

 &boundlist
        internalboundary  = .true.
        nghostcells       = 4
        !                     RHO,   Vr,     Vz,   Vphi,   P,     traceur1,traceur2
        typeboundary_min1 =  'symm','asymm','symm','asymm','symm',2*'symm'!, ! C.L. gauche <=> rmin
        typeboundary_max1 =  7*'cont'                                    ! C.L. droite <=> rmax
        typeboundary_min2 =  'symm','symm','asymm','symm','symm',2*'symm' !7*'special'!                                     ! C.L. inférieure <=> zmin
        typeboundary_max2 =  7*'cont'                                        ! C.L. supérieure <=> zmax                                      ! C.L. supérieure <=> zmax

/
        typeboundary_max3 = 8*'cont'                                         ! C.L. arrière <=> phi/profondeur max
        typeboundary_min3 = 8*'cont'                                         ! C.L. avant <=> phi/profondeur min
 /

 &meshlist
        ! grid at level 1
        xprobmin1 =  0.0d0    ! cm
        xprobmax1 =  3.0d17! <--- r_max=3.0d17
        xprobmin2 =  0.0d0    ! cm
        xprobmax2 =  3.0d17! <--- z_max=3.0d17

        ! total cell at level 1
        domain_nx1= 960!240! <---dr=1.25e15 cm at lvl 1
        domain_nx2= 960!240! <---dr=1.25e15 cm at lvl 1
        ! number of cell by block
        block_nx1 = 8!8!
        block_nx2 = 8!8!

        ! AMR configuration
        refine_criterion=3
        refine_max_level=3!5 !<--- dr=dz=7.8125e13 cm au lvl 5
        refine_threshold=20*0.01d0
        derefine_ratio=20*1d-3
        w_refine_weight(1)=0.5d0
        w_refine_weight(2)=0.165d0
        w_refine_weight(3)=0.165d0
        w_refine_weight(4)=0.17d0
      !  w_refine_weight(9)=1.0d0

        max_blocks = 200000
        ! can be added when is needed
        prolongprimitive= .false.
        coarsenprimitive= .false.
        /







 /
        stretched_grid    = .true.
        stretched_dim(1)  = .true.
        stretched_dim(2)  = .true.
        itfixgrid =0

 &paramlist
        typecourant         = 'maxsum'
        courantpar          = 0.8d0
        slowsteps           = 1500
        small_getdt_average = .true.
        small_dt_coef       = 1.0d-5
 /

  &hd_list
         hd_energy            = .true. !non-adiabatic: enables energy solving
         hd_gamma             = 1.666666667
         SI_unit              = .false.  ! use cgs
         He_abundance         = 0.1d0                     !

         hd_dust              = .false.   ! dust off
         hd_radiative_cooling = .false. !>>HH4647 .false.!.true.    ! cooling on
         hd_gravity	       = .true. !>>HH4647 .false.!.true.    ! gravity on
         hd_chemical          = .false.   ! use chemical
         hd_n_tracer          = 2
         hd_mean_mup_on       = .true. !>>HH4647 .true.
         hd_chemical_gas_type = 'fullyatomic'
   /

  &grav_list 
  	grav_split=.false.
   /

 !'MLcosmol' : 'Use Mellema & Lundqvist (2002) cooling curve for zero metallicity '
 !'SPEX_DM'  : 'Use SPEX cooling curve for solar metallicity above 10^4 K. At lower temperatures,use Dalgarno & McCray (1972), with a pre-set ionization fraction of 10^-3 as described by Schure et al. (2009). '
   &rc_list
         ncool            = 4000
         coolcurve        = 'SPEX_DM'!'MLcosmol' !
         coolmethod       = 'exact'
         cfrac            = 1.d0
         Tfix             = .false.
         tlow             = 110 !<--- T_low = 110 K comme limite inférieure de la table de cooling afin d'éviter que le jet à 100 K ne se mette à refroidir par radiative cooling, ce qui serait non-physique
         coolsaveL        = .true.
         coolsavedT       = .true.
         He_abundance = 0.1d0
         rc_chemical_gas_type = 'fullyatomic'
   /


 &dust_list
     dust_n_species           = 2
     dust_min_rho             = 1.0d-10
     gas_mu                   = 1.0d0
     dust_method              = 'Kwok'
     dust_small_to_zero       = .true.
     dust_temperature         = 1.0d0
     dust_temperature_type    = 'silicate'
     dust_source_split        = .false.
     dust_it_diff             = 50000
   /





 &usr_list
        usrconfig%ism_on              = .true.                      !> set ism
        usrconfig%cloud_on            = .false.                      !> set cloud
        usrconfig%cloud_structure     = 2                           !> cloud structure type
        usrconfig%jet_yso_on          = .false. !>>HH4647.false.!.false.!.false.!                      !> set a jet
        usrconfig%physunit_on         = .true.                      !> set the normalisation in use
        usrconfig%reset_medium        = .true.                      !> set on the reset
        usrconfig%coordinate_system   = 'cylindrical_2.5D'            !> geometry in use in 2D
        usrconfig%phys_inuse          = 'hd' !'mhd' ! set physique want to be used

        usrconfig%phys_isotherm_on              = .false.!>>HH4647.true. ! use isotherme
        usrconfig%reset_flux_scheme_on          = .true.
        usrconfig%reset_flux_scheme_diffuse     = 'hllcd'
        usrconfig%reset_flux_scheme_thresholdL1_min = 1.0d-6
        usrconfig%reset_flux_scheme_thresholdL1_max = 1.0d20


 /




&usr_physical_unit_list
 phys_unit%unit                  = 'cgs'
 phys_unit%length                = 1.496d14                 ! cm (1 parsec) : par defaut = 1.496d14
 phys_unit%time                  = 3d8                      ! s (2 year) : par defaut = 3d10
 phys_unit%number_density        = 1.0d-6 !>>HH4647                      ! cm^-3 : par defaut = 1.0d8 (1.0d5 pour un milieu ambiant tres peu dense, e.g. a 100cm-3)                      ! cm^-3 : par defaut = 1.0d8 (1.0d5 pour un milieu ambiant tres peu dense, e.g. a 100cm-3)
 phys_unit%chemical_He_abundance = 0.1d0
 phys_unit%chemical_gas_type = 'fullyatomic'
/

!11/12/19 : pour ISM et le projet n°1 de Sylvie Cabrit sur son article de 1997, les paramètres ci-dessous pour l'ISM ont été testés
!et fixées aux valeurs recommandées et correspondant le mieux à la simulation de l'article
 &usr_ism_list
  ism_config%unit               ='cgs'
  ism_config%density            = 1.6d-16         !Li & Shu et 1996b ism density if it set to 0 it will use number_density
  ism_config%number_density     = 0.0d0  !>>HH4647  !2.95d9    !1.0d2     !4.44d6     ! Zheng19 = 2.95d9 cm-3 ! ism number density (1/cm^3) ) of protons n_H = facteur rho_j (e.g. = 100 cm-3) physique dans l'expression du profil de densité rho_c du milieu ambiant
                                            ! and w(ixO^S,phys_ind%rho_)        =  self%myconfig%density = = self%myconfig%number_density*mp = rho_h the mass density of protons
                                            ! si tu l'augmentes e.g. a number_density=1.0d3,
                                            !la valeur rho_c=rho_j de densité au niveau de la frontière inférieure ISM augmente d'un facteur 10
  ism_config%velocity(1)        = 0.0d0       ! ism  speed components (cm/s) R/X : 0.0 = milieu statique
  ism_config%velocity(2)        = 0.0d0!5.d8     ! ism  speed components (cm/s) Z : 0.0 = milieu statique
  ism_config%velocity(3)        = 0.0d0       ! ism  speed components (cm/s)  Y : 0.0 = milieu statique
  ism_config%Mach_number_tomov_obj= 0.0       ! ism  speed components (cm/s)  Y : 0.0 = milieu statique
  ism_config%temperature        = 100.0d0  !<---T_a = 100 K temperature typique
  ism_config%pressure           = 0.0d0     !1.3806485199999997d-12! ism pressure if is set to 0 it will use temperature : äraview trouve a T=100 K et rho_j=100 cm-3 >>> p_j = 2.71055e-12 Ba
  ism_config%tracer_on          = .true.    ! ism tracer
  ism_config%tracer_init_density= 1.0d9!1.0d3     ! ism tracer density
  ism_config%tracer_small_density  =  1.0d-15!1.0d-5

  ism_config%reset_on           = .false.    ! ism reset
  ism_config%reset_coef         = 0.0! 0.0     ! ism reset  coefficient : 19-03-2021 --> don't use it ! it creates bugs when >0.0d0
  ism_config%reset_dtemperature = 1.0d-6    !> set the pressure variation
  ism_config%reset_distance(2)  =  1.01d18  ! ism rest distance
  ism_config%reset_scale(2)     =  5d16     ! ism reset scalling distance

  ism_config%boundary_cond(2,2) = 'open'
  !ism_config%boundary_cond(1,2) = 'fix'
  ism_config%boundary_on        = .true.

ism_config%profile_typeaxial  = 'spherical'!'projection_direction'
ism_config%profile_idir       = 1.0,0.0,0.0       !z=2,r=1  !  ism profile direction

ism_config%profile_center     = 0,0,0

ism_config%profile_density_on = .true. ! Zheng=True ! .false. ! .true. ! ISM set density profile
ism_config%profile_pressure_on= .true. ! Zheng=True ! .false. !.true.
ism_config%theta_floored      = 0.0d0
ism_config%profile_force_on   = .false. ! Zheng=True  !.true.!.false.!.true. ! .false. ! ISM set force profile
ism_config%profile_force_gradP_on = .false.
ism_config%weight_mean = 'arithmetic'
ism_config%weight_analy = 1.0d0
ism_config%weight_num = 3.0d0
ism_config%weight_mean_variable = 'minus_density_grad'
ism_config%profile_rw_force = 2.5d16
ism_config%weight_num_index = 20.0d0
ism_config%weight_analy_index = 20.0d0
ism_config%profile_density    = 'Ulrich1976'!>>HH4647'cabrit1997' ! Zheng19 = 'cabrit1997' !ISM density profile
ism_config%profile_jspec = 8.0782850178d20       !> ISM envelope specific angular momentum
ism_config%profile_Minf  = 2.5203562637184713d20 !> ISM envelope infalling mass-loss rate on the protostar
ism_config%profile_Mstar = 8.94784441814123d32   !> central objet or protostar mass
!Ulrich default parameters
!self%myconfig%profile_jspec = 8.0782850178d20       !> ISM envelope specific angular momentum
!self%myconfig%profile_Minf  = 2.5203562637184713d20 !> ISM envelope infalling mass-loss rate on the protostar
!self%myconfig%profile_Mstar = 8.94784441814123d32   !> central objet or protostar mass
!self%myconfig%profile_rd    = 1.0927333451820418d16 !> ISM envelope lower ﬁducial radius
!self%myconfig%profile_vd    = 7.392732228240198d4   !> ISM envelope kepler velocity at r=profile_rd
!self%myconfig%profile_rho_0 = 2.27205428100406d-18  !> ISM envelope fiducial density



ism_config%profile_zc    = 1.0d16!4.49d14 ! 1.0d16 !4.49d14 ! Zheng19 = 30 au = 4.49d14 cm :  grandeur de normalisation dans le profil de pression/densite (en cm)
ism_config%profile_rw    = 2.5d16 !> ISM reference radius for Lee 2001 profile (in cm)
ism_config%profile_kappa    = 2.0d0 ! Zheng19 = 2 ! indice kappa pour la loi de densité et de pression : 'cabrit1997' <=> kappa=2
ism_config%profile_shiftstart = 0.00d0 !>>HH4647 3.33d14 ! 3.33d14 ! 1.0d15 ! the distance from which the ISM profile is set

ism_config%chemical_gas_type = 'fullyatomic'!>>HH4647'fullyatomic'
ism_config%He_abundance      = 0.1
/

&usr_usrboundary_ism_list
  !usrboundary_config%boundary_type(1,2) = 'fix'!'disc'
  usrboundary_config%boundary_type(2,2) = 'open'
  usrboundary_config%useprimitive       = .true.
  usrboundary_config%flux_frac          = 9.0d-1
/

!11/12/19 : pour le jet et le projet n°1 de Sylvie Cabrit sur son article de 1997, les paramètres ci-dessous pour le jet ont été testés
!et fixées aux valeurs recommandées et correspondant le mieux à la simulation de l'article
&usr_cla_jet_list
    cla_jet_config%unit                  =  'cgs' !> physical unit at parameter file
    cla_jet_config%time_cla_jet_on       =  0.0d0 !> initial time the cla_jet is set in the simulation box

    cla_jet_config%myindice              =  0       !> cla_jet associated indice
    cla_jet_config%density               =  1.795963442083303d-19!<-------Fm=0.6e-7 Msun/yr

    cla_jet_config%number_density        =  0.0d0
    cla_jet_config%temperature           =  100.0d0  !>>HH4647 !> cla_jet temperature  (K)
    cla_jet_config%pressure              =  0.0d0   !> cla_jet pressure
    cla_jet_config%pressure_toism        =  0.0d0   !> cla_jet pressure relative to ism pressure
    cla_jet_config%magnetic(1)           =  0.0d0   !> cla_jet magnetic field components : 0.0d0 = HD
    cla_jet_config%magnetic(2)           =  0.0d0   !> cla_jet magnetic field components : 0.0d0 = HD
    cla_jet_config%magnetic(3)           =  0.0d0   !> cla_jet magnetic field components : 0.0d0 = HD
    cla_jet_config%xisigma               =  0.0d0   !> cla_jet magnetisation : 0.0d0 = HD
    cla_jet_config%magn_anglePHItoPol    =  0.0d0   !> cla_jet magnetisation field incl : 0.0d0 = HD

    cla_jet_config%Mach_number           =  0.0!250.0d0   !> cla_jet  Mach number : Par défaut : Ma = 20
    cla_jet_config%c_sound               =  0.0d0   !> cla_jet  sound speed (cm/s)
    cla_jet_config%velocity(1)           =  0.0d0   !> cla_jet  velocity (radial speed)(cm/s)
    cla_jet_config%velocity(2)           =  1.0d0!1.2d7 !
    cla_jet_config%velocity(3)           =  0.0d0   !> cla_jet  velocity (rotation speed)(cm/s)
    cla_jet_config%velocity_poloidal     =  1.0d0!1.2d7 !<--- norme du vecteur vitesse au niveau de l'inlet du jet
    cla_jet_config%power                 =  0.0d0   !> wind power flux
    cla_jet_config%mass_flux             =  0.0d0   ! 3.15e19 ! flux en H+H^++H2 1.13d21 !1.89d18 ! grammes/s>>>Zhang19 = 0.3e-7 Msun/yr  0.0!9.8525563d16!1.9705112501213315d17!1.3136741667475542d17!!   !> wind mass flux : cabrit1997 = 1.3136741d17 à Vjet = 100 km/s et 1.9705111e+17 à Vjet = 150 km/s (Vjet = 150 km/s ne marche qu a basse resolution de maillage)
                                            ! c'est par l'imposition de cla_jet_config%mass_flux et de cla_jet_config%velocity(2) que la densité est alors imposée à l'intérieur du jet
                                            ! pour avoir :
                                            ! * Vjet = 100 km/s, R_jet = 0.5e16 cm et n_jet = 100 cm-3 >>> mass_flux = 1.3136741667475542e+17 g / s
                                            ! * Vjet = 150 km/s, R_jet = 0.5e16 cm et n_jet = 100 cm-3 >>> mass_flux = 1.9705112501213315e+17 g / s
                                            ! * Vjet = 150 km/s, R_jet = 0.5e16 cm et n_jet = 50 cm-3 >>> mass_flux = 9.8525563e+16 g / s

    cla_jet_config%open_angle            = 3.0d0 !>>HH4647 !>  cla_jet initial open angle  (degre): 0.0d0 = jet droit cylindrique
    cla_jet_config%z_in                  =  -46.275d18 !> cla_jet inner boundary position
    cla_jet_config%variation_n_cells     = 2
    cla_jet_config%z_impos               =  8.22d14 !
    cla_jet_config%z_out_init            =  8.30d14 !
    cla_jet_config%r_out_init            =  7.47d14! <--- 50 UA
    cla_jet_config%r_out_impos           =  7.47d14! <--- 50 UA

    cla_jet_config%r_in_init             =  0.0 !-7.48d14 !> cla_jet inner jet  region : position de la limite gauche du jet en coordonnées cylindriques : à tenir compte dans le calcul de la surface d'éjection du jet et donc du calcul du flux de masse ejectée

    cla_jet_config%tracer_on             =  .true. !> cla_jet logical to set tracer
    cla_jet_config%tracer_init_density   =  1.0d9!> cla_jet tracer density
    cla_jet_config%tracer_small_density  =  1.0d-15!> cla_jet tracer small density
    cla_jet_config%shape                 =  'cartesian'  !> cla_jet shape
    cla_jet_config%profile               =  'none'  !> cla_jet profile


    cla_jet_config%variation_on          =  .true. ! Zhang19 .false. !.true.! to set on  or off the jet-injection in-real-time velocity variability
    cla_jet_config%density_variation_on  =  .true. !<----- vary mass-loss rate !> cla_jet density variation switch
    cla_jet_config%pressure_variation_on =  .true. !<----- vary constant jet temperature !> cla_jet pressure variation switch : enables constant temperature in the jet inlet
    cla_jet_config%density_variation_profile =  'same_as_velocity' !<----- which variability apply to pressure and/or pressure
    cla_jet_config%variation_start_time  =  0.0d0 !time (in s in cgs) at which to begin the time variability : 0.0 to begin at the start of the simulation
    cla_jet_config%variation_end_time    =  4d15
    cla_jet_config%variation_velocity_amplitude =  1.0d0!1.2d7 !<--- norme du vecteur vitesse au niveau de l'inlet du jet (aux yeux du code, c'est une autre variable qu'on a oublié, surtout moi, de retirer quand on a rajouté   le paramètre cla_jet_config%velocity_poloidal en ouvrant le jet, donc par sécurité, comme je ne sais pas si on l'utilise toujours ailleurs, fixons la même valeur qu'au-dessus)
    cla_jet_config%variation_velocity_poloidal =  0.0d0!6.0d6 !<------ variation de la norme du vecteur vitesse du jet
    cla_jet_config%variation_velocity(1) =  0.0d0
    cla_jet_config%variation_velocity(2) =  0.0d0!6.0d6 !<------ variation de la norme du vecteur vitesse du jet
    cla_jet_config%variation_velocity(3) =  0.0d0
    cla_jet_config%variation_time        =  9.46728d9!<---- 300 ans
    cla_jet_config%variation_position    =  0.0d0,8.22d14 ,0.0d0!0.0d0,8.22d14 ,0.0d0 !>>HH4647 !0.0d0, 1d15 ,0.0d0 !0.0d0, 1.495978707d14,0.0d0 ! = 0,10 au,0position (in 3d : if cylindrical : phi = 3, z=2, r=1) under which is set the time variability : default = 0,3d15,0
    cla_jet_config%variation_type        =  'sawtooth2' !
    cla_jet_config%variation_phys_nvariable   = 1  ! number of physical variable with variation
    cla_jet_config%variation_phys_variable(1) =  3 ! 3 mean the velocity in Z direction

    cla_jet_config%refine_min_level      = 3
    cla_jet_config%chemical_gas_type     = 'fullyatomic' !>>HH4647



/
 ---------------------------------------------------------------------------
 ---------------------------------------------------------------------------
 |         __  __ ____ ___        _    __  __ ______     ___    ____       |
 |        |  \/  |  _ \_ _|      / \  |  \/  |  _ \ \   / / \  / ___|      |
 |        | |\/| | |_) | |_____ / _ \ | |\/| | |_) \ \ / / _ \| |          |
 |        | |  | |  __/| |_____/ ___ \| |  | |  _ < \ V / ___ \ |___       |
 |        |_|  |_|_|  |___|   /_/   \_\_|  |_|_| \_\ \_/_/   \_\____|      |
 --------------------------------------------------------------------------
 ---------------------------------------------------------------------------
  End of reading of the usr_list
  End of reading of the usr_list
  End of reading of the usr_list
  End of reading of the usr_list
  End of reading of the usr_list
 Reading usr_list
  End of reading of the usr_list
  End of reading of the usr_list
  End of reading of the usr_list
  End of reading of the usr_list
  End of reading of the usr_list
  End of reading of the usr_list
  End of reading of the usr_list
  End of reading of the usr_list
  End of reading of the usr_list
  End of reading of the usr_list
  End of reading of the usr_list
  End of reading of the usr_list
  End of reading of the usr_list
  End of reading of the usr_list
  End of reading of the usr_list
  End of reading of the usr_list
 Reading usr_physical_values_list
  End of reading of the usr_list
  End of reading of the usr_list
  End of reading of the usr_list
 Reading usr_ism_list
  End of reading of the hd_list
 End of Reading 
 usr_ismlist0                                                                  
 Reading usr_boundary_list           1 
 boundary                                                                      
  End of reading of the hd_list
  End of reading of the hd_list
  End of reading of the hd_list
  End of reading of the hd_list
  End of reading of the hd_list
  End of reading of the hd_list
  End of reading of the hd_list
  End of reading of the hd_list
  End of reading of the hd_list
  End of reading of the hd_list
  End of reading of the hd_list
 End of Reading 
 usr_boundarylist1                                                             
  End of reading of the hd_list
  End of reading of the hd_list
  End of reading of the hd_list
  End of reading of the hd_list
  End of reading of the hd_list
  End of reading of the hd_list
  End of reading of the hd_list
  End of reading of the hd_list
  End of reading of the hd_list
  End of reading of the hd_list
  End of reading of the hd_list
  End of reading of the hd_list
 Reading Ulrich1976.par
 End par file read
 
 Output type | dtsave    | ditsave | itsave(1) | tsave(1)
         log | 0.105E+00 | ******  |      0    | *********
      normal | ********* |      1  |      0    | *********
       slice | ********* | ******  | ******    | *********
   collapsed | ********* | ******  | ******    | *********
    analysis | ********* | ******  | ******    | *********
 
                 typelimited: predictor                                                                                                                          
         Domain size (cells): 960 960 
                Level one dx: 0.209E+01 0.209E+01 
           Refine estimation: Lohner's scheme
                   slicenext: 0
                collapsenext: 0
           restart_from_file:  undefined
                  converting: F

 rW =   2.500000000000000E+016  cm
 rD =   1.092733345182041E+016  cm
 vK =    73927.3222824020       cm/s
 rho_0 =   2.272054281004061E-018  g/cm3
 r = (rD/rw) =    2.28784086348488     
 rho_a0 =   1.166389483226784E-018  g/cm3
 nH_a0 =    498101.457614819       cm-3
 rW =   2.500000000000000E+016  cm
 rD =   1.092733345182041E+016  cm
 vK =    73927.3222824020       cm/s
 rho_0 =   2.272054281004061E-018  g/cm3
 r = (rD/rw) =    2.28784086348488     
 rho_a0 =   1.166389483226784E-018  g/cm3
 nH_a0 =    498101.457614819       cm-3
 rW =   2.500000000000000E+016  cm
 rD =   1.092733345182041E+016  cm
 vK =    73927.3222824020       cm/s
 rho_0 =   2.272054281004061E-018  g/cm3
 r = (rD/rw) =    2.28784086348488     
 rho_a0 =   1.166389483226784E-018  g/cm3
 nH_a0 =    498101.457614819       cm-3
 rW =   2.500000000000000E+016  cm
 rD =   1.092733345182041E+016  cm
 vK =    73927.3222824020       cm/s
 rho_0 =   2.272054281004061E-018  g/cm3
 r = (rD/rw) =    2.28784086348488     
 rho_a0 =   1.166389483226784E-018  g/cm3
 nH_a0 =    498101.457614819       cm-3
 the ism temperature =    100.000000000000     
 ism density  1.166389483226784E-018
 ism nH   498101.457614819     
 phys_config%He_abundance  0.100000000000000     
 in mod_obj_usr_unit.t usr_physical_unit_fillphysunit subroutine: 
 ism density  2.341670487800000E-030
 ism ndensity  1.000000000000000E-006
 ism pressure  5.822995576026895E-019
 ism temperature   3834.16285288672     
 rW =   2.500000000000000E+016  cm
 rD =   1.092733345182041E+016  cm
 vK =    73927.3222824020       cm/s
 rho_0 =   2.272054281004061E-018  g/cm3
 r = (rD/rw) =    2.28784086348488     
 rho_a0 =   1.166389483226784E-018  g/cm3
 nH_a0 =    498101.457614819       cm-3
 rW =   2.500000000000000E+016  cm
 rD =   1.092733345182041E+016  cm
 vK =    73927.3222824020       cm/s
 rho_0 =   2.272054281004061E-018  g/cm3
 rW =   2.500000000000000E+016  cm
 rD =   1.092733345182041E+016  cm
 vK =    73927.3222824020       cm/s
 rho_0 =   2.272054281004061E-018  g/cm3
 r = (rD/rw) =    2.28784086348488     
 rho_a0 =   1.166389483226784E-018  g/cm3
 nH_a0 =    498101.457614819       cm-3
 r = (rD/rw) =    2.28784086348488     
 rho_a0 =   1.166389483226784E-018  g/cm3
 nH_a0 =    498101.457614819       cm-3
 rW =   2.500000000000000E+016  cm
 rD =   1.092733345182041E+016  cm
 vK =    73927.3222824020       cm/s
 rho_0 =   2.272054281004061E-018  g/cm3
 r = (rD/rw) =    2.28784086348488     
 rho_a0 =   1.166389483226784E-018  g/cm3
 nH_a0 =    498101.457614819       cm-3
 rW =   2.500000000000000E+016  cm
 rD =   1.092733345182041E+016  cm
 vK =    73927.3222824020       cm/s
 rho_0 =   2.272054281004061E-018  g/cm3
 r = (rD/rw) =    2.28784086348488     
 rho_a0 =   1.166389483226784E-018  g/cm3
 nH_a0 =    498101.457614819       cm-3
 rW =   2.500000000000000E+016  cm
 rD =   1.092733345182041E+016  cm
 vK =    73927.3222824020       cm/s
 rho_0 =   2.272054281004061E-018  g/cm3
 r = (rD/rw) =    2.28784086348488     
 rho_a0 =   1.166389483226784E-018  g/cm3
 nH_a0 =    498101.457614819       cm-3
 rW =   2.500000000000000E+016  cm
 rD =   1.092733345182041E+016  cm
 vK =    73927.3222824020       cm/s
 rho_0 =   2.272054281004061E-018  g/cm3
 r = (rD/rw) =    2.28784086348488     
 rho_a0 =   1.166389483226784E-018  g/cm3
 nH_a0 =    498101.457614819       cm-3
 rW =   2.500000000000000E+016  cm
 rD =   1.092733345182041E+016  cm
 vK =    73927.3222824020       cm/s
 rho_0 =   2.272054281004061E-018  g/cm3
 r = (rD/rw) =    2.28784086348488     
 rho_a0 =   1.166389483226784E-018  g/cm3
 nH_a0 =    498101.457614819       cm-3
 rW =   2.500000000000000E+016  cm
 rD =   1.092733345182041E+016  cm
 vK =    73927.3222824020       cm/s
 rho_0 =   2.272054281004061E-018  g/cm3
 r = (rD/rw) =    2.28784086348488     
 rho_a0 =   1.166389483226784E-018  g/cm3
 nH_a0 =    498101.457614819       cm-3
 rW =   2.500000000000000E+016  cm
 rD =   1.092733345182041E+016  cm
 vK =    73927.3222824020       cm/s
 rho_0 =   2.272054281004061E-018  g/cm3
 r = (rD/rw) =    2.28784086348488     
 rho_a0 =   1.166389483226784E-018  g/cm3
 nH_a0 =    498101.457614819       cm-3
 rW =   2.500000000000000E+016  cm
 rD =   1.092733345182041E+016  cm
 vK =    73927.3222824020       cm/s
 rho_0 =   2.272054281004061E-018  g/cm3
 r = (rD/rw) =    2.28784086348488     
 rho_a0 =   1.166389483226784E-018  g/cm3
 nH_a0 =    498101.457614819       cm-3
 rW =   2.500000000000000E+016  cm
 rD =   1.092733345182041E+016  cm
 vK =    73927.3222824020       cm/s
 rho_0 =   2.272054281004061E-018  g/cm3
 r = (rD/rw) =    2.28784086348488     
 rho_a0 =   1.166389483226784E-018  g/cm3
 nH_a0 =    498101.457614819       cm-3
 rW =   2.500000000000000E+016  cm
 rD =   1.092733345182041E+016  cm
 vK =    73927.3222824020       cm/s
 rho_0 =   2.272054281004061E-018  g/cm3
 r = (rD/rw) =    2.28784086348488     
 rho_a0 =   1.166389483226784E-018  g/cm3
 nH_a0 =    498101.457614819       cm-3
 rW =   2.500000000000000E+016  cm
 rD =   1.092733345182041E+016  cm
 vK =    73927.3222824020       cm/s
 rho_0 =   2.272054281004061E-018  g/cm3
 r = (rD/rw) =    2.28784086348488     
 rho_a0 =   1.166389483226784E-018  g/cm3
 nH_a0 =    498101.457614819       cm-3
 rW =   2.500000000000000E+016  cm
 rD =   1.092733345182041E+016  cm
 vK =    73927.3222824020       cm/s
 rho_0 =   2.272054281004061E-018  g/cm3
 r = (rD/rw) =    2.28784086348488     
 rho_a0 =   1.166389483226784E-018  g/cm3
 nH_a0 =    498101.457614819       cm-3
 rW =   2.500000000000000E+016  cm
 rD =   1.092733345182041E+016  cm
 vK =    73927.3222824020       cm/s
 rho_0 =   2.272054281004061E-018  g/cm3
 r = (rD/rw) =    2.28784086348488     
 rho_a0 =   1.166389483226784E-018  g/cm3
 nH_a0 =    498101.457614819       cm-3
 rW =   2.500000000000000E+016  cm
 rD =   1.092733345182041E+016  cm
 vK =    73927.3222824020       cm/s
 rho_0 =   2.272054281004061E-018  g/cm3
 r = (rD/rw) =    2.28784086348488     
 rho_a0 =   1.166389483226784E-018  g/cm3
 nH_a0 =    498101.457614819       cm-3
 rW =   2.500000000000000E+016  cm
 rD =   1.092733345182041E+016  cm
 vK =    73927.3222824020       cm/s
 rho_0 =   2.272054281004061E-018  g/cm3
 r = (rD/rw) =    2.28784086348488     
 rho_a0 =   1.166389483226784E-018  g/cm3
 nH_a0 =    498101.457614819       cm-3
 rW =   2.500000000000000E+016  cm
 rD =   1.092733345182041E+016  cm
 vK =    73927.3222824020       cm/s
 rho_0 =   2.272054281004061E-018  g/cm3
 r = (rD/rw) =    2.28784086348488     
 rho_a0 =   1.166389483226784E-018  g/cm3
 nH_a0 =    498101.457614819       cm-3
 rW =   2.500000000000000E+016  cm
 rD =   1.092733345182041E+016  cm
 vK =    73927.3222824020       cm/s
 rho_0 =   2.272054281004061E-018  g/cm3
 r = (rD/rw) =    2.28784086348488     
 rho_a0 =   1.166389483226784E-018  g/cm3
 nH_a0 =    498101.457614819       cm-3
 Jet start :-)
 -------------------------------------------------------------------------------
 Startup phase took :             0.885 sec
 -------------------------------------------------------------------------------
 Start integrating, print status every  3.00E+01 seconds
        it        time          dt  wc-time(s)
         0   0.000E+00   1.304E-04   1.670E-02
In CGS          0 T=   0.000E+00 dT=   3.912E+04
 -------------------------------------------------------------------------------
 Saving visual data. Coordinate directions and variable names are:
          -1 R               
           0 Z               
           1 rho             rho             
           2 v1              v1              
           3 v2              v2              
           4 v3              v3              
           5 p               p               
           6 tracer_ism      tracer_ism      
           7 trp2            trp2            
           8 mup             mup             
           9 mach_number     mach_number     
          10 temperature     temperature     
          11 level           level           
          12 number density  number density  
          13 gravfield1      gravfield1      
          14 gravfield2      gravfield2      
          15 gravfield3      gravfield3      
 time =  0.000000000000000E+000
 -------------------------------------------------------------------------------
         2   3.884E-04   3.802E-04   3.195E+01
In CGS          2 T=   1.165E+05 dT=   1.141E+05
         4   1.265E-03   6.062E-04   6.417E+01
In CGS          4 T=   3.795E+05 dT=   1.819E+05
         6   2.582E-03   8.110E-04   9.629E+01
In CGS          6 T=   7.746E+05 dT=   2.433E+05
         8   4.300E-03   9.993E-04   1.288E+02
In CGS          8 T=   1.290E+06 dT=   2.998E+05
        10   6.388E-03   1.175E-03   1.612E+02
In CGS         10 T=   1.916E+06 dT=   3.525E+05
        12   8.822E-03   1.341E-03   1.935E+02
In CGS         12 T=   2.647E+06 dT=   4.023E+05
        14   1.158E-02   1.500E-03   2.248E+02
In CGS         14 T=   3.475E+06 dT=   4.499E+05
        16   1.466E-02   1.653E-03   2.556E+02
In CGS         16 T=   4.398E+06 dT=   4.958E+05
        18   1.804E-02   1.801E-03   2.870E+02
In CGS         18 T=   5.412E+06 dT=   5.403E+05
        20   2.172E-02   1.946E-03   3.200E+02
In CGS         20 T=   6.515E+06 dT=   5.839E+05
        22   2.568E-02   2.089E-03   3.533E+02
In CGS         22 T=   7.704E+06 dT=   6.267E+05
        24   2.993E-02   2.230E-03   3.867E+02
In CGS         24 T=   8.979E+06 dT=   6.689E+05
        26   3.446E-02   2.369E-03   4.217E+02
In CGS         26 T=   1.034E+07 dT=   7.108E+05
        28   3.927E-02   2.508E-03   4.557E+02
In CGS         28 T=   1.178E+07 dT=   7.525E+05
        30   4.435E-02   2.646E-03   4.896E+02
In CGS         30 T=   1.331E+07 dT=   7.939E+05
        32   4.971E-02   2.784E-03   5.240E+02
In CGS         32 T=   1.491E+07 dT=   8.352E+05
        34   5.535E-02   2.921E-03   5.583E+02
In CGS         34 T=   1.660E+07 dT=   8.764E+05
        36   6.126E-02   3.058E-03   5.937E+02
In CGS         36 T=   1.838E+07 dT=   9.175E+05
        38   6.745E-02   3.195E-03   6.294E+02
In CGS         38 T=   2.023E+07 dT=   9.585E+05
        40   7.390E-02   3.331E-03   6.669E+02
In CGS         40 T=   2.217E+07 dT=   9.993E+05
        42   8.063E-02   3.466E-03   7.034E+02
In CGS         42 T=   2.419E+07 dT=   1.040E+06
        44   8.763E-02   3.601E-03   7.398E+02
In CGS         44 T=   2.629E+07 dT=   1.080E+06
        46   9.490E-02   3.734E-03   7.760E+02
In CGS         46 T=   2.847E+07 dT=   1.120E+06
        48   1.024E-01   2.754E-03   8.127E+02
In CGS         48 T=   3.073E+07 dT=   8.261E+05
        50   1.091E-01   4.002E-03   8.489E+02
In CGS         50 T=   3.274E+07 dT=   1.201E+06
        52   1.172E-01   4.132E-03   8.851E+02
In CGS         52 T=   3.516E+07 dT=   1.240E+06
        54   1.255E-01   4.261E-03   9.223E+02
In CGS         54 T=   3.766E+07 dT=   1.278E+06
        56   1.341E-01   4.388E-03   9.599E+02
In CGS         56 T=   4.023E+07 dT=   1.316E+06
        58   1.430E-01   4.513E-03   9.978E+02
In CGS         58 T=   4.289E+07 dT=   1.354E+06
        60   1.520E-01   4.636E-03   1.036E+03
In CGS         60 T=   4.561E+07 dT=   1.391E+06
        62   1.614E-01   4.756E-03   1.073E+03
In CGS         62 T=   4.841E+07 dT=   1.427E+06
        64   1.709E-01   4.874E-03   1.111E+03
In CGS         64 T=   5.128E+07 dT=   1.462E+06
        66   1.808E-01   4.991E-03   1.149E+03
In CGS         66 T=   5.423E+07 dT=   1.497E+06
        68   1.908E-01   5.105E-03   1.187E+03
In CGS         68 T=   5.724E+07 dT=   1.531E+06
        70   2.011E-01   5.217E-03   1.225E+03
In CGS         70 T=   6.032E+07 dT=   1.565E+06
        72   2.104E-01   5.331E-03   1.263E+03
In CGS         72 T=   6.312E+07 dT=   1.599E+06
        74   2.211E-01   5.439E-03   1.301E+03
In CGS         74 T=   6.633E+07 dT=   1.632E+06
        76   2.320E-01   5.545E-03   1.339E+03
In CGS         76 T=   6.961E+07 dT=   1.664E+06
        78   2.432E-01   5.650E-03   1.378E+03
In CGS         78 T=   7.295E+07 dT=   1.695E+06
        80   2.545E-01   5.752E-03   1.415E+03
In CGS         80 T=   7.636E+07 dT=   1.726E+06
        82   2.661E-01   5.853E-03   1.452E+03
In CGS         82 T=   7.982E+07 dT=   1.756E+06
        84   2.778E-01   5.952E-03   1.487E+03
In CGS         84 T=   8.335E+07 dT=   1.786E+06
        86   2.898E-01   6.049E-03   1.520E+03
In CGS         86 T=   8.694E+07 dT=   1.815E+06
        88   3.019E-01   6.144E-03   1.554E+03
In CGS         88 T=   9.058E+07 dT=   1.843E+06
        90   3.143E-01   1.304E-03   1.587E+03
In CGS         90 T=   9.428E+07 dT=   3.912E+05
        92   3.219E-01   6.352E-03   1.620E+03
In CGS         92 T=   9.656E+07 dT=   1.906E+06
        94   3.346E-01   6.454E-03   1.653E+03
In CGS         94 T=   1.004E+08 dT=   1.936E+06
        96   3.476E-01   6.559E-03   1.686E+03
In CGS         96 T=   1.043E+08 dT=   1.968E+06
        98   3.608E-01   6.669E-03   1.719E+03
In CGS         98 T=   1.082E+08 dT=   2.001E+06
       100   3.742E-01   6.783E-03   1.753E+03
In CGS        100 T=   1.122E+08 dT=   2.035E+06
 Total timeloop took        :     1768.853 sec
 Time spent on Regrid+Update:        7.723 sec
                  Percentage:         0.44 %
 Time spent on IO in loop   :     1741.419 sec
                  Percentage:        98.45 %
 Time spent on BC           :        3.812 sec
                  Percentage:         0.22 %
 Time spent on run          :       27.435 sec
 Cells_updated / cpu / sec  :    5.631E+03
 Total time spent on IO     :     1741.423 sec
 Total timeintegration took :     1768.858 sec
 -------------------------------------------------------------------------------
 Finished AMRVAC in :          1769.743 sec
 -------------------------------------------------------------------------------
::::::::::::::
uniform/Ulrich1976/Ulrich1976.par
::::::::::::::
!==============================================================
! Project : YSO JET MIALY
! Aim     :
! Results :
! Method  : Use cartesian coordinate
!
! Update  : 22/11/2019
! configuration :
! Openmpi/gfortran or intel or ....
! $AMRVAC_DIR/setup.pl -d=2 -phys=hd -arch=default
! with intel
! $AMRVAC_DIR/setup.pl -d=2 -phys=hd -arch=intel
!==============================================================

 &filelist
        base_filename='uniform/Ulrich1976/Jet_CC_'
        saveprim=.true.
      	autoconvert=.true.
      	convert_type='vtuBCCmpi'
      	restart_from_file='Jet_CC_0100.dat'
      	convert = .true.
      	level_io=3
      	nwauxio = 4
        restart_from_file='Jet_Shang06_0118.dat'
        /
        convert = .true.



        snapshotnext =0326
/




/
        nwauxio=10




/


 &savelist
        itsave(1,1)=0
        itsave(1,2)=0
        dtsave_log=3.1557600d7   ! 1 year 3.1557600d6 = 0.1 yr
	!ditsave_log =50
        !dtsave_dat=  3.1557600d8! 100 yr!6.31152d8!20 yrs !1.57788000d9!50 yrs !3.1557600d9! 1 yrdensitys  1.57788000d8!5 yrs !3.1557600d7   ! 100 year; 3.1557600d7 = 1 yr
        ditsave_dat =1
 /

        ditsave_log = 1
        ditsave_dat =1
        dtsave_dat =21.08

 &stoplist

        dtmin=1.0d-13
        !time_max= 99d15 ! years
        !time_max=  3.15576d10 ! 10000 yrs 6.31152d11!2e4 yrs 3.15576d11 ! 10000 yrs 1.26e10! 400 yrs !3.786912d10! 1200 yrs ! 1.90607904d10!604 yrs ! 1.893456d10!600 yrs ! 3.15576d10! 1000yrs!6.31152d10! 2000 yrs ! 3.15576d11! 10000yrs ! 1.262304d10!400yrs!3.15576d9!3.15576d10! 1000yrs  !1.893456e11!600yrs!!9.46728d9!300yrs!6.311520000d9!7.8894d9!9.46728d9!7.8894d9 ! in s from years : 7.8894d9 = 250 yrs
        it_max=100


/
  reset_it=.true.

          it_init=0






 &methodlist
        time_integrator          =  'twostep'
        typepred1                =  20*'hllcd'!>>HH4647 !'hllcd'!si vraiment ça ne marche pas, essayer :! 'hll'! si au bord persiste des problemes, essayer : ! 'tvdlf'
        flux_scheme              =  20*'hllcd'!,18*'tvdlf'!>>HH4647 !'hllcd'!si vraiment ça ne marche pas, essayer :! 'hll'! si au bord persiste des problemes, essayer : ! 'tvdlf'
        limiter                  =  20*'minmod'!>>HH4647 !'koren'!'cada3'
        small_pressure           = 1.0d-9
        small_density            = 1.0d-8
        small_values_method      =  'average'
        small_values_daverage    = 8

        check_small_values       = .true.
        small_values_force_floor = .true.
        loglimit(1) = .false.


 /
         loglimit(4) = .true.
         loglimit(1)            = .true.
         loglimit(5)            = .true.
         loglimit(6)            = .true.
         loglimit(7)            = .true.
        tvdlfeps=0.5d0

 &boundlist
        internalboundary  = .true.
        nghostcells       = 4
        !                     RHO,   Vr,     Vz,   Vphi,   P,     traceur1,traceur2
        typeboundary_min1 =  'symm','asymm','symm','asymm','symm',2*'symm'!, ! C.L. gauche <=> rmin
        typeboundary_max1 =  7*'cont'                                    ! C.L. droite <=> rmax
        typeboundary_min2 =  'symm','symm','asymm','symm','symm',2*'symm' !7*'special'!                                     ! C.L. inférieure <=> zmin
        typeboundary_max2 =  7*'cont'                                        ! C.L. supérieure <=> zmax                                      ! C.L. supérieure <=> zmax

/
        typeboundary_max3 = 8*'cont'                                         ! C.L. arrière <=> phi/profondeur max
        typeboundary_min3 = 8*'cont'                                         ! C.L. avant <=> phi/profondeur min
 /

 &meshlist
        ! grid at level 1
        xprobmin1 =  0.0d0    ! cm
        xprobmax1 =  3.0d17! <--- r_max=3.0d17
        xprobmin2 =  0.0d0    ! cm
        xprobmax2 =  3.0d17! <--- z_max=3.0d17

        ! total cell at level 1
        domain_nx1= 960!240! <---dr=1.25e15 cm at lvl 1
        domain_nx2= 960!240! <---dr=1.25e15 cm at lvl 1
        ! number of cell by block
        block_nx1 = 8!8!
        block_nx2 = 8!8!

        ! AMR configuration
        refine_criterion=3
        refine_max_level=3!5 !<--- dr=dz=7.8125e13 cm au lvl 5
        refine_threshold=20*0.01d0
        derefine_ratio=20*1d-3
        w_refine_weight(1)=0.5d0
        w_refine_weight(2)=0.165d0
        w_refine_weight(3)=0.165d0
        w_refine_weight(4)=0.17d0
      !  w_refine_weight(9)=1.0d0

        max_blocks = 200000
        ! can be added when is needed
        prolongprimitive= .false.
        coarsenprimitive= .false.
        /







 /
        stretched_grid    = .true.
        stretched_dim(1)  = .true.
        stretched_dim(2)  = .true.
        itfixgrid =0

 &paramlist
        typecourant         = 'maxsum'
        courantpar          = 0.8d0
        slowsteps           = 1500
        small_getdt_average = .true.
        small_dt_coef       = 1.0d-5
 /

  &hd_list
         hd_energy            = .true. !non-adiabatic: enables energy solving
         hd_gamma             = 1.666666667
         SI_unit              = .false.  ! use cgs
         He_abundance         = 0.1d0                     !

         hd_dust              = .false.   ! dust off
         hd_radiative_cooling = .false. !>>HH4647 .false.!.true.    ! cooling on
         hd_gravity	       = .true. !>>HH4647 .false.!.true.    ! gravity on
         hd_chemical          = .false.   ! use chemical
         hd_n_tracer          = 2
         hd_mean_mup_on       = .true. !>>HH4647 .true.
         hd_chemical_gas_type = 'fullyatomic'
   /

  &grav_list 
  	grav_split=.false.
   /

 !'MLcosmol' : 'Use Mellema & Lundqvist (2002) cooling curve for zero metallicity '
 !'SPEX_DM'  : 'Use SPEX cooling curve for solar metallicity above 10^4 K. At lower temperatures,use Dalgarno & McCray (1972), with a pre-set ionization fraction of 10^-3 as described by Schure et al. (2009). '
   &rc_list
         ncool            = 4000
         coolcurve        = 'SPEX_DM'!'MLcosmol' !
         coolmethod       = 'exact'
         cfrac            = 1.d0
         Tfix             = .false.
         tlow             = 110 !<--- T_low = 110 K comme limite inférieure de la table de cooling afin d'éviter que le jet à 100 K ne se mette à refroidir par radiative cooling, ce qui serait non-physique
         coolsaveL        = .true.
         coolsavedT       = .true.
         He_abundance = 0.1d0
         rc_chemical_gas_type = 'fullyatomic'
   /


 &dust_list
     dust_n_species           = 2
     dust_min_rho             = 1.0d-10
     gas_mu                   = 1.0d0
     dust_method              = 'Kwok'
     dust_small_to_zero       = .true.
     dust_temperature         = 1.0d0
     dust_temperature_type    = 'silicate'
     dust_source_split        = .false.
     dust_it_diff             = 50000
   /





 &usr_list
        usrconfig%ism_on              = .true.                      !> set ism
        usrconfig%cloud_on            = .false.                      !> set cloud
        usrconfig%cloud_structure     = 2                           !> cloud structure type
        usrconfig%jet_yso_on          = .false. !>>HH4647.false.!.false.!.false.!                      !> set a jet
        usrconfig%physunit_on         = .true.                      !> set the normalisation in use
        usrconfig%reset_medium        = .true.                      !> set on the reset
        usrconfig%coordinate_system   = 'cylindrical_2.5D'            !> geometry in use in 2D
        usrconfig%phys_inuse          = 'hd' !'mhd' ! set physique want to be used

        usrconfig%phys_isotherm_on              = .false.!>>HH4647.true. ! use isotherme
        usrconfig%reset_flux_scheme_on          = .true.
        usrconfig%reset_flux_scheme_diffuse     = 'hllcd'
        usrconfig%reset_flux_scheme_thresholdL1_min = 1.0d-6
        usrconfig%reset_flux_scheme_thresholdL1_max = 1.0d20


 /




&usr_physical_unit_list
 phys_unit%unit                  = 'cgs'
 phys_unit%length                = 1.496d14                 ! cm (1 parsec) : par defaut = 1.496d14
 phys_unit%time                  = 3d8                      ! s (2 year) : par defaut = 3d10
 phys_unit%number_density        = 1.0d-6 !>>HH4647                      ! cm^-3 : par defaut = 1.0d8 (1.0d5 pour un milieu ambiant tres peu dense, e.g. a 100cm-3)                      ! cm^-3 : par defaut = 1.0d8 (1.0d5 pour un milieu ambiant tres peu dense, e.g. a 100cm-3)
 phys_unit%chemical_He_abundance = 0.1d0
 phys_unit%chemical_gas_type = 'fullyatomic'
/

!11/12/19 : pour ISM et le projet n°1 de Sylvie Cabrit sur son article de 1997, les paramètres ci-dessous pour l'ISM ont été testés
!et fixées aux valeurs recommandées et correspondant le mieux à la simulation de l'article
 &usr_ism_list
  ism_config%unit               ='cgs'
  ism_config%density            = 1.6d-16         !Li & Shu et 1996b ism density if it set to 0 it will use number_density
  ism_config%number_density     = 0.0d0  !>>HH4647  !2.95d9    !1.0d2     !4.44d6     ! Zheng19 = 2.95d9 cm-3 ! ism number density (1/cm^3) ) of protons n_H = facteur rho_j (e.g. = 100 cm-3) physique dans l'expression du profil de densité rho_c du milieu ambiant
                                            ! and w(ixO^S,phys_ind%rho_)        =  self%myconfig%density = = self%myconfig%number_density*mp = rho_h the mass density of protons
                                            ! si tu l'augmentes e.g. a number_density=1.0d3,
                                            !la valeur rho_c=rho_j de densité au niveau de la frontière inférieure ISM augmente d'un facteur 10
  ism_config%velocity(1)        = 0.0d0       ! ism  speed components (cm/s) R/X : 0.0 = milieu statique
  ism_config%velocity(2)        = 0.0d0!5.d8     ! ism  speed components (cm/s) Z : 0.0 = milieu statique
  ism_config%velocity(3)        = 0.0d0       ! ism  speed components (cm/s)  Y : 0.0 = milieu statique
  ism_config%Mach_number_tomov_obj= 0.0       ! ism  speed components (cm/s)  Y : 0.0 = milieu statique
  ism_config%temperature        = 100.0d0  !<---T_a = 100 K temperature typique
  ism_config%pressure           = 0.0d0     !1.3806485199999997d-12! ism pressure if is set to 0 it will use temperature : äraview trouve a T=100 K et rho_j=100 cm-3 >>> p_j = 2.71055e-12 Ba
  ism_config%tracer_on          = .true.    ! ism tracer
  ism_config%tracer_init_density= 1.0d9!1.0d3     ! ism tracer density
  ism_config%tracer_small_density  =  1.0d-15!1.0d-5

  ism_config%reset_on           = .false.    ! ism reset
  ism_config%reset_coef         = 0.0! 0.0     ! ism reset  coefficient : 19-03-2021 --> don't use it ! it creates bugs when >0.0d0
  ism_config%reset_dtemperature = 1.0d-6    !> set the pressure variation
  ism_config%reset_distance(2)  =  1.01d18  ! ism rest distance
  ism_config%reset_scale(2)     =  5d16     ! ism reset scalling distance

  ism_config%boundary_cond(2,2) = 'open'
  !ism_config%boundary_cond(1,2) = 'fix'
  ism_config%boundary_on        = .true.

ism_config%profile_typeaxial  = 'spherical'!'projection_direction'
ism_config%profile_idir       = 1.0,0.0,0.0       !z=2,r=1  !  ism profile direction

ism_config%profile_center     = 0,0,0

ism_config%profile_density_on = .true. ! Zheng=True ! .false. ! .true. ! ISM set density profile
ism_config%profile_pressure_on= .true. ! Zheng=True ! .false. !.true.
ism_config%theta_floored      = 0.0d0
ism_config%profile_force_on   = .false. ! Zheng=True  !.true.!.false.!.true. ! .false. ! ISM set force profile
ism_config%profile_force_gradP_on = .false.
ism_config%weight_mean = 'arithmetic'
ism_config%weight_analy = 1.0d0
ism_config%weight_num = 3.0d0
ism_config%weight_mean_variable = 'minus_density_grad'
ism_config%profile_rw_force = 2.5d16
ism_config%weight_num_index = 20.0d0
ism_config%weight_analy_index = 20.0d0
ism_config%profile_density    = 'Ulrich1976'!>>HH4647'cabrit1997' ! Zheng19 = 'cabrit1997' !ISM density profile
ism_config%profile_jspec = 8.0782850178d20       !> ISM envelope specific angular momentum
ism_config%profile_Minf  = 2.5203562637184713d20 !> ISM envelope infalling mass-loss rate on the protostar
ism_config%profile_Mstar = 8.94784441814123d32   !> central objet or protostar mass
!Ulrich default parameters
!self%myconfig%profile_jspec = 8.0782850178d20       !> ISM envelope specific angular momentum
!self%myconfig%profile_Minf  = 2.5203562637184713d20 !> ISM envelope infalling mass-loss rate on the protostar
!self%myconfig%profile_Mstar = 8.94784441814123d32   !> central objet or protostar mass
!self%myconfig%profile_rd    = 1.0927333451820418d16 !> ISM envelope lower ﬁducial radius
!self%myconfig%profile_vd    = 7.392732228240198d4   !> ISM envelope kepler velocity at r=profile_rd
!self%myconfig%profile_rho_0 = 2.27205428100406d-18  !> ISM envelope fiducial density



ism_config%profile_zc    = 1.0d16!4.49d14 ! 1.0d16 !4.49d14 ! Zheng19 = 30 au = 4.49d14 cm :  grandeur de normalisation dans le profil de pression/densite (en cm)
ism_config%profile_rw    = 2.5d16 !> ISM reference radius for Lee 2001 profile (in cm)
ism_config%profile_kappa    = 2.0d0 ! Zheng19 = 2 ! indice kappa pour la loi de densité et de pression : 'cabrit1997' <=> kappa=2
ism_config%profile_shiftstart = 0.00d0 !>>HH4647 3.33d14 ! 3.33d14 ! 1.0d15 ! the distance from which the ISM profile is set

ism_config%chemical_gas_type = 'fullyatomic'!>>HH4647'fullyatomic'
ism_config%He_abundance      = 0.1
/

&usr_usrboundary_ism_list
  !usrboundary_config%boundary_type(1,2) = 'fix'!'disc'
  usrboundary_config%boundary_type(2,2) = 'open'
  usrboundary_config%useprimitive       = .true.
  usrboundary_config%flux_frac          = 9.0d-1
/

!11/12/19 : pour le jet et le projet n°1 de Sylvie Cabrit sur son article de 1997, les paramètres ci-dessous pour le jet ont été testés
!et fixées aux valeurs recommandées et correspondant le mieux à la simulation de l'article
&usr_cla_jet_list
    cla_jet_config%unit                  =  'cgs' !> physical unit at parameter file
    cla_jet_config%time_cla_jet_on       =  0.0d0 !> initial time the cla_jet is set in the simulation box

    cla_jet_config%myindice              =  0       !> cla_jet associated indice
    cla_jet_config%density               =  1.795963442083303d-19!<-------Fm=0.6e-7 Msun/yr

    cla_jet_config%number_density        =  0.0d0
    cla_jet_config%temperature           =  100.0d0  !>>HH4647 !> cla_jet temperature  (K)
    cla_jet_config%pressure              =  0.0d0   !> cla_jet pressure
    cla_jet_config%pressure_toism        =  0.0d0   !> cla_jet pressure relative to ism pressure
    cla_jet_config%magnetic(1)           =  0.0d0   !> cla_jet magnetic field components : 0.0d0 = HD
    cla_jet_config%magnetic(2)           =  0.0d0   !> cla_jet magnetic field components : 0.0d0 = HD
    cla_jet_config%magnetic(3)           =  0.0d0   !> cla_jet magnetic field components : 0.0d0 = HD
    cla_jet_config%xisigma               =  0.0d0   !> cla_jet magnetisation : 0.0d0 = HD
    cla_jet_config%magn_anglePHItoPol    =  0.0d0   !> cla_jet magnetisation field incl : 0.0d0 = HD

    cla_jet_config%Mach_number           =  0.0!250.0d0   !> cla_jet  Mach number : Par défaut : Ma = 20
    cla_jet_config%c_sound               =  0.0d0   !> cla_jet  sound speed (cm/s)
    cla_jet_config%velocity(1)           =  0.0d0   !> cla_jet  velocity (radial speed)(cm/s)
    cla_jet_config%velocity(2)           =  1.0d0!1.2d7 !
    cla_jet_config%velocity(3)           =  0.0d0   !> cla_jet  velocity (rotation speed)(cm/s)
    cla_jet_config%velocity_poloidal     =  1.0d0!1.2d7 !<--- norme du vecteur vitesse au niveau de l'inlet du jet
    cla_jet_config%power                 =  0.0d0   !> wind power flux
    cla_jet_config%mass_flux             =  0.0d0   ! 3.15e19 ! flux en H+H^++H2 1.13d21 !1.89d18 ! grammes/s>>>Zhang19 = 0.3e-7 Msun/yr  0.0!9.8525563d16!1.9705112501213315d17!1.3136741667475542d17!!   !> wind mass flux : cabrit1997 = 1.3136741d17 à Vjet = 100 km/s et 1.9705111e+17 à Vjet = 150 km/s (Vjet = 150 km/s ne marche qu a basse resolution de maillage)
                                            ! c'est par l'imposition de cla_jet_config%mass_flux et de cla_jet_config%velocity(2) que la densité est alors imposée à l'intérieur du jet
                                            ! pour avoir :
                                            ! * Vjet = 100 km/s, R_jet = 0.5e16 cm et n_jet = 100 cm-3 >>> mass_flux = 1.3136741667475542e+17 g / s
                                            ! * Vjet = 150 km/s, R_jet = 0.5e16 cm et n_jet = 100 cm-3 >>> mass_flux = 1.9705112501213315e+17 g / s
                                            ! * Vjet = 150 km/s, R_jet = 0.5e16 cm et n_jet = 50 cm-3 >>> mass_flux = 9.8525563e+16 g / s

    cla_jet_config%open_angle            = 3.0d0 !>>HH4647 !>  cla_jet initial open angle  (degre): 0.0d0 = jet droit cylindrique
    cla_jet_config%z_in                  =  -46.275d18 !> cla_jet inner boundary position
    cla_jet_config%variation_n_cells     = 2
    cla_jet_config%z_impos               =  8.22d14 !
    cla_jet_config%z_out_init            =  8.30d14 !
    cla_jet_config%r_out_init            =  7.47d14! <--- 50 UA
    cla_jet_config%r_out_impos           =  7.47d14! <--- 50 UA

    cla_jet_config%r_in_init             =  0.0 !-7.48d14 !> cla_jet inner jet  region : position de la limite gauche du jet en coordonnées cylindriques : à tenir compte dans le calcul de la surface d'éjection du jet et donc du calcul du flux de masse ejectée

    cla_jet_config%tracer_on             =  .true. !> cla_jet logical to set tracer
    cla_jet_config%tracer_init_density   =  1.0d9!> cla_jet tracer density
    cla_jet_config%tracer_small_density  =  1.0d-15!> cla_jet tracer small density
    cla_jet_config%shape                 =  'cartesian'  !> cla_jet shape
    cla_jet_config%profile               =  'none'  !> cla_jet profile


    cla_jet_config%variation_on          =  .true. ! Zhang19 .false. !.true.! to set on  or off the jet-injection in-real-time velocity variability
    cla_jet_config%density_variation_on  =  .true. !<----- vary mass-loss rate !> cla_jet density variation switch
    cla_jet_config%pressure_variation_on =  .true. !<----- vary constant jet temperature !> cla_jet pressure variation switch : enables constant temperature in the jet inlet
    cla_jet_config%density_variation_profile =  'same_as_velocity' !<----- which variability apply to pressure and/or pressure
    cla_jet_config%variation_start_time  =  0.0d0 !time (in s in cgs) at which to begin the time variability : 0.0 to begin at the start of the simulation
    cla_jet_config%variation_end_time    =  4d15
    cla_jet_config%variation_velocity_amplitude =  1.0d0!1.2d7 !<--- norme du vecteur vitesse au niveau de l'inlet du jet (aux yeux du code, c'est une autre variable qu'on a oublié, surtout moi, de retirer quand on a rajouté   le paramètre cla_jet_config%velocity_poloidal en ouvrant le jet, donc par sécurité, comme je ne sais pas si on l'utilise toujours ailleurs, fixons la même valeur qu'au-dessus)
    cla_jet_config%variation_velocity_poloidal =  0.0d0!6.0d6 !<------ variation de la norme du vecteur vitesse du jet
    cla_jet_config%variation_velocity(1) =  0.0d0
    cla_jet_config%variation_velocity(2) =  0.0d0!6.0d6 !<------ variation de la norme du vecteur vitesse du jet
    cla_jet_config%variation_velocity(3) =  0.0d0
    cla_jet_config%variation_time        =  9.46728d9!<---- 300 ans
    cla_jet_config%variation_position    =  0.0d0,8.22d14 ,0.0d0!0.0d0,8.22d14 ,0.0d0 !>>HH4647 !0.0d0, 1d15 ,0.0d0 !0.0d0, 1.495978707d14,0.0d0 ! = 0,10 au,0position (in 3d : if cylindrical : phi = 3, z=2, r=1) under which is set the time variability : default = 0,3d15,0
    cla_jet_config%variation_type        =  'sawtooth2' !
    cla_jet_config%variation_phys_nvariable   = 1  ! number of physical variable with variation
    cla_jet_config%variation_phys_variable(1) =  3 ! 3 mean the velocity in Z direction

    cla_jet_config%refine_min_level      = 3
    cla_jet_config%chemical_gas_type     = 'fullyatomic' !>>HH4647



/
mpiexec: Forwarding signal 18 to job
slurmstepd-tycho64: error: *** JOB 2899722 ON tycho64 CANCELLED AT 2022-02-23T12:51:33 ***
