mkdir: cannot create directory ‘Ulrich1976’: File exists
2899370
tycho54
/scratch/mrabenanahary/run.2899370.Ulrich1976
::::::::::::::
Ulrich1976.par
::::::::::::::
!==============================================================
! Project : YSO JET MIALY
! Aim     :
! Results :
! Method  : Use cartesian coordinate
!
! Update  : 22/11/2019
! configuration :
! Openmpi/gfortran or intel or ....
! $AMRVAC_DIR/setup.pl -d=2 -phys=hd -arch=default
! with intel
! $AMRVAC_DIR/setup.pl -d=2 -phys=hd -arch=intel
!==============================================================

 &filelist
        base_filename='Output/Ulrich1976/Jet_CC_'
        saveprim=.true.
        autoconvert=.true.
        convert_type='vtuBCCmpi'
        nwauxio = 7
        /
        restart_from_file='Jet_Shang06_0118.dat'
        /
        convert = .true.



        snapshotnext =0326
/




/
        nwauxio=10




/


 &savelist
        itsave(1,1)=0
        itsave(1,2)=0
        dtsave_log=3.1557600d7   ! 1 year 3.1557600d6 = 0.1 yr
	!ditsave_log =50
        dtsave_dat=  3.1557600d9! 100 yr!6.31152d8!20 yrs !1.57788000d9!50 yrs !3.1557600d9! 1 yrdensitys  1.57788000d8!5 yrs !3.1557600d7   ! 100 year; 3.1557600d7 = 1 yr
        !ditsave_dat =1
 /

        ditsave_log = 1
        ditsave_dat =1
        dtsave_dat =21.08

 &stoplist

        dtmin=1.0d-13
        !time_max= 99d15 ! years
        time_max=  3.15576d11 ! 10000 yrs 6.31152d11!2e4 yrs 3.15576d11 ! 10000 yrs 1.26e10! 400 yrs !3.786912d10! 1200 yrs ! 1.90607904d10!604 yrs ! 1.893456d10!600 yrs ! 3.15576d10! 1000yrs!6.31152d10! 2000 yrs ! 3.15576d11! 10000yrs ! 1.262304d10!400yrs!3.15576d9!3.15576d10! 1000yrs  !1.893456e11!600yrs!!9.46728d9!300yrs!6.311520000d9!7.8894d9!9.46728d9!7.8894d9 ! in s from years : 7.8894d9 = 250 yrs
        !it_max=100


/
  reset_it=.true.

          it_init=0






 &methodlist
        time_integrator          =  'twostep'
        typepred1                =  20*'hllcd'!>>HH4647 !'hllcd'!si vraiment ça ne marche pas, essayer :! 'hll'! si au bord persiste des problemes, essayer : ! 'tvdlf'
        flux_scheme              =  20*'hllcd'!,18*'tvdlf'!>>HH4647 !'hllcd'!si vraiment ça ne marche pas, essayer :! 'hll'! si au bord persiste des problemes, essayer : ! 'tvdlf'
        limiter                  =  20*'minmod'!>>HH4647 !'koren'!'cada3'
        small_pressure           = 1.0d-9
        small_density            = 1.0d-8
        small_values_method      =  'average'
        small_values_daverage    = 8

        check_small_values       = .true.
        small_values_force_floor = .true.
        loglimit(1) = .false.


 /
         loglimit(4) = .true.
         loglimit(1)            = .true.
         loglimit(5)            = .true.
         loglimit(6)            = .true.
         loglimit(7)            = .true.
        tvdlfeps=0.5d0

 &boundlist
        internalboundary  = .true.
        nghostcells       = 4
        !                     RHO,   Vr,     Vz,   Vphi,   P,     traceur1,traceur2
        typeboundary_min1 =  'symm','asymm','symm','asymm','symm',2*'symm'!, ! C.L. gauche <=> rmin
        typeboundary_max1 =  7*'cont'                                    ! C.L. droite <=> rmax
        typeboundary_min2 =  'symm','symm','asymm','symm','symm',2*'symm' !7*'special'!                                     ! C.L. inférieure <=> zmin
        typeboundary_max2 =  7*'cont'                                        ! C.L. supérieure <=> zmax                                      ! C.L. supérieure <=> zmax

/
        typeboundary_max3 = 8*'cont'                                         ! C.L. arrière <=> phi/profondeur max
        typeboundary_min3 = 8*'cont'                                         ! C.L. avant <=> phi/profondeur min
 /

 &meshlist
        ! grid at level 1
        xprobmin1 =  0.0d0    ! cm
        xprobmax1 =  3.0d17! <--- r_max=3.0d17
        xprobmin2 =  0.0d0    ! cm
        xprobmax2 =  3.0d17! <--- z_max=3.0d17

        ! total cell at level 1
        domain_nx1= 960!240! <---dr=1.25e15 cm at lvl 1
        domain_nx2= 960!240! <---dr=1.25e15 cm at lvl 1
        ! number of cell by block
        block_nx1 = 8!8!
        block_nx2 = 8!8!

        ! AMR configuration
        refine_criterion=3
        refine_max_level=3!5 !<--- dr=dz=7.8125e13 cm au lvl 5
        refine_threshold=20*0.01d0
        derefine_ratio=20*1d-3
        w_refine_weight(1)=0.5d0
        w_refine_weight(2)=0.165d0
        w_refine_weight(3)=0.165d0
        w_refine_weight(4)=0.17d0
      !  w_refine_weight(9)=1.0d0

        max_blocks = 200000
        ! can be added when is needed
        prolongprimitive= .true.
        coarsenprimitive= .true.
        /







 /
        stretched_grid    = .true.
        stretched_dim(1)  = .true.
        stretched_dim(2)  = .true.
        itfixgrid =0

 &paramlist
        typecourant         = 'maxsum'
        courantpar          = 0.8d0
        slowsteps           = 1500
        small_getdt_average = .true.
        small_dt_coef       = 1.0d-5
 /

  &hd_list
         hd_energy            = .true. !non-adiabatic: enables energy solving
         hd_gamma             = 1.666666667
         SI_unit              = .false.  ! use cgs
         He_abundance         = 0.1d0                     !

         hd_dust              = .false.   ! dust off
         hd_radiative_cooling = .false. !>>HH4647 .false.!.true.    ! cooling on
         hd_gravity	       = .true. !>>HH4647 .false.!.true.    ! gravity on
         hd_chemical          = .false.   ! use chemical
         hd_n_tracer          = 2
         hd_mean_mup_on       = .true. !>>HH4647 .true.
         hd_chemical_gas_type = 'fullyatomic'
   /

  &grav_list 
  	grav_split=.false.
   /

 !'MLcosmol' : 'Use Mellema & Lundqvist (2002) cooling curve for zero metallicity '
 !'SPEX_DM'  : 'Use SPEX cooling curve for solar metallicity above 10^4 K. At lower temperatures,use Dalgarno & McCray (1972), with a pre-set ionization fraction of 10^-3 as described by Schure et al. (2009). '
   &rc_list
         ncool            = 4000
         coolcurve        = 'SPEX_DM'!'MLcosmol' !
         coolmethod       = 'exact'
         cfrac            = 1.d0
         Tfix             = .false.
         tlow             = 110 !<--- T_low = 110 K comme limite inférieure de la table de cooling afin d'éviter que le jet à 100 K ne se mette à refroidir par radiative cooling, ce qui serait non-physique
         coolsaveL        = .true.
         coolsavedT       = .true.
         He_abundance = 0.1d0
         rc_chemical_gas_type = 'fullyatomic'
   /


 &dust_list
     dust_n_species           = 2
     dust_min_rho             = 1.0d-10
     gas_mu                   = 1.0d0
     dust_method              = 'Kwok'
     dust_small_to_zero       = .true.
     dust_temperature         = 1.0d0
     dust_temperature_type    = 'silicate'
     dust_source_split        = .false.
     dust_it_diff             = 50000
   /





 &usr_list
        usrconfig%ism_on              = .true.                      !> set ism
        usrconfig%cloud_on            = .false.                      !> set cloud
        usrconfig%cloud_structure     = 2                           !> cloud structure type
        usrconfig%jet_yso_on          = .false. !>>HH4647.false.!.false.!.false.!                      !> set a jet
        usrconfig%physunit_on         = .true.                      !> set the normalisation in use
        usrconfig%reset_medium        = .true.                      !> set on the reset
        usrconfig%coordinate_system   = 'cylindrical_2.5D'            !> geometry in use in 2D
        usrconfig%phys_inuse          = 'hd' !'mhd' ! set physique want to be used

        usrconfig%phys_isotherm_on              = .false.!>>HH4647.true. ! use isotherme
        usrconfig%reset_flux_scheme_on          = .true.
        usrconfig%reset_flux_scheme_diffuse     = 'tvdlf'
        usrconfig%reset_flux_scheme_thresholdL1_min = 1.0d-6
        usrconfig%reset_flux_scheme_thresholdL1_max = 1.0d20


 /




&usr_physical_unit_list
 phys_unit%unit                  = 'cgs'
 phys_unit%length                = 1.496d14                 ! cm (1 parsec) : par defaut = 1.496d14
 phys_unit%time                  = 3d8                      ! s (2 year) : par defaut = 3d10
 phys_unit%number_density        = 1.0d-6 !>>HH4647                      ! cm^-3 : par defaut = 1.0d8 (1.0d5 pour un milieu ambiant tres peu dense, e.g. a 100cm-3)                      ! cm^-3 : par defaut = 1.0d8 (1.0d5 pour un milieu ambiant tres peu dense, e.g. a 100cm-3)
 phys_unit%chemical_He_abundance = 0.1d0
 phys_unit%chemical_gas_type = 'fullyatomic'
/

!11/12/19 : pour ISM et le projet n°1 de Sylvie Cabrit sur son article de 1997, les paramètres ci-dessous pour l'ISM ont été testés
!et fixées aux valeurs recommandées et correspondant le mieux à la simulation de l'article
 &usr_ism_list
  ism_config%unit               ='cgs'
  ism_config%density            = 1.6d-16         !Li & Shu et 1996b ism density if it set to 0 it will use number_density
  ism_config%number_density     = 0.0d0  !>>HH4647  !2.95d9    !1.0d2     !4.44d6     ! Zheng19 = 2.95d9 cm-3 ! ism number density (1/cm^3) ) of protons n_H = facteur rho_j (e.g. = 100 cm-3) physique dans l'expression du profil de densité rho_c du milieu ambiant
                                            ! and w(ixO^S,phys_ind%rho_)        =  self%myconfig%density = = self%myconfig%number_density*mp = rho_h the mass density of protons
                                            ! si tu l'augmentes e.g. a number_density=1.0d3,
                                            !la valeur rho_c=rho_j de densité au niveau de la frontière inférieure ISM augmente d'un facteur 10
  ism_config%velocity(1)        = 0.0d0       ! ism  speed components (cm/s) R/X : 0.0 = milieu statique
  ism_config%velocity(2)        = 0.0d0!5.d8     ! ism  speed components (cm/s) Z : 0.0 = milieu statique
  ism_config%velocity(3)        = 0.0d0       ! ism  speed components (cm/s)  Y : 0.0 = milieu statique
  ism_config%Mach_number_tomov_obj= 0.0       ! ism  speed components (cm/s)  Y : 0.0 = milieu statique
  ism_config%temperature        = 100.0d0  !<---T_a = 100 K temperature typique
  ism_config%pressure           = 0.0d0     !1.3806485199999997d-12! ism pressure if is set to 0 it will use temperature : äraview trouve a T=100 K et rho_j=100 cm-3 >>> p_j = 2.71055e-12 Ba
  ism_config%tracer_on          = .true.    ! ism tracer
  ism_config%tracer_init_density= 1.0d9!1.0d3     ! ism tracer density
  ism_config%tracer_small_density  =  1.0d-15!1.0d-5

  ism_config%reset_on           = .false.    ! ism reset
  ism_config%reset_coef         = 0.0! 0.0     ! ism reset  coefficient : 19-03-2021 --> don't use it ! it creates bugs when >0.0d0
  ism_config%reset_dtemperature = 1.0d-6    !> set the pressure variation
  ism_config%reset_distance(2)  =  1.01d18  ! ism rest distance
  ism_config%reset_scale(2)     =  5d16     ! ism reset scalling distance

  ism_config%boundary_cond(2,2) = 'open'
  !ism_config%boundary_cond(1,2) = 'fix'
  ism_config%boundary_on        = .true.

ism_config%profile_typeaxial  = 'spherical'!'projection_direction'
ism_config%profile_idir       = 1.0,0.0,0.0       !z=2,r=1  !  ism profile direction

ism_config%profile_center     = 0,0,0

ism_config%profile_density_on = .true. ! Zheng=True ! .false. ! .true. ! ISM set density profile
ism_config%profile_pressure_on= .true. ! Zheng=True ! .false. !.true.
ism_config%theta_floored      = 0.0d0
ism_config%profile_force_on   = .false. ! Zheng=True  !.true.!.false.!.true. ! .false. ! ISM set force profile
ism_config%profile_force_gradP_on = .false.
ism_config%weight_mean = 'arithmetic'
ism_config%weight_analy = 1.0d0
ism_config%weight_num = 3.0d0
ism_config%weight_mean_variable = 'minus_density_grad'
ism_config%profile_rw_force = 2.5d16
ism_config%weight_num_index = 20.0d0
ism_config%weight_analy_index = 20.0d0
ism_config%profile_density    = 'Ulrich1976'!>>HH4647'cabrit1997' ! Zheng19 = 'cabrit1997' !ISM density profile
ism_config%profile_jspec = 8.0782850178d20       !> ISM envelope specific angular momentum
ism_config%profile_Minf  = 2.5203562637184713d20 !> ISM envelope infalling mass-loss rate on the protostar
ism_config%profile_Mstar = 8.94784441814123d32   !> central objet or protostar mass
!Ulrich default parameters
!self%myconfig%profile_jspec = 8.0782850178d20       !> ISM envelope specific angular momentum
!self%myconfig%profile_Minf  = 2.5203562637184713d20 !> ISM envelope infalling mass-loss rate on the protostar
!self%myconfig%profile_Mstar = 8.94784441814123d32   !> central objet or protostar mass
!self%myconfig%profile_rd    = 1.0927333451820418d16 !> ISM envelope lower ﬁducial radius
!self%myconfig%profile_vd    = 7.392732228240198d4   !> ISM envelope kepler velocity at r=profile_rd
!self%myconfig%profile_rho_0 = 2.27205428100406d-18  !> ISM envelope fiducial density



ism_config%profile_zc    = 1.0d16!4.49d14 ! 1.0d16 !4.49d14 ! Zheng19 = 30 au = 4.49d14 cm :  grandeur de normalisation dans le profil de pression/densite (en cm)
ism_config%profile_rw    = 2.5d16 !> ISM reference radius for Lee 2001 profile (in cm)
ism_config%profile_kappa    = 2.0d0 ! Zheng19 = 2 ! indice kappa pour la loi de densité et de pression : 'cabrit1997' <=> kappa=2
ism_config%profile_shiftstart = 0.00d0 !>>HH4647 3.33d14 ! 3.33d14 ! 1.0d15 ! the distance from which the ISM profile is set

ism_config%chemical_gas_type = 'fullyatomic'!>>HH4647'fullyatomic'
ism_config%He_abundance      = 0.1
/

&usr_usrboundary_ism_list
  !usrboundary_config%boundary_type(1,2) = 'fix'!'disc'
  usrboundary_config%boundary_type(2,2) = 'open'
  usrboundary_config%useprimitive       = .true.
  usrboundary_config%flux_frac          = 9.0d-1
/

!11/12/19 : pour le jet et le projet n°1 de Sylvie Cabrit sur son article de 1997, les paramètres ci-dessous pour le jet ont été testés
!et fixées aux valeurs recommandées et correspondant le mieux à la simulation de l'article
&usr_cla_jet_list
    cla_jet_config%unit                  =  'cgs' !> physical unit at parameter file
    cla_jet_config%time_cla_jet_on       =  0.0d0 !> initial time the cla_jet is set in the simulation box

    cla_jet_config%myindice              =  0       !> cla_jet associated indice
    cla_jet_config%density               =  1.795963442083303d-19!<-------Fm=0.6e-7 Msun/yr

    cla_jet_config%number_density        =  0.0d0
    cla_jet_config%temperature           =  100.0d0  !>>HH4647 !> cla_jet temperature  (K)
    cla_jet_config%pressure              =  0.0d0   !> cla_jet pressure
    cla_jet_config%pressure_toism        =  0.0d0   !> cla_jet pressure relative to ism pressure
    cla_jet_config%magnetic(1)           =  0.0d0   !> cla_jet magnetic field components : 0.0d0 = HD
    cla_jet_config%magnetic(2)           =  0.0d0   !> cla_jet magnetic field components : 0.0d0 = HD
    cla_jet_config%magnetic(3)           =  0.0d0   !> cla_jet magnetic field components : 0.0d0 = HD
    cla_jet_config%xisigma               =  0.0d0   !> cla_jet magnetisation : 0.0d0 = HD
    cla_jet_config%magn_anglePHItoPol    =  0.0d0   !> cla_jet magnetisation field incl : 0.0d0 = HD

    cla_jet_config%Mach_number           =  0.0!250.0d0   !> cla_jet  Mach number : Par défaut : Ma = 20
    cla_jet_config%c_sound               =  0.0d0   !> cla_jet  sound speed (cm/s)
    cla_jet_config%velocity(1)           =  0.0d0   !> cla_jet  velocity (radial speed)(cm/s)
    cla_jet_config%velocity(2)           =  1.2d7 !
    cla_jet_config%velocity(3)           =  0.0d0   !> cla_jet  velocity (rotation speed)(cm/s)
    cla_jet_config%velocity_poloidal     =  1.2d7 !<--- norme du vecteur vitesse au niveau de l'inlet du jet
    cla_jet_config%power                 =  0.0d0   !> wind power flux
    cla_jet_config%mass_flux             =  0.0d0   ! 3.15e19 ! flux en H+H^++H2 1.13d21 !1.89d18 ! grammes/s>>>Zhang19 = 0.3e-7 Msun/yr  0.0!9.8525563d16!1.9705112501213315d17!1.3136741667475542d17!!   !> wind mass flux : cabrit1997 = 1.3136741d17 à Vjet = 100 km/s et 1.9705111e+17 à Vjet = 150 km/s (Vjet = 150 km/s ne marche qu a basse resolution de maillage)
                                            ! c'est par l'imposition de cla_jet_config%mass_flux et de cla_jet_config%velocity(2) que la densité est alors imposée à l'intérieur du jet
                                            ! pour avoir :
                                            ! * Vjet = 100 km/s, R_jet = 0.5e16 cm et n_jet = 100 cm-3 >>> mass_flux = 1.3136741667475542e+17 g / s
                                            ! * Vjet = 150 km/s, R_jet = 0.5e16 cm et n_jet = 100 cm-3 >>> mass_flux = 1.9705112501213315e+17 g / s
                                            ! * Vjet = 150 km/s, R_jet = 0.5e16 cm et n_jet = 50 cm-3 >>> mass_flux = 9.8525563e+16 g / s

    cla_jet_config%open_angle            = 3.0d0 !>>HH4647 !>  cla_jet initial open angle  (degre): 0.0d0 = jet droit cylindrique
    cla_jet_config%z_in                  =  -46.275d18 !> cla_jet inner boundary position
    cla_jet_config%variation_n_cells     = 2
    cla_jet_config%z_impos               =  8.22d14 !
    cla_jet_config%z_out_init            =  8.30d14 !
    cla_jet_config%r_out_init            =  7.47d14! <--- 50 UA
    cla_jet_config%r_out_impos           =  7.47d14! <--- 50 UA

    cla_jet_config%r_in_init             =  0.0 !-7.48d14 !> cla_jet inner jet  region : position de la limite gauche du jet en coordonnées cylindriques : à tenir compte dans le calcul de la surface d'éjection du jet et donc du calcul du flux de masse ejectée

    cla_jet_config%tracer_on             =  .true. !> cla_jet logical to set tracer
    cla_jet_config%tracer_init_density   =  1.0d9!> cla_jet tracer density
    cla_jet_config%tracer_small_density  =  1.0d-15!> cla_jet tracer small density
    cla_jet_config%shape                 =  'cartesian'  !> cla_jet shape
    cla_jet_config%profile               =  'none'  !> cla_jet profile


    cla_jet_config%variation_on          =  .true. ! Zhang19 .false. !.true.! to set on  or off the jet-injection in-real-time velocity variability
    cla_jet_config%density_variation_on  =  .true. !<----- vary mass-loss rate !> cla_jet density variation switch
    cla_jet_config%pressure_variation_on =  .true. !<----- vary constant jet temperature !> cla_jet pressure variation switch : enables constant temperature in the jet inlet
    cla_jet_config%density_variation_profile =  'same_as_velocity' !<----- which variability apply to pressure and/or pressure
    cla_jet_config%variation_start_time  =  0.0d0 !time (in s in cgs) at which to begin the time variability : 0.0 to begin at the start of the simulation
    cla_jet_config%variation_end_time    =  4d15
    cla_jet_config%variation_velocity_amplitude =  1.2d7 !<--- norme du vecteur vitesse au niveau de l'inlet du jet (aux yeux du code, c'est une autre variable qu'on a oublié, surtout moi, de retirer quand on a rajouté   le paramètre cla_jet_config%velocity_poloidal en ouvrant le jet, donc par sécurité, comme je ne sais pas si on l'utilise toujours ailleurs, fixons la même valeur qu'au-dessus)
    cla_jet_config%variation_velocity_poloidal =  6.0d6 !<------ variation de la norme du vecteur vitesse du jet
    cla_jet_config%variation_velocity(1) =  0.0d0
    cla_jet_config%variation_velocity(2) =  6.0d6 !<------ variation de la norme du vecteur vitesse du jet
    cla_jet_config%variation_velocity(3) =  0.0d0
    cla_jet_config%variation_time        =  9.46728d9!<---- 300 ans
    cla_jet_config%variation_position    =  0.0d0,8.22d14 ,0.0d0!0.0d0,8.22d14 ,0.0d0 !>>HH4647 !0.0d0, 1d15 ,0.0d0 !0.0d0, 1.495978707d14,0.0d0 ! = 0,10 au,0position (in 3d : if cylindrical : phi = 3, z=2, r=1) under which is set the time variability : default = 0,3d15,0
    cla_jet_config%variation_type        =  'sawtooth2' !
    cla_jet_config%variation_phys_nvariable   = 1  ! number of physical variable with variation
    cla_jet_config%variation_phys_variable(1) =  3 ! 3 mean the velocity in Z direction

    cla_jet_config%refine_min_level      = 3
    cla_jet_config%chemical_gas_type     = 'fullyatomic' !>>HH4647



/
 ---------------------------------------------------------------------------
 ---------------------------------------------------------------------------
 |         __  __ ____ ___        _    __  __ ______     ___    ____       |
 |        |  \/  |  _ \_ _|      / \  |  \/  |  _ \ \   / / \  / ___|      |
 |        | |\/| | |_) | |_____ / _ \ | |\/| | |_) \ \ / / _ \| |          |
 |        | |  | |  __/| |_____/ ___ \| |  | |  _ < \ V / ___ \ |___       |
 |        |_|  |_|_|  |___|   /_/   \_\_|  |_|_| \_\ \_/_/   \_\____|      |
 --------------------------------------------------------------------------
 ---------------------------------------------------------------------------
  End of reading of the usr_list
  End of reading of the usr_list
  End of reading of the usr_list
  End of reading of the usr_list
  End of reading of the usr_list
  End of reading of the usr_list
 Reading usr_list
  End of reading of the usr_list
  End of reading of the usr_list
  End of reading of the usr_list
  End of reading of the usr_list
  End of reading of the usr_list
  End of reading of the usr_list
  End of reading of the usr_list
  End of reading of the usr_list
  End of reading of the usr_list
  End of reading of the usr_list
  End of reading of the usr_list
  End of reading of the usr_list
  End of reading of the usr_list
  End of reading of the usr_list
 Reading usr_physical_values_list
  End of reading of the usr_list
  End of reading of the usr_list
  End of reading of the usr_list
  End of reading of the usr_list
 Reading usr_ism_list
 End of Reading 
 usr_ismlist0                                                                  
 Reading usr_boundary_list           1 
 boundary                                                                      
  End of reading of the hd_list
  End of reading of the hd_list
  End of reading of the hd_list
  End of reading of the hd_list
  End of reading of the hd_list
 End of Reading 
 usr_boundarylist1                                                             
  End of reading of the hd_list
  End of reading of the hd_list
  End of reading of the hd_list
  End of reading of the hd_list
  End of reading of the hd_list
  End of reading of the hd_list
  End of reading of the hd_list
  End of reading of the hd_list
  End of reading of the hd_list
  End of reading of the hd_list
  End of reading of the hd_list
  End of reading of the hd_list
  End of reading of the hd_list
  End of reading of the hd_list
  End of reading of the hd_list
  End of reading of the hd_list
  End of reading of the hd_list
  End of reading of the hd_list
  End of reading of the hd_list
 Reading Ulrich1976.par
 End par file read
 
 Output type | dtsave    | ditsave | itsave(1) | tsave(1)
         log | 0.105E+00 | ******  |      0    | *********
      normal | 0.105E+02 | ******  |      0    | *********
       slice | ********* | ******  | ******    | *********
   collapsed | ********* | ******  | ******    | *********
    analysis | ********* | ******  | ******    | *********
 
                 typelimited: predictor                                                                                                                          
         Domain size (cells): 960 960 
                Level one dx: 0.209E+01 0.209E+01 
           Refine estimation: Lohner's scheme
                   slicenext: 0
                collapsenext: 0
           restart_from_file:  undefined
                  converting: F

 rW =   2.500000000000000E+016  cm
 rD =   1.092733345182041E+016  cm
 vK =    73927.3222824020       cm/s
 rho_0 =   2.272054281004061E-018  g/cm3
 r = (rD/rw) =    2.28784086348488     
 rho_a0 =   1.166389483226784E-018  g/cm3
 nH_a0 =    498101.457614819       cm-3
 rW =   2.500000000000000E+016  cm
 rD =   1.092733345182041E+016  cm
 vK =    73927.3222824020       cm/s
 rho_0 =   2.272054281004061E-018  g/cm3
 r = (rD/rw) =    2.28784086348488     
 rho_a0 =   1.166389483226784E-018  g/cm3
 nH_a0 =    498101.457614819       cm-3
 rW =   2.500000000000000E+016  cm
 rD =   1.092733345182041E+016  cm
 vK =    73927.3222824020       cm/s
 rho_0 =   2.272054281004061E-018  g/cm3
 r = (rD/rw) =    2.28784086348488     
 rho_a0 =   1.166389483226784E-018  g/cm3
 nH_a0 =    498101.457614819       cm-3
 rW =   2.500000000000000E+016  cm
 rD =   1.092733345182041E+016  cm
 vK =    73927.3222824020       cm/s
 rho_0 =   2.272054281004061E-018  g/cm3
 r = (rD/rw) =    2.28784086348488     
 rho_a0 =   1.166389483226784E-018  g/cm3
 nH_a0 =    498101.457614819       cm-3
 rW =   2.500000000000000E+016  cm
 rD =   1.092733345182041E+016  cm
 vK =    73927.3222824020       cm/s
 rho_0 =   2.272054281004061E-018  g/cm3
 r = (rD/rw) =    2.28784086348488     
 rho_a0 =   1.166389483226784E-018  g/cm3
 nH_a0 =    498101.457614819       cm-3
 rW =   2.500000000000000E+016  cm
 rD =   1.092733345182041E+016  cm
 vK =    73927.3222824020       cm/s
 rho_0 =   2.272054281004061E-018  g/cm3
 r = (rD/rw) =    2.28784086348488     
 rho_a0 =   1.166389483226784E-018  g/cm3
 nH_a0 =    498101.457614819       cm-3
 the ism temperature =    100.000000000000     
 ism density  1.166389483226784E-018
 ism nH   498101.457614819     
 phys_config%He_abundance  0.100000000000000     
 in mod_obj_usr_unit.t usr_physical_unit_fillphysunit subroutine: 
 ism density  2.341670487800000E-030
 ism ndensity  1.000000000000000E-006
 ism pressure  5.822995576026895E-019
 ism temperature   3834.16285288672     
 rW =   2.500000000000000E+016  cm
 rD =   1.092733345182041E+016  cm
 vK =    73927.3222824020       cm/s
 rho_0 =   2.272054281004061E-018  g/cm3
 r = (rD/rw) =    2.28784086348488     
 rho_a0 =   1.166389483226784E-018  g/cm3
 nH_a0 =    498101.457614819       cm-3
 rW =   2.500000000000000E+016  cm
 rD =   1.092733345182041E+016  cm
 vK =    73927.3222824020       cm/s
 rho_0 =   2.272054281004061E-018  g/cm3
 r = (rD/rw) =    2.28784086348488     
 rho_a0 =   1.166389483226784E-018  g/cm3
 nH_a0 =    498101.457614819       cm-3
 rW =   2.500000000000000E+016  cm
 rD =   1.092733345182041E+016  cm
 vK =    73927.3222824020       cm/s
 rho_0 =   2.272054281004061E-018  g/cm3
 r = (rD/rw) =    2.28784086348488     
 rho_a0 =   1.166389483226784E-018  g/cm3
 nH_a0 =    498101.457614819       cm-3
 rW =   2.500000000000000E+016  cm
 rD =   1.092733345182041E+016  cm
 vK =    73927.3222824020       cm/s
 rho_0 =   2.272054281004061E-018  g/cm3
 r = (rD/rw) =    2.28784086348488     
 rho_a0 =   1.166389483226784E-018  g/cm3
 nH_a0 =    498101.457614819       cm-3
 rW =   2.500000000000000E+016  cm
 rD =   1.092733345182041E+016  cm
 vK =    73927.3222824020       cm/s
 rho_0 =   2.272054281004061E-018  g/cm3
 r = (rD/rw) =    2.28784086348488     
 rho_a0 =   1.166389483226784E-018  g/cm3
 nH_a0 =    498101.457614819       cm-3
 rW =   2.500000000000000E+016  cm
 rD =   1.092733345182041E+016  cm
 vK =    73927.3222824020       cm/s
 rho_0 =   2.272054281004061E-018  g/cm3
 r = (rD/rw) =    2.28784086348488     
 rho_a0 =   1.166389483226784E-018  g/cm3
 nH_a0 =    498101.457614819       cm-3
 rW =   2.500000000000000E+016  cm
 rD =   1.092733345182041E+016  cm
 vK =    73927.3222824020       cm/s
 rho_0 =   2.272054281004061E-018  g/cm3
 r = (rD/rw) =    2.28784086348488     
 rho_a0 =   1.166389483226784E-018  g/cm3
 nH_a0 =    498101.457614819       cm-3
 rW =   2.500000000000000E+016  cm
 rD =   1.092733345182041E+016  cm
 vK =    73927.3222824020       cm/s
 rho_0 =   2.272054281004061E-018  g/cm3
 r = (rD/rw) =    2.28784086348488     
 rho_a0 =   1.166389483226784E-018  g/cm3
 nH_a0 =    498101.457614819       cm-3
 rW =   2.500000000000000E+016  cm
 rD =   1.092733345182041E+016  cm
 vK =    73927.3222824020       cm/s
 rho_0 =   2.272054281004061E-018  g/cm3
 r = (rD/rw) =    2.28784086348488     
 rho_a0 =   1.166389483226784E-018  g/cm3
 nH_a0 =    498101.457614819       cm-3
 rW =   2.500000000000000E+016  cm
 rD =   1.092733345182041E+016  cm
 vK =    73927.3222824020       cm/s
 rho_0 =   2.272054281004061E-018  g/cm3
 r = (rD/rw) =    2.28784086348488     
 rho_a0 =   1.166389483226784E-018  g/cm3
 nH_a0 =    498101.457614819       cm-3
 rW =   2.500000000000000E+016  cm
 rD =   1.092733345182041E+016  cm
 vK =    73927.3222824020       cm/s
 rho_0 =   2.272054281004061E-018  g/cm3
 r = (rD/rw) =    2.28784086348488     
 rho_a0 =   1.166389483226784E-018  g/cm3
 nH_a0 =    498101.457614819       cm-3
 rW =   2.500000000000000E+016  cm
 rD =   1.092733345182041E+016  cm
 vK =    73927.3222824020       cm/s
 rho_0 =   2.272054281004061E-018  g/cm3
 r = (rD/rw) =    2.28784086348488     
 rho_a0 =   1.166389483226784E-018  g/cm3
 nH_a0 =    498101.457614819       cm-3
 rW =   2.500000000000000E+016  cm
 rD =   1.092733345182041E+016  cm
 vK =    73927.3222824020       cm/s
 rho_0 =   2.272054281004061E-018  g/cm3
 r = (rD/rw) =    2.28784086348488     
 rho_a0 =   1.166389483226784E-018  g/cm3
 nH_a0 =    498101.457614819       cm-3
 rW =   2.500000000000000E+016  cm
 rD =   1.092733345182041E+016  cm
 vK =    73927.3222824020       cm/s
 rho_0 =   2.272054281004061E-018  g/cm3
 r = (rD/rw) =    2.28784086348488     
 rho_a0 =   1.166389483226784E-018  g/cm3
 nH_a0 =    498101.457614819       cm-3
 rW =   2.500000000000000E+016  cm
 rD =   1.092733345182041E+016  cm
 vK =    73927.3222824020       cm/s
 rho_0 =   2.272054281004061E-018  g/cm3
 r = (rD/rw) =    2.28784086348488     
 rho_a0 =   1.166389483226784E-018  g/cm3
 nH_a0 =    498101.457614819       cm-3
 Jet start :-)
 rW =   2.500000000000000E+016  cm
 rD =   1.092733345182041E+016  cm
 vK =    73927.3222824020       cm/s
 rho_0 =   2.272054281004061E-018  g/cm3
 r = (rD/rw) =    2.28784086348488     
 rho_a0 =   1.166389483226784E-018  g/cm3
 nH_a0 =    498101.457614819       cm-3
 rW =   2.500000000000000E+016  cm
 rD =   1.092733345182041E+016  cm
 vK =    73927.3222824020       cm/s
 rho_0 =   2.272054281004061E-018  g/cm3
 r = (rD/rw) =    2.28784086348488     
 rho_a0 =   1.166389483226784E-018  g/cm3
 nH_a0 =    498101.457614819       cm-3
 rW =   2.500000000000000E+016  cm
 rD =   1.092733345182041E+016  cm
 vK =    73927.3222824020       cm/s
 rho_0 =   2.272054281004061E-018  g/cm3
 r = (rD/rw) =    2.28784086348488     
 rho_a0 =   1.166389483226784E-018  g/cm3
 nH_a0 =    498101.457614819       cm-3
 -------------------------------------------------------------------------------
 Startup phase took :             1.198 sec
 -------------------------------------------------------------------------------
 Start integrating, print status every  3.00E+01 seconds
        it        time          dt  wc-time(s)
         0   0.000E+00   1.304E-04   2.241E-02
In CGS          0 T=   0.000E+00 dT=   3.912E+04
 -------------------------------------------------------------------------------
 Saving visual data. Coordinate directions and variable names are:
          -1 R               
           0 Z               
           1 rho             rho             
           2 v1              v1              
           3 v2              v2              
           4 v3              v3              
           5 p               p               
           6 tracer_ism      tracer_ism      
           7 trp2            trp2            
           8 mup             mup             
           9 mach_number     mach_number     
          10 temperature     temperature     
          11 level           level           
          12 number density  number density  
          13 gravfield1      gravfield1      
          14 gravfield2      gravfield2      
          15 gravfield3      gravfield3      
 time =  0.000000000000000E+000
 -------------------------------------------------------------------------------
        10   6.388E-03   1.175E-03   3.035E+01
In CGS         10 T=   1.916E+06 dT=   3.525E+05
        90   3.143E-01   1.304E-03   6.048E+01
In CGS         90 T=   9.428E+07 dT=   3.912E+05
       168   1.000E+00   1.365E-02   9.051E+01
In CGS        168 T=   3.001E+08 dT=   4.095E+06
       248   2.229E+00   2.011E-02   1.209E+02
In CGS        248 T=   6.688E+08 dT=   6.032E+06
       327   3.892E+00   2.694E-02   1.509E+02
In CGS        327 T=   1.168E+09 dT=   8.082E+06
       406   5.984E+00   1.201E-02   1.810E+02
In CGS        406 T=   1.795E+09 dT=   3.604E+06
       485   8.242E+00   3.668E-02   2.111E+02
In CGS        485 T=   2.472E+09 dT=   1.100E+07
       551   1.056E+01   4.145E-02   2.645E+02
In CGS        551 T=   3.168E+09 dT=   1.244E+07
       629   1.330E+01   4.433E-02   2.948E+02
In CGS        629 T=   3.990E+09 dT=   1.330E+07
       707   1.604E+01   4.788E-02   3.252E+02
In CGS        707 T=   4.811E+09 dT=   1.436E+07
       785   1.878E+01   5.220E-02   3.555E+02
In CGS        785 T=   5.633E+09 dT=   1.566E+07
       832   2.109E+01   5.041E-02   4.023E+02
In CGS        832 T=   6.328E+09 dT=   1.512E+07
       910   2.520E+01   4.759E-02   4.326E+02
In CGS        910 T=   7.560E+09 dT=   1.428E+07
       988   2.930E+01   4.538E-02   4.630E+02
In CGS        988 T=   8.791E+09 dT=   1.361E+07
      1032   3.162E+01   4.403E-02   5.082E+02
In CGS       1032 T=   9.486E+09 dT=   1.321E+07
      1073   3.377E+01   6.297E-02   5.387E+02
In CGS       1073 T=   1.013E+10 dT=   1.889E+07
      1113   3.587E+01   6.368E-02   5.689E+02
In CGS       1113 T=   1.076E+10 dT=   1.910E+07
      1153   3.797E+01   6.127E-02   5.990E+02
In CGS       1153 T=   1.139E+10 dT=   1.838E+07
      1194   4.014E+01   4.541E-02   6.295E+02
In CGS       1194 T=   1.204E+10 dT=   1.362E+07
      1232   4.214E+01   4.282E-02   6.826E+02
In CGS       1232 T=   1.264E+10 dT=   1.285E+07
      1272   4.424E+01   4.174E-02   7.130E+02
In CGS       1272 T=   1.327E+10 dT=   1.252E+07
      1313   4.639E+01   6.365E-02   7.437E+02
In CGS       1313 T=   1.392E+10 dT=   1.909E+07
      1355   4.860E+01   6.263E-02   7.740E+02
In CGS       1355 T=   1.458E+10 dT=   1.879E+07
      1396   5.077E+01   3.981E-02   8.046E+02
In CGS       1396 T=   1.523E+10 dT=   1.194E+07
      1432   5.266E+01   4.105E-02   8.581E+02
In CGS       1432 T=   1.580E+10 dT=   1.232E+07
      1473   5.481E+01   6.414E-02   8.883E+02
In CGS       1473 T=   1.644E+10 dT=   1.924E+07
      1514   5.697E+01   4.240E-02   9.183E+02
In CGS       1514 T=   1.709E+10 dT=   1.272E+07
      1556   5.918E+01   4.091E-02   9.490E+02
In CGS       1556 T=   1.775E+10 dT=   1.227E+07
      1597   6.133E+01   6.002E-02   9.795E+02
In CGS       1597 T=   1.840E+10 dT=   1.801E+07
      1632   6.318E+01   4.241E-02   1.032E+03
In CGS       1632 T=   1.895E+10 dT=   1.272E+07
      1673   6.532E+01   6.341E-02   1.063E+03
In CGS       1673 T=   1.960E+10 dT=   1.902E+07
      1713   6.743E+01   6.353E-02   1.094E+03
In CGS       1713 T=   2.023E+10 dT=   1.906E+07
      1753   6.953E+01   6.317E-02   1.124E+03
In CGS       1753 T=   2.086E+10 dT=   1.895E+07
      1792   7.159E+01   4.160E-02   1.154E+03
In CGS       1792 T=   2.148E+10 dT=   1.248E+07
      1832   7.370E+01   4.138E-02   1.212E+03
In CGS       1832 T=   2.211E+10 dT=   1.241E+07
      1873   7.584E+01   6.409E-02   1.243E+03
In CGS       1873 T=   2.275E+10 dT=   1.923E+07
      1913   7.795E+01   6.468E-02   1.273E+03
In CGS       1913 T=   2.338E+10 dT=   1.940E+07
      1953   8.005E+01   6.225E-02   1.304E+03
In CGS       1953 T=   2.402E+10 dT=   1.867E+07
      2016   8.338E+01   4.147E-02   1.334E+03
In CGS       2016 T=   2.501E+10 dT=   1.244E+07
      2032   8.422E+01   4.139E-02   1.369E+03
In CGS       2032 T=   2.527E+10 dT=   1.242E+07
      2072   8.632E+01   4.115E-02   1.399E+03
In CGS       2072 T=   2.590E+10 dT=   1.234E+07
      2111   8.836E+01   6.405E-02   1.429E+03
In CGS       2111 T=   2.651E+10 dT=   1.921E+07
      2151   9.047E+01   6.547E-02   1.460E+03
In CGS       2151 T=   2.714E+10 dT=   1.964E+07
      2191   9.257E+01   6.310E-02   1.490E+03
In CGS       2191 T=   2.777E+10 dT=   1.893E+07
      2230   9.463E+01   3.984E-02   1.521E+03
In CGS       2230 T=   2.839E+10 dT=   1.195E+07
      2233   9.478E+01   6.464E-02   1.551E+03
In CGS       2233 T=   2.843E+10 dT=   1.939E+07
      2273   9.688E+01   6.372E-02   1.582E+03
In CGS       2273 T=   2.906E+10 dT=   1.912E+07
      2312   9.895E+01   4.028E-02   1.612E+03
In CGS       2312 T=   2.968E+10 dT=   1.208E+07
      2351   1.010E+02   6.380E-02   1.642E+03
In CGS       2351 T=   3.030E+10 dT=   1.914E+07
      2389   1.030E+02   6.550E-02   1.673E+03
In CGS       2389 T=   3.089E+10 dT=   1.965E+07
      2429   1.051E+02   6.473E-02   1.703E+03
In CGS       2429 T=   3.153E+10 dT=   1.942E+07
      2432   1.053E+02   4.053E-02   1.733E+03
In CGS       2432 T=   3.158E+10 dT=   1.216E+07
      2472   1.074E+02   4.414E-02   1.764E+03
In CGS       2472 T=   3.221E+10 dT=   1.324E+07
      2512   1.095E+02   4.026E-02   1.795E+03
In CGS       2512 T=   3.284E+10 dT=   1.208E+07
      2552   1.116E+02   4.649E-02   1.826E+03
In CGS       2552 T=   3.347E+10 dT=   1.395E+07
      2592   1.137E+02   4.146E-02   1.856E+03
In CGS       2592 T=   3.410E+10 dT=   1.244E+07
      2631   1.157E+02   6.412E-02   1.887E+03
In CGS       2631 T=   3.471E+10 dT=   1.924E+07
      2637   1.160E+02   6.416E-02   1.917E+03
In CGS       2637 T=   3.481E+10 dT=   1.925E+07
      2684   1.185E+02   4.056E-02   1.947E+03
In CGS       2684 T=   3.555E+10 dT=   1.217E+07
      2730   1.209E+02   4.077E-02   1.978E+03
In CGS       2730 T=   3.628E+10 dT=   1.223E+07
      2776   1.233E+02   4.051E-02   2.008E+03
In CGS       2776 T=   3.700E+10 dT=   1.215E+07
      2822   1.258E+02   4.064E-02   2.038E+03
In CGS       2822 T=   3.773E+10 dT=   1.219E+07
mpiexec: Forwarding signal 18 to job
slurmstepd-tycho54: error: *** JOB 2899370 ON tycho54 CANCELLED AT 2022-02-23T11:03:42 ***
