mkdir: cannot create directory ‘Ulrich1976_limitinflow_no_jet’: File exists
2934077
tycho66
/scratch/mrabenanahary/run.2934077.Ulrich1976_limitinflow_no_jet
::::::::::::::
Ulrich1976_limitinflow_no_jet.par
::::::::::::::
!==============================================================
! Project : YSO JET MIALY
! Aim     :
! Results :
! Method  : Use cartesian coordinate
!
! Update  : 22/11/2019
! configuration :
! Openmpi/gfortran or intel or ....
! $AMRVAC_DIR/setup.pl -d=2 -phys=hd -arch=default
! with intel
! $AMRVAC_DIR/setup.pl -d=2 -phys=hd -arch=intel
!==============================================================

 &filelist
        base_filename='Output/Ulrich1976_limitinflow_no_jet/Jet_CC_'
        saveprim=.true.
        autoconvert=.true.
        convert_type='vtuBCCmpi'
        nwauxio = 7
        /
        !restart_from_file='Output/Ulrich1976_limitinflow/Jet_CC_0061.dat'
        /
        convert = .true.



        snapshotnext =0326
/




/
        nwauxio=10




/


 &savelist
        itsave(1,1)=0
        itsave(1,2)=0
        dtsave_log=3.1557600d7   ! 1 year 3.1557600d6 = 0.1 yr
	!ditsave_log =50
        dtsave_dat=  3.1557600d9! 10 yr!6.31152d8!20 yrs !1.57788000d9!50 yrs !3.1557600d9! 1 yrdensitys  1.57788000d8!5 yrs !3.1557600d7   ! 100 year; 3.1557600d7 = 1 yr
        !ditsave_dat =1
 /

        ditsave_log = 1
        ditsave_dat =1
        dtsave_dat =21.08

 &stoplist

        dtmin=1.0d-13
        !time_max= 99d15 ! years
        time_max=  3.15576d11 ! 10000 yrs 6.31152d11!2e4 yrs 3.15576d11 ! 10000 yrs 1.26e10! 400 yrs !3.786912d10! 1200 yrs ! 1.90607904d10!604 yrs ! 1.893456d10!600 yrs ! 3.15576d10! 1000yrs!6.31152d10! 2000 yrs ! 3.15576d11! 10000yrs ! 1.262304d10!400yrs!3.15576d9!3.15576d10! 1000yrs  !1.893456e11!600yrs!!9.46728d9!300yrs!6.311520000d9!7.8894d9!9.46728d9!7.8894d9 ! in s from years : 7.8894d9 = 250 yrs
        !it_max=100


/
  reset_it=.true.

          it_init=0






 &methodlist
        time_integrator          =  'twostep'
        typepred1                =  20*'hllc'!>>HH4647 !'hllcd'!si vraiment ça ne marche pas, essayer :! 'hll'! si au bord persiste des problemes, essayer : ! 'tvdlf'
        flux_scheme              =  20*'hllc'!,18*'tvdlf'!>>HH4647 !'hllcd'!si vraiment ça ne marche pas, essayer :! 'hll'! si au bord persiste des problemes, essayer : ! 'tvdlf'
        limiter                  =  20*'minmod'!>>HH4647 !'koren'!'cada3'
        small_pressure           = 1.0d-9
        small_density            = 1.0d-8
        small_values_method      =  'average'
        small_values_daverage    = 8

        check_small_values       = .true.
        small_values_force_floor = .true.
        loglimit(1) = .false.
        angmomfix=.true.


 /
         loglimit(4) = .true.
         loglimit(1)            = .true.
         loglimit(5)            = .true.
         loglimit(6)            = .true.
         loglimit(7)            = .true.
        tvdlfeps=0.5d0

 &boundlist
        internalboundary  = .true.
        nghostcells       = 2
        !                     RHO,   Vr,     Vz,   Vphi,   P,     traceur1,traceur2
        typeboundary_min1 =  'symm','asymm','symm','asymm','symm',2*'symm'!, ! C.L. gauche <=> rmin
        typeboundary_max1 =  7*'cont'                                    ! C.L. droite <=> rmax
        typeboundary_min2 =  'symm','symm','limitinflow','symm','symm',2*'symm'!7*'special'!'symm','symm','asymm','symm','symm',2*'symm'!                                    ! C.L. inférieure <=> zmin
        typeboundary_max2 =  7*'cont'                                        ! C.L. supérieure <=> zmax                                      ! C.L. supérieure <=> zmax

/
        typeboundary_max3 = 8*'cont'                                         ! C.L. arrière <=> phi/profondeur max
        typeboundary_min3 = 8*'cont'                                         ! C.L. avant <=> phi/profondeur min
 /

 &meshlist
        ! grid at level 1
        xprobmin1 =  0.0d0    ! cm
        xprobmax1 =  3.0d17! <--- r_max=7e16cm
        xprobmin2 =  0.0d0    ! cm
        xprobmax2 =  3.0d17! <--- z_max=1.9e17cm

        ! total cell at level 1
        domain_nx1= 240! <---dr=1.25e15 cm at lvl 1
        domain_nx2= 240! <---dr=1.25e15 cm at lvl 1
        ! number of cell by block
        block_nx1 = 8!8!
        block_nx2 = 8!8!

        ! AMR configuration
        refine_criterion=3
        refine_max_level=5 !<--- dr=dz=7.8125e13 cm au lvl 5
        refine_threshold=20*0.01d0
        derefine_ratio=20*1d-3
        w_refine_weight(1)=0.5d0
        w_refine_weight(2)=0.165d0
        w_refine_weight(3)=0.165d0
        w_refine_weight(4)=0.17d0
      !  w_refine_weight(9)=1.0d0

        max_blocks = 20000
        ! can be added when is needed
        prolongprimitive= .false.
        coarsenprimitive= .false.
        /







 /
        stretched_grid    = .true.
        stretched_dim(1)  = .true.
        stretched_dim(2)  = .true.
        itfixgrid =0

 &paramlist
        typecourant         = 'maxsum'
        courantpar          = 0.8d0
        slowsteps           = 500
        small_getdt_average = .true.
        small_dt_coef       = 1.0d-5
 /

  &hd_list
         hd_energy            = .true. !non-adiabatic: enables energy solving
         hd_gamma             = 1.666666667         
         SI_unit              = .false.  ! use cgs
         He_abundance         = 0.1d0                     !

         hd_dust              = .false.   ! dust off
         hd_radiative_cooling = .true. !>>HH4647 .false.!.true.    ! cooling on
         hd_gravity	       = .true. !>>HH4647 .false.!.true.    ! gravity on
         hd_chemical          = .false.   ! use chemical
         hd_n_tracer          = 2
         hd_mean_mup_on       = .true. !>>HH4647 .true.
         hd_chemical_gas_type = 'fullyatomic'
   /

  &grav_list 
  	grav_split=.false.
   /

 !'MLcosmol' : 'Use Mellema & Lundqvist (2002) cooling curve for zero metallicity '
 !'SPEX_DM'  : 'Use SPEX cooling curve for solar metallicity above 10^4 K. At lower temperatures,use Dalgarno & McCray (1972), with a pre-set ionization fraction of 10^-3 as described by Schure et al. (2009). '
   &rc_list
         ncool            = 4000
         coolcurve        = 'SPEX_DM'!'MLcosmol' !
         coolmethod       = 'exact'
         cfrac            = 1.d0
         Tfix             = .false.
         tlow             = 110 !<--- T_low = 110 K comme limite inférieure de la table de cooling afin d'éviter que le jet à 100 K ne se mette à refroidir par radiative cooling, ce qui serait non-physique
         coolsaveL        = .true.
         coolsavedT       = .true.
         He_abundance = 0.1d0
         rc_chemical_gas_type = 'fullyatomic'
   /


 &dust_list
     dust_n_species           = 2
     dust_min_rho             = 1.0d-10
     gas_mu                   = 1.0d0
     dust_method              = 'Kwok'
     dust_small_to_zero       = .true.
     dust_temperature         = 1.0d0
     dust_temperature_type    = 'silicate'
     dust_source_split        = .false.
     dust_it_diff             = 50000
   /





 &usr_list
        usrconfig%ism_on              = .true.                      !> set ism
        usrconfig%cloud_on            = .false.                      !> set cloud
        usrconfig%cloud_structure     = 2                           !> cloud structure type
        usrconfig%jet_yso_on          = .false. !>>HH4647.false.!.false.!.false.!                      !> set a jet
        usrconfig%physunit_on         = .true.                      !> set the normalisation in use
        usrconfig%reset_medium        = .true.                      !> set on the reset
        usrconfig%coordinate_system   = 'cylindrical_2.5D'            !> geometry in use in 2D
        usrconfig%phys_inuse          = 'hd' !'mhd' ! set physique want to be used

        usrconfig%phys_isotherm_on              = .false.!>>HH4647.true. ! use isotherme
        usrconfig%reset_flux_scheme_on          = .true.
        usrconfig%reset_flux_scheme_diffuse     = 'hllc'
        usrconfig%reset_flux_scheme_thresholdL1_min = 1.0d-6
        usrconfig%reset_flux_scheme_thresholdL1_max = 1.0d20


 /




&usr_physical_unit_list
 phys_unit%unit                  = 'cgs'
 phys_unit%length                = 1.496d14                 ! cm (1 parsec) : par defaut = 1.496d14
 phys_unit%time                  = 3d8                      ! s (2 year) : par defaut = 3d10
 phys_unit%number_density        = 1.0d-6 !>>HH4647                      ! cm^-3 : par defaut = 1.0d8 (1.0d5 pour un milieu ambiant tres peu dense, e.g. a 100cm-3)                      ! cm^-3 : par defaut = 1.0d8 (1.0d5 pour un milieu ambiant tres peu dense, e.g. a 100cm-3)
 phys_unit%chemical_He_abundance = 0.1d0
 phys_unit%chemical_gas_type = 'fullyatomic'
/

!11/12/19 : pour ISM et le projet n°1 de Sylvie Cabrit sur son article de 1997, les paramètres ci-dessous pour l'ISM ont été testés
!et fixées aux valeurs recommandées et correspondant le mieux à la simulation de l'article
 &usr_ism_list
  ism_config%unit               ='cgs'
  ism_config%density            = 1.1663894832267845d-18         !Li & Shu et 1996b ism density if it set to 0 it will use number_density
  ism_config%number_density     = 0.0d0  !>>HH4647  !2.95d9    !1.0d2     !4.44d6     ! Zheng19 = 2.95d9 cm-3 ! ism number density (1/cm^3) ) of protons n_H = facteur rho_j (e.g. = 100 cm-3) physique dans l'expression du profil de densité rho_c du milieu ambiant
                                            ! and w(ixO^S,phys_ind%rho_)        =  self%myconfig%density = = self%myconfig%number_density*mp = rho_h the mass density of protons
                                            ! si tu l'augmentes e.g. a number_density=1.0d3,
                                            !la valeur rho_c=rho_j de densité au niveau de la frontière inférieure ISM augmente d'un facteur 10
  ism_config%velocity(1)        = 0.0d0       ! ism  speed components (cm/s) R/X : 0.0 = milieu statique
  ism_config%velocity(2)        = 0.0d0!5.d8     ! ism  speed components (cm/s) Z : 0.0 = milieu statique
  ism_config%velocity(3)        = 0.0d0       ! ism  speed components (cm/s)  Y : 0.0 = milieu statique
  ism_config%Mach_number_tomov_obj= 0.0       ! ism  speed components (cm/s)  Y : 0.0 = milieu statique
  ism_config%temperature        = 100.0d0  !<---T_a = 100 K temperature typique
  ism_config%pressure           = 0.0d0     !1.3806485199999997d-12! ism pressure if is set to 0 it will use temperature : äraview trouve a T=100 K et rho_j=100 cm-3 >>> p_j = 2.71055e-12 Ba
  ism_config%tracer_on          = .true.    ! ism tracer
  ism_config%tracer_init_density= 1.0d9!1.0d3     ! ism tracer density
  ism_config%tracer_small_density  =  1.0d-15!1.0d-5

  ism_config%reset_on           = .false.    ! ism reset
  ism_config%reset_coef         = 0.0! 0.0     ! ism reset  coefficient : 19-03-2021 --> don't use it ! it creates bugs when >0.0d0
  ism_config%reset_dtemperature = 1.0d-6    !> set the pressure variation
  ism_config%reset_distance(2)  =  1.01d18  ! ism rest distance
  ism_config%reset_scale(2)     =  5d16     ! ism reset scalling distance
	
	
  ! 3 cases : 
  ! 1) boundary_cond = 'fix' : 03-03-22 > successfully implemented !
  ! 2) boundary_cond /= 'fix' but mixed_fixed_bound == .false. everywhere
  ! 3) boundary_cond /= 'fix' and at least one of the mixed_fixed_bound is .true.
  
  ism_config%boundary_cond(2,1) = 'limitinflow'!'disc'!'fix'!'fix'!'limitoutflow' ! <<<<<!>>>>> : to enable this feature : you need to check that typeboundary_min{idims} (or typeboundary_max{idims}) is set to 7*'special'
  
  ism_config%flux_frac          = 1.0d-2
  ism_config%useprimitive       = .false. 
  
  ! Use :
  !  - ism_config%mixed_fixed_bound(idims,iside,index) to 'fix' the index-th flux variable w(ixG^S,index) on top of the above boundary conditions:
  !  - (idims,iside) = (direction along which are set the boundary conditions,side i=1=min or i=2=max of the direction along which the bc is applied)
  !  - <<<<<!>>>>> : to enable this feature, you need to check that typeboundary_min{idims} (or typeboundary_max{idims}) is set to 7*'special'
  !  - index:
  ! 	* 1 : rho
  ! 	* 2 : v1 =  v_R in cylindrical coordinates
  ! 	* 3 : v2 =  v_Z in cylindrical coordinates
  ! 	* 4 : v3 =  v_phi in cylindrical coordinates  
  ! 	* 5 : p (or e for conservative variables) only when hd_energy==.true.
  ! 	* 6,7 (or resp. 5,6) : tracers when hd_energy==.true. (resp. hd_energy==.false.)
  !
  ! - By default, all ism_config%mixed_fixed_bound(2,1,index) are .false., so that only the above boundary conditions are considered !
  
  !ism_config%mixed_fixed_bound(2,1,1) = .true.
  !ism_config%mixed_fixed_bound(2,1,2) = .true.
  !ism_config%mixed_fixed_bound(2,1,3) = .true.
  !ism_config%mixed_fixed_bound(2,1,4) = .false.
  !ism_config%mixed_fixed_bound(2,1,5) = .true.
  !ism_config%mixed_fixed_bound(2,1,6) = .true.
  !ism_config%mixed_fixed_bound(2,1,7) = .true.
  !ism_config%boundary_cond(2,2) = 'fix'!'limitoutflow'!> ce truc ne sert à rien à moins que typeboundary_max2 = 7*'special'
  ism_config%boundary_on        = .true.
!  ism_config%debug        	 = .false. ! use it as .true. to debug user module mod_obj_ism.t


ism_config%profile_typeaxial  = 'spherical'!'projection_direction'
ism_config%profile_idir       = 1.0,0.0,0.0       !z=2,r=1  !  ism profile direction

ism_config%profile_center     = 0,0,0

ism_config%profile_density_on = .true. ! Zheng=True ! .false. ! .true. ! ISM set density profile
ism_config%profile_pressure_on= .true. ! Zheng=True ! .false. !.true.
ism_config%theta_floored      = 0.0d0
ism_config%profile_force_on   = .false. ! Zheng=True  !.true.!.false.!.true. ! .false. ! ISM set force profile
ism_config%profile_force_gradP_on = .false.
ism_config%weight_mean = 'arithmetic'
ism_config%weight_analy = 1.0d0
ism_config%weight_num = 3.0d0
ism_config%weight_mean_variable = 'minus_density_grad'
ism_config%profile_rw_force = 2.5d16
ism_config%weight_num_index = 20.0d0
ism_config%weight_analy_index = 20.0d0
ism_config%profile_density    = 'Ulrich1976'!'Ulrich1976'!'Lee2001'!'Ulrich1976'!>>HH4647'cabrit1997' ! Zheng19 = 'cabrit1997' !ISM density profile
ism_config%profile_jspec = 8.0782850178d20       !> ISM envelope specific angular momentum
ism_config%profile_Minf  = 2.5203562637184713d20 !> ISM envelope infalling mass-loss rate on the protostar
ism_config%profile_Mstar = 8.94784441814123d32   !> central objet or protostar mass

ism_config%profile_zc    = 1.0d16!4.49d14 ! 1.0d16 !4.49d14 ! Zheng19 = 30 au = 4.49d14 cm :  grandeur de normalisation dans le profil de pression/densite (en cm)
ism_config%profile_rw    = 2.5d16 !> ISM reference radius for Lee 2001 profile (in cm)
ism_config%profile_kappa    = 2.0d0 ! Zheng19 = 2 ! indice kappa pour la loi de densité et de pression : 'cabrit1997' <=> kappa=2
ism_config%profile_shiftstart = 0.00d0 !>>HH4647 3.33d14 ! 3.33d14 ! 1.0d15 ! the distance from which the ISM profile is set

ism_config%chemical_gas_type = 'fullyatomic'!>>HH4647'fullyatomic'
ism_config%He_abundance      = 0.1
/

&usr_usrboundary_ism_list
  usrboundary_config%boundary_type(2,1) = 'limitinflow'!'limitinflowdisc'!'disc'
  usrboundary_config%boundary_type(2,2) = 'open'
  usrboundary_config%useprimitive       = .false.
  usrboundary_config%special_origin_theta       = .true.
  usrboundary_config%nghostcells(1)        = 2
  usrboundary_config%nghostcells(2)        = 2
  usrboundary_config%flux_frac          = 1.0d-2
  usrboundary_config%ngc          = 0
  usrboundary_config%RHS          = 0
  usrboundary_config%LHS          = 0
/

&usr_cla_jet_list
    cla_jet_config%unit                  =  'cgs' !> physical unit at parameter file
    cla_jet_config%time_cla_jet_on       =  0.0d0 !> initial time the cla_jet is set in the simulation box

    cla_jet_config%myindice              =  0       !> cla_jet associated indice
    cla_jet_config%density               =  1.795963442083303d-19!<-------Fm=0.6e-7 Msun/yr

    cla_jet_config%number_density        =  0.0d0
    cla_jet_config%temperature           =  100.0d0  !>>HH4647 !> cla_jet temperature  (K)
    cla_jet_config%pressure              =  0.0d0   !> cla_jet pressure
    cla_jet_config%pressure_toism        =  0.0d0   !> cla_jet pressure relative to ism pressure
    cla_jet_config%magnetic(1)           =  0.0d0   !> cla_jet magnetic field components : 0.0d0 = HD
    cla_jet_config%magnetic(2)           =  0.0d0   !> cla_jet magnetic field components : 0.0d0 = HD
    cla_jet_config%magnetic(3)           =  0.0d0   !> cla_jet magnetic field components : 0.0d0 = HD
    cla_jet_config%xisigma               =  0.0d0   !> cla_jet magnetisation : 0.0d0 = HD
    cla_jet_config%magn_anglePHItoPol    =  0.0d0   !> cla_jet magnetisation field incl : 0.0d0 = HD

    cla_jet_config%Mach_number           =  0.0!250.0d0   !> cla_jet  Mach number : Par défaut : Ma = 20
    cla_jet_config%c_sound               =  0.0d0   !> cla_jet  sound speed (cm/s)
    cla_jet_config%velocity(1)           =  0.0d0   !> cla_jet  velocity (radial speed)(cm/s)
    cla_jet_config%velocity(2)           =  1.2d7 !
    cla_jet_config%velocity(3)           =  0.0d0   !> cla_jet  velocity (rotation speed)(cm/s)
    cla_jet_config%velocity_poloidal     =  1.2d7 !<--- norme du vecteur vitesse au niveau de l'inlet du jet
    cla_jet_config%power                 =  0.0d0   !> wind power flux
    cla_jet_config%mass_flux             =  0.0d0   ! 3.15e19 ! flux en H+H^++H2 1.13d21 !1.89d18 ! grammes/s>>>Zhang19 = 0.3e-7 Msun/yr  0.0!9.8525563d16!1.9705112501213315d17!1.3136741667475542d17!!   !> wind mass flux : cabrit1997 = 1.3136741d17 à Vjet = 100 km/s et 1.9705111e+17 à Vjet = 150 km/s (Vjet = 150 km/s ne marche qu a basse resolution de maillage)
                                            ! c'est par l'imposition de cla_jet_config%mass_flux et de cla_jet_config%velocity(2) que la densité est alors imposée à l'intérieur du jet
                                            ! pour avoir :
                                            ! * Vjet = 100 km/s, R_jet = 0.5e16 cm et n_jet = 100 cm-3 >>> mass_flux = 1.3136741667475542e+17 g / s
                                            ! * Vjet = 150 km/s, R_jet = 0.5e16 cm et n_jet = 100 cm-3 >>> mass_flux = 1.9705112501213315e+17 g / s
                                            ! * Vjet = 150 km/s, R_jet = 0.5e16 cm et n_jet = 50 cm-3 >>> mass_flux = 9.8525563e+16 g / s

    cla_jet_config%open_angle            = 3.0d0 !>>HH4647 !>  cla_jet initial open angle  (degre): 0.0d0 = jet droit cylindrique
    cla_jet_config%z_in                  =  -46.275d18 !> cla_jet inner boundary position
    cla_jet_config%variation_n_cells     = 2
    cla_jet_config%z_impos               =  8.22d14 !
    cla_jet_config%z_out_init            =  8.30d14 !
    cla_jet_config%r_out_init            =  7.47d14! <--- 50 UA
    cla_jet_config%r_out_impos           =  7.47d14! <--- 50 UA

    cla_jet_config%r_in_init             =  0.0 !-7.48d14 !> cla_jet inner jet  region : position de la limite gauche du jet en coordonnées cylindriques : à tenir compte dans le calcul de la surface d'éjection du jet et donc du calcul du flux de masse ejectée

    cla_jet_config%tracer_on             =  .true. !> cla_jet logical to set tracer
    cla_jet_config%tracer_init_density   =  1.0d9!> cla_jet tracer density
    cla_jet_config%tracer_small_density  =  1.0d-15!> cla_jet tracer small density
    cla_jet_config%shape                 =  'conical'  !> cla_jet shape
    cla_jet_config%profile               =  'none'  !> cla_jet profile


    cla_jet_config%variation_on          =  .true. ! Zhang19 .false. !.true.! to set on  or off the jet-injection in-real-time velocity variability
    cla_jet_config%density_variation_on  =  .true. !<----- vary mass-loss rate !> cla_jet density variation switch
    cla_jet_config%pressure_variation_on =  .true. !<----- vary constant jet temperature !> cla_jet pressure variation switch : enables constant temperature in the jet inlet
    cla_jet_config%density_variation_profile =  'conserved_mflux' !<----- which variability apply to pressure and/or pressure
    cla_jet_config%variation_start_time  =  0.0d0 !time (in s in cgs) at which to begin the time variability : 0.0 to begin at the start of the simulation
    cla_jet_config%variation_end_time    =  4d15
    cla_jet_config%variation_velocity_amplitude =  1.2d7 !<--- norme du vecteur vitesse au niveau de l'inlet du jet (aux yeux du code, c'est une autre variable qu'on a oublié, surtout moi, de retirer quand on a rajouté   le paramètre cla_jet_config%velocity_poloidal en ouvrant le jet, donc par sécurité, comme je ne sais pas si on l'utilise toujours ailleurs, fixons la même valeur qu'au-dessus)
    cla_jet_config%variation_velocity_poloidal =  6.0d6 !<------ variation de la norme du vecteur vitesse du jet
    cla_jet_config%variation_velocity(1) =  0.0d0
    cla_jet_config%variation_velocity(2) =  6.0d6 !<------ variation de la norme du vecteur vitesse du jet
    cla_jet_config%variation_velocity(3) =  0.0d0
    cla_jet_config%variation_time        =  9.46728d9!<---- 300 ans
    cla_jet_config%variation_position    =  0.0d0,8.22d14 ,0.0d0!0.0d0,8.22d14 ,0.0d0 !>>HH4647 !0.0d0, 1d15 ,0.0d0 !0.0d0, 1.495978707d14,0.0d0 ! = 0,10 au,0position (in 3d : if cylindrical : phi = 3, z=2, r=1) under which is set the time variability : default = 0,3d15,0
    cla_jet_config%variation_type        =  'sawtooth2' !
    cla_jet_config%variation_phys_nvariable   = 1  ! number of physical variable with variation
    cla_jet_config%variation_phys_variable(1) =  3 ! 3 mean the velocity in Z direction

    cla_jet_config%refine_min_level      = 5
    cla_jet_config%chemical_gas_type     = 'fullyatomic' !>>HH4647



/
 ---------------------------------------------------------------------------
 ---------------------------------------------------------------------------
 |         __  __ ____ ___        _    __  __ ______     ___    ____       |
 |        |  \/  |  _ \_ _|      / \  |  \/  |  _ \ \   / / \  / ___|      |
 |        | |\/| | |_) | |_____ / _ \ | |\/| | |_) \ \ / / _ \| |          |
 |        | |  | |  __/| |_____/ ___ \| |  | |  _ < \ V / ___ \ |___       |
 |        |_|  |_|_|  |___|   /_/   \_\_|  |_|_| \_\ \_/_/   \_\____|      |
 --------------------------------------------------------------------------
 ---------------------------------------------------------------------------
 Reading usr_list
  End of reading of the usr_list
  End of reading of the usr_list
  End of reading of the usr_list
  End of reading of the usr_list
  End of reading of the usr_list
  End of reading of the usr_list
  End of reading of the usr_list
  End of reading of the usr_list
  End of reading of the usr_list
  End of reading of the usr_list
  End of reading of the usr_list
  End of reading of the usr_list
  End of reading of the usr_list
  End of reading of the usr_list
  End of reading of the usr_list
  End of reading of the usr_list
  End of reading of the usr_list
  End of reading of the usr_list
  End of reading of the usr_list
  End of reading of the usr_list
  End of reading of the usr_list
  End of reading of the usr_list
  End of reading of the usr_list
  End of reading of the usr_list
  End of reading of the usr_list
  End of reading of the usr_list
  End of reading of the usr_list
  End of reading of the usr_list
  End of reading of the usr_list
  End of reading of the usr_list
  End of reading of the usr_list
  End of reading of the usr_list
  End of reading of the usr_list
  End of reading of the usr_list
  End of reading of the usr_list
  End of reading of the usr_list
  End of reading of the usr_list
  End of reading of the usr_list
  End of reading of the usr_list
  End of reading of the usr_list
  End of reading of the usr_list
  End of reading of the usr_list
  End of reading of the usr_list
  End of reading of the usr_list
  End of reading of the usr_list
  End of reading of the usr_list
  End of reading of the usr_list
  End of reading of the usr_list
 Reading usr_physical_values_list
  End of reading of the hd_list
  End of reading of the hd_list
  End of reading of the hd_list
  End of reading of the hd_list
  End of reading of the hd_list
  End of reading of the hd_list
  End of reading of the hd_list
  End of reading of the hd_list
  End of reading of the hd_list
  End of reading of the hd_list
  End of reading of the hd_list
  End of reading of the hd_list
  End of reading of the hd_list
  End of reading of the hd_list
  End of reading of the rc_list
  End of reading of the hd_list
  End of reading of the hd_list
  End of reading of the rc_list
  End of reading of the hd_list
  End of reading of the rc_list
  End of reading of the rc_list
  End of reading of the hd_list
  End of reading of the rc_list
  End of reading of the hd_list
  End of reading of the rc_list
  End of reading of the hd_list
  End of reading of the rc_list
  End of reading of the rc_list
  End of reading of the hd_list
  End of reading of the rc_list
  End of reading of the rc_list
  End of reading of the rc_list
  End of reading of the hd_list
  End of reading of the rc_list
  End of reading of the hd_list
  End of reading of the rc_list
  End of reading of the hd_list
  End of reading of the rc_list
  End of reading of the rc_list
  End of reading of the hd_list
  End of reading of the rc_list
  End of reading of the hd_list
  End of reading of the rc_list
  End of reading of the hd_list
  End of reading of the rc_list
  End of reading of the hd_list
  End of reading of the rc_list
  End of reading of the hd_list
  End of reading of the rc_list
  End of reading of the hd_list
  End of reading of the rc_list
  End of reading of the hd_list
  End of reading of the rc_list
  End of reading of the rc_list
  End of reading of the rc_list
  End of reading of the hd_list
  End of reading of the rc_list
  End of reading of the hd_list
  End of reading of the rc_list
  End of reading of the rc_list
  End of reading of the rc_list
  End of reading of the hd_list
  End of reading of the rc_list
 Reading usr_ism_list
 End of Reading 
 usr_ismlist0                                                                  
 Reading usr_boundary_list           1 
 boundary                                                                      
 End of Reading 
 usr_boundarylist1                                                             
  End of reading of the hd_list
  End of reading of the rc_list
 Use SPEX cooling curve for solar metallicity above 10^4 K. 
 At lower temperatures,use Dalgarno & McCray (1972), 
 with a pre-set ionization fraction of 10^-3. 
 as described by Schure et al. (2009). 
 Reading Ulrich1976_limitinflow_no_jet.par
 End par file read
 
 Output type | dtsave    | ditsave | itsave(1) | tsave(1)
         log | 0.105E+00 | ******  |      0    | *********
      normal | 0.105E+02 | ******  |      0    | *********
       slice | ********* | ******  | ******    | *********
   collapsed | ********* | ******  | ******    | *********
    analysis | ********* | ******  | ******    | *********
 
                 typelimited: predictor                                                                                                                          
         Domain size (cells): 240 240 
                Level one dx: 0.836E+01 0.836E+01 
           Refine estimation: Lohner's scheme
                   slicenext: 0
                collapsenext: 0
           restart_from_file:  undefined
                  converting: F

  End of reading of the hd_list
  End of reading of the rc_list
  End of reading of the hd_list
  End of reading of the rc_list
  End of reading of the rc_list
  End of reading of the hd_list
  End of reading of the rc_list
  End of reading of the hd_list
  End of reading of the rc_list
  End of reading of the rc_list
  End of reading of the hd_list
  End of reading of the rc_list
  End of reading of the rc_list
  End of reading of the hd_list
  End of reading of the rc_list
  End of reading of the hd_list
  End of reading of the rc_list
  End of reading of the hd_list
  End of reading of the rc_list
  End of reading of the hd_list
  End of reading of the rc_list
  End of reading of the rc_list
  End of reading of the hd_list
  End of reading of the rc_list
  End of reading of the rc_list
  End of reading of the hd_list
  End of reading of the rc_list
  End of reading of the hd_list
  End of reading of the rc_list
  End of reading of the hd_list
  End of reading of the rc_list
 ====================Ulrich1976s model====================
 -Setting completely all parameters:
 * rW =   2.500000000000000E+016  cm
 * rD =   1.092733345182041E+016  cm
 * vK =    73927.3222824020       cm/s
 * rho_0 =   2.272054281004061E-018  g/cm3
 * r = (rD/rw) =    2.28784086348488     
 * rho_a0 =   1.166389483226784E-018  g/cm3
 * nH_a0 =    498101.457614819       cm-3
 =========================================================
 ======================ISM settings=======================
 * at (R,z) = (r_j,0) : 
 ** The ism base temperature is =    100.000000000000     
 ** The ism base density is =  1.166389483226784E-018
 ** The ism base number density nH is    498101.457614819     
 =========================================================
 phys_config%He_abundance  0.100000000000000     
 in mod_obj_usr_unit.t usr_physical_unit_fillphysunit subroutine: 
 ism density  2.341670487800000E-030
 ism ndensity  1.000000000000000E-006
 ism pressure  5.822995576026895E-019
 ism temperature   3834.16285288672     
 Jet start :-)
 -------------------------------------------------------------------------------
 Startup phase took :             0.215 sec
 -------------------------------------------------------------------------------
 Start integrating, print status every  3.00E+01 seconds
        it        time          dt  wc-time(s)
         0   0.000E+00   3.910E-04   4.020E-03
In CGS          0 T=   0.000E+00 dT=   1.173E+05
 -------------------------------------------------------------------------------
 Saving visual data. Coordinate directions and variable names are:
          -1 R               
           0 Z               
           1 rho             rho             
           2 v1              v1              
           3 v2              v2              
           4 v3              v3              
           5 p               p               
           6 tracer_ism      tracer_ism      
           7 trp2            trp2            
           8 mup             mup             
           9 L1              L1              
          10 dtcool1         dtcool1         
          11 mach_number     mach_number     
          12 temperature     temperature     
          13 level           level           
          14 number density  number density  
          15 gravfield1      gravfield1      
          16 gravfield2      gravfield2      
          17 gravfield3      gravfield3      
 time =  0.000000000000000E+000
 -------------------------------------------------------------------------------
       306   8.048E+00   5.181E-02   3.006E+01
In CGS        306 T=   2.414E+09 dT=   1.554E+07
       473   1.683E+01   6.451E-02   6.015E+01
In CGS        473 T=   5.049E+09 dT=   1.935E+07
       554   2.110E+01   4.045E-02   9.206E+01
In CGS        554 T=   6.331E+09 dT=   1.214E+07
       736   3.068E+01   4.040E-02   1.222E+02
In CGS        736 T=   9.203E+09 dT=   1.212E+07
       754   3.162E+01   4.040E-02   1.612E+02
In CGS        754 T=   9.487E+09 dT=   1.212E+07
       875   3.797E+01   6.485E-02   1.912E+02
In CGS        875 T=   1.139E+10 dT=   1.945E+07
       954   4.214E+01   4.031E-02   2.616E+02
In CGS        954 T=   1.264E+10 dT=   1.209E+07
      1056   4.751E+01   4.025E-02   2.917E+02
In CGS       1056 T=   1.425E+10 dT=   1.207E+07
      1150   5.245E+01   4.018E-02   3.220E+02
In CGS       1150 T=   1.574E+10 dT=   1.205E+07
      1154   5.266E+01   4.017E-02   3.798E+02
In CGS       1154 T=   1.580E+10 dT=   1.205E+07
      1243   5.733E+01   6.510E-02   4.101E+02
In CGS       1243 T=   1.720E+10 dT=   1.953E+07
      1327   6.175E+01   6.519E-02   4.401E+02
In CGS       1327 T=   1.852E+10 dT=   1.956E+07
      1354   6.318E+01   3.997E-02   5.164E+02
In CGS       1354 T=   1.895E+10 dT=   1.199E+07
      1432   6.728E+01   3.987E-02   5.465E+02
In CGS       1432 T=   2.018E+10 dT=   1.196E+07
      1507   7.121E+01   6.544E-02   5.768E+02
In CGS       1507 T=   2.136E+10 dT=   1.963E+07
      1554   7.370E+01   3.967E-02   6.720E+02
In CGS       1554 T=   2.211E+10 dT=   1.190E+07
      1623   7.732E+01   6.567E-02   7.023E+02
In CGS       1623 T=   2.319E+10 dT=   1.970E+07
      1689   8.079E+01   6.584E-02   7.324E+02
In CGS       1689 T=   2.424E+10 dT=   1.975E+07
      1753   8.415E+01   6.603E-02   7.626E+02
In CGS       1753 T=   2.525E+10 dT=   1.981E+07
      1754   8.422E+01   3.916E-02   8.458E+02
In CGS       1754 T=   2.527E+10 dT=   1.175E+07
      1816   8.748E+01   3.892E-02   8.761E+02
In CGS       1816 T=   2.624E+10 dT=   1.168E+07
      1876   9.064E+01   3.863E-02   9.066E+02
In CGS       1876 T=   2.719E+10 dT=   1.159E+07
      1935   9.373E+01   6.696E-02   9.370E+02
In CGS       1935 T=   2.812E+10 dT=   2.009E+07
      1954   9.474E+01   3.809E-02   1.036E+03
In CGS       1954 T=   2.842E+10 dT=   1.143E+07
      2011   9.772E+01   6.771E-02   1.066E+03
In CGS       2011 T=   2.932E+10 dT=   2.031E+07
      2067   1.007E+02   6.854E-02   1.096E+03
In CGS       2067 T=   3.020E+10 dT=   2.056E+07
      2122   1.036E+02   3.552E-02   1.126E+03
In CGS       2122 T=   3.107E+10 dT=   1.066E+07
      2154   1.053E+02   3.464E-02   1.238E+03
In CGS       2154 T=   3.158E+10 dT=   1.039E+07
      2208   1.081E+02   3.274E-02   1.269E+03
In CGS       2208 T=   3.243E+10 dT=   9.823E+06
      2262   1.109E+02   3.021E-02   1.299E+03
In CGS       2262 T=   3.328E+10 dT=   9.062E+06
      2315   1.137E+02   7.828E-02   1.329E+03
In CGS       2315 T=   3.411E+10 dT=   2.348E+07
      2354   1.158E+02   2.381E-02   1.452E+03
In CGS       2354 T=   3.474E+10 dT=   7.144E+06
      2407   1.186E+02   8.616E-02   1.482E+03
In CGS       2407 T=   3.557E+10 dT=   2.585E+07
      2459   1.213E+02   9.128E-02   1.513E+03
In CGS       2459 T=   3.639E+10 dT=   2.738E+07
      2510   1.240E+02   8.599E-03   1.543E+03
In CGS       2510 T=   3.720E+10 dT=   2.580E+06
      2554   1.263E+02   3.716E-03   1.676E+03
In CGS       2554 T=   3.790E+10 dT=   1.115E+06
      2604   1.290E+02   2.619E-04   1.706E+03
In CGS       2604 T=   3.869E+10 dT=   7.857E+04
      2653   1.320E+02   2.217E-02   1.736E+03
In CGS       2653 T=   3.960E+10 dT=   6.650E+06
      2701   1.354E+02   1.410E-02   1.767E+03
In CGS       2701 T=   4.061E+10 dT=   4.229E+06
      2722   1.368E+02   1.196E-02   1.891E+03
In CGS       2722 T=   4.105E+10 dT=   3.588E+06
      2769   1.401E+02   9.878E-02   1.922E+03
In CGS       2769 T=   4.203E+10 dT=   2.963E+07
      2815   1.434E+02   3.392E-03   1.952E+03
In CGS       2815 T=   4.301E+10 dT=   1.018E+06
      2861   1.465E+02   1.052E-01   1.982E+03
In CGS       2861 T=   4.396E+10 dT=   3.156E+07
      2872   1.474E+02   5.750E-03   2.107E+03
In CGS       2872 T=   4.421E+10 dT=   1.725E+06
      2917   1.505E+02   1.036E-02   2.137E+03
In CGS       2917 T=   4.516E+10 dT=   3.107E+06
      2962   1.532E+02   9.414E-02   2.167E+03
In CGS       2962 T=   4.595E+10 dT=   2.824E+07
      3007   1.556E+02   9.564E-03   2.197E+03
In CGS       3007 T=   4.667E+10 dT=   2.869E+06
      3051   1.579E+02   1.432E-02   2.347E+03
In CGS       3051 T=   4.736E+10 dT=   4.297E+06
      3095   1.602E+02   1.813E-02   2.378E+03
In CGS       3095 T=   4.806E+10 dT=   5.440E+06
      3139   1.625E+02   2.854E-02   2.408E+03
In CGS       3139 T=   4.875E+10 dT=   8.562E+06
      3183   1.648E+02   3.368E-02   2.438E+03
In CGS       3183 T=   4.944E+10 dT=   1.011E+07
      3227   1.671E+02   3.708E-02   2.469E+03
In CGS       3227 T=   5.013E+10 dT=   1.112E+07
      3251   1.684E+02   3.805E-02   2.610E+03
In CGS       3251 T=   5.051E+10 dT=   1.142E+07
      3294   1.706E+02   6.637E-02   2.640E+03
In CGS       3294 T=   5.119E+10 dT=   1.991E+07
      3337   1.729E+02   3.686E-02   2.670E+03
In CGS       3337 T=   5.187E+10 dT=   1.106E+07
      3380   1.751E+02   6.740E-02   2.701E+03
In CGS       3380 T=   5.254E+10 dT=   2.022E+07
      3423   1.774E+02   3.839E-02   2.731E+03
In CGS       3423 T=   5.323E+10 dT=   1.152E+07
      3451   1.789E+02   3.868E-02   2.878E+03
In CGS       3451 T=   5.367E+10 dT=   1.160E+07
      3492   1.810E+02   6.626E-02   2.909E+03
In CGS       3492 T=   5.431E+10 dT=   1.988E+07
      3534   1.832E+02   6.615E-02   2.939E+03
In CGS       3534 T=   5.497E+10 dT=   1.984E+07
mpiexec: Forwarding signal 18 to job
slurmstepd-tycho66: error: *** JOB 2934077 ON tycho66 CANCELLED AT 2022-03-08T16:59:45 ***
