mkdir: cannot create directory ‘Kappeli2016’: File exists
3060389
tycho67
/scratch/mrabenanahary/run.3060389.Kappeli2016
::::::::::::::
Kappeli2016.par
::::::::::::::
!==============================================================
! Project : YSO JET MIALY
! Aim     :
! Results :
! Method  : Use cartesian coordinate
!
! Update  : 22/11/2019
! configuration :
! Openmpi/gfortran or intel or ....
! $AMRVAC_DIR/setup.pl -d=2 -phys=hd -arch=default
! with intel
! $AMRVAC_DIR/setup.pl -d=2 -phys=hd -arch=intel
!==============================================================

 &filelist
        base_filename='Output/Kappeli2016/Jet_CC_'
        saveprim=.true.
        autoconvert=.true.
        convert_type='vtuBCCmpi'
        nwauxio = 4
        /
        !restart_from_file='Output/Ulrich1976_limitinflow/Jet_CC_0061.dat'
        /
        convert = .true.



        snapshotnext =0326
/




/
        nwauxio=10




/


 &savelist
        itsave(1,1)=0
        itsave(1,2)=0
        dtsave_log=3.1557600d7   ! 1 year 3.1557600d6 = 0.1 yr
	!ditsave_log =50
        dtsave_dat=  3.1557600d9! 100 yr!6.31152d8!20 yrs !1.57788000d9!50 yrs !3.1557600d9! 1 yrdensitys  1.57788000d8!5 yrs !3.1557600d7   ! 100 year; 3.1557600d7 = 1 yr
        !ditsave_dat =1
 /

        ditsave_log = 1
        ditsave_dat =1
        dtsave_dat =21.08

 &stoplist

        dtmin=1.0d-13
        !time_max= 99d15 ! years
        time_max=  3.15576d11 ! 10000 yrs 1.26e10! 400 yrs !3.786912d10! 1200 yrs ! 1.90607904d10!604 yrs ! 1.893456d10!600 yrs ! 3.15576d10! 1000yrs!6.31152d10! 2000 yrs ! 3.15576d11! 10000yrs ! 1.262304d10!400yrs!3.15576d9!3.15576d10! 1000yrs  !1.893456e11!600yrs!!9.46728d9!300yrs!6.311520000d9!7.8894d9!9.46728d9!7.8894d9 ! in s from years : 7.8894d9 = 250 yrs
        !it_max=10


/
  reset_it=.true.

          it_init=0






 &methodlist
        time_integrator          =  'twostep'
        typepred1                =  20*'hllcd'!>>HH4647 !'hllcd'!si vraiment ça ne marche pas, essayer :! 'hll'! si au bord persiste des problemes, essayer : ! 'tvdlf'
        flux_scheme              =  20*'hllcd'!,18*'tvdlf'!>>HH4647 !'hllcd'!si vraiment ça ne marche pas, essayer :! 'hll'! si au bord persiste des problemes, essayer : ! 'tvdlf'
        limiter                  =  20*'minmod'!>>HH4647 !'koren'!'cada3'
        small_pressure           = 1.0d-9
        small_density            = 1.0d-8
        small_values_method      =  'average'
        small_values_daverage    = 8

        check_small_values       = .true.
        small_values_force_floor = .true.
        loglimit(1) = .false.


 /
         loglimit(4) = .true.
         loglimit(1)            = .true.
         loglimit(5)            = .true.
         loglimit(6)            = .true.
         loglimit(7)            = .true.
        tvdlfeps=0.5d0

 &boundlist
        internalboundary  = .true.
        nghostcells       = 2
        !                     RHO,   Vr,     Vz,   Vphi,   P,     traceur1,traceur2
        typeboundary_min1 =  'symm','asymm','symm','asymm','symm',2*'symm'!, ! C.L. gauche <=> rmin
        typeboundary_max1 =  7*'cont'                                    ! C.L. droite <=> rmax
        typeboundary_min2 =  7*'special'!'symm','symm','limitinflow','symm','symm',2*'symm'!'symm','symm','asymm','symm','symm',2*'symm'!                                    ! C.L. inférieure <=> zmin
        typeboundary_max2 =  7*'cont'                                        ! C.L. supérieure <=> zmax                                      ! C.L. supérieure <=> zmax

/
        typeboundary_max3 = 8*'cont'                                         ! C.L. arrière <=> phi/profondeur max
        typeboundary_min3 = 8*'cont'                                         ! C.L. avant <=> phi/profondeur min
 /

 &meshlist
        ! grid at level 1
        ! if  geometry in use in 2D is usrconfig%coordinate_system   = 'cylindrical_2D' or 'cylindrical_2.5D'         
        ! always make sure that xprobmin1=R>=0 since the code treats any xprobmin<0 grid as a cartesian grid and thus
        ! introduces non-physical behaviour since the code treats the spatial indexes as in the cartesian case, thus creating
        ! non-physical solutions
        ! if you wand to treat xprobmin1 <0, switch to Cartesian coordinates, with the disadvantage of not being able to simply treat rotation along phi
        ! (need to convert from phi to z)
        xprobmin1 =  0.0d0    ! cm
        xprobmax1 =  3.0d17! <--- r_max=3.0d17
        xprobmin2 =  0.0d0    ! cm
        xprobmax2 =  3.0d17! <--- z_max=3.0d17

        ! total cell at level 1
        domain_nx1= 240! <---dr=1.25e15 cm at lvl 1
        domain_nx2= 240! <---dr=1.25e15 cm at lvl 1
        ! number of cell by block
        block_nx1 = 8!8!
        block_nx2 = 8!8!

        ! AMR configuration
        refine_criterion=3
        refine_max_level=5 !<--- dr=dz=7.8125e13 cm au lvl 5
        refine_threshold=20*0.01d0
        derefine_ratio=20*1d-3
      !  w_refine_weight(1)=0.25d0
      !  w_refine_weight(2)=0.25d0
      !  w_refine_weight(3)=0.25d0
        w_refine_weight(9)=1.0d0

        max_blocks = 200000
        ! can be added when is needed
        prolongprimitive= .true.
        coarsenprimitive= .true.
        /







 /
        stretched_grid    = .true.
        stretched_dim(1)  = .true.
        stretched_dim(2)  = .true.
        itfixgrid =0

 &paramlist
        typecourant         = 'maxsum'
        courantpar          = 0.8d0
        slowsteps           = 1500
        small_getdt_average = .true.
        small_dt_coef       = 1.0d-5
 /

  &hd_list
         hd_energy            = .true. !non-adiabatic: enables energy solving
         hd_gamma             = 1.666666667
         SI_unit              = .false.  ! use cgs
         He_abundance         = 0.1d0                     !

         hd_dust              = .false.   ! dust off
         hd_radiative_cooling = .true. !>>HH4647 .false.!.true.    ! cooling on
         hd_gravity	       = .true. !>>HH4647 .false.!.true.    ! gravity on
         hd_gravity_hse       = .false. !>>HH4647 .false.!.true.    ! gravity on         
         hd_gravity_hse_scheme= 'twoorderpert'!options:'zerothorder','firstorder','twoordernohse','twoordernopert','twoorderpert','twoorderpert2'
         hd_use_gravity_g = .false.
         hd_chemical          = .false.   ! use chemical
         hd_n_tracer          = 2
         hd_mean_mup_on       = .true. !>>HH4647 .true.
         hd_chemical_gas_type = 'fullyatomic'
   /

  &grav_list 
  	grav_split=.false.
   /

 !'MLcosmol' : 'Use Mellema & Lundqvist (2002) cooling curve for zero metallicity '
 !'SPEX_DM'  : 'Use SPEX cooling curve for solar metallicity above 10^4 K. At lower temperatures,use Dalgarno & McCray (1972), with a pre-set ionization fraction of 10^-3 as described by Schure et al. (2009). '
   &rc_list
         ncool            = 4000
         coolcurve        = 'SPEX_DM'!'MLcosmol' !
         coolmethod       = 'exact'
         cfrac            = 1.d0
         Tfix             = .false.
         tlow             = 110 !<--- T_low = 110 K comme limite inférieure de la table de cooling afin d'éviter que le jet à 100 K ne se mette à refroidir par radiative cooling, ce qui serait non-physique
         coolsaveL        = .true.
         coolsavedT       = .true.
         He_abundance = 0.1d0
         rc_chemical_gas_type = 'fullyatomic'
   /


 &dust_list
     dust_n_species           = 2
     dust_min_rho             = 1.0d-10
     gas_mu                   = 1.0d0
     dust_method              = 'Kwok'
     dust_small_to_zero       = .true.
     dust_temperature         = 1.0d0
     dust_temperature_type    = 'silicate'
     dust_source_split        = .false.
     dust_it_diff             = 50000
   /





 &usr_list
        usrconfig%ism_on              = .true.                      !> set ism
        usrconfig%cloud_on            = .false.                      !> set cloud
        usrconfig%cloud_structure     = 2                           !> cloud structure type
        usrconfig%jet_yso_on          = .true. !>>HH4647.false.!.false.!.false.!                      !> set a jet
        usrconfig%physunit_on         = .true.                      !> set the normalisation in use
        usrconfig%reset_medium        = .true.                      !> set on the reset
        usrconfig%coordinate_system   = 'cylindrical_2.5D'            !> geometry in use in 2D
        usrconfig%phys_inuse          = 'hd' !'mhd' ! set physique want to be used

        usrconfig%phys_isotherm_on              = .false.!>>HH4647.true. ! use isotherme
        usrconfig%reset_flux_scheme_on          = .true.
        usrconfig%reset_flux_scheme_diffuse     = 'tvdlf'
        usrconfig%reset_flux_scheme_thresholdL1_min = 1.0d-6
        usrconfig%reset_flux_scheme_thresholdL1_max = 1.0d20


 /




&usr_physical_unit_list
 phys_unit%unit                  = 'cgs'
 phys_unit%length                = 1.496d14                 ! cm (1 parsec) : par defaut = 1.496d14
 phys_unit%time                  = 3d8                      ! s (2 year) : par defaut = 3d10
 phys_unit%number_density        = 1.0d-6 !>>HH4647                      ! cm^-3 : par defaut = 1.0d8 (1.0d5 pour un milieu ambiant tres peu dense, e.g. a 100cm-3)                      ! cm^-3 : par defaut = 1.0d8 (1.0d5 pour un milieu ambiant tres peu dense, e.g. a 100cm-3)
 phys_unit%chemical_He_abundance = 0.1d0
 phys_unit%chemical_gas_type = 'fullyatomic'
/

!11/12/19 : pour ISM et le projet n°1 de Sylvie Cabrit sur son article de 1997, les paramètres ci-dessous pour l'ISM ont été testés
!et fixées aux valeurs recommandées et correspondant le mieux à la simulation de l'article
 &usr_ism_list
  ism_config%unit               ='cgs'
  ism_config%density            = 1.6d-18         !Li & Shu et 1996b ism density if it set to 0 it will use number_density
  ism_config%number_density     = 0.0d0  !>>HH4647  !2.95d9    !1.0d2     !4.44d6     ! Zheng19 = 2.95d9 cm-3 ! ism number density (1/cm^3) ) of protons n_H = facteur rho_j (e.g. = 100 cm-3) physique dans l'expression du profil de densité rho_c du milieu ambiant
                                            ! and w(ixO^S,phys_ind%rho_)        =  self%myconfig%density = = self%myconfig%number_density*mp = rho_h the mass density of protons
                                            ! si tu l'augmentes e.g. a number_density=1.0d3,
                                            !la valeur rho_c=rho_j de densité au niveau de la frontière inférieure ISM augmente d'un facteur 10
  ism_config%velocity(1)        = 0.0       ! ism  speed components (cm/s) R/X : 0.0 = milieu statique
  ism_config%velocity(2)        = 0.0!5.d8     ! ism  speed components (cm/s) Z : 0.0 = milieu statique
  ism_config%velocity(3)        = 0.0       ! ism  speed components (cm/s)  Y : 0.0 = milieu statique
  ism_config%Mach_number_tomov_obj= 0.0       ! ism  speed components (cm/s)  Y : 0.0 = milieu statique
  ism_config%temperature        = 100.0d0  !<---T_a = 100 K temperature typique
  ism_config%pressure           = 0.0d0     !1.3806485199999997d-12! ism pressure if is set to 0 it will use temperature : äraview trouve a T=100 K et rho_j=100 cm-3 >>> p_j = 2.71055e-12 Ba
  ism_config%tracer_on          = .true.    ! ism tracer
  ism_config%tracer_init_density= 1.0d9!1.0d3     ! ism tracer density
  ism_config%tracer_small_density  =  1.0d-15!1.0d-5

  ism_config%reset_on           = .false.    ! ism reset
  ism_config%reset_coef         = 0.0! 0.0     ! ism reset  coefficient : 19-03-2021 --> don't use it ! it creates bugs when >0.0d0
  ism_config%reset_dtemperature = 1.0d-6    !> set the pressure variation
  ism_config%reset_distance(2)  =  1.01d18  ! ism rest distance
  ism_config%reset_scale(2)     =  5d16     ! ism reset scalling distance

  !ism_config%boundary_cond(1,1) = 'axis'  
  ism_config%boundary_cond(2,1) = 'fix'!'limitinflow'!'limitinflowdisc'!'disc'!'fix'!'fix'!'limitoutflow' ! <<<<<!>>>>> : to enable this feature : you need to check that typeboundary_min{idims} (or typeboundary_max{idims}) is set to 7*'special'


  ism_config%nghostcells(1)        = 2
  ism_config%nghostcells(2)        = 2
  ism_config%flux_frac          = 9.0d-1
  ism_config%useprimitive       = .true. 
  ism_config%escapencells(1)       = 20
  ism_config%escapencells(2)       = 20    
  ! Use :
  !  - ism_config%mixed_fixed_bound(idims,iside,index) to 'fix' the index-th flux variable w(ixG^S,index) on top of the above boundary conditions:
  !  - (idims,iside) = (direction along which are set the boundary conditions,side i=1=min or i=2=max of the direction along which the bc is applied)
  !  - <<<<<!>>>>> : to enable this feature, you need to check that typeboundary_min{idims} (or typeboundary_max{idims}) is set to 7*'special'
  !  - index:
  ! 	* 1 : rho
  ! 	* 2 : v1 =  v_R in cylindrical coordinates
  ! 	* 3 : v2 =  v_Z in cylindrical coordinates
  ! 	* 4 : v3 =  v_phi in cylindrical coordinates  
  ! 	* 5 : p (or e for conservative variables) only when hd_energy==.true.
  ! 	* 6,7 (or resp. 5,6) : tracers when hd_energy==.true. (resp. hd_energy==.false.)
  !
  ! - By default, all ism_config%mixed_fixed_bound(2,1,index) are .false., so that only the above boundary conditions are considered !
  
  !ism_config%mixed_fixed_bound(2,1,1) = .true.
  !ism_config%mixed_fixed_bound(2,1,2) = .true.
  !ism_config%mixed_fixed_bound(2,1,3) = .true.
  !ism_config%mixed_fixed_bound(2,1,4) = .false.
  !ism_config%mixed_fixed_bound(2,1,5) = .true.
  !ism_config%mixed_fixed_bound(2,1,6) = .true.
  !ism_config%mixed_fixed_bound(2,1,7) = .true.
  !ism_config%boundary_cond(2,2) = 'fix'!'limitoutflow'!> ce truc ne sert à rien à moins que typeboundary_max2 = 7*'special'
  ism_config%boundary_on        = .true.
!  ism_config%debug        	 = .false. ! use it as .true. to debug user module mod_obj_ism.t


ism_config%profile_typeaxial  = 'spherical'!'projection_direction'
ism_config%profile_idir       = 1.0,0.0,0.0       !z=2,r=1  !  ism profile direction

ism_config%profile_center     = 0,0,0

ism_config%profile_density_on = .true. ! Zheng=True ! .false. ! .true. ! ISM set density profile
ism_config%profile_pressure_on= .true. ! Zheng=True ! .false. !.true.
ism_config%theta_floored      = 0.0d0
ism_config%profile_force_on   = .false.!.false. ! Zheng=True  !.true.!.false.!.true. ! .false. ! ISM set force profile
ism_config%profile_force_gradP_on = .false.!.false.
ism_config%weight_mean = 'arithmetic'
ism_config%weight_analy = 1.0d0
ism_config%weight_num = 0.0d0
ism_config%weight_mean_variable = 'default'!'minus_density_grad'
ism_config%profile_rw_force = 2.5d16
ism_config%weight_num_index = 1.0d0
ism_config%weight_analy_index = 1.0d0
ism_config%profile_density    = 'Lee2001'!'Ulrich1976'!'Ulrich1976'!'Lee2001'!'Ulrich1976'!>>HH4647'cabrit1997' ! Zheng19 = 'cabrit1997' !ISM density profile
ism_config%profile_jspec = 8.0782850178d20!20       !> ISM envelope specific angular momentum
ism_config%profile_Minf  = 2.5203562637184713d20 !> ISM envelope infalling mass-loss rate on the protostar
ism_config%profile_Mstar = 8.94784441814123d32   !> central objet or protostar mass

ism_config%profile_zc    = 1.0d16!4.49d14 ! 1.0d16 !4.49d14 ! Zheng19 = 30 au = 4.49d14 cm :  grandeur de normalisation dans le profil de pression/densite (en cm)
ism_config%profile_rw    = 2.5d15 !> ISM reference radius for Lee 2001 profile (in cm)
ism_config%profile_kappa    = 2.0d0 ! Zheng19 = 2 ! indice kappa pour la loi de densité et de pression : 'cabrit1997' <=> kappa=2
ism_config%profile_shiftstart = 0.00d0 !>>HH4647 3.33d14 ! 3.33d14 ! 1.0d15 ! the distance from which the ISM profile is set

ism_config%chemical_gas_type = 'fullyatomic'!>>HH4647'fullyatomic'
ism_config%He_abundance      = 0.1
/

&usr_usrboundary_ism_list
  !usrboundary_config%boundary_type(1,1) = 'axis'
  usrboundary_config%boundary_type(2,1) = 'fix'!'limitinflow'!'limitinflowdisc'!'disc'
  usrboundary_config%boundary_type(2,2) = 'open'
  usrboundary_config%useprimitive       = .true.
  !usrboundary_config%special_origin_theta       = .true.
  !usrboundary_config%nghostcells(1)        = 2
  !usrboundary_config%nghostcells(2)        = 2
  usrboundary_config%flux_frac          = 9.0d-1
  usrboundary_config%ngc          = 9
  usrboundary_config%RHS          = 0
  usrboundary_config%LHS          = 0
/

!11/12/19 : pour le jet et le projet n°1 de Sylvie Cabrit sur son article de 1997, les paramètres ci-dessous pour le jet ont été testés
!et fixées aux valeurs recommandées et correspondant le mieux à la simulation de l'article
&usr_cla_jet_list
    cla_jet_config%unit                  =  'cgs' !> physical unit at parameter file
    cla_jet_config%time_cla_jet_on       =  0.0d0 !> initial time the cla_jet is set in the simulation box

    cla_jet_config%myindice              =  0       !> cla_jet associated indice
    cla_jet_config%density               =  1.795963442083303d-19!<-------Fm=0.6e-7 Msun/yr

    cla_jet_config%number_density        =  0.0d0
    cla_jet_config%temperature           =  100.0d0  !>>HH4647 !> cla_jet temperature  (K)
    cla_jet_config%pressure              =  0.0d0   !> cla_jet pressure
    cla_jet_config%pressure_toism        =  0.0d0   !> cla_jet pressure relative to ism pressure
    cla_jet_config%magnetic(1)           =  0.0d0   !> cla_jet magnetic field components : 0.0d0 = HD
    cla_jet_config%magnetic(2)           =  0.0d0   !> cla_jet magnetic field components : 0.0d0 = HD
    cla_jet_config%magnetic(3)           =  0.0d0   !> cla_jet magnetic field components : 0.0d0 = HD
    cla_jet_config%xisigma               =  0.0d0   !> cla_jet magnetisation : 0.0d0 = HD
    cla_jet_config%magn_anglePHItoPol    =  0.0d0   !> cla_jet magnetisation field incl : 0.0d0 = HD

    cla_jet_config%Mach_number           =  0.0!250.0d0   !> cla_jet  Mach number : Par défaut : Ma = 20
    cla_jet_config%c_sound               =  0.0d0   !> cla_jet  sound speed (cm/s)
    cla_jet_config%velocity(1)           =  0.0d0   !> cla_jet  velocity (radial speed)(cm/s)
    cla_jet_config%velocity(2)           =  1.2d7 !
    cla_jet_config%velocity(3)           =  0.0d0   !> cla_jet  velocity (rotation speed)(cm/s)
    cla_jet_config%velocity_poloidal     =  1.2d7 !<--- norme du vecteur vitesse au niveau de l'inlet du jet
    cla_jet_config%power                 =  0.0d0   !> wind power flux
    cla_jet_config%mass_flux             =  0.0d0   ! 3.15e19 ! flux en H+H^++H2 1.13d21 !1.89d18 ! grammes/s>>>Zhang19 = 0.3e-7 Msun/yr  0.0!9.8525563d16!1.9705112501213315d17!1.3136741667475542d17!!   !> wind mass flux : cabrit1997 = 1.3136741d17 à Vjet = 100 km/s et 1.9705111e+17 à Vjet = 150 km/s (Vjet = 150 km/s ne marche qu a basse resolution de maillage)
                                            ! c'est par l'imposition de cla_jet_config%mass_flux et de cla_jet_config%velocity(2) que la densité est alors imposée à l'intérieur du jet
                                            ! pour avoir :
                                            ! * Vjet = 100 km/s, R_jet = 0.5e16 cm et n_jet = 100 cm-3 >>> mass_flux = 1.3136741667475542e+17 g / s
                                            ! * Vjet = 150 km/s, R_jet = 0.5e16 cm et n_jet = 100 cm-3 >>> mass_flux = 1.9705112501213315e+17 g / s
                                            ! * Vjet = 150 km/s, R_jet = 0.5e16 cm et n_jet = 50 cm-3 >>> mass_flux = 9.8525563e+16 g / s

    cla_jet_config%open_angle            = 3.0d0 !>>HH4647 !>  cla_jet initial open angle  (degre): 0.0d0 = jet droit cylindrique
    cla_jet_config%z_in                  =  -46.275d18 !> cla_jet inner boundary position
    cla_jet_config%variation_n_cells     = 2
    cla_jet_config%z_impos               =  8.22d14 !
    cla_jet_config%z_out_init            =  8.30d14 !
    cla_jet_config%r_out_init            =  7.47d14! <--- 50 UA
    cla_jet_config%r_out_impos           =  7.47d14! <--- 50 UA

    cla_jet_config%r_in_init             =  0.0 !-7.48d14 !> cla_jet inner jet  region : position de la limite gauche du jet en coordonnées cylindriques : à tenir compte dans le calcul de la surface d'éjection du jet et donc du calcul du flux de masse ejectée

    cla_jet_config%tracer_on             =  .true. !> cla_jet logical to set tracer
    cla_jet_config%tracer_init_density   =  1.0d9!> cla_jet tracer density
    cla_jet_config%tracer_small_density  =  1.0d-15!> cla_jet tracer small density
    cla_jet_config%shape                 =  'conical'  !> cla_jet shape
    cla_jet_config%profile               =  'none'  !> cla_jet profile


    cla_jet_config%variation_on          =  .true. ! Zhang19 .false. !.true.! to set on  or off the jet-injection in-real-time velocity variability
    cla_jet_config%density_variation_on  =  .true. !<----- vary mass-loss rate !> cla_jet density variation switch
    cla_jet_config%pressure_variation_on =  .true. !<----- vary constant jet temperature !> cla_jet pressure variation switch : enables constant temperature in the jet inlet
    cla_jet_config%density_variation_profile =  'conserved_mflux' !<----- which variability apply to pressure and/or pressure
    cla_jet_config%variation_start_time  =  0.0d0 !time (in s in cgs) at which to begin the time variability : 0.0 to begin at the start of the simulation
    cla_jet_config%variation_end_time    =  4d15
    cla_jet_config%variation_velocity_amplitude =  1.2d7 !<--- norme du vecteur vitesse au niveau de l'inlet du jet (aux yeux du code, c'est une autre variable qu'on a oublié, surtout moi, de retirer quand on a rajouté   le paramètre cla_jet_config%velocity_poloidal en ouvrant le jet, donc par sécurité, comme je ne sais pas si on l'utilise toujours ailleurs, fixons la même valeur qu'au-dessus)
    cla_jet_config%variation_velocity_poloidal =  6.0d6 !<------ variation de la norme du vecteur vitesse du jet
    cla_jet_config%variation_velocity(1) =  0.0d0
    cla_jet_config%variation_velocity(2) =  6.0d6 !<------ variation de la norme du vecteur vitesse du jet
    cla_jet_config%variation_velocity(3) =  0.0d0
    cla_jet_config%variation_time        =  9.46728d9!<---- 300 ans
    cla_jet_config%variation_position    =  0.0d0,8.22d14 ,0.0d0!0.0d0,8.22d14 ,0.0d0 !>>HH4647 !0.0d0, 1d15 ,0.0d0 !0.0d0, 1.495978707d14,0.0d0 ! = 0,10 au,0position (in 3d : if cylindrical : phi = 3, z=2, r=1) under which is set the time variability : default = 0,3d15,0
    cla_jet_config%variation_type        =  'sawtooth2' !
    cla_jet_config%variation_phys_nvariable   = 1  ! number of physical variable with variation
    cla_jet_config%variation_phys_variable(1) =  3 ! 3 mean the velocity in Z direction

    cla_jet_config%refine_min_level      = 1
    cla_jet_config%chemical_gas_type     = 'fullyatomic' !>>HH4647



/
 ---------------------------------------------------------------------------
 ---------------------------------------------------------------------------
 |         __  __ ____ ___        _    __  __ ______     ___    ____       |
 |        |  \/  |  _ \_ _|      / \  |  \/  |  _ \ \   / / \  / ___|      |
 |        | |\/| | |_) | |_____ / _ \ | |\/| | |_) \ \ / / _ \| |          |
 |        | |  | |  __/| |_____/ ___ \| |  | |  _ < \ V / ___ \ |___       |
 |        |_|  |_|_|  |___|   /_/   \_\_|  |_|_| \_\ \_/_/   \_\____|      |
 --------------------------------------------------------------------------
 ---------------------------------------------------------------------------
  End of reading of the usr_list
  End of reading of the usr_list
  End of reading of the usr_list
  End of reading of the usr_list
  End of reading of the usr_list
  End of reading of the usr_list
  End of reading of the usr_list
  End of reading of the usr_list
  End of reading of the usr_list
  End of reading of the usr_list
  End of reading of the usr_list
  End of reading of the usr_list
  End of reading of the usr_list
  End of reading of the usr_list
  End of reading of the usr_list
  End of reading of the usr_list
 Reading usr_list
  End of reading of the usr_list
  End of reading of the usr_list
  End of reading of the usr_list
  End of reading of the usr_list
  End of reading of the usr_list
  End of reading of the usr_list
  End of reading of the usr_list
  End of reading of the usr_list
  End of reading of the usr_list
  End of reading of the usr_list
  End of reading of the usr_list
  End of reading of the usr_list
  End of reading of the usr_list
  End of reading of the usr_list
  End of reading of the usr_list
  End of reading of the usr_list
  End of reading of the usr_list
  End of reading of the usr_list
  End of reading of the usr_list
  End of reading of the usr_list
 Reading usr_physical_values_list
  End of reading of the usr_list
  End of reading of the usr_list
  End of reading of the usr_list
  End of reading of the usr_list
  End of reading of the usr_list
  End of reading of the usr_list
  End of reading of the usr_list
  End of reading of the usr_list
  End of reading of the usr_list
  End of reading of the usr_list
 Reading usr_ism_list
  End of reading of the hd_list
  End of reading of the hd_list
  End of reading of the hd_list
  End of reading of the hd_list
  End of reading of the hd_list
 End of Reading 
 usr_ismlist0                                                                  
 Reading usr_boundary_list           1 
 boundary                                                                      
  End of reading of the hd_list
  End of reading of the rc_list
  End of reading of the rc_list
  End of reading of the rc_list
  End of reading of the hd_list
  End of reading of the hd_list
  End of reading of the rc_list
  End of reading of the hd_list
  End of reading of the rc_list
  End of reading of the rc_list
  End of reading of the hd_list
  End of reading of the hd_list
  End of reading of the rc_list
  End of reading of the hd_list
  End of reading of the rc_list
  End of reading of the hd_list
  End of reading of the rc_list
  End of reading of the hd_list
  End of reading of the rc_list
 End of Reading 
 usr_boundarylist1                                                             
 Reading usr_cla_jet_list
  End of reading of the hd_list
  End of reading of the hd_list
  End of reading of the hd_list
  End of reading of the rc_list
  End of reading of the hd_list
  End of reading of the hd_list
  End of reading of the hd_list
  End of reading of the hd_list
  End of reading of the hd_list
  End of reading of the rc_list
  End of reading of the rc_list
  End of reading of the hd_list
  End of reading of the hd_list
  End of reading of the rc_list
  End of reading of the hd_list
  End of reading of the hd_list
  End of reading of the hd_list
  End of reading of the rc_list
  End of reading of the hd_list
  End of reading of the rc_list
  End of reading of the hd_list
  End of reading of the rc_list
  End of reading of the rc_list
  End of reading of the hd_list
  End of reading of the hd_list
  End of reading of the hd_list
  End of reading of the rc_list
  End of reading of the hd_list
  End of reading of the rc_list
  End of reading of the rc_list
  End of reading of the hd_list
  End of reading of the hd_list
  End of reading of the rc_list
  End of reading of the rc_list
  End of reading of the rc_list
  End of reading of the rc_list
  End of reading of the hd_list
  End of reading of the rc_list
  End of reading of the hd_list
  End of reading of the rc_list
  End of reading of the hd_list
  End of reading of the hd_list
  End of reading of the rc_list
  End of reading of the hd_list
  End of reading of the hd_list
  End of reading of the rc_list
  End of reading of the rc_list
  End of reading of the rc_list
  End of reading of the rc_list
  End of reading of the rc_list
  End of reading of the hd_list
  End of reading of the rc_list
  End of reading of the rc_list
  End of reading of the rc_list
  End of reading of the rc_list
  End of reading of the rc_list
  End of reading of the rc_list
  End of reading of the hd_list
  End of reading of the hd_list
  End of reading of the rc_list
  End of reading of the hd_list
  End of reading of the rc_list
  End of reading of the rc_list
  End of reading of the rc_list
  End of reading of the hd_list
  End of reading of the rc_list
  End of reading of the rc_list
  End of reading of the rc_list
 Use SPEX cooling curve for solar metallicity above 10^4 K. 
 At lower temperatures,use Dalgarno & McCray (1972), 
 with a pre-set ionization fraction of 10^-3. 
 as described by Schure et al. (2009). 
 Reading Kappeli2016.par
  End of reading of the usr_list
  End of reading of the hd_list
  End of reading of the rc_list
  End of reading of the usr_list
  End of reading of the hd_list
  End of reading of the rc_list
 End par file read
 
 Output type | dtsave    | ditsave | itsave(1) | tsave(1)
         log | 0.105E+00 | ******  |      0    | *********
      normal | 0.105E+02 | ******  |      0    | *********
       slice | ********* | ******  | ******    | *********
   collapsed | ********* | ******  | ******    | *********
    analysis | ********* | ******  | ******    | *********
 
                 typelimited: predictor                                                                                                                          
         Domain size (cells): 240 240 
                Level one dx: 0.836E+01 0.836E+01 
           Refine estimation: Lohner's scheme
                   slicenext: 0
                collapsenext: 0
           restart_from_file:  undefined
                  converting: F

 1)the jet radius =    747000000000000.     
 2)the jet radius =    820312500000000.     
 the jet self%myconfig%r_out_init =    820312500000000.     
 jet shape conical             
 jet shape conical             
 jet typeaxial 
 cylindrical                                                                    
                                                     
 the jet Surface =   0.000000000000000E+000
 the jet open_angle =    3.00000000000000     
 the jet open_angle_in =   0.000000000000000E+000
 the jet z0 =   1.565249493915205E+016
 the jet jet_radius_out_init =   1.567397557793927E+016
 jet typeaxial 
 cylindrical                                                                    
                                                     
 the jet Surface =   2.115466860209846E+030
 1)the jet radius =    747000000000000.     
 2)the jet radius =    820312500000000.     
 the jet self%myconfig%r_out_init =    820312500000000.     
 jet shape conical             
 jet shape conical             
 jet typeaxial 
 cylindrical                                                                    
                                                     
 the jet Surface =   0.000000000000000E+000
 the jet open_angle =    3.00000000000000     
 the jet open_angle_in =   0.000000000000000E+000
 the jet z0 =   1.565249493915205E+016
 the jet jet_radius_out_init =   1.567397557793927E+016
 jet typeaxial 
 cylindrical                                                                    
                                                     
 the jet Surface =   2.115466860209846E+030
 1)the jet radius =    747000000000000.     
 2)the jet radius =    820312500000000.     
 the jet self%myconfig%r_out_init =    820312500000000.     
 jet shape conical             
 jet shape conical             
 jet typeaxial 
 cylindrical                                                                    
                                                     
 the jet Surface =   0.000000000000000E+000
 the jet open_angle =    3.00000000000000     
 the jet open_angle_in =   0.000000000000000E+000
 the jet z0 =   1.565249493915205E+016
 the jet jet_radius_out_init =   1.567397557793927E+016
 jet typeaxial 
 cylindrical                                                                    
                                                     
 the jet Surface =   2.115466860209846E+030
 1)the jet radius =    747000000000000.     
 2)the jet radius =    820312500000000.     
 the jet self%myconfig%r_out_init =    820312500000000.     
 jet shape conical             
 jet shape conical             
 jet typeaxial 
 cylindrical                                                                    
                                                     
 the jet Surface =   0.000000000000000E+000
 the jet open_angle =    3.00000000000000     
 the jet open_angle_in =   0.000000000000000E+000
 the jet z0 =   1.565249493915205E+016
 the jet jet_radius_out_init =   1.567397557793927E+016
 jet typeaxial 
 cylindrical                                                                    
                                                     
 the jet Surface =   2.115466860209846E+030
 1)the jet radius =    747000000000000.     
 2)the jet radius =    820312500000000.     
 the jet self%myconfig%r_out_init =    820312500000000.     
 jet shape conical             
 jet shape conical             
 jet typeaxial 
 cylindrical                                                                    
                                                     
 the jet Surface =   0.000000000000000E+000
 the jet open_angle =    3.00000000000000     
 the jet open_angle_in =   0.000000000000000E+000
 the jet z0 =   1.565249493915205E+016
 the jet jet_radius_out_init =   1.567397557793927E+016
 jet typeaxial 
 cylindrical                                                                    
                                                     
 the jet Surface =   2.115466860209846E+030
 1)the jet radius =    747000000000000.     
 2)the jet radius =    820312500000000.     
 the jet self%myconfig%r_out_init =    820312500000000.     
 jet shape conical             
 jet shape conical             
 jet typeaxial 
 cylindrical                                                                    
                                                     
 the jet Surface =   0.000000000000000E+000
 the jet open_angle =    3.00000000000000     
 the jet open_angle_in =   0.000000000000000E+000
 the jet z0 =   1.565249493915205E+016
 the jet jet_radius_out_init =   1.567397557793927E+016
 1)the jet radius =    747000000000000.     
 2)the jet radius =    820312500000000.     
 jet typeaxial 
 cylindrical                                                                    
                                                     
 the jet Surface =   2.115466860209846E+030
 the jet self%myconfig%r_out_init =    820312500000000.     
 jet shape conical             
 jet shape conical             
 jet typeaxial 
 cylindrical                                                                    
                                                     
 the jet Surface =   0.000000000000000E+000
 the jet open_angle =    3.00000000000000     
 the jet open_angle_in =   0.000000000000000E+000
 the jet z0 =   1.565249493915205E+016
 the jet jet_radius_out_init =   1.567397557793927E+016
 jet typeaxial 
 cylindrical                                                                    
                                                     
 the jet Surface =   2.115466860209846E+030
 1)the jet radius =    747000000000000.     
 1)the jet radius =    747000000000000.     
 2)the jet radius =    820312500000000.     
 the jet self%myconfig%r_out_init =    820312500000000.     
 jet shape conical             
 jet shape conical             
 jet typeaxial 
 cylindrical                                                                    
                                                     
 the jet Surface =   0.000000000000000E+000
 the jet open_angle =    3.00000000000000     
 the jet open_angle_in =   0.000000000000000E+000
 the jet z0 =   1.565249493915205E+016
 the jet jet_radius_out_init =   1.567397557793927E+016
 jet typeaxial 
 cylindrical                                                                    
                                                     
 the jet Surface =   2.115466860209846E+030
 2)the jet radius =    820312500000000.     
 the jet self%myconfig%r_out_init =    820312500000000.     
 jet shape conical             
 1)the jet radius =    747000000000000.     
 2)the jet radius =    820312500000000.     
 the jet self%myconfig%r_out_init =    820312500000000.     
 1)the jet radius =    747000000000000.     
 2)the jet radius =    820312500000000.     
 the jet self%myconfig%r_out_init =    820312500000000.     
 jet shape conical             
 jet shape conical             
 jet typeaxial 
 cylindrical                                                                    
                                                     
 the jet Surface =   0.000000000000000E+000
 the jet open_angle =    3.00000000000000     
 jet shape conical             
 jet shape conical             
 jet typeaxial 
 cylindrical                                                                    
                                                     
 the jet Surface =   0.000000000000000E+000
 the jet open_angle =    3.00000000000000     
 the jet open_angle_in =   0.000000000000000E+000
 the jet open_angle_in =   0.000000000000000E+000
 the jet z0 =   1.565249493915205E+016
 the jet jet_radius_out_init =   1.567397557793927E+016
 the jet z0 =   1.565249493915205E+016
 the jet jet_radius_out_init =   1.567397557793927E+016
 jet typeaxial 
 cylindrical                                                                    
                                                     
 the jet Surface =   2.115466860209846E+030
 jet typeaxial 
 cylindrical                                                                    
                                                     
 the jet Surface =   2.115466860209846E+030
 jet shape conical             
 jet typeaxial 
 1)the jet radius =    747000000000000.     
 2)the jet radius =    820312500000000.     
 the jet self%myconfig%r_out_init =    820312500000000.     
 jet shape conical             
 jet shape conical             
 jet typeaxial 
 cylindrical                                                                    
                                                     
 the jet Surface =   0.000000000000000E+000
 the jet open_angle =    3.00000000000000     
 the jet open_angle_in =   0.000000000000000E+000
 the jet z0 =   1.565249493915205E+016
 the jet jet_radius_out_init =   1.567397557793927E+016
 jet typeaxial 
 cylindrical                                                                    
                                                     
 the jet Surface =   2.115466860209846E+030
 cylindrical                                                                    
                                                     
 the jet Surface =   0.000000000000000E+000
 1)the jet radius =    747000000000000.     
 2)the jet radius =    820312500000000.     
 the jet self%myconfig%r_out_init =    820312500000000.     
 jet shape conical             
 jet shape conical             
 jet typeaxial 
 cylindrical                                                                    
                                                     
 the jet Surface =   0.000000000000000E+000
 the jet open_angle =    3.00000000000000     
 the jet open_angle_in =   0.000000000000000E+000
 the jet z0 =   1.565249493915205E+016
 the jet jet_radius_out_init =   1.567397557793927E+016
 jet typeaxial 
 cylindrical                                                                    
                                                     
 the jet Surface =   2.115466860209846E+030
 1)the jet radius =    747000000000000.     
 the jet open_angle =    3.00000000000000     
 the jet open_angle_in =   0.000000000000000E+000
 the jet z0 =   1.565249493915205E+016
 the jet jet_radius_out_init =   1.567397557793927E+016
 jet typeaxial 
 cylindrical                                                                    
                                                     
 the jet Surface =   2.115466860209846E+030
 1)the jet radius =    747000000000000.     
 2)the jet radius =    820312500000000.     
 the jet self%myconfig%r_out_init =    820312500000000.     
 jet shape conical             
 jet shape conical             
 jet typeaxial 
 cylindrical                                                                    
                                                     
 the jet Surface =   0.000000000000000E+000
 the jet open_angle =    3.00000000000000     
 the jet open_angle_in =   0.000000000000000E+000
 the jet z0 =   1.565249493915205E+016
 1)the jet radius =    747000000000000.     
 2)the jet radius =    820312500000000.     
 the jet self%myconfig%r_out_init =    820312500000000.     
 jet shape conical             
 jet shape conical             
 the jet jet_radius_out_init =   1.567397557793927E+016
 jet typeaxial 
 cylindrical                                                                    
                                                     
 the jet Surface =   2.115466860209846E+030
 jet typeaxial 
 cylindrical                                                                    
                                                     
 the jet Surface =   0.000000000000000E+000
 the jet open_angle =    3.00000000000000     
 the jet open_angle_in =   0.000000000000000E+000
 the jet z0 =   1.565249493915205E+016
 the jet jet_radius_out_init =   1.567397557793927E+016
 jet typeaxial 
 cylindrical                                                                    
                                                     
 the jet Surface =   2.115466860209846E+030
 2)the jet radius =    820312500000000.     
 the jet self%myconfig%r_out_init =    820312500000000.     
 jet shape conical             
 jet shape conical             
 jet typeaxial 
 cylindrical                                                                    
 1)the jet radius =    747000000000000.     
                                                     
 the jet Surface =   0.000000000000000E+000
 the jet open_angle =    3.00000000000000     
 the jet open_angle_in =   0.000000000000000E+000
 the jet z0 =   1.565249493915205E+016
 the jet jet_radius_out_init =   1.567397557793927E+016
 jet typeaxial 
 cylindrical                                                                    
                                                     
 the jet Surface =   2.115466860209846E+030
 2)the jet radius =    820312500000000.     
 the jet self%myconfig%r_out_init =    820312500000000.     
 1)the jet radius =    747000000000000.     
 jet shape conical             
 2)the jet radius =    820312500000000.     
 the jet self%myconfig%r_out_init =    820312500000000.     
 jet shape conical             
 jet shape conical             
 jet typeaxial 
 cylindrical                                                                    
                                                     
 the jet Surface =   0.000000000000000E+000
 1)the jet radius =    747000000000000.     
 2)the jet radius =    820312500000000.     
 the jet self%myconfig%r_out_init =    820312500000000.     
 jet shape conical             
 jet shape conical             
 jet typeaxial 
 cylindrical                                                                    
                                                     
 the jet Surface =   0.000000000000000E+000
 1)the jet radius =    747000000000000.     
 2)the jet radius =    820312500000000.     
 the jet self%myconfig%r_out_init =    820312500000000.     
 jet shape conical             
 jet shape conical             
 the jet open_angle =    3.00000000000000     
 the jet open_angle_in =   0.000000000000000E+000
 the jet z0 =   1.565249493915205E+016
 the jet jet_radius_out_init =   1.567397557793927E+016
 jet typeaxial 
 cylindrical                                                                    
                                                     
 the jet Surface =   0.000000000000000E+000
 the jet open_angle =    3.00000000000000     
 the jet open_angle_in =   0.000000000000000E+000
 the jet z0 =   1.565249493915205E+016
 the jet jet_radius_out_init =   1.567397557793927E+016
 jet shape conical             
 jet typeaxial 
 cylindrical                                                                    
                                                     
 the jet Surface =   0.000000000000000E+000
 the jet open_angle =    3.00000000000000     
 the jet open_angle_in =   0.000000000000000E+000
 the jet z0 =   1.565249493915205E+016
 the jet jet_radius_out_init =   1.567397557793927E+016
 jet typeaxial 
 cylindrical                                                                    
                                                     
 the jet Surface =   2.115466860209846E+030
 the jet open_angle =    3.00000000000000     
 the jet open_angle_in =   0.000000000000000E+000
 the jet z0 =   1.565249493915205E+016
 the jet jet_radius_out_init =   1.567397557793927E+016
 jet typeaxial 
 cylindrical                                                                    
                                                     
 the jet Surface =   2.115466860209846E+030
 1)the jet radius =    747000000000000.     
 2)the jet radius =    820312500000000.     
 jet typeaxial 
 cylindrical                                                                    
                                                     
 the jet Surface =   2.115466860209846E+030
 the jet self%myconfig%r_out_init =    820312500000000.     
 jet shape conical             
 jet shape conical             
 jet typeaxial 
 cylindrical                                                                    
                                                     
 the jet Surface =   0.000000000000000E+000
 the jet open_angle =    3.00000000000000     
 the jet open_angle_in =   0.000000000000000E+000
 the jet z0 =   1.565249493915205E+016
 the jet jet_radius_out_init =   1.567397557793927E+016
 jet typeaxial 
 cylindrical                                                                    
                                                     
 the jet Surface =   2.115466860209846E+030
 1)the jet radius =    747000000000000.     
 2)the jet radius =    820312500000000.     
 the jet self%myconfig%r_out_init =    820312500000000.     
 jet shape conical             
 jet shape conical             
 jet typeaxial 
 cylindrical                                                                    
                                                     
 the jet Surface =   0.000000000000000E+000
 the jet open_angle =    3.00000000000000     
 the jet open_angle_in =   0.000000000000000E+000
 the jet z0 =   1.565249493915205E+016
 the jet jet_radius_out_init =   1.567397557793927E+016
 jet typeaxial 
 cylindrical                                                                    
                                                     
 the jet Surface =   2.115466860209846E+030
 jet typeaxial 
 cylindrical                                                                    
 1)the jet radius =    747000000000000.     
 2)the jet radius =    820312500000000.     
 the jet self%myconfig%r_out_init =    820312500000000.     
 jet shape conical             
 jet shape conical             
 jet typeaxial 
 cylindrical                                                                    
                                                     
 the jet Surface =   0.000000000000000E+000
 the jet open_angle =    3.00000000000000     
 the jet open_angle_in =   0.000000000000000E+000
 the jet z0 =   1.565249493915205E+016
 the jet jet_radius_out_init =   1.567397557793927E+016
 jet typeaxial 
 cylindrical                                                                    
                                                     
 the jet Surface =   2.115466860209846E+030
                                                     
 the jet Surface =   2.115466860209846E+030
 1)the jet radius =    747000000000000.     
 2)the jet radius =    820312500000000.     
 the jet self%myconfig%r_out_init =    820312500000000.     
 jet shape conical             
 jet shape conical             
 jet typeaxial 
 cylindrical                                                                    
                                                     
 the jet Surface =   0.000000000000000E+000
 the jet open_angle =    3.00000000000000     
 the jet open_angle_in =   0.000000000000000E+000
 the jet z0 =   1.565249493915205E+016
 the jet jet_radius_out_init =   1.567397557793927E+016
 jet typeaxial 
 cylindrical                                                                    
                                                     
 the jet Surface =   2.115466860209846E+030
 1)the jet radius =    747000000000000.     
 2)the jet radius =    820312500000000.     
 the jet self%myconfig%r_out_init =    820312500000000.     
 jet shape conical             
 jet shape conical             
 jet typeaxial 
 cylindrical                                                                    
                                                     
 the jet Surface =   0.000000000000000E+000
 the jet open_angle =    3.00000000000000     
 the jet open_angle_in =   0.000000000000000E+000
 the jet z0 =   1.565249493915205E+016
 the jet jet_radius_out_init =   1.567397557793927E+016
 jet typeaxial 
 cylindrical                                                                    
                                                     
 the jet Surface =   2.115466860209846E+030
 1)the jet radius =    747000000000000.     
 2)the jet radius =    820312500000000.     
 the jet self%myconfig%r_out_init =    820312500000000.     
 jet shape conical             
 jet shape conical             
 jet typeaxial 
 cylindrical                                                                    
                                                     
 the jet Surface =   0.000000000000000E+000
 the jet open_angle =    3.00000000000000     
 the jet open_angle_in =   0.000000000000000E+000
 the jet z0 =   1.565249493915205E+016
 the jet jet_radius_out_init =   1.567397557793927E+016
 jet typeaxial 
 cylindrical                                                                    
                                                     
 the jet Surface =   2.115466860209846E+030
 1)the jet radius =    747000000000000.     
 2)the jet radius =    820312500000000.     
 the jet self%myconfig%r_out_init =    820312500000000.     
 jet shape conical             
 jet shape conical             
 jet typeaxial 
 cylindrical                                                                    
                                                     
 the jet Surface =   0.000000000000000E+000
 the jet open_angle =    3.00000000000000     
 the jet open_angle_in =   0.000000000000000E+000
 the jet z0 =   1.565249493915205E+016
 the jet jet_radius_out_init =   1.567397557793927E+016
 jet typeaxial 
 cylindrical                                                                    
                                                     
 the jet Surface =   2.115466860209846E+030
 1)the jet radius =    747000000000000.     
 2)the jet radius =    820312500000000.     
 the jet self%myconfig%r_out_init =    820312500000000.     
 1)the jet radius =    747000000000000.     
 2)the jet radius =    820312500000000.     
 the jet self%myconfig%r_out_init =    820312500000000.     
 jet shape conical             
 jet shape conical             
 jet typeaxial 
 cylindrical                                                                    
                                                     
 the jet Surface =   0.000000000000000E+000
 the jet open_angle =    3.00000000000000     
 1)the jet radius =    747000000000000.     
 2)the jet radius =    820312500000000.     
 the jet self%myconfig%r_out_init =    820312500000000.     
 jet shape conical             
 jet shape conical             
 jet typeaxial 
 cylindrical                                                                    
                                                     
 the jet Surface =   0.000000000000000E+000
 1)the jet radius =    747000000000000.     
 2)the jet radius =    820312500000000.     
 the jet self%myconfig%r_out_init =    820312500000000.     
 jet shape conical             
 1)the jet radius =    747000000000000.     
 2)the jet radius =    820312500000000.     
 the jet self%myconfig%r_out_init =    820312500000000.     
 jet shape conical             
 jet shape conical             
 the jet open_angle_in =   0.000000000000000E+000
 the jet z0 =   1.565249493915205E+016
 the jet jet_radius_out_init =   1.567397557793927E+016
 jet typeaxial 
 cylindrical                                                                    
                                                     
 the jet Surface =   2.115466860209846E+030
 the jet open_angle =    3.00000000000000     
 the jet open_angle_in =   0.000000000000000E+000
 the jet z0 =   1.565249493915205E+016
 the jet jet_radius_out_init =   1.567397557793927E+016
 jet typeaxial 
 cylindrical                                                                    
                                                     
 the jet Surface =   2.115466860209846E+030
 1)the jet radius =    747000000000000.     
 2)the jet radius =    820312500000000.     
 the jet self%myconfig%r_out_init =    820312500000000.     
 jet shape conical             
 jet shape conical             
 jet typeaxial 
 cylindrical                                                                    
                                                     
 the jet Surface =   0.000000000000000E+000
 1)the jet radius =    747000000000000.     
 2)the jet radius =    820312500000000.     
 the jet self%myconfig%r_out_init =    820312500000000.     
 jet shape conical             
 jet shape conical             
 jet typeaxial 
 cylindrical                                                                    
 jet typeaxial 
 cylindrical                                                                    
                                                     
 the jet Surface =   0.000000000000000E+000
 the jet open_angle =    3.00000000000000     
 the jet open_angle_in =   0.000000000000000E+000
 the jet z0 =   1.565249493915205E+016
 the jet jet_radius_out_init =   1.567397557793927E+016
 jet typeaxial 
 cylindrical                                                                    
                                                     
 the jet open_angle =    3.00000000000000     
 the jet open_angle_in =   0.000000000000000E+000
 the jet z0 =   1.565249493915205E+016
 the jet jet_radius_out_init =   1.567397557793927E+016
 jet shape conical             
 jet typeaxial 
 cylindrical                                                                    
                                                     
 the jet Surface =   0.000000000000000E+000
 the jet open_angle =    3.00000000000000     
 the jet open_angle_in =   0.000000000000000E+000
                                                     
 the jet Surface =   0.000000000000000E+000
 the jet open_angle =    3.00000000000000     
 the jet open_angle_in =   0.000000000000000E+000
 the jet Surface =   2.115466860209846E+030
 the jet z0 =   1.565249493915205E+016
 the jet jet_radius_out_init =   1.567397557793927E+016
 jet typeaxial 
 cylindrical                                                                    
 jet typeaxial 
 cylindrical                                                                    
                                                     
 the jet Surface =   2.115466860209846E+030
 the jet z0 =   1.565249493915205E+016
 the jet jet_radius_out_init =   1.567397557793927E+016
 jet typeaxial 
 cylindrical                                                                    
                                                     
 the jet Surface =   2.115466860209846E+030
                                                     
 the jet Surface =   2.115466860209846E+030
 jet shape conical             
 jet shape conical             
 jet typeaxial 
 1)the jet radius =    747000000000000.     
 2)the jet radius =    820312500000000.     
 the jet self%myconfig%r_out_init =    820312500000000.     
 jet shape conical             
 jet shape conical             
 jet typeaxial 
 cylindrical                                                                    
                                                     
 the jet Surface =   0.000000000000000E+000
 the jet open_angle =    3.00000000000000     
 the jet open_angle_in =   0.000000000000000E+000
 the jet z0 =   1.565249493915205E+016
 the jet jet_radius_out_init =   1.567397557793927E+016
 jet typeaxial 
 cylindrical                                                                    
                                                     
 the jet Surface =   2.115466860209846E+030
 cylindrical                                                                    
                                                     
 the jet Surface =   0.000000000000000E+000
 the jet open_angle =    3.00000000000000     
 1)the jet radius =    747000000000000.     
 2)the jet radius =    820312500000000.     
 the jet self%myconfig%r_out_init =    820312500000000.     
 jet shape conical             
 1)the jet radius =    747000000000000.     
 the jet open_angle_in =   0.000000000000000E+000
 the jet z0 =   1.565249493915205E+016
 the jet jet_radius_out_init =   1.567397557793927E+016
 jet typeaxial 
 cylindrical                                                                    
                                                     
 the jet Surface =   2.115466860209846E+030
 jet shape conical             
 jet typeaxial 
 cylindrical                                                                    
                                                     
 the jet Surface =   0.000000000000000E+000
 the jet open_angle =    3.00000000000000     
 the jet open_angle_in =   0.000000000000000E+000
 the jet z0 =   1.565249493915205E+016
 the jet jet_radius_out_init =   1.567397557793927E+016
 jet typeaxial 
 cylindrical                                                                    
                                                     
 the jet Surface =   2.115466860209846E+030
 1)the jet radius =    747000000000000.     
 2)the jet radius =    820312500000000.     
 the jet self%myconfig%r_out_init =    820312500000000.     
 jet shape conical             
 2)the jet radius =    820312500000000.     
 jet shape conical             
 jet typeaxial 
 cylindrical                                                                    
                                                     
 the jet Surface =   0.000000000000000E+000
 the jet open_angle =    3.00000000000000     
 the jet open_angle_in =   0.000000000000000E+000
 the jet z0 =   1.565249493915205E+016
 the jet jet_radius_out_init =   1.567397557793927E+016
 jet typeaxial 
 cylindrical                                                                    
                                                     
 1)the jet radius =    747000000000000.     
 2)the jet radius =    820312500000000.     
 the jet self%myconfig%r_out_init =    820312500000000.     
 jet shape conical             
 jet shape conical             
 jet typeaxial 
 cylindrical                                                                    
                                                     
 the jet Surface =   2.115466860209846E+030
 the jet Surface =   0.000000000000000E+000
 the jet open_angle =    3.00000000000000     
 the jet open_angle_in =   0.000000000000000E+000
 the jet z0 =   1.565249493915205E+016
 the jet jet_radius_out_init =   1.567397557793927E+016
 jet typeaxial 
 cylindrical                                                                    
                                                     
 the jet Surface =   2.115466860209846E+030
 the jet self%myconfig%r_out_init =    820312500000000.     
 jet shape conical             
 jet shape conical             
 jet typeaxial 
 cylindrical                                                                    
                                                     
 1)the jet radius =    747000000000000.     
 2)the jet radius =    820312500000000.     
 the jet self%myconfig%r_out_init =    820312500000000.     
 jet shape conical             
 jet shape conical             
 jet typeaxial 
 cylindrical                                                                    
                                                     
 the jet Surface =   0.000000000000000E+000
 the jet open_angle =    3.00000000000000     
 the jet open_angle_in =   0.000000000000000E+000
 the jet z0 =   1.565249493915205E+016
 the jet jet_radius_out_init =   1.567397557793927E+016
 1)the jet radius =    747000000000000.     
 2)the jet radius =    820312500000000.     
 the jet self%myconfig%r_out_init =    820312500000000.     
 jet typeaxial 
 cylindrical                                                                    
                                                     
 the jet Surface =   2.115466860209846E+030
 jet shape conical             
 jet shape conical             
 jet typeaxial 
 cylindrical                                                                    
                                                     
 the jet Surface =   0.000000000000000E+000
 the jet open_angle =    3.00000000000000     
 the jet open_angle_in =   0.000000000000000E+000
 1)the jet radius =    747000000000000.     
 2)the jet radius =    820312500000000.     
 the jet self%myconfig%r_out_init =    820312500000000.     
 jet shape conical             
 jet shape conical             
 the jet z0 =   1.565249493915205E+016
 the jet jet_radius_out_init =   1.567397557793927E+016
 jet typeaxial 
 cylindrical                                                                    
                                                     
 the jet Surface =   2.115466860209846E+030
 the jet Surface =   0.000000000000000E+000
 the jet open_angle =    3.00000000000000     
 the jet open_angle_in =   0.000000000000000E+000
 the jet z0 =   1.565249493915205E+016
 the jet jet_radius_out_init =   1.567397557793927E+016
 jet typeaxial 
 cylindrical                                                                    
 jet typeaxial 
                                                     
 the jet Surface =   2.115466860209846E+030
 cylindrical                                                                    
 1)the jet radius =    747000000000000.     
 2)the jet radius =    820312500000000.     
 the jet self%myconfig%r_out_init =    820312500000000.     
 jet shape conical             
 jet shape conical             
 jet typeaxial 
 cylindrical                                                                    
                                                     
 the jet Surface =   0.000000000000000E+000
 the jet open_angle =    3.00000000000000     
 the jet open_angle_in =   0.000000000000000E+000
 the jet z0 =   1.565249493915205E+016
 the jet jet_radius_out_init =   1.567397557793927E+016
 jet typeaxial 
 cylindrical                                                                    
                                                     
 the jet Surface =   2.115466860209846E+030
                                                     
 the jet Surface =   0.000000000000000E+000
 the jet open_angle =    3.00000000000000     
 the jet open_angle_in =   0.000000000000000E+000
 the jet z0 =   1.565249493915205E+016
 the jet jet_radius_out_init =   1.567397557793927E+016
 1)the jet radius =    747000000000000.     
 2)the jet radius =    820312500000000.     
 the jet self%myconfig%r_out_init =    820312500000000.     
 jet shape conical             
 jet shape conical             
 jet typeaxial 
 cylindrical                                                                    
                                                     
 the jet Surface =   0.000000000000000E+000
 the jet open_angle =    3.00000000000000     
 the jet open_angle_in =   0.000000000000000E+000
 the jet z0 =   1.565249493915205E+016
 the jet jet_radius_out_init =   1.567397557793927E+016
 jet typeaxial 
 cylindrical                                                                    
                                                     
 the jet Surface =   2.115466860209846E+030
 jet typeaxial 
 cylindrical                                                                    
                                                     
 the jet Surface =   2.115466860209846E+030
 ======================ISM settings=======================
 * at (R,z) = (r_j,0) : 
 ** The ism base temperature is =    100.000000000000     
 ** The ism base density is =  1.600000000000000E-018
 ** The ism base number density nH is    683272.906387098     
 =========================================================
 1)the jet radius =    747000000000000.     
 2)the jet radius =    820312500000000.     
 the jet self%myconfig%r_out_init =    820312500000000.     
 1)the jet radius =    747000000000000.     
 2)the jet radius =    820312500000000.     
 the jet self%myconfig%r_out_init =    820312500000000.     
 jet shape conical             
 jet shape conical             
 jet typeaxial 
 cylindrical                                                                    
                                                     
 the jet Surface =   0.000000000000000E+000
 jet shape conical             
 jet shape conical             
 jet typeaxial 
 cylindrical                                                                    
                                                     
 the jet Surface =   0.000000000000000E+000
 the jet open_angle =    3.00000000000000     
 the jet open_angle =    3.00000000000000     
 the jet open_angle_in =   0.000000000000000E+000
 the jet z0 =   1.565249493915205E+016
 the jet jet_radius_out_init =   1.567397557793927E+016
 the jet open_angle_in =   0.000000000000000E+000
 the jet z0 =   1.565249493915205E+016
 the jet jet_radius_out_init =   1.567397557793927E+016
 jet typeaxial 
 cylindrical                                                                    
                                                     
 the jet Surface =   2.115466860209846E+030
 jet typeaxial 
 cylindrical                                                                    
                                                     
 the jet Surface =   2.115466860209846E+030
 the jet temperature =    100.000000000000     
 jet density  1.795963442083303E-019
 jet ndensity   76695.8225523272     
 set_complet jet shapeconical             
 jet v_j   628031.474915326        11983554.4170549       0.000000000000000E+000
 the jet mflux =   4.559161372650759E+018
 3)the jet radius =    820312500000000.     
 3)the jet inner radius =   -39062500000000.0     
 the jet Surface =   2.115466860209846E+030
 phys_config%He_abundance  0.100000000000000     
 in mod_obj_usr_unit.t usr_physical_unit_fillphysunit subroutine: 
 ism density  2.341670487800000E-030
 ism ndensity  1.000000000000000E-006
 ism pressure  5.822995576026895E-019
 ism temperature   3834.16285288672     
 Jet start :-)
 1)the jet radius =    747000000000000.     
 2)the jet radius =    820312500000000.     
 the jet self%myconfig%r_out_init =    820312500000000.     
 jet shape conical             
 jet shape conical             
 jet typeaxial 
 cylindrical                                                                    
                                                     
 the jet Surface =   0.000000000000000E+000
 the jet open_angle =    3.00000000000000     
 the jet open_angle_in =   0.000000000000000E+000
 the jet z0 =   1.565249493915205E+016
 the jet jet_radius_out_init =   1.567397557793927E+016
 jet typeaxial 
 cylindrical                                                                    
                                                     
 the jet Surface =   2.115466860209846E+030
 1)the jet radius =    747000000000000.     
 2)the jet radius =    820312500000000.     
 the jet self%myconfig%r_out_init =    820312500000000.     
 jet shape conical             
 jet shape conical             
 jet typeaxial 
 cylindrical                                                                    
                                                     
 the jet Surface =   0.000000000000000E+000
 the jet open_angle =    3.00000000000000     
 the jet open_angle_in =   0.000000000000000E+000
 the jet z0 =   1.565249493915205E+016
 the jet jet_radius_out_init =   1.567397557793927E+016
 jet typeaxial 
 cylindrical                                                                    
                                                     
 the jet Surface =   2.115466860209846E+030
 -------------------------------------------------------------------------------
 Startup phase took :             1.465 sec
 -------------------------------------------------------------------------------
 Start integrating, print status every  3.00E+01 seconds
        it        time          dt  wc-time(s)
         0   0.000E+00   2.166E-05   3.603E-03
In CGS          0 T=   0.000E+00 dT=   6.499E+03
 -------------------------------------------------------------------------------
 Saving visual data. Coordinate directions and variable names are:
          -1 R               
           0 Z               
           1 rho             rho             
           2 v1              v1              
           3 v2              v2              
           4 v3              v3              
           5 p               p               
           6 tracer_ism      tracer_ism      
           7 tracer_jet      tracer_jet      
           8 Gphi            Gphi            
           9 mup             mup             
          10 theta           theta           
          11 thetazero       thetazero       
          12 L1              L1              
          13 dtcool1         dtcool1         
          14 mach_number     mach_number     
          15 temperature     temperature     
          16 level           level           
          17 number density  number density  
 time =  0.000000000000000E+000
 -------------------------------------------------------------------------------
        12   1.686E-03   2.805E-04   3.108E+01
In CGS         12 T=   5.057E+05 dT=   8.415E+04
        35   1.355E-02   7.711E-04   6.211E+01
In CGS         35 T=   4.064E+06 dT=   2.313E+05
        58   3.638E-02   1.211E-03   9.317E+01
In CGS         58 T=   1.091E+07 dT=   3.634E+05
        81   6.954E-02   1.716E-03   1.242E+02
In CGS         81 T=   2.086E+07 dT=   5.149E+05
       104   1.115E-01   2.149E-03   1.553E+02
In CGS        104 T=   3.345E+07 dT=   6.447E+05
       127   1.656E-01   2.582E-03   1.864E+02
In CGS        127 T=   4.969E+07 dT=   7.747E+05
       150   2.280E-01   3.026E-03   2.175E+02
In CGS        150 T=   6.840E+07 dT=   9.077E+05
       173   3.017E-01   3.398E-03   2.486E+02
In CGS        173 T=   9.050E+07 dT=   1.019E+06
       196   3.808E-01   3.762E-03   2.798E+02
In CGS        196 T=   1.143E+08 dT=   1.129E+06
       219   4.699E-01   4.254E-03   3.110E+02
In CGS        219 T=   1.410E+08 dT=   1.276E+06
       241   5.666E-01   4.599E-03   3.413E+02
In CGS        241 T=   1.700E+08 dT=   1.380E+06
       264   6.753E-01   4.987E-03   3.724E+02
In CGS        264 T=   2.026E+08 dT=   1.496E+06
       287   7.889E-01   5.360E-03   4.035E+02
In CGS        287 T=   2.367E+08 dT=   1.608E+06
       310   9.143E-01   5.702E-03   4.345E+02
In CGS        310 T=   2.743E+08 dT=   1.711E+06
       333   1.047E+00   4.935E-03   4.656E+02
In CGS        333 T=   3.141E+08 dT=   1.481E+06
       356   1.182E+00   6.360E-03   4.967E+02
In CGS        356 T=   3.547E+08 dT=   1.908E+06
       379   1.329E+00   6.714E-03   5.278E+02
In CGS        379 T=   3.986E+08 dT=   2.014E+06
       402   1.480E+00   7.090E-03   5.590E+02
In CGS        402 T=   4.439E+08 dT=   2.127E+06
       425   1.645E+00   7.486E-03   5.901E+02
In CGS        425 T=   4.934E+08 dT=   2.246E+06
       447   1.804E+00   7.839E-03   6.201E+02
In CGS        447 T=   5.412E+08 dT=   2.352E+06
       469   1.975E+00   8.204E-03   6.504E+02
In CGS        469 T=   5.924E+08 dT=   2.461E+06
       491   2.155E+00   8.606E-03   6.811E+02
In CGS        491 T=   6.465E+08 dT=   2.582E+06
       514   2.350E+00   9.009E-03   7.123E+02
In CGS        514 T=   7.050E+08 dT=   2.703E+06
       537   2.552E+00   8.937E-03   7.434E+02
In CGS        537 T=   7.655E+08 dT=   2.681E+06
       560   2.753E+00   8.935E-03   7.745E+02
In CGS        560 T=   8.259E+08 dT=   2.680E+06
       583   2.954E+00   9.029E-03   8.056E+02
In CGS        583 T=   8.863E+08 dT=   2.709E+06
       606   3.156E+00   9.146E-03   8.367E+02
In CGS        606 T=   9.467E+08 dT=   2.744E+06
       629   3.362E+00   4.405E-03   8.679E+02
In CGS        629 T=   1.009E+09 dT=   1.321E+06
       652   3.564E+00   9.187E-03   8.990E+02
In CGS        652 T=   1.069E+09 dT=   2.756E+06
       674   3.756E+00   9.404E-03   9.293E+02
In CGS        674 T=   1.127E+09 dT=   2.821E+06
       697   3.958E+00   9.336E-03   9.607E+02
In CGS        697 T=   1.187E+09 dT=   2.801E+06
       720   4.159E+00   9.351E-03   9.918E+02
In CGS        720 T=   1.248E+09 dT=   2.805E+06
       743   4.360E+00   9.434E-03   1.023E+03
In CGS        743 T=   1.308E+09 dT=   2.830E+06
       766   4.561E+00   9.523E-03   1.054E+03
In CGS        766 T=   1.368E+09 dT=   2.857E+06
       789   4.762E+00   9.623E-03   1.085E+03
In CGS        789 T=   1.429E+09 dT=   2.887E+06
       812   4.983E+00   9.651E-03   1.116E+03
In CGS        812 T=   1.495E+09 dT=   2.895E+06
       835   5.203E+00   9.677E-03   1.148E+03
In CGS        835 T=   1.561E+09 dT=   2.903E+06
       858   5.423E+00   9.690E-03   1.179E+03
In CGS        858 T=   1.627E+09 dT=   2.907E+06
       881   5.643E+00   9.706E-03   1.210E+03
In CGS        881 T=   1.693E+09 dT=   2.912E+06
       903   5.854E+00   9.735E-03   1.240E+03
In CGS        903 T=   1.756E+09 dT=   2.920E+06
       926   6.074E+00   9.789E-03   1.271E+03
In CGS        926 T=   1.822E+09 dT=   2.937E+06
       949   6.294E+00   9.849E-03   1.303E+03
In CGS        949 T=   1.888E+09 dT=   2.955E+06
       972   6.515E+00   6.940E-03   1.334E+03
In CGS        972 T=   1.954E+09 dT=   2.082E+06
       995   6.732E+00   9.896E-03   1.365E+03
In CGS        995 T=   2.020E+09 dT=   2.969E+06
      1018   6.952E+00   9.898E-03   1.396E+03
In CGS       1018 T=   2.086E+09 dT=   2.969E+06
      1041   7.173E+00   9.904E-03   1.427E+03
In CGS       1041 T=   2.152E+09 dT=   2.971E+06
      1064   7.393E+00   9.914E-03   1.458E+03
In CGS       1064 T=   2.218E+09 dT=   2.974E+06
      1087   7.613E+00   9.928E-03   1.490E+03
In CGS       1087 T=   2.284E+09 dT=   2.978E+06
      1110   7.834E+00   9.946E-03   1.521E+03
In CGS       1110 T=   2.350E+09 dT=   2.984E+06
      1132   8.044E+00   9.886E-03   1.551E+03
In CGS       1132 T=   2.413E+09 dT=   2.966E+06
      1155   8.265E+00   9.889E-03   1.582E+03
In CGS       1155 T=   2.479E+09 dT=   2.967E+06
      1178   8.485E+00   9.903E-03   1.613E+03
In CGS       1178 T=   2.545E+09 dT=   2.971E+06
      1201   8.705E+00   9.932E-03   1.644E+03
In CGS       1201 T=   2.612E+09 dT=   2.980E+06
      1224   8.926E+00   9.978E-03   1.676E+03
In CGS       1224 T=   2.678E+09 dT=   2.993E+06
      1247   9.146E+00   5.651E-03   1.707E+03
In CGS       1247 T=   2.744E+09 dT=   1.695E+06
      1270   9.362E+00   1.003E-02   1.738E+03
In CGS       1270 T=   2.809E+09 dT=   3.009E+06
      1293   9.582E+00   1.000E-02   1.769E+03
In CGS       1293 T=   2.875E+09 dT=   3.000E+06
      1316   9.803E+00   9.949E-03   1.800E+03
In CGS       1316 T=   2.941E+09 dT=   2.985E+06
      1338   1.001E+01   1.003E-02   1.831E+03
In CGS       1338 T=   3.004E+09 dT=   3.009E+06
      1360   1.022E+01   9.996E-03   1.861E+03
In CGS       1360 T=   3.067E+09 dT=   2.999E+06
      1383   1.044E+01   1.001E-02   1.892E+03
In CGS       1383 T=   3.133E+09 dT=   3.003E+06
      1392   1.053E+01   9.927E-03   2.165E+03
In CGS       1392 T=   3.159E+09 dT=   2.978E+06
      1412   1.072E+01   5.631E-03   2.195E+03
In CGS       1412 T=   3.217E+09 dT=   1.689E+06
      1435   1.094E+01   9.985E-03   2.226E+03
In CGS       1435 T=   3.282E+09 dT=   2.995E+06
      1458   1.116E+01   9.921E-03   2.257E+03
In CGS       1458 T=   3.348E+09 dT=   2.976E+06
      1481   1.138E+01   9.866E-03   2.288E+03
In CGS       1481 T=   3.414E+09 dT=   2.960E+06
      1504   1.160E+01   9.873E-03   2.320E+03
In CGS       1504 T=   3.480E+09 dT=   2.962E+06
      1527   1.182E+01   9.892E-03   2.351E+03
In CGS       1527 T=   3.546E+09 dT=   2.967E+06
      1550   1.204E+01   9.801E-03   2.382E+03
In CGS       1550 T=   3.612E+09 dT=   2.940E+06
      1573   1.226E+01   9.797E-03   2.413E+03
In CGS       1573 T=   3.678E+09 dT=   2.939E+06
      1595   1.247E+01   9.756E-03   2.444E+03
In CGS       1595 T=   3.741E+09 dT=   2.927E+06
      1618   1.269E+01   9.800E-03   2.475E+03
In CGS       1618 T=   3.807E+09 dT=   2.940E+06
      1641   1.291E+01   9.705E-03   2.506E+03
In CGS       1641 T=   3.873E+09 dT=   2.912E+06
      1664   1.313E+01   9.750E-03   2.537E+03
In CGS       1664 T=   3.939E+09 dT=   2.925E+06
      1687   1.335E+01   8.136E-03   2.568E+03
In CGS       1687 T=   4.005E+09 dT=   2.441E+06
      1710   1.357E+01   9.644E-03   2.600E+03
In CGS       1710 T=   4.071E+09 dT=   2.893E+06
      1733   1.379E+01   9.700E-03   2.631E+03
In CGS       1733 T=   4.137E+09 dT=   2.910E+06
      1756   1.401E+01   9.599E-03   2.662E+03
In CGS       1756 T=   4.203E+09 dT=   2.880E+06
      1779   1.423E+01   9.700E-03   2.693E+03
In CGS       1779 T=   4.269E+09 dT=   2.910E+06
      1801   1.444E+01   9.658E-03   2.723E+03
In CGS       1801 T=   4.332E+09 dT=   2.897E+06
      1823   1.465E+01   9.606E-03   2.754E+03
In CGS       1823 T=   4.395E+09 dT=   2.882E+06
      1846   1.487E+01   9.531E-03   2.785E+03
In CGS       1846 T=   4.461E+09 dT=   2.859E+06
      1869   1.508E+01   9.535E-03   2.816E+03
In CGS       1869 T=   4.524E+09 dT=   2.861E+06
      1892   1.528E+01   9.512E-03   2.847E+03
In CGS       1892 T=   4.584E+09 dT=   2.854E+06
      1915   1.548E+01   9.553E-03   2.878E+03
In CGS       1915 T=   4.645E+09 dT=   2.866E+06
      1938   1.568E+01   9.527E-03   2.909E+03
In CGS       1938 T=   4.705E+09 dT=   2.858E+06
mpiexec: Forwarding signal 18 to job
slurmstepd-tycho67: error: *** JOB 3060389 ON tycho67 CANCELLED AT 2022-03-23T16:03:47 ***
