3216513
tycho63
/scratch/mrabenanahary/run.3216513.Lee2001_s_30yrs_1e4yrs/amrvac/mysimus/HD/HH_YSO_Jet
srun: error: tycho63: task 0: Exited with exit code 1
/bin/cp: cannot stat 'Output/Lee2001_s_30yrs_1e4yrs/Jet_CC_0102.dat': No such file or directory
more: stat of Parfiles/Article/uniform/Lee2001_s_30yrs_1e4yrs/Lee2001_s_30yrs_1e4yrs.par failed: No such file or directory
 ---------------------------------------------------------------------------
 ---------------------------------------------------------------------------
 |         __  __ ____ ___        _    __  __ ______     ___    ____       |
 |        |  \/  |  _ \_ _|      / \  |  \/  |  _ \ \   / / \  / ___|      |
 |        | |\/| | |_) | |_____ / _ \ | |\/| | |_) \ \ / / _ \| |          |
 |        | |  | |  __/| |_____/ ___ \| |  | |  _ < \ V / ___ \ |___       |
 |        |_|  |_|_|  |___|   /_/   \_\_|  |_|_| \_\ \_/_/   \_\____|      |
 --------------------------------------------------------------------------
 ---------------------------------------------------------------------------
forrtl: No such file or directory
forrtl: No such file or directory
forrtl: No such file or directory
forrtl: No such file or directory
forrtl: No such file or directory
forrtl: No such file or directory
forrtl: No such file or directory
forrtl: No such file or directory
forrtl: No such file or directory
forrtl: No such file or directory
forrtl: No such file or directory
forrtl: No such file or directory
forrtl: No such file or directory
forrtl: No such file or directory
forrtl: No such file or directory
forrtl: No such file or directory
forrtl: No such file or directory
forrtl: No such file or directory
forrtl: No such file or directory
forrtl: No such file or directory
forrtl: No such file or directory
forrtl: No such file or directory
forrtl: No such file or directory
forrtl: No such file or directory
forrtl: No such file or directory
forrtl: No such file or directory
forrtl: No such file or directory
forrtl: No such file or directory
forrtl: No such file or directory
forrtl: No such file or directory
forrtl: No such file or directory
forrtl: No such file or directory
forrtl: No such file or directory
forrtl: No such file or directory
forrtl: No such file or directory
forrtl: No such file or directory
forrtl: No such file or directory
forrtl: No such file or directory
forrtl: No such file or directory
 Reading usr_list
forrtl: No such file or directory
forrtl: No such file or directory
forrtl: No such file or directory
forrtl: No such file or directory
forrtl: No such file or directory
forrtl: No such file or directory
forrtl: No such file or directory
forrtl: No such file or directory
forrtl: No such file or directory
forrtl: severe (29): file not found, unit 9, file /scratch/mrabenanahary/run.3216513.Lee2001_s_30yrs_1e4yrs/amrvac/mysimus/HD/HH_YSO_Jet/Parfiles/Article/uniform/Lee2001_s_30yrs_1e4yrs/Lee2001_s_30yrs_1e4yrs.par
Image              PC                Routine            Line        Source             
amrvac             0000000000CA3F32  for__io_return        Unknown  Unknown
amrvac             0000000000CB986F  for_open              Unknown  Unknown
amrvac             000000000060AE88  Unknown               Unknown  Unknown
amrvac             000000000062A8D3  Unknown               Unknown  Unknown
amrvac             0000000000411AF9  Unknown               Unknown  Unknown
amrvac             000000000040F44E  Unknown               Unknown  Unknown
libc-2.24.so       00007EFFAED5A2E1  __libc_start_main     Unknown  Unknown
amrvac             000000000040F36A  Unknown               Unknown  Unknown
forrtl: severe (29): file not found, unit 9, file /scratch/mrabenanahary/run.3216513.Lee2001_s_30yrs_1e4yrs/amrvac/mysimus/HD/HH_YSO_Jet/Parfiles/Article/uniform/Lee2001_s_30yrs_1e4yrs/Lee2001_s_30yrs_1e4yrs.par
Image              PC                Routine            Line        Source             
amrvac             0000000000CA3F32  for__io_return        Unknown  Unknown
amrvac             0000000000CB986F  for_open              Unknown  Unknown
amrvac             000000000060AE88  Unknown               Unknown  Unknown
amrvac             000000000062A8D3  Unknown               Unknown  Unknown
amrvac             0000000000411AF9  Unknown               Unknown  Unknown
amrvac             000000000040F44E  Unknown               Unknown  Unknown
libc-2.24.so       00007FF3E4FF82E1  __libc_start_main     Unknown  Unknown
amrvac             000000000040F36A  Unknown               Unknown  Unknown
forrtl: severe (29): file not found, unit 9, file /scratch/mrabenanahary/run.3216513.Lee2001_s_30yrs_1e4yrs/amrvac/mysimus/HD/HH_YSO_Jet/Parfiles/Article/uniform/Lee2001_s_30yrs_1e4yrs/Lee2001_s_30yrs_1e4yrs.par
Image              PC                Routine            Line        Source             
amrvac             0000000000CA3F32  for__io_return        Unknown  Unknown
amrvac             0000000000CB986F  for_open              Unknown  Unknown
amrvac             000000000060AE88  Unknown               Unknown  Unknown
amrvac             000000000062A8D3  Unknown               Unknown  Unknown
amrvac             0000000000411AF9  Unknown               Unknown  Unknown
amrvac             000000000040F44E  Unknown               Unknown  Unknown
libc-2.24.so       00007FA9E46582E1  __libc_start_main     Unknown  Unknown
amrvac             000000000040F36A  Unknown               Unknown  Unknown
forrtl: severe (29): file not found, unit 9, file /scratch/mrabenanahary/run.3216513.Lee2001_s_30yrs_1e4yrs/amrvac/mysimus/HD/HH_YSO_Jet/Parfiles/Article/uniform/Lee2001_s_30yrs_1e4yrs/Lee2001_s_30yrs_1e4yrs.par
Image              PC                Routine            Line        Source             
amrvac             0000000000CA3F32  for__io_return        Unknown  Unknown
amrvac             0000000000CB986F  for_open              Unknown  Unknown
amrvac             000000000060AE88  Unknown               Unknown  Unknown
amrvac             000000000062A8D3  Unknown               Unknown  Unknown
amrvac             0000000000411AF9  Unknown               Unknown  Unknown
amrvac             000000000040F44E  Unknown               Unknown  Unknown
libc-2.24.so       00007F565D5442E1  __libc_start_main     Unknown  Unknown
amrvac             000000000040F36A  Unknown               Unknown  Unknown
forrtl: severe (29): file not found, unit 9, file /scratch/mrabenanahary/run.3216513.Lee2001_s_30yrs_1e4yrs/amrvac/mysimus/HD/HH_YSO_Jet/Parfiles/Article/uniform/Lee2001_s_30yrs_1e4yrs/Lee2001_s_30yrs_1e4yrs.par
Image              PC                Routine            Line        Source             
amrvac             0000000000CA3F32  for__io_return        Unknown  Unknown
amrvac             0000000000CB986F  for_open              Unknown  Unknown
amrvac             000000000060AE88  Unknown               Unknown  Unknown
amrvac             000000000062A8D3  Unknown               Unknown  Unknown
amrvac             0000000000411AF9  Unknown               Unknown  Unknown
amrvac             000000000040F44E  Unknown               Unknown  Unknown
libc-2.24.so       00007EFE175102E1  __libc_start_main     Unknown  Unknown
amrvac             000000000040F36A  Unknown               Unknown  Unknown
forrtl: severe (29): file not found, unit 9, file /scratch/mrabenanahary/run.3216513.Lee2001_s_30yrs_1e4yrs/amrvac/mysimus/HD/HH_YSO_Jet/Parfiles/Article/uniform/Lee2001_s_30yrs_1e4yrs/Lee2001_s_30yrs_1e4yrs.par
Image              PC                Routine            Line        Source             
amrvac             0000000000CA3F32  for__io_return        Unknown  Unknown
amrvac             0000000000CB986F  for_open              Unknown  Unknown
amrvac             000000000060AE88  Unknown               Unknown  Unknown
amrvac             000000000062A8D3  Unknown               Unknown  Unknown
amrvac             0000000000411AF9  Unknown               Unknown  Unknown
amrvac             000000000040F44E  Unknown               Unknown  Unknown
libc-2.24.so       00007F5F285122E1  __libc_start_main     Unknown  Unknown
amrvac             000000000040F36A  Unknown               Unknown  Unknown
forrtl: severe (29): file not found, unit 9, file /scratch/mrabenanahary/run.3216513.Lee2001_s_30yrs_1e4yrs/amrvac/mysimus/HD/HH_YSO_Jet/Parfiles/Article/uniform/Lee2001_s_30yrs_1e4yrs/Lee2001_s_30yrs_1e4yrs.par
Image              PC                Routine            Line        Source             
amrvac             0000000000CA3F32  for__io_return        Unknown  Unknown
amrvac             0000000000CB986F  for_open              Unknown  Unknown
amrvac             000000000060AE88  Unknown               Unknown  Unknown
amrvac             000000000062A8D3  Unknown               Unknown  Unknown
amrvac             0000000000411AF9  Unknown               Unknown  Unknown
amrvac             000000000040F44E  Unknown               Unknown  Unknown
libc-2.24.so       00007F3D57B0C2E1  __libc_start_main     Unknown  Unknown
amrvac             000000000040F36A  Unknown               Unknown  Unknown
forrtl: severe (29): file not found, unit 9, file /scratch/mrabenanahary/run.3216513.Lee2001_s_30yrs_1e4yrs/amrvac/mysimus/HD/HH_YSO_Jet/Parfiles/Article/uniform/Lee2001_s_30yrs_1e4yrs/Lee2001_s_30yrs_1e4yrs.par
Image              PC                Routine            Line        Source             
amrvac             0000000000CA3F32  for__io_return        Unknown  Unknown
amrvac             0000000000CB986F  for_open              Unknown  Unknown
amrvac             000000000060AE88  Unknown               Unknown  Unknown
amrvac             000000000062A8D3  Unknown               Unknown  Unknown
amrvac             0000000000411AF9  Unknown               Unknown  Unknown
amrvac             000000000040F44E  Unknown               Unknown  Unknown
libc-2.24.so       00007FA81B26A2E1  __libc_start_main     Unknown  Unknown
amrvac             000000000040F36A  Unknown               Unknown  Unknown
forrtl: severe (29): file not found, unit 9, file /scratch/mrabenanahary/run.3216513.Lee2001_s_30yrs_1e4yrs/amrvac/mysimus/HD/HH_YSO_Jet/Parfiles/Article/uniform/Lee2001_s_30yrs_1e4yrs/Lee2001_s_30yrs_1e4yrs.par
Image              PC                Routine            Line        Source             
amrvac             0000000000CA3F32  for__io_return        Unknown  Unknown
amrvac             0000000000CB986F  for_open              Unknown  Unknown
amrvac             000000000060AE88  Unknown               Unknown  Unknown
amrvac             000000000062A8D3  Unknown               Unknown  Unknown
amrvac             0000000000411AF9  Unknown               Unknown  Unknown
amrvac             000000000040F44E  Unknown               Unknown  Unknown
libc-2.24.so       00007F2ADFACB2E1  __libc_start_main     Unknown  Unknown
amrvac             000000000040F36A  Unknown               Unknown  Unknown
forrtl: severe (29): file not found, unit 9, file /scratch/mrabenanahary/run.3216513.Lee2001_s_30yrs_1e4yrs/amrvac/mysimus/HD/HH_YSO_Jet/Parfiles/Article/uniform/Lee2001_s_30yrs_1e4yrs/Lee2001_s_30yrs_1e4yrs.par
Image              PC                Routine            Line        Source             
amrvac             0000000000CA3F32  for__io_return        Unknown  Unknown
amrvac             0000000000CB986F  for_open              Unknown  Unknown
amrvac             000000000060AE88  Unknown               Unknown  Unknown
amrvac             000000000062A8D3  Unknown               Unknown  Unknown
amrvac             0000000000411AF9  Unknown               Unknown  Unknown
amrvac             000000000040F44E  Unknown               Unknown  Unknown
libc-2.24.so       00007F3569ACD2E1  __libc_start_main     Unknown  Unknown
amrvac             000000000040F36A  Unknown               Unknown  Unknown
forrtl: severe (29): file not found, unit 9, file /scratch/mrabenanahary/run.3216513.Lee2001_s_30yrs_1e4yrs/amrvac/mysimus/HD/HH_YSO_Jet/Parfiles/Article/uniform/Lee2001_s_30yrs_1e4yrs/Lee2001_s_30yrs_1e4yrs.par
Image              PC                Routine            Line        Source             
amrvac             0000000000CA3F32  for__io_return        Unknown  Unknown
amrvac             0000000000CB986F  for_open              Unknown  Unknown
amrvac             000000000060AE88  Unknown               Unknown  Unknown
amrvac             000000000062A8D3  Unknown               Unknown  Unknown
amrvac             0000000000411AF9  Unknown               Unknown  Unknown
amrvac             000000000040F44E  Unknown               Unknown  Unknown
libc-2.24.so       00007F3806D102E1  __libc_start_main     Unknown  Unknown
amrvac             000000000040F36A  Unknown               Unknown  Unknown
forrtl: severe (29): file not found, unit 9, file /scratch/mrabenanahary/run.3216513.Lee2001_s_30yrs_1e4yrs/amrvac/mysimus/HD/HH_YSO_Jet/Parfiles/Article/uniform/Lee2001_s_30yrs_1e4yrs/Lee2001_s_30yrs_1e4yrs.par
Image              PC                Routine            Line        Source             
amrvac             0000000000CA3F32  for__io_return        Unknown  Unknown
amrvac             0000000000CB986F  for_open              Unknown  Unknown
amrvac             000000000060AE88  Unknown               Unknown  Unknown
amrvac             000000000062A8D3  Unknown               Unknown  Unknown
amrvac             0000000000411AF9  Unknown               Unknown  Unknown
amrvac             000000000040F44E  Unknown               Unknown  Unknown
libc-2.24.so       00007F98C09662E1  __libc_start_main     Unknown  Unknown
amrvac             000000000040F36A  Unknown               Unknown  Unknown
forrtl: severe (29): file not found, unit 9, file /scratch/mrabenanahary/run.3216513.Lee2001_s_30yrs_1e4yrs/amrvac/mysimus/HD/HH_YSO_Jet/Parfiles/Article/uniform/Lee2001_s_30yrs_1e4yrs/Lee2001_s_30yrs_1e4yrs.par
Image              PC                Routine            Line        Source             
amrvac             0000000000CA3F32  for__io_return        Unknown  Unknown
amrvac             0000000000CB986F  for_open              Unknown  Unknown
amrvac             000000000060AE88  Unknown               Unknown  Unknown
amrvac             000000000062A8D3  Unknown               Unknown  Unknown
amrvac             0000000000411AF9  Unknown               Unknown  Unknown
amrvac             000000000040F44E  Unknown               Unknown  Unknown
libc-2.24.so       00007FEF1F7EF2E1  __libc_start_main     Unknown  Unknown
amrvac             000000000040F36A  Unknown               Unknown  Unknown
forrtl: severe (29): file not found, unit 9, file /scratch/mrabenanahary/run.3216513.Lee2001_s_30yrs_1e4yrs/amrvac/mysimus/HD/HH_YSO_Jet/Parfiles/Article/uniform/Lee2001_s_30yrs_1e4yrs/Lee2001_s_30yrs_1e4yrs.par
Image              PC                Routine            Line        Source             
amrvac             0000000000CA3F32  for__io_return        Unknown  Unknown
amrvac             0000000000CB986F  for_open              Unknown  Unknown
amrvac             000000000060AE88  Unknown               Unknown  Unknown
amrvac             000000000062A8D3  Unknown               Unknown  Unknown
amrvac             0000000000411AF9  Unknown               Unknown  Unknown
amrvac             000000000040F44E  Unknown               Unknown  Unknown
libc-2.24.so       00007F0556DFD2E1  __libc_start_main     Unknown  Unknown
amrvac             000000000040F36A  Unknown               Unknown  Unknown
forrtl: severe (29): file not found, unit 9, file /scratch/mrabenanahary/run.3216513.Lee2001_s_30yrs_1e4yrs/amrvac/mysimus/HD/HH_YSO_Jet/Parfiles/Article/uniform/Lee2001_s_30yrs_1e4yrs/Lee2001_s_30yrs_1e4yrs.par
Image              PC                Routine            Line        Source             
amrvac             0000000000CA3F32  for__io_return        Unknown  Unknown
amrvac             0000000000CB986F  for_open              Unknown  Unknown
amrvac             000000000060AE88  Unknown               Unknown  Unknown
amrvac             000000000062A8D3  Unknown               Unknown  Unknown
amrvac             0000000000411AF9  Unknown               Unknown  Unknown
amrvac             000000000040F44E  Unknown               Unknown  Unknown
libc-2.24.so       00007F98596832E1  __libc_start_main     Unknown  Unknown
amrvac             000000000040F36A  Unknown               Unknown  Unknown
forrtl: severe (29): file not found, unit 9, file /scratch/mrabenanahary/run.3216513.Lee2001_s_30yrs_1e4yrs/amrvac/mysimus/HD/HH_YSO_Jet/Parfiles/Article/uniform/Lee2001_s_30yrs_1e4yrs/Lee2001_s_30yrs_1e4yrs.par
Image              PC                Routine            Line        Source             
amrvac             0000000000CA3F32  for__io_return        Unknown  Unknown
amrvac             0000000000CB986F  for_open              Unknown  Unknown
amrvac             000000000060AE88  Unknown               Unknown  Unknown
amrvac             000000000062A8D3  Unknown               Unknown  Unknown
amrvac             0000000000411AF9  Unknown               Unknown  Unknown
amrvac             000000000040F44E  Unknown               Unknown  Unknown
libc-2.24.so       00007F4724F3B2E1  __libc_start_main     Unknown  Unknown
amrvac             000000000040F36A  Unknown               Unknown  Unknown
forrtl: severe (29): file not found, unit 9, file /scratch/mrabenanahary/run.3216513.Lee2001_s_30yrs_1e4yrs/amrvac/mysimus/HD/HH_YSO_Jet/Parfiles/Article/uniform/Lee2001_s_30yrs_1e4yrs/Lee2001_s_30yrs_1e4yrs.par
Image              PC                Routine            Line        Source             
amrvac             0000000000CA3F32  for__io_return        Unknown  Unknown
amrvac             0000000000CB986F  for_open              Unknown  Unknown
amrvac             000000000060AE88  Unknown               Unknown  Unknown
amrvac             000000000062A8D3  Unknown               Unknown  Unknown
amrvac             0000000000411AF9  Unknown               Unknown  Unknown
amrvac             000000000040F44E  Unknown               Unknown  Unknown
libc-2.24.so       00007F8C25D9A2E1  __libc_start_main     Unknown  Unknown
amrvac             000000000040F36A  Unknown               Unknown  Unknown
forrtl: severe (29): file not found, unit 9, file /scratch/mrabenanahary/run.3216513.Lee2001_s_30yrs_1e4yrs/amrvac/mysimus/HD/HH_YSO_Jet/Parfiles/Article/uniform/Lee2001_s_30yrs_1e4yrs/Lee2001_s_30yrs_1e4yrs.par
Image              PC                Routine            Line        Source             
amrvac             0000000000CA3F32  for__io_return        Unknown  Unknown
amrvac             0000000000CB986F  for_open              Unknown  Unknown
amrvac             000000000060AE88  Unknown               Unknown  Unknown
amrvac             000000000062A8D3  Unknown               Unknown  Unknown
amrvac             0000000000411AF9  Unknown               Unknown  Unknown
amrvac             000000000040F44E  Unknown               Unknown  Unknown
libc-2.24.so       00007F138E7C82E1  __libc_start_main     Unknown  Unknown
amrvac             000000000040F36A  Unknown               Unknown  Unknown
forrtl: severe (29): file not found, unit 9, file /scratch/mrabenanahary/run.3216513.Lee2001_s_30yrs_1e4yrs/amrvac/mysimus/HD/HH_YSO_Jet/Parfiles/Article/uniform/Lee2001_s_30yrs_1e4yrs/Lee2001_s_30yrs_1e4yrs.par
Image              PC                Routine            Line        Source             
amrvac             0000000000CA3F32  for__io_return        Unknown  Unknown
amrvac             0000000000CB986F  for_open              Unknown  Unknown
amrvac             000000000060AE88  Unknown               Unknown  Unknown
amrvac             000000000062A8D3  Unknown               Unknown  Unknown
amrvac             0000000000411AF9  Unknown               Unknown  Unknown
amrvac             000000000040F44E  Unknown               Unknown  Unknown
libc-2.24.so       00007F2E359FD2E1  __libc_start_main     Unknown  Unknown
amrvac             000000000040F36A  Unknown               Unknown  Unknown
forrtl: severe (29): file not found, unit 9, file /scratch/mrabenanahary/run.3216513.Lee2001_s_30yrs_1e4yrs/amrvac/mysimus/HD/HH_YSO_Jet/Parfiles/Article/uniform/Lee2001_s_30yrs_1e4yrs/Lee2001_s_30yrs_1e4yrs.par
Image              PC                Routine            Line        Source             
amrvac             0000000000CA3F32  for__io_return        Unknown  Unknown
amrvac             0000000000CB986F  for_open              Unknown  Unknown
amrvac             000000000060AE88  Unknown               Unknown  Unknown
amrvac             000000000062A8D3  Unknown               Unknown  Unknown
amrvac             0000000000411AF9  Unknown               Unknown  Unknown
amrvac             000000000040F44E  Unknown               Unknown  Unknown
libc-2.24.so       00007F243E1392E1  __libc_start_main     Unknown  Unknown
amrvac             000000000040F36A  Unknown               Unknown  Unknown
forrtl: severe (29): file not found, unit 9, file /scratch/mrabenanahary/run.3216513.Lee2001_s_30yrs_1e4yrs/amrvac/mysimus/HD/HH_YSO_Jet/Parfiles/Article/uniform/Lee2001_s_30yrs_1e4yrs/Lee2001_s_30yrs_1e4yrs.par
Image              PC                Routine            Line        Source             
amrvac             0000000000CA3F32  for__io_return        Unknown  Unknown
amrvac             0000000000CB986F  for_open              Unknown  Unknown
amrvac             000000000060AE88  Unknown               Unknown  Unknown
amrvac             000000000062A8D3  Unknown               Unknown  Unknown
amrvac             0000000000411AF9  Unknown               Unknown  Unknown
amrvac             000000000040F44E  Unknown               Unknown  Unknown
libc-2.24.so       00007FF2A1AD22E1  __libc_start_main     Unknown  Unknown
amrvac             000000000040F36A  Unknown               Unknown  Unknown
forrtl: severe (29): file not found, unit 9, file /scratch/mrabenanahary/run.3216513.Lee2001_s_30yrs_1e4yrs/amrvac/mysimus/HD/HH_YSO_Jet/Parfiles/Article/uniform/Lee2001_s_30yrs_1e4yrs/Lee2001_s_30yrs_1e4yrs.par
Image              PC                Routine            Line        Source             
amrvac             0000000000CA3F32  for__io_return        Unknown  Unknown
amrvac             0000000000CB986F  for_open              Unknown  Unknown
amrvac             000000000060AE88  Unknown               Unknown  Unknown
amrvac             000000000062A8D3  Unknown               Unknown  Unknown
amrvac             0000000000411AF9  Unknown               Unknown  Unknown
amrvac             000000000040F44E  Unknown               Unknown  Unknown
libc-2.24.so       00007FCAB21742E1  __libc_start_main     Unknown  Unknown
amrvac             000000000040F36A  Unknown               Unknown  Unknown
forrtl: severe (29): file not found, unit 9, file /scratch/mrabenanahary/run.3216513.Lee2001_s_30yrs_1e4yrs/amrvac/mysimus/HD/HH_YSO_Jet/Parfiles/Article/uniform/Lee2001_s_30yrs_1e4yrs/Lee2001_s_30yrs_1e4yrs.par
Image              PC                Routine            Line        Source             
amrvac             0000000000CA3F32  for__io_return        Unknown  Unknown
amrvac             0000000000CB986F  for_open              Unknown  Unknown
amrvac             000000000060AE88  Unknown               Unknown  Unknown
amrvac             000000000062A8D3  Unknown               Unknown  Unknown
amrvac             0000000000411AF9  Unknown               Unknown  Unknown
amrvac             000000000040F44E  Unknown               Unknown  Unknown
libc-2.24.so       00007FAF27AC02E1  __libc_start_main     Unknown  Unknown
amrvac             000000000040F36A  Unknown               Unknown  Unknown
forrtl: severe (29): file not found, unit 9, file /scratch/mrabenanahary/run.3216513.Lee2001_s_30yrs_1e4yrs/amrvac/mysimus/HD/HH_YSO_Jet/Parfiles/Article/uniform/Lee2001_s_30yrs_1e4yrs/Lee2001_s_30yrs_1e4yrs.par
Image              PC                Routine            Line        Source             
amrvac             0000000000CA3F32  for__io_return        Unknown  Unknown
amrvac             0000000000CB986F  for_open              Unknown  Unknown
amrvac             000000000060AE88  Unknown               Unknown  Unknown
amrvac             000000000062A8D3  Unknown               Unknown  Unknown
amrvac             0000000000411AF9  Unknown               Unknown  Unknown
amrvac             000000000040F44E  Unknown               Unknown  Unknown
libc-2.24.so       00007F38A3A9A2E1  __libc_start_main     Unknown  Unknown
amrvac             000000000040F36A  Unknown               Unknown  Unknown
forrtl: severe (29): file not found, unit 9, file /scratch/mrabenanahary/run.3216513.Lee2001_s_30yrs_1e4yrs/amrvac/mysimus/HD/HH_YSO_Jet/Parfiles/Article/uniform/Lee2001_s_30yrs_1e4yrs/Lee2001_s_30yrs_1e4yrs.par
Image              PC                Routine            Line        Source             
amrvac             0000000000CA3F32  for__io_return        Unknown  Unknown
amrvac             0000000000CB986F  for_open              Unknown  Unknown
amrvac             000000000060AE88  Unknown               Unknown  Unknown
amrvac             000000000062A8D3  Unknown               Unknown  Unknown
amrvac             0000000000411AF9  Unknown               Unknown  Unknown
amrvac             000000000040F44E  Unknown               Unknown  Unknown
libc-2.24.so       00007F345D1262E1  __libc_start_main     Unknown  Unknown
amrvac             000000000040F36A  Unknown               Unknown  Unknown
forrtl: severe (29): file not found, unit 9, file /scratch/mrabenanahary/run.3216513.Lee2001_s_30yrs_1e4yrs/amrvac/mysimus/HD/HH_YSO_Jet/Parfiles/Article/uniform/Lee2001_s_30yrs_1e4yrs/Lee2001_s_30yrs_1e4yrs.par
Image              PC                Routine            Line        Source             
amrvac             0000000000CA3F32  for__io_return        Unknown  Unknown
amrvac             0000000000CB986F  for_open              Unknown  Unknown
amrvac             000000000060AE88  Unknown               Unknown  Unknown
amrvac             000000000062A8D3  Unknown               Unknown  Unknown
amrvac             0000000000411AF9  Unknown               Unknown  Unknown
amrvac             000000000040F44E  Unknown               Unknown  Unknown
libc-2.24.so       00007FD6FDBDE2E1  __libc_start_main     Unknown  Unknown
amrvac             000000000040F36A  Unknown               Unknown  Unknown
forrtl: severe (29): file not found, unit 9, file /scratch/mrabenanahary/run.3216513.Lee2001_s_30yrs_1e4yrs/amrvac/mysimus/HD/HH_YSO_Jet/Parfiles/Article/uniform/Lee2001_s_30yrs_1e4yrs/Lee2001_s_30yrs_1e4yrs.par
Image              PC                Routine            Line        Source             
amrvac             0000000000CA3F32  for__io_return        Unknown  Unknown
amrvac             0000000000CB986F  for_open              Unknown  Unknown
amrvac             000000000060AE88  Unknown               Unknown  Unknown
amrvac             000000000062A8D3  Unknown               Unknown  Unknown
amrvac             0000000000411AF9  Unknown               Unknown  Unknown
amrvac             000000000040F44E  Unknown               Unknown  Unknown
libc-2.24.so       00007EFE33FFD2E1  __libc_start_main     Unknown  Unknown
amrvac             000000000040F36A  Unknown               Unknown  Unknown
forrtl: severe (29): file not found, unit 9, file /scratch/mrabenanahary/run.3216513.Lee2001_s_30yrs_1e4yrs/amrvac/mysimus/HD/HH_YSO_Jet/Parfiles/Article/uniform/Lee2001_s_30yrs_1e4yrs/Lee2001_s_30yrs_1e4yrs.par
Image              PC                Routine            Line        Source             
amrvac             0000000000CA3F32  for__io_return        Unknown  Unknown
amrvac             0000000000CB986F  for_open              Unknown  Unknown
amrvac             000000000060AE88  Unknown               Unknown  Unknown
amrvac             000000000062A8D3  Unknown               Unknown  Unknown
amrvac             0000000000411AF9  Unknown               Unknown  Unknown
amrvac             000000000040F44E  Unknown               Unknown  Unknown
libc-2.24.so       00007F13DB9B52E1  __libc_start_main     Unknown  Unknown
amrvac             000000000040F36A  Unknown               Unknown  Unknown
forrtl: severe (29): file not found, unit 9, file /scratch/mrabenanahary/run.3216513.Lee2001_s_30yrs_1e4yrs/amrvac/mysimus/HD/HH_YSO_Jet/Parfiles/Article/uniform/Lee2001_s_30yrs_1e4yrs/Lee2001_s_30yrs_1e4yrs.par
Image              PC                Routine            Line        Source             
amrvac             0000000000CA3F32  for__io_return        Unknown  Unknown
amrvac             0000000000CB986F  for_open              Unknown  Unknown
amrvac             000000000060AE88  Unknown               Unknown  Unknown
amrvac             000000000062A8D3  Unknown               Unknown  Unknown
amrvac             0000000000411AF9  Unknown               Unknown  Unknown
amrvac             000000000040F44E  Unknown               Unknown  Unknown
libc-2.24.so       00007F6F045112E1  __libc_start_main     Unknown  Unknown
amrvac             000000000040F36A  Unknown               Unknown  Unknown
forrtl: severe (29): file not found, unit 9, file /scratch/mrabenanahary/run.3216513.Lee2001_s_30yrs_1e4yrs/amrvac/mysimus/HD/HH_YSO_Jet/Parfiles/Article/uniform/Lee2001_s_30yrs_1e4yrs/Lee2001_s_30yrs_1e4yrs.par
Image              PC                Routine            Line        Source             
amrvac             0000000000CA3F32  for__io_return        Unknown  Unknown
amrvac             0000000000CB986F  for_open              Unknown  Unknown
amrvac             000000000060AE88  Unknown               Unknown  Unknown
amrvac             000000000062A8D3  Unknown               Unknown  Unknown
amrvac             0000000000411AF9  Unknown               Unknown  Unknown
amrvac             000000000040F44E  Unknown               Unknown  Unknown
libc-2.24.so       00007F1B23CD62E1  __libc_start_main     Unknown  Unknown
amrvac             000000000040F36A  Unknown               Unknown  Unknown
forrtl: severe (29): file not found, unit 9, file /scratch/mrabenanahary/run.3216513.Lee2001_s_30yrs_1e4yrs/amrvac/mysimus/HD/HH_YSO_Jet/Parfiles/Article/uniform/Lee2001_s_30yrs_1e4yrs/Lee2001_s_30yrs_1e4yrs.par
Image              PC                Routine            Line        Source             
amrvac             0000000000CA3F32  for__io_return        Unknown  Unknown
amrvac             0000000000CB986F  for_open              Unknown  Unknown
amrvac             000000000060AE88  Unknown               Unknown  Unknown
amrvac             000000000062A8D3  Unknown               Unknown  Unknown
amrvac             0000000000411AF9  Unknown               Unknown  Unknown
amrvac             000000000040F44E  Unknown               Unknown  Unknown
libc-2.24.so       00007F9F228A62E1  __libc_start_main     Unknown  Unknown
amrvac             000000000040F36A  Unknown               Unknown  Unknown
forrtl: severe (29): file not found, unit 9, file /scratch/mrabenanahary/run.3216513.Lee2001_s_30yrs_1e4yrs/amrvac/mysimus/HD/HH_YSO_Jet/Parfiles/Article/uniform/Lee2001_s_30yrs_1e4yrs/Lee2001_s_30yrs_1e4yrs.par
Image              PC                Routine            Line        Source             
amrvac             0000000000CA3F32  for__io_return        Unknown  Unknown
amrvac             0000000000CB986F  for_open              Unknown  Unknown
amrvac             000000000060AE88  Unknown               Unknown  Unknown
amrvac             000000000062A8D3  Unknown               Unknown  Unknown
amrvac             0000000000411AF9  Unknown               Unknown  Unknown
amrvac             000000000040F44E  Unknown               Unknown  Unknown
libc-2.24.so       00007FB41B3A02E1  __libc_start_main     Unknown  Unknown
amrvac             000000000040F36A  Unknown               Unknown  Unknown
forrtl: severe (29): file not found, unit 9, file /scratch/mrabenanahary/run.3216513.Lee2001_s_30yrs_1e4yrs/amrvac/mysimus/HD/HH_YSO_Jet/Parfiles/Article/uniform/Lee2001_s_30yrs_1e4yrs/Lee2001_s_30yrs_1e4yrs.par
Image              PC                Routine            Line        Source             
amrvac             0000000000CA3F32  for__io_return        Unknown  Unknown
amrvac             0000000000CB986F  for_open              Unknown  Unknown
amrvac             000000000060AE88  Unknown               Unknown  Unknown
amrvac             000000000062A8D3  Unknown               Unknown  Unknown
amrvac             0000000000411AF9  Unknown               Unknown  Unknown
amrvac             000000000040F44E  Unknown               Unknown  Unknown
libc-2.24.so       00007F9C892EA2E1  __libc_start_main     Unknown  Unknown
amrvac             000000000040F36A  Unknown               Unknown  Unknown
forrtl: severe (29): file not found, unit 9, file /scratch/mrabenanahary/run.3216513.Lee2001_s_30yrs_1e4yrs/amrvac/mysimus/HD/HH_YSO_Jet/Parfiles/Article/uniform/Lee2001_s_30yrs_1e4yrs/Lee2001_s_30yrs_1e4yrs.par
Image              PC                Routine            Line        Source             
amrvac             0000000000CA3F32  for__io_return        Unknown  Unknown
amrvac             0000000000CB986F  for_open              Unknown  Unknown
amrvac             000000000060AE88  Unknown               Unknown  Unknown
amrvac             000000000062A8D3  Unknown               Unknown  Unknown
amrvac             0000000000411AF9  Unknown               Unknown  Unknown
amrvac             000000000040F44E  Unknown               Unknown  Unknown
libc-2.24.so       00007FC2DCB582E1  __libc_start_main     Unknown  Unknown
amrvac             000000000040F36A  Unknown               Unknown  Unknown
forrtl: severe (29): file not found, unit 9, file /scratch/mrabenanahary/run.3216513.Lee2001_s_30yrs_1e4yrs/amrvac/mysimus/HD/HH_YSO_Jet/Parfiles/Article/uniform/Lee2001_s_30yrs_1e4yrs/Lee2001_s_30yrs_1e4yrs.par
Image              PC                Routine            Line        Source             
amrvac             0000000000CA3F32  for__io_return        Unknown  Unknown
amrvac             0000000000CB986F  for_open              Unknown  Unknown
amrvac             000000000060AE88  Unknown               Unknown  Unknown
amrvac             000000000062A8D3  Unknown               Unknown  Unknown
amrvac             0000000000411AF9  Unknown               Unknown  Unknown
amrvac             000000000040F44E  Unknown               Unknown  Unknown
libc-2.24.so       00007F3FD640C2E1  __libc_start_main     Unknown  Unknown
amrvac             000000000040F36A  Unknown               Unknown  Unknown
forrtl: severe (29): file not found, unit 9, file /scratch/mrabenanahary/run.3216513.Lee2001_s_30yrs_1e4yrs/amrvac/mysimus/HD/HH_YSO_Jet/Parfiles/Article/uniform/Lee2001_s_30yrs_1e4yrs/Lee2001_s_30yrs_1e4yrs.par
Image              PC                Routine            Line        Source             
amrvac             0000000000CA3F32  for__io_return        Unknown  Unknown
amrvac             0000000000CB986F  for_open              Unknown  Unknown
amrvac             000000000060AE88  Unknown               Unknown  Unknown
amrvac             000000000062A8D3  Unknown               Unknown  Unknown
amrvac             0000000000411AF9  Unknown               Unknown  Unknown
amrvac             000000000040F44E  Unknown               Unknown  Unknown
libc-2.24.so       00007F66AAF562E1  __libc_start_main     Unknown  Unknown
amrvac             000000000040F36A  Unknown               Unknown  Unknown
forrtl: severe (29): file not found, unit 9, file /scratch/mrabenanahary/run.3216513.Lee2001_s_30yrs_1e4yrs/amrvac/mysimus/HD/HH_YSO_Jet/Parfiles/Article/uniform/Lee2001_s_30yrs_1e4yrs/Lee2001_s_30yrs_1e4yrs.par
Image              PC                Routine            Line        Source             
amrvac             0000000000CA3F32  for__io_return        Unknown  Unknown
amrvac             0000000000CB986F  for_open              Unknown  Unknown
amrvac             000000000060AE88  Unknown               Unknown  Unknown
amrvac             000000000062A8D3  Unknown               Unknown  Unknown
amrvac             0000000000411AF9  Unknown               Unknown  Unknown
amrvac             000000000040F44E  Unknown               Unknown  Unknown
libc-2.24.so       00007FBACEB402E1  __libc_start_main     Unknown  Unknown
amrvac             000000000040F36A  Unknown               Unknown  Unknown
forrtl: severe (29): file not found, unit 9, file /scratch/mrabenanahary/run.3216513.Lee2001_s_30yrs_1e4yrs/amrvac/mysimus/HD/HH_YSO_Jet/Parfiles/Article/uniform/Lee2001_s_30yrs_1e4yrs/Lee2001_s_30yrs_1e4yrs.par
Image              PC                Routine            Line        Source             
amrvac             0000000000CA3F32  for__io_return        Unknown  Unknown
amrvac             0000000000CB986F  for_open              Unknown  Unknown
amrvac             000000000060AE88  Unknown               Unknown  Unknown
amrvac             000000000062A8D3  Unknown               Unknown  Unknown
amrvac             0000000000411AF9  Unknown               Unknown  Unknown
amrvac             000000000040F44E  Unknown               Unknown  Unknown
libc-2.24.so       00007F5E1B2D72E1  __libc_start_main     Unknown  Unknown
amrvac             000000000040F36A  Unknown               Unknown  Unknown
forrtl: severe (29): file not found, unit 9, file /scratch/mrabenanahary/run.3216513.Lee2001_s_30yrs_1e4yrs/amrvac/mysimus/HD/HH_YSO_Jet/Parfiles/Article/uniform/Lee2001_s_30yrs_1e4yrs/Lee2001_s_30yrs_1e4yrs.par
Image              PC                Routine            Line        Source             
amrvac             0000000000CA3F32  for__io_return        Unknown  Unknown
amrvac             0000000000CB986F  for_open              Unknown  Unknown
amrvac             000000000060AE88  Unknown               Unknown  Unknown
amrvac             000000000062A8D3  Unknown               Unknown  Unknown
amrvac             0000000000411AF9  Unknown               Unknown  Unknown
amrvac             000000000040F44E  Unknown               Unknown  Unknown
libc-2.24.so       00007FEC7995A2E1  __libc_start_main     Unknown  Unknown
amrvac             000000000040F36A  Unknown               Unknown  Unknown
forrtl: severe (29): file not found, unit 9, file /scratch/mrabenanahary/run.3216513.Lee2001_s_30yrs_1e4yrs/amrvac/mysimus/HD/HH_YSO_Jet/Parfiles/Article/uniform/Lee2001_s_30yrs_1e4yrs/Lee2001_s_30yrs_1e4yrs.par
Image              PC                Routine            Line        Source             
amrvac             0000000000CA3F32  for__io_return        Unknown  Unknown
amrvac             0000000000CB986F  for_open              Unknown  Unknown
amrvac             000000000060AE88  Unknown               Unknown  Unknown
amrvac             000000000062A8D3  Unknown               Unknown  Unknown
amrvac             0000000000411AF9  Unknown               Unknown  Unknown
amrvac             000000000040F44E  Unknown               Unknown  Unknown
libc-2.24.so       00007F3DDA0112E1  __libc_start_main     Unknown  Unknown
amrvac             000000000040F36A  Unknown               Unknown  Unknown
forrtl: severe (29): file not found, unit 9, file /scratch/mrabenanahary/run.3216513.Lee2001_s_30yrs_1e4yrs/amrvac/mysimus/HD/HH_YSO_Jet/Parfiles/Article/uniform/Lee2001_s_30yrs_1e4yrs/Lee2001_s_30yrs_1e4yrs.par
Image              PC                Routine            Line        Source             
amrvac             0000000000CA3F32  for__io_return        Unknown  Unknown
amrvac             0000000000CB986F  for_open              Unknown  Unknown
amrvac             000000000060AE88  Unknown               Unknown  Unknown
amrvac             000000000062A8D3  Unknown               Unknown  Unknown
amrvac             0000000000411AF9  Unknown               Unknown  Unknown
amrvac             000000000040F44E  Unknown               Unknown  Unknown
libc-2.24.so       00007F09D72CB2E1  __libc_start_main     Unknown  Unknown
amrvac             000000000040F36A  Unknown               Unknown  Unknown
forrtl: severe (29): file not found, unit 9, file /scratch/mrabenanahary/run.3216513.Lee2001_s_30yrs_1e4yrs/amrvac/mysimus/HD/HH_YSO_Jet/Parfiles/Article/uniform/Lee2001_s_30yrs_1e4yrs/Lee2001_s_30yrs_1e4yrs.par
Image              PC                Routine            Line        Source             
amrvac             0000000000CA3F32  for__io_return        Unknown  Unknown
amrvac             0000000000CB986F  for_open              Unknown  Unknown
amrvac             000000000060AE88  Unknown               Unknown  Unknown
amrvac             000000000062A8D3  Unknown               Unknown  Unknown
amrvac             0000000000411AF9  Unknown               Unknown  Unknown
amrvac             000000000040F44E  Unknown               Unknown  Unknown
libc-2.24.so       00007FC3FD7B22E1  __libc_start_main     Unknown  Unknown
amrvac             000000000040F36A  Unknown               Unknown  Unknown
forrtl: severe (29): file not found, unit 9, file /scratch/mrabenanahary/run.3216513.Lee2001_s_30yrs_1e4yrs/amrvac/mysimus/HD/HH_YSO_Jet/Parfiles/Article/uniform/Lee2001_s_30yrs_1e4yrs/Lee2001_s_30yrs_1e4yrs.par
Image              PC                Routine            Line        Source             
amrvac             0000000000CA3F32  for__io_return        Unknown  Unknown
amrvac             0000000000CB986F  for_open              Unknown  Unknown
amrvac             000000000060AE88  Unknown               Unknown  Unknown
amrvac             000000000062A8D3  Unknown               Unknown  Unknown
amrvac             0000000000411AF9  Unknown               Unknown  Unknown
amrvac             000000000040F44E  Unknown               Unknown  Unknown
libc-2.24.so       00007FD874BB12E1  __libc_start_main     Unknown  Unknown
amrvac             000000000040F36A  Unknown               Unknown  Unknown
forrtl: severe (29): file not found, unit 9, file /scratch/mrabenanahary/run.3216513.Lee2001_s_30yrs_1e4yrs/amrvac/mysimus/HD/HH_YSO_Jet/Parfiles/Article/uniform/Lee2001_s_30yrs_1e4yrs/Lee2001_s_30yrs_1e4yrs.par
Image              PC                Routine            Line        Source             
amrvac             0000000000CA3F32  for__io_return        Unknown  Unknown
amrvac             0000000000CB986F  for_open              Unknown  Unknown
amrvac             000000000060AE88  Unknown               Unknown  Unknown
amrvac             000000000062A8D3  Unknown               Unknown  Unknown
amrvac             0000000000411AF9  Unknown               Unknown  Unknown
amrvac             000000000040F44E  Unknown               Unknown  Unknown
libc-2.24.so       00007FD2FE7FA2E1  __libc_start_main     Unknown  Unknown
amrvac             000000000040F36A  Unknown               Unknown  Unknown
forrtl: severe (29): file not found, unit 9, file /scratch/mrabenanahary/run.3216513.Lee2001_s_30yrs_1e4yrs/amrvac/mysimus/HD/HH_YSO_Jet/Parfiles/Article/uniform/Lee2001_s_30yrs_1e4yrs/Lee2001_s_30yrs_1e4yrs.par
Image              PC                Routine            Line        Source             
amrvac             0000000000CA3F32  for__io_return        Unknown  Unknown
amrvac             0000000000CB986F  for_open              Unknown  Unknown
amrvac             000000000060AE88  Unknown               Unknown  Unknown
amrvac             000000000062A8D3  Unknown               Unknown  Unknown
amrvac             0000000000411AF9  Unknown               Unknown  Unknown
amrvac             000000000040F44E  Unknown               Unknown  Unknown
libc-2.24.so       00007F92D67F42E1  __libc_start_main     Unknown  Unknown
amrvac             000000000040F36A  Unknown               Unknown  Unknown
forrtl: severe (29): file not found, unit 9, file /scratch/mrabenanahary/run.3216513.Lee2001_s_30yrs_1e4yrs/amrvac/mysimus/HD/HH_YSO_Jet/Parfiles/Article/uniform/Lee2001_s_30yrs_1e4yrs/Lee2001_s_30yrs_1e4yrs.par
Image              PC                Routine            Line        Source             
amrvac             0000000000CA3F32  for__io_return        Unknown  Unknown
amrvac             0000000000CB986F  for_open              Unknown  Unknown
amrvac             000000000060AE88  Unknown               Unknown  Unknown
amrvac             000000000062A8D3  Unknown               Unknown  Unknown
amrvac             0000000000411AF9  Unknown               Unknown  Unknown
amrvac             000000000040F44E  Unknown               Unknown  Unknown
libc-2.24.so       00007F5FFFA602E1  __libc_start_main     Unknown  Unknown
amrvac             000000000040F36A  Unknown               Unknown  Unknown
forrtl: severe (29): file not found, unit 9, file /scratch/mrabenanahary/run.3216513.Lee2001_s_30yrs_1e4yrs/amrvac/mysimus/HD/HH_YSO_Jet/Parfiles/Article/uniform/Lee2001_s_30yrs_1e4yrs/Lee2001_s_30yrs_1e4yrs.par
Image              PC                Routine            Line        Source             
amrvac             0000000000CA3F32  for__io_return        Unknown  Unknown
amrvac             0000000000CB986F  for_open              Unknown  Unknown
amrvac             000000000060AE88  Unknown               Unknown  Unknown
amrvac             000000000062A8D3  Unknown               Unknown  Unknown
amrvac             0000000000411AF9  Unknown               Unknown  Unknown
amrvac             000000000040F44E  Unknown               Unknown  Unknown
libc-2.24.so       00007FF2A69922E1  __libc_start_main     Unknown  Unknown
amrvac             000000000040F36A  Unknown               Unknown  Unknown
forrtl: severe (29): file not found, unit 9, file /scratch/mrabenanahary/run.3216513.Lee2001_s_30yrs_1e4yrs/amrvac/mysimus/HD/HH_YSO_Jet/Parfiles/Article/uniform/Lee2001_s_30yrs_1e4yrs/Lee2001_s_30yrs_1e4yrs.par
Image              PC                Routine            Line        Source             
amrvac             0000000000CA3F32  for__io_return        Unknown  Unknown
amrvac             0000000000CB986F  for_open              Unknown  Unknown
amrvac             000000000060AE88  Unknown               Unknown  Unknown
amrvac             000000000062A8D3  Unknown               Unknown  Unknown
amrvac             0000000000411AF9  Unknown               Unknown  Unknown
amrvac             000000000040F44E  Unknown               Unknown  Unknown
libc-2.24.so       00007FCC145382E1  __libc_start_main     Unknown  Unknown
amrvac             000000000040F36A  Unknown               Unknown  Unknown
-------------------------------------------------------
Primary job  terminated normally, but 1 process returned
a non-zero exit code. Per user-direction, the job has been aborted.
-------------------------------------------------------
--------------------------------------------------------------------------
mpiexec detected that one or more processes exited with non-zero status, thus causing
the job to be terminated. The first process to do so was:

  Process name: [[5441,1],36]
  Exit code:    29
--------------------------------------------------------------------------
