2822370
tycho66
/scratch/mrabenanahary/run.2822370.Ulrich1976_fix_2
::::::::::::::
Ulrich1976_fix_2.par
::::::::::::::
!==============================================================
! Project : YSO JET MIALY
! Aim     :
! Results :
! Method  : Use cartesian coordinate
!
! Update  : 22/11/2019
! configuration :
! Openmpi/gfortran or intel or ....
! $AMRVAC_DIR/setup.pl -d=2 -phys=hd -arch=default
! with intel
! $AMRVAC_DIR/setup.pl -d=2 -phys=hd -arch=intel
!==============================================================

 &filelist
        base_filename='Output/Ulrich1976_fix_2/Jet_CC_'
        saveprim=.true.
        autoconvert=.true.
        convert_type='vtuBCCmpi'
        nwauxio = 4
        /
        restart_from_file='Jet_Shang06_0118.dat'
        /
        convert = .true.



        snapshotnext =0326
/




/
        nwauxio=10




/


 &savelist
        itsave(1,1)=0
        itsave(1,2)=0
        dtsave_log=3.1557600d7   ! 1 year 3.1557600d6 = 0.1 yr
	!ditsave_log =50
        dtsave_dat=  3.1557600d9! 100 yr!6.31152d8!20 yrs !1.57788000d9!50 yrs !3.1557600d9! 1 yrdensitys  1.57788000d8!5 yrs !3.1557600d7   ! 100 year; 3.1557600d7 = 1 yr
        !ditsave_dat =1
 /

        ditsave_log = 1
        ditsave_dat =1
        dtsave_dat =21.08

 &stoplist

        dtmin=1.0d-13
        !time_max= 99d15 ! years
        time_max=  3.15576d11 ! 10000 yrs 6.31152d11!2e4 yrs 3.15576d11 ! 10000 yrs 1.26e10! 400 yrs !3.786912d10! 1200 yrs ! 1.90607904d10!604 yrs ! 1.893456d10!600 yrs ! 3.15576d10! 1000yrs!6.31152d10! 2000 yrs ! 3.15576d11! 10000yrs ! 1.262304d10!400yrs!3.15576d9!3.15576d10! 1000yrs  !1.893456e11!600yrs!!9.46728d9!300yrs!6.311520000d9!7.8894d9!9.46728d9!7.8894d9 ! in s from years : 7.8894d9 = 250 yrs
        !it_max=10


/
  reset_it=.true.

          it_init=0






 &methodlist
        time_integrator          =  'twostep'
        typepred1                =  20*'hllcd'!>>HH4647 !'hllcd'!si vraiment ça ne marche pas, essayer :! 'hll'! si au bord persiste des problemes, essayer : ! 'tvdlf'
        flux_scheme              =  20*'hllcd'!,18*'tvdlf'!>>HH4647 !'hllcd'!si vraiment ça ne marche pas, essayer :! 'hll'! si au bord persiste des problemes, essayer : ! 'tvdlf'
        limiter                  =  20*'minmod'!>>HH4647 !'koren'!'cada3'
        small_pressure           = 1.0d-9
        small_density            = 1.0d-8
        small_values_method      =  'average'
        small_values_daverage    = 8

        check_small_values       = .true.
        small_values_force_floor = .true.
        loglimit(1) = .false.


 /
         loglimit(4) = .true.
         loglimit(1)            = .true.
         loglimit(5)            = .true.
         loglimit(6)            = .true.
         loglimit(7)            = .true.
        tvdlfeps=0.5d0

 &boundlist
        internalboundary  = .true.
        nghostcells       = 4
        !                     RHO,   Vr,     Vz,   Vphi,   P,     traceur1,traceur2
        typeboundary_min1 =  'symm','asymm','symm','asymm','symm',2*'symm'!, ! C.L. gauche <=> rmin
        typeboundary_max1 =  7*'cont'                                    ! C.L. droite <=> rmax
        typeboundary_min2 =  'symm','symm','asymm','symm','symm',2*'symm' !7*'special'!                                     ! C.L. inférieure <=> zmin
        typeboundary_max2 =  7*'cont'                                        ! C.L. supérieure <=> zmax                                      ! C.L. supérieure <=> zmax

/
        typeboundary_max3 = 8*'cont'                                         ! C.L. arrière <=> phi/profondeur max
        typeboundary_min3 = 8*'cont'                                         ! C.L. avant <=> phi/profondeur min
 /

 &meshlist
        ! grid at level 1
        xprobmin1 =  0.0d0    ! cm
        xprobmax1 =  3.0d17! <--- r_max=3.0d17
        xprobmin2 =  0.0d0    ! cm
        xprobmax2 =  3.0d17! <--- z_max=3.0d17

        ! total cell at level 1
        domain_nx1= 240! <---dr=1.25e15 cm at lvl 1
        domain_nx2= 240! <---dr=1.25e15 cm at lvl 1
        ! number of cell by block
        block_nx1 = 8!8!
        block_nx2 = 8!8!

        ! AMR configuration
        refine_criterion=3
        refine_max_level=5 !<--- dr=dz=7.8125e13 cm au lvl 5
        refine_threshold=20*0.01d0
        derefine_ratio=20*1d-3
      !  w_refine_weight(1)=0.25d0
      !  w_refine_weight(2)=0.25d0
      !  w_refine_weight(3)=0.25d0
        w_refine_weight(9)=1.0d0

        max_blocks = 200000
        ! can be added when is needed
        prolongprimitive= .true.
        coarsenprimitive= .true.
        /







 /
        stretched_grid    = .true.
        stretched_dim(1)  = .true.
        stretched_dim(2)  = .true.
        itfixgrid =0

 &paramlist
        typecourant         = 'maxsum'
        courantpar          = 0.8d0
        slowsteps           = 1500
        small_getdt_average = .true.
        small_dt_coef       = 1.0d-5
 /

  &hd_list
         hd_energy            = .true. !non-adiabatic: enables energy solving
         hd_gamma             = 1.666666667
         SI_unit              = .false.  ! use cgs
         He_abundance         = 0.1d0                     !

         hd_dust              = .false.   ! dust off
         hd_radiative_cooling = .true. !>>HH4647 .false.!.true.    ! cooling on
         hd_chemical          = .false.   ! use chemical
         hd_n_tracer          = 2
         hd_mean_mup_on       = .true. !>>HH4647 .true.
         hd_chemical_gas_type = 'fullyatomic'
   /



 !'MLcosmol' : 'Use Mellema & Lundqvist (2002) cooling curve for zero metallicity '
 !'SPEX_DM'  : 'Use SPEX cooling curve for solar metallicity above 10^4 K. At lower temperatures,use Dalgarno & McCray (1972), with a pre-set ionization fraction of 10^-3 as described by Schure et al. (2009). '
   &rc_list
         ncool            = 4000
         coolcurve        = 'SPEX_DM'!'MLcosmol' !
         coolmethod       = 'exact'
         cfrac            = 1.d0
         Tfix             = .false.
         tlow             = 110 !<--- T_low = 110 K comme limite inférieure de la table de cooling afin d'éviter que le jet à 100 K ne se mette à refroidir par radiative cooling, ce qui serait non-physique
         coolsaveL        = .true.
         coolsavedT       = .true.
         He_abundance = 0.1d0
         rc_chemical_gas_type = 'fullyatomic'
   /


 &dust_list
     dust_n_species           = 2
     dust_min_rho             = 1.0d-10
     gas_mu                   = 1.0d0
     dust_method              = 'Kwok'
     dust_small_to_zero       = .true.
     dust_temperature         = 1.0d0
     dust_temperature_type    = 'silicate'
     dust_source_split        = .false.
     dust_it_diff             = 50000
   /





 &usr_list
        usrconfig%ism_on              = .true.                      !> set ism
        usrconfig%cloud_on            = .false.                      !> set cloud
        usrconfig%cloud_structure     = 2                           !> cloud structure type
        usrconfig%jet_yso_on          = .true. !>>HH4647.false.!.false.!.false.!                      !> set a jet
        usrconfig%physunit_on         = .true.                      !> set the normalisation in use
        usrconfig%reset_medium        = .true.                      !> set on the reset
        usrconfig%coordinate_system   = 'cylindrical_2.5D'            !> geometry in use in 2D
        usrconfig%phys_inuse          = 'hd' !'mhd' ! set physique want to be used

        usrconfig%phys_isotherm_on              = .false.!>>HH4647.true. ! use isotherme
        usrconfig%reset_flux_scheme_on          = .true.
        usrconfig%reset_flux_scheme_diffuse     = 'hllcd'
        usrconfig%reset_flux_scheme_thresholdL1_min = 1.0d-6
        usrconfig%reset_flux_scheme_thresholdL1_max = 1.0d20


 /




&usr_physical_unit_list
 phys_unit%unit                  = 'cgs'
 phys_unit%length                = 1.496d14                 ! cm (1 parsec) : par defaut = 1.496d14
 phys_unit%time                  = 3d8                      ! s (2 year) : par defaut = 3d10
 phys_unit%number_density        = 1.0d-6 !>>HH4647                      ! cm^-3 : par defaut = 1.0d8 (1.0d5 pour un milieu ambiant tres peu dense, e.g. a 100cm-3)                      ! cm^-3 : par defaut = 1.0d8 (1.0d5 pour un milieu ambiant tres peu dense, e.g. a 100cm-3)
 phys_unit%chemical_He_abundance = 0.1d0
 phys_unit%chemical_gas_type = 'fullyatomic'
/

!11/12/19 : pour ISM et le projet n°1 de Sylvie Cabrit sur son article de 1997, les paramètres ci-dessous pour l'ISM ont été testés
!et fixées aux valeurs recommandées et correspondant le mieux à la simulation de l'article
 &usr_ism_list
  ism_config%unit               ='cgs'
  ism_config%density            = 3.079639053086312d-18         !Li & Shu et 1996b ism density if it set to 0 it will use number_density
  ism_config%number_density     = 0.0d0  !>>HH4647  !2.95d9    !1.0d2     !4.44d6     ! Zheng19 = 2.95d9 cm-3 ! ism number density (1/cm^3) ) of protons n_H = facteur rho_j (e.g. = 100 cm-3) physique dans l'expression du profil de densité rho_c du milieu ambiant
                                            ! and w(ixO^S,phys_ind%rho_)        =  self%myconfig%density = = self%myconfig%number_density*mp = rho_h the mass density of protons
                                            ! si tu l'augmentes e.g. a number_density=1.0d3,
                                            !la valeur rho_c=rho_j de densité au niveau de la frontière inférieure ISM augmente d'un facteur 10
  ism_config%velocity(1)        = 0.0d0       ! ism  speed components (cm/s) R/X : 0.0 = milieu statique
  ism_config%velocity(2)        = 0.0d0!5.d8     ! ism  speed components (cm/s) Z : 0.0 = milieu statique
  ism_config%velocity(3)        = 0.0d0       ! ism  speed components (cm/s)  Y : 0.0 = milieu statique
  ism_config%Mach_number_tomov_obj= 0.0       ! ism  speed components (cm/s)  Y : 0.0 = milieu statique
  ism_config%temperature        = 100.0d0  !<---T_a = 100 K temperature typique
  ism_config%pressure           = 0.0d0     !1.3806485199999997d-12! ism pressure if is set to 0 it will use temperature : äraview trouve a T=100 K et rho_j=100 cm-3 >>> p_j = 2.71055e-12 Ba
  ism_config%tracer_on          = .true.    ! ism tracer
  ism_config%tracer_init_density= 1.0d9!1.0d3     ! ism tracer density
  ism_config%tracer_small_density  =  1.0d-15!1.0d-5

  ism_config%reset_on           = .false.    ! ism reset
  ism_config%reset_coef         = 0.0! 0.0     ! ism reset  coefficient : 19-03-2021 --> don't use it ! it creates bugs when >0.0d0
  ism_config%reset_dtemperature = 1.0d-6    !> set the pressure variation
  ism_config%reset_distance(2)  =  1.01d18  ! ism rest distance
  ism_config%reset_scale(2)     =  5d16     ! ism reset scalling distance

  ism_config%boundary_cond(2,2) = 'open'
  !ism_config%boundary_cond(1,2) = 'fix'
  ism_config%boundary_on        = .true.

ism_config%profile_typeaxial  = 'spherical'!'projection_direction'
ism_config%profile_idir       = 1.0,0.0,0.0       !z=2,r=1  !  ism profile direction

ism_config%profile_center     = 0,0,0

ism_config%profile_density_on = .true. ! Zheng=True ! .false. ! .true. ! ISM set density profile
ism_config%profile_pressure_on= .true. ! Zheng=True ! .false. !.true.
ism_config%theta_floored      = 0.0d0
ism_config%profile_force_on   = .false. ! Zheng=True  !.true.!.false.!.true. ! .false. ! ISM set force profile
ism_config%profile_force_gradP_on = .false.
ism_config%weight_mean = 'arithmetic'
ism_config%weight_analy = 1.0d0
ism_config%weight_num = 3.0d0
ism_config%weight_mean_variable = 'minus_density_grad'
ism_config%profile_rw_force = 2.5d16
ism_config%weight_num_index = 20.0d0
ism_config%weight_analy_index = 20.0d0
ism_config%profile_density    = 'Ulrich1976'!>>HH4647'cabrit1997' ! Zheng19 = 'cabrit1997' !ISM density profile
ism_config%profile_jspec = 8.0782850178d20       !> ISM envelope specific angular momentum
ism_config%profile_Minf  = 2.5203562637184713d20 !> ISM envelope infalling mass-loss rate on the protostar
ism_config%profile_Mstar = 8.94784441814123d32   !> central objet or protostar mass
!Ulrich default parameters
!self%myconfig%profile_jspec = 8.0782850178d20       !> ISM envelope specific angular momentum
!self%myconfig%profile_Minf  = 2.5203562637184713d20 !> ISM envelope infalling mass-loss rate on the protostar
!self%myconfig%profile_Mstar = 8.94784441814123d32   !> central objet or protostar mass
!self%myconfig%profile_rd    = 1.0927333451820418d16 !> ISM envelope lower ﬁducial radius
!self%myconfig%profile_vd    = 7.392732228240198d4   !> ISM envelope kepler velocity at r=profile_rd
!self%myconfig%profile_rho_0 = 2.27205428100406d-18  !> ISM envelope fiducial density


ism_config%profile_zc    = 1.0d16!4.49d14 ! 1.0d16 !4.49d14 ! Zheng19 = 30 au = 4.49d14 cm :  grandeur de normalisation dans le profil de pression/densite (en cm)
ism_config%profile_rw    = 2.5d15 !> ISM reference radius for Lee 2001 profile (in cm)
ism_config%profile_kappa    = 2.0d0 ! Zheng19 = 2 ! indice kappa pour la loi de densité et de pression : 'cabrit1997' <=> kappa=2
ism_config%profile_shiftstart = 0.00d0 !>>HH4647 3.33d14 ! 3.33d14 ! 1.0d15 ! the distance from which the ISM profile is set

ism_config%chemical_gas_type = 'fullyatomic'!>>HH4647'fullyatomic'
ism_config%He_abundance      = 0.1
/

&usr_usrboundary_ism_list
  !usrboundary_config%boundary_type(1,2) = 'fix'!'disc'
  usrboundary_config%boundary_type(2,2) = 'open'
  usrboundary_config%useprimitive       = .true.
  usrboundary_config%flux_frac          = 9.0d-1
/

!11/12/19 : pour le jet et le projet n°1 de Sylvie Cabrit sur son article de 1997, les paramètres ci-dessous pour le jet ont été testés
!et fixées aux valeurs recommandées et correspondant le mieux à la simulation de l'article
&usr_cla_jet_list
    cla_jet_config%unit                  =  'cgs' !> physical unit at parameter file
    cla_jet_config%time_cla_jet_on       =  0.0d0 !> initial time the cla_jet is set in the simulation box

    cla_jet_config%myindice              =  0       !> cla_jet associated indice
    cla_jet_config%density               =  1.795963442083303d-19!<-------Fm=0.6e-7 Msun/yr

    cla_jet_config%number_density        =  0.0d0
    cla_jet_config%temperature           =  100.0d0  !>>HH4647 !> cla_jet temperature  (K)
    cla_jet_config%pressure              =  0.0d0   !> cla_jet pressure
    cla_jet_config%pressure_toism        =  0.0d0   !> cla_jet pressure relative to ism pressure
    cla_jet_config%magnetic(1)           =  0.0d0   !> cla_jet magnetic field components : 0.0d0 = HD
    cla_jet_config%magnetic(2)           =  0.0d0   !> cla_jet magnetic field components : 0.0d0 = HD
    cla_jet_config%magnetic(3)           =  0.0d0   !> cla_jet magnetic field components : 0.0d0 = HD
    cla_jet_config%xisigma               =  0.0d0   !> cla_jet magnetisation : 0.0d0 = HD
    cla_jet_config%magn_anglePHItoPol    =  0.0d0   !> cla_jet magnetisation field incl : 0.0d0 = HD

    cla_jet_config%Mach_number           =  0.0!250.0d0   !> cla_jet  Mach number : Par défaut : Ma = 20
    cla_jet_config%c_sound               =  0.0d0   !> cla_jet  sound speed (cm/s)
    cla_jet_config%velocity(1)           =  0.0d0   !> cla_jet  velocity (radial speed)(cm/s)
    cla_jet_config%velocity(2)           =  1.2d7 !
    cla_jet_config%velocity(3)           =  0.0d0   !> cla_jet  velocity (rotation speed)(cm/s)
    cla_jet_config%velocity_poloidal     =  1.2d7 !<--- norme du vecteur vitesse au niveau de l'inlet du jet
    cla_jet_config%power                 =  0.0d0   !> wind power flux
    cla_jet_config%mass_flux             =  0.0d0   ! 3.15e19 ! flux en H+H^++H2 1.13d21 !1.89d18 ! grammes/s>>>Zhang19 = 0.3e-7 Msun/yr  0.0!9.8525563d16!1.9705112501213315d17!1.3136741667475542d17!!   !> wind mass flux : cabrit1997 = 1.3136741d17 à Vjet = 100 km/s et 1.9705111e+17 à Vjet = 150 km/s (Vjet = 150 km/s ne marche qu a basse resolution de maillage)
                                            ! c'est par l'imposition de cla_jet_config%mass_flux et de cla_jet_config%velocity(2) que la densité est alors imposée à l'intérieur du jet
                                            ! pour avoir :
                                            ! * Vjet = 100 km/s, R_jet = 0.5e16 cm et n_jet = 100 cm-3 >>> mass_flux = 1.3136741667475542e+17 g / s
                                            ! * Vjet = 150 km/s, R_jet = 0.5e16 cm et n_jet = 100 cm-3 >>> mass_flux = 1.9705112501213315e+17 g / s
                                            ! * Vjet = 150 km/s, R_jet = 0.5e16 cm et n_jet = 50 cm-3 >>> mass_flux = 9.8525563e+16 g / s

    cla_jet_config%open_angle            = 3.0d0 !>>HH4647 !>  cla_jet initial open angle  (degre): 0.0d0 = jet droit cylindrique
    cla_jet_config%z_in                  =  -46.275d18 !> cla_jet inner boundary position
    cla_jet_config%variation_n_cells     = 2
    cla_jet_config%z_impos               =  8.22d14 !
    cla_jet_config%z_out_init            =  8.30d14 !
    cla_jet_config%r_out_init            =  7.47d14! <--- 50 UA
    cla_jet_config%r_out_impos           =  7.47d14! <--- 50 UA

    cla_jet_config%r_in_init             =  0.0 !-7.48d14 !> cla_jet inner jet  region : position de la limite gauche du jet en coordonnées cylindriques : à tenir compte dans le calcul de la surface d'éjection du jet et donc du calcul du flux de masse ejectée

    cla_jet_config%tracer_on             =  .true. !> cla_jet logical to set tracer
    cla_jet_config%tracer_init_density   =  1.0d9!> cla_jet tracer density
    cla_jet_config%tracer_small_density  =  1.0d-15!> cla_jet tracer small density
    cla_jet_config%shape                 =  'cartesian'  !> cla_jet shape
    cla_jet_config%profile               =  'none'  !> cla_jet profile


    cla_jet_config%variation_on          =  .true. ! Zhang19 .false. !.true.! to set on  or off the jet-injection in-real-time velocity variability
    cla_jet_config%density_variation_on  =  .true. !<----- vary mass-loss rate !> cla_jet density variation switch
    cla_jet_config%pressure_variation_on =  .true. !<----- vary constant jet temperature !> cla_jet pressure variation switch : enables constant temperature in the jet inlet
    cla_jet_config%density_variation_profile =  'conserved_mflux' !<----- which variability apply to pressure and/or pressure
    cla_jet_config%variation_start_time  =  0.0d0 !time (in s in cgs) at which to begin the time variability : 0.0 to begin at the start of the simulation
    cla_jet_config%variation_end_time    =  4d15
    cla_jet_config%variation_velocity_amplitude =  1.2d7 !<--- norme du vecteur vitesse au niveau de l'inlet du jet (aux yeux du code, c'est une autre variable qu'on a oublié, surtout moi, de retirer quand on a rajouté   le paramètre cla_jet_config%velocity_poloidal en ouvrant le jet, donc par sécurité, comme je ne sais pas si on l'utilise toujours ailleurs, fixons la même valeur qu'au-dessus)
    cla_jet_config%variation_velocity_poloidal =  6.0d6 !<------ variation de la norme du vecteur vitesse du jet
    cla_jet_config%variation_velocity(1) =  0.0d0
    cla_jet_config%variation_velocity(2) =  6.0d6 !<------ variation de la norme du vecteur vitesse du jet
    cla_jet_config%variation_velocity(3) =  0.0d0
    cla_jet_config%variation_time        =  9.46728d9!<---- 300 ans
    cla_jet_config%variation_position    =  0.0d0,8.22d14 ,0.0d0!0.0d0,8.22d14 ,0.0d0 !>>HH4647 !0.0d0, 1d15 ,0.0d0 !0.0d0, 1.495978707d14,0.0d0 ! = 0,10 au,0position (in 3d : if cylindrical : phi = 3, z=2, r=1) under which is set the time variability : default = 0,3d15,0
    cla_jet_config%variation_type        =  'sawtooth2' !
    cla_jet_config%variation_phys_nvariable   = 1  ! number of physical variable with variation
    cla_jet_config%variation_phys_variable(1) =  3 ! 3 mean the velocity in Z direction

    cla_jet_config%refine_min_level      = 5
    cla_jet_config%chemical_gas_type     = 'fullyatomic' !>>HH4647



/
  End of reading of the usr_list
  End of reading of the usr_list
  End of reading of the usr_list
  End of reading of the usr_list
  End of reading of the usr_list
  End of reading of the usr_list
  End of reading of the usr_list
  End of reading of the usr_list
  End of reading of the usr_list
  End of reading of the usr_list
  End of reading of the usr_list
  End of reading of the usr_list
  End of reading of the usr_list
  End of reading of the usr_list
  End of reading of the usr_list
  End of reading of the usr_list
  End of reading of the usr_list
  End of reading of the usr_list
  End of reading of the usr_list
  End of reading of the usr_list
  End of reading of the usr_list
  End of reading of the usr_list
  End of reading of the usr_list
  End of reading of the usr_list
  End of reading of the usr_list
  End of reading of the usr_list
  End of reading of the usr_list
  End of reading of the usr_list
  End of reading of the usr_list
  End of reading of the usr_list
  End of reading of the usr_list
  End of reading of the usr_list
  End of reading of the usr_list
  End of reading of the usr_list
  End of reading of the usr_list
  End of reading of the usr_list
  End of reading of the usr_list
  End of reading of the usr_list
  End of reading of the usr_list
  End of reading of the usr_list
  End of reading of the usr_list
  End of reading of the usr_list
  End of reading of the usr_list
  End of reading of the usr_list
  End of reading of the usr_list
  End of reading of the usr_list
  End of reading of the usr_list
  End of reading of the hd_list
  End of reading of the hd_list
  End of reading of the hd_list
  End of reading of the hd_list
  End of reading of the hd_list
  End of reading of the hd_list
  End of reading of the hd_list
  End of reading of the hd_list
  End of reading of the hd_list
  End of reading of the hd_list
  End of reading of the hd_list
  End of reading of the rc_list
  End of reading of the hd_list
  End of reading of the rc_list
  End of reading of the rc_list
  End of reading of the hd_list
  End of reading of the rc_list
  End of reading of the hd_list
  End of reading of the rc_list
  End of reading of the rc_list
  End of reading of the hd_list
  End of reading of the rc_list
  End of reading of the rc_list
  End of reading of the hd_list
  End of reading of the rc_list
  End of reading of the rc_list
  End of reading of the rc_list
  End of reading of the rc_list
  End of reading of the hd_list
  End of reading of the hd_list
  End of reading of the rc_list
  End of reading of the rc_list
  End of reading of the hd_list
  End of reading of the hd_list
  End of reading of the hd_list
  End of reading of the hd_list
  End of reading of the hd_list
  End of reading of the hd_list
  End of reading of the hd_list
  End of reading of the hd_list
  End of reading of the hd_list
  End of reading of the hd_list
  End of reading of the hd_list
  End of reading of the hd_list
  End of reading of the rc_list
  End of reading of the hd_list
  End of reading of the rc_list
  End of reading of the rc_list
  End of reading of the rc_list
  End of reading of the hd_list
  End of reading of the rc_list
  End of reading of the hd_list
  End of reading of the rc_list
  End of reading of the hd_list
  End of reading of the hd_list
  End of reading of the rc_list
  End of reading of the rc_list
  End of reading of the rc_list
  End of reading of the rc_list
  End of reading of the rc_list
  End of reading of the hd_list
  End of reading of the rc_list
  End of reading of the rc_list
  End of reading of the hd_list
  End of reading of the rc_list
  End of reading of the rc_list
  End of reading of the rc_list
  End of reading of the hd_list
  End of reading of the rc_list
  End of reading of the rc_list
  End of reading of the hd_list
  End of reading of the rc_list
  End of reading of the rc_list
  End of reading of the rc_list
  End of reading of the hd_list
  End of reading of the rc_list
  End of reading of the hd_list
  End of reading of the rc_list
  End of reading of the rc_list
  End of reading of the hd_list
  End of reading of the rc_list
  End of reading of the hd_list
  End of reading of the hd_list
  End of reading of the hd_list
  End of reading of the rc_list
  End of reading of the rc_list
  End of reading of the rc_list
  End of reading of the rc_list
  End of reading of the rc_list
  End of reading of the rc_list
  End of reading of the hd_list
  End of reading of the rc_list
  End of reading of the hd_list
  End of reading of the rc_list
 ---------------------------------------------------------------------------
 ---------------------------------------------------------------------------
 |         __  __ ____ ___        _    __  __ ______     ___    ____       |
 |        |  \/  |  _ \_ _|      / \  |  \/  |  _ \ \   / / \  / ___|      |
 |        | |\/| | |_) | |_____ / _ \ | |\/| | |_) \ \ / / _ \| |          |
 |        | |  | |  __/| |_____/ ___ \| |  | |  _ < \ V / ___ \ |___       |
 |        |_|  |_|_|  |___|   /_/   \_\_|  |_|_| \_\ \_/_/   \_\____|      |
 --------------------------------------------------------------------------
 ---------------------------------------------------------------------------
 Reading usr_list
  End of reading of the usr_list
 Reading usr_physical_values_list
 Reading usr_ism_list
 End of Reading 
 usr_ismlist0                                                                  
 Reading usr_boundary_list           1 
 boundary                                                                      
 End of Reading 
 usr_boundarylist1                                                             
 Reading usr_cla_jet_list
  End of reading of the hd_list
  End of reading of the rc_list
 Use SPEX cooling curve for solar metallicity above 10^4 K. 
 At lower temperatures,use Dalgarno & McCray (1972), 
 with a pre-set ionization fraction of 10^-3. 
 as described by Schure et al. (2009). 
 Reading Ulrich1976_fix_2.par
 End par file read
 
 Output type | dtsave    | ditsave | itsave(1) | tsave(1)
         log | 0.105E+00 | ******  |      0    | *********
      normal | 0.105E+02 | ******  |      0    | *********
       slice | ********* | ******  | ******    | *********
   collapsed | ********* | ******  | ******    | *********
    analysis | ********* | ******  | ******    | *********
 
                 typelimited: predictor                                                                                                                          
         Domain size (cells): 240 240 
                Level one dx: 0.836E+01 0.836E+01 
           Refine estimation: Lohner's scheme
                   slicenext: 0
                collapsenext: 0
           restart_from_file:  undefined
                  converting: F

 rW =   2.500000000000000E+015  cm
 rD =   1.092733366738296E+016  cm
 vK =    73927.3208240442       cm/s
 rho_0 =   2.272054236183448E-018  g/cm3
 r = (rD/rw) =   0.228784081835284     
 rho_a0 =   3.079639004688189E-018  g/cm3
 nH_a0 =    1315146.18334773       cm-3
 1)the jet radius =    747000000000000.     
 2)the jet radius =    820312500000000.     
 the jet self%myconfig%r_out_init =    820312500000000.     
 jet shape cartesian           
 jet shape conical             
 jet typeaxial 
 cylindrical                                                                    
                                                     
 the jet Surface =   0.000000000000000E+000
 the jet open_angle =    3.00000000000000     
 the jet open_angle_in =   0.000000000000000E+000
 the jet z0 =   1.565249493915205E+016
 the jet jet_radius_out_init =   1.567397557793927E+016
 jet typeaxial 
 cylindrical                                                                    
                                                     
 the jet Surface =   2.115466860209846E+030
 rW =   2.500000000000000E+015  cm
 rD =   1.092733366738296E+016  cm
 vK =    73927.3208240442       cm/s
 rho_0 =   2.272054236183448E-018  g/cm3
 r = (rD/rw) =   0.228784081835284     
 rho_a0 =   3.079639004688189E-018  g/cm3
 nH_a0 =    1315146.18334773       cm-3
 1)the jet radius =    747000000000000.     
 2)the jet radius =    820312500000000.     
 the jet self%myconfig%r_out_init =    820312500000000.     
 jet shape cartesian           
 jet shape conical             
 jet typeaxial 
 cylindrical                                                                    
                                                     
 the jet Surface =   0.000000000000000E+000
 the jet open_angle =    3.00000000000000     
 the jet open_angle_in =   0.000000000000000E+000
 the jet z0 =   1.565249493915205E+016
 the jet jet_radius_out_init =   1.567397557793927E+016
 jet typeaxial 
 cylindrical                                                                    
                                                     
 the jet Surface =   2.115466860209846E+030
 rW =   2.500000000000000E+015  cm
 rD =   1.092733366738296E+016  cm
 vK =    73927.3208240442       cm/s
 rho_0 =   2.272054236183448E-018  g/cm3
 r = (rD/rw) =   0.228784081835284     
 rho_a0 =   3.079639004688189E-018  g/cm3
 nH_a0 =    1315146.18334773       cm-3
 1)the jet radius =    747000000000000.     
 2)the jet radius =    820312500000000.     
 the jet self%myconfig%r_out_init =    820312500000000.     
 jet shape cartesian           
 jet shape conical             
 jet typeaxial 
 cylindrical                                                                    
                                                     
 the jet Surface =   0.000000000000000E+000
 the jet open_angle =    3.00000000000000     
 the jet open_angle_in =   0.000000000000000E+000
 the jet z0 =   1.565249493915205E+016
 the jet jet_radius_out_init =   1.567397557793927E+016
 jet typeaxial 
 cylindrical                                                                    
                                                     
 the jet Surface =   2.115466860209846E+030
 rW =   2.500000000000000E+015  cm
 rD =   1.092733366738296E+016  cm
 vK =    73927.3208240442       cm/s
 rho_0 =   2.272054236183448E-018  g/cm3
 r = (rD/rw) =   0.228784081835284     
 rho_a0 =   3.079639004688189E-018  g/cm3
 nH_a0 =    1315146.18334773       cm-3
 1)the jet radius =    747000000000000.     
 2)the jet radius =    820312500000000.     
 the jet self%myconfig%r_out_init =    820312500000000.     
 jet shape cartesian           
 jet shape conical             
 jet typeaxial 
 cylindrical                                                                    
                                                     
 the jet Surface =   0.000000000000000E+000
 the jet open_angle =    3.00000000000000     
 the jet open_angle_in =   0.000000000000000E+000
 the jet z0 =   1.565249493915205E+016
 the jet jet_radius_out_init =   1.567397557793927E+016
 jet typeaxial 
 cylindrical                                                                    
                                                     
 the jet Surface =   2.115466860209846E+030
 rW =   2.500000000000000E+015  cm
 rD =   1.092733366738296E+016  cm
 vK =    73927.3208240442       cm/s
 rho_0 =   2.272054236183448E-018  g/cm3
 r = (rD/rw) =   0.228784081835284     
 rho_a0 =   3.079639004688189E-018  g/cm3
 nH_a0 =    1315146.18334773       cm-3
 1)the jet radius =    747000000000000.     
 2)the jet radius =    820312500000000.     
 the jet self%myconfig%r_out_init =    820312500000000.     
 jet shape cartesian           
 jet shape conical             
 jet typeaxial 
 cylindrical                                                                    
                                                     
 the jet Surface =   0.000000000000000E+000
 the jet open_angle =    3.00000000000000     
 the jet open_angle_in =   0.000000000000000E+000
 the jet z0 =   1.565249493915205E+016
 the jet jet_radius_out_init =   1.567397557793927E+016
 jet typeaxial 
 cylindrical                                                                    
                                                     
 the jet Surface =   2.115466860209846E+030
 rW =   2.500000000000000E+015  cm
 rD =   1.092733366738296E+016  cm
 vK =    73927.3208240442       cm/s
 rho_0 =   2.272054236183448E-018  g/cm3
 r = (rD/rw) =   0.228784081835284     
 rho_a0 =   3.079639004688189E-018  g/cm3
 nH_a0 =    1315146.18334773       cm-3
 1)the jet radius =    747000000000000.     
 2)the jet radius =    820312500000000.     
 the jet self%myconfig%r_out_init =    820312500000000.     
 jet shape cartesian           
 jet shape conical             
 jet typeaxial 
 cylindrical                                                                    
                                                     
 the jet Surface =   0.000000000000000E+000
 the jet open_angle =    3.00000000000000     
 the jet open_angle_in =   0.000000000000000E+000
 the jet z0 =   1.565249493915205E+016
 the jet jet_radius_out_init =   1.567397557793927E+016
 jet typeaxial 
 cylindrical                                                                    
                                                     
 the jet Surface =   2.115466860209846E+030
 rW =   2.500000000000000E+015  cm
 rD =   1.092733366738296E+016  cm
 vK =    73927.3208240442       cm/s
 rho_0 =   2.272054236183448E-018  g/cm3
 r = (rD/rw) =   0.228784081835284     
 rho_a0 =   3.079639004688189E-018  g/cm3
 nH_a0 =    1315146.18334773       cm-3
 1)the jet radius =    747000000000000.     
 2)the jet radius =    820312500000000.     
 the jet self%myconfig%r_out_init =    820312500000000.     
 jet shape cartesian           
 jet shape conical             
 jet typeaxial 
 cylindrical                                                                    
                                                     
 the jet Surface =   0.000000000000000E+000
 the jet open_angle =    3.00000000000000     
 the jet open_angle_in =   0.000000000000000E+000
 the jet z0 =   1.565249493915205E+016
 the jet jet_radius_out_init =   1.567397557793927E+016
 jet typeaxial 
 cylindrical                                                                    
                                                     
 the jet Surface =   2.115466860209846E+030
 rW =   2.500000000000000E+015  cm
 rD =   1.092733366738296E+016  cm
 vK =    73927.3208240442       cm/s
 rho_0 =   2.272054236183448E-018  g/cm3
 r = (rD/rw) =   0.228784081835284     
 rho_a0 =   3.079639004688189E-018  g/cm3
 nH_a0 =    1315146.18334773       cm-3
 1)the jet radius =    747000000000000.     
 2)the jet radius =    820312500000000.     
 the jet self%myconfig%r_out_init =    820312500000000.     
 jet shape cartesian           
 jet shape conical             
 jet typeaxial 
 cylindrical                                                                    
                                                     
 the jet Surface =   0.000000000000000E+000
 the jet open_angle =    3.00000000000000     
 the jet open_angle_in =   0.000000000000000E+000
 the jet z0 =   1.565249493915205E+016
 the jet jet_radius_out_init =   1.567397557793927E+016
 jet typeaxial 
 cylindrical                                                                    
                                                     
 the jet Surface =   2.115466860209846E+030
 rW =   2.500000000000000E+015  cm
 rD =   1.092733366738296E+016  cm
 vK =    73927.3208240442       cm/s
 rho_0 =   2.272054236183448E-018  g/cm3
 r = (rD/rw) =   0.228784081835284     
 rho_a0 =   3.079639004688189E-018  g/cm3
 nH_a0 =    1315146.18334773       cm-3
 1)the jet radius =    747000000000000.     
 2)the jet radius =    820312500000000.     
 the jet self%myconfig%r_out_init =    820312500000000.     
 jet shape cartesian           
 jet shape conical             
 jet typeaxial 
 cylindrical                                                                    
                                                     
 the jet Surface =   0.000000000000000E+000
 the jet open_angle =    3.00000000000000     
 the jet open_angle_in =   0.000000000000000E+000
 the jet z0 =   1.565249493915205E+016
 the jet jet_radius_out_init =   1.567397557793927E+016
 jet typeaxial 
 cylindrical                                                                    
                                                     
 the jet Surface =   2.115466860209846E+030
 rW =   2.500000000000000E+015  cm
 rD =   1.092733366738296E+016  cm
 vK =    73927.3208240442       cm/s
 rho_0 =   2.272054236183448E-018  g/cm3
 r = (rD/rw) =   0.228784081835284     
 rho_a0 =   3.079639004688189E-018  g/cm3
 nH_a0 =    1315146.18334773       cm-3
 the ism temperature =    100.000000000000     
 ism density  3.079639004688189E-018
 ism nH   1315146.18334773     
 1)the jet radius =    747000000000000.     
 2)the jet radius =    820312500000000.     
 the jet self%myconfig%r_out_init =    820312500000000.     
 jet shape cartesian           
 jet shape conical             
 jet typeaxial 
 cylindrical                                                                    
                                                     
 the jet Surface =   0.000000000000000E+000
 the jet open_angle =    3.00000000000000     
 the jet open_angle_in =   0.000000000000000E+000
 the jet z0 =   1.565249493915205E+016
 the jet jet_radius_out_init =   1.567397557793927E+016
 jet typeaxial 
 cylindrical                                                                    
                                                     
 the jet Surface =   2.115466860209846E+030
 the jet temperature =    100.000000000000     
 jet density  1.795963442083303E-019
 jet ndensity   76695.8225523272     
 set_complet jet shapeconical             
 jet v_j   628031.474915326        11983554.4170549       0.000000000000000E+000
 the jet mflux =   4.559161372650759E+018
 3)the jet radius =    820312500000000.     
 3)the jet inner radius =   -39062500000000.0     
 the jet Surface =   2.115466860209846E+030
 phys_config%He_abundance  0.100000000000000     
 in mod_obj_usr_unit.t usr_physical_unit_fillphysunit subroutine: 
 ism density  2.341670487800000E-030
 ism ndensity  1.000000000000000E-006
 ism pressure  5.822995576026895E-019
 ism temperature   3834.16285288672     
 Jet start :-)
 rW =   2.500000000000000E+015  cm
 rD =   1.092733366738296E+016  cm
 vK =    73927.3208240442       cm/s
 rho_0 =   2.272054236183448E-018  g/cm3
 r = (rD/rw) =   0.228784081835284     
 rho_a0 =   3.079639004688189E-018  g/cm3
 nH_a0 =    1315146.18334773       cm-3
 1)the jet radius =    747000000000000.     
 2)the jet radius =    820312500000000.     
 the jet self%myconfig%r_out_init =    820312500000000.     
 jet shape cartesian           
 jet shape conical             
 jet typeaxial 
 cylindrical                                                                    
                                                     
 the jet Surface =   0.000000000000000E+000
 the jet open_angle =    3.00000000000000     
 the jet open_angle_in =   0.000000000000000E+000
 the jet z0 =   1.565249493915205E+016
 the jet jet_radius_out_init =   1.567397557793927E+016
 jet typeaxial 
 cylindrical                                                                    
                                                     
 the jet Surface =   2.115466860209846E+030
 rW =   2.500000000000000E+015  cm
 rD =   1.092733366738296E+016  cm
 vK =    73927.3208240442       cm/s
 rho_0 =   2.272054236183448E-018  g/cm3
 r = (rD/rw) =   0.228784081835284     
 rho_a0 =   3.079639004688189E-018  g/cm3
 nH_a0 =    1315146.18334773       cm-3
 1)the jet radius =    747000000000000.     
 2)the jet radius =    820312500000000.     
 the jet self%myconfig%r_out_init =    820312500000000.     
 jet shape cartesian           
 jet shape conical             
 jet typeaxial 
 cylindrical                                                                    
                                                     
 the jet Surface =   0.000000000000000E+000
 the jet open_angle =    3.00000000000000     
 the jet open_angle_in =   0.000000000000000E+000
 the jet z0 =   1.565249493915205E+016
 the jet jet_radius_out_init =   1.567397557793927E+016
 jet typeaxial 
 cylindrical                                                                    
                                                     
 the jet Surface =   2.115466860209846E+030
 rW =   2.500000000000000E+015  cm
 rD =   1.092733366738296E+016  cm
 vK =    73927.3208240442       cm/s
 rho_0 =   2.272054236183448E-018  g/cm3
 r = (rD/rw) =   0.228784081835284     
 rho_a0 =   3.079639004688189E-018  g/cm3
 nH_a0 =    1315146.18334773       cm-3
 1)the jet radius =    747000000000000.     
 2)the jet radius =    820312500000000.     
 the jet self%myconfig%r_out_init =    820312500000000.     
 jet shape cartesian           
 jet shape conical             
 jet typeaxial 
 cylindrical                                                                    
                                                     
 the jet Surface =   0.000000000000000E+000
 the jet open_angle =    3.00000000000000     
 the jet open_angle_in =   0.000000000000000E+000
 the jet z0 =   1.565249493915205E+016
 the jet jet_radius_out_init =   1.567397557793927E+016
 jet typeaxial 
 cylindrical                                                                    
                                                     
 the jet Surface =   2.115466860209846E+030
 rW =   2.500000000000000E+015  cm
 rD =   1.092733366738296E+016  cm
 vK =    73927.3208240442       cm/s
 rho_0 =   2.272054236183448E-018  g/cm3
 r = (rD/rw) =   0.228784081835284     
 rho_a0 =   3.079639004688189E-018  g/cm3
 nH_a0 =    1315146.18334773       cm-3
 1)the jet radius =    747000000000000.     
 2)the jet radius =    820312500000000.     
 the jet self%myconfig%r_out_init =    820312500000000.     
 jet shape cartesian           
 jet shape conical             
 jet typeaxial 
 cylindrical                                                                    
                                                     
 the jet Surface =   0.000000000000000E+000
 the jet open_angle =    3.00000000000000     
 the jet open_angle_in =   0.000000000000000E+000
 the jet z0 =   1.565249493915205E+016
 the jet jet_radius_out_init =   1.567397557793927E+016
 jet typeaxial 
 cylindrical                                                                    
                                                     
 the jet Surface =   2.115466860209846E+030
 rW =   2.500000000000000E+015  cm
 rD =   1.092733366738296E+016  cm
 vK =    73927.3208240442       cm/s
 rho_0 =   2.272054236183448E-018  g/cm3
 r = (rD/rw) =   0.228784081835284     
 rho_a0 =   3.079639004688189E-018  g/cm3
 nH_a0 =    1315146.18334773       cm-3
 1)the jet radius =    747000000000000.     
 2)the jet radius =    820312500000000.     
 the jet self%myconfig%r_out_init =    820312500000000.     
 jet shape cartesian           
 jet shape conical             
 jet typeaxial 
 cylindrical                                                                    
                                                     
 the jet Surface =   0.000000000000000E+000
 the jet open_angle =    3.00000000000000     
 the jet open_angle_in =   0.000000000000000E+000
 the jet z0 =   1.565249493915205E+016
 the jet jet_radius_out_init =   1.567397557793927E+016
 jet typeaxial 
 cylindrical                                                                    
                                                     
 the jet Surface =   2.115466860209846E+030
 rW =   2.500000000000000E+015  cm
 rD =   1.092733366738296E+016  cm
 vK =    73927.3208240442       cm/s
 rho_0 =   2.272054236183448E-018  g/cm3
 r = (rD/rw) =   0.228784081835284     
 rho_a0 =   3.079639004688189E-018  g/cm3
 nH_a0 =    1315146.18334773       cm-3
 1)the jet radius =    747000000000000.     
 2)the jet radius =    820312500000000.     
 the jet self%myconfig%r_out_init =    820312500000000.     
 jet shape cartesian           
 jet shape conical             
 jet typeaxial 
 cylindrical                                                                    
                                                     
 the jet Surface =   0.000000000000000E+000
 the jet open_angle =    3.00000000000000     
 the jet open_angle_in =   0.000000000000000E+000
 the jet z0 =   1.565249493915205E+016
 the jet jet_radius_out_init =   1.567397557793927E+016
 jet typeaxial 
 cylindrical                                                                    
                                                     
 the jet Surface =   2.115466860209846E+030
 rW =   2.500000000000000E+015  cm
 rD =   1.092733366738296E+016  cm
 vK =    73927.3208240442       cm/s
 rho_0 =   2.272054236183448E-018  g/cm3
 r = (rD/rw) =   0.228784081835284     
 rho_a0 =   3.079639004688189E-018  g/cm3
 nH_a0 =    1315146.18334773       cm-3
 1)the jet radius =    747000000000000.     
 2)the jet radius =    820312500000000.     
 the jet self%myconfig%r_out_init =    820312500000000.     
 jet shape cartesian           
 jet shape conical             
 jet typeaxial 
 cylindrical                                                                    
                                                     
 the jet Surface =   0.000000000000000E+000
 the jet open_angle =    3.00000000000000     
 the jet open_angle_in =   0.000000000000000E+000
 the jet z0 =   1.565249493915205E+016
 the jet jet_radius_out_init =   1.567397557793927E+016
 jet typeaxial 
 cylindrical                                                                    
                                                     
 the jet Surface =   2.115466860209846E+030
 rW =   2.500000000000000E+015  cm
 rD =   1.092733366738296E+016  cm
 vK =    73927.3208240442       cm/s
 rho_0 =   2.272054236183448E-018  g/cm3
 r = (rD/rw) =   0.228784081835284     
 rho_a0 =   3.079639004688189E-018  g/cm3
 nH_a0 =    1315146.18334773       cm-3
 1)the jet radius =    747000000000000.     
 2)the jet radius =    820312500000000.     
 the jet self%myconfig%r_out_init =    820312500000000.     
 jet shape cartesian           
 jet shape conical             
 jet typeaxial 
 cylindrical                                                                    
                                                     
 the jet Surface =   0.000000000000000E+000
 the jet open_angle =    3.00000000000000     
 the jet open_angle_in =   0.000000000000000E+000
 the jet z0 =   1.565249493915205E+016
 the jet jet_radius_out_init =   1.567397557793927E+016
 jet typeaxial 
 cylindrical                                                                    
                                                     
 the jet Surface =   2.115466860209846E+030
 rW =   2.500000000000000E+015  cm
 rD =   1.092733366738296E+016  cm
 vK =    73927.3208240442       cm/s
 rho_0 =   2.272054236183448E-018  g/cm3
 r = (rD/rw) =   0.228784081835284     
 rho_a0 =   3.079639004688189E-018  g/cm3
 nH_a0 =    1315146.18334773       cm-3
 1)the jet radius =    747000000000000.     
 2)the jet radius =    820312500000000.     
 the jet self%myconfig%r_out_init =    820312500000000.     
 jet shape cartesian           
 jet shape conical             
 jet typeaxial 
 cylindrical                                                                    
                                                     
 the jet Surface =   0.000000000000000E+000
 the jet open_angle =    3.00000000000000     
 the jet open_angle_in =   0.000000000000000E+000
 the jet z0 =   1.565249493915205E+016
 the jet jet_radius_out_init =   1.567397557793927E+016
 jet typeaxial 
 cylindrical                                                                    
                                                     
 the jet Surface =   2.115466860209846E+030
 rW =   2.500000000000000E+015  cm
 rD =   1.092733366738296E+016  cm
 vK =    73927.3208240442       cm/s
 rho_0 =   2.272054236183448E-018  g/cm3
 r = (rD/rw) =   0.228784081835284     
 rho_a0 =   3.079639004688189E-018  g/cm3
 nH_a0 =    1315146.18334773       cm-3
 1)the jet radius =    747000000000000.     
 2)the jet radius =    820312500000000.     
 the jet self%myconfig%r_out_init =    820312500000000.     
 jet shape cartesian           
 jet shape conical             
 jet typeaxial 
 cylindrical                                                                    
                                                     
 the jet Surface =   0.000000000000000E+000
 the jet open_angle =    3.00000000000000     
 the jet open_angle_in =   0.000000000000000E+000
 the jet z0 =   1.565249493915205E+016
 the jet jet_radius_out_init =   1.567397557793927E+016
 jet typeaxial 
 cylindrical                                                                    
                                                     
 the jet Surface =   2.115466860209846E+030
 rW =   2.500000000000000E+015  cm
 rD =   1.092733366738296E+016  cm
 vK =    73927.3208240442       cm/s
 rho_0 =   2.272054236183448E-018  g/cm3
 r = (rD/rw) =   0.228784081835284     
 rho_a0 =   3.079639004688189E-018  g/cm3
 nH_a0 =    1315146.18334773       cm-3
 1)the jet radius =    747000000000000.     
 2)the jet radius =    820312500000000.     
 the jet self%myconfig%r_out_init =    820312500000000.     
 jet shape cartesian           
 jet shape conical             
 jet typeaxial 
 cylindrical                                                                    
                                                     
 the jet Surface =   0.000000000000000E+000
 the jet open_angle =    3.00000000000000     
 the jet open_angle_in =   0.000000000000000E+000
 the jet z0 =   1.565249493915205E+016
 the jet jet_radius_out_init =   1.567397557793927E+016
 jet typeaxial 
 cylindrical                                                                    
                                                     
 the jet Surface =   2.115466860209846E+030
 rW =   2.500000000000000E+015  cm
 rD =   1.092733366738296E+016  cm
 vK =    73927.3208240442       cm/s
 rho_0 =   2.272054236183448E-018  g/cm3
 r = (rD/rw) =   0.228784081835284     
 rho_a0 =   3.079639004688189E-018  g/cm3
 nH_a0 =    1315146.18334773       cm-3
 1)the jet radius =    747000000000000.     
 2)the jet radius =    820312500000000.     
 the jet self%myconfig%r_out_init =    820312500000000.     
 jet shape cartesian           
 jet shape conical             
 jet typeaxial 
 cylindrical                                                                    
                                                     
 the jet Surface =   0.000000000000000E+000
 the jet open_angle =    3.00000000000000     
 the jet open_angle_in =   0.000000000000000E+000
 the jet z0 =   1.565249493915205E+016
 the jet jet_radius_out_init =   1.567397557793927E+016
 jet typeaxial 
 cylindrical                                                                    
                                                     
 the jet Surface =   2.115466860209846E+030
 rW =   2.500000000000000E+015  cm
 rD =   1.092733366738296E+016  cm
 vK =    73927.3208240442       cm/s
 rho_0 =   2.272054236183448E-018  g/cm3
 r = (rD/rw) =   0.228784081835284     
 rho_a0 =   3.079639004688189E-018  g/cm3
 nH_a0 =    1315146.18334773       cm-3
 1)the jet radius =    747000000000000.     
 2)the jet radius =    820312500000000.     
 the jet self%myconfig%r_out_init =    820312500000000.     
 jet shape cartesian           
 jet shape conical             
 jet typeaxial 
 cylindrical                                                                    
                                                     
 the jet Surface =   0.000000000000000E+000
 the jet open_angle =    3.00000000000000     
 the jet open_angle_in =   0.000000000000000E+000
 the jet z0 =   1.565249493915205E+016
 the jet jet_radius_out_init =   1.567397557793927E+016
 jet typeaxial 
 cylindrical                                                                    
                                                     
 the jet Surface =   2.115466860209846E+030
 rW =   2.500000000000000E+015  cm
 rD =   1.092733366738296E+016  cm
 vK =    73927.3208240442       cm/s
 rho_0 =   2.272054236183448E-018  g/cm3
 r = (rD/rw) =   0.228784081835284     
 rho_a0 =   3.079639004688189E-018  g/cm3
 nH_a0 =    1315146.18334773       cm-3
 1)the jet radius =    747000000000000.     
 2)the jet radius =    820312500000000.     
 the jet self%myconfig%r_out_init =    820312500000000.     
 jet shape cartesian           
 jet shape conical             
 jet typeaxial 
 cylindrical                                                                    
                                                     
 the jet Surface =   0.000000000000000E+000
 the jet open_angle =    3.00000000000000     
 the jet open_angle_in =   0.000000000000000E+000
 the jet z0 =   1.565249493915205E+016
 the jet jet_radius_out_init =   1.567397557793927E+016
 jet typeaxial 
 cylindrical                                                                    
                                                     
 the jet Surface =   2.115466860209846E+030
 rW =   2.500000000000000E+015  cm
 rD =   1.092733366738296E+016  cm
 vK =    73927.3208240442       cm/s
 rho_0 =   2.272054236183448E-018  g/cm3
 r = (rD/rw) =   0.228784081835284     
 rho_a0 =   3.079639004688189E-018  g/cm3
 nH_a0 =    1315146.18334773       cm-3
 1)the jet radius =    747000000000000.     
 2)the jet radius =    820312500000000.     
 the jet self%myconfig%r_out_init =    820312500000000.     
 jet shape cartesian           
 jet shape conical             
 jet typeaxial 
 cylindrical                                                                    
                                                     
 the jet Surface =   0.000000000000000E+000
 the jet open_angle =    3.00000000000000     
 the jet open_angle_in =   0.000000000000000E+000
 the jet z0 =   1.565249493915205E+016
 the jet jet_radius_out_init =   1.567397557793927E+016
 jet typeaxial 
 cylindrical                                                                    
                                                     
 the jet Surface =   2.115466860209846E+030
 rW =   2.500000000000000E+015  cm
 rD =   1.092733366738296E+016  cm
 vK =    73927.3208240442       cm/s
 rho_0 =   2.272054236183448E-018  g/cm3
 r = (rD/rw) =   0.228784081835284     
 rho_a0 =   3.079639004688189E-018  g/cm3
 nH_a0 =    1315146.18334773       cm-3
 1)the jet radius =    747000000000000.     
 2)the jet radius =    820312500000000.     
 the jet self%myconfig%r_out_init =    820312500000000.     
 jet shape cartesian           
 jet shape conical             
 jet typeaxial 
 cylindrical                                                                    
                                                     
 the jet Surface =   0.000000000000000E+000
 the jet open_angle =    3.00000000000000     
 the jet open_angle_in =   0.000000000000000E+000
 the jet z0 =   1.565249493915205E+016
 the jet jet_radius_out_init =   1.567397557793927E+016
 jet typeaxial 
 cylindrical                                                                    
                                                     
 the jet Surface =   2.115466860209846E+030
 rW =   2.500000000000000E+015  cm
 rD =   1.092733366738296E+016  cm
 vK =    73927.3208240442       cm/s
 rho_0 =   2.272054236183448E-018  g/cm3
 r = (rD/rw) =   0.228784081835284     
 rho_a0 =   3.079639004688189E-018  g/cm3
 nH_a0 =    1315146.18334773       cm-3
 1)the jet radius =    747000000000000.     
 2)the jet radius =    820312500000000.     
 the jet self%myconfig%r_out_init =    820312500000000.     
 jet shape cartesian           
 jet shape conical             
 jet typeaxial 
 cylindrical                                                                    
                                                     
 the jet Surface =   0.000000000000000E+000
 the jet open_angle =    3.00000000000000     
 the jet open_angle_in =   0.000000000000000E+000
 the jet z0 =   1.565249493915205E+016
 the jet jet_radius_out_init =   1.567397557793927E+016
 jet typeaxial 
 cylindrical                                                                    
                                                     
 the jet Surface =   2.115466860209846E+030
 rW =   2.500000000000000E+015  cm
 rD =   1.092733366738296E+016  cm
 vK =    73927.3208240442       cm/s
 rho_0 =   2.272054236183448E-018  g/cm3
 r = (rD/rw) =   0.228784081835284     
 rho_a0 =   3.079639004688189E-018  g/cm3
 nH_a0 =    1315146.18334773       cm-3
 1)the jet radius =    747000000000000.     
 2)the jet radius =    820312500000000.     
 the jet self%myconfig%r_out_init =    820312500000000.     
 jet shape cartesian           
 jet shape conical             
 jet typeaxial 
 cylindrical                                                                    
                                                     
 the jet Surface =   0.000000000000000E+000
 the jet open_angle =    3.00000000000000     
 the jet open_angle_in =   0.000000000000000E+000
 the jet z0 =   1.565249493915205E+016
 the jet jet_radius_out_init =   1.567397557793927E+016
 jet typeaxial 
 cylindrical                                                                    
                                                     
 the jet Surface =   2.115466860209846E+030
 rW =   2.500000000000000E+015  cm
 rD =   1.092733366738296E+016  cm
 vK =    73927.3208240442       cm/s
 rho_0 =   2.272054236183448E-018  g/cm3
 r = (rD/rw) =   0.228784081835284     
 rho_a0 =   3.079639004688189E-018  g/cm3
 nH_a0 =    1315146.18334773       cm-3
 1)the jet radius =    747000000000000.     
 2)the jet radius =    820312500000000.     
 the jet self%myconfig%r_out_init =    820312500000000.     
 jet shape cartesian           
 jet shape conical             
 jet typeaxial 
 cylindrical                                                                    
                                                     
 the jet Surface =   0.000000000000000E+000
 the jet open_angle =    3.00000000000000     
 the jet open_angle_in =   0.000000000000000E+000
 the jet z0 =   1.565249493915205E+016
 the jet jet_radius_out_init =   1.567397557793927E+016
 jet typeaxial 
 cylindrical                                                                    
                                                     
 the jet Surface =   2.115466860209846E+030
 rW =   2.500000000000000E+015  cm
 rD =   1.092733366738296E+016  cm
 vK =    73927.3208240442       cm/s
 rho_0 =   2.272054236183448E-018  g/cm3
 r = (rD/rw) =   0.228784081835284     
 rho_a0 =   3.079639004688189E-018  g/cm3
 nH_a0 =    1315146.18334773       cm-3
 1)the jet radius =    747000000000000.     
 2)the jet radius =    820312500000000.     
 the jet self%myconfig%r_out_init =    820312500000000.     
 jet shape cartesian           
 jet shape conical             
 jet typeaxial 
 cylindrical                                                                    
                                                     
 the jet Surface =   0.000000000000000E+000
 the jet open_angle =    3.00000000000000     
 the jet open_angle_in =   0.000000000000000E+000
 the jet z0 =   1.565249493915205E+016
 the jet jet_radius_out_init =   1.567397557793927E+016
 jet typeaxial 
 cylindrical                                                                    
                                                     
 the jet Surface =   2.115466860209846E+030
 rW =   2.500000000000000E+015  cm
 rD =   1.092733366738296E+016  cm
 vK =    73927.3208240442       cm/s
 rho_0 =   2.272054236183448E-018  g/cm3
 r = (rD/rw) =   0.228784081835284     
 rho_a0 =   3.079639004688189E-018  g/cm3
 nH_a0 =    1315146.18334773       cm-3
 1)the jet radius =    747000000000000.     
 2)the jet radius =    820312500000000.     
 the jet self%myconfig%r_out_init =    820312500000000.     
 jet shape cartesian           
 jet shape conical             
 jet typeaxial 
 cylindrical                                                                    
                                                     
 the jet Surface =   0.000000000000000E+000
 the jet open_angle =    3.00000000000000     
 the jet open_angle_in =   0.000000000000000E+000
 the jet z0 =   1.565249493915205E+016
 the jet jet_radius_out_init =   1.567397557793927E+016
 jet typeaxial 
 cylindrical                                                                    
                                                     
 the jet Surface =   2.115466860209846E+030
 rW =   2.500000000000000E+015  cm
 rD =   1.092733366738296E+016  cm
 vK =    73927.3208240442       cm/s
 rho_0 =   2.272054236183448E-018  g/cm3
 r = (rD/rw) =   0.228784081835284     
 rho_a0 =   3.079639004688189E-018  g/cm3
 nH_a0 =    1315146.18334773       cm-3
 1)the jet radius =    747000000000000.     
 2)the jet radius =    820312500000000.     
 the jet self%myconfig%r_out_init =    820312500000000.     
 jet shape cartesian           
 jet shape conical             
 jet typeaxial 
 cylindrical                                                                    
                                                     
 the jet Surface =   0.000000000000000E+000
 the jet open_angle =    3.00000000000000     
 the jet open_angle_in =   0.000000000000000E+000
 the jet z0 =   1.565249493915205E+016
 the jet jet_radius_out_init =   1.567397557793927E+016
 jet typeaxial 
 cylindrical                                                                    
                                                     
 the jet Surface =   2.115466860209846E+030
 rW =   2.500000000000000E+015  cm
 rD =   1.092733366738296E+016  cm
 vK =    73927.3208240442       cm/s
 rho_0 =   2.272054236183448E-018  g/cm3
 r = (rD/rw) =   0.228784081835284     
 rho_a0 =   3.079639004688189E-018  g/cm3
 nH_a0 =    1315146.18334773       cm-3
 1)the jet radius =    747000000000000.     
 2)the jet radius =    820312500000000.     
 the jet self%myconfig%r_out_init =    820312500000000.     
 jet shape cartesian           
 jet shape conical             
 jet typeaxial 
 cylindrical                                                                    
                                                     
 the jet Surface =   0.000000000000000E+000
 the jet open_angle =    3.00000000000000     
 the jet open_angle_in =   0.000000000000000E+000
 the jet z0 =   1.565249493915205E+016
 the jet jet_radius_out_init =   1.567397557793927E+016
 jet typeaxial 
 cylindrical                                                                    
                                                     
 the jet Surface =   2.115466860209846E+030
 rW =   2.500000000000000E+015  cm
 rD =   1.092733366738296E+016  cm
 vK =    73927.3208240442       cm/s
 rho_0 =   2.272054236183448E-018  g/cm3
 r = (rD/rw) =   0.228784081835284     
 rho_a0 =   3.079639004688189E-018  g/cm3
 nH_a0 =    1315146.18334773       cm-3
 1)the jet radius =    747000000000000.     
 2)the jet radius =    820312500000000.     
 the jet self%myconfig%r_out_init =    820312500000000.     
 jet shape cartesian           
 jet shape conical             
 jet typeaxial 
 cylindrical                                                                    
                                                     
 the jet Surface =   0.000000000000000E+000
 the jet open_angle =    3.00000000000000     
 the jet open_angle_in =   0.000000000000000E+000
 the jet z0 =   1.565249493915205E+016
 the jet jet_radius_out_init =   1.567397557793927E+016
 jet typeaxial 
 cylindrical                                                                    
                                                     
 the jet Surface =   2.115466860209846E+030
 rW =   2.500000000000000E+015  cm
 rD =   1.092733366738296E+016  cm
 vK =    73927.3208240442       cm/s
 rho_0 =   2.272054236183448E-018  g/cm3
 r = (rD/rw) =   0.228784081835284     
 rho_a0 =   3.079639004688189E-018  g/cm3
 nH_a0 =    1315146.18334773       cm-3
 1)the jet radius =    747000000000000.     
 2)the jet radius =    820312500000000.     
 the jet self%myconfig%r_out_init =    820312500000000.     
 jet shape cartesian           
 jet shape conical             
 jet typeaxial 
 cylindrical                                                                    
                                                     
 the jet Surface =   0.000000000000000E+000
 the jet open_angle =    3.00000000000000     
 the jet open_angle_in =   0.000000000000000E+000
 the jet z0 =   1.565249493915205E+016
 the jet jet_radius_out_init =   1.567397557793927E+016
 jet typeaxial 
 cylindrical                                                                    
                                                     
 the jet Surface =   2.115466860209846E+030
 rW =   2.500000000000000E+015  cm
 rD =   1.092733366738296E+016  cm
 vK =    73927.3208240442       cm/s
 rho_0 =   2.272054236183448E-018  g/cm3
 r = (rD/rw) =   0.228784081835284     
 rho_a0 =   3.079639004688189E-018  g/cm3
 nH_a0 =    1315146.18334773       cm-3
 1)the jet radius =    747000000000000.     
 2)the jet radius =    820312500000000.     
 the jet self%myconfig%r_out_init =    820312500000000.     
 jet shape cartesian           
 jet shape conical             
 jet typeaxial 
 cylindrical                                                                    
                                                     
 the jet Surface =   0.000000000000000E+000
 the jet open_angle =    3.00000000000000     
 the jet open_angle_in =   0.000000000000000E+000
 the jet z0 =   1.565249493915205E+016
 the jet jet_radius_out_init =   1.567397557793927E+016
 jet typeaxial 
 cylindrical                                                                    
                                                     
 the jet Surface =   2.115466860209846E+030
 rW =   2.500000000000000E+015  cm
 rD =   1.092733366738296E+016  cm
 vK =    73927.3208240442       cm/s
 rho_0 =   2.272054236183448E-018  g/cm3
 r = (rD/rw) =   0.228784081835284     
 rho_a0 =   3.079639004688189E-018  g/cm3
 nH_a0 =    1315146.18334773       cm-3
 1)the jet radius =    747000000000000.     
 2)the jet radius =    820312500000000.     
 the jet self%myconfig%r_out_init =    820312500000000.     
 jet shape cartesian           
 jet shape conical             
 jet typeaxial 
 cylindrical                                                                    
                                                     
 the jet Surface =   0.000000000000000E+000
 the jet open_angle =    3.00000000000000     
 the jet open_angle_in =   0.000000000000000E+000
 the jet z0 =   1.565249493915205E+016
 the jet jet_radius_out_init =   1.567397557793927E+016
 jet typeaxial 
 cylindrical                                                                    
                                                     
 the jet Surface =   2.115466860209846E+030
 rW =   2.500000000000000E+015  cm
 rD =   1.092733366738296E+016  cm
 vK =    73927.3208240442       cm/s
 rho_0 =   2.272054236183448E-018  g/cm3
 r = (rD/rw) =   0.228784081835284     
 rho_a0 =   3.079639004688189E-018  g/cm3
 nH_a0 =    1315146.18334773       cm-3
 1)the jet radius =    747000000000000.     
 2)the jet radius =    820312500000000.     
 the jet self%myconfig%r_out_init =    820312500000000.     
 jet shape cartesian           
 jet shape conical             
 jet typeaxial 
 cylindrical                                                                    
                                                     
 the jet Surface =   0.000000000000000E+000
 the jet open_angle =    3.00000000000000     
 the jet open_angle_in =   0.000000000000000E+000
 the jet z0 =   1.565249493915205E+016
 the jet jet_radius_out_init =   1.567397557793927E+016
 jet typeaxial 
 cylindrical                                                                    
                                                     
 the jet Surface =   2.115466860209846E+030
 rW =   2.500000000000000E+015  cm
 rD =   1.092733366738296E+016  cm
 vK =    73927.3208240442       cm/s
 rho_0 =   2.272054236183448E-018  g/cm3
 r = (rD/rw) =   0.228784081835284     
 rho_a0 =   3.079639004688189E-018  g/cm3
 nH_a0 =    1315146.18334773       cm-3
 1)the jet radius =    747000000000000.     
 2)the jet radius =    820312500000000.     
 the jet self%myconfig%r_out_init =    820312500000000.     
 jet shape cartesian           
 jet shape conical             
 jet typeaxial 
 cylindrical                                                                    
                                                     
 the jet Surface =   0.000000000000000E+000
 the jet open_angle =    3.00000000000000     
 the jet open_angle_in =   0.000000000000000E+000
 the jet z0 =   1.565249493915205E+016
 the jet jet_radius_out_init =   1.567397557793927E+016
 jet typeaxial 
 cylindrical                                                                    
                                                     
 the jet Surface =   2.115466860209846E+030
 rW =   2.500000000000000E+015  cm
 rD =   1.092733366738296E+016  cm
 vK =    73927.3208240442       cm/s
 rho_0 =   2.272054236183448E-018  g/cm3
 r = (rD/rw) =   0.228784081835284     
 rW =   2.500000000000000E+015  cm
 rD =   1.092733366738296E+016  cm
 vK =    73927.3208240442       cm/s
 rho_0 =   2.272054236183448E-018  g/cm3
 r = (rD/rw) =   0.228784081835284     
 rho_a0 =   3.079639004688189E-018  g/cm3
 nH_a0 =    1315146.18334773       cm-3
 1)the jet radius =    747000000000000.     
 2)the jet radius =    820312500000000.     
 the jet self%myconfig%r_out_init =    820312500000000.     
 jet shape cartesian           
 jet shape conical             
 jet typeaxial 
 cylindrical                                                                    
                                                     
 the jet Surface =   0.000000000000000E+000
 the jet open_angle =    3.00000000000000     
 the jet open_angle_in =   0.000000000000000E+000
 the jet z0 =   1.565249493915205E+016
 the jet jet_radius_out_init =   1.567397557793927E+016
 jet typeaxial 
 cylindrical                                                                    
                                                     
 the jet Surface =   2.115466860209846E+030
 rho_a0 =   3.079639004688189E-018  g/cm3
 nH_a0 =    1315146.18334773       cm-3
 1)the jet radius =    747000000000000.     
 2)the jet radius =    820312500000000.     
 the jet self%myconfig%r_out_init =    820312500000000.     
 jet shape cartesian           
 jet shape conical             
 jet typeaxial 
 cylindrical                                                                    
                                                     
 the jet Surface =   0.000000000000000E+000
 the jet open_angle =    3.00000000000000     
 the jet open_angle_in =   0.000000000000000E+000
 the jet z0 =   1.565249493915205E+016
 the jet jet_radius_out_init =   1.567397557793927E+016
 jet typeaxial 
 cylindrical                                                                    
                                                     
 the jet Surface =   2.115466860209846E+030
 rW =   2.500000000000000E+015  cm
 rD =   1.092733366738296E+016  cm
 vK =    73927.3208240442       cm/s
 rho_0 =   2.272054236183448E-018  g/cm3
 r = (rD/rw) =   0.228784081835284     
 rho_a0 =   3.079639004688189E-018  g/cm3
 nH_a0 =    1315146.18334773       cm-3
 1)the jet radius =    747000000000000.     
 2)the jet radius =    820312500000000.     
 the jet self%myconfig%r_out_init =    820312500000000.     
 jet shape cartesian           
 jet shape conical             
 jet typeaxial 
 cylindrical                                                                    
                                                     
 the jet Surface =   0.000000000000000E+000
 the jet open_angle =    3.00000000000000     
 the jet open_angle_in =   0.000000000000000E+000
 the jet z0 =   1.565249493915205E+016
 the jet jet_radius_out_init =   1.567397557793927E+016
 jet typeaxial 
 cylindrical                                                                    
                                                     
 the jet Surface =   2.115466860209846E+030
 rW =   2.500000000000000E+015  cm
 rD =   1.092733366738296E+016  cm
 vK =    73927.3208240442       cm/s
 rho_0 =   2.272054236183448E-018  g/cm3
 r = (rD/rw) =   0.228784081835284     
 rho_a0 =   3.079639004688189E-018  g/cm3
 nH_a0 =    1315146.18334773       cm-3
 1)the jet radius =    747000000000000.     
 2)the jet radius =    820312500000000.     
 the jet self%myconfig%r_out_init =    820312500000000.     
 jet shape cartesian           
 jet shape conical             
 jet typeaxial 
 cylindrical                                                                    
                                                     
 the jet Surface =   0.000000000000000E+000
 the jet open_angle =    3.00000000000000     
 the jet open_angle_in =   0.000000000000000E+000
 the jet z0 =   1.565249493915205E+016
 the jet jet_radius_out_init =   1.567397557793927E+016
 jet typeaxial 
 cylindrical                                                                    
                                                     
 the jet Surface =   2.115466860209846E+030
 rW =   2.500000000000000E+015  cm
 rD =   1.092733366738296E+016  cm
 vK =    73927.3208240442       cm/s
 rho_0 =   2.272054236183448E-018  g/cm3
 r = (rD/rw) =   0.228784081835284     
 rho_a0 =   3.079639004688189E-018  g/cm3
 nH_a0 =    1315146.18334773       cm-3
 1)the jet radius =    747000000000000.     
 2)the jet radius =    820312500000000.     
 rW =   2.500000000000000E+015  cm
 the jet self%myconfig%r_out_init =    820312500000000.     
 jet shape cartesian           
 jet shape conical             
 jet typeaxial 
 cylindrical                                                                    
                                                     
 the jet Surface =   0.000000000000000E+000
 the jet open_angle =    3.00000000000000     
 the jet open_angle_in =   0.000000000000000E+000
 the jet z0 =   1.565249493915205E+016
 the jet jet_radius_out_init =   1.567397557793927E+016
 jet typeaxial 
 cylindrical                                                                    
                                                     
 the jet Surface =   2.115466860209846E+030
 rD =   1.092733366738296E+016  cm
 vK =    73927.3208240442       cm/s
 rho_0 =   2.272054236183448E-018  g/cm3
 r = (rD/rw) =   0.228784081835284     
 rho_a0 =   3.079639004688189E-018  g/cm3
 nH_a0 =    1315146.18334773       cm-3
 1)the jet radius =    747000000000000.     
 2)the jet radius =    820312500000000.     
 the jet self%myconfig%r_out_init =    820312500000000.     
 jet shape cartesian           
 jet shape conical             
 jet typeaxial 
 cylindrical                                                                    
                                                     
 the jet Surface =   0.000000000000000E+000
 the jet open_angle =    3.00000000000000     
 the jet open_angle_in =   0.000000000000000E+000
 the jet z0 =   1.565249493915205E+016
 the jet jet_radius_out_init =   1.567397557793927E+016
 jet typeaxial 
 cylindrical                                                                    
                                                     
 the jet Surface =   2.115466860209846E+030
 rW =   2.500000000000000E+015  cm
 rD =   1.092733366738296E+016  cm
 vK =    73927.3208240442       cm/s
 rho_0 =   2.272054236183448E-018  g/cm3
 r = (rD/rw) =   0.228784081835284     
 rho_a0 =   3.079639004688189E-018  g/cm3
 nH_a0 =    1315146.18334773       cm-3
 1)the jet radius =    747000000000000.     
 2)the jet radius =    820312500000000.     
 the jet self%myconfig%r_out_init =    820312500000000.     
 jet shape cartesian           
 jet shape conical             
 jet typeaxial 
 cylindrical                                                                    
                                                     
 the jet Surface =   0.000000000000000E+000
 the jet open_angle =    3.00000000000000     
 the jet open_angle_in =   0.000000000000000E+000
 the jet z0 =   1.565249493915205E+016
 the jet jet_radius_out_init =   1.567397557793927E+016
 jet typeaxial 
 cylindrical                                                                    
                                                     
 the jet Surface =   2.115466860209846E+030
 rW =   2.500000000000000E+015  cm
 rD =   1.092733366738296E+016  cm
 vK =    73927.3208240442       cm/s
 rho_0 =   2.272054236183448E-018  g/cm3
 r = (rD/rw) =   0.228784081835284     
 rho_a0 =   3.079639004688189E-018  g/cm3
 nH_a0 =    1315146.18334773       cm-3
 1)the jet radius =    747000000000000.     
 2)the jet radius =    820312500000000.     
 the jet self%myconfig%r_out_init =    820312500000000.     
 jet shape cartesian           
 jet shape conical             
 jet typeaxial 
 cylindrical                                                                    
                                                     
 the jet Surface =   0.000000000000000E+000
 the jet open_angle =    3.00000000000000     
 the jet open_angle_in =   0.000000000000000E+000
 the jet z0 =   1.565249493915205E+016
 the jet jet_radius_out_init =   1.567397557793927E+016
 jet typeaxial 
 cylindrical                                                                    
                                                     
 the jet Surface =   2.115466860209846E+030
 rW =   2.500000000000000E+015  cm
 rD =   1.092733366738296E+016  cm
 vK =    73927.3208240442       cm/s
 rho_0 =   2.272054236183448E-018  g/cm3
 r = (rD/rw) =   0.228784081835284     
 rho_a0 =   3.079639004688189E-018  g/cm3
 nH_a0 =    1315146.18334773       cm-3
 1)the jet radius =    747000000000000.     
 2)the jet radius =    820312500000000.     
 the jet self%myconfig%r_out_init =    820312500000000.     
 jet shape cartesian           
 jet shape conical             
 jet typeaxial 
 cylindrical                                                                    
                                                     
 the jet Surface =   0.000000000000000E+000
 the jet open_angle =    3.00000000000000     
 the jet open_angle_in =   0.000000000000000E+000
 the jet z0 =   1.565249493915205E+016
 the jet jet_radius_out_init =   1.567397557793927E+016
 jet typeaxial 
 cylindrical                                                                    
                                                     
 the jet Surface =   2.115466860209846E+030
 -------------------------------------------------------------------------------
 Startup phase took :             6.907 sec
 -------------------------------------------------------------------------------
 Start integrating, print status every  3.00E+01 seconds
        it        time          dt  wc-time(s)
         0   0.000E+00   1.452E-05   2.478E-04
In CGS          0 T=   0.000E+00 dT=   4.356E+03
 -------------------------------------------------------------------------------
 Saving visual data. Coordinate directions and variable names are:
          -1 R               
           0 Z               
           1 rho             rho             
           2 v1              v1              
           3 v2              v2              
           4 v3              v3              
           5 p               p               
           6 tracer_ism      tracer_ism      
           7 tracer_jet      tracer_jet      
           8 mup             mup             
           9 L1              L1              
          10 dtcool1         dtcool1         
          11 mach_number     mach_number     
          12 temperature     temperature     
          13 level           level           
          14 number density  number density  
 time =  0.000000000000000E+000
 -------------------------------------------------------------------------------
       133   1.248E-01   1.864E-03   3.002E+01
In CGS        133 T=   3.745E+07 dT=   5.593E+05
       271   4.919E-01   3.458E-03   6.021E+01
In CGS        271 T=   1.476E+08 dT=   1.038E+06
       408   1.072E+00   5.111E-03   9.023E+01
In CGS        408 T=   3.216E+08 dT=   1.533E+06
       545   1.839E+00   6.332E-03   1.203E+02
In CGS        545 T=   5.516E+08 dT=   1.899E+06
       682   2.781E+00   7.601E-03   1.504E+02
In CGS        682 T=   8.343E+08 dT=   2.280E+06
       819   3.884E+00   7.877E-03   1.806E+02
In CGS        819 T=   1.165E+09 dT=   2.363E+06
       954   5.109E+00   9.864E-03   2.106E+02
In CGS        954 T=   1.533E+09 dT=   2.959E+06
      1089   6.438E+00   1.083E-02   2.406E+02
In CGS       1089 T=   1.931E+09 dT=   3.249E+06
      1225   7.876E+00   1.150E-02   2.708E+02
In CGS       1225 T=   2.363E+09 dT=   3.449E+06
      1361   9.398E+00   1.195E-02   3.009E+02
In CGS       1361 T=   2.819E+09 dT=   3.586E+06
      1492   1.093E+01   6.383E-03   3.309E+02
In CGS       1492 T=   3.280E+09 dT=   1.915E+06
      1610   1.231E+01   1.267E-02   3.609E+02
In CGS       1610 T=   3.692E+09 dT=   3.800E+06
      1726   1.367E+01   1.621E-03   3.911E+02
In CGS       1726 T=   4.102E+09 dT=   4.863E+05
      1862   1.536E+01   1.345E-02   4.212E+02
In CGS       1862 T=   4.607E+09 dT=   4.034E+06
      1998   1.715E+01   1.388E-02   4.513E+02
In CGS       1998 T=   5.144E+09 dT=   4.165E+06
      2133   1.893E+01   5.376E-03   4.814E+02
In CGS       2133 T=   5.679E+09 dT=   1.613E+06
      2267   2.069E+01   1.477E-02   5.114E+02
In CGS       2267 T=   6.207E+09 dT=   4.432E+06
      2396   2.239E+01   1.490E-02   5.416E+02
In CGS       2396 T=   6.717E+09 dT=   4.471E+06
      2531   2.438E+01   1.564E-02   5.716E+02
In CGS       2531 T=   7.313E+09 dT=   4.691E+06
      2666   2.640E+01   1.598E-02   6.018E+02
In CGS       2666 T=   7.921E+09 dT=   4.795E+06
      2800   2.842E+01   1.637E-02   6.319E+02
In CGS       2800 T=   8.525E+09 dT=   4.910E+06
      2933   3.042E+01   1.694E-02   6.620E+02
In CGS       2933 T=   9.125E+09 dT=   5.082E+06
      3058   3.206E+01   1.056E-02   6.920E+02
In CGS       3058 T=   9.619E+09 dT=   3.167E+06
      3192   3.347E+01   1.076E-02   7.221E+02
In CGS       3192 T=   1.004E+10 dT=   3.228E+06
      3326   3.488E+01   1.096E-02   7.522E+02
In CGS       3326 T=   1.047E+10 dT=   3.287E+06
      3459   3.628E+01   7.987E-03   7.822E+02
In CGS       3459 T=   1.088E+10 dT=   2.396E+06
      3591   3.767E+01   1.066E-02   8.123E+02
In CGS       3591 T=   1.130E+10 dT=   3.198E+06
      3724   3.907E+01   1.060E-02   8.425E+02
In CGS       3724 T=   1.172E+10 dT=   3.180E+06
      3857   4.047E+01   1.064E-02   8.725E+02
In CGS       3857 T=   1.214E+10 dT=   3.191E+06
      3990   4.187E+01   1.067E-02   9.027E+02
In CGS       3990 T=   1.256E+10 dT=   3.202E+06
      4115   4.318E+01   1.087E-02   9.329E+02
In CGS       4115 T=   1.295E+10 dT=   3.261E+06
      4248   4.458E+01   1.079E-02   9.631E+02
In CGS       4248 T=   1.337E+10 dT=   3.238E+06
      4380   4.597E+01   1.123E-02   9.932E+02
In CGS       4380 T=   1.379E+10 dT=   3.369E+06
      4511   4.735E+01   1.145E-02   1.023E+03
In CGS       4511 T=   1.420E+10 dT=   3.434E+06
      4642   4.873E+01   1.170E-02   1.053E+03
In CGS       4642 T=   1.462E+10 dT=   3.509E+06
      4774   5.027E+01   8.672E-03   1.083E+03
In CGS       4774 T=   1.508E+10 dT=   2.602E+06
      4904   5.179E+01   1.232E-02   1.114E+03
In CGS       4904 T=   1.554E+10 dT=   3.696E+06
      5025   5.321E+01   1.257E-02   1.144E+03
In CGS       5025 T=   1.596E+10 dT=   3.770E+06
      5155   5.473E+01   1.278E-02   1.174E+03
In CGS       5155 T=   1.642E+10 dT=   3.834E+06
      5285   5.625E+01   1.314E-02   1.204E+03
In CGS       5285 T=   1.688E+10 dT=   3.941E+06
      5415   5.792E+01   1.354E-02   1.234E+03
In CGS       5415 T=   1.738E+10 dT=   4.062E+06
      5545   5.963E+01   9.218E-03   1.264E+03
In CGS       5545 T=   1.789E+10 dT=   2.765E+06
      5675   6.134E+01   1.387E-02   1.294E+03
In CGS       5675 T=   1.840E+10 dT=   4.161E+06
      5804   6.304E+01   1.435E-02   1.324E+03
In CGS       5804 T=   1.891E+10 dT=   4.304E+06
      5920   6.426E+01   9.144E-03   1.355E+03
In CGS       5920 T=   1.928E+10 dT=   2.743E+06
      6045   6.552E+01   1.035E-02   1.385E+03
In CGS       6045 T=   1.966E+10 dT=   3.104E+06
      6169   6.677E+01   1.007E-02   1.415E+03
In CGS       6169 T=   2.003E+10 dT=   3.021E+06
      6293   6.803E+01   1.056E-02   1.445E+03
In CGS       6293 T=   2.041E+10 dT=   3.168E+06
      6417   6.933E+01   1.057E-02   1.475E+03
In CGS       6417 T=   2.080E+10 dT=   3.170E+06
      6541   7.064E+01   1.062E-02   1.505E+03
In CGS       6541 T=   2.119E+10 dT=   3.186E+06
      6665   7.194E+01   9.453E-03   1.536E+03
In CGS       6665 T=   2.158E+10 dT=   2.836E+06
      6788   7.323E+01   1.065E-02   1.566E+03
In CGS       6788 T=   2.197E+10 dT=   3.194E+06
      6897   7.438E+01   1.071E-02   1.596E+03
In CGS       6897 T=   2.231E+10 dT=   3.212E+06
mpiexec: Forwarding signal 18 to job
slurmstepd-tycho66: error: *** JOB 2822370 ON tycho66 CANCELLED AT 2022-01-31T17:19:15 ***
