mkdir: cannot create directory ‘Kappeli2016’: File exists
3060710
tycho63
/scratch/mrabenanahary/run.3060710.Kappeli2016
::::::::::::::
Kappeli2016.par
::::::::::::::
!==============================================================
! Project : YSO JET MIALY
! Aim     :
! Results :
! Method  : Use cartesian coordinate
!
! Update  : 22/11/2019
! configuration :
! Openmpi/gfortran or intel or ....
! $AMRVAC_DIR/setup.pl -d=2 -phys=hd -arch=default
! with intel
! $AMRVAC_DIR/setup.pl -d=2 -phys=hd -arch=intel
!==============================================================

 &filelist
        base_filename='Output/Kappeli2016/Jet_CC_'
        saveprim=.true.
        autoconvert=.true.
        convert_type='vtuBCCmpi'
        nwauxio = 12
        /
        !restart_from_file='Output/Ulrich1976_limitinflow/Jet_CC_0061.dat'
        /
        convert = .true.



        snapshotnext =0326
/




/
        nwauxio=10




/


 &savelist
        itsave(1,1)=0
        itsave(1,2)=0
        dtsave_log=3.1557600d7   ! 1 year 3.1557600d6 = 0.1 yr
	!ditsave_log =50
        dtsave_dat=  3.1557600d9! 100 yr!6.31152d8!20 yrs !1.57788000d9!50 yrs !3.1557600d9! 1 yrdensitys  1.57788000d8!5 yrs !3.1557600d7   ! 100 year; 3.1557600d7 = 1 yr
        !ditsave_dat =1
 /

        ditsave_log = 1
        ditsave_dat =1
        dtsave_dat =21.08

 &stoplist

        dtmin=1.0d-13
        !time_max= 99d15 ! years
        time_max=  3.15576d11 ! 10000 yrs 1.26e10! 400 yrs !3.786912d10! 1200 yrs ! 1.90607904d10!604 yrs ! 1.893456d10!600 yrs ! 3.15576d10! 1000yrs!6.31152d10! 2000 yrs ! 3.15576d11! 10000yrs ! 1.262304d10!400yrs!3.15576d9!3.15576d10! 1000yrs  !1.893456e11!600yrs!!9.46728d9!300yrs!6.311520000d9!7.8894d9!9.46728d9!7.8894d9 ! in s from years : 7.8894d9 = 250 yrs
        !it_max=10


/
  reset_it=.true.

          it_init=0






 &methodlist
        time_integrator          =  'twostep'
        typepred1                =  20*'hllcd'!>>HH4647 !'hllcd'!si vraiment ça ne marche pas, essayer :! 'hll'! si au bord persiste des problemes, essayer : ! 'tvdlf'
        flux_scheme              =  20*'hllcd'!,18*'tvdlf'!>>HH4647 !'hllcd'!si vraiment ça ne marche pas, essayer :! 'hll'! si au bord persiste des problemes, essayer : ! 'tvdlf'
        limiter                  =  20*'minmod'!>>HH4647 !'koren'!'cada3'
        small_pressure           = 1.0d-9
        small_density            = 1.0d-8
        small_values_method      =  'average'
        small_values_daverage    = 8

        check_small_values       = .true.
        small_values_force_floor = .true.
        loglimit(1) = .false.


 /
         loglimit(4) = .true.
         loglimit(1)            = .true.
         loglimit(5)            = .true.
         loglimit(6)            = .true.
         loglimit(7)            = .true.
        tvdlfeps=0.5d0

 &boundlist
        internalboundary  = .true.
        nghostcells       = 2
        !                     RHO,   Vr,     Vz,   Vphi,   P,     traceur1,traceur2
        typeboundary_min1 =  'symm','asymm','symm','asymm','symm',2*'symm'!, ! C.L. gauche <=> rmin
        typeboundary_max1 =  7*'cont'                                    ! C.L. droite <=> rmax
        typeboundary_min2 =  7*'special'!'symm','symm','limitinflow','symm','symm',2*'symm'!'symm','symm','asymm','symm','symm',2*'symm'!                                    ! C.L. inférieure <=> zmin
        typeboundary_max2 =  7*'cont'                                        ! C.L. supérieure <=> zmax                                      ! C.L. supérieure <=> zmax

/
        typeboundary_max3 = 8*'cont'                                         ! C.L. arrière <=> phi/profondeur max
        typeboundary_min3 = 8*'cont'                                         ! C.L. avant <=> phi/profondeur min
 /

 &meshlist
        ! grid at level 1
        ! if  geometry in use in 2D is usrconfig%coordinate_system   = 'cylindrical_2D' or 'cylindrical_2.5D'         
        ! always make sure that xprobmin1=R>=0 since the code treats any xprobmin<0 grid as a cartesian grid and thus
        ! introduces non-physical behaviour since the code treats the spatial indexes as in the cartesian case, thus creating
        ! non-physical solutions
        ! if you wand to treat xprobmin1 <0, switch to Cartesian coordinates, with the disadvantage of not being able to simply treat rotation along phi
        ! (need to convert from phi to z)
        xprobmin1 =  0.0d0    ! cm
        xprobmax1 =  3.0d17! <--- r_max=3.0d17
        xprobmin2 =  0.0d0    ! cm
        xprobmax2 =  3.0d17! <--- z_max=3.0d17

        ! total cell at level 1
        domain_nx1= 240! <---dr=1.25e15 cm at lvl 1
        domain_nx2= 240! <---dr=1.25e15 cm at lvl 1
        ! number of cell by block
        block_nx1 = 8!8!
        block_nx2 = 8!8!

        ! AMR configuration
        refine_criterion=3
        refine_max_level=5 !<--- dr=dz=7.8125e13 cm au lvl 5
        refine_threshold=20*0.01d0
        derefine_ratio=20*1d-3
      !  w_refine_weight(1)=0.25d0
      !  w_refine_weight(2)=0.25d0
      !  w_refine_weight(3)=0.25d0
        w_refine_weight(12)=1.0d0

        max_blocks = 200000
        ! can be added when is needed
        prolongprimitive= .true.
        coarsenprimitive= .true.
        /







 /
        stretched_grid    = .true.
        stretched_dim(1)  = .true.
        stretched_dim(2)  = .true.
        itfixgrid =0

 &paramlist
        typecourant         = 'maxsum'
        courantpar          = 0.8d0
        slowsteps           = 1500
        small_getdt_average = .true.
        small_dt_coef       = 1.0d-5
 /

  &hd_list
         hd_energy            = .true. !non-adiabatic: enables energy solving
         hd_gamma             = 1.666666667
         SI_unit              = .false.  ! use cgs
         He_abundance         = 0.1d0                     !

         hd_dust              = .false.   ! dust off
         hd_radiative_cooling = .true. !>>HH4647 .false.!.true.    ! cooling on
         hd_gravity	       = .true. !>>HH4647 .false.!.true.    ! gravity on
         hd_gravity_hse       = .false. !>>HH4647 .false.!.true.    ! gravity on         
         hd_gravity_hse_scheme= 'twoorderpert'!options:'zerothorder','firstorder','twoordernohse','twoordernopert','twoorderpert','twoorderpert2'
         hd_use_gravity_g = .false.
         hd_chemical          = .false.   ! use chemical
         hd_n_tracer          = 2
         hd_mean_mup_on       = .true. !>>HH4647 .true.
         hd_chemical_gas_type = 'fullyatomic'
   /

  &grav_list 
  	grav_split=.false.
   /

 !'MLcosmol' : 'Use Mellema & Lundqvist (2002) cooling curve for zero metallicity '
 !'SPEX_DM'  : 'Use SPEX cooling curve for solar metallicity above 10^4 K. At lower temperatures,use Dalgarno & McCray (1972), with a pre-set ionization fraction of 10^-3 as described by Schure et al. (2009). '
   &rc_list
         ncool            = 4000
         coolcurve        = 'SPEX_DM'!'MLcosmol' !
         coolmethod       = 'exact'
         cfrac            = 1.d0
         Tfix             = .false.
         tlow             = 110 !<--- T_low = 110 K comme limite inférieure de la table de cooling afin d'éviter que le jet à 100 K ne se mette à refroidir par radiative cooling, ce qui serait non-physique
         coolsaveL        = .true.
         coolsavedT       = .true.
         He_abundance = 0.1d0
         rc_chemical_gas_type = 'fullyatomic'
   /


 &dust_list
     dust_n_species           = 2
     dust_min_rho             = 1.0d-10
     gas_mu                   = 1.0d0
     dust_method              = 'Kwok'
     dust_small_to_zero       = .true.
     dust_temperature         = 1.0d0
     dust_temperature_type    = 'silicate'
     dust_source_split        = .false.
     dust_it_diff             = 50000
   /





 &usr_list
        usrconfig%ism_on              = .true.                      !> set ism
        usrconfig%cloud_on            = .false.                      !> set cloud
        usrconfig%cloud_structure     = 2                           !> cloud structure type
        usrconfig%jet_yso_on          = .true. !>>HH4647.false.!.false.!.false.!                      !> set a jet
        usrconfig%physunit_on         = .true.                      !> set the normalisation in use
        usrconfig%reset_medium        = .true.                      !> set on the reset
        usrconfig%coordinate_system   = 'cylindrical_2.5D'            !> geometry in use in 2D
        usrconfig%phys_inuse          = 'hd' !'mhd' ! set physique want to be used

        usrconfig%phys_isotherm_on              = .false.!>>HH4647.true. ! use isotherme
        usrconfig%reset_flux_scheme_on          = .true.
        usrconfig%reset_flux_scheme_diffuse     = 'tvdlf'
        usrconfig%reset_flux_scheme_thresholdL1_min = 1.0d-6
        usrconfig%reset_flux_scheme_thresholdL1_max = 1.0d20


 /




&usr_physical_unit_list
 phys_unit%unit                  = 'cgs'
 phys_unit%length                = 1.496d14                 ! cm (1 parsec) : par defaut = 1.496d14
 phys_unit%time                  = 3d8                      ! s (2 year) : par defaut = 3d10
 phys_unit%number_density        = 1.0d-6 !>>HH4647                      ! cm^-3 : par defaut = 1.0d8 (1.0d5 pour un milieu ambiant tres peu dense, e.g. a 100cm-3)                      ! cm^-3 : par defaut = 1.0d8 (1.0d5 pour un milieu ambiant tres peu dense, e.g. a 100cm-3)
 phys_unit%chemical_He_abundance = 0.1d0
 phys_unit%chemical_gas_type = 'fullyatomic'
/

!11/12/19 : pour ISM et le projet n°1 de Sylvie Cabrit sur son article de 1997, les paramètres ci-dessous pour l'ISM ont été testés
!et fixées aux valeurs recommandées et correspondant le mieux à la simulation de l'article
 &usr_ism_list
  ism_config%unit               ='cgs'
  ism_config%density            = 1.6d-18         !Li & Shu et 1996b ism density if it set to 0 it will use number_density
  ism_config%number_density     = 0.0d0  !>>HH4647  !2.95d9    !1.0d2     !4.44d6     ! Zheng19 = 2.95d9 cm-3 ! ism number density (1/cm^3) ) of protons n_H = facteur rho_j (e.g. = 100 cm-3) physique dans l'expression du profil de densité rho_c du milieu ambiant
                                            ! and w(ixO^S,phys_ind%rho_)        =  self%myconfig%density = = self%myconfig%number_density*mp = rho_h the mass density of protons
                                            ! si tu l'augmentes e.g. a number_density=1.0d3,
                                            !la valeur rho_c=rho_j de densité au niveau de la frontière inférieure ISM augmente d'un facteur 10
  ism_config%velocity(1)        = 0.0       ! ism  speed components (cm/s) R/X : 0.0 = milieu statique
  ism_config%velocity(2)        = 0.0!5.d8     ! ism  speed components (cm/s) Z : 0.0 = milieu statique
  ism_config%velocity(3)        = 0.0       ! ism  speed components (cm/s)  Y : 0.0 = milieu statique
  ism_config%Mach_number_tomov_obj= 0.0       ! ism  speed components (cm/s)  Y : 0.0 = milieu statique
  ism_config%temperature        = 100.0d0  !<---T_a = 100 K temperature typique
  ism_config%pressure           = 0.0d0     !1.3806485199999997d-12! ism pressure if is set to 0 it will use temperature : äraview trouve a T=100 K et rho_j=100 cm-3 >>> p_j = 2.71055e-12 Ba
  ism_config%tracer_on          = .true.    ! ism tracer
  ism_config%tracer_init_density= 1.0d9!1.0d3     ! ism tracer density
  ism_config%tracer_small_density  =  1.0d-15!1.0d-5

  ism_config%reset_on           = .false.    ! ism reset
  ism_config%reset_coef         = 0.0! 0.0     ! ism reset  coefficient : 19-03-2021 --> don't use it ! it creates bugs when >0.0d0
  ism_config%reset_dtemperature = 1.0d-6    !> set the pressure variation
  ism_config%reset_distance(2)  =  1.01d18  ! ism rest distance
  ism_config%reset_scale(2)     =  5d16     ! ism reset scalling distance

  !ism_config%boundary_cond(1,1) = 'axis'  
  ism_config%boundary_cond(2,1) = 'fix'!'limitinflow'!'limitinflowdisc'!'disc'!'fix'!'fix'!'limitoutflow' ! <<<<<!>>>>> : to enable this feature : you need to check that typeboundary_min{idims} (or typeboundary_max{idims}) is set to 7*'special'


  ism_config%nghostcells(1)        = 2
  ism_config%nghostcells(2)        = 2
  ism_config%flux_frac          = 9.0d-1
  ism_config%useprimitive       = .true. 
  ism_config%escapencells(1)       = 20
  ism_config%escapencells(2)       = 20    
  ! Use :
  !  - ism_config%mixed_fixed_bound(idims,iside,index) to 'fix' the index-th flux variable w(ixG^S,index) on top of the above boundary conditions:
  !  - (idims,iside) = (direction along which are set the boundary conditions,side i=1=min or i=2=max of the direction along which the bc is applied)
  !  - <<<<<!>>>>> : to enable this feature, you need to check that typeboundary_min{idims} (or typeboundary_max{idims}) is set to 7*'special'
  !  - index:
  ! 	* 1 : rho
  ! 	* 2 : v1 =  v_R in cylindrical coordinates
  ! 	* 3 : v2 =  v_Z in cylindrical coordinates
  ! 	* 4 : v3 =  v_phi in cylindrical coordinates  
  ! 	* 5 : p (or e for conservative variables) only when hd_energy==.true.
  ! 	* 6,7 (or resp. 5,6) : tracers when hd_energy==.true. (resp. hd_energy==.false.)
  !
  ! - By default, all ism_config%mixed_fixed_bound(2,1,index) are .false., so that only the above boundary conditions are considered !
  
  !ism_config%mixed_fixed_bound(2,1,1) = .true.
  !ism_config%mixed_fixed_bound(2,1,2) = .true.
  !ism_config%mixed_fixed_bound(2,1,3) = .true.
  !ism_config%mixed_fixed_bound(2,1,4) = .false.
  !ism_config%mixed_fixed_bound(2,1,5) = .true.
  !ism_config%mixed_fixed_bound(2,1,6) = .true.
  !ism_config%mixed_fixed_bound(2,1,7) = .true.
  !ism_config%boundary_cond(2,2) = 'fix'!'limitoutflow'!> ce truc ne sert à rien à moins que typeboundary_max2 = 7*'special'
  ism_config%boundary_on        = .true.
!  ism_config%debug        	 = .false. ! use it as .true. to debug user module mod_obj_ism.t


ism_config%profile_typeaxial  = 'spherical'!'projection_direction'
ism_config%profile_idir       = 1.0,0.0,0.0       !z=2,r=1  !  ism profile direction

ism_config%profile_center     = 0,0,0

ism_config%profile_density_on = .true. ! Zheng=True ! .false. ! .true. ! ISM set density profile
ism_config%profile_pressure_on= .true. ! Zheng=True ! .false. !.true.
ism_config%theta_floored      = 0.0d0
ism_config%profile_force_on   = .false.!.false. ! Zheng=True  !.true.!.false.!.true. ! .false. ! ISM set force profile
ism_config%profile_force_gradP_on = .false.!.false.
ism_config%weight_mean = 'arithmetic'
ism_config%weight_analy = 1.0d0
ism_config%weight_num = 0.0d0
ism_config%weight_mean_variable = 'default'!'minus_density_grad'
ism_config%profile_rw_force = 2.5d16
ism_config%weight_num_index = 1.0d0
ism_config%weight_analy_index = 1.0d0
ism_config%profile_density    = 'Lee2001'!'Ulrich1976'!'Ulrich1976'!'Lee2001'!'Ulrich1976'!>>HH4647'cabrit1997' ! Zheng19 = 'cabrit1997' !ISM density profile
ism_config%profile_jspec = 8.0782850178d20!20       !> ISM envelope specific angular momentum
ism_config%profile_Minf  = 2.5203562637184713d20 !> ISM envelope infalling mass-loss rate on the protostar
ism_config%profile_Mstar = 8.94784441814123d32   !> central objet or protostar mass

ism_config%profile_zc    = 1.0d16!4.49d14 ! 1.0d16 !4.49d14 ! Zheng19 = 30 au = 4.49d14 cm :  grandeur de normalisation dans le profil de pression/densite (en cm)
ism_config%profile_rw    = 2.5d15 !> ISM reference radius for Lee 2001 profile (in cm)
ism_config%profile_kappa    = 2.0d0 ! Zheng19 = 2 ! indice kappa pour la loi de densité et de pression : 'cabrit1997' <=> kappa=2
ism_config%profile_shiftstart = 0.00d0 !>>HH4647 3.33d14 ! 3.33d14 ! 1.0d15 ! the distance from which the ISM profile is set

ism_config%chemical_gas_type = 'fullyatomic'!>>HH4647'fullyatomic'
ism_config%He_abundance      = 0.1
/

&usr_usrboundary_ism_list
  !usrboundary_config%boundary_type(1,1) = 'axis'
  usrboundary_config%boundary_type(2,1) = 'fix'!'limitinflow'!'limitinflowdisc'!'disc'
  usrboundary_config%boundary_type(2,2) = 'open'
  usrboundary_config%useprimitive       = .true.
  !usrboundary_config%special_origin_theta       = .true.
  !usrboundary_config%nghostcells(1)        = 2
  !usrboundary_config%nghostcells(2)        = 2
  usrboundary_config%flux_frac          = 9.0d-1
  usrboundary_config%ngc          = 9
  usrboundary_config%RHS          = 0
  usrboundary_config%LHS          = 0
/

!11/12/19 : pour le jet et le projet n°1 de Sylvie Cabrit sur son article de 1997, les paramètres ci-dessous pour le jet ont été testés
!et fixées aux valeurs recommandées et correspondant le mieux à la simulation de l'article
&usr_cla_jet_list
    cla_jet_config%unit                  =  'cgs' !> physical unit at parameter file
    cla_jet_config%time_cla_jet_on       =  0.0d0 !> initial time the cla_jet is set in the simulation box

    cla_jet_config%myindice              =  0       !> cla_jet associated indice
    cla_jet_config%density               =  1.795963442083303d-19!<-------Fm=0.6e-7 Msun/yr

    cla_jet_config%number_density        =  0.0d0
    cla_jet_config%temperature           =  100.0d0  !>>HH4647 !> cla_jet temperature  (K)
    cla_jet_config%pressure              =  0.0d0   !> cla_jet pressure
    cla_jet_config%pressure_toism        =  0.0d0   !> cla_jet pressure relative to ism pressure
    cla_jet_config%magnetic(1)           =  0.0d0   !> cla_jet magnetic field components : 0.0d0 = HD
    cla_jet_config%magnetic(2)           =  0.0d0   !> cla_jet magnetic field components : 0.0d0 = HD
    cla_jet_config%magnetic(3)           =  0.0d0   !> cla_jet magnetic field components : 0.0d0 = HD
    cla_jet_config%xisigma               =  0.0d0   !> cla_jet magnetisation : 0.0d0 = HD
    cla_jet_config%magn_anglePHItoPol    =  0.0d0   !> cla_jet magnetisation field incl : 0.0d0 = HD

    cla_jet_config%Mach_number           =  0.0!250.0d0   !> cla_jet  Mach number : Par défaut : Ma = 20
    cla_jet_config%c_sound               =  0.0d0   !> cla_jet  sound speed (cm/s)
    cla_jet_config%velocity(1)           =  0.0d0   !> cla_jet  velocity (radial speed)(cm/s)
    cla_jet_config%velocity(2)           =  1.2d7 !
    cla_jet_config%velocity(3)           =  0.0d0   !> cla_jet  velocity (rotation speed)(cm/s)
    cla_jet_config%velocity_poloidal     =  1.2d7 !<--- norme du vecteur vitesse au niveau de l'inlet du jet
    cla_jet_config%power                 =  0.0d0   !> wind power flux
    cla_jet_config%mass_flux             =  0.0d0   ! 3.15e19 ! flux en H+H^++H2 1.13d21 !1.89d18 ! grammes/s>>>Zhang19 = 0.3e-7 Msun/yr  0.0!9.8525563d16!1.9705112501213315d17!1.3136741667475542d17!!   !> wind mass flux : cabrit1997 = 1.3136741d17 à Vjet = 100 km/s et 1.9705111e+17 à Vjet = 150 km/s (Vjet = 150 km/s ne marche qu a basse resolution de maillage)
                                            ! c'est par l'imposition de cla_jet_config%mass_flux et de cla_jet_config%velocity(2) que la densité est alors imposée à l'intérieur du jet
                                            ! pour avoir :
                                            ! * Vjet = 100 km/s, R_jet = 0.5e16 cm et n_jet = 100 cm-3 >>> mass_flux = 1.3136741667475542e+17 g / s
                                            ! * Vjet = 150 km/s, R_jet = 0.5e16 cm et n_jet = 100 cm-3 >>> mass_flux = 1.9705112501213315e+17 g / s
                                            ! * Vjet = 150 km/s, R_jet = 0.5e16 cm et n_jet = 50 cm-3 >>> mass_flux = 9.8525563e+16 g / s

    cla_jet_config%open_angle            = 3.0d0 !>>HH4647 !>  cla_jet initial open angle  (degre): 0.0d0 = jet droit cylindrique
    cla_jet_config%z_in                  =  -46.275d18 !> cla_jet inner boundary position
    cla_jet_config%variation_n_cells     = 2
    cla_jet_config%z_impos               =  8.22d14 !
    cla_jet_config%z_out_init            =  8.30d14 !
    cla_jet_config%r_out_init            =  7.47d14! <--- 50 UA
    cla_jet_config%r_out_impos           =  7.47d14! <--- 50 UA

    cla_jet_config%r_in_init             =  0.0 !-7.48d14 !> cla_jet inner jet  region : position de la limite gauche du jet en coordonnées cylindriques : à tenir compte dans le calcul de la surface d'éjection du jet et donc du calcul du flux de masse ejectée

    cla_jet_config%tracer_on             =  .true. !> cla_jet logical to set tracer
    cla_jet_config%tracer_init_density   =  1.0d9!> cla_jet tracer density
    cla_jet_config%tracer_small_density  =  1.0d-15!> cla_jet tracer small density
    cla_jet_config%shape                 =  'conical'  !> cla_jet shape
    cla_jet_config%profile               =  'none'  !> cla_jet profile


    cla_jet_config%variation_on          =  .true. ! Zhang19 .false. !.true.! to set on  or off the jet-injection in-real-time velocity variability
    cla_jet_config%density_variation_on  =  .true. !<----- vary mass-loss rate !> cla_jet density variation switch
    cla_jet_config%pressure_variation_on =  .true. !<----- vary constant jet temperature !> cla_jet pressure variation switch : enables constant temperature in the jet inlet
    cla_jet_config%density_variation_profile =  'conserved_mflux' !<----- which variability apply to pressure and/or pressure
    cla_jet_config%variation_start_time  =  0.0d0 !time (in s in cgs) at which to begin the time variability : 0.0 to begin at the start of the simulation
    cla_jet_config%variation_end_time    =  4d15
    cla_jet_config%variation_velocity_amplitude =  1.2d7 !<--- norme du vecteur vitesse au niveau de l'inlet du jet (aux yeux du code, c'est une autre variable qu'on a oublié, surtout moi, de retirer quand on a rajouté   le paramètre cla_jet_config%velocity_poloidal en ouvrant le jet, donc par sécurité, comme je ne sais pas si on l'utilise toujours ailleurs, fixons la même valeur qu'au-dessus)
    cla_jet_config%variation_velocity_poloidal =  6.0d6 !<------ variation de la norme du vecteur vitesse du jet
    cla_jet_config%variation_velocity(1) =  0.0d0
    cla_jet_config%variation_velocity(2) =  6.0d6 !<------ variation de la norme du vecteur vitesse du jet
    cla_jet_config%variation_velocity(3) =  0.0d0
    cla_jet_config%variation_time        =  9.46728d9!<---- 300 ans
    cla_jet_config%variation_position    =  0.0d0,8.22d14 ,0.0d0!0.0d0,8.22d14 ,0.0d0 !>>HH4647 !0.0d0, 1d15 ,0.0d0 !0.0d0, 1.495978707d14,0.0d0 ! = 0,10 au,0position (in 3d : if cylindrical : phi = 3, z=2, r=1) under which is set the time variability : default = 0,3d15,0
    cla_jet_config%variation_type        =  'sawtooth2' !
    cla_jet_config%variation_phys_nvariable   = 1  ! number of physical variable with variation
    cla_jet_config%variation_phys_variable(1) =  3 ! 3 mean the velocity in Z direction

    cla_jet_config%refine_min_level      = 5
    cla_jet_config%chemical_gas_type     = 'fullyatomic' !>>HH4647



/
 ---------------------------------------------------------------------------
  End of reading of the usr_list
  End of reading of the usr_list
  End of reading of the usr_list
  End of reading of the usr_list
  End of reading of the usr_list
  End of reading of the usr_list
  End of reading of the usr_list
 ---------------------------------------------------------------------------
 |         __  __ ____ ___        _    __  __ ______     ___    ____       |
 |        |  \/  |  _ \_ _|      / \  |  \/  |  _ \ \   / / \  / ___|      |
 |        | |\/| | |_) | |_____ / _ \ | |\/| | |_) \ \ / / _ \| |          |
 |        | |  | |  __/| |_____/ ___ \| |  | |  _ < \ V / ___ \ |___       |
 |        |_|  |_|_|  |___|   /_/   \_\_|  |_|_| \_\ \_/_/   \_\____|      |
 --------------------------------------------------------------------------
 ---------------------------------------------------------------------------
  End of reading of the usr_list
  End of reading of the usr_list
  End of reading of the usr_list
  End of reading of the usr_list
  End of reading of the usr_list
  End of reading of the usr_list
  End of reading of the usr_list
  End of reading of the usr_list
  End of reading of the usr_list
  End of reading of the usr_list
  End of reading of the usr_list
  End of reading of the usr_list
  End of reading of the usr_list
 Reading usr_list
  End of reading of the usr_list
  End of reading of the usr_list
  End of reading of the usr_list
  End of reading of the usr_list
  End of reading of the usr_list
  End of reading of the usr_list
  End of reading of the usr_list
  End of reading of the usr_list
  End of reading of the usr_list
  End of reading of the usr_list
  End of reading of the usr_list
  End of reading of the usr_list
  End of reading of the usr_list
  End of reading of the usr_list
  End of reading of the usr_list
 Reading usr_physical_values_list
  End of reading of the usr_list
  End of reading of the usr_list
  End of reading of the usr_list
  End of reading of the usr_list
  End of reading of the usr_list
  End of reading of the usr_list
  End of reading of the usr_list
  End of reading of the usr_list
  End of reading of the usr_list
  End of reading of the usr_list
 Reading usr_ism_list
  End of reading of the usr_list
  End of reading of the usr_list
 End of Reading 
 usr_ismlist0                                                                  
 Reading usr_boundary_list           1 
 boundary                                                                      
  End of reading of the hd_list
  End of reading of the hd_list
  End of reading of the hd_list
  End of reading of the hd_list
  End of reading of the hd_list
  End of reading of the hd_list
  End of reading of the hd_list
 End of Reading 
 usr_boundarylist1                                                             
 Reading usr_cla_jet_list
  End of reading of the hd_list
  End of reading of the hd_list
  End of reading of the hd_list
  End of reading of the hd_list
  End of reading of the hd_list
  End of reading of the rc_list
  End of reading of the hd_list
  End of reading of the rc_list
  End of reading of the hd_list
  End of reading of the rc_list
  End of reading of the rc_list
  End of reading of the rc_list
  End of reading of the hd_list
  End of reading of the hd_list
  End of reading of the hd_list
  End of reading of the rc_list
  End of reading of the rc_list
  End of reading of the hd_list
  End of reading of the rc_list
  End of reading of the hd_list
  End of reading of the rc_list
  End of reading of the rc_list
  End of reading of the rc_list
  End of reading of the rc_list
  End of reading of the rc_list
  End of reading of the rc_list
  End of reading of the rc_list
  End of reading of the hd_list
  End of reading of the rc_list
  End of reading of the rc_list
  End of reading of the hd_list
  End of reading of the hd_list
  End of reading of the hd_list
  End of reading of the hd_list
  End of reading of the hd_list
  End of reading of the rc_list
  End of reading of the rc_list
  End of reading of the hd_list
  End of reading of the rc_list
  End of reading of the hd_list
  End of reading of the rc_list
  End of reading of the rc_list
  End of reading of the rc_list
  End of reading of the rc_list
  End of reading of the hd_list
  End of reading of the hd_list
  End of reading of the rc_list
  End of reading of the hd_list
  End of reading of the hd_list
  End of reading of the hd_list
  End of reading of the hd_list
  End of reading of the hd_list
  End of reading of the rc_list
  End of reading of the hd_list
  End of reading of the hd_list
  End of reading of the rc_list
  End of reading of the hd_list
  End of reading of the hd_list
  End of reading of the rc_list
  End of reading of the rc_list
  End of reading of the hd_list
  End of reading of the rc_list
  End of reading of the rc_list
  End of reading of the hd_list
  End of reading of the hd_list
  End of reading of the rc_list
  End of reading of the rc_list
  End of reading of the rc_list
  End of reading of the hd_list
  End of reading of the rc_list
  End of reading of the rc_list
  End of reading of the rc_list
  End of reading of the hd_list
  End of reading of the hd_list
  End of reading of the rc_list
  End of reading of the hd_list
  End of reading of the hd_list
  End of reading of the rc_list
  End of reading of the hd_list
 Use SPEX cooling curve for solar metallicity above 10^4 K. 
 At lower temperatures,use Dalgarno & McCray (1972), 
 with a pre-set ionization fraction of 10^-3. 
 as described by Schure et al. (2009). 
  End of reading of the rc_list
  End of reading of the rc_list
  End of reading of the rc_list
  End of reading of the rc_list
  End of reading of the rc_list
  End of reading of the rc_list
  End of reading of the rc_list
  End of reading of the rc_list
 Reading Kappeli2016.par
 End par file read
 
  End of reading of the usr_list
 Output type | dtsave    | ditsave | itsave(1) | tsave(1)
         log | 0.105E+00 | ******  |      0    | *********
      normal | 0.105E+02 | ******  |      0    | *********
       slice | ********* | ******  | ******    | *********
   collapsed | ********* | ******  | ******    | *********
    analysis | ********* | ******  | ******    | *********
 
                 typelimited: predictor                                                                                                                          
         Domain size (cells): 240 240 
                Level one dx: 0.836E+01 0.836E+01 
           Refine estimation: Lohner's scheme
  End of reading of the hd_list
                   slicenext: 0
                collapsenext: 0
  End of reading of the rc_list
           restart_from_file:  undefined
                  converting: F

 1)the jet radius =    747000000000000.     
 2)the jet radius =    820312500000000.     
 the jet self%myconfig%r_out_init =    820312500000000.     
 jet shape conical             
 jet shape conical             
 jet typeaxial 
 cylindrical                                                                    
                                                     
 the jet Surface =   0.000000000000000E+000
 the jet open_angle =    3.00000000000000     
 the jet open_angle_in =   0.000000000000000E+000
 the jet z0 =   1.565249493915205E+016
 the jet jet_radius_out_init =   1.567397557793927E+016
 jet typeaxial 
 cylindrical                                                                    
                                                     
 the jet Surface =   2.115466860209846E+030
 1)the jet radius =    747000000000000.     
 2)the jet radius =    820312500000000.     
 the jet self%myconfig%r_out_init =    820312500000000.     
 jet shape conical             
 jet shape conical             
 jet typeaxial 
 cylindrical                                                                    
                                                     
 the jet Surface =   0.000000000000000E+000
 the jet open_angle =    3.00000000000000     
 the jet open_angle_in =   0.000000000000000E+000
 the jet z0 =   1.565249493915205E+016
 the jet jet_radius_out_init =   1.567397557793927E+016
 jet typeaxial 
 cylindrical                                                                    
                                                     
 the jet Surface =   2.115466860209846E+030
 1)the jet radius =    747000000000000.     
 2)the jet radius =    820312500000000.     
 the jet self%myconfig%r_out_init =    820312500000000.     
 jet shape conical             
 jet shape conical             
 jet typeaxial 
 cylindrical                                                                    
                                                     
 the jet Surface =   0.000000000000000E+000
 the jet open_angle =    3.00000000000000     
 the jet open_angle_in =   0.000000000000000E+000
 the jet z0 =   1.565249493915205E+016
 the jet jet_radius_out_init =   1.567397557793927E+016
 jet typeaxial 
 cylindrical                                                                    
                                                     
 the jet Surface =   2.115466860209846E+030
 1)the jet radius =    747000000000000.     
 1)the jet radius =    747000000000000.     
 2)the jet radius =    820312500000000.     
 the jet self%myconfig%r_out_init =    820312500000000.     
 jet shape conical             
 jet shape conical             
 jet typeaxial 
 2)the jet radius =    820312500000000.     
 1)the jet radius =    747000000000000.     
 2)the jet radius =    820312500000000.     
 the jet self%myconfig%r_out_init =    820312500000000.     
 jet shape conical             
 jet shape conical             
 jet typeaxial 
 cylindrical                                                                    
 cylindrical                                                                    
                                                     
 the jet Surface =   0.000000000000000E+000
 the jet open_angle =    3.00000000000000     
 1)the jet radius =    747000000000000.     
 2)the jet radius =    820312500000000.     
 the jet self%myconfig%r_out_init =    820312500000000.     
 jet shape conical             
 jet shape conical             
 jet typeaxial 
 cylindrical                                                                    
                                                     
 the jet Surface =   0.000000000000000E+000
 1)the jet radius =    747000000000000.     
 2)the jet radius =    820312500000000.     
 the jet self%myconfig%r_out_init =    820312500000000.     
 jet shape conical             
 jet shape conical             
 jet typeaxial 
 cylindrical                                                                    
                                                     
 the jet Surface =   0.000000000000000E+000
 the jet open_angle =    3.00000000000000     
                                                     
 the jet Surface =   0.000000000000000E+000
 the jet open_angle =    3.00000000000000     
 the jet open_angle_in =   0.000000000000000E+000
 the jet z0 =   1.565249493915205E+016
 the jet jet_radius_out_init =   1.567397557793927E+016
 jet typeaxial 
 cylindrical                                                                    
                                                     
 the jet Surface =   2.115466860209846E+030
 the jet open_angle_in =   0.000000000000000E+000
 the jet z0 =   1.565249493915205E+016
 the jet jet_radius_out_init =   1.567397557793927E+016
 jet typeaxial 
 cylindrical                                                                    
                                                     
 the jet Surface =   2.115466860209846E+030
 1)the jet radius =    747000000000000.     
 2)the jet radius =    820312500000000.     
 the jet self%myconfig%r_out_init =    820312500000000.     
 jet shape conical             
 jet shape conical             
 the jet open_angle =    3.00000000000000     
 the jet open_angle_in =   0.000000000000000E+000
 the jet z0 =   1.565249493915205E+016
 the jet jet_radius_out_init =   1.567397557793927E+016
 jet typeaxial 
 cylindrical                                                                    
                                                     
 the jet open_angle_in =   0.000000000000000E+000
 the jet z0 =   1.565249493915205E+016
 the jet jet_radius_out_init =   1.567397557793927E+016
 jet typeaxial 
 cylindrical                                                                    
 jet typeaxial 
 cylindrical                                                                    
                                                     
 the jet Surface =   0.000000000000000E+000
 the jet open_angle =    3.00000000000000     
 the jet open_angle_in =   0.000000000000000E+000
 the jet Surface =   2.115466860209846E+030
                                                     
 the jet Surface =   2.115466860209846E+030
 1)the jet radius =    747000000000000.     
 the jet z0 =   1.565249493915205E+016
 the jet jet_radius_out_init =   1.567397557793927E+016
 jet typeaxial 
 cylindrical                                                                    
                                                     
 the jet Surface =   2.115466860209846E+030
 the jet self%myconfig%r_out_init =    820312500000000.     
 jet shape conical             
 jet shape conical             
 jet typeaxial 
 cylindrical                                                                    
                                                     
 the jet Surface =   0.000000000000000E+000
 the jet open_angle =    3.00000000000000     
 the jet open_angle_in =   0.000000000000000E+000
 the jet z0 =   1.565249493915205E+016
 the jet jet_radius_out_init =   1.567397557793927E+016
 jet typeaxial 
 cylindrical                                                                    
                                                     
 the jet Surface =   2.115466860209846E+030
 2)the jet radius =    820312500000000.     
 1)the jet radius =    747000000000000.     
 2)the jet radius =    820312500000000.     
 the jet self%myconfig%r_out_init =    820312500000000.     
 jet shape conical             
 the jet self%myconfig%r_out_init =    820312500000000.     
 jet shape conical             
 jet typeaxial 
 cylindrical                                                                    
                                                     
 the jet Surface =   0.000000000000000E+000
 the jet open_angle =    3.00000000000000     
 the jet open_angle_in =   0.000000000000000E+000
 the jet z0 =   1.565249493915205E+016
 the jet jet_radius_out_init =   1.567397557793927E+016
 jet typeaxial 
 cylindrical                                                                    
                                                     
 the jet Surface =   2.115466860209846E+030
 jet shape conical             
 jet shape conical             
 1)the jet radius =    747000000000000.     
 jet typeaxial 
 cylindrical                                                                    
                                                     
 the jet Surface =   0.000000000000000E+000
 the jet open_angle =    3.00000000000000     
 the jet open_angle_in =   0.000000000000000E+000
 the jet z0 =   1.565249493915205E+016
 the jet jet_radius_out_init =   1.567397557793927E+016
 jet typeaxial 
 cylindrical                                                                    
                                                     
 1)the jet radius =    747000000000000.     
 2)the jet radius =    820312500000000.     
 the jet self%myconfig%r_out_init =    820312500000000.     
 jet shape conical             
 jet shape conical             
 1)the jet radius =    747000000000000.     
 2)the jet radius =    820312500000000.     
 the jet self%myconfig%r_out_init =    820312500000000.     
 jet shape conical             
 jet shape conical             
 jet typeaxial 
 cylindrical                                                                    
                                                     
 the jet Surface =   0.000000000000000E+000
 the jet open_angle =    3.00000000000000     
 the jet open_angle_in =   0.000000000000000E+000
 the jet z0 =   1.565249493915205E+016
 the jet jet_radius_out_init =   1.567397557793927E+016
 2)the jet radius =    820312500000000.     
 the jet self%myconfig%r_out_init =    820312500000000.     
 jet shape conical             
 jet shape conical             
 jet typeaxial 
 cylindrical                                                                    
                                                     
 the jet Surface =   0.000000000000000E+000
 the jet open_angle =    3.00000000000000     
 the jet open_angle_in =   0.000000000000000E+000
 1)the jet radius =    747000000000000.     
 2)the jet radius =    820312500000000.     
 the jet self%myconfig%r_out_init =    820312500000000.     
 jet shape conical             
 jet shape conical             
 jet typeaxial 
 cylindrical                                                                    
                                                     
 the jet Surface =   0.000000000000000E+000
 the jet open_angle =    3.00000000000000     
 the jet open_angle_in =   0.000000000000000E+000
 the jet z0 =   1.565249493915205E+016
 the jet jet_radius_out_init =   1.567397557793927E+016
 jet typeaxial 
 cylindrical                                                                    
                                                     
 the jet Surface =   2.115466860209846E+030
 the jet Surface =   2.115466860209846E+030
 jet typeaxial 
 cylindrical                                                                    
                                                     
 the jet Surface =   2.115466860209846E+030
 the jet z0 =   1.565249493915205E+016
 the jet jet_radius_out_init =   1.567397557793927E+016
 jet typeaxial 
 cylindrical                                                                    
                                                     
 the jet Surface =   2.115466860209846E+030
 1)the jet radius =    747000000000000.     
 jet typeaxial 
 cylindrical                                                                    
                                                     
 the jet Surface =   0.000000000000000E+000
 the jet open_angle =    3.00000000000000     
 the jet open_angle_in =   0.000000000000000E+000
 the jet z0 =   1.565249493915205E+016
 the jet jet_radius_out_init =   1.567397557793927E+016
 1)the jet radius =    747000000000000.     
 2)the jet radius =    820312500000000.     
 the jet self%myconfig%r_out_init =    820312500000000.     
 jet shape conical             
 jet shape conical             
 jet typeaxial 
 cylindrical                                                                    
                                                     
 the jet Surface =   2.115466860209846E+030
 jet typeaxial 
 cylindrical                                                                    
                                                     
 the jet Surface =   0.000000000000000E+000
 the jet open_angle =    3.00000000000000     
 the jet open_angle_in =   0.000000000000000E+000
 the jet z0 =   1.565249493915205E+016
 the jet jet_radius_out_init =   1.567397557793927E+016
 1)the jet radius =    747000000000000.     
 jet typeaxial 
 cylindrical                                                                    
                                                     
 the jet Surface =   2.115466860209846E+030
 2)the jet radius =    820312500000000.     
 the jet self%myconfig%r_out_init =    820312500000000.     
 jet shape conical             
 jet shape conical             
 jet typeaxial 
 cylindrical                                                                    
                                                     
 the jet Surface =   0.000000000000000E+000
 the jet open_angle =    3.00000000000000     
 the jet open_angle_in =   0.000000000000000E+000
 the jet z0 =   1.565249493915205E+016
 the jet jet_radius_out_init =   1.567397557793927E+016
 jet typeaxial 
 cylindrical                                                                    
                                                     
 the jet Surface =   2.115466860209846E+030
 2)the jet radius =    820312500000000.     
 the jet self%myconfig%r_out_init =    820312500000000.     
 1)the jet radius =    747000000000000.     
 2)the jet radius =    820312500000000.     
 the jet self%myconfig%r_out_init =    820312500000000.     
 jet shape conical             
 jet shape conical             
 jet typeaxial 
 cylindrical                                                                    
                                                     
 the jet Surface =   0.000000000000000E+000
 the jet open_angle =    3.00000000000000     
 the jet open_angle_in =   0.000000000000000E+000
 the jet z0 =   1.565249493915205E+016
 the jet jet_radius_out_init =   1.567397557793927E+016
 jet typeaxial 
 cylindrical                                                                    
                                                     
 the jet Surface =   2.115466860209846E+030
 jet shape conical             
 1)the jet radius =    747000000000000.     
 2)the jet radius =    820312500000000.     
 the jet self%myconfig%r_out_init =    820312500000000.     
 jet shape conical             
 jet shape conical             
 jet typeaxial 
 cylindrical                                                                    
                                                     
 the jet Surface =   0.000000000000000E+000
 the jet open_angle =    3.00000000000000     
 the jet open_angle_in =   0.000000000000000E+000
 the jet z0 =   1.565249493915205E+016
 the jet jet_radius_out_init =   1.567397557793927E+016
 jet typeaxial 
 cylindrical                                                                    
                                                     
 the jet Surface =   2.115466860209846E+030
 1)the jet radius =    747000000000000.     
 2)the jet radius =    820312500000000.     
 the jet self%myconfig%r_out_init =    820312500000000.     
 jet shape conical             
 jet shape conical             
 jet typeaxial 
 cylindrical                                                                    
                                                     
 the jet Surface =   0.000000000000000E+000
 the jet open_angle =    3.00000000000000     
 the jet open_angle_in =   0.000000000000000E+000
 the jet z0 =   1.565249493915205E+016
 the jet jet_radius_out_init =   1.567397557793927E+016
 1)the jet radius =    747000000000000.     
 2)the jet radius =    820312500000000.     
 the jet self%myconfig%r_out_init =    820312500000000.     
 jet shape conical             
 jet typeaxial 
 cylindrical                                                                    
                                                     
 the jet Surface =   2.115466860209846E+030
 jet shape conical             
 jet typeaxial 
 cylindrical                                                                    
                                                     
 the jet Surface =   0.000000000000000E+000
 the jet open_angle =    3.00000000000000     
 the jet open_angle_in =   0.000000000000000E+000
 the jet z0 =   1.565249493915205E+016
 the jet jet_radius_out_init =   1.567397557793927E+016
 jet typeaxial 
 cylindrical                                                                    
                                                     
 the jet Surface =   2.115466860209846E+030
 jet shape conical             
 jet typeaxial 
 cylindrical                                                                    
                                                     
 the jet Surface =   0.000000000000000E+000
 1)the jet radius =    747000000000000.     
 2)the jet radius =    820312500000000.     
 the jet self%myconfig%r_out_init =    820312500000000.     
 jet shape conical             
 jet shape conical             
 jet typeaxial 
 cylindrical                                                                    
                                                     
 the jet Surface =   0.000000000000000E+000
 the jet open_angle =    3.00000000000000     
 the jet open_angle_in =   0.000000000000000E+000
 the jet z0 =   1.565249493915205E+016
 the jet jet_radius_out_init =   1.567397557793927E+016
 jet typeaxial 
 cylindrical                                                                    
                                                     
 the jet Surface =   2.115466860209846E+030
 the jet open_angle =    3.00000000000000     
 the jet open_angle_in =   0.000000000000000E+000
 the jet z0 =   1.565249493915205E+016
 the jet jet_radius_out_init =   1.567397557793927E+016
 jet typeaxial 
 cylindrical                                                                    
                                                     
 the jet Surface =   2.115466860209846E+030
 1)the jet radius =    747000000000000.     
 2)the jet radius =    820312500000000.     
 1)the jet radius =    747000000000000.     
 the jet self%myconfig%r_out_init =    820312500000000.     
 jet shape conical             
 jet shape conical             
 jet typeaxial 
 cylindrical                                                                    
                                                     
 the jet Surface =   0.000000000000000E+000
 the jet open_angle =    3.00000000000000     
 the jet open_angle_in =   0.000000000000000E+000
 the jet z0 =   1.565249493915205E+016
 the jet jet_radius_out_init =   1.567397557793927E+016
 jet typeaxial 
 cylindrical                                                                    
                                                     
 the jet Surface =   2.115466860209846E+030
 2)the jet radius =    820312500000000.     
 1)the jet radius =    747000000000000.     
 the jet self%myconfig%r_out_init =    820312500000000.     
 jet shape conical             
 jet shape conical             
 jet typeaxial 
 cylindrical                                                                    
                                                     
 the jet Surface =   0.000000000000000E+000
 the jet open_angle =    3.00000000000000     
 the jet open_angle_in =   0.000000000000000E+000
 the jet z0 =   1.565249493915205E+016
 the jet jet_radius_out_init =   1.567397557793927E+016
 jet typeaxial 
 cylindrical                                                                    
                                                     
 the jet Surface =   2.115466860209846E+030
 2)the jet radius =    820312500000000.     
 the jet self%myconfig%r_out_init =    820312500000000.     
 1)the jet radius =    747000000000000.     
 jet shape conical             
 jet shape conical             
 jet typeaxial 
 cylindrical                                                                    
                                                     
 the jet Surface =   0.000000000000000E+000
 the jet open_angle =    3.00000000000000     
 the jet open_angle_in =   0.000000000000000E+000
 the jet z0 =   1.565249493915205E+016
 the jet jet_radius_out_init =   1.567397557793927E+016
 jet typeaxial 
 cylindrical                                                                    
                                                     
 the jet Surface =   2.115466860209846E+030
 1)the jet radius =    747000000000000.     
 2)the jet radius =    820312500000000.     
 the jet self%myconfig%r_out_init =    820312500000000.     
 jet shape conical             
 jet shape conical             
 jet typeaxial 
 cylindrical                                                                    
                                                     
 the jet Surface =   0.000000000000000E+000
 the jet open_angle =    3.00000000000000     
 the jet open_angle_in =   0.000000000000000E+000
 the jet z0 =   1.565249493915205E+016
 the jet jet_radius_out_init =   1.567397557793927E+016
 jet typeaxial 
 1)the jet radius =    747000000000000.     
 cylindrical                                                                    
                                                     
 the jet Surface =   2.115466860209846E+030
 2)the jet radius =    820312500000000.     
 the jet self%myconfig%r_out_init =    820312500000000.     
 jet shape conical             
 jet shape conical             
 jet typeaxial 
 cylindrical                                                                    
                                                     
 the jet Surface =   0.000000000000000E+000
 the jet open_angle =    3.00000000000000     
 the jet open_angle_in =   0.000000000000000E+000
 the jet z0 =   1.565249493915205E+016
 the jet jet_radius_out_init =   1.567397557793927E+016
 jet typeaxial 
 cylindrical                                                                    
                                                     
 the jet Surface =   2.115466860209846E+030
 1)the jet radius =    747000000000000.     
 2)the jet radius =    820312500000000.     
 the jet self%myconfig%r_out_init =    820312500000000.     
 jet shape conical             
 jet shape conical             
 jet typeaxial 
 cylindrical                                                                    
                                                     
 the jet Surface =   0.000000000000000E+000
 the jet open_angle =    3.00000000000000     
 the jet open_angle_in =   0.000000000000000E+000
 the jet z0 =   1.565249493915205E+016
 the jet jet_radius_out_init =   1.567397557793927E+016
 jet typeaxial 
 cylindrical                                                                    
                                                     
 the jet Surface =   2.115466860209846E+030
 2)the jet radius =    820312500000000.     
 1)the jet radius =    747000000000000.     
 2)the jet radius =    820312500000000.     
 the jet self%myconfig%r_out_init =    820312500000000.     
 jet shape conical             
 jet shape conical             
 jet typeaxial 
 cylindrical                                                                    
                                                     
 the jet Surface =   0.000000000000000E+000
 the jet open_angle =    3.00000000000000     
 the jet open_angle_in =   0.000000000000000E+000
 the jet z0 =   1.565249493915205E+016
 the jet jet_radius_out_init =   1.567397557793927E+016
 jet typeaxial 
 cylindrical                                                                    
 1)the jet radius =    747000000000000.     
                                                     
 the jet Surface =   2.115466860209846E+030
 2)the jet radius =    820312500000000.     
 the jet self%myconfig%r_out_init =    820312500000000.     
 jet shape conical             
 jet shape conical             
 jet typeaxial 
 cylindrical                                                                    
                                                     
 the jet Surface =   0.000000000000000E+000
 the jet open_angle =    3.00000000000000     
 the jet open_angle_in =   0.000000000000000E+000
 the jet z0 =   1.565249493915205E+016
 the jet jet_radius_out_init =   1.567397557793927E+016
 1)the jet radius =    747000000000000.     
 2)the jet radius =    820312500000000.     
 the jet self%myconfig%r_out_init =    820312500000000.     
 jet shape conical             
 jet typeaxial 
 cylindrical                                                                    
                                                     
 the jet Surface =   2.115466860209846E+030
 jet shape conical             
 jet typeaxial 
 cylindrical                                                                    
 1)the jet radius =    747000000000000.     
 the jet self%myconfig%r_out_init =    820312500000000.     
 jet shape conical             
 jet shape conical             
 jet typeaxial 
 cylindrical                                                                    
                                                     
 the jet Surface =   0.000000000000000E+000
 the jet open_angle =    3.00000000000000     
 the jet open_angle_in =   0.000000000000000E+000
 the jet z0 =   1.565249493915205E+016
 the jet jet_radius_out_init =   1.567397557793927E+016
 jet typeaxial 
                                                     
 the jet Surface =   0.000000000000000E+000
 the jet open_angle =    3.00000000000000     
 the jet open_angle_in =   0.000000000000000E+000
 the jet z0 =   1.565249493915205E+016
 the jet jet_radius_out_init =   1.567397557793927E+016
 jet typeaxial 
 cylindrical                                                                    
                                                     
 the jet Surface =   2.115466860209846E+030
 cylindrical                                                                    
                                                     
 the jet Surface =   2.115466860209846E+030
 1)the jet radius =    747000000000000.     
 2)the jet radius =    820312500000000.     
 the jet self%myconfig%r_out_init =    820312500000000.     
 jet shape conical             
 jet shape conical             
 jet typeaxial 
 cylindrical                                                                    
                                                     
 1)the jet radius =    747000000000000.     
 2)the jet radius =    820312500000000.     
 the jet self%myconfig%r_out_init =    820312500000000.     
 jet shape conical             
 the jet Surface =   0.000000000000000E+000
 the jet open_angle =    3.00000000000000     
 the jet open_angle_in =   0.000000000000000E+000
 the jet z0 =   1.565249493915205E+016
 the jet jet_radius_out_init =   1.567397557793927E+016
 jet typeaxial 
 cylindrical                                                                    
                                                     
 the jet Surface =   2.115466860209846E+030
 1)the jet radius =    747000000000000.     
 jet shape conical             
 jet typeaxial 
 cylindrical                                                                    
                                                     
 the jet Surface =   0.000000000000000E+000
 the jet open_angle =    3.00000000000000     
 the jet open_angle_in =   0.000000000000000E+000
 the jet z0 =   1.565249493915205E+016
 the jet jet_radius_out_init =   1.567397557793927E+016
 jet typeaxial 
 cylindrical                                                                    
                                                     
 the jet Surface =   2.115466860209846E+030
 2)the jet radius =    820312500000000.     
 the jet self%myconfig%r_out_init =    820312500000000.     
 jet shape conical             
 jet shape conical             
 jet typeaxial 
 cylindrical                                                                    
                                                     
 the jet Surface =   0.000000000000000E+000
 the jet open_angle =    3.00000000000000     
 the jet open_angle_in =   0.000000000000000E+000
 the jet z0 =   1.565249493915205E+016
 the jet jet_radius_out_init =   1.567397557793927E+016
 jet typeaxial 
 cylindrical                                                                    
                                                     
 the jet Surface =   2.115466860209846E+030
 1)the jet radius =    747000000000000.     
 2)the jet radius =    820312500000000.     
 the jet self%myconfig%r_out_init =    820312500000000.     
 jet shape conical             
 jet shape conical             
 jet typeaxial 
 cylindrical                                                                    
 1)the jet radius =    747000000000000.     
 2)the jet radius =    820312500000000.     
                                                     
 the jet Surface =   0.000000000000000E+000
 the jet open_angle =    3.00000000000000     
 the jet open_angle_in =   0.000000000000000E+000
 the jet z0 =   1.565249493915205E+016
 the jet jet_radius_out_init =   1.567397557793927E+016
 the jet self%myconfig%r_out_init =    820312500000000.     
 jet shape conical             
 jet shape conical             
 jet typeaxial 
 cylindrical                                                                    
                                                     
 the jet Surface =   0.000000000000000E+000
 the jet open_angle =    3.00000000000000     
 the jet open_angle_in =   0.000000000000000E+000
 the jet z0 =   1.565249493915205E+016
 jet typeaxial 
 cylindrical                                                                    
                                                     
 the jet Surface =   2.115466860209846E+030
 the jet jet_radius_out_init =   1.567397557793927E+016
 jet typeaxial 
 cylindrical                                                                    
                                                     
 the jet Surface =   2.115466860209846E+030
 1)the jet radius =    747000000000000.     
 2)the jet radius =    820312500000000.     
 the jet self%myconfig%r_out_init =    820312500000000.     
 jet shape conical             
 jet shape conical             
 jet typeaxial 
 cylindrical                                                                    
                                                     
 the jet Surface =   0.000000000000000E+000
 the jet open_angle =    3.00000000000000     
 the jet open_angle_in =   0.000000000000000E+000
 the jet z0 =   1.565249493915205E+016
 the jet jet_radius_out_init =   1.567397557793927E+016
 jet typeaxial 
 cylindrical                                                                    
                                                     
 the jet Surface =   2.115466860209846E+030
 2)the jet radius =    820312500000000.     
 the jet self%myconfig%r_out_init =    820312500000000.     
 1)the jet radius =    747000000000000.     
 2)the jet radius =    820312500000000.     
 the jet self%myconfig%r_out_init =    820312500000000.     
 jet shape conical             
 jet shape conical             
 jet typeaxial 
 cylindrical                                                                    
                                                     
 the jet Surface =   0.000000000000000E+000
 the jet open_angle =    3.00000000000000     
 the jet open_angle_in =   0.000000000000000E+000
 the jet z0 =   1.565249493915205E+016
 1)the jet radius =    747000000000000.     
 2)the jet radius =    820312500000000.     
 the jet self%myconfig%r_out_init =    820312500000000.     
 the jet jet_radius_out_init =   1.567397557793927E+016
 jet shape conical             
 jet shape conical             
 jet typeaxial 
 cylindrical                                                                    
                                                     
 the jet Surface =   0.000000000000000E+000
 the jet open_angle =    3.00000000000000     
 the jet open_angle_in =   0.000000000000000E+000
 the jet z0 =   1.565249493915205E+016
 jet typeaxial 
 cylindrical                                                                    
                                                     
 the jet Surface =   2.115466860209846E+030
 the jet jet_radius_out_init =   1.567397557793927E+016
 jet typeaxial 
 cylindrical                                                                    
                                                     
 the jet Surface =   2.115466860209846E+030
 1)the jet radius =    747000000000000.     
 2)the jet radius =    820312500000000.     
 the jet self%myconfig%r_out_init =    820312500000000.     
 jet shape conical             
 jet shape conical             
 jet typeaxial 
 cylindrical                                                                    
                                                     
 the jet Surface =   0.000000000000000E+000
 the jet open_angle =    3.00000000000000     
 the jet open_angle_in =   0.000000000000000E+000
 the jet z0 =   1.565249493915205E+016
 the jet jet_radius_out_init =   1.567397557793927E+016
 1)the jet radius =    747000000000000.     
 2)the jet radius =    820312500000000.     
 the jet self%myconfig%r_out_init =    820312500000000.     
 jet shape conical             
 jet shape conical             
 jet typeaxial 
 cylindrical                                                                    
                                                     
 the jet Surface =   2.115466860209846E+030
 jet shape conical             
 jet shape conical             
 jet typeaxial 
 cylindrical                                                                    
                                                     
 the jet Surface =   0.000000000000000E+000
 the jet open_angle =    3.00000000000000     
 the jet open_angle_in =   0.000000000000000E+000
 the jet z0 =   1.565249493915205E+016
 the jet jet_radius_out_init =   1.567397557793927E+016
 jet typeaxial 
 cylindrical                                                                    
                                                     
 the jet Surface =   2.115466860209846E+030
 jet typeaxial 
 cylindrical                                                                    
                                                     
 the jet Surface =   0.000000000000000E+000
 the jet open_angle =    3.00000000000000     
 the jet open_angle_in =   0.000000000000000E+000
 the jet z0 =   1.565249493915205E+016
 the jet jet_radius_out_init =   1.567397557793927E+016
 jet typeaxial 
 cylindrical                                                                    
                                                     
 ======================ISM settings=======================
 * at (R,z) = (r_j,0) : 
 ** The ism base temperature is =    100.000000000000     
 ** The ism base density is =  1.600000000000000E-018
 ** The ism base number density nH is    683272.906387098     
 =========================================================
 1)the jet radius =    747000000000000.     
 2)the jet radius =    820312500000000.     
 the jet self%myconfig%r_out_init =    820312500000000.     
 jet shape conical             
 jet shape conical             
 jet typeaxial 
 cylindrical                                                                    
                                                     
 the jet Surface =   0.000000000000000E+000
 the jet open_angle =    3.00000000000000     
 the jet open_angle_in =   0.000000000000000E+000
 the jet z0 =   1.565249493915205E+016
 the jet jet_radius_out_init =   1.567397557793927E+016
 jet typeaxial 
 cylindrical                                                                    
                                                     
 the jet Surface =   2.115466860209846E+030
 the jet temperature =    100.000000000000     
 jet density  1.795963442083303E-019
 jet ndensity   76695.8225523272     
 set_complet jet shapeconical             
 jet v_j   628031.474915326        11983554.4170549       0.000000000000000E+000
 the jet mflux =   4.559161372650759E+018
 3)the jet radius =    820312500000000.     
 3)the jet inner radius =   -39062500000000.0     
 the jet Surface =   2.115466860209846E+030
 phys_config%He_abundance  0.100000000000000     
 in mod_obj_usr_unit.t usr_physical_unit_fillphysunit subroutine: 
 ism density  2.341670487800000E-030
 ism ndensity  1.000000000000000E-006
 ism pressure  5.822995576026895E-019
 ism temperature   3834.16285288672     
 the jet Surface =   2.115466860209846E+030
 1)the jet radius =    747000000000000.     
 2)the jet radius =    820312500000000.     
 the jet self%myconfig%r_out_init =    820312500000000.     
 jet shape conical             
 jet shape conical             
 jet typeaxial 
 cylindrical                                                                    
                                                     
 the jet Surface =   0.000000000000000E+000
 the jet open_angle =    3.00000000000000     
 the jet open_angle_in =   0.000000000000000E+000
 the jet z0 =   1.565249493915205E+016
 the jet jet_radius_out_init =   1.567397557793927E+016
 jet typeaxial 
 cylindrical                                                                    
                                                     
 the jet Surface =   2.115466860209846E+030
 Jet start :-)
 1)the jet radius =    747000000000000.     
 2)the jet radius =    820312500000000.     
 the jet self%myconfig%r_out_init =    820312500000000.     
 jet shape conical             
 jet shape conical             
 jet typeaxial 
 cylindrical                                                                    
                                                     
 the jet Surface =   0.000000000000000E+000
 the jet open_angle =    3.00000000000000     
 the jet open_angle_in =   0.000000000000000E+000
 the jet z0 =   1.565249493915205E+016
 the jet jet_radius_out_init =   1.567397557793927E+016
 jet typeaxial 
 cylindrical                                                                    
                                                     
 the jet Surface =   2.115466860209846E+030
 1)the jet radius =    747000000000000.     
 2)the jet radius =    820312500000000.     
 the jet self%myconfig%r_out_init =    820312500000000.     
 jet shape conical             
 jet shape conical             
 jet typeaxial 
 cylindrical                                                                    
                                                     
 the jet Surface =   0.000000000000000E+000
 the jet open_angle =    3.00000000000000     
 the jet open_angle_in =   0.000000000000000E+000
 the jet z0 =   1.565249493915205E+016
 the jet jet_radius_out_init =   1.567397557793927E+016
 jet typeaxial 
 cylindrical                                                                    
                                                     
 the jet Surface =   2.115466860209846E+030
 -------------------------------------------------------------------------------
 Startup phase took :             1.478 sec
 -------------------------------------------------------------------------------
 Start integrating, print status every  3.00E+01 seconds
        it        time          dt  wc-time(s)
         0   0.000E+00   2.166E-05   3.389E-04
In CGS          0 T=   0.000E+00 dT=   6.499E+03
 -------------------------------------------------------------------------------
 Saving visual data. Coordinate directions and variable names are:
          -1 R               
           0 Z               
           1 rho             rho             
           2 v1              v1              
           3 v2              v2              
           4 v3              v3              
           5 p               p               
           6 tracer_ism      tracer_ism      
           7 tracer_jet      tracer_jet      
           8 Gphi            Gphi            
           9 mup             mup             
          10 theta           theta           
          11 thetazero       thetazero       
          12 L1              L1              
          13 dtcool1         dtcool1         
          14 mach_number     mach_number     
          15 temperature     temperature     
          16 level           level           
          17 number density  number density  
          18 gravfield1      gravfield1      
          19 gravfield2      gravfield2      
          20 gravfield3      gravfield3      
          21 grav_phi        grav_phi        
          22 erroramrrho     erroramrrho     
          23 erroamrp        erroamrp        
          24 deltav_dust11   deltav_dust11   
          25 deltav_dust12   deltav_dust12   
 time =  0.000000000000000E+000
 -------------------------------------------------------------------------------
       144   2.104E-01   2.879E-03   3.013E+01
In CGS        144 T=   6.312E+07 dT=   8.638E+05
       293   8.213E-01   5.433E-03   6.029E+01
In CGS        293 T=   2.464E+08 dT=   1.630E+06
       441   1.760E+00   7.743E-03   9.036E+01
In CGS        441 T=   5.279E+08 dT=   2.323E+06
       589   3.048E+00   2.575E-03   1.205E+02
In CGS        589 T=   9.144E+08 dT=   7.724E+05
       736   4.675E+00   1.165E-02   1.505E+02
In CGS        736 T=   1.403E+09 dT=   3.495E+06
       883   6.286E+00   1.131E-02   1.806E+02
In CGS        883 T=   1.886E+09 dT=   3.392E+06
      1030   7.935E+00   1.126E-02   2.107E+02
In CGS       1030 T=   2.380E+09 dT=   3.379E+06
      1177   9.478E+00   1.059E-02   2.409E+02
In CGS       1177 T=   2.843E+09 dT=   3.176E+06
      1316   1.090E+01   1.051E-02   2.710E+02
In CGS       1316 T=   3.269E+09 dT=   3.154E+06
      1461   1.228E+01   1.002E-02   3.011E+02
In CGS       1461 T=   3.685E+09 dT=   3.007E+06
      1607   1.367E+01   1.029E-02   3.312E+02
In CGS       1607 T=   4.102E+09 dT=   3.088E+06
      1752   1.506E+01   9.676E-03   3.612E+02
In CGS       1752 T=   4.519E+09 dT=   2.903E+06
      1897   1.637E+01   9.509E-03   3.914E+02
In CGS       1897 T=   4.911E+09 dT=   2.853E+06
      2042   1.775E+01   9.637E-03   4.215E+02
In CGS       2042 T=   5.325E+09 dT=   2.891E+06
      2186   1.908E+01   9.395E-03   4.516E+02
In CGS       2186 T=   5.723E+09 dT=   2.818E+06
      2330   2.042E+01   9.794E-03   4.817E+02
In CGS       2330 T=   6.125E+09 dT=   2.938E+06
      2461   2.167E+01   9.713E-03   5.118E+02
In CGS       2461 T=   6.501E+09 dT=   2.914E+06
      2604   2.304E+01   9.986E-03   5.419E+02
In CGS       2604 T=   6.911E+09 dT=   2.996E+06
      2745   2.439E+01   9.942E-03   5.719E+02
In CGS       2745 T=   7.317E+09 dT=   2.983E+06
      2886   2.571E+01   9.895E-03   6.021E+02
In CGS       2886 T=   7.712E+09 dT=   2.968E+06
      3027   2.705E+01   9.635E-03   6.321E+02
In CGS       3027 T=   8.116E+09 dT=   2.891E+06
      3168   2.835E+01   9.211E-03   6.622E+02
In CGS       3168 T=   8.506E+09 dT=   2.763E+06
      3308   2.958E+01   9.387E-03   6.923E+02
In CGS       3308 T=   8.873E+09 dT=   2.816E+06
      3447   3.080E+01   8.942E-03   7.223E+02
In CGS       3447 T=   9.239E+09 dT=   2.683E+06
      3569   3.186E+01   8.861E-03   7.524E+02
In CGS       3569 T=   9.557E+09 dT=   2.658E+06
      3707   3.301E+01   8.617E-03   7.825E+02
In CGS       3707 T=   9.903E+09 dT=   2.585E+06
      3843   3.411E+01   8.227E-03   8.125E+02
In CGS       3843 T=   1.023E+10 dT=   2.468E+06
      3980   3.522E+01   8.229E-03   8.427E+02
In CGS       3980 T=   1.056E+10 dT=   2.469E+06
      4115   3.629E+01   8.013E-03   8.727E+02
In CGS       4115 T=   1.089E+10 dT=   2.404E+06
      4249   3.731E+01   8.062E-03   9.029E+02
In CGS       4249 T=   1.119E+10 dT=   2.419E+06
      4383   3.831E+01   7.787E-03   9.331E+02
In CGS       4383 T=   1.149E+10 dT=   2.336E+06
      4516   3.930E+01   7.415E-03   9.632E+02
In CGS       4516 T=   1.179E+10 dT=   2.224E+06
      4648   4.027E+01   7.452E-03   9.934E+02
In CGS       4648 T=   1.208E+10 dT=   2.236E+06
      4777   4.117E+01   7.272E-03   1.024E+03
In CGS       4777 T=   1.235E+10 dT=   2.182E+06
      4907   4.208E+01   7.342E-03   1.060E+03
In CGS       4907 T=   1.263E+10 dT=   2.203E+06
      5037   4.300E+01   6.983E-03   1.090E+03
In CGS       5037 T=   1.290E+10 dT=   2.095E+06
      5166   4.384E+01   6.774E-03   1.120E+03
In CGS       5166 T=   1.315E+10 dT=   2.032E+06
      5294   4.468E+01   6.818E-03   1.150E+03
In CGS       5294 T=   1.340E+10 dT=   2.045E+06
      5419   4.550E+01   6.666E-03   1.181E+03
In CGS       5419 T=   1.365E+10 dT=   2.000E+06
      5545   4.630E+01   6.403E-03   1.211E+03
In CGS       5545 T=   1.389E+10 dT=   1.921E+06
      5671   4.711E+01   6.673E-03   1.241E+03
In CGS       5671 T=   1.413E+10 dT=   2.002E+06
      5797   4.790E+01   6.359E-03   1.271E+03
In CGS       5797 T=   1.437E+10 dT=   1.908E+06
      5922   4.865E+01   6.124E-03   1.301E+03
In CGS       5922 T=   1.460E+10 dT=   1.837E+06
      6046   4.942E+01   6.380E-03   1.331E+03
In CGS       6046 T=   1.483E+10 dT=   1.914E+06
      6170   5.017E+01   6.096E-03   1.361E+03
In CGS       6170 T=   1.505E+10 dT=   1.829E+06
      6293   5.088E+01   5.935E-03   1.391E+03
In CGS       6293 T=   1.527E+10 dT=   1.780E+06
      6415   5.162E+01   6.154E-03   1.421E+03
In CGS       6415 T=   1.549E+10 dT=   1.846E+06
      6537   5.233E+01   5.873E-03   1.451E+03
In CGS       6537 T=   1.570E+10 dT=   1.762E+06
      6617   5.278E+01   5.690E-03   1.481E+03
In CGS       6617 T=   1.583E+10 dT=   1.707E+06
      6738   5.347E+01   6.077E-03   1.511E+03
In CGS       6738 T=   1.604E+10 dT=   1.823E+06
      6859   5.417E+01   7.692E-04   1.542E+03
In CGS       6859 T=   1.625E+10 dT=   2.308E+05
      6979   5.483E+01   5.514E-03   1.572E+03
In CGS       6979 T=   1.645E+10 dT=   1.654E+06
      7099   5.549E+01   5.909E-03   1.602E+03
In CGS       7099 T=   1.665E+10 dT=   1.773E+06
      7219   5.617E+01   2.875E-03   1.632E+03
In CGS       7219 T=   1.685E+10 dT=   8.626E+05
      7338   5.680E+01   2.894E-03   1.662E+03
In CGS       7338 T=   1.704E+10 dT=   8.683E+05
      7457   5.744E+01   5.749E-03   1.692E+03
In CGS       7457 T=   1.723E+10 dT=   1.725E+06
      7575   5.809E+01   5.566E-03   1.722E+03
In CGS       7575 T=   1.743E+10 dT=   1.670E+06
      7693   5.872E+01   5.243E-03   1.752E+03
In CGS       7693 T=   1.762E+10 dT=   1.573E+06
      7808   5.931E+01   5.570E-03   1.783E+03
In CGS       7808 T=   1.779E+10 dT=   1.671E+06
      7924   5.995E+01   5.471E-03   1.813E+03
In CGS       7924 T=   1.798E+10 dT=   1.641E+06
      8040   6.054E+01   5.157E-03   1.843E+03
In CGS       8040 T=   1.816E+10 dT=   1.547E+06
      8153   6.111E+01   5.324E-03   1.873E+03
In CGS       8153 T=   1.833E+10 dT=   1.597E+06
      8268   6.171E+01   5.402E-03   1.903E+03
In CGS       8268 T=   1.851E+10 dT=   1.621E+06
      8382   6.229E+01   5.062E-03   1.933E+03
In CGS       8382 T=   1.869E+10 dT=   1.519E+06
      8495   6.285E+01   5.100E-03   1.964E+03
In CGS       8495 T=   1.886E+10 dT=   1.530E+06
      8556   6.316E+01   5.333E-03   1.994E+03
In CGS       8556 T=   1.895E+10 dT=   1.600E+06
      8668   6.375E+01   5.229E-03   2.024E+03
In CGS       8668 T=   1.912E+10 dT=   1.569E+06
      8777   6.428E+01   4.892E-03   2.054E+03
In CGS       8777 T=   1.928E+10 dT=   1.468E+06
      8870   6.472E+01   5.026E-03   2.084E+03
In CGS       8870 T=   1.942E+10 dT=   1.508E+06
      8977   6.526E+01   5.209E-03   2.115E+03
In CGS       8977 T=   1.958E+10 dT=   1.563E+06
      9086   6.580E+01   4.537E-03   2.145E+03
In CGS       9086 T=   1.974E+10 dT=   1.361E+06
      9195   6.627E+01   4.377E-03   2.175E+03
In CGS       9195 T=   1.988E+10 dT=   1.313E+06
      9301   6.673E+01   4.501E-03   2.205E+03
In CGS       9301 T=   2.002E+10 dT=   1.350E+06
      9409   6.720E+01   4.452E-03   2.235E+03
In CGS       9409 T=   2.016E+10 dT=   1.336E+06
      9516   6.768E+01   5.129E-03   2.266E+03
In CGS       9516 T=   2.031E+10 dT=   1.539E+06
      9623   6.828E+01   5.929E-03   2.296E+03
In CGS       9623 T=   2.048E+10 dT=   1.779E+06
      9729   6.887E+01   5.461E-03   2.326E+03
In CGS       9729 T=   2.066E+10 dT=   1.638E+06
      9835   6.941E+01   5.134E-03   2.356E+03
In CGS       9835 T=   2.082E+10 dT=   1.540E+06
      9939   6.993E+01   5.046E-03   2.386E+03
In CGS       9939 T=   2.098E+10 dT=   1.514E+06
     10044   7.045E+01   4.984E-03   2.416E+03
In CGS      10044 T=   2.114E+10 dT=   1.495E+06
     10150   7.096E+01   4.912E-03   2.447E+03
In CGS      10150 T=   2.129E+10 dT=   1.474E+06
     10255   7.146E+01   4.894E-03   2.477E+03
In CGS      10255 T=   2.144E+10 dT=   1.468E+06
     10360   7.196E+01   4.909E-03   2.507E+03
In CGS      10360 T=   2.159E+10 dT=   1.473E+06
     10464   7.246E+01   4.837E-03   2.537E+03
In CGS      10464 T=   2.174E+10 dT=   1.451E+06
     10567   7.295E+01   4.820E-03   2.567E+03
In CGS      10567 T=   2.189E+10 dT=   1.446E+06
     10670   7.344E+01   4.880E-03   2.597E+03
In CGS      10670 T=   2.203E+10 dT=   1.464E+06
     10711   7.364E+01   4.968E-03   2.628E+03
In CGS      10711 T=   2.209E+10 dT=   1.490E+06
     10814   7.416E+01   4.818E-03   2.659E+03
In CGS      10814 T=   2.225E+10 dT=   1.445E+06
     10915   7.469E+01   5.516E-03   2.689E+03
In CGS      10915 T=   2.241E+10 dT=   1.655E+06
     11016   7.523E+01   5.410E-03   2.719E+03
In CGS      11016 T=   2.257E+10 dT=   1.623E+06
     11116   7.575E+01   5.178E-03   2.749E+03
In CGS      11116 T=   2.272E+10 dT=   1.554E+06
     11216   7.625E+01   5.126E-03   2.779E+03
In CGS      11216 T=   2.288E+10 dT=   1.538E+06
     11316   7.675E+01   4.970E-03   2.809E+03
In CGS      11316 T=   2.302E+10 dT=   1.491E+06
     11415   7.721E+01   4.590E-03   2.839E+03
In CGS      11415 T=   2.316E+10 dT=   1.377E+06
     11514   7.764E+01   4.385E-03   2.870E+03
In CGS      11514 T=   2.329E+10 dT=   1.316E+06
     11613   7.806E+01   4.263E-03   2.900E+03
In CGS      11613 T=   2.342E+10 dT=   1.279E+06
     11711   7.847E+01   4.206E-03   2.930E+03
In CGS      11711 T=   2.354E+10 dT=   1.262E+06
     11809   7.887E+01   4.126E-03   2.960E+03
In CGS      11809 T=   2.366E+10 dT=   1.238E+06
     11905   7.925E+01   3.956E-03   2.990E+03
In CGS      11905 T=   2.377E+10 dT=   1.187E+06
     12002   7.963E+01   3.730E-03   3.020E+03
In CGS      12002 T=   2.389E+10 dT=   1.119E+06
     12099   7.999E+01   3.670E-03   3.051E+03
In CGS      12099 T=   2.400E+10 dT=   1.101E+06
     12191   8.031E+01   3.532E-03   3.081E+03
In CGS      12191 T=   2.409E+10 dT=   1.060E+06
     12287   8.064E+01   3.411E-03   3.111E+03
In CGS      12287 T=   2.419E+10 dT=   1.023E+06
     12383   8.096E+01   3.848E-03   3.141E+03
In CGS      12383 T=   2.429E+10 dT=   1.155E+06
     12478   8.137E+01   4.423E-03   3.171E+03
In CGS      12478 T=   2.441E+10 dT=   1.327E+06
     12574   8.179E+01   4.405E-03   3.201E+03
In CGS      12574 T=   2.454E+10 dT=   1.321E+06
     12669   8.221E+01   4.812E-03   3.231E+03
In CGS      12669 T=   2.466E+10 dT=   1.444E+06
     12763   8.266E+01   5.028E-03   3.262E+03
In CGS      12763 T=   2.480E+10 dT=   1.508E+06
     12856   8.313E+01   5.059E-03   3.292E+03
In CGS      12856 T=   2.494E+10 dT=   1.518E+06
     12950   8.360E+01   5.087E-03   3.322E+03
In CGS      12950 T=   2.508E+10 dT=   1.526E+06
     13044   8.408E+01   5.494E-03   3.352E+03
In CGS      13044 T=   2.522E+10 dT=   1.648E+06
     13059   8.416E+01   5.621E-03   3.383E+03
In CGS      13059 T=   2.525E+10 dT=   1.686E+06
     13152   8.468E+01   4.632E-04   3.413E+03
In CGS      13152 T=   2.540E+10 dT=   1.390E+05
     13245   8.519E+01   5.445E-03   3.443E+03
In CGS      13245 T=   2.556E+10 dT=   1.634E+06
     13338   8.569E+01   5.824E-03   3.473E+03
In CGS      13338 T=   2.571E+10 dT=   1.747E+06
     13431   8.620E+01   5.834E-03   3.503E+03
In CGS      13431 T=   2.586E+10 dT=   1.750E+06
     13523   8.672E+01   5.849E-03   3.533E+03
In CGS      13523 T=   2.602E+10 dT=   1.755E+06
     13615   8.723E+01   5.760E-03   3.564E+03
In CGS      13615 T=   2.617E+10 dT=   1.728E+06
     13705   8.773E+01   5.697E-03   3.594E+03
In CGS      13705 T=   2.632E+10 dT=   1.709E+06
     13796   8.824E+01   5.673E-03   3.624E+03
In CGS      13796 T=   2.647E+10 dT=   1.702E+06
     13887   8.874E+01   5.620E-03   3.654E+03
In CGS      13887 T=   2.662E+10 dT=   1.686E+06
     13977   8.924E+01   5.654E-03   3.684E+03
In CGS      13977 T=   2.677E+10 dT=   1.696E+06
     14067   8.973E+01   5.666E-03   3.714E+03
In CGS      14067 T=   2.692E+10 dT=   1.700E+06
     14157   9.023E+01   5.683E-03   3.745E+03
In CGS      14157 T=   2.707E+10 dT=   1.705E+06
     14246   9.073E+01   5.827E-03   3.775E+03
In CGS      14246 T=   2.722E+10 dT=   1.748E+06
     14335   9.124E+01   6.011E-03   3.805E+03
In CGS      14335 T=   2.737E+10 dT=   1.803E+06
     14424   9.176E+01   5.904E-03   3.835E+03
In CGS      14424 T=   2.753E+10 dT=   1.771E+06
     14513   9.228E+01   5.899E-03   3.865E+03
In CGS      14513 T=   2.768E+10 dT=   1.770E+06
     14600   9.283E+01   7.897E-03   3.895E+03
In CGS      14600 T=   2.785E+10 dT=   2.369E+06
     14688   9.353E+01   8.509E-03   3.925E+03
In CGS      14688 T=   2.806E+10 dT=   2.553E+06
     14776   9.425E+01   2.500E-03   3.956E+03
In CGS      14776 T=   2.827E+10 dT=   7.501E+05
     14830   9.468E+01   8.597E-03   4.004E+03
In CGS      14830 T=   2.840E+10 dT=   2.579E+06
     14918   9.540E+01   8.657E-03   4.035E+03
In CGS      14918 T=   2.862E+10 dT=   2.597E+06
     15005   9.613E+01   8.964E-03   4.065E+03
In CGS      15005 T=   2.884E+10 dT=   2.689E+06
     15092   9.689E+01   8.989E-03   4.095E+03
In CGS      15092 T=   2.907E+10 dT=   2.697E+06
     15178   9.765E+01   9.003E-03   4.125E+03
In CGS      15178 T=   2.929E+10 dT=   2.701E+06
     15264   9.840E+01   9.184E-03   4.155E+03
In CGS      15264 T=   2.952E+10 dT=   2.755E+06
     15349   9.915E+01   9.369E-03   4.185E+03
In CGS      15349 T=   2.974E+10 dT=   2.811E+06
     15434   9.989E+01   9.512E-03   4.215E+03
In CGS      15434 T=   2.997E+10 dT=   2.854E+06
     15515   1.006E+02   9.561E-03   4.246E+03
In CGS      15515 T=   3.018E+10 dT=   2.868E+06
     15599   1.014E+02   9.758E-03   4.276E+03
In CGS      15599 T=   3.041E+10 dT=   2.927E+06
     15684   1.021E+02   6.652E-03   4.306E+03
In CGS      15684 T=   3.064E+10 dT=   1.996E+06
     15768   1.029E+02   9.593E-03   4.336E+03
In CGS      15768 T=   3.088E+10 dT=   2.878E+06
     15852   1.037E+02   9.130E-03   4.367E+03
In CGS      15852 T=   3.111E+10 dT=   2.739E+06
     15936   1.044E+02   9.352E-03   4.397E+03
In CGS      15936 T=   3.133E+10 dT=   2.806E+06
     16019   1.052E+02   9.642E-03   4.427E+03
In CGS      16019 T=   3.155E+10 dT=   2.893E+06
     16022   1.052E+02   9.661E-03   4.462E+03
In CGS      16022 T=   3.156E+10 dT=   2.898E+06
     16104   1.060E+02   1.000E-02   4.492E+03
In CGS      16104 T=   3.180E+10 dT=   3.000E+06
     16186   1.068E+02   9.939E-03   4.522E+03
In CGS      16186 T=   3.203E+10 dT=   2.982E+06
     16268   1.076E+02   1.009E-02   4.552E+03
In CGS      16268 T=   3.227E+10 dT=   3.028E+06
     16349   1.083E+02   1.031E-02   4.582E+03
In CGS      16349 T=   3.250E+10 dT=   3.093E+06
     16431   1.091E+02   1.028E-02   4.613E+03
In CGS      16431 T=   3.273E+10 dT=   3.083E+06
     16513   1.099E+02   1.022E-02   4.643E+03
In CGS      16513 T=   3.297E+10 dT=   3.067E+06
     16595   1.107E+02   1.019E-02   4.673E+03
In CGS      16595 T=   3.320E+10 dT=   3.056E+06
     16676   1.115E+02   1.015E-02   4.703E+03
In CGS      16676 T=   3.344E+10 dT=   3.045E+06
     16757   1.122E+02   2.961E-03   4.733E+03
In CGS      16757 T=   3.367E+10 dT=   8.884E+05
     16838   1.130E+02   1.027E-02   4.764E+03
In CGS      16838 T=   3.390E+10 dT=   3.080E+06
     16918   1.138E+02   1.039E-02   4.794E+03
In CGS      16918 T=   3.413E+10 dT=   3.116E+06
     16998   1.146E+02   1.055E-02   4.824E+03
In CGS      16998 T=   3.437E+10 dT=   3.166E+06
     17078   1.154E+02   1.060E-02   4.854E+03
In CGS      17078 T=   3.462E+10 dT=   3.180E+06
     17109   1.157E+02   1.058E-02   4.902E+03
In CGS      17109 T=   3.472E+10 dT=   3.175E+06
     17189   1.166E+02   1.056E-02   4.933E+03
In CGS      17189 T=   3.497E+10 dT=   3.169E+06
     17269   1.174E+02   1.055E-02   4.963E+03
In CGS      17269 T=   3.522E+10 dT=   3.165E+06
     17349   1.182E+02   1.053E-02   4.993E+03
In CGS      17349 T=   3.547E+10 dT=   3.160E+06
     17428   1.191E+02   1.052E-02   5.023E+03
In CGS      17428 T=   3.572E+10 dT=   3.155E+06
     17507   1.198E+02   1.051E-02   5.053E+03
In CGS      17507 T=   3.595E+10 dT=   3.152E+06
     17585   1.206E+02   1.050E-02   5.083E+03
In CGS      17585 T=   3.617E+10 dT=   3.150E+06
     17664   1.213E+02   1.049E-02   5.114E+03
In CGS      17664 T=   3.640E+10 dT=   3.147E+06
     17743   1.221E+02   1.045E-02   5.144E+03
In CGS      17743 T=   3.663E+10 dT=   3.136E+06
     17822   1.229E+02   1.042E-02   5.174E+03
In CGS      17822 T=   3.686E+10 dT=   3.126E+06
     17901   1.236E+02   1.045E-02   5.204E+03
In CGS      17901 T=   3.708E+10 dT=   3.136E+06
     17980   1.244E+02   1.043E-02   5.235E+03
In CGS      17980 T=   3.731E+10 dT=   3.128E+06
     18059   1.251E+02   1.046E-02   5.265E+03
In CGS      18059 T=   3.753E+10 dT=   3.138E+06
     18138   1.259E+02   1.048E-02   5.295E+03
In CGS      18138 T=   3.776E+10 dT=   3.145E+06
     18177   1.262E+02   1.043E-02   5.349E+03
In CGS      18177 T=   3.787E+10 dT=   3.129E+06
     18254   1.270E+02   1.034E-02   5.379E+03
In CGS      18254 T=   3.809E+10 dT=   3.103E+06
     18332   1.277E+02   1.025E-02   5.409E+03
In CGS      18332 T=   3.832E+10 dT=   3.076E+06
     18410   1.285E+02   1.019E-02   5.440E+03
In CGS      18410 T=   3.854E+10 dT=   3.056E+06
     18487   1.292E+02   1.011E-02   5.470E+03
In CGS      18487 T=   3.876E+10 dT=   3.033E+06
     18564   1.299E+02   9.987E-03   5.500E+03
In CGS      18564 T=   3.898E+10 dT=   2.996E+06
     18641   1.307E+02   9.835E-03   5.530E+03
In CGS      18641 T=   3.920E+10 dT=   2.951E+06
     18718   1.314E+02   9.617E-03   5.560E+03
In CGS      18718 T=   3.942E+10 dT=   2.885E+06
     18795   1.321E+02   9.219E-03   5.590E+03
In CGS      18795 T=   3.963E+10 dT=   2.766E+06
     18872   1.327E+02   8.704E-03   5.621E+03
In CGS      18872 T=   3.982E+10 dT=   2.611E+06
     18949   1.334E+02   8.660E-03   5.651E+03
In CGS      18949 T=   4.001E+10 dT=   2.598E+06
     19013   1.339E+02   8.809E-03   5.681E+03
In CGS      19013 T=   4.016E+10 dT=   2.643E+06
     19085   1.345E+02   9.010E-03   5.712E+03
In CGS      19085 T=   4.035E+10 dT=   2.703E+06
     19160   1.352E+02   9.119E-03   5.742E+03
In CGS      19160 T=   4.055E+10 dT=   2.736E+06
     19235   1.358E+02   9.293E-03   5.772E+03
In CGS      19235 T=   4.075E+10 dT=   2.788E+06
     19311   1.365E+02   9.478E-03   5.803E+03
In CGS      19311 T=   4.095E+10 dT=   2.843E+06
     19341   1.368E+02   9.542E-03   5.856E+03
In CGS      19341 T=   4.103E+10 dT=   2.863E+06
     19416   1.375E+02   9.782E-03   5.886E+03
In CGS      19416 T=   4.124E+10 dT=   2.934E+06
     19491   1.382E+02   9.978E-03   5.917E+03
In CGS      19491 T=   4.146E+10 dT=   2.993E+06
     19566   1.389E+02   1.020E-02   5.947E+03
In CGS      19566 T=   4.167E+10 dT=   3.061E+06
     19640   1.396E+02   1.032E-02   5.977E+03
In CGS      19640 T=   4.188E+10 dT=   3.097E+06
     19714   1.403E+02   3.152E-03   6.007E+03
In CGS      19714 T=   4.210E+10 dT=   9.457E+05
     19788   1.410E+02   1.008E-02   6.037E+03
In CGS      19788 T=   4.231E+10 dT=   3.025E+06
     19862   1.417E+02   1.003E-02   6.067E+03
In CGS      19862 T=   4.252E+10 dT=   3.009E+06
     19936   1.424E+02   1.007E-02   6.097E+03
In CGS      19936 T=   4.273E+10 dT=   3.020E+06
     20010   1.432E+02   1.019E-02   6.128E+03
In CGS      20010 T=   4.295E+10 dT=   3.058E+06
     20084   1.439E+02   1.044E-02   6.158E+03
In CGS      20084 T=   4.316E+10 dT=   3.131E+06
     20158   1.446E+02   1.064E-02   6.188E+03
In CGS      20158 T=   4.338E+10 dT=   3.192E+06
     20232   1.454E+02   1.063E-02   6.218E+03
In CGS      20232 T=   4.362E+10 dT=   3.190E+06
     20306   1.462E+02   1.064E-02   6.249E+03
In CGS      20306 T=   4.385E+10 dT=   3.192E+06
     20379   1.469E+02   1.066E-02   6.279E+03
In CGS      20379 T=   4.408E+10 dT=   3.199E+06
     20412   1.473E+02   1.067E-02   6.336E+03
In CGS      20412 T=   4.418E+10 dT=   3.200E+06
     20486   1.481E+02   1.065E-02   6.366E+03
In CGS      20486 T=   4.442E+10 dT=   3.196E+06
     20560   1.488E+02   9.652E-03   6.397E+03
In CGS      20560 T=   4.465E+10 dT=   2.896E+06
     20634   1.496E+02   1.059E-02   6.427E+03
In CGS      20634 T=   4.488E+10 dT=   3.178E+06
     20708   1.504E+02   1.059E-02   6.457E+03
In CGS      20708 T=   4.512E+10 dT=   3.176E+06
     20782   1.512E+02   1.057E-02   6.487E+03
In CGS      20782 T=   4.535E+10 dT=   3.171E+06
     20856   1.520E+02   1.055E-02   6.517E+03
In CGS      20856 T=   4.559E+10 dT=   3.166E+06
     20930   1.527E+02   1.033E-02   6.548E+03
In CGS      20930 T=   4.582E+10 dT=   3.098E+06
     21003   1.535E+02   1.053E-02   6.578E+03
In CGS      21003 T=   4.605E+10 dT=   3.160E+06
     21077   1.543E+02   1.053E-02   6.608E+03
In CGS      21077 T=   4.628E+10 dT=   3.158E+06
     21151   1.551E+02   1.052E-02   6.638E+03
In CGS      21151 T=   4.652E+10 dT=   3.156E+06
     21226   1.558E+02   1.052E-02   6.668E+03
In CGS      21226 T=   4.674E+10 dT=   3.155E+06
     21300   1.565E+02   1.051E-02   6.698E+03
In CGS      21300 T=   4.695E+10 dT=   3.154E+06
     21374   1.572E+02   1.051E-02   6.728E+03
In CGS      21374 T=   4.716E+10 dT=   3.154E+06
     21436   1.578E+02   1.050E-02   6.796E+03
In CGS      21436 T=   4.734E+10 dT=   3.151E+06
     21511   1.585E+02   1.951E-04   6.826E+03
In CGS      21511 T=   4.756E+10 dT=   5.853E+04
     21585   1.592E+02   1.050E-02   6.856E+03
In CGS      21585 T=   4.777E+10 dT=   3.150E+06
     21658   1.599E+02   1.050E-02   6.886E+03
In CGS      21658 T=   4.798E+10 dT=   3.150E+06
     21732   1.606E+02   1.050E-02   6.916E+03
In CGS      21732 T=   4.819E+10 dT=   3.150E+06
     21804   1.613E+02   1.051E-02   6.947E+03
In CGS      21804 T=   4.840E+10 dT=   3.152E+06
     21878   1.620E+02   1.051E-02   6.977E+03
In CGS      21878 T=   4.861E+10 dT=   3.153E+06
     21952   1.627E+02   1.051E-02   7.007E+03
In CGS      21952 T=   4.882E+10 dT=   3.154E+06
     22026   1.634E+02   1.052E-02   7.037E+03
In CGS      22026 T=   4.903E+10 dT=   3.155E+06
     22100   1.642E+02   1.052E-02   7.068E+03
In CGS      22100 T=   4.926E+10 dT=   3.157E+06
     22174   1.649E+02   1.417E-04   7.098E+03
In CGS      22174 T=   4.948E+10 dT=   4.251E+04
     22247   1.656E+02   1.045E-02   7.128E+03
In CGS      22247 T=   4.969E+10 dT=   3.134E+06
     22320   1.663E+02   1.037E-02   7.158E+03
In CGS      22320 T=   4.990E+10 dT=   3.111E+06
     22392   1.670E+02   1.025E-02   7.188E+03
In CGS      22392 T=   5.011E+10 dT=   3.074E+06
     22465   1.677E+02   1.005E-02   7.219E+03
In CGS      22465 T=   5.031E+10 dT=   3.015E+06
     22528   1.683E+02   9.511E-03   7.289E+03
In CGS      22528 T=   5.049E+10 dT=   2.853E+06
     22601   1.690E+02   9.495E-03   7.319E+03
In CGS      22601 T=   5.069E+10 dT=   2.849E+06
     22674   1.696E+02   9.598E-03   7.350E+03
In CGS      22674 T=   5.089E+10 dT=   2.879E+06
     22747   1.703E+02   9.726E-03   7.380E+03
In CGS      22747 T=   5.110E+10 dT=   2.918E+06
     22820   1.710E+02   5.847E-03   7.410E+03
In CGS      22820 T=   5.131E+10 dT=   1.754E+06
     22892   1.717E+02   1.016E-02   7.440E+03
In CGS      22892 T=   5.152E+10 dT=   3.049E+06
     22964   1.724E+02   1.033E-02   7.471E+03
In CGS      22964 T=   5.172E+10 dT=   3.099E+06
     23035   1.731E+02   1.046E-02   7.501E+03
In CGS      23035 T=   5.193E+10 dT=   3.138E+06
     23107   1.738E+02   1.047E-02   7.531E+03
In CGS      23107 T=   5.214E+10 dT=   3.141E+06
     23179   1.746E+02   1.058E-02   7.561E+03
In CGS      23179 T=   5.237E+10 dT=   3.175E+06
     23251   1.753E+02   1.059E-02   7.592E+03
In CGS      23251 T=   5.259E+10 dT=   3.177E+06
     23323   1.761E+02   1.059E-02   7.622E+03
In CGS      23323 T=   5.282E+10 dT=   3.178E+06
     23394   1.768E+02   9.512E-03   7.652E+03
In CGS      23394 T=   5.305E+10 dT=   2.854E+06
     23465   1.776E+02   1.072E-02   7.682E+03
In CGS      23465 T=   5.327E+10 dT=   3.215E+06
     23536   1.783E+02   1.068E-02   7.712E+03
In CGS      23536 T=   5.349E+10 dT=   3.203E+06
     23586   1.788E+02   1.066E-02   7.780E+03
In CGS      23586 T=   5.365E+10 dT=   3.199E+06
     23657   1.796E+02   1.064E-02   7.810E+03
In CGS      23657 T=   5.388E+10 dT=   3.191E+06
     23728   1.803E+02   1.061E-02   7.841E+03
In CGS      23728 T=   5.410E+10 dT=   3.184E+06
     23799   1.811E+02   1.059E-02   7.871E+03
In CGS      23799 T=   5.432E+10 dT=   3.177E+06
     23870   1.818E+02   1.057E-02   7.901E+03
In CGS      23870 T=   5.455E+10 dT=   3.172E+06
     23941   1.826E+02   1.056E-02   7.931E+03
In CGS      23941 T=   5.477E+10 dT=   3.168E+06
     24012   1.833E+02   1.055E-02   7.961E+03
In CGS      24012 T=   5.500E+10 dT=   3.165E+06
     24083   1.841E+02   1.054E-02   7.991E+03
In CGS      24083 T=   5.522E+10 dT=   3.162E+06
     24154   1.848E+02   1.036E-02   8.021E+03
In CGS      24154 T=   5.544E+10 dT=   3.108E+06
     24225   1.856E+02   1.053E-02   8.051E+03
In CGS      24225 T=   5.567E+10 dT=   3.158E+06
     24295   1.863E+02   1.052E-02   8.082E+03
In CGS      24295 T=   5.589E+10 dT=   3.156E+06
     24365   1.870E+02   1.052E-02   8.112E+03
In CGS      24365 T=   5.610E+10 dT=   3.155E+06
     24436   1.877E+02   1.051E-02   8.142E+03
In CGS      24436 T=   5.630E+10 dT=   3.154E+06
     24500   1.883E+02   1.051E-02   8.173E+03
In CGS      24500 T=   5.648E+10 dT=   3.153E+06
     24564   1.889E+02   1.051E-02   8.203E+03
In CGS      24564 T=   5.667E+10 dT=   3.152E+06
     24613   1.894E+02   1.050E-02   8.273E+03
In CGS      24613 T=   5.681E+10 dT=   3.151E+06
     24684   1.900E+02   1.050E-02   8.303E+03
In CGS      24684 T=   5.701E+10 dT=   3.150E+06
     24755   1.907E+02   1.050E-02   8.333E+03
In CGS      24755 T=   5.721E+10 dT=   3.150E+06
     24826   1.914E+02   1.050E-02   8.364E+03
In CGS      24826 T=   5.742E+10 dT=   3.151E+06
     24896   1.921E+02   1.050E-02   8.394E+03
In CGS      24896 T=   5.762E+10 dT=   3.151E+06
     24967   1.927E+02   1.051E-02   8.424E+03
In CGS      24967 T=   5.782E+10 dT=   3.152E+06
     25037   1.934E+02   1.051E-02   8.454E+03
In CGS      25037 T=   5.802E+10 dT=   3.152E+06
     25107   1.941E+02   1.051E-02   8.484E+03
In CGS      25107 T=   5.822E+10 dT=   3.153E+06
     25178   1.948E+02   1.051E-02   8.515E+03
In CGS      25178 T=   5.843E+10 dT=   3.154E+06
     25249   1.954E+02   3.343E-05   8.545E+03
In CGS      25249 T=   5.863E+10 dT=   1.003E+04
     25319   1.961E+02   1.052E-02   8.575E+03
In CGS      25319 T=   5.883E+10 dT=   3.156E+06
     25390   1.969E+02   1.052E-02   8.606E+03
In CGS      25390 T=   5.906E+10 dT=   3.156E+06
     25460   1.976E+02   1.052E-02   8.636E+03
In CGS      25460 T=   5.928E+10 dT=   3.157E+06
     25530   1.983E+02   1.054E-02   8.666E+03
In CGS      25530 T=   5.950E+10 dT=   3.161E+06
     25598   1.990E+02   1.054E-02   8.696E+03
In CGS      25598 T=   5.971E+10 dT=   3.162E+06
     25667   1.998E+02   1.051E-02   8.727E+03
In CGS      25667 T=   5.993E+10 dT=   3.154E+06
     25679   1.999E+02   1.051E-02   8.779E+03
In CGS      25679 T=   5.996E+10 dT=   3.152E+06
     25748   2.005E+02   1.041E-02   8.810E+03
In CGS      25748 T=   6.016E+10 dT=   3.123E+06
     25817   2.012E+02   1.035E-02   8.840E+03
In CGS      25817 T=   6.036E+10 dT=   3.106E+06
     25885   2.019E+02   1.016E-02   8.870E+03
In CGS      25885 T=   6.056E+10 dT=   3.049E+06
mpiexec: Forwarding signal 18 to job
slurmstepd-tycho63: error: *** JOB 3060710 ON tycho63 CANCELLED AT 2022-03-23T18:43:46 ***
