mkdir: cannot create directory ‘Ulrich1976’: File exists
2901190
tycho55
/scratch/mrabenanahary/run.2901190.Ulrich1976
::::::::::::::
Ulrich1976.par
::::::::::::::
!==============================================================
! Project : YSO JET MIALY
! Aim     :
! Results :
! Method  : Use cartesian coordinate
!
! Update  : 22/11/2019
! configuration :
! Openmpi/gfortran or intel or ....
! $AMRVAC_DIR/setup.pl -d=2 -phys=hd -arch=default
! with intel
! $AMRVAC_DIR/setup.pl -d=2 -phys=hd -arch=intel
!==============================================================

 &filelist
        base_filename='Output/Ulrich1976/Jet_CC_'
        saveprim=.true.
        autoconvert=.true.
        convert_type='vtuBCCmpi'
        nwauxio = 7
        /
        restart_from_file='Jet_Shang06_0118.dat'
        /
        convert = .true.



        snapshotnext =0326
/




/
        nwauxio=10




/


 &savelist
        itsave(1,1)=0
        itsave(1,2)=0
        dtsave_log=3.1557600d7   ! 1 year 3.1557600d6 = 0.1 yr
	!ditsave_log =50
        dtsave_dat=  3.1557600d8! 100 yr!6.31152d8!20 yrs !1.57788000d9!50 yrs !3.1557600d9! 1 yrdensitys  1.57788000d8!5 yrs !3.1557600d7   ! 100 year; 3.1557600d7 = 1 yr
        !ditsave_dat =1
 /

        ditsave_log = 1
        ditsave_dat =1
        dtsave_dat =21.08

 &stoplist

        dtmin=1.0d-13
        !time_max= 99d15 ! years
        time_max=  3.15576d10 ! 10000 yrs 6.31152d11!2e4 yrs 3.15576d11 ! 10000 yrs 1.26e10! 400 yrs !3.786912d10! 1200 yrs ! 1.90607904d10!604 yrs ! 1.893456d10!600 yrs ! 3.15576d10! 1000yrs!6.31152d10! 2000 yrs ! 3.15576d11! 10000yrs ! 1.262304d10!400yrs!3.15576d9!3.15576d10! 1000yrs  !1.893456e11!600yrs!!9.46728d9!300yrs!6.311520000d9!7.8894d9!9.46728d9!7.8894d9 ! in s from years : 7.8894d9 = 250 yrs
        !it_max=100


/
  reset_it=.true.

          it_init=0






 &methodlist
        time_integrator          =  'twostep'
        typepred1                =  20*'hllcd'!>>HH4647 !'hllcd'!si vraiment ça ne marche pas, essayer :! 'hll'! si au bord persiste des problemes, essayer : ! 'tvdlf'
        flux_scheme              =  20*'hllcd'!,18*'tvdlf'!>>HH4647 !'hllcd'!si vraiment ça ne marche pas, essayer :! 'hll'! si au bord persiste des problemes, essayer : ! 'tvdlf'
        limiter                  =  20*'minmod'!>>HH4647 !'koren'!'cada3'
        small_pressure           = 1.0d-9
        small_density            = 1.0d-8
        small_values_method      =  'average'
        small_values_daverage    = 8

        check_small_values       = .true.
        small_values_force_floor = .true.
        loglimit(1) = .false.


 /
         loglimit(4) = .true.
         loglimit(1)            = .true.
         loglimit(5)            = .true.
         loglimit(6)            = .true.
         loglimit(7)            = .true.
        tvdlfeps=0.5d0

 &boundlist
        internalboundary  = .true.
        nghostcells       = 4
        !                     RHO,   Vr,     Vz,   Vphi,   P,     traceur1,traceur2
        typeboundary_min1 =  'symm','asymm','symm','asymm','symm',2*'symm'!, ! C.L. gauche <=> rmin
        typeboundary_max1 =  7*'cont'                                    ! C.L. droite <=> rmax
        typeboundary_min2 =  'symm','symm','asymm','symm','symm',2*'symm' !7*'special'!                                     ! C.L. inférieure <=> zmin
        typeboundary_max2 =  7*'cont'                                        ! C.L. supérieure <=> zmax                                      ! C.L. supérieure <=> zmax

/
        typeboundary_max3 = 8*'cont'                                         ! C.L. arrière <=> phi/profondeur max
        typeboundary_min3 = 8*'cont'                                         ! C.L. avant <=> phi/profondeur min
 /

 &meshlist
        ! grid at level 1
        xprobmin1 =  1.0d10 !0.0d0    ! cm
        xprobmax1 =  3.0d17! <--- r_max=3.0d17
        xprobmin2 =  1.0d10 !0.0d0    ! cm
        xprobmax2 =  3.0d17! <--- z_max=3.0d17

        ! total cell at level 1
        domain_nx1= 960!240! <---dr=1.25e15 cm at lvl 1
        domain_nx2= 960!240! <---dr=1.25e15 cm at lvl 1
        ! number of cell by block
        block_nx1 = 8!8!
        block_nx2 = 8!8!

        ! AMR configuration
        refine_criterion=3
        refine_max_level=3!5 !<--- dr=dz=7.8125e13 cm au lvl 5
        refine_threshold=20*0.01d0
        derefine_ratio=20*1d-3
        w_refine_weight(1)=0.5d0
        w_refine_weight(2)=0.165d0
        w_refine_weight(3)=0.165d0
        w_refine_weight(4)=0.17d0
      !  w_refine_weight(9)=1.0d0

        max_blocks = 200000
        ! can be added when is needed
        prolongprimitive= .false.
        coarsenprimitive= .false.
        /







 /
        stretched_grid    = .true.
        stretched_dim(1)  = .true.
        stretched_dim(2)  = .true.
        itfixgrid =0

 &paramlist
        typecourant         = 'maxsum'
        courantpar          = 0.8d0
        slowsteps           = 500
        small_getdt_average = .true.
        small_dt_coef       = 1.0d-5
 /

  &hd_list
         hd_energy            = .true. !non-adiabatic: enables energy solving
         hd_gamma             = 1.666666667
         SI_unit              = .false.  ! use cgs
         He_abundance         = 0.1d0                     !

         hd_dust              = .false.   ! dust off
         hd_radiative_cooling = .false. !>>HH4647 .false.!.true.    ! cooling on
         hd_gravity	       = .true. !>>HH4647 .false.!.true.    ! gravity on
         hd_chemical          = .false.   ! use chemical
         hd_n_tracer          = 2
         hd_mean_mup_on       = .true. !>>HH4647 .true.
         hd_chemical_gas_type = 'fullyatomic'
   /

  &grav_list 
  	grav_split=.false.
   /

 !'MLcosmol' : 'Use Mellema & Lundqvist (2002) cooling curve for zero metallicity '
 !'SPEX_DM'  : 'Use SPEX cooling curve for solar metallicity above 10^4 K. At lower temperatures,use Dalgarno & McCray (1972), with a pre-set ionization fraction of 10^-3 as described by Schure et al. (2009). '
   &rc_list
         ncool            = 4000
         coolcurve        = 'SPEX_DM'!'MLcosmol' !
         coolmethod       = 'exact'
         cfrac            = 1.d0
         Tfix             = .false.
         tlow             = 110 !<--- T_low = 110 K comme limite inférieure de la table de cooling afin d'éviter que le jet à 100 K ne se mette à refroidir par radiative cooling, ce qui serait non-physique
         coolsaveL        = .true.
         coolsavedT       = .true.
         He_abundance = 0.1d0
         rc_chemical_gas_type = 'fullyatomic'
   /


 &dust_list
     dust_n_species           = 2
     dust_min_rho             = 1.0d-10
     gas_mu                   = 1.0d0
     dust_method              = 'Kwok'
     dust_small_to_zero       = .true.
     dust_temperature         = 1.0d0
     dust_temperature_type    = 'silicate'
     dust_source_split        = .false.
     dust_it_diff             = 50000
   /





 &usr_list
        usrconfig%ism_on              = .true.                      !> set ism
        usrconfig%cloud_on            = .false.                      !> set cloud
        usrconfig%cloud_structure     = 2                           !> cloud structure type
        usrconfig%jet_yso_on          = .false. !>>HH4647.false.!.false.!.false.!                      !> set a jet
        usrconfig%physunit_on         = .true.                      !> set the normalisation in use
        usrconfig%reset_medium        = .true.                      !> set on the reset
        usrconfig%coordinate_system   = 'cylindrical_2.5D'            !> geometry in use in 2D
        usrconfig%phys_inuse          = 'hd' !'mhd' ! set physique want to be used

        usrconfig%phys_isotherm_on              = .true. ! use isotherme
        usrconfig%phys_temperature_isotherm     = 100 ! Le 2001
        usrconfig%reset_flux_scheme_on          = .true.
        usrconfig%reset_flux_scheme_diffuse     = 'hllcd'
        usrconfig%reset_flux_scheme_thresholdL1_min = 1.0d-6
        usrconfig%reset_flux_scheme_thresholdL1_max = 1.0d20


 /




&usr_physical_unit_list
 phys_unit%unit                  = 'cgs'
 phys_unit%length                = 1.496d14                 ! cm (1 parsec) : par defaut = 1.496d14
 phys_unit%time                  = 3d8                      ! s (2 year) : par defaut = 3d10
 phys_unit%number_density        = 1.0d-6 !>>HH4647                      ! cm^-3 : par defaut = 1.0d8 (1.0d5 pour un milieu ambiant tres peu dense, e.g. a 100cm-3)                      ! cm^-3 : par defaut = 1.0d8 (1.0d5 pour un milieu ambiant tres peu dense, e.g. a 100cm-3)
 phys_unit%chemical_He_abundance = 0.1d0
 phys_unit%chemical_gas_type = 'fullyatomic'
/

!11/12/19 : pour ISM et le projet n°1 de Sylvie Cabrit sur son article de 1997, les paramètres ci-dessous pour l'ISM ont été testés
!et fixées aux valeurs recommandées et correspondant le mieux à la simulation de l'article
 &usr_ism_list
  ism_config%unit               ='cgs'
  ism_config%density            = 1.6d-16         !Li & Shu et 1996b ism density if it set to 0 it will use number_density
  ism_config%number_density     = 0.0d0  !>>HH4647  !2.95d9    !1.0d2     !4.44d6     ! Zheng19 = 2.95d9 cm-3 ! ism number density (1/cm^3) ) of protons n_H = facteur rho_j (e.g. = 100 cm-3) physique dans l'expression du profil de densité rho_c du milieu ambiant
                                            ! and w(ixO^S,phys_ind%rho_)        =  self%myconfig%density = = self%myconfig%number_density*mp = rho_h the mass density of protons
                                            ! si tu l'augmentes e.g. a number_density=1.0d3,
                                            !la valeur rho_c=rho_j de densité au niveau de la frontière inférieure ISM augmente d'un facteur 10
  ism_config%velocity(1)        = 0.0d0       ! ism  speed components (cm/s) R/X : 0.0 = milieu statique
  ism_config%velocity(2)        = 0.0d0!5.d8     ! ism  speed components (cm/s) Z : 0.0 = milieu statique
  ism_config%velocity(3)        = 0.0d0       ! ism  speed components (cm/s)  Y : 0.0 = milieu statique
  ism_config%Mach_number_tomov_obj= 0.0       ! ism  speed components (cm/s)  Y : 0.0 = milieu statique
  ism_config%temperature        = 100.0d0  !<---T_a = 100 K temperature typique
  ism_config%pressure           = 0.0d0     !1.3806485199999997d-12! ism pressure if is set to 0 it will use temperature : äraview trouve a T=100 K et rho_j=100 cm-3 >>> p_j = 2.71055e-12 Ba
  ism_config%tracer_on          = .true.    ! ism tracer
  ism_config%tracer_init_density= 1.0d9!1.0d3     ! ism tracer density
  ism_config%tracer_small_density  =  1.0d-15!1.0d-5

  ism_config%reset_on           = .false.    ! ism reset
  ism_config%reset_coef         = 0.0! 0.0     ! ism reset  coefficient : 19-03-2021 --> don't use it ! it creates bugs when >0.0d0
  ism_config%reset_dtemperature = 1.0d-6    !> set the pressure variation
  ism_config%reset_distance(2)  =  1.01d18  ! ism rest distance
  ism_config%reset_scale(2)     =  5d16     ! ism reset scalling distance

  ism_config%boundary_cond(2,2) = 'open'
  !ism_config%boundary_cond(1,2) = 'fix'
  ism_config%boundary_on        = .true.

ism_config%profile_typeaxial  = 'spherical'!'projection_direction'
ism_config%profile_idir       = 1.0,0.0,0.0       !z=2,r=1  !  ism profile direction

ism_config%profile_center     = 0,0,0

ism_config%profile_density_on = .true. ! Zheng=True ! .false. ! .true. ! ISM set density profile
ism_config%profile_pressure_on= .true. ! Zheng=True ! .false. !.true.
ism_config%theta_floored      = 0.0d0
ism_config%profile_force_on   = .false. ! Zheng=True  !.true.!.false.!.true. ! .false. ! ISM set force profile
ism_config%profile_force_gradP_on = .false.
ism_config%weight_mean = 'arithmetic'
ism_config%weight_analy = 1.0d0
ism_config%weight_num = 3.0d0
ism_config%weight_mean_variable = 'minus_density_grad'
ism_config%profile_rw_force = 2.5d16
ism_config%weight_num_index = 20.0d0
ism_config%weight_analy_index = 20.0d0
ism_config%profile_density    = 'Ulrich1976'!>>HH4647'cabrit1997' ! Zheng19 = 'cabrit1997' !ISM density profile
ism_config%profile_jspec = 8.0782850178d20       !> ISM envelope specific angular momentum
ism_config%profile_Minf  = 2.5203562637184713d20 !> ISM envelope infalling mass-loss rate on the protostar
ism_config%profile_Mstar = 8.94784441814123d32   !> central objet or protostar mass
!Ulrich default parameters
!self%myconfig%profile_jspec = 8.0782850178d20       !> ISM envelope specific angular momentum
!self%myconfig%profile_Minf  = 2.5203562637184713d20 !> ISM envelope infalling mass-loss rate on the protostar
!self%myconfig%profile_Mstar = 8.94784441814123d32   !> central objet or protostar mass
!self%myconfig%profile_rd    = 1.0927333451820418d16 !> ISM envelope lower ﬁducial radius
!self%myconfig%profile_vd    = 7.392732228240198d4   !> ISM envelope kepler velocity at r=profile_rd
!self%myconfig%profile_rho_0 = 2.27205428100406d-18  !> ISM envelope fiducial density



ism_config%profile_zc    = 1.0d16!4.49d14 ! 1.0d16 !4.49d14 ! Zheng19 = 30 au = 4.49d14 cm :  grandeur de normalisation dans le profil de pression/densite (en cm)
ism_config%profile_rw    = 2.5d16 !> ISM reference radius for Lee 2001 profile (in cm)
ism_config%profile_kappa    = 2.0d0 ! Zheng19 = 2 ! indice kappa pour la loi de densité et de pression : 'cabrit1997' <=> kappa=2
ism_config%profile_shiftstart = 0.00d0 !>>HH4647 3.33d14 ! 3.33d14 ! 1.0d15 ! the distance from which the ISM profile is set

ism_config%chemical_gas_type = 'fullyatomic'!>>HH4647'fullyatomic'
ism_config%He_abundance      = 0.1
/

&usr_usrboundary_ism_list
  !usrboundary_config%boundary_type(1,2) = 'fix'!'disc'
  usrboundary_config%boundary_type(2,2) = 'open'
  usrboundary_config%useprimitive       = .true.
  usrboundary_config%flux_frac          = 9.0d-1
/

!11/12/19 : pour le jet et le projet n°1 de Sylvie Cabrit sur son article de 1997, les paramètres ci-dessous pour le jet ont été testés
!et fixées aux valeurs recommandées et correspondant le mieux à la simulation de l'article
&usr_cla_jet_list
    cla_jet_config%unit                  =  'cgs' !> physical unit at parameter file
    cla_jet_config%time_cla_jet_on       =  0.0d0 !> initial time the cla_jet is set in the simulation box

    cla_jet_config%myindice              =  0       !> cla_jet associated indice
    cla_jet_config%density               =  1.795963442083303d-19!<-------Fm=0.6e-7 Msun/yr

    cla_jet_config%number_density        =  0.0d0
    cla_jet_config%temperature           =  100.0d0  !>>HH4647 !> cla_jet temperature  (K)
    cla_jet_config%pressure              =  0.0d0   !> cla_jet pressure
    cla_jet_config%pressure_toism        =  0.0d0   !> cla_jet pressure relative to ism pressure
    cla_jet_config%magnetic(1)           =  0.0d0   !> cla_jet magnetic field components : 0.0d0 = HD
    cla_jet_config%magnetic(2)           =  0.0d0   !> cla_jet magnetic field components : 0.0d0 = HD
    cla_jet_config%magnetic(3)           =  0.0d0   !> cla_jet magnetic field components : 0.0d0 = HD
    cla_jet_config%xisigma               =  0.0d0   !> cla_jet magnetisation : 0.0d0 = HD
    cla_jet_config%magn_anglePHItoPol    =  0.0d0   !> cla_jet magnetisation field incl : 0.0d0 = HD

    cla_jet_config%Mach_number           =  0.0!250.0d0   !> cla_jet  Mach number : Par défaut : Ma = 20
    cla_jet_config%c_sound               =  0.0d0   !> cla_jet  sound speed (cm/s)
    cla_jet_config%velocity(1)           =  0.0d0   !> cla_jet  velocity (radial speed)(cm/s)
    cla_jet_config%velocity(2)           =  1.0d0!1.2d7 !
    cla_jet_config%velocity(3)           =  0.0d0   !> cla_jet  velocity (rotation speed)(cm/s)
    cla_jet_config%velocity_poloidal     =  1.0d0!1.2d7 !<--- norme du vecteur vitesse au niveau de l'inlet du jet
    cla_jet_config%power                 =  0.0d0   !> wind power flux
    cla_jet_config%mass_flux             =  0.0d0   ! 3.15e19 ! flux en H+H^++H2 1.13d21 !1.89d18 ! grammes/s>>>Zhang19 = 0.3e-7 Msun/yr  0.0!9.8525563d16!1.9705112501213315d17!1.3136741667475542d17!!   !> wind mass flux : cabrit1997 = 1.3136741d17 à Vjet = 100 km/s et 1.9705111e+17 à Vjet = 150 km/s (Vjet = 150 km/s ne marche qu a basse resolution de maillage)
                                            ! c'est par l'imposition de cla_jet_config%mass_flux et de cla_jet_config%velocity(2) que la densité est alors imposée à l'intérieur du jet
                                            ! pour avoir :
                                            ! * Vjet = 100 km/s, R_jet = 0.5e16 cm et n_jet = 100 cm-3 >>> mass_flux = 1.3136741667475542e+17 g / s
                                            ! * Vjet = 150 km/s, R_jet = 0.5e16 cm et n_jet = 100 cm-3 >>> mass_flux = 1.9705112501213315e+17 g / s
                                            ! * Vjet = 150 km/s, R_jet = 0.5e16 cm et n_jet = 50 cm-3 >>> mass_flux = 9.8525563e+16 g / s

    cla_jet_config%open_angle            = 3.0d0 !>>HH4647 !>  cla_jet initial open angle  (degre): 0.0d0 = jet droit cylindrique
    cla_jet_config%z_in                  =  -46.275d18 !> cla_jet inner boundary position
    cla_jet_config%variation_n_cells     = 2
    cla_jet_config%z_impos               =  8.22d14 !
    cla_jet_config%z_out_init            =  8.30d14 !
    cla_jet_config%r_out_init            =  7.47d14! <--- 50 UA
    cla_jet_config%r_out_impos           =  7.47d14! <--- 50 UA

    cla_jet_config%r_in_init             =  0.0 !-7.48d14 !> cla_jet inner jet  region : position de la limite gauche du jet en coordonnées cylindriques : à tenir compte dans le calcul de la surface d'éjection du jet et donc du calcul du flux de masse ejectée

    cla_jet_config%tracer_on             =  .true. !> cla_jet logical to set tracer
    cla_jet_config%tracer_init_density   =  1.0d9!> cla_jet tracer density
    cla_jet_config%tracer_small_density  =  1.0d-15!> cla_jet tracer small density
    cla_jet_config%shape                 =  'cartesian'  !> cla_jet shape
    cla_jet_config%profile               =  'none'  !> cla_jet profile


    cla_jet_config%variation_on          =  .true. ! Zhang19 .false. !.true.! to set on  or off the jet-injection in-real-time velocity variability
    cla_jet_config%density_variation_on  =  .true. !<----- vary mass-loss rate !> cla_jet density variation switch
    cla_jet_config%pressure_variation_on =  .true. !<----- vary constant jet temperature !> cla_jet pressure variation switch : enables constant temperature in the jet inlet
    cla_jet_config%density_variation_profile =  'same_as_velocity' !<----- which variability apply to pressure and/or pressure
    cla_jet_config%variation_start_time  =  0.0d0 !time (in s in cgs) at which to begin the time variability : 0.0 to begin at the start of the simulation
    cla_jet_config%variation_end_time    =  4d15
    cla_jet_config%variation_velocity_amplitude =  1.0d0!1.2d7 !<--- norme du vecteur vitesse au niveau de l'inlet du jet (aux yeux du code, c'est une autre variable qu'on a oublié, surtout moi, de retirer quand on a rajouté   le paramètre cla_jet_config%velocity_poloidal en ouvrant le jet, donc par sécurité, comme je ne sais pas si on l'utilise toujours ailleurs, fixons la même valeur qu'au-dessus)
    cla_jet_config%variation_velocity_poloidal =  0.0d0!6.0d6 !<------ variation de la norme du vecteur vitesse du jet
    cla_jet_config%variation_velocity(1) =  0.0d0
    cla_jet_config%variation_velocity(2) =  0.0d0!6.0d6 !<------ variation de la norme du vecteur vitesse du jet
    cla_jet_config%variation_velocity(3) =  0.0d0
    cla_jet_config%variation_time        =  9.46728d9!<---- 300 ans
    cla_jet_config%variation_position    =  0.0d0,8.22d14 ,0.0d0!0.0d0,8.22d14 ,0.0d0 !>>HH4647 !0.0d0, 1d15 ,0.0d0 !0.0d0, 1.495978707d14,0.0d0 ! = 0,10 au,0position (in 3d : if cylindrical : phi = 3, z=2, r=1) under which is set the time variability : default = 0,3d15,0
    cla_jet_config%variation_type        =  'sawtooth2' !
    cla_jet_config%variation_phys_nvariable   = 1  ! number of physical variable with variation
    cla_jet_config%variation_phys_variable(1) =  3 ! 3 mean the velocity in Z direction

    cla_jet_config%refine_min_level      = 3
    cla_jet_config%chemical_gas_type     = 'fullyatomic' !>>HH4647



/
 ---------------------------------------------------------------------------
 ---------------------------------------------------------------------------
 |         __  __ ____ ___        _    __  __ ______     ___    ____       |
 |        |  \/  |  _ \_ _|      / \  |  \/  |  _ \ \   / / \  / ___|      |
 |        | |\/| | |_) | |_____ / _ \ | |\/| | |_) \ \ / / _ \| |          |
 |        | |  | |  __/| |_____/ ___ \| |  | |  _ < \ V / ___ \ |___       |
 |        |_|  |_|_|  |___|   /_/   \_\_|  |_|_| \_\ \_/_/   \_\____|      |
 --------------------------------------------------------------------------
 ---------------------------------------------------------------------------
  End of reading of the usr_list
  End of reading of the usr_list
  End of reading of the usr_list
  End of reading of the usr_list
 Reading usr_list
  End of reading of the usr_list
  End of reading of the usr_list
  End of reading of the usr_list
  End of reading of the usr_list
  End of reading of the usr_list
  End of reading of the usr_list
  End of reading of the usr_list
 Reading usr_physical_values_list
  End of reading of the usr_list
  End of reading of the usr_list
  End of reading of the usr_list
  End of reading of the usr_list
 Reading usr_ism_list
  End of reading of the usr_list
  End of reading of the hd_list
  End of reading of the hd_list
  End of reading of the usr_list
  End of reading of the usr_list
  End of reading of the hd_list
  End of reading of the hd_list
  End of reading of the hd_list
  End of reading of the usr_list
  End of reading of the usr_list
  End of reading of the usr_list
  End of reading of the usr_list
  End of reading of the hd_list
 End of Reading 
 usr_ismlist0                                                                  
 Reading usr_boundary_list           1 
 boundary                                                                      
  End of reading of the usr_list
  End of reading of the usr_list
  End of reading of the hd_list
 End of Reading 
 usr_boundarylist1                                                             
  End of reading of the hd_list
  End of reading of the hd_list
  End of reading of the hd_list
  End of reading of the hd_list
  End of reading of the hd_list
  End of reading of the hd_list
 Reading Ulrich1976.par
  End of reading of the hd_list
  End of reading of the hd_list
 End par file read
 
 Output type | dtsave    | ditsave | itsave(1) | tsave(1)
         log | 0.105E+00 | ******  |      0    | *********
      normal | 0.105E+01 | ******  |      0    | *********
       slice | ********* | ******  | ******    | *********
   collapsed | ********* | ******  | ******    | *********
    analysis | ********* | ******  | ******    | *********
 
                 typelimited: predictor                                                                                                                          
         Domain size (cells): 960 960 
                Level one dx: 0.209E+01 0.209E+01 
           Refine estimation: Lohner's scheme
                   slicenext: 0
                collapsenext: 0
           restart_from_file:  undefined
                  converting: F

  End of reading of the hd_list
  End of reading of the hd_list
  End of reading of the hd_list
  End of reading of the hd_list
  End of reading of the hd_list
  End of reading of the hd_list
  End of reading of the hd_list
  End of reading of the hd_list
  End of reading of the hd_list
  mod_obj_usr_yso_jet.t--> initglobaldata_usr
 phys_config (before): chemical_composition | xHe | mean_nall_to_nH |
  mean_mass | mean_ne_to_nH | %mean_mup 
 fullyatomic                     0.100000000000000        1.20000000000000     
   1.40000000000000       0.000000000000000E+000   1.27272727272727     
  the ism temperature will reset to the imposed isotherm temperarture:
   100.000000000000       K
 rW =   2.500000000000000E+016  cm
 rD =   1.092733345182041E+016  cm
 vK =    73927.3222824020       cm/s
 rho_0 =   2.272054281004061E-018  g/cm3
 r = (rD/rw) =    2.28784086348488     
 rho_a0 =   1.166389483226784E-018  g/cm3
 nH_a0 =    498101.457614819       cm-3
  mod_obj_usr_yso_jet.t--> initglobaldata_usr
 phys_config (before): chemical_composition | xHe | mean_nall_to_nH |
  mean_mass | mean_ne_to_nH | %mean_mup 
 fullyatomic                     0.100000000000000        1.20000000000000     
   1.40000000000000       0.000000000000000E+000   1.27272727272727     
  the ism temperature will reset to the imposed isotherm temperarture:
   100.000000000000       K
 rW =   2.500000000000000E+016  cm
 rD =   1.092733345182041E+016  cm
 vK =    73927.3222824020       cm/s
 rho_0 =   2.272054281004061E-018  g/cm3
 r = (rD/rw) =    2.28784086348488     
 rho_a0 =   1.166389483226784E-018  g/cm3
 nH_a0 =    498101.457614819       cm-3
  mod_obj_usr_yso_jet.t--> initglobaldata_usr
 phys_config (before): chemical_composition | xHe | mean_nall_to_nH |
  mean_mass | mean_ne_to_nH | %mean_mup 
 fullyatomic                     0.100000000000000        1.20000000000000     
   1.40000000000000       0.000000000000000E+000   1.27272727272727     
  the ism temperature will reset to the imposed isotherm temperarture:
   100.000000000000       K
 rW =   2.500000000000000E+016  cm
 rD =   1.092733345182041E+016  cm
 vK =    73927.3222824020       cm/s
 rho_0 =   2.272054281004061E-018  g/cm3
 r = (rD/rw) =    2.28784086348488     
 rho_a0 =   1.166389483226784E-018  g/cm3
 nH_a0 =    498101.457614819       cm-3
  mod_obj_usr_yso_jet.t--> initglobaldata_usr
 phys_config (before): chemical_composition | xHe | mean_nall_to_nH |
  mean_mass | mean_ne_to_nH | %mean_mup 
 fullyatomic                     0.100000000000000        1.20000000000000     
   1.40000000000000       0.000000000000000E+000   1.27272727272727     
  the ism temperature will reset to the imposed isotherm temperarture:
   100.000000000000       K
 rW =   2.500000000000000E+016  cm
 rD =   1.092733345182041E+016  cm
 vK =    73927.3222824020       cm/s
 rho_0 =   2.272054281004061E-018  g/cm3
 r = (rD/rw) =    2.28784086348488     
 rho_a0 =   1.166389483226784E-018  g/cm3
 nH_a0 =    498101.457614819       cm-3
  mod_obj_usr_yso_jet.t--> initglobaldata_usr
 phys_config (before): chemical_composition | xHe | mean_nall_to_nH |
  mean_mass | mean_ne_to_nH | %mean_mup 
 fullyatomic                     0.100000000000000        1.20000000000000     
   1.40000000000000       0.000000000000000E+000   1.27272727272727     
  the ism temperature will reset to the imposed isotherm temperarture:
   100.000000000000       K
 rW =   2.500000000000000E+016  cm
 rD =   1.092733345182041E+016  cm
 vK =    73927.3222824020       cm/s
 rho_0 =   2.272054281004061E-018  g/cm3
 r = (rD/rw) =    2.28784086348488     
 rho_a0 =   1.166389483226784E-018  g/cm3
 nH_a0 =    498101.457614819       cm-3
 the ism temperature =    100.000000000000     
 ism density  1.166389483226784E-018
 ism nH   498101.457614819     
 phys_config%He_abundance  0.100000000000000     
 in mod_obj_usr_unit.t usr_physical_unit_fillphysunit subroutine: 
 ism density  2.341670487800000E-030
 ism ndensity  1.000000000000000E-006
 ism pressure  5.822995576026895E-019
 ism temperature   3834.16285288672     
  mod_obj_usr_yso_jet.t--> initglobaldata_usr
 phys_config (before): chemical_composition | xHe | mean_nall_to_nH |
  mean_mass | mean_ne_to_nH | %mean_mup 
 fullyatomic                     0.100000000000000        1.20000000000000     
   1.40000000000000       0.000000000000000E+000   1.27272727272727     
  the ism temperature will reset to the imposed isotherm temperarture:
   100.000000000000       K
 rW =   2.500000000000000E+016  cm
 rD =   1.092733345182041E+016  cm
 vK =    73927.3222824020       cm/s
 rho_0 =   2.272054281004061E-018  g/cm3
 r = (rD/rw) =    2.28784086348488     
 rho_a0 =   1.166389483226784E-018  g/cm3
 nH_a0 =    498101.457614819       cm-3
  mod_obj_usr_yso_jet.t--> initglobaldata_usr
 phys_config (before): chemical_composition | xHe | mean_nall_to_nH |
  mean_mass | mean_ne_to_nH | %mean_mup 
 fullyatomic                     0.100000000000000        1.20000000000000     
   1.40000000000000       0.000000000000000E+000   1.27272727272727     
  the ism temperature will reset to the imposed isotherm temperarture:
   100.000000000000       K
 rW =   2.500000000000000E+016  cm
 rD =   1.092733345182041E+016  cm
 vK =    73927.3222824020       cm/s
 rho_0 =   2.272054281004061E-018  g/cm3
 r = (rD/rw) =    2.28784086348488     
 rho_a0 =   1.166389483226784E-018  g/cm3
 nH_a0 =    498101.457614819       cm-3
  mod_obj_usr_yso_jet.t--> initglobaldata_usr
 phys_config (before): chemical_composition | xHe | mean_nall_to_nH |
  mean_mass | mean_ne_to_nH | %mean_mup 
 fullyatomic                     0.100000000000000        1.20000000000000     
   1.40000000000000       0.000000000000000E+000   1.27272727272727     
  the ism temperature will reset to the imposed isotherm temperarture:
   100.000000000000       K
 rW =   2.500000000000000E+016  cm
 rD =   1.092733345182041E+016  cm
 vK =    73927.3222824020       cm/s
 rho_0 =   2.272054281004061E-018  g/cm3
 r = (rD/rw) =    2.28784086348488     
 rho_a0 =   1.166389483226784E-018  g/cm3
 nH_a0 =    498101.457614819       cm-3
  mod_obj_usr_yso_jet.t--> initglobaldata_usr
 phys_config (before): chemical_composition | xHe | mean_nall_to_nH |
  mean_mass | mean_ne_to_nH | %mean_mup 
 fullyatomic                     0.100000000000000        1.20000000000000     
   1.40000000000000       0.000000000000000E+000   1.27272727272727     
  the ism temperature will reset to the imposed isotherm temperarture:
   100.000000000000       K
 rW =   2.500000000000000E+016  cm
 rD =   1.092733345182041E+016  cm
 vK =    73927.3222824020       cm/s
 rho_0 =   2.272054281004061E-018  g/cm3
 r = (rD/rw) =    2.28784086348488     
 rho_a0 =   1.166389483226784E-018  g/cm3
 nH_a0 =    498101.457614819       cm-3
  mod_obj_usr_yso_jet.t--> initglobaldata_usr
 phys_config (before): chemical_composition | xHe | mean_nall_to_nH |
  mean_mass | mean_ne_to_nH | %mean_mup 
 fullyatomic                     0.100000000000000        1.20000000000000     
   1.40000000000000       0.000000000000000E+000   1.27272727272727     
  the ism temperature will reset to the imposed isotherm temperarture:
   100.000000000000       K
 rW =   2.500000000000000E+016  cm
 rD =   1.092733345182041E+016  cm
 vK =    73927.3222824020       cm/s
 rho_0 =   2.272054281004061E-018  g/cm3
 r = (rD/rw) =    2.28784086348488     
 rho_a0 =   1.166389483226784E-018  g/cm3
 nH_a0 =    498101.457614819       cm-3
  mod_obj_usr_yso_jet.t--> initglobaldata_usr
 phys_config (before): chemical_composition | xHe | mean_nall_to_nH |
  mean_mass | mean_ne_to_nH | %mean_mup 
 fullyatomic                     0.100000000000000        1.20000000000000     
   1.40000000000000       0.000000000000000E+000   1.27272727272727     
  the ism temperature will reset to the imposed isotherm temperarture:
   100.000000000000       K
 rW =   2.500000000000000E+016  cm
 rD =   1.092733345182041E+016  cm
 vK =    73927.3222824020       cm/s
 rho_0 =   2.272054281004061E-018  g/cm3
  mod_obj_usr_yso_jet.t--> initglobaldata_usr
 phys_config (before): chemical_composition | xHe | mean_nall_to_nH |
  mean_mass | mean_ne_to_nH | %mean_mup 
 fullyatomic                     0.100000000000000        1.20000000000000     
   1.40000000000000       0.000000000000000E+000   1.27272727272727     
  the ism temperature will reset to the imposed isotherm temperarture:
   100.000000000000       K
 rW =   2.500000000000000E+016  cm
 rD =   1.092733345182041E+016  cm
 vK =    73927.3222824020       cm/s
 rho_0 =   2.272054281004061E-018  g/cm3
 r = (rD/rw) =    2.28784086348488     
 rho_a0 =   1.166389483226784E-018  g/cm3
 nH_a0 =    498101.457614819       cm-3
 r = (rD/rw) =    2.28784086348488     
 rho_a0 =   1.166389483226784E-018  g/cm3
 nH_a0 =    498101.457614819       cm-3
  mod_obj_usr_yso_jet.t--> initglobaldata_usr
 phys_config (before): chemical_composition | xHe | mean_nall_to_nH |
  mean_mass | mean_ne_to_nH | %mean_mup 
 fullyatomic                     0.100000000000000        1.20000000000000     
   1.40000000000000       0.000000000000000E+000   1.27272727272727     
  the ism temperature will reset to the imposed isotherm temperarture:
   100.000000000000       K
 rW =   2.500000000000000E+016  cm
 rD =   1.092733345182041E+016  cm
 vK =    73927.3222824020       cm/s
 rho_0 =   2.272054281004061E-018  g/cm3
 r = (rD/rw) =    2.28784086348488     
 rho_a0 =   1.166389483226784E-018  g/cm3
 nH_a0 =    498101.457614819       cm-3
  mod_obj_usr_yso_jet.t--> initglobaldata_usr
 phys_config (before): chemical_composition | xHe | mean_nall_to_nH |
  mean_mass | mean_ne_to_nH | %mean_mup 
 fullyatomic                     0.100000000000000        1.20000000000000     
   1.40000000000000       0.000000000000000E+000   1.27272727272727     
  the ism temperature will reset to the imposed isotherm temperarture:
   100.000000000000       K
 rW =   2.500000000000000E+016  cm
 rD =   1.092733345182041E+016  cm
 vK =    73927.3222824020       cm/s
  mod_obj_usr_yso_jet.t--> initglobaldata_usr
 phys_config (before): chemical_composition | xHe | mean_nall_to_nH |
  mean_mass | mean_ne_to_nH | %mean_mup 
 fullyatomic                     0.100000000000000        1.20000000000000     
   1.40000000000000       0.000000000000000E+000   1.27272727272727     
  the ism temperature will reset to the imposed isotherm temperarture:
   100.000000000000       K
 rW =   2.500000000000000E+016  cm
 rD =   1.092733345182041E+016  cm
 vK =    73927.3222824020       cm/s
 rho_0 =   2.272054281004061E-018  g/cm3
 r = (rD/rw) =    2.28784086348488     
 rho_a0 =   1.166389483226784E-018  g/cm3
 nH_a0 =    498101.457614819       cm-3
 rho_0 =   2.272054281004061E-018  g/cm3
 r = (rD/rw) =    2.28784086348488     
 rho_a0 =   1.166389483226784E-018  g/cm3
 nH_a0 =    498101.457614819       cm-3
  mod_obj_usr_yso_jet.t--> initglobaldata_usr
 phys_config (before): chemical_composition | xHe | mean_nall_to_nH |
  mean_mass | mean_ne_to_nH | %mean_mup 
 fullyatomic                     0.100000000000000        1.20000000000000     
   1.40000000000000       0.000000000000000E+000   1.27272727272727     
  the ism temperature will reset to the imposed isotherm temperarture:
   100.000000000000       K
 rW =   2.500000000000000E+016  cm
 rD =   1.092733345182041E+016  cm
 vK =    73927.3222824020       cm/s
 rho_0 =   2.272054281004061E-018  g/cm3
 r = (rD/rw) =    2.28784086348488     
 rho_a0 =   1.166389483226784E-018  g/cm3
 nH_a0 =    498101.457614819       cm-3
  mod_obj_usr_yso_jet.t--> initglobaldata_usr
 phys_config (before): chemical_composition | xHe | mean_nall_to_nH |
  mean_mass | mean_ne_to_nH | %mean_mup 
 fullyatomic                     0.100000000000000        1.20000000000000     
   1.40000000000000       0.000000000000000E+000   1.27272727272727     
  the ism temperature will reset to the imposed isotherm temperarture:
   100.000000000000       K
 rW =   2.500000000000000E+016  cm
 rD =   1.092733345182041E+016  cm
 vK =    73927.3222824020       cm/s
 rho_0 =   2.272054281004061E-018  g/cm3
  mod_obj_usr_yso_jet.t--> initglobaldata_usr
 phys_config (before): chemical_composition | xHe | mean_nall_to_nH |
  mean_mass | mean_ne_to_nH | %mean_mup 
 fullyatomic                     0.100000000000000        1.20000000000000     
   1.40000000000000       0.000000000000000E+000   1.27272727272727     
  the ism temperature will reset to the imposed isotherm temperarture:
   100.000000000000       K
  mod_obj_usr_yso_jet.t--> initglobaldata_usr
 phys_config (before): chemical_composition | xHe | mean_nall_to_nH |
  mean_mass | mean_ne_to_nH | %mean_mup 
 fullyatomic                     0.100000000000000        1.20000000000000     
   1.40000000000000       0.000000000000000E+000   1.27272727272727     
  the ism temperature will reset to the imposed isotherm temperarture:
 r = (rD/rw) =    2.28784086348488     
 rho_a0 =   1.166389483226784E-018  g/cm3
 nH_a0 =    498101.457614819       cm-3
 rW =   2.500000000000000E+016  cm
 rD =   1.092733345182041E+016  cm
 vK =    73927.3222824020       cm/s
 rho_0 =   2.272054281004061E-018  g/cm3
 r = (rD/rw) =    2.28784086348488     
 rho_a0 =   1.166389483226784E-018  g/cm3
 nH_a0 =    498101.457614819       cm-3
   100.000000000000       K
 rW =   2.500000000000000E+016  cm
 rD =   1.092733345182041E+016  cm
 vK =    73927.3222824020       cm/s
 rho_0 =   2.272054281004061E-018  g/cm3
 r = (rD/rw) =    2.28784086348488     
 rho_a0 =   1.166389483226784E-018  g/cm3
 nH_a0 =    498101.457614819       cm-3
  mod_obj_usr_yso_jet.t--> initglobaldata_usr
 phys_config (before): chemical_composition | xHe | mean_nall_to_nH |
  mean_mass | mean_ne_to_nH | %mean_mup 
 fullyatomic                     0.100000000000000        1.20000000000000     
   1.40000000000000       0.000000000000000E+000   1.27272727272727     
  the ism temperature will reset to the imposed isotherm temperarture:
   100.000000000000       K
 rW =   2.500000000000000E+016  cm
 rD =   1.092733345182041E+016  cm
 vK =    73927.3222824020       cm/s
 rho_0 =   2.272054281004061E-018  g/cm3
 r = (rD/rw) =    2.28784086348488     
 rho_a0 =   1.166389483226784E-018  g/cm3
 nH_a0 =    498101.457614819       cm-3
  mod_obj_usr_yso_jet.t--> initglobaldata_usr
 phys_config (before): chemical_composition | xHe | mean_nall_to_nH |
  mean_mass | mean_ne_to_nH | %mean_mup 
 fullyatomic                     0.100000000000000        1.20000000000000     
   1.40000000000000       0.000000000000000E+000   1.27272727272727     
  the ism temperature will reset to the imposed isotherm temperarture:
   100.000000000000       K
 rW =   2.500000000000000E+016  cm
 rD =   1.092733345182041E+016  cm
 vK =    73927.3222824020       cm/s
 rho_0 =   2.272054281004061E-018  g/cm3
 r = (rD/rw) =    2.28784086348488     
 rho_a0 =   1.166389483226784E-018  g/cm3
 nH_a0 =    498101.457614819       cm-3
  mod_obj_usr_yso_jet.t--> initglobaldata_usr
 phys_config (before): chemical_composition | xHe | mean_nall_to_nH |
  mean_mass | mean_ne_to_nH | %mean_mup 
 fullyatomic                     0.100000000000000        1.20000000000000     
   1.40000000000000       0.000000000000000E+000   1.27272727272727     
  the ism temperature will reset to the imposed isotherm temperarture:
   100.000000000000       K
 rW =   2.500000000000000E+016  cm
 rD =   1.092733345182041E+016  cm
 vK =    73927.3222824020       cm/s
 rho_0 =   2.272054281004061E-018  g/cm3
 r = (rD/rw) =    2.28784086348488     
 rho_a0 =   1.166389483226784E-018  g/cm3
 nH_a0 =    498101.457614819       cm-3
  mod_obj_usr_yso_jet.t--> initglobaldata_usr
 phys_config (before): chemical_composition | xHe | mean_nall_to_nH |
  mean_mass | mean_ne_to_nH | %mean_mup 
 fullyatomic                     0.100000000000000        1.20000000000000     
   1.40000000000000       0.000000000000000E+000   1.27272727272727     
  the ism temperature will reset to the imposed isotherm temperarture:
   100.000000000000       K
 rW =   2.500000000000000E+016  cm
 rD =   1.092733345182041E+016  cm
 vK =    73927.3222824020       cm/s
 rho_0 =   2.272054281004061E-018  g/cm3
 r = (rD/rw) =    2.28784086348488     
 rho_a0 =   1.166389483226784E-018  g/cm3
 nH_a0 =    498101.457614819       cm-3
 Jet start :-)
  mod_obj_usr_yso_jet.t--> initglobaldata_usr
 phys_config (before): chemical_composition | xHe | mean_nall_to_nH |
  mean_mass | mean_ne_to_nH | %mean_mup 
 fullyatomic                     0.100000000000000        1.20000000000000     
   1.40000000000000       0.000000000000000E+000   1.27272727272727     
  the ism temperature will reset to the imposed isotherm temperarture:
   100.000000000000       K
 rW =   2.500000000000000E+016  cm
 rD =   1.092733345182041E+016  cm
 vK =    73927.3222824020       cm/s
 rho_0 =   2.272054281004061E-018  g/cm3
 r = (rD/rw) =    2.28784086348488     
 rho_a0 =   1.166389483226784E-018  g/cm3
 nH_a0 =    498101.457614819       cm-3
 -------------------------------------------------------------------------------
 Startup phase took :             1.197 sec
 -------------------------------------------------------------------------------
 Start integrating, print status every  3.00E+01 seconds
        it        time          dt  wc-time(s)
         0   0.000E+00   3.910E-04   1.941E-02
In CGS          0 T=   0.000E+00 dT=   1.173E+05
 -------------------------------------------------------------------------------
 Saving visual data. Coordinate directions and variable names are:
          -1 R               
           0 Z               
           1 rho             rho             
           2 v1              v1              
           3 v2              v2              
           4 v3              v3              
           5 p               p               
           6 tracer_ism      tracer_ism      
           7 trp2            trp2            
           8 mup             mup             
           9 mach_number     mach_number     
          10 temperature     temperature     
          11 level           level           
          12 number density  number density  
          13 gravfield1      gravfield1      
          14 gravfield2      gravfield2      
          15 gravfield3      gravfield3      
 time =  0.000000000000000E+000
 -------------------------------------------------------------------------------
        10   1.753E-02   3.125E-03   3.011E+01
In CGS         10 T=   5.258E+06 dT=   9.374E+05
        92   8.362E-01   5.299E-03   6.017E+01
In CGS         92 T=   2.509E+08 dT=   1.590E+06
       104   1.076E+00   2.431E-02   9.249E+01
In CGS        104 T=   3.228E+08 dT=   7.294E+06
       148   2.137E+00   3.354E-02   1.367E+02
In CGS        148 T=   6.410E+08 dT=   1.006E+07
       180   3.196E+00   3.993E-02   1.765E+02
In CGS        180 T=   9.589E+08 dT=   1.198E+07
       210   4.252E+00   4.373E-02   2.159E+02
In CGS        210 T=   1.276E+09 dT=   1.312E+07
       240   5.308E+00   4.851E-02   2.549E+02
In CGS        240 T=   1.592E+09 dT=   1.455E+07
       270   6.364E+00   5.265E-02   2.940E+02
In CGS        270 T=   1.909E+09 dT=   1.579E+07
       290   7.419E+00   4.968E-02   3.282E+02
In CGS        290 T=   2.226E+09 dT=   1.490E+07
       310   8.473E+00   4.727E-02   3.697E+02
In CGS        310 T=   2.542E+09 dT=   1.418E+07
       330   9.528E+00   4.437E-02   4.118E+02
In CGS        330 T=   2.858E+09 dT=   1.331E+07
       350   1.058E+01   4.239E-02   4.544E+02
In CGS        350 T=   3.175E+09 dT=   1.272E+07
       370   1.164E+01   4.126E-02   4.961E+02
In CGS        370 T=   3.491E+09 dT=   1.238E+07
       390   1.269E+01   4.104E-02   5.389E+02
In CGS        390 T=   3.806E+09 dT=   1.231E+07
       410   1.374E+01   4.384E-02   5.793E+02
In CGS        410 T=   4.121E+09 dT=   1.315E+07
       430   1.479E+01   4.025E-02   6.205E+02
In CGS        430 T=   4.438E+09 dT=   1.208E+07
       450   1.584E+01   3.923E-02   6.641E+02
In CGS        450 T=   4.753E+09 dT=   1.177E+07
       470   1.690E+01   3.827E-02   7.060E+02
In CGS        470 T=   5.069E+09 dT=   1.148E+07
       490   1.795E+01   3.789E-02   7.482E+02
In CGS        490 T=   5.385E+09 dT=   1.137E+07
       510   1.900E+01   3.756E-02   7.891E+02
In CGS        510 T=   5.701E+09 dT=   1.127E+07
       530   2.005E+01   3.746E-02   8.319E+02
In CGS        530 T=   6.016E+09 dT=   1.124E+07
       550   2.111E+01   3.692E-02   8.733E+02
In CGS        550 T=   6.332E+09 dT=   1.108E+07
       570   2.216E+01   3.717E-02   9.162E+02
In CGS        570 T=   6.648E+09 dT=   1.115E+07
       590   2.321E+01   3.761E-02   9.585E+02
In CGS        590 T=   6.963E+09 dT=   1.128E+07
       610   2.426E+01   3.739E-02   9.992E+02
In CGS        610 T=   7.279E+09 dT=   1.122E+07
       630   2.531E+01   3.669E-02   1.041E+03
In CGS        630 T=   7.594E+09 dT=   1.101E+07
       650   2.637E+01   3.773E-02   1.082E+03
In CGS        650 T=   7.910E+09 dT=   1.132E+07
       670   2.742E+01   3.727E-02   1.121E+03
In CGS        670 T=   8.225E+09 dT=   1.118E+07
       690   2.847E+01   3.725E-02   1.157E+03
In CGS        690 T=   8.541E+09 dT=   1.118E+07
       710   2.952E+01   3.753E-02   1.192E+03
In CGS        710 T=   8.856E+09 dT=   1.126E+07
       730   3.057E+01   3.761E-02   1.228E+03
In CGS        730 T=   9.172E+09 dT=   1.128E+07
       750   3.163E+01   3.763E-02   1.264E+03
In CGS        750 T=   9.488E+09 dT=   1.129E+07
       770   3.268E+01   3.696E-02   1.299E+03
In CGS        770 T=   9.803E+09 dT=   1.109E+07
       790   3.373E+01   3.931E-02   1.335E+03
In CGS        790 T=   1.012E+10 dT=   1.179E+07
       810   3.478E+01   3.755E-02   1.371E+03
In CGS        810 T=   1.043E+10 dT=   1.127E+07
       830   3.583E+01   3.857E-02   1.407E+03
In CGS        830 T=   1.075E+10 dT=   1.157E+07
       850   3.688E+01   3.884E-02   1.444E+03
In CGS        850 T=   1.107E+10 dT=   1.165E+07
       870   3.794E+01   3.892E-02   1.479E+03
In CGS        870 T=   1.138E+10 dT=   1.168E+07
       890   3.899E+01   3.819E-02   1.515E+03
In CGS        890 T=   1.170E+10 dT=   1.146E+07
       910   4.004E+01   4.135E-02   1.551E+03
In CGS        910 T=   1.201E+10 dT=   1.241E+07
       930   4.109E+01   3.935E-02   1.586E+03
In CGS        930 T=   1.233E+10 dT=   1.181E+07
       950   4.214E+01   4.027E-02   1.622E+03
In CGS        950 T=   1.264E+10 dT=   1.208E+07
       970   4.319E+01   4.125E-02   1.658E+03
In CGS        970 T=   1.296E+10 dT=   1.237E+07
       990   4.425E+01   4.004E-02   1.694E+03
In CGS        990 T=   1.327E+10 dT=   1.201E+07
      1010   4.530E+01   3.862E-02   1.730E+03
In CGS       1010 T=   1.359E+10 dT=   1.159E+07
      1030   4.635E+01   4.141E-02   1.766E+03
In CGS       1030 T=   1.390E+10 dT=   1.242E+07
      1050   4.740E+01   4.132E-02   1.802E+03
In CGS       1050 T=   1.422E+10 dT=   1.239E+07
      1070   4.845E+01   4.111E-02   1.838E+03
In CGS       1070 T=   1.454E+10 dT=   1.233E+07
      1090   4.950E+01   4.147E-02   1.874E+03
In CGS       1090 T=   1.485E+10 dT=   1.244E+07
      1110   5.056E+01   4.011E-02   1.909E+03
In CGS       1110 T=   1.517E+10 dT=   1.203E+07
      1130   5.161E+01   4.173E-02   1.945E+03
In CGS       1130 T=   1.548E+10 dT=   1.252E+07
      1150   5.266E+01   4.080E-02   1.981E+03
In CGS       1150 T=   1.580E+10 dT=   1.224E+07
      1170   5.371E+01   4.127E-02   2.017E+03
In CGS       1170 T=   1.611E+10 dT=   1.238E+07
      1190   5.476E+01   4.230E-02   2.052E+03
In CGS       1190 T=   1.643E+10 dT=   1.269E+07
      1210   5.581E+01   4.282E-02   2.088E+03
In CGS       1210 T=   1.674E+10 dT=   1.285E+07
      1230   5.686E+01   4.433E-02   2.124E+03
In CGS       1230 T=   1.706E+10 dT=   1.330E+07
      1250   5.792E+01   4.411E-02   2.160E+03
In CGS       1250 T=   1.738E+10 dT=   1.323E+07
      1270   5.897E+01   4.132E-02   2.196E+03
In CGS       1270 T=   1.769E+10 dT=   1.240E+07
      1290   6.002E+01   4.380E-02   2.232E+03
In CGS       1290 T=   1.801E+10 dT=   1.314E+07
      1310   6.107E+01   4.629E-02   2.269E+03
In CGS       1310 T=   1.832E+10 dT=   1.389E+07
      1330   6.213E+01   4.269E-02   2.305E+03
In CGS       1330 T=   1.864E+10 dT=   1.281E+07
      1350   6.318E+01   4.090E-02   2.341E+03
In CGS       1350 T=   1.895E+10 dT=   1.227E+07
      1370   6.423E+01   4.313E-02   2.377E+03
In CGS       1370 T=   1.927E+10 dT=   1.294E+07
      1390   6.528E+01   4.323E-02   2.414E+03
In CGS       1390 T=   1.958E+10 dT=   1.297E+07
      1410   6.633E+01   4.240E-02   2.450E+03
In CGS       1410 T=   1.990E+10 dT=   1.272E+07
      1430   6.739E+01   4.230E-02   2.487E+03
In CGS       1430 T=   2.022E+10 dT=   1.269E+07
      1450   6.844E+01   4.210E-02   2.523E+03
In CGS       1450 T=   2.053E+10 dT=   1.263E+07
      1470   6.949E+01   4.206E-02   2.560E+03
In CGS       1470 T=   2.085E+10 dT=   1.262E+07
      1490   7.054E+01   4.208E-02   2.598E+03
In CGS       1490 T=   2.116E+10 dT=   1.262E+07
      1510   7.159E+01   4.257E-02   2.635E+03
In CGS       1510 T=   2.148E+10 dT=   1.277E+07
      1530   7.265E+01   4.177E-02   2.671E+03
In CGS       1530 T=   2.179E+10 dT=   1.253E+07
      1550   7.370E+01   4.198E-02   2.708E+03
In CGS       1550 T=   2.211E+10 dT=   1.259E+07
      1570   7.475E+01   4.173E-02   2.745E+03
In CGS       1570 T=   2.242E+10 dT=   1.252E+07
      1590   7.580E+01   4.131E-02   2.782E+03
In CGS       1590 T=   2.274E+10 dT=   1.239E+07
      1610   7.685E+01   4.156E-02   2.819E+03
In CGS       1610 T=   2.306E+10 dT=   1.247E+07
      1630   7.791E+01   4.125E-02   2.856E+03
In CGS       1630 T=   2.337E+10 dT=   1.237E+07
      1650   7.896E+01   4.331E-02   2.893E+03
In CGS       1650 T=   2.369E+10 dT=   1.299E+07
      1670   8.001E+01   4.258E-02   2.930E+03
In CGS       1670 T=   2.400E+10 dT=   1.277E+07
      1690   8.106E+01   4.233E-02   2.967E+03
In CGS       1690 T=   2.432E+10 dT=   1.270E+07
      1710   8.211E+01   4.226E-02   3.003E+03
In CGS       1710 T=   2.463E+10 dT=   1.268E+07
      1730   8.316E+01   4.473E-02   3.040E+03
In CGS       1730 T=   2.495E+10 dT=   1.342E+07
      1750   8.421E+01   4.643E-02   3.078E+03
In CGS       1750 T=   2.526E+10 dT=   1.393E+07
      1770   8.526E+01   4.686E-02   3.114E+03
In CGS       1770 T=   2.558E+10 dT=   1.406E+07
      1790   8.632E+01   4.691E-02   3.151E+03
In CGS       1790 T=   2.589E+10 dT=   1.407E+07
      1810   8.737E+01   4.104E-02   3.189E+03
In CGS       1810 T=   2.621E+10 dT=   1.231E+07
      1830   8.843E+01   4.101E-02   3.226E+03
In CGS       1830 T=   2.653E+10 dT=   1.230E+07
      1850   8.948E+01   4.201E-02   3.262E+03
In CGS       1850 T=   2.684E+10 dT=   1.260E+07
      1870   9.053E+01   4.356E-02   3.299E+03
In CGS       1870 T=   2.716E+10 dT=   1.307E+07
      1890   9.158E+01   4.233E-02   3.336E+03
In CGS       1890 T=   2.747E+10 dT=   1.270E+07
      1910   9.263E+01   4.255E-02   3.373E+03
In CGS       1910 T=   2.779E+10 dT=   1.276E+07
      1930   9.368E+01   4.236E-02   3.410E+03
In CGS       1930 T=   2.811E+10 dT=   1.271E+07
      1950   9.474E+01   4.226E-02   3.447E+03
In CGS       1950 T=   2.842E+10 dT=   1.268E+07
      1970   9.579E+01   4.159E-02   3.484E+03
In CGS       1970 T=   2.874E+10 dT=   1.248E+07
      1990   9.684E+01   4.270E-02   3.521E+03
In CGS       1990 T=   2.905E+10 dT=   1.281E+07
      2010   9.789E+01   4.555E-02   3.558E+03
In CGS       2010 T=   2.937E+10 dT=   1.366E+07
      2030   9.894E+01   4.684E-02   3.595E+03
In CGS       2030 T=   2.968E+10 dT=   1.405E+07
      2050   9.999E+01   4.694E-02   3.632E+03
In CGS       2050 T=   3.000E+10 dT=   1.408E+07
      2070   1.010E+02   4.181E-02   3.669E+03
In CGS       2070 T=   3.031E+10 dT=   1.254E+07
      2090   1.021E+02   4.076E-02   3.705E+03
In CGS       2090 T=   3.063E+10 dT=   1.223E+07
      2110   1.032E+02   4.052E-02   3.742E+03
In CGS       2110 T=   3.095E+10 dT=   1.216E+07
      2130   1.042E+02   4.097E-02   3.780E+03
In CGS       2130 T=   3.126E+10 dT=   1.229E+07
 Total timeloop took        :     3816.224 sec
 Time spent on Regrid+Update:      249.981 sec
                  Percentage:         6.55 %
 Time spent on IO in loop   :     2878.430 sec
                  Percentage:        75.43 %
 Time spent on BC           :      132.491 sec
                  Percentage:         3.47 %
 Time spent on run          :      937.794 sec
 Cells_updated / cpu / sec  :    5.760E+04
 Total time spent on IO     :     2878.430 sec
 Total timeintegration took :     3816.225 sec
 -------------------------------------------------------------------------------
 Finished AMRVAC in :          3817.421 sec
 -------------------------------------------------------------------------------
::::::::::::::
uniform/Ulrich1976/Ulrich1976.par
::::::::::::::
!==============================================================
! Project : YSO JET MIALY
! Aim     :
! Results :
! Method  : Use cartesian coordinate
!
! Update  : 22/11/2019
! configuration :
! Openmpi/gfortran or intel or ....
! $AMRVAC_DIR/setup.pl -d=2 -phys=hd -arch=default
! with intel
! $AMRVAC_DIR/setup.pl -d=2 -phys=hd -arch=intel
!==============================================================

 &filelist
        base_filename='uniform/Ulrich1976/Jet_CC_'
        saveprim=.true.
      	autoconvert=.true.
      	convert_type='vtuBCCmpi'
      	restart_from_file='Jet_CC_0100.dat'
      	convert = .true.
      	level_io=3
      	nwauxio = 4
        restart_from_file='Jet_Shang06_0118.dat'
        /
        convert = .true.



        snapshotnext =0326
/




/
        nwauxio=10




/


 &savelist
        itsave(1,1)=0
        itsave(1,2)=0
        dtsave_log=3.1557600d7   ! 1 year 3.1557600d6 = 0.1 yr
	!ditsave_log =50
        !dtsave_dat=  3.1557600d8! 100 yr!6.31152d8!20 yrs !1.57788000d9!50 yrs !3.1557600d9! 1 yrdensitys  1.57788000d8!5 yrs !3.1557600d7   ! 100 year; 3.1557600d7 = 1 yr
        ditsave_dat =1
 /

        ditsave_log = 1
        ditsave_dat =1
        dtsave_dat =21.08

 &stoplist

        dtmin=1.0d-13
        !time_max= 99d15 ! years
        !time_max=  3.15576d10 ! 10000 yrs 6.31152d11!2e4 yrs 3.15576d11 ! 10000 yrs 1.26e10! 400 yrs !3.786912d10! 1200 yrs ! 1.90607904d10!604 yrs ! 1.893456d10!600 yrs ! 3.15576d10! 1000yrs!6.31152d10! 2000 yrs ! 3.15576d11! 10000yrs ! 1.262304d10!400yrs!3.15576d9!3.15576d10! 1000yrs  !1.893456e11!600yrs!!9.46728d9!300yrs!6.311520000d9!7.8894d9!9.46728d9!7.8894d9 ! in s from years : 7.8894d9 = 250 yrs
        it_max=100


/
  reset_it=.true.

          it_init=0






 &methodlist
        time_integrator          =  'twostep'
        typepred1                =  20*'hllcd'!>>HH4647 !'hllcd'!si vraiment ça ne marche pas, essayer :! 'hll'! si au bord persiste des problemes, essayer : ! 'tvdlf'
        flux_scheme              =  20*'hllcd'!,18*'tvdlf'!>>HH4647 !'hllcd'!si vraiment ça ne marche pas, essayer :! 'hll'! si au bord persiste des problemes, essayer : ! 'tvdlf'
        limiter                  =  20*'minmod'!>>HH4647 !'koren'!'cada3'
        small_pressure           = 1.0d-9
        small_density            = 1.0d-8
        small_values_method      =  'average'
        small_values_daverage    = 8

        check_small_values       = .true.
        small_values_force_floor = .true.
        loglimit(1) = .false.


 /
         loglimit(4) = .true.
         loglimit(1)            = .true.
         loglimit(5)            = .true.
         loglimit(6)            = .true.
         loglimit(7)            = .true.
        tvdlfeps=0.5d0

 &boundlist
        internalboundary  = .true.
        nghostcells       = 4
        !                     RHO,   Vr,     Vz,   Vphi,   P,     traceur1,traceur2
        typeboundary_min1 =  'symm','asymm','symm','asymm','symm',2*'symm'!, ! C.L. gauche <=> rmin
        typeboundary_max1 =  7*'cont'                                    ! C.L. droite <=> rmax
        typeboundary_min2 =  'symm','symm','asymm','symm','symm',2*'symm' !7*'special'!                                     ! C.L. inférieure <=> zmin
        typeboundary_max2 =  7*'cont'                                        ! C.L. supérieure <=> zmax                                      ! C.L. supérieure <=> zmax

/
        typeboundary_max3 = 8*'cont'                                         ! C.L. arrière <=> phi/profondeur max
        typeboundary_min3 = 8*'cont'                                         ! C.L. avant <=> phi/profondeur min
 /

 &meshlist
        ! grid at level 1
        xprobmin1 =  0.0d0    ! cm
        xprobmax1 =  3.0d17! <--- r_max=3.0d17
        xprobmin2 =  0.0d0    ! cm
        xprobmax2 =  3.0d17! <--- z_max=3.0d17

        ! total cell at level 1
        domain_nx1= 960!240! <---dr=1.25e15 cm at lvl 1
        domain_nx2= 960!240! <---dr=1.25e15 cm at lvl 1
        ! number of cell by block
        block_nx1 = 8!8!
        block_nx2 = 8!8!

        ! AMR configuration
        refine_criterion=3
        refine_max_level=3!5 !<--- dr=dz=7.8125e13 cm au lvl 5
        refine_threshold=20*0.01d0
        derefine_ratio=20*1d-3
        w_refine_weight(1)=0.5d0
        w_refine_weight(2)=0.165d0
        w_refine_weight(3)=0.165d0
        w_refine_weight(4)=0.17d0
      !  w_refine_weight(9)=1.0d0

        max_blocks = 200000
        ! can be added when is needed
        prolongprimitive= .false.
        coarsenprimitive= .false.
        /







 /
        stretched_grid    = .true.
        stretched_dim(1)  = .true.
        stretched_dim(2)  = .true.
        itfixgrid =0

 &paramlist
        typecourant         = 'maxsum'
        courantpar          = 0.8d0
        slowsteps           = 1500
        small_getdt_average = .true.
        small_dt_coef       = 1.0d-5
 /

  &hd_list
         hd_energy            = .true. !non-adiabatic: enables energy solving
         hd_gamma             = 1.666666667
         SI_unit              = .false.  ! use cgs
         He_abundance         = 0.1d0                     !

         hd_dust              = .false.   ! dust off
         hd_radiative_cooling = .false. !>>HH4647 .false.!.true.    ! cooling on
         hd_gravity	       = .true. !>>HH4647 .false.!.true.    ! gravity on
         hd_chemical          = .false.   ! use chemical
         hd_n_tracer          = 2
         hd_mean_mup_on       = .true. !>>HH4647 .true.
         hd_chemical_gas_type = 'fullyatomic'
   /

  &grav_list 
  	grav_split=.false.
   /

 !'MLcosmol' : 'Use Mellema & Lundqvist (2002) cooling curve for zero metallicity '
 !'SPEX_DM'  : 'Use SPEX cooling curve for solar metallicity above 10^4 K. At lower temperatures,use Dalgarno & McCray (1972), with a pre-set ionization fraction of 10^-3 as described by Schure et al. (2009). '
   &rc_list
         ncool            = 4000
         coolcurve        = 'SPEX_DM'!'MLcosmol' !
         coolmethod       = 'exact'
         cfrac            = 1.d0
         Tfix             = .false.
         tlow             = 110 !<--- T_low = 110 K comme limite inférieure de la table de cooling afin d'éviter que le jet à 100 K ne se mette à refroidir par radiative cooling, ce qui serait non-physique
         coolsaveL        = .true.
         coolsavedT       = .true.
         He_abundance = 0.1d0
         rc_chemical_gas_type = 'fullyatomic'
   /


 &dust_list
     dust_n_species           = 2
     dust_min_rho             = 1.0d-10
     gas_mu                   = 1.0d0
     dust_method              = 'Kwok'
     dust_small_to_zero       = .true.
     dust_temperature         = 1.0d0
     dust_temperature_type    = 'silicate'
     dust_source_split        = .false.
     dust_it_diff             = 50000
   /





 &usr_list
        usrconfig%ism_on              = .true.                      !> set ism
        usrconfig%cloud_on            = .false.                      !> set cloud
        usrconfig%cloud_structure     = 2                           !> cloud structure type
        usrconfig%jet_yso_on          = .false. !>>HH4647.false.!.false.!.false.!                      !> set a jet
        usrconfig%physunit_on         = .true.                      !> set the normalisation in use
        usrconfig%reset_medium        = .true.                      !> set on the reset
        usrconfig%coordinate_system   = 'cylindrical_2.5D'            !> geometry in use in 2D
        usrconfig%phys_inuse          = 'hd' !'mhd' ! set physique want to be used

        usrconfig%phys_isotherm_on              = .false.!>>HH4647.true. ! use isotherme
        usrconfig%reset_flux_scheme_on          = .true.
        usrconfig%reset_flux_scheme_diffuse     = 'hllcd'
        usrconfig%reset_flux_scheme_thresholdL1_min = 1.0d-6
        usrconfig%reset_flux_scheme_thresholdL1_max = 1.0d20


 /




&usr_physical_unit_list
 phys_unit%unit                  = 'cgs'
 phys_unit%length                = 1.496d14                 ! cm (1 parsec) : par defaut = 1.496d14
 phys_unit%time                  = 3d8                      ! s (2 year) : par defaut = 3d10
 phys_unit%number_density        = 1.0d-6 !>>HH4647                      ! cm^-3 : par defaut = 1.0d8 (1.0d5 pour un milieu ambiant tres peu dense, e.g. a 100cm-3)                      ! cm^-3 : par defaut = 1.0d8 (1.0d5 pour un milieu ambiant tres peu dense, e.g. a 100cm-3)
 phys_unit%chemical_He_abundance = 0.1d0
 phys_unit%chemical_gas_type = 'fullyatomic'
/

!11/12/19 : pour ISM et le projet n°1 de Sylvie Cabrit sur son article de 1997, les paramètres ci-dessous pour l'ISM ont été testés
!et fixées aux valeurs recommandées et correspondant le mieux à la simulation de l'article
 &usr_ism_list
  ism_config%unit               ='cgs'
  ism_config%density            = 1.6d-16         !Li & Shu et 1996b ism density if it set to 0 it will use number_density
  ism_config%number_density     = 0.0d0  !>>HH4647  !2.95d9    !1.0d2     !4.44d6     ! Zheng19 = 2.95d9 cm-3 ! ism number density (1/cm^3) ) of protons n_H = facteur rho_j (e.g. = 100 cm-3) physique dans l'expression du profil de densité rho_c du milieu ambiant
                                            ! and w(ixO^S,phys_ind%rho_)        =  self%myconfig%density = = self%myconfig%number_density*mp = rho_h the mass density of protons
                                            ! si tu l'augmentes e.g. a number_density=1.0d3,
                                            !la valeur rho_c=rho_j de densité au niveau de la frontière inférieure ISM augmente d'un facteur 10
  ism_config%velocity(1)        = 0.0d0       ! ism  speed components (cm/s) R/X : 0.0 = milieu statique
  ism_config%velocity(2)        = 0.0d0!5.d8     ! ism  speed components (cm/s) Z : 0.0 = milieu statique
  ism_config%velocity(3)        = 0.0d0       ! ism  speed components (cm/s)  Y : 0.0 = milieu statique
  ism_config%Mach_number_tomov_obj= 0.0       ! ism  speed components (cm/s)  Y : 0.0 = milieu statique
  ism_config%temperature        = 100.0d0  !<---T_a = 100 K temperature typique
  ism_config%pressure           = 0.0d0     !1.3806485199999997d-12! ism pressure if is set to 0 it will use temperature : äraview trouve a T=100 K et rho_j=100 cm-3 >>> p_j = 2.71055e-12 Ba
  ism_config%tracer_on          = .true.    ! ism tracer
  ism_config%tracer_init_density= 1.0d9!1.0d3     ! ism tracer density
  ism_config%tracer_small_density  =  1.0d-15!1.0d-5

  ism_config%reset_on           = .false.    ! ism reset
  ism_config%reset_coef         = 0.0! 0.0     ! ism reset  coefficient : 19-03-2021 --> don't use it ! it creates bugs when >0.0d0
  ism_config%reset_dtemperature = 1.0d-6    !> set the pressure variation
  ism_config%reset_distance(2)  =  1.01d18  ! ism rest distance
  ism_config%reset_scale(2)     =  5d16     ! ism reset scalling distance

  ism_config%boundary_cond(2,2) = 'open'
  !ism_config%boundary_cond(1,2) = 'fix'
  ism_config%boundary_on        = .true.

ism_config%profile_typeaxial  = 'spherical'!'projection_direction'
ism_config%profile_idir       = 1.0,0.0,0.0       !z=2,r=1  !  ism profile direction

ism_config%profile_center     = 0,0,0

ism_config%profile_density_on = .true. ! Zheng=True ! .false. ! .true. ! ISM set density profile
ism_config%profile_pressure_on= .true. ! Zheng=True ! .false. !.true.
ism_config%theta_floored      = 0.0d0
ism_config%profile_force_on   = .false. ! Zheng=True  !.true.!.false.!.true. ! .false. ! ISM set force profile
ism_config%profile_force_gradP_on = .false.
ism_config%weight_mean = 'arithmetic'
ism_config%weight_analy = 1.0d0
ism_config%weight_num = 3.0d0
ism_config%weight_mean_variable = 'minus_density_grad'
ism_config%profile_rw_force = 2.5d16
ism_config%weight_num_index = 20.0d0
ism_config%weight_analy_index = 20.0d0
ism_config%profile_density    = 'Ulrich1976'!>>HH4647'cabrit1997' ! Zheng19 = 'cabrit1997' !ISM density profile
ism_config%profile_jspec = 8.0782850178d20       !> ISM envelope specific angular momentum
ism_config%profile_Minf  = 2.5203562637184713d20 !> ISM envelope infalling mass-loss rate on the protostar
ism_config%profile_Mstar = 8.94784441814123d32   !> central objet or protostar mass
!Ulrich default parameters
!self%myconfig%profile_jspec = 8.0782850178d20       !> ISM envelope specific angular momentum
!self%myconfig%profile_Minf  = 2.5203562637184713d20 !> ISM envelope infalling mass-loss rate on the protostar
!self%myconfig%profile_Mstar = 8.94784441814123d32   !> central objet or protostar mass
!self%myconfig%profile_rd    = 1.0927333451820418d16 !> ISM envelope lower ﬁducial radius
!self%myconfig%profile_vd    = 7.392732228240198d4   !> ISM envelope kepler velocity at r=profile_rd
!self%myconfig%profile_rho_0 = 2.27205428100406d-18  !> ISM envelope fiducial density



ism_config%profile_zc    = 1.0d16!4.49d14 ! 1.0d16 !4.49d14 ! Zheng19 = 30 au = 4.49d14 cm :  grandeur de normalisation dans le profil de pression/densite (en cm)
ism_config%profile_rw    = 2.5d16 !> ISM reference radius for Lee 2001 profile (in cm)
ism_config%profile_kappa    = 2.0d0 ! Zheng19 = 2 ! indice kappa pour la loi de densité et de pression : 'cabrit1997' <=> kappa=2
ism_config%profile_shiftstart = 0.00d0 !>>HH4647 3.33d14 ! 3.33d14 ! 1.0d15 ! the distance from which the ISM profile is set

ism_config%chemical_gas_type = 'fullyatomic'!>>HH4647'fullyatomic'
ism_config%He_abundance      = 0.1
/

&usr_usrboundary_ism_list
  !usrboundary_config%boundary_type(1,2) = 'fix'!'disc'
  usrboundary_config%boundary_type(2,2) = 'open'
  usrboundary_config%useprimitive       = .true.
  usrboundary_config%flux_frac          = 9.0d-1
/

!11/12/19 : pour le jet et le projet n°1 de Sylvie Cabrit sur son article de 1997, les paramètres ci-dessous pour le jet ont été testés
!et fixées aux valeurs recommandées et correspondant le mieux à la simulation de l'article
&usr_cla_jet_list
    cla_jet_config%unit                  =  'cgs' !> physical unit at parameter file
    cla_jet_config%time_cla_jet_on       =  0.0d0 !> initial time the cla_jet is set in the simulation box

    cla_jet_config%myindice              =  0       !> cla_jet associated indice
    cla_jet_config%density               =  1.795963442083303d-19!<-------Fm=0.6e-7 Msun/yr

    cla_jet_config%number_density        =  0.0d0
    cla_jet_config%temperature           =  100.0d0  !>>HH4647 !> cla_jet temperature  (K)
    cla_jet_config%pressure              =  0.0d0   !> cla_jet pressure
    cla_jet_config%pressure_toism        =  0.0d0   !> cla_jet pressure relative to ism pressure
    cla_jet_config%magnetic(1)           =  0.0d0   !> cla_jet magnetic field components : 0.0d0 = HD
    cla_jet_config%magnetic(2)           =  0.0d0   !> cla_jet magnetic field components : 0.0d0 = HD
    cla_jet_config%magnetic(3)           =  0.0d0   !> cla_jet magnetic field components : 0.0d0 = HD
    cla_jet_config%xisigma               =  0.0d0   !> cla_jet magnetisation : 0.0d0 = HD
    cla_jet_config%magn_anglePHItoPol    =  0.0d0   !> cla_jet magnetisation field incl : 0.0d0 = HD

    cla_jet_config%Mach_number           =  0.0!250.0d0   !> cla_jet  Mach number : Par défaut : Ma = 20
    cla_jet_config%c_sound               =  0.0d0   !> cla_jet  sound speed (cm/s)
    cla_jet_config%velocity(1)           =  0.0d0   !> cla_jet  velocity (radial speed)(cm/s)
    cla_jet_config%velocity(2)           =  1.0d0!1.2d7 !
    cla_jet_config%velocity(3)           =  0.0d0   !> cla_jet  velocity (rotation speed)(cm/s)
    cla_jet_config%velocity_poloidal     =  1.0d0!1.2d7 !<--- norme du vecteur vitesse au niveau de l'inlet du jet
    cla_jet_config%power                 =  0.0d0   !> wind power flux
    cla_jet_config%mass_flux             =  0.0d0   ! 3.15e19 ! flux en H+H^++H2 1.13d21 !1.89d18 ! grammes/s>>>Zhang19 = 0.3e-7 Msun/yr  0.0!9.8525563d16!1.9705112501213315d17!1.3136741667475542d17!!   !> wind mass flux : cabrit1997 = 1.3136741d17 à Vjet = 100 km/s et 1.9705111e+17 à Vjet = 150 km/s (Vjet = 150 km/s ne marche qu a basse resolution de maillage)
                                            ! c'est par l'imposition de cla_jet_config%mass_flux et de cla_jet_config%velocity(2) que la densité est alors imposée à l'intérieur du jet
                                            ! pour avoir :
                                            ! * Vjet = 100 km/s, R_jet = 0.5e16 cm et n_jet = 100 cm-3 >>> mass_flux = 1.3136741667475542e+17 g / s
                                            ! * Vjet = 150 km/s, R_jet = 0.5e16 cm et n_jet = 100 cm-3 >>> mass_flux = 1.9705112501213315e+17 g / s
                                            ! * Vjet = 150 km/s, R_jet = 0.5e16 cm et n_jet = 50 cm-3 >>> mass_flux = 9.8525563e+16 g / s

    cla_jet_config%open_angle            = 3.0d0 !>>HH4647 !>  cla_jet initial open angle  (degre): 0.0d0 = jet droit cylindrique
    cla_jet_config%z_in                  =  -46.275d18 !> cla_jet inner boundary position
    cla_jet_config%variation_n_cells     = 2
    cla_jet_config%z_impos               =  8.22d14 !
    cla_jet_config%z_out_init            =  8.30d14 !
    cla_jet_config%r_out_init            =  7.47d14! <--- 50 UA
    cla_jet_config%r_out_impos           =  7.47d14! <--- 50 UA

    cla_jet_config%r_in_init             =  0.0 !-7.48d14 !> cla_jet inner jet  region : position de la limite gauche du jet en coordonnées cylindriques : à tenir compte dans le calcul de la surface d'éjection du jet et donc du calcul du flux de masse ejectée

    cla_jet_config%tracer_on             =  .true. !> cla_jet logical to set tracer
    cla_jet_config%tracer_init_density   =  1.0d9!> cla_jet tracer density
    cla_jet_config%tracer_small_density  =  1.0d-15!> cla_jet tracer small density
    cla_jet_config%shape                 =  'cartesian'  !> cla_jet shape
    cla_jet_config%profile               =  'none'  !> cla_jet profile


    cla_jet_config%variation_on          =  .true. ! Zhang19 .false. !.true.! to set on  or off the jet-injection in-real-time velocity variability
    cla_jet_config%density_variation_on  =  .true. !<----- vary mass-loss rate !> cla_jet density variation switch
    cla_jet_config%pressure_variation_on =  .true. !<----- vary constant jet temperature !> cla_jet pressure variation switch : enables constant temperature in the jet inlet
    cla_jet_config%density_variation_profile =  'same_as_velocity' !<----- which variability apply to pressure and/or pressure
    cla_jet_config%variation_start_time  =  0.0d0 !time (in s in cgs) at which to begin the time variability : 0.0 to begin at the start of the simulation
    cla_jet_config%variation_end_time    =  4d15
    cla_jet_config%variation_velocity_amplitude =  1.0d0!1.2d7 !<--- norme du vecteur vitesse au niveau de l'inlet du jet (aux yeux du code, c'est une autre variable qu'on a oublié, surtout moi, de retirer quand on a rajouté   le paramètre cla_jet_config%velocity_poloidal en ouvrant le jet, donc par sécurité, comme je ne sais pas si on l'utilise toujours ailleurs, fixons la même valeur qu'au-dessus)
    cla_jet_config%variation_velocity_poloidal =  0.0d0!6.0d6 !<------ variation de la norme du vecteur vitesse du jet
    cla_jet_config%variation_velocity(1) =  0.0d0
    cla_jet_config%variation_velocity(2) =  0.0d0!6.0d6 !<------ variation de la norme du vecteur vitesse du jet
    cla_jet_config%variation_velocity(3) =  0.0d0
    cla_jet_config%variation_time        =  9.46728d9!<---- 300 ans
    cla_jet_config%variation_position    =  0.0d0,8.22d14 ,0.0d0!0.0d0,8.22d14 ,0.0d0 !>>HH4647 !0.0d0, 1d15 ,0.0d0 !0.0d0, 1.495978707d14,0.0d0 ! = 0,10 au,0position (in 3d : if cylindrical : phi = 3, z=2, r=1) under which is set the time variability : default = 0,3d15,0
    cla_jet_config%variation_type        =  'sawtooth2' !
    cla_jet_config%variation_phys_nvariable   = 1  ! number of physical variable with variation
    cla_jet_config%variation_phys_variable(1) =  3 ! 3 mean the velocity in Z direction

    cla_jet_config%refine_min_level      = 3
    cla_jet_config%chemical_gas_type     = 'fullyatomic' !>>HH4647



/
 ---------------------------------------------------------------------------
 ---------------------------------------------------------------------------
 |         __  __ ____ ___        _    __  __ ______     ___    ____       |
 |        |  \/  |  _ \_ _|      / \  |  \/  |  _ \ \   / / \  / ___|      |
 |        | |\/| | |_) | |_____ / _ \ | |\/| | |_) \ \ / / _ \| |          |
 |        | |  | |  __/| |_____/ ___ \| |  | |  _ < \ V / ___ \ |___       |
 |        |_|  |_|_|  |___|   /_/   \_\_|  |_|_| \_\ \_/_/   \_\____|      |
 --------------------------------------------------------------------------
 ---------------------------------------------------------------------------
  End of reading of the usr_list
 Reading usr_list
  End of reading of the usr_list
  End of reading of the usr_list
  End of reading of the usr_list
  End of reading of the usr_list
  End of reading of the usr_list
  End of reading of the usr_list
  End of reading of the usr_list
  End of reading of the usr_list
  End of reading of the usr_list
  End of reading of the usr_list
  End of reading of the usr_list
  End of reading of the usr_list
  End of reading of the usr_list
 Reading usr_physical_values_list
  End of reading of the usr_list
  End of reading of the usr_list
  End of reading of the usr_list
  End of reading of the usr_list
  End of reading of the usr_list
  End of reading of the usr_list
  End of reading of the usr_list
  End of reading of the usr_list
  End of reading of the usr_list
  End of reading of the usr_list
 Reading usr_ism_list
  End of reading of the hd_list
  End of reading of the hd_list
  End of reading of the hd_list
 End of Reading 
 usr_ismlist0                                                                  
  End of reading of the hd_list
  End of reading of the hd_list
 Reading usr_boundary_list           1 
 boundary                                                                      
  End of reading of the hd_list
  End of reading of the hd_list
  End of reading of the hd_list
  End of reading of the hd_list
  End of reading of the hd_list
  End of reading of the hd_list
 End of Reading 
 usr_boundarylist1                                                             
  End of reading of the hd_list
  End of reading of the hd_list
  End of reading of the hd_list
  End of reading of the hd_list
  End of reading of the hd_list
  End of reading of the hd_list
  End of reading of the hd_list
  End of reading of the hd_list
  End of reading of the hd_list
  End of reading of the hd_list
  End of reading of the hd_list
 Reading uniform/Ulrich1976/Ulrich1976.par
  End of reading of the hd_list
  End of reading of the hd_list
 End par file read
 
 Output type | dtsave    | ditsave | itsave(1) | tsave(1)
         log | 0.105E+00 | ******  |      0    | *********
      normal | ********* |      1  |      0    | *********
       slice | ********* | ******  | ******    | *********
   collapsed | ********* | ******  | ******    | *********
    analysis | ********* | ******  | ******    | *********
 
                 typelimited: predictor                                                                                                                          
         Domain size (cells): 960 960 
                Level one dx: 0.209E+01 0.209E+01 
           Refine estimation: Lohner's scheme
                   slicenext: 0
                collapsenext: 0
           restart_from_file:  Jet_Shang06_0118.dat
                  converting: T

 rW =   2.500000000000000E+016  cm
 rD =   1.092733345182041E+016  cm
 vK =    73927.3222824020       cm/s
 rho_0 =   2.272054281004061E-018  g/cm3
 r = (rD/rw) =    2.28784086348488     
 rho_a0 =   1.166389483226784E-018  g/cm3
 nH_a0 =    498101.457614819       cm-3
 rW =   2.500000000000000E+016  cm
 rD =   1.092733345182041E+016  cm
 vK =    73927.3222824020       cm/s
 rho_0 =   2.272054281004061E-018  g/cm3
 r = (rD/rw) =    2.28784086348488     
 rho_a0 =   1.166389483226784E-018  g/cm3
 nH_a0 =    498101.457614819       cm-3
 rW =   2.500000000000000E+016  cm
 rD =   1.092733345182041E+016  cm
 vK =    73927.3222824020       cm/s
 rho_0 =   2.272054281004061E-018  g/cm3
 r = (rD/rw) =    2.28784086348488     
 rho_a0 =   1.166389483226784E-018  g/cm3
 nH_a0 =    498101.457614819       cm-3
 rW =   2.500000000000000E+016  cm
 rD =   1.092733345182041E+016  cm
 vK =    73927.3222824020       cm/s
 rho_0 =   2.272054281004061E-018  g/cm3
 r = (rD/rw) =    2.28784086348488     
 rho_a0 =   1.166389483226784E-018  g/cm3
 nH_a0 =    498101.457614819       cm-3
 rW =   2.500000000000000E+016  cm
 rD =   1.092733345182041E+016  cm
 vK =    73927.3222824020       cm/s
 rho_0 =   2.272054281004061E-018  g/cm3
 r = (rD/rw) =    2.28784086348488     
 rho_a0 =   1.166389483226784E-018  g/cm3
 nH_a0 =    498101.457614819       cm-3
 rW =   2.500000000000000E+016  cm
 rD =   1.092733345182041E+016  cm
 vK =    73927.3222824020       cm/s
 rho_0 =   2.272054281004061E-018  g/cm3
 r = (rD/rw) =    2.28784086348488     
 rho_a0 =   1.166389483226784E-018  g/cm3
 nH_a0 =    498101.457614819       cm-3
 rW =   2.500000000000000E+016  cm
 rD =   1.092733345182041E+016  cm
 vK =    73927.3222824020       cm/s
 rho_0 =   2.272054281004061E-018  g/cm3
 r = (rD/rw) =    2.28784086348488     
 rho_a0 =   1.166389483226784E-018  g/cm3
 nH_a0 =    498101.457614819       cm-3
 rW =   2.500000000000000E+016  cm
 rD =   1.092733345182041E+016  cm
 vK =    73927.3222824020       cm/s
 rho_0 =   2.272054281004061E-018  g/cm3
 r = (rD/rw) =    2.28784086348488     
 rho_a0 =   1.166389483226784E-018  g/cm3
 nH_a0 =    498101.457614819       cm-3
 rW =   2.500000000000000E+016  cm
 rD =   1.092733345182041E+016  cm
 vK =    73927.3222824020       cm/s
 rho_0 =   2.272054281004061E-018  g/cm3
 r = (rD/rw) =    2.28784086348488     
 rho_a0 =   1.166389483226784E-018  g/cm3
 nH_a0 =    498101.457614819       cm-3
 the ism temperature =    100.000000000000     
 ism density  1.166389483226784E-018
 ism nH   498101.457614819     
 phys_config%He_abundance  0.100000000000000     
 in mod_obj_usr_unit.t usr_physical_unit_fillphysunit subroutine: 
 ism density  2.341670487800000E-030
 ism ndensity  1.000000000000000E-006
 ism pressure  5.822995576026895E-019
 ism temperature   3834.16285288672     
 rW =   2.500000000000000E+016  cm
 rD =   1.092733345182041E+016  cm
 vK =    73927.3222824020       cm/s
 rho_0 =   2.272054281004061E-018  g/cm3
 r = (rD/rw) =    2.28784086348488     
 rho_a0 =   1.166389483226784E-018  g/cm3
 nH_a0 =    498101.457614819       cm-3
 rW =   2.500000000000000E+016  cm
 rD =   1.092733345182041E+016  cm
 vK =    73927.3222824020       cm/s
 rho_0 =   2.272054281004061E-018  g/cm3
 r = (rD/rw) =    2.28784086348488     
 rho_a0 =   1.166389483226784E-018  g/cm3
 nH_a0 =    498101.457614819       cm-3
 ERROR for processor           0 :
 Jet_Shang06_0118.dat not found!
 rW =   2.500000000000000E+016  cm
 rD =   1.092733345182041E+016  cm
 vK =    73927.3222824020       cm/s
 rho_0 =   2.272054281004061E-018  g/cm3
 r = (rD/rw) =    2.28784086348488     
 rho_a0 =   1.166389483226784E-018  g/cm3
 nH_a0 =    498101.457614819       cm-3
--------------------------------------------------------------------------
MPI_ABORT was invoked on rank 0 in communicator MPI_COMM_WORLD
with errorcode -538426896.

NOTE: invoking MPI_ABORT causes Open MPI to kill all MPI processes.
You may or may not see output from other processes, depending on
exactly when Open MPI kills them.
--------------------------------------------------------------------------
 rW =   2.500000000000000E+016  cm
 rD =   1.092733345182041E+016  cm
 vK =    73927.3222824020       cm/s
 rho_0 =   2.272054281004061E-018  g/cm3
 r = (rD/rw) =    2.28784086348488     
 rho_a0 =   1.166389483226784E-018  g/cm3
 nH_a0 =    498101.457614819       cm-3
 rW =   2.500000000000000E+016  cm
 rD =   1.092733345182041E+016  cm
 vK =    73927.3222824020       cm/s
 rho_0 =   2.272054281004061E-018  g/cm3
 r = (rD/rw) =    2.28784086348488     
 rho_a0 =   1.166389483226784E-018  g/cm3
 nH_a0 =    498101.457614819       cm-3
 rW =   2.500000000000000E+016  cm
 rD =   1.092733345182041E+016  cm
 vK =    73927.3222824020       cm/s
 rho_0 =   2.272054281004061E-018  g/cm3
 r = (rD/rw) =    2.28784086348488     
 rho_a0 =   1.166389483226784E-018  g/cm3
 nH_a0 =    498101.457614819       cm-3
 rW =   2.500000000000000E+016  cm
 rD =   1.092733345182041E+016  cm
 rW =   2.500000000000000E+016  cm
 rD =   1.092733345182041E+016  cm
 vK =    73927.3222824020       cm/s
 rho_0 =   2.272054281004061E-018  g/cm3
 r = (rD/rw) =    2.28784086348488     
 rho_a0 =   1.166389483226784E-018  g/cm3
 nH_a0 =    498101.457614819       cm-3
 rW =   2.500000000000000E+016  cm
 rD =   1.092733345182041E+016  cm
 vK =    73927.3222824020       cm/s
 rho_0 =   2.272054281004061E-018  g/cm3
 r = (rD/rw) =    2.28784086348488     
 rho_a0 =   1.166389483226784E-018  g/cm3
 nH_a0 =    498101.457614819       cm-3
 vK =    73927.3222824020       cm/s
 rho_0 =   2.272054281004061E-018  g/cm3
 r = (rD/rw) =    2.28784086348488     
 rho_a0 =   1.166389483226784E-018  g/cm3
 nH_a0 =    498101.457614819       cm-3
/bin/mv: inter-device move failed: 'uniform' to '/data/mrabenanahary/Output/Ulrich1976/./uniform'; unable to remove targetsrun: error: tycho55: task 0: Exited with exit code 1
: Directory not empty
