mkdir: cannot create directory ‘Kappeli2016’: File exists
3061730
tycho63
/scratch/mrabenanahary/run.3061730.Kappeli2016
::::::::::::::
Kappeli2016.par
::::::::::::::
!==============================================================
! Project : YSO JET MIALY
! Aim     :
! Results :
! Method  : Use cartesian coordinate
!
! Update  : 22/11/2019
! configuration :
! Openmpi/gfortran or intel or ....
! $AMRVAC_DIR/setup.pl -d=2 -phys=hd -arch=default
! with intel
! $AMRVAC_DIR/setup.pl -d=2 -phys=hd -arch=intel
!==============================================================

 &filelist
        base_filename='Output/Kappeli2016/Jet_CC_'
        saveprim=.true.
        autoconvert=.true.
        convert_type='vtuBCCmpi'
        nwauxio = 12
        /
        !restart_from_file='Output/Ulrich1976_limitinflow/Jet_CC_0061.dat'
        /
        convert = .true.



        snapshotnext =0326
/




/
        nwauxio=10




/


 &savelist
        itsave(1,1)=0
        itsave(1,2)=0
        dtsave_log=3.1557600d7   ! 1 year 3.1557600d6 = 0.1 yr
	!ditsave_log =50
        dtsave_dat=  3.1557600d9! 100 yr!6.31152d8!20 yrs !1.57788000d9!50 yrs !3.1557600d9! 1 yrdensitys  1.57788000d8!5 yrs !3.1557600d7   ! 100 year; 3.1557600d7 = 1 yr
        !ditsave_dat =1
 /

        ditsave_log = 1
        ditsave_dat =1
        dtsave_dat =21.08

 &stoplist

        dtmin=1.0d-13
        !time_max= 99d15 ! years
        time_max=  3.15576d11 ! 10000 yrs 1.26e10! 400 yrs !3.786912d10! 1200 yrs ! 1.90607904d10!604 yrs ! 1.893456d10!600 yrs ! 3.15576d10! 1000yrs!6.31152d10! 2000 yrs ! 3.15576d11! 10000yrs ! 1.262304d10!400yrs!3.15576d9!3.15576d10! 1000yrs  !1.893456e11!600yrs!!9.46728d9!300yrs!6.311520000d9!7.8894d9!9.46728d9!7.8894d9 ! in s from years : 7.8894d9 = 250 yrs
        !it_max=10


/
  reset_it=.true.

          it_init=0






 &methodlist
        time_integrator          =  'twostep'
        typepred1                =  20*'hllcd'!>>HH4647 !'hllcd'!si vraiment ça ne marche pas, essayer :! 'hll'! si au bord persiste des problemes, essayer : ! 'tvdlf'
        flux_scheme              =  20*'hllcd'!,18*'tvdlf'!>>HH4647 !'hllcd'!si vraiment ça ne marche pas, essayer :! 'hll'! si au bord persiste des problemes, essayer : ! 'tvdlf'
        limiter                  =  20*'minmod'!>>HH4647 !'koren'!'cada3'
        small_pressure           = 1.0d-9
        small_density            = 1.0d-8
        small_values_method      =  'average'
        small_values_daverage    = 8

        check_small_values       = .true.
        small_values_force_floor = .true.
        loglimit(1) = .false.


 /
         loglimit(4) = .true.
         loglimit(1)            = .true.
         loglimit(5)            = .true.
         loglimit(6)            = .true.
         loglimit(7)            = .true.
        tvdlfeps=0.5d0

 &boundlist
        internalboundary  = .true.
        nghostcells       = 2
        !                     RHO,   Vr,     Vz,   Vphi,   P,     traceur1,traceur2
        typeboundary_min1 =  'symm','asymm','symm','asymm','symm',2*'symm'!, ! C.L. gauche <=> rmin
        typeboundary_max1 =  7*'cont'                                    ! C.L. droite <=> rmax
        typeboundary_min2 =  7*'special'!'symm','symm','limitinflow','symm','symm',2*'symm'!'symm','symm','asymm','symm','symm',2*'symm'!                                    ! C.L. inférieure <=> zmin
        typeboundary_max2 =  7*'cont'                                        ! C.L. supérieure <=> zmax                                      ! C.L. supérieure <=> zmax

/
        typeboundary_max3 = 8*'cont'                                         ! C.L. arrière <=> phi/profondeur max
        typeboundary_min3 = 8*'cont'                                         ! C.L. avant <=> phi/profondeur min
 /

 &meshlist
        ! grid at level 1
        ! if  geometry in use in 2D is usrconfig%coordinate_system   = 'cylindrical_2D' or 'cylindrical_2.5D'         
        ! always make sure that xprobmin1=R>=0 since the code treats any xprobmin<0 grid as a cartesian grid and thus
        ! introduces non-physical behaviour since the code treats the spatial indexes as in the cartesian case, thus creating
        ! non-physical solutions
        ! if you wand to treat xprobmin1 <0, switch to Cartesian coordinates, with the disadvantage of not being able to simply treat rotation along phi
        ! (need to convert from phi to z)
        xprobmin1 =  0.0d0    ! cm
        xprobmax1 =  3.0d17! <--- r_max=3.0d17
        xprobmin2 =  0.0d0    ! cm
        xprobmax2 =  3.0d17! <--- z_max=3.0d17

        ! total cell at level 1
        domain_nx1= 240! <---dr=1.25e15 cm at lvl 1
        domain_nx2= 240! <---dr=1.25e15 cm at lvl 1
        ! number of cell by block
        block_nx1 = 8!8!
        block_nx2 = 8!8!

        ! AMR configuration
        refine_criterion=3
        refine_max_level=5 !<--- dr=dz=7.8125e13 cm au lvl 5
        refine_threshold=20*0.01d0
        derefine_ratio=20*1d-3
      !  w_refine_weight(1)=0.25d0
      !  w_refine_weight(2)=0.25d0
      !  w_refine_weight(3)=0.25d0
        w_refine_weight(12)=1.0d0

        max_blocks = 200000
        ! can be added when is needed
        prolongprimitive= .true.
        coarsenprimitive= .true.
        /







 /
        stretched_grid    = .true.
        stretched_dim(1)  = .true.
        stretched_dim(2)  = .true.
        itfixgrid =0

 &paramlist
        typecourant         = 'maxsum'
        courantpar          = 0.8d0
        slowsteps           = 1500
        small_getdt_average = .true.
        small_dt_coef       = 1.0d-5
 /

  &hd_list
         hd_energy            = .true. !non-adiabatic: enables energy solving
         hd_gamma             = 1.666666667
         SI_unit              = .false.  ! use cgs
         He_abundance         = 0.1d0                     !

         hd_dust              = .false.   ! dust off
         hd_radiative_cooling = .true. !>>HH4647 .false.!.true.    ! cooling on
         hd_gravity	       = .true. !>>HH4647 .false.!.true.    ! gravity on
         hd_gravity_hse       = .false. !>>HH4647 .false.!.true.    ! gravity on         
         hd_gravity_hse_scheme= 'twoorderpert'!options:'zerothorder','firstorder','twoordernohse','twoordernopert','twoorderpert','twoorderpert2'
         hd_use_gravity_g = .false.
         hd_chemical          = .false.   ! use chemical
         hd_n_tracer          = 2
         hd_mean_mup_on       = .true. !>>HH4647 .true.
         hd_chemical_gas_type = 'fullyatomic'
   /

  &grav_list 
  	grav_split=.false.
   /

 !'MLcosmol' : 'Use Mellema & Lundqvist (2002) cooling curve for zero metallicity '
 !'SPEX_DM'  : 'Use SPEX cooling curve for solar metallicity above 10^4 K. At lower temperatures,use Dalgarno & McCray (1972), with a pre-set ionization fraction of 10^-3 as described by Schure et al. (2009). '
   &rc_list
         ncool            = 4000
         coolcurve        = 'SPEX_DM'!'MLcosmol' !
         coolmethod       = 'exact'
         cfrac            = 1.d0
         Tfix             = .false.
         tlow             = 110 !<--- T_low = 110 K comme limite inférieure de la table de cooling afin d'éviter que le jet à 100 K ne se mette à refroidir par radiative cooling, ce qui serait non-physique
         coolsaveL        = .true.
         coolsavedT       = .true.
         He_abundance = 0.1d0
         rc_chemical_gas_type = 'fullyatomic'
   /


 &dust_list
     dust_n_species           = 2
     dust_min_rho             = 1.0d-10
     gas_mu                   = 1.0d0
     dust_method              = 'Kwok'
     dust_small_to_zero       = .true.
     dust_temperature         = 1.0d0
     dust_temperature_type    = 'silicate'
     dust_source_split        = .false.
     dust_it_diff             = 50000
   /





 &usr_list
        usrconfig%ism_on              = .true.                      !> set ism
        usrconfig%cloud_on            = .false.                      !> set cloud
        usrconfig%cloud_structure     = 2                           !> cloud structure type
        usrconfig%jet_yso_on          = .true. !>>HH4647.false.!.false.!.false.!                      !> set a jet
        usrconfig%physunit_on         = .true.                      !> set the normalisation in use
        usrconfig%reset_medium        = .true.                      !> set on the reset
        usrconfig%coordinate_system   = 'cylindrical_2.5D'            !> geometry in use in 2D
        usrconfig%phys_inuse          = 'hd' !'mhd' ! set physique want to be used

        usrconfig%phys_isotherm_on              = .false.!>>HH4647.true. ! use isotherme
        usrconfig%reset_flux_scheme_on          = .true.
        usrconfig%reset_flux_scheme_diffuse     = 'tvdlf'
        usrconfig%reset_flux_scheme_thresholdL1_min = 1.0d-6
        usrconfig%reset_flux_scheme_thresholdL1_max = 1.0d20


 /




&usr_physical_unit_list
 phys_unit%unit                  = 'cgs'
 phys_unit%length                = 1.496d14                 ! cm (1 parsec) : par defaut = 1.496d14
 phys_unit%time                  = 3d8                      ! s (2 year) : par defaut = 3d10
 phys_unit%number_density        = 1.0d-6 !>>HH4647                      ! cm^-3 : par defaut = 1.0d8 (1.0d5 pour un milieu ambiant tres peu dense, e.g. a 100cm-3)                      ! cm^-3 : par defaut = 1.0d8 (1.0d5 pour un milieu ambiant tres peu dense, e.g. a 100cm-3)
 phys_unit%chemical_He_abundance = 0.1d0
 phys_unit%chemical_gas_type = 'fullyatomic'
/

!11/12/19 : pour ISM et le projet n°1 de Sylvie Cabrit sur son article de 1997, les paramètres ci-dessous pour l'ISM ont été testés
!et fixées aux valeurs recommandées et correspondant le mieux à la simulation de l'article
 &usr_ism_list
  ism_config%unit               ='cgs'
  ism_config%density            = 1.6d-18         !Li & Shu et 1996b ism density if it set to 0 it will use number_density
  ism_config%number_density     = 0.0d0  !>>HH4647  !2.95d9    !1.0d2     !4.44d6     ! Zheng19 = 2.95d9 cm-3 ! ism number density (1/cm^3) ) of protons n_H = facteur rho_j (e.g. = 100 cm-3) physique dans l'expression du profil de densité rho_c du milieu ambiant
                                            ! and w(ixO^S,phys_ind%rho_)        =  self%myconfig%density = = self%myconfig%number_density*mp = rho_h the mass density of protons
                                            ! si tu l'augmentes e.g. a number_density=1.0d3,
                                            !la valeur rho_c=rho_j de densité au niveau de la frontière inférieure ISM augmente d'un facteur 10
  ism_config%velocity(1)        = 0.0       ! ism  speed components (cm/s) R/X : 0.0 = milieu statique
  ism_config%velocity(2)        = 0.0!5.d8     ! ism  speed components (cm/s) Z : 0.0 = milieu statique
  ism_config%velocity(3)        = 0.0       ! ism  speed components (cm/s)  Y : 0.0 = milieu statique
  ism_config%Mach_number_tomov_obj= 0.0       ! ism  speed components (cm/s)  Y : 0.0 = milieu statique
  ism_config%temperature        = 100.0d0  !<---T_a = 100 K temperature typique
  ism_config%pressure           = 0.0d0     !1.3806485199999997d-12! ism pressure if is set to 0 it will use temperature : äraview trouve a T=100 K et rho_j=100 cm-3 >>> p_j = 2.71055e-12 Ba
  ism_config%tracer_on          = .true.    ! ism tracer
  ism_config%tracer_init_density= 1.0d9!1.0d3     ! ism tracer density
  ism_config%tracer_small_density  =  1.0d-15!1.0d-5

  ism_config%reset_on           = .false.    ! ism reset
  ism_config%reset_coef         = 0.0! 0.0     ! ism reset  coefficient : 19-03-2021 --> don't use it ! it creates bugs when >0.0d0
  ism_config%reset_dtemperature = 1.0d-6    !> set the pressure variation
  ism_config%reset_distance(2)  =  1.01d18  ! ism rest distance
  ism_config%reset_scale(2)     =  5d16     ! ism reset scalling distance

  !ism_config%boundary_cond(1,1) = 'axis'  
  ism_config%boundary_cond(2,1) = 'fix'!'limitinflow'!'limitinflowdisc'!'disc'!'fix'!'fix'!'limitoutflow' ! <<<<<!>>>>> : to enable this feature : you need to check that typeboundary_min{idims} (or typeboundary_max{idims}) is set to 7*'special'


  ism_config%nghostcells(1)        = 2
  ism_config%nghostcells(2)        = 2
  ism_config%flux_frac          = 9.0d-1
  ism_config%useprimitive       = .true. 
  ism_config%escapencells(1)       = 20
  ism_config%escapencells(2)       = 20    
  ! Use :
  !  - ism_config%mixed_fixed_bound(idims,iside,index) to 'fix' the index-th flux variable w(ixG^S,index) on top of the above boundary conditions:
  !  - (idims,iside) = (direction along which are set the boundary conditions,side i=1=min or i=2=max of the direction along which the bc is applied)
  !  - <<<<<!>>>>> : to enable this feature, you need to check that typeboundary_min{idims} (or typeboundary_max{idims}) is set to 7*'special'
  !  - index:
  ! 	* 1 : rho
  ! 	* 2 : v1 =  v_R in cylindrical coordinates
  ! 	* 3 : v2 =  v_Z in cylindrical coordinates
  ! 	* 4 : v3 =  v_phi in cylindrical coordinates  
  ! 	* 5 : p (or e for conservative variables) only when hd_energy==.true.
  ! 	* 6,7 (or resp. 5,6) : tracers when hd_energy==.true. (resp. hd_energy==.false.)
  !
  ! - By default, all ism_config%mixed_fixed_bound(2,1,index) are .false., so that only the above boundary conditions are considered !
  
  !ism_config%mixed_fixed_bound(2,1,1) = .true.
  !ism_config%mixed_fixed_bound(2,1,2) = .true.
  !ism_config%mixed_fixed_bound(2,1,3) = .true.
  !ism_config%mixed_fixed_bound(2,1,4) = .false.
  !ism_config%mixed_fixed_bound(2,1,5) = .true.
  !ism_config%mixed_fixed_bound(2,1,6) = .true.
  !ism_config%mixed_fixed_bound(2,1,7) = .true.
  !ism_config%boundary_cond(2,2) = 'fix'!'limitoutflow'!> ce truc ne sert à rien à moins que typeboundary_max2 = 7*'special'
  ism_config%boundary_on        = .true.
!  ism_config%debug        	 = .false. ! use it as .true. to debug user module mod_obj_ism.t


ism_config%profile_typeaxial  = 'spherical'!'projection_direction'
ism_config%profile_idir       = 1.0,0.0,0.0       !z=2,r=1  !  ism profile direction

ism_config%profile_center     = 0,0,0

ism_config%profile_density_on = .true. ! Zheng=True ! .false. ! .true. ! ISM set density profile
ism_config%profile_pressure_on= .true. ! Zheng=True ! .false. !.true.
ism_config%theta_floored      = 0.0d0
ism_config%profile_force_on   = .false.!.false. ! Zheng=True  !.true.!.false.!.true. ! .false. ! ISM set force profile
ism_config%profile_force_gradP_on = .false.!.false.
ism_config%weight_mean = 'arithmetic'
ism_config%weight_analy = 1.0d0
ism_config%weight_num = 0.0d0
ism_config%weight_mean_variable = 'default'!'minus_density_grad'
ism_config%profile_rw_force = 2.5d16
ism_config%weight_num_index = 1.0d0
ism_config%weight_analy_index = 1.0d0
ism_config%profile_density    = 'Lee2001'!'Ulrich1976'!'Ulrich1976'!'Lee2001'!'Ulrich1976'!>>HH4647'cabrit1997' ! Zheng19 = 'cabrit1997' !ISM density profile
ism_config%profile_jspec = 8.0782850178d20!20       !> ISM envelope specific angular momentum
ism_config%profile_Minf  = 2.5203562637184713d20 !> ISM envelope infalling mass-loss rate on the protostar
ism_config%profile_Mstar = 8.94784441814123d32   !> central objet or protostar mass

ism_config%profile_zc    = 1.0d16!4.49d14 ! 1.0d16 !4.49d14 ! Zheng19 = 30 au = 4.49d14 cm :  grandeur de normalisation dans le profil de pression/densite (en cm)
ism_config%profile_rw    = 2.5d15 !> ISM reference radius for Lee 2001 profile (in cm)
ism_config%profile_kappa    = 2.0d0 ! Zheng19 = 2 ! indice kappa pour la loi de densité et de pression : 'cabrit1997' <=> kappa=2
ism_config%profile_shiftstart = 0.00d0 !>>HH4647 3.33d14 ! 3.33d14 ! 1.0d15 ! the distance from which the ISM profile is set

ism_config%chemical_gas_type = 'fullyatomic'!>>HH4647'fullyatomic'
ism_config%He_abundance      = 0.1
/

&usr_usrboundary_ism_list
  !usrboundary_config%boundary_type(1,1) = 'axis'
  usrboundary_config%boundary_type(2,1) = 'fix'!'limitinflow'!'limitinflowdisc'!'disc'
  usrboundary_config%boundary_type(2,2) = 'open'
  usrboundary_config%useprimitive       = .true.
  !usrboundary_config%special_origin_theta       = .true.
  !usrboundary_config%nghostcells(1)        = 2
  !usrboundary_config%nghostcells(2)        = 2
  usrboundary_config%flux_frac          = 9.0d-1
  usrboundary_config%ngc          = 9
  usrboundary_config%RHS          = 0
  usrboundary_config%LHS          = 0
/

!11/12/19 : pour le jet et le projet n°1 de Sylvie Cabrit sur son article de 1997, les paramètres ci-dessous pour le jet ont été testés
!et fixées aux valeurs recommandées et correspondant le mieux à la simulation de l'article
&usr_cla_jet_list
    cla_jet_config%unit                  =  'cgs' !> physical unit at parameter file
    cla_jet_config%time_cla_jet_on       =  0.0d0 !> initial time the cla_jet is set in the simulation box

    cla_jet_config%myindice              =  0       !> cla_jet associated indice
    cla_jet_config%density               =  1.795963442083303d-19!<-------Fm=0.6e-7 Msun/yr

    cla_jet_config%number_density        =  0.0d0
    cla_jet_config%temperature           =  100.0d0  !>>HH4647 !> cla_jet temperature  (K)
    cla_jet_config%pressure              =  0.0d0   !> cla_jet pressure
    cla_jet_config%pressure_toism        =  0.0d0   !> cla_jet pressure relative to ism pressure
    cla_jet_config%magnetic(1)           =  0.0d0   !> cla_jet magnetic field components : 0.0d0 = HD
    cla_jet_config%magnetic(2)           =  0.0d0   !> cla_jet magnetic field components : 0.0d0 = HD
    cla_jet_config%magnetic(3)           =  0.0d0   !> cla_jet magnetic field components : 0.0d0 = HD
    cla_jet_config%xisigma               =  0.0d0   !> cla_jet magnetisation : 0.0d0 = HD
    cla_jet_config%magn_anglePHItoPol    =  0.0d0   !> cla_jet magnetisation field incl : 0.0d0 = HD

    cla_jet_config%Mach_number           =  0.0!250.0d0   !> cla_jet  Mach number : Par défaut : Ma = 20
    cla_jet_config%c_sound               =  0.0d0   !> cla_jet  sound speed (cm/s)
    cla_jet_config%velocity(1)           =  0.0d0   !> cla_jet  velocity (radial speed)(cm/s)
    cla_jet_config%velocity(2)           =  1.2d7 !
    cla_jet_config%velocity(3)           =  0.0d0   !> cla_jet  velocity (rotation speed)(cm/s)
    cla_jet_config%velocity_poloidal     =  1.2d7 !<--- norme du vecteur vitesse au niveau de l'inlet du jet
    cla_jet_config%power                 =  0.0d0   !> wind power flux
    cla_jet_config%mass_flux             =  0.0d0   ! 3.15e19 ! flux en H+H^++H2 1.13d21 !1.89d18 ! grammes/s>>>Zhang19 = 0.3e-7 Msun/yr  0.0!9.8525563d16!1.9705112501213315d17!1.3136741667475542d17!!   !> wind mass flux : cabrit1997 = 1.3136741d17 à Vjet = 100 km/s et 1.9705111e+17 à Vjet = 150 km/s (Vjet = 150 km/s ne marche qu a basse resolution de maillage)
                                            ! c'est par l'imposition de cla_jet_config%mass_flux et de cla_jet_config%velocity(2) que la densité est alors imposée à l'intérieur du jet
                                            ! pour avoir :
                                            ! * Vjet = 100 km/s, R_jet = 0.5e16 cm et n_jet = 100 cm-3 >>> mass_flux = 1.3136741667475542e+17 g / s
                                            ! * Vjet = 150 km/s, R_jet = 0.5e16 cm et n_jet = 100 cm-3 >>> mass_flux = 1.9705112501213315e+17 g / s
                                            ! * Vjet = 150 km/s, R_jet = 0.5e16 cm et n_jet = 50 cm-3 >>> mass_flux = 9.8525563e+16 g / s

    cla_jet_config%open_angle            = 3.0d0 !>>HH4647 !>  cla_jet initial open angle  (degre): 0.0d0 = jet droit cylindrique
    cla_jet_config%z_in                  =  -46.275d18 !> cla_jet inner boundary position
    cla_jet_config%variation_n_cells     = 2
    cla_jet_config%z_impos               =  8.22d14 !
    cla_jet_config%z_out_init            =  8.30d14 !
    cla_jet_config%r_out_init            =  7.47d14! <--- 50 UA
    cla_jet_config%r_out_impos           =  7.47d14! <--- 50 UA

    cla_jet_config%r_in_init             =  0.0 !-7.48d14 !> cla_jet inner jet  region : position de la limite gauche du jet en coordonnées cylindriques : à tenir compte dans le calcul de la surface d'éjection du jet et donc du calcul du flux de masse ejectée

    cla_jet_config%tracer_on             =  .true. !> cla_jet logical to set tracer
    cla_jet_config%tracer_init_density   =  1.0d9!> cla_jet tracer density
    cla_jet_config%tracer_small_density  =  1.0d-15!> cla_jet tracer small density
    cla_jet_config%shape                 =  'conical'  !> cla_jet shape
    cla_jet_config%profile               =  'none'  !> cla_jet profile


    cla_jet_config%variation_on          =  .true. ! Zhang19 .false. !.true.! to set on  or off the jet-injection in-real-time velocity variability
    cla_jet_config%density_variation_on  =  .true. !<----- vary mass-loss rate !> cla_jet density variation switch
    cla_jet_config%pressure_variation_on =  .true. !<----- vary constant jet temperature !> cla_jet pressure variation switch : enables constant temperature in the jet inlet
    cla_jet_config%density_variation_profile =  'conserved_mflux' !<----- which variability apply to pressure and/or pressure
    cla_jet_config%variation_start_time  =  0.0d0 !time (in s in cgs) at which to begin the time variability : 0.0 to begin at the start of the simulation
    cla_jet_config%variation_end_time    =  4d15
    cla_jet_config%variation_velocity_amplitude =  1.2d7 !<--- norme du vecteur vitesse au niveau de l'inlet du jet (aux yeux du code, c'est une autre variable qu'on a oublié, surtout moi, de retirer quand on a rajouté   le paramètre cla_jet_config%velocity_poloidal en ouvrant le jet, donc par sécurité, comme je ne sais pas si on l'utilise toujours ailleurs, fixons la même valeur qu'au-dessus)
    cla_jet_config%variation_velocity_poloidal =  6.0d6 !<------ variation de la norme du vecteur vitesse du jet
    cla_jet_config%variation_velocity(1) =  0.0d0
    cla_jet_config%variation_velocity(2) =  6.0d6 !<------ variation de la norme du vecteur vitesse du jet
    cla_jet_config%variation_velocity(3) =  0.0d0
    cla_jet_config%variation_time        =  9.46728d9!<---- 300 ans
    cla_jet_config%variation_position    =  0.0d0,8.22d14 ,0.0d0!0.0d0,8.22d14 ,0.0d0 !>>HH4647 !0.0d0, 1d15 ,0.0d0 !0.0d0, 1.495978707d14,0.0d0 ! = 0,10 au,0position (in 3d : if cylindrical : phi = 3, z=2, r=1) under which is set the time variability : default = 0,3d15,0
    cla_jet_config%variation_type        =  'sawtooth2' !
    cla_jet_config%variation_phys_nvariable   = 1  ! number of physical variable with variation
    cla_jet_config%variation_phys_variable(1) =  3 ! 3 mean the velocity in Z direction

    cla_jet_config%refine_min_level      = 5
    cla_jet_config%chemical_gas_type     = 'fullyatomic' !>>HH4647



/
 ---------------------------------------------------------------------------
 ---------------------------------------------------------------------------
 |         __  __ ____ ___        _    __  __ ______     ___    ____       |
 |        |  \/  |  _ \_ _|      / \  |  \/  |  _ \ \   / / \  / ___|      |
 |        | |\/| | |_) | |_____ / _ \ | |\/| | |_) \ \ / / _ \| |          |
 |        | |  | |  __/| |_____/ ___ \| |  | |  _ < \ V / ___ \ |___       |
 |        |_|  |_|_|  |___|   /_/   \_\_|  |_|_| \_\ \_/_/   \_\____|      |
 --------------------------------------------------------------------------
 ---------------------------------------------------------------------------
  End of reading of the usr_list
  End of reading of the usr_list
  End of reading of the usr_list
 Reading usr_list
  End of reading of the usr_list
  End of reading of the usr_list
  End of reading of the usr_list
  End of reading of the usr_list
  End of reading of the usr_list
  End of reading of the usr_list
  End of reading of the usr_list
  End of reading of the usr_list
  End of reading of the usr_list
  End of reading of the usr_list
  End of reading of the usr_list
  End of reading of the usr_list
  End of reading of the usr_list
  End of reading of the usr_list
  End of reading of the usr_list
  End of reading of the usr_list
 Reading usr_physical_values_list
  End of reading of the usr_list
  End of reading of the usr_list
  End of reading of the usr_list
  End of reading of the usr_list
  End of reading of the usr_list
  End of reading of the usr_list
  End of reading of the usr_list
  End of reading of the usr_list
  End of reading of the usr_list
  End of reading of the usr_list
  End of reading of the usr_list
  End of reading of the usr_list
  End of reading of the usr_list
  End of reading of the usr_list
  End of reading of the usr_list
 Reading usr_ism_list
  End of reading of the usr_list
  End of reading of the usr_list
  End of reading of the usr_list
  End of reading of the usr_list
  End of reading of the usr_list
  End of reading of the usr_list
  End of reading of the usr_list
  End of reading of the usr_list
  End of reading of the usr_list
  End of reading of the usr_list
  End of reading of the usr_list
  End of reading of the usr_list
  End of reading of the usr_list
 End of Reading 
 usr_ismlist0                                                                  
 Reading usr_boundary_list           1 
 boundary                                                                      
  End of reading of the hd_list
  End of reading of the hd_list
  End of reading of the hd_list
 End of Reading 
 usr_boundarylist1                                                             
 Reading usr_cla_jet_list
  End of reading of the hd_list
  End of reading of the hd_list
  End of reading of the rc_list
  End of reading of the hd_list
  End of reading of the hd_list
  End of reading of the hd_list
  End of reading of the hd_list
  End of reading of the hd_list
  End of reading of the rc_list
  End of reading of the rc_list
  End of reading of the hd_list
  End of reading of the hd_list
  End of reading of the hd_list
  End of reading of the hd_list
  End of reading of the hd_list
  End of reading of the hd_list
  End of reading of the hd_list
  End of reading of the hd_list
  End of reading of the rc_list
  End of reading of the rc_list
  End of reading of the rc_list
  End of reading of the rc_list
  End of reading of the rc_list
  End of reading of the rc_list
  End of reading of the rc_list
  End of reading of the rc_list
  End of reading of the rc_list
  End of reading of the rc_list
  End of reading of the rc_list
  End of reading of the rc_list
  End of reading of the hd_list
  End of reading of the rc_list
  End of reading of the hd_list
  End of reading of the hd_list
  End of reading of the hd_list
  End of reading of the hd_list
  End of reading of the rc_list
  End of reading of the rc_list
  End of reading of the hd_list
  End of reading of the hd_list
  End of reading of the hd_list
  End of reading of the hd_list
  End of reading of the hd_list
  End of reading of the hd_list
  End of reading of the hd_list
  End of reading of the hd_list
  End of reading of the hd_list
  End of reading of the hd_list
  End of reading of the hd_list
  End of reading of the hd_list
  End of reading of the rc_list
  End of reading of the rc_list
  End of reading of the rc_list
  End of reading of the rc_list
  End of reading of the rc_list
  End of reading of the rc_list
  End of reading of the hd_list
  End of reading of the rc_list
  End of reading of the rc_list
  End of reading of the rc_list
  End of reading of the hd_list
  End of reading of the rc_list
  End of reading of the rc_list
  End of reading of the hd_list
  End of reading of the hd_list
  End of reading of the rc_list
  End of reading of the hd_list
  End of reading of the rc_list
  End of reading of the hd_list
  End of reading of the rc_list
  End of reading of the hd_list
  End of reading of the rc_list
  End of reading of the hd_list
  End of reading of the rc_list
  End of reading of the rc_list
  End of reading of the hd_list
  End of reading of the rc_list
  End of reading of the hd_list
  End of reading of the rc_list
  End of reading of the rc_list
  End of reading of the rc_list
  End of reading of the hd_list
  End of reading of the rc_list
  End of reading of the rc_list
  End of reading of the hd_list
  End of reading of the rc_list
  End of reading of the rc_list
 Use SPEX cooling curve for solar metallicity above 10^4 K. 
 At lower temperatures,use Dalgarno & McCray (1972), 
 with a pre-set ionization fraction of 10^-3. 
 as described by Schure et al. (2009). 
  End of reading of the rc_list
  End of reading of the rc_list
  End of reading of the rc_list
  End of reading of the rc_list
  End of reading of the usr_list
  End of reading of the hd_list
  End of reading of the rc_list
 Reading Kappeli2016.par
 End par file read
 
 Output type | dtsave    | ditsave | itsave(1) | tsave(1)
         log | 0.105E+00 | ******  |      0    | *********
      normal | 0.105E+02 | ******  |      0    | *********
       slice | ********* | ******  | ******    | *********
   collapsed | ********* | ******  | ******    | *********
    analysis | ********* | ******  | ******    | *********
 
                 typelimited: predictor                                                                                                                          
         Domain size (cells): 240 240 
                Level one dx: 0.836E+01 0.836E+01 
           Refine estimation: Lohner's scheme
                   slicenext: 0
                collapsenext: 0
           restart_from_file:  undefined
                  converting: F

 1)the jet radius =    747000000000000.     
 2)the jet radius =    820312500000000.     
 the jet self%myconfig%r_out_init =    820312500000000.     
 jet shape conical             
 jet shape conical             
 jet typeaxial 
 cylindrical                                                                    
                                                     
 the jet Surface =   0.000000000000000E+000
 the jet open_angle =    3.00000000000000     
 the jet open_angle_in =   0.000000000000000E+000
 the jet z0 =   1.565249493915205E+016
 the jet jet_radius_out_init =   1.567397557793927E+016
 jet typeaxial 
 cylindrical                                                                    
                                                     
 the jet Surface =   2.115466860209846E+030
 1)the jet radius =    747000000000000.     
 2)the jet radius =    820312500000000.     
 the jet self%myconfig%r_out_init =    820312500000000.     
 jet shape conical             
 jet shape conical             
 jet typeaxial 
 cylindrical                                                                    
                                                     
 the jet Surface =   0.000000000000000E+000
 the jet open_angle =    3.00000000000000     
 the jet open_angle_in =   0.000000000000000E+000
 the jet z0 =   1.565249493915205E+016
 the jet jet_radius_out_init =   1.567397557793927E+016
 jet typeaxial 
 cylindrical                                                                    
                                                     
 the jet Surface =   2.115466860209846E+030
 1)the jet radius =    747000000000000.     
 2)the jet radius =    820312500000000.     
 the jet self%myconfig%r_out_init =    820312500000000.     
 jet shape conical             
 jet shape conical             
 jet typeaxial 
 cylindrical                                                                    
                                                     
 the jet Surface =   0.000000000000000E+000
 the jet open_angle =    3.00000000000000     
 the jet open_angle_in =   0.000000000000000E+000
 the jet z0 =   1.565249493915205E+016
 the jet jet_radius_out_init =   1.567397557793927E+016
 jet typeaxial 
 cylindrical                                                                    
                                                     
 the jet Surface =   2.115466860209846E+030
 1)the jet radius =    747000000000000.     
 1)the jet radius =    747000000000000.     
 1)the jet radius =    747000000000000.     
 2)the jet radius =    820312500000000.     
 the jet self%myconfig%r_out_init =    820312500000000.     
 jet shape conical             
 jet shape conical             
 jet typeaxial 
 cylindrical                                                                    
                                                     
 the jet Surface =   0.000000000000000E+000
 the jet open_angle =    3.00000000000000     
 the jet open_angle_in =   0.000000000000000E+000
 the jet z0 =   1.565249493915205E+016
 the jet jet_radius_out_init =   1.567397557793927E+016
 jet typeaxial 
 cylindrical                                                                    
                                                     
 the jet Surface =   2.115466860209846E+030
 2)the jet radius =    820312500000000.     
 the jet self%myconfig%r_out_init =    820312500000000.     
 jet shape conical             
 jet shape conical             
 jet typeaxial 
 cylindrical                                                                    
                                                     
 the jet Surface =   0.000000000000000E+000
 the jet open_angle =    3.00000000000000     
 the jet open_angle_in =   0.000000000000000E+000
 the jet z0 =   1.565249493915205E+016
 the jet jet_radius_out_init =   1.567397557793927E+016
 jet typeaxial 
 1)the jet radius =    747000000000000.     
 2)the jet radius =    820312500000000.     
 the jet self%myconfig%r_out_init =    820312500000000.     
 jet shape conical             
 jet shape conical             
 jet typeaxial 
 cylindrical                                                                    
                                                     
 the jet Surface =   0.000000000000000E+000
 the jet open_angle =    3.00000000000000     
 cylindrical                                                                    
                                                     
 the jet Surface =   2.115466860209846E+030
 the jet open_angle_in =   0.000000000000000E+000
 the jet z0 =   1.565249493915205E+016
 the jet jet_radius_out_init =   1.567397557793927E+016
 jet typeaxial 
 cylindrical                                                                    
                                                     
 the jet Surface =   2.115466860209846E+030
 2)the jet radius =    820312500000000.     
 the jet self%myconfig%r_out_init =    820312500000000.     
 jet shape conical             
 1)the jet radius =    747000000000000.     
 jet shape conical             
 jet typeaxial 
 cylindrical                                                                    
                                                     
 the jet Surface =   0.000000000000000E+000
 the jet open_angle =    3.00000000000000     
 the jet open_angle_in =   0.000000000000000E+000
 the jet z0 =   1.565249493915205E+016
 the jet jet_radius_out_init =   1.567397557793927E+016
 jet typeaxial 
 cylindrical                                                                    
                                                     
 the jet Surface =   2.115466860209846E+030
 2)the jet radius =    820312500000000.     
 the jet self%myconfig%r_out_init =    820312500000000.     
 jet shape conical             
 1)the jet radius =    747000000000000.     
 2)the jet radius =    820312500000000.     
 the jet self%myconfig%r_out_init =    820312500000000.     
 jet shape conical             
 jet shape conical             
 jet typeaxial 
 cylindrical                                                                    
                                                     
 the jet Surface =   0.000000000000000E+000
 the jet open_angle =    3.00000000000000     
 the jet open_angle_in =   0.000000000000000E+000
 the jet z0 =   1.565249493915205E+016
 the jet jet_radius_out_init =   1.567397557793927E+016
 jet typeaxial 
 cylindrical                                                                    
                                                     
 the jet Surface =   2.115466860209846E+030
 1)the jet radius =    747000000000000.     
 2)the jet radius =    820312500000000.     
 the jet self%myconfig%r_out_init =    820312500000000.     
 jet shape conical             
 jet shape conical             
 jet typeaxial 
 cylindrical                                                                    
                                                     
 the jet Surface =   0.000000000000000E+000
 the jet open_angle =    3.00000000000000     
 the jet open_angle_in =   0.000000000000000E+000
 the jet z0 =   1.565249493915205E+016
 the jet jet_radius_out_init =   1.567397557793927E+016
 jet typeaxial 
 cylindrical                                                                    
                                                     
 the jet Surface =   2.115466860209846E+030
 jet shape conical             
 1)the jet radius =    747000000000000.     
 2)the jet radius =    820312500000000.     
 the jet self%myconfig%r_out_init =    820312500000000.     
 jet shape conical             
 jet shape conical             
 jet typeaxial 
 cylindrical                                                                    
                                                     
 the jet Surface =   0.000000000000000E+000
 the jet open_angle =    3.00000000000000     
 the jet open_angle_in =   0.000000000000000E+000
 the jet z0 =   1.565249493915205E+016
 the jet jet_radius_out_init =   1.567397557793927E+016
 jet typeaxial 
 cylindrical                                                                    
                                                     
 the jet Surface =   2.115466860209846E+030
 1)the jet radius =    747000000000000.     
 jet typeaxial 
 cylindrical                                                                    
                                                     
 the jet Surface =   0.000000000000000E+000
 the jet open_angle =    3.00000000000000     
 the jet open_angle_in =   0.000000000000000E+000
 the jet z0 =   1.565249493915205E+016
 the jet jet_radius_out_init =   1.567397557793927E+016
 jet typeaxial 
 cylindrical                                                                    
                                                     
 1)the jet radius =    747000000000000.     
 2)the jet radius =    820312500000000.     
 the jet self%myconfig%r_out_init =    820312500000000.     
 jet shape conical             
 jet shape conical             
 jet typeaxial 
 cylindrical                                                                    
                                                     
 the jet Surface =   0.000000000000000E+000
 the jet open_angle =    3.00000000000000     
 the jet open_angle_in =   0.000000000000000E+000
 the jet z0 =   1.565249493915205E+016
 the jet Surface =   2.115466860209846E+030
 the jet jet_radius_out_init =   1.567397557793927E+016
 jet typeaxial 
 cylindrical                                                                    
                                                     
 the jet Surface =   2.115466860209846E+030
 2)the jet radius =    820312500000000.     
 1)the jet radius =    747000000000000.     
 1)the jet radius =    747000000000000.     
 2)the jet radius =    820312500000000.     
 the jet self%myconfig%r_out_init =    820312500000000.     
 jet shape conical             
 jet shape conical             
 jet typeaxial 
 cylindrical                                                                    
                                                     
 the jet Surface =   0.000000000000000E+000
 the jet open_angle =    3.00000000000000     
 the jet self%myconfig%r_out_init =    820312500000000.     
 jet shape conical             
 jet shape conical             
 jet typeaxial 
 cylindrical                                                                    
                                                     
 the jet Surface =   0.000000000000000E+000
 the jet open_angle =    3.00000000000000     
 1)the jet radius =    747000000000000.     
 2)the jet radius =    820312500000000.     
 the jet self%myconfig%r_out_init =    820312500000000.     
 the jet open_angle_in =   0.000000000000000E+000
 the jet z0 =   1.565249493915205E+016
 the jet jet_radius_out_init =   1.567397557793927E+016
 jet typeaxial 
 cylindrical                                                                    
                                                     
 the jet Surface =   2.115466860209846E+030
 the jet open_angle_in =   0.000000000000000E+000
 the jet z0 =   1.565249493915205E+016
 the jet jet_radius_out_init =   1.567397557793927E+016
 jet typeaxial 
 cylindrical                                                                    
                                                     
 the jet Surface =   2.115466860209846E+030
 1)the jet radius =    747000000000000.     
 2)the jet radius =    820312500000000.     
 the jet self%myconfig%r_out_init =    820312500000000.     
 jet shape conical             
 jet shape conical             
 jet typeaxial 
 jet shape conical             
 jet shape conical             
 jet typeaxial 
 cylindrical                                                                    
                                                     
 the jet Surface =   0.000000000000000E+000
 1)the jet radius =    747000000000000.     
 2)the jet radius =    820312500000000.     
 the jet self%myconfig%r_out_init =    820312500000000.     
 jet shape conical             
 jet shape conical             
 jet typeaxial 
 cylindrical                                                                    
                                                     
 cylindrical                                                                    
                                                     
 the jet Surface =   0.000000000000000E+000
 the jet open_angle =    3.00000000000000     
 the jet open_angle_in =   0.000000000000000E+000
 the jet z0 =   1.565249493915205E+016
 the jet jet_radius_out_init =   1.567397557793927E+016
 the jet open_angle =    3.00000000000000     
 the jet open_angle_in =   0.000000000000000E+000
 the jet z0 =   1.565249493915205E+016
 the jet jet_radius_out_init =   1.567397557793927E+016
 jet typeaxial 
 cylindrical                                                                    
                                                     
 the jet Surface =   2.115466860209846E+030
 the jet Surface =   0.000000000000000E+000
 the jet open_angle =    3.00000000000000     
 the jet open_angle_in =   0.000000000000000E+000
 the jet z0 =   1.565249493915205E+016
 the jet jet_radius_out_init =   1.567397557793927E+016
 jet typeaxial 
 1)the jet radius =    747000000000000.     
 2)the jet radius =    820312500000000.     
 the jet self%myconfig%r_out_init =    820312500000000.     
 jet shape conical             
 jet shape conical             
 jet typeaxial 
 cylindrical                                                                    
                                                     
 the jet Surface =   0.000000000000000E+000
 the jet open_angle =    3.00000000000000     
 2)the jet radius =    820312500000000.     
 the jet self%myconfig%r_out_init =    820312500000000.     
 jet shape conical             
 jet shape conical             
 jet typeaxial 
 cylindrical                                                                    
                                                     
 the jet Surface =   0.000000000000000E+000
 the jet open_angle =    3.00000000000000     
 jet typeaxial 
 cylindrical                                                                    
                                                     
 the jet Surface =   2.115466860209846E+030
 cylindrical                                                                    
                                                     
 the jet Surface =   2.115466860209846E+030
 the jet open_angle_in =   0.000000000000000E+000
 the jet z0 =   1.565249493915205E+016
 the jet jet_radius_out_init =   1.567397557793927E+016
 jet typeaxial 
 cylindrical                                                                    
                                                     
 the jet Surface =   2.115466860209846E+030
 the jet open_angle_in =   0.000000000000000E+000
 the jet z0 =   1.565249493915205E+016
 the jet jet_radius_out_init =   1.567397557793927E+016
 jet typeaxial 
 cylindrical                                                                    
                                                     
 the jet Surface =   2.115466860209846E+030
 1)the jet radius =    747000000000000.     
 2)the jet radius =    820312500000000.     
 the jet self%myconfig%r_out_init =    820312500000000.     
 1)the jet radius =    747000000000000.     
 jet shape conical             
 jet shape conical             
 jet typeaxial 
 cylindrical                                                                    
                                                     
 the jet Surface =   0.000000000000000E+000
 the jet open_angle =    3.00000000000000     
 the jet open_angle_in =   0.000000000000000E+000
 the jet z0 =   1.565249493915205E+016
 the jet jet_radius_out_init =   1.567397557793927E+016
 jet typeaxial 
 cylindrical                                                                    
                                                     
 the jet Surface =   2.115466860209846E+030
 2)the jet radius =    820312500000000.     
 the jet self%myconfig%r_out_init =    820312500000000.     
 jet shape conical             
 jet shape conical             
 jet typeaxial 
 cylindrical                                                                    
                                                     
 the jet Surface =   0.000000000000000E+000
 the jet open_angle =    3.00000000000000     
 1)the jet radius =    747000000000000.     
 2)the jet radius =    820312500000000.     
 the jet self%myconfig%r_out_init =    820312500000000.     
 jet shape conical             
 jet shape conical             
 jet typeaxial 
 cylindrical                                                                    
                                                     
 the jet Surface =   0.000000000000000E+000
 the jet open_angle =    3.00000000000000     
 the jet open_angle_in =   0.000000000000000E+000
 the jet z0 =   1.565249493915205E+016
 the jet jet_radius_out_init =   1.567397557793927E+016
 jet typeaxial 
 cylindrical                                                                    
                                                     
 the jet Surface =   2.115466860209846E+030
 the jet open_angle_in =   0.000000000000000E+000
 the jet z0 =   1.565249493915205E+016
 the jet jet_radius_out_init =   1.567397557793927E+016
 jet typeaxial 
 cylindrical                                                                    
                                                     
 the jet Surface =   2.115466860209846E+030
 1)the jet radius =    747000000000000.     
 1)the jet radius =    747000000000000.     
 2)the jet radius =    820312500000000.     
 the jet self%myconfig%r_out_init =    820312500000000.     
 jet shape conical             
 jet shape conical             
 jet typeaxial 
 cylindrical                                                                    
                                                     
 the jet Surface =   0.000000000000000E+000
 the jet open_angle =    3.00000000000000     
 the jet open_angle_in =   0.000000000000000E+000
 the jet z0 =   1.565249493915205E+016
 the jet jet_radius_out_init =   1.567397557793927E+016
 jet typeaxial 
 cylindrical                                                                    
                                                     
 the jet Surface =   2.115466860209846E+030
 2)the jet radius =    820312500000000.     
 the jet self%myconfig%r_out_init =    820312500000000.     
 jet shape conical             
 jet shape conical             
 jet typeaxial 
 cylindrical                                                                    
                                                     
 the jet Surface =   0.000000000000000E+000
 the jet open_angle =    3.00000000000000     
 the jet open_angle_in =   0.000000000000000E+000
 the jet z0 =   1.565249493915205E+016
 the jet jet_radius_out_init =   1.567397557793927E+016
 jet typeaxial 
 cylindrical                                                                    
                                                     
 the jet Surface =   2.115466860209846E+030
 1)the jet radius =    747000000000000.     
 2)the jet radius =    820312500000000.     
 the jet self%myconfig%r_out_init =    820312500000000.     
 jet shape conical             
 1)the jet radius =    747000000000000.     
 2)the jet radius =    820312500000000.     
 the jet self%myconfig%r_out_init =    820312500000000.     
 jet shape conical             
 jet shape conical             
 jet typeaxial 
 cylindrical                                                                    
                                                     
 the jet Surface =   0.000000000000000E+000
 the jet open_angle =    3.00000000000000     
 the jet open_angle_in =   0.000000000000000E+000
 the jet z0 =   1.565249493915205E+016
 the jet jet_radius_out_init =   1.567397557793927E+016
 1)the jet radius =    747000000000000.     
 jet shape conical             
 jet typeaxial 
 cylindrical                                                                    
                                                     
 the jet Surface =   0.000000000000000E+000
 the jet open_angle =    3.00000000000000     
 the jet open_angle_in =   0.000000000000000E+000
 the jet z0 =   1.565249493915205E+016
 the jet jet_radius_out_init =   1.567397557793927E+016
 jet typeaxial 
 cylindrical                                                                    
                                                     
 the jet Surface =   2.115466860209846E+030
 jet typeaxial 
 cylindrical                                                                    
                                                     
 the jet Surface =   2.115466860209846E+030
 2)the jet radius =    820312500000000.     
 1)the jet radius =    747000000000000.     
 the jet self%myconfig%r_out_init =    820312500000000.     
 jet shape conical             
 jet shape conical             
 jet typeaxial 
 cylindrical                                                                    
                                                     
 the jet Surface =   0.000000000000000E+000
 the jet open_angle =    3.00000000000000     
 1)the jet radius =    747000000000000.     
 2)the jet radius =    820312500000000.     
 the jet self%myconfig%r_out_init =    820312500000000.     
 jet shape conical             
 jet shape conical             
 jet typeaxial 
 the jet open_angle_in =   0.000000000000000E+000
 the jet z0 =   1.565249493915205E+016
 the jet jet_radius_out_init =   1.567397557793927E+016
 jet typeaxial 
 cylindrical                                                                    
 cylindrical                                                                    
                                                     
 the jet Surface =   0.000000000000000E+000
 the jet open_angle =    3.00000000000000     
 the jet open_angle_in =   0.000000000000000E+000
 the jet z0 =   1.565249493915205E+016
 the jet jet_radius_out_init =   1.567397557793927E+016
 jet typeaxial 
                                                     
 the jet Surface =   2.115466860209846E+030
 cylindrical                                                                    
                                                     
 the jet Surface =   2.115466860209846E+030
 2)the jet radius =    820312500000000.     
 the jet self%myconfig%r_out_init =    820312500000000.     
 jet shape conical             
 1)the jet radius =    747000000000000.     
 2)the jet radius =    820312500000000.     
 the jet self%myconfig%r_out_init =    820312500000000.     
 jet shape conical             
 1)the jet radius =    747000000000000.     
 2)the jet radius =    820312500000000.     
 the jet self%myconfig%r_out_init =    820312500000000.     
 jet shape conical             
 jet shape conical             
 jet typeaxial 
 cylindrical                                                                    
                                                     
 the jet Surface =   0.000000000000000E+000
 the jet open_angle =    3.00000000000000     
 1)the jet radius =    747000000000000.     
 2)the jet radius =    820312500000000.     
 the jet self%myconfig%r_out_init =    820312500000000.     
 jet shape conical             
 jet shape conical             
 jet typeaxial 
 jet shape conical             
 jet typeaxial 
 cylindrical                                                                    
                                                     
 the jet Surface =   0.000000000000000E+000
 the jet open_angle_in =   0.000000000000000E+000
 the jet z0 =   1.565249493915205E+016
 the jet jet_radius_out_init =   1.567397557793927E+016
 jet typeaxial 
 cylindrical                                                                    
                                                     
 the jet Surface =   2.115466860209846E+030
 the jet open_angle =    3.00000000000000     
 the jet open_angle_in =   0.000000000000000E+000
 the jet z0 =   1.565249493915205E+016
 the jet jet_radius_out_init =   1.567397557793927E+016
 jet typeaxial 
 cylindrical                                                                    
                                                     
 cylindrical                                                                    
                                                     
 the jet Surface =   0.000000000000000E+000
 the jet open_angle =    3.00000000000000     
 the jet open_angle_in =   0.000000000000000E+000
 the jet z0 =   1.565249493915205E+016
 the jet jet_radius_out_init =   1.567397557793927E+016
 1)the jet radius =    747000000000000.     
 2)the jet radius =    820312500000000.     
 the jet self%myconfig%r_out_init =    820312500000000.     
 jet shape conical             
 the jet Surface =   2.115466860209846E+030
 jet typeaxial 
 cylindrical                                                                    
                                                     
 the jet Surface =   2.115466860209846E+030
 jet shape conical             
 jet typeaxial 
 cylindrical                                                                    
                                                     
 1)the jet radius =    747000000000000.     
 1)the jet radius =    747000000000000.     
 2)the jet radius =    820312500000000.     
 the jet self%myconfig%r_out_init =    820312500000000.     
 jet shape conical             
 jet shape conical             
 jet typeaxial 
 cylindrical                                                                    
                                                     
 the jet Surface =   0.000000000000000E+000
 jet shape conical             
 jet typeaxial 
 cylindrical                                                                    
                                                     
 the jet Surface =   0.000000000000000E+000
 the jet open_angle =    3.00000000000000     
 the jet open_angle_in =   0.000000000000000E+000
 the jet z0 =   1.565249493915205E+016
 the jet jet_radius_out_init =   1.567397557793927E+016
 jet typeaxial 
 cylindrical                                                                    
                                                     
 the jet Surface =   0.000000000000000E+000
 the jet open_angle =    3.00000000000000     
 the jet open_angle_in =   0.000000000000000E+000
 the jet z0 =   1.565249493915205E+016
 the jet jet_radius_out_init =   1.567397557793927E+016
 jet typeaxial 
 cylindrical                                                                    
                                                     
 the jet Surface =   2.115466860209846E+030
 1)the jet radius =    747000000000000.     
 2)the jet radius =    820312500000000.     
 the jet self%myconfig%r_out_init =    820312500000000.     
 jet shape conical             
 jet shape conical             
 jet typeaxial 
 cylindrical                                                                    
                                                     
 the jet Surface =   2.115466860209846E+030
 the jet open_angle =    3.00000000000000     
 the jet open_angle_in =   0.000000000000000E+000
 the jet z0 =   1.565249493915205E+016
 the jet jet_radius_out_init =   1.567397557793927E+016
 jet typeaxial 
 cylindrical                                                                    
                                                     
 the jet Surface =   0.000000000000000E+000
 the jet open_angle =    3.00000000000000     
 the jet open_angle_in =   0.000000000000000E+000
 the jet z0 =   1.565249493915205E+016
 the jet Surface =   2.115466860209846E+030
 the jet jet_radius_out_init =   1.567397557793927E+016
 jet typeaxial 
 cylindrical                                                                    
                                                     
 the jet Surface =   2.115466860209846E+030
 2)the jet radius =    820312500000000.     
 the jet self%myconfig%r_out_init =    820312500000000.     
 jet shape conical             
 jet shape conical             
 jet typeaxial 
 cylindrical                                                                    
                                                     
 the jet Surface =   0.000000000000000E+000
 the jet open_angle =    3.00000000000000     
 the jet open_angle_in =   0.000000000000000E+000
 the jet z0 =   1.565249493915205E+016
 the jet jet_radius_out_init =   1.567397557793927E+016
 jet typeaxial 
 1)the jet radius =    747000000000000.     
 2)the jet radius =    820312500000000.     
 the jet self%myconfig%r_out_init =    820312500000000.     
 jet shape conical             
 jet shape conical             
 jet typeaxial 
 cylindrical                                                                    
 1)the jet radius =    747000000000000.     
 1)the jet radius =    747000000000000.     
 2)the jet radius =    820312500000000.     
 the jet self%myconfig%r_out_init =    820312500000000.     
 jet shape conical             
 jet shape conical             
 jet typeaxial 
 cylindrical                                                                    
                                                     
 the jet Surface =   0.000000000000000E+000
 the jet open_angle =    3.00000000000000     
 the jet open_angle_in =   0.000000000000000E+000
 the jet z0 =   1.565249493915205E+016
 the jet jet_radius_out_init =   1.567397557793927E+016
 jet typeaxial 
 1)the jet radius =    747000000000000.     
 2)the jet radius =    820312500000000.     
 the jet self%myconfig%r_out_init =    820312500000000.     
 jet shape conical             
 jet shape conical             
 jet typeaxial 
 cylindrical                                                                    
                                                     
 the jet Surface =   0.000000000000000E+000
 the jet open_angle =    3.00000000000000     
 cylindrical                                                                    
                                                     
 the jet Surface =   2.115466860209846E+030
 1)the jet radius =    747000000000000.     
                                                     
 the jet Surface =   0.000000000000000E+000
 the jet open_angle =    3.00000000000000     
 the jet open_angle_in =   0.000000000000000E+000
 the jet z0 =   1.565249493915205E+016
 the jet jet_radius_out_init =   1.567397557793927E+016
 jet typeaxial 
 cylindrical                                                                    
                                                     
 1)the jet radius =    747000000000000.     
 2)the jet radius =    820312500000000.     
 the jet self%myconfig%r_out_init =    820312500000000.     
 jet shape conical             
 jet shape conical             
 jet typeaxial 
 cylindrical                                                                    
                                                     
 the jet Surface =   0.000000000000000E+000
 the jet open_angle =    3.00000000000000     
 the jet open_angle_in =   0.000000000000000E+000
 the jet z0 =   1.565249493915205E+016
 the jet jet_radius_out_init =   1.567397557793927E+016
 cylindrical                                                                    
                                                     
 the jet Surface =   2.115466860209846E+030
 the jet open_angle_in =   0.000000000000000E+000
 the jet z0 =   1.565249493915205E+016
 the jet jet_radius_out_init =   1.567397557793927E+016
 jet typeaxial 
 cylindrical                                                                    
                                                     
 the jet Surface =   2.115466860209846E+030
 2)the jet radius =    820312500000000.     
 the jet self%myconfig%r_out_init =    820312500000000.     
 jet shape conical             
 jet shape conical             
 jet typeaxial 
 cylindrical                                                                    
                                                     
 the jet Surface =   0.000000000000000E+000
 the jet open_angle =    3.00000000000000     
 the jet open_angle_in =   0.000000000000000E+000
 the jet Surface =   2.115466860209846E+030
 jet typeaxial 
 cylindrical                                                                    
                                                     
 the jet Surface =   2.115466860209846E+030
 the jet z0 =   1.565249493915205E+016
 the jet jet_radius_out_init =   1.567397557793927E+016
 jet typeaxial 
 cylindrical                                                                    
                                                     
 the jet Surface =   2.115466860209846E+030
 2)the jet radius =    820312500000000.     
 the jet self%myconfig%r_out_init =    820312500000000.     
 jet shape conical             
 ======================ISM settings=======================
 * at (R,z) = (r_j,0) : 
 1)the jet radius =    747000000000000.     
 2)the jet radius =    820312500000000.     
 the jet self%myconfig%r_out_init =    820312500000000.     
 jet shape conical             
 jet shape conical             
 ** The ism base temperature is =    100.000000000000     
 ** The ism base density is =  1.600000000000000E-018
 ** The ism base number density nH is    683272.906387098     
 =========================================================
 1)the jet radius =    747000000000000.     
 2)the jet radius =    820312500000000.     
 the jet self%myconfig%r_out_init =    820312500000000.     
 jet typeaxial 
 cylindrical                                                                    
                                                     
 the jet Surface =   0.000000000000000E+000
 the jet open_angle =    3.00000000000000     
 the jet open_angle_in =   0.000000000000000E+000
 the jet z0 =   1.565249493915205E+016
 1)the jet radius =    747000000000000.     
 2)the jet radius =    820312500000000.     
 the jet self%myconfig%r_out_init =    820312500000000.     
 jet shape conical             
 jet shape conical             
 the jet jet_radius_out_init =   1.567397557793927E+016
 jet typeaxial 
 cylindrical                                                                    
                                                     
 the jet Surface =   2.115466860209846E+030
 jet shape conical             
 jet shape conical             
 jet typeaxial 
 cylindrical                                                                    
                                                     
 the jet Surface =   0.000000000000000E+000
 the jet open_angle =    3.00000000000000     
 the jet open_angle_in =   0.000000000000000E+000
 the jet z0 =   1.565249493915205E+016
 jet typeaxial 
 cylindrical                                                                    
                                                     
 the jet Surface =   0.000000000000000E+000
 the jet open_angle =    3.00000000000000     
 the jet open_angle_in =   0.000000000000000E+000
 the jet z0 =   1.565249493915205E+016
 the jet jet_radius_out_init =   1.567397557793927E+016
 jet typeaxial 
 cylindrical                                                                    
                                                     
 the jet Surface =   2.115466860209846E+030
 the jet jet_radius_out_init =   1.567397557793927E+016
 jet typeaxial 
 cylindrical                                                                    
                                                     
 the jet Surface =   2.115466860209846E+030
 the jet temperature =    100.000000000000     
 1)the jet radius =    747000000000000.     
 2)the jet radius =    820312500000000.     
 the jet self%myconfig%r_out_init =    820312500000000.     
 jet density  1.795963442083303E-019
 jet ndensity   76695.8225523272     
 set_complet jet shapeconical             
 jet shape conical             
 jet shape conical             
 jet typeaxial 
 cylindrical                                                                    
                                                     
 the jet Surface =   0.000000000000000E+000
 jet v_j   628031.474915326        11983554.4170549       0.000000000000000E+000
 the jet mflux =   4.559161372650759E+018
 3)the jet radius =    820312500000000.     
 3)the jet inner radius =   -39062500000000.0     
 the jet Surface =   2.115466860209846E+030
 phys_config%He_abundance  0.100000000000000     
 the jet open_angle =    3.00000000000000     
 the jet open_angle_in =   0.000000000000000E+000
 the jet z0 =   1.565249493915205E+016
 the jet jet_radius_out_init =   1.567397557793927E+016
 jet typeaxial 
 in mod_obj_usr_unit.t usr_physical_unit_fillphysunit subroutine: 
 ism density  2.341670487800000E-030
 ism ndensity  1.000000000000000E-006
 cylindrical                                                                    
                                                     
 the jet Surface =   2.115466860209846E+030
 ism pressure  5.822995576026895E-019
 ism temperature   3834.16285288672     
 jet shape conical             
 jet typeaxial 
 cylindrical                                                                    
                                                     
 the jet Surface =   0.000000000000000E+000
 the jet open_angle =    3.00000000000000     
 the jet open_angle_in =   0.000000000000000E+000
 the jet z0 =   1.565249493915205E+016
 the jet jet_radius_out_init =   1.567397557793927E+016
 jet typeaxial 
 cylindrical                                                                    
                                                     
 the jet Surface =   2.115466860209846E+030
 1)the jet radius =    747000000000000.     
 2)the jet radius =    820312500000000.     
 the jet self%myconfig%r_out_init =    820312500000000.     
 jet shape conical             
 jet shape conical             
 jet typeaxial 
 cylindrical                                                                    
                                                     
 the jet Surface =   0.000000000000000E+000
 1)the jet radius =    747000000000000.     
 2)the jet radius =    820312500000000.     
 the jet self%myconfig%r_out_init =    820312500000000.     
 the jet open_angle =    3.00000000000000     
 the jet open_angle_in =   0.000000000000000E+000
 the jet z0 =   1.565249493915205E+016
 the jet jet_radius_out_init =   1.567397557793927E+016
 jet typeaxial 
 cylindrical                                                                    
                                                     
 the jet Surface =   2.115466860209846E+030
 jet shape conical             
 jet shape conical             
 jet typeaxial 
 cylindrical                                                                    
                                                     
 the jet Surface =   0.000000000000000E+000
 the jet open_angle =    3.00000000000000     
 the jet open_angle_in =   0.000000000000000E+000
 the jet z0 =   1.565249493915205E+016
 the jet jet_radius_out_init =   1.567397557793927E+016
 jet typeaxial 
 cylindrical                                                                    
                                                     
 the jet Surface =   2.115466860209846E+030
 Jet start :-)
 -------------------------------------------------------------------------------
 Startup phase took :             1.432 sec
 -------------------------------------------------------------------------------
 Start integrating, print status every  3.00E+01 seconds
        it        time          dt  wc-time(s)
         0   0.000E+00   2.166E-05   1.132E-03
In CGS          0 T=   0.000E+00 dT=   6.499E+03
 -------------------------------------------------------------------------------
 Saving visual data. Coordinate directions and variable names are:
          -1 R               
           0 Z               
           1 rho             rho             
           2 v1              v1              
           3 v2              v2              
           4 v3              v3              
           5 p               p               
           6 tracer_ism      tracer_ism      
           7 tracer_jet      tracer_jet      
           8 Gphi            Gphi            
           9 mup             mup             
          10 theta           theta           
          11 thetazero       thetazero       
          12 L1              L1              
          13 dtcool1         dtcool1         
          14 mach_number     mach_number     
          15 temperature     temperature     
          16 level           level           
          17 number density  number density  
          18 gravfield1      gravfield1      
          19 gravfield2      gravfield2      
          20 gravfield3      gravfield3      
          21 grav_phi        grav_phi        
          22 erroramrrho     erroramrrho     
          23 erroamrp        erroamrp        
          24 deltav_dust11   deltav_dust11   
          25 deltav_dust12   deltav_dust12   
 time =  0.000000000000000E+000
 -------------------------------------------------------------------------------
       142   2.063E-01   2.840E-03   3.002E+01
In CGS        142 T=   6.189E+07 dT=   8.521E+05
       289   7.997E-01   5.379E-03   6.008E+01
In CGS        289 T=   2.399E+08 dT=   1.614E+06
       437   1.729E+00   7.675E-03   9.027E+01
In CGS        437 T=   5.186E+08 dT=   2.302E+06
       584   2.996E+00   1.027E-02   1.203E+02
In CGS        584 T=   8.989E+08 dT=   3.081E+06
       731   4.617E+00   1.107E-02   1.504E+02
In CGS        731 T=   1.385E+09 dT=   3.321E+06
       878   6.229E+00   1.149E-02   1.804E+02
In CGS        878 T=   1.869E+09 dT=   3.448E+06
      1025   7.887E+00   2.164E-03   2.106E+02
In CGS       1025 T=   2.366E+09 dT=   6.492E+05
      1172   9.426E+00   1.069E-02   2.408E+02
In CGS       1172 T=   2.828E+09 dT=   3.208E+06
      1310   1.083E+01   1.052E-02   2.708E+02
In CGS       1310 T=   3.250E+09 dT=   3.156E+06
      1456   1.223E+01   1.001E-02   3.009E+02
In CGS       1456 T=   3.670E+09 dT=   3.002E+06
      1576   1.338E+01   1.028E-02   3.310E+02
In CGS       1576 T=   4.014E+09 dT=   3.085E+06
      1711   1.467E+01   9.562E-03   3.611E+02
In CGS       1711 T=   4.401E+09 dT=   2.869E+06
      1856   1.601E+01   9.380E-03   3.913E+02
In CGS       1856 T=   4.802E+09 dT=   2.814E+06
      2001   1.736E+01   9.784E-03   4.215E+02
In CGS       2001 T=   5.207E+09 dT=   2.935E+06
      2145   1.872E+01   6.968E-04   4.515E+02
In CGS       2145 T=   5.617E+09 dT=   2.090E+05
      2288   2.002E+01   9.767E-03   4.815E+02
In CGS       2288 T=   6.005E+09 dT=   2.930E+06
      2421   2.129E+01   9.841E-03   5.117E+02
In CGS       2421 T=   6.386E+09 dT=   2.952E+06
      2564   2.266E+01   1.004E-02   5.418E+02
In CGS       2564 T=   6.797E+09 dT=   3.013E+06
      2706   2.401E+01   9.764E-03   5.718E+02
In CGS       2706 T=   7.204E+09 dT=   2.929E+06
      2848   2.536E+01   9.463E-03   6.019E+02
In CGS       2848 T=   7.608E+09 dT=   2.839E+06
      2988   2.668E+01   9.786E-03   6.320E+02
In CGS       2988 T=   8.005E+09 dT=   2.936E+06
      3128   2.800E+01   9.499E-03   6.621E+02
In CGS       3128 T=   8.400E+09 dT=   2.850E+06
      3267   2.922E+01   9.281E-03   6.921E+02
In CGS       3267 T=   8.767E+09 dT=   2.784E+06
      3406   3.044E+01   9.135E-03   7.222E+02
In CGS       3406 T=   9.131E+09 dT=   2.741E+06
      3536   3.157E+01   8.835E-03   7.541E+02
In CGS       3536 T=   9.470E+09 dT=   2.651E+06
      3674   3.274E+01   8.521E-03   7.842E+02
In CGS       3674 T=   9.822E+09 dT=   2.556E+06
      3811   3.385E+01   8.374E-03   8.142E+02
In CGS       3811 T=   1.016E+10 dT=   2.512E+06
      3948   3.496E+01   8.313E-03   8.444E+02
In CGS       3948 T=   1.049E+10 dT=   2.494E+06
      4083   3.605E+01   8.119E-03   8.744E+02
In CGS       4083 T=   1.081E+10 dT=   2.436E+06
      4218   3.707E+01   8.099E-03   9.046E+02
In CGS       4218 T=   1.112E+10 dT=   2.430E+06
      4351   3.807E+01   4.555E-03   9.348E+02
In CGS       4351 T=   1.142E+10 dT=   1.367E+06
      4484   3.907E+01   7.496E-03   9.650E+02
In CGS       4484 T=   1.172E+10 dT=   2.249E+06
      4616   4.003E+01   7.586E-03   9.951E+02
In CGS       4616 T=   1.201E+10 dT=   2.276E+06
      4748   4.097E+01   7.336E-03   1.025E+03
In CGS       4748 T=   1.229E+10 dT=   2.201E+06
      4878   4.188E+01   7.160E-03   1.055E+03
In CGS       4878 T=   1.256E+10 dT=   2.148E+06
      4978   4.258E+01   7.151E-03   1.085E+03
In CGS       4978 T=   1.278E+10 dT=   2.145E+06
      5107   4.345E+01   6.942E-03   1.115E+03
In CGS       5107 T=   1.304E+10 dT=   2.082E+06
      5236   4.430E+01   6.810E-03   1.146E+03
In CGS       5236 T=   1.329E+10 dT=   2.043E+06
      5364   4.514E+01   6.752E-03   1.176E+03
In CGS       5364 T=   1.354E+10 dT=   2.026E+06
      5491   4.597E+01   6.534E-03   1.206E+03
In CGS       5491 T=   1.379E+10 dT=   1.960E+06
      5616   4.675E+01   6.717E-03   1.236E+03
In CGS       5616 T=   1.403E+10 dT=   2.015E+06
      5742   4.756E+01   6.425E-03   1.266E+03
In CGS       5742 T=   1.427E+10 dT=   1.927E+06
      5868   4.834E+01   6.176E-03   1.297E+03
In CGS       5868 T=   1.450E+10 dT=   1.853E+06
      5993   4.909E+01   6.464E-03   1.327E+03
In CGS       5993 T=   1.473E+10 dT=   1.939E+06
      6117   4.986E+01   5.920E-03   1.357E+03
In CGS       6117 T=   1.496E+10 dT=   1.776E+06
      6241   5.058E+01   5.909E-03   1.387E+03
In CGS       6241 T=   1.517E+10 dT=   1.773E+06
      6364   5.131E+01   6.257E-03   1.417E+03
In CGS       6364 T=   1.539E+10 dT=   1.877E+06
      6486   5.204E+01   5.964E-03   1.447E+03
In CGS       6486 T=   1.561E+10 dT=   1.789E+06
      6585   5.260E+01   5.743E-03   1.482E+03
In CGS       6585 T=   1.578E+10 dT=   1.723E+06
      6706   5.328E+01   6.063E-03   1.512E+03
In CGS       6706 T=   1.598E+10 dT=   1.819E+06
      6822   5.396E+01   5.079E-03   1.542E+03
In CGS       6822 T=   1.619E+10 dT=   1.524E+06
      6942   5.463E+01   5.594E-03   1.573E+03
In CGS       6942 T=   1.639E+10 dT=   1.678E+06
      7062   5.528E+01   5.846E-03   1.603E+03
In CGS       7062 T=   1.658E+10 dT=   1.754E+06
      7182   5.596E+01   5.737E-03   1.633E+03
In CGS       7182 T=   1.679E+10 dT=   1.721E+06
      7301   5.660E+01   5.460E-03   1.663E+03
In CGS       7301 T=   1.698E+10 dT=   1.638E+06
      7420   5.724E+01   5.622E-03   1.693E+03
In CGS       7420 T=   1.717E+10 dT=   1.687E+06
      7538   5.789E+01   5.637E-03   1.723E+03
In CGS       7538 T=   1.737E+10 dT=   1.691E+06
      7656   5.852E+01   5.331E-03   1.753E+03
In CGS       7656 T=   1.756E+10 dT=   1.599E+06
      7773   5.912E+01   5.400E-03   1.784E+03
In CGS       7773 T=   1.774E+10 dT=   1.620E+06
      7890   5.977E+01   5.536E-03   1.814E+03
In CGS       7890 T=   1.793E+10 dT=   1.661E+06
      8004   6.036E+01   5.197E-03   1.844E+03
In CGS       8004 T=   1.811E+10 dT=   1.559E+06
      8119   6.093E+01   5.171E-03   1.874E+03
In CGS       8119 T=   1.828E+10 dT=   1.551E+06
      8233   6.153E+01   5.464E-03   1.904E+03
In CGS       8233 T=   1.846E+10 dT=   1.639E+06
      8346   6.211E+01   5.097E-03   1.934E+03
In CGS       8346 T=   1.863E+10 dT=   1.529E+06
      8459   6.267E+01   4.985E-03   1.964E+03
In CGS       8459 T=   1.880E+10 dT=   1.496E+06
      8548   6.312E+01   5.314E-03   2.002E+03
In CGS       8548 T=   1.894E+10 dT=   1.594E+06
      8660   6.371E+01   5.239E-03   2.032E+03
In CGS       8660 T=   1.911E+10 dT=   1.572E+06
      8771   6.425E+01   4.902E-03   2.062E+03
In CGS       8771 T=   1.928E+10 dT=   1.471E+06
      8881   6.478E+01   5.044E-03   2.092E+03
In CGS       8881 T=   1.943E+10 dT=   1.513E+06
      8990   6.532E+01   5.188E-03   2.123E+03
In CGS       8990 T=   1.960E+10 dT=   1.556E+06
      9097   6.585E+01   4.497E-03   2.153E+03
In CGS       9097 T=   1.975E+10 dT=   1.349E+06
      9205   6.631E+01   4.442E-03   2.183E+03
In CGS       9205 T=   1.989E+10 dT=   1.333E+06
      9313   6.678E+01   4.483E-03   2.213E+03
In CGS       9313 T=   2.003E+10 dT=   1.345E+06
      9420   6.725E+01   4.294E-03   2.243E+03
In CGS       9420 T=   2.017E+10 dT=   1.288E+06
      9527   6.774E+01   2.183E-03   2.273E+03
In CGS       9527 T=   2.032E+10 dT=   6.548E+05
      9633   6.834E+01   5.830E-03   2.303E+03
In CGS       9633 T=   2.050E+10 dT=   1.749E+06
      9739   6.892E+01   5.414E-03   2.334E+03
In CGS       9739 T=   2.068E+10 dT=   1.624E+06
      9845   6.946E+01   5.114E-03   2.364E+03
In CGS       9845 T=   2.084E+10 dT=   1.534E+06
      9950   6.999E+01   5.043E-03   2.394E+03
In CGS       9950 T=   2.100E+10 dT=   1.513E+06
     10055   7.050E+01   4.976E-03   2.424E+03
In CGS      10055 T=   2.115E+10 dT=   1.493E+06
     10159   7.100E+01   2.048E-03   2.454E+03
In CGS      10159 T=   2.130E+10 dT=   6.145E+05
     10264   7.150E+01   4.895E-03   2.485E+03
In CGS      10264 T=   2.145E+10 dT=   1.468E+06
     10369   7.201E+01   4.900E-03   2.515E+03
In CGS      10369 T=   2.160E+10 dT=   1.470E+06
     10473   7.250E+01   4.834E-03   2.545E+03
In CGS      10473 T=   2.175E+10 dT=   1.450E+06
     10576   7.299E+01   4.819E-03   2.575E+03
In CGS      10576 T=   2.190E+10 dT=   1.446E+06
     10679   7.349E+01   4.896E-03   2.605E+03
In CGS      10679 T=   2.205E+10 dT=   1.469E+06
     10713   7.365E+01   4.975E-03   2.635E+03
In CGS      10713 T=   2.209E+10 dT=   1.493E+06
     10815   7.416E+01   5.318E-03   2.665E+03
In CGS      10815 T=   2.225E+10 dT=   1.595E+06
     10917   7.470E+01   5.520E-03   2.696E+03
In CGS      10917 T=   2.241E+10 dT=   1.656E+06
     11015   7.523E+01   5.414E-03   2.726E+03
In CGS      11015 T=   2.257E+10 dT=   1.624E+06
     11114   7.574E+01   5.183E-03   2.756E+03
In CGS      11114 T=   2.272E+10 dT=   1.555E+06
     11214   7.624E+01   5.128E-03   2.786E+03
In CGS      11214 T=   2.287E+10 dT=   1.538E+06
     11314   7.674E+01   4.970E-03   2.816E+03
In CGS      11314 T=   2.302E+10 dT=   1.491E+06
     11413   7.720E+01   4.597E-03   2.846E+03
In CGS      11413 T=   2.316E+10 dT=   1.379E+06
     11511   7.763E+01   4.392E-03   2.876E+03
In CGS      11511 T=   2.329E+10 dT=   1.318E+06
     11609   7.805E+01   4.266E-03   2.907E+03
In CGS      11609 T=   2.341E+10 dT=   1.280E+06
     11707   7.846E+01   4.208E-03   2.937E+03
In CGS      11707 T=   2.354E+10 dT=   1.262E+06
     11804   7.885E+01   4.155E-03   2.967E+03
In CGS      11804 T=   2.366E+10 dT=   1.246E+06
     11901   7.923E+01   3.956E-03   2.997E+03
In CGS      11901 T=   2.377E+10 dT=   1.187E+06
     11998   7.961E+01   3.874E-03   3.027E+03
In CGS      11998 T=   2.388E+10 dT=   1.162E+06
     12094   7.997E+01   3.679E-03   3.057E+03
In CGS      12094 T=   2.399E+10 dT=   1.104E+06
     12190   8.031E+01   3.528E-03   3.087E+03
In CGS      12190 T=   2.409E+10 dT=   1.058E+06
     12286   8.064E+01   3.407E-03   3.118E+03
In CGS      12286 T=   2.419E+10 dT=   1.022E+06
     12382   8.096E+01   3.831E-03   3.148E+03
In CGS      12382 T=   2.429E+10 dT=   1.149E+06
     12477   8.136E+01   4.426E-03   3.178E+03
In CGS      12477 T=   2.441E+10 dT=   1.328E+06
     12572   8.178E+01   4.406E-03   3.208E+03
In CGS      12572 T=   2.453E+10 dT=   1.322E+06
     12667   8.220E+01   4.799E-03   3.238E+03
In CGS      12667 T=   2.466E+10 dT=   1.440E+06
     12761   8.265E+01   5.026E-03   3.268E+03
In CGS      12761 T=   2.480E+10 dT=   1.508E+06
     12855   8.312E+01   5.058E-03   3.299E+03
In CGS      12855 T=   2.494E+10 dT=   1.518E+06
     12948   8.359E+01   5.087E-03   3.329E+03
In CGS      12948 T=   2.508E+10 dT=   1.526E+06
     13041   8.406E+01   5.474E-03   3.359E+03
In CGS      13041 T=   2.522E+10 dT=   1.642E+06
     13059   8.416E+01   5.621E-03   3.390E+03
In CGS      13059 T=   2.525E+10 dT=   1.686E+06
     13152   8.468E+01   4.632E-04   3.420E+03
In CGS      13152 T=   2.540E+10 dT=   1.390E+05
     13245   8.519E+01   5.445E-03   3.450E+03
In CGS      13245 T=   2.556E+10 dT=   1.634E+06
     13338   8.569E+01   5.824E-03   3.481E+03
In CGS      13338 T=   2.571E+10 dT=   1.747E+06
     13430   8.620E+01   5.834E-03   3.511E+03
In CGS      13430 T=   2.586E+10 dT=   1.750E+06
     13522   8.671E+01   5.849E-03   3.541E+03
In CGS      13522 T=   2.601E+10 dT=   1.755E+06
     13613   8.722E+01   5.763E-03   3.571E+03
In CGS      13613 T=   2.617E+10 dT=   1.729E+06
     13704   8.773E+01   2.603E-03   3.601E+03
In CGS      13704 T=   2.632E+10 dT=   7.809E+05
     13794   8.822E+01   5.674E-03   3.631E+03
In CGS      13794 T=   2.647E+10 dT=   1.702E+06
     13884   8.872E+01   5.621E-03   3.662E+03
In CGS      13884 T=   2.662E+10 dT=   1.686E+06
     13974   8.922E+01   5.652E-03   3.692E+03
In CGS      13974 T=   2.677E+10 dT=   1.696E+06
     14064   8.972E+01   5.666E-03   3.722E+03
In CGS      14064 T=   2.692E+10 dT=   1.700E+06
     14153   9.021E+01   5.678E-03   3.752E+03
In CGS      14153 T=   2.706E+10 dT=   1.704E+06
     14242   9.070E+01   5.819E-03   3.782E+03
In CGS      14242 T=   2.721E+10 dT=   1.746E+06
     14331   9.122E+01   6.015E-03   3.812E+03
In CGS      14331 T=   2.737E+10 dT=   1.804E+06
     14420   9.174E+01   5.907E-03   3.842E+03
In CGS      14420 T=   2.752E+10 dT=   1.772E+06
     14509   9.226E+01   5.884E-03   3.873E+03
In CGS      14509 T=   2.768E+10 dT=   1.765E+06
     14595   9.279E+01   7.585E-03   3.903E+03
In CGS      14595 T=   2.784E+10 dT=   2.275E+06
     14667   9.336E+01   8.498E-03   3.933E+03
In CGS      14667 T=   2.801E+10 dT=   2.549E+06
     14749   9.403E+01   8.545E-03   3.963E+03
In CGS      14749 T=   2.821E+10 dT=   2.563E+06
     14830   9.468E+01   8.597E-03   4.021E+03
In CGS      14830 T=   2.840E+10 dT=   2.579E+06
     14917   9.539E+01   8.656E-03   4.051E+03
In CGS      14917 T=   2.862E+10 dT=   2.597E+06
     15004   9.612E+01   8.963E-03   4.081E+03
In CGS      15004 T=   2.884E+10 dT=   2.689E+06
     15090   9.688E+01   6.336E-03   4.111E+03
In CGS      15090 T=   2.906E+10 dT=   1.901E+06
     15176   9.763E+01   9.003E-03   4.141E+03
In CGS      15176 T=   2.929E+10 dT=   2.701E+06
     15262   9.838E+01   9.216E-03   4.172E+03
In CGS      15262 T=   2.951E+10 dT=   2.765E+06
     15347   9.913E+01   9.318E-03   4.202E+03
In CGS      15347 T=   2.974E+10 dT=   2.795E+06
     15431   9.986E+01   9.394E-03   4.232E+03
In CGS      15431 T=   2.996E+10 dT=   2.818E+06
     15515   1.006E+02   9.561E-03   4.262E+03
In CGS      15515 T=   3.018E+10 dT=   2.868E+06
     15600   1.014E+02   9.814E-03   4.292E+03
In CGS      15600 T=   3.041E+10 dT=   2.944E+06
     15685   1.021E+02   1.001E-02   4.322E+03
In CGS      15685 T=   3.064E+10 dT=   3.004E+06
     15769   1.029E+02   9.626E-03   4.353E+03
In CGS      15769 T=   3.088E+10 dT=   2.888E+06
     15853   1.037E+02   4.605E-03   4.383E+03
In CGS      15853 T=   3.111E+10 dT=   1.381E+06
     15936   1.044E+02   9.352E-03   4.413E+03
In CGS      15936 T=   3.133E+10 dT=   2.806E+06
     16019   1.052E+02   9.642E-03   4.443E+03
In CGS      16019 T=   3.155E+10 dT=   2.893E+06
     16022   1.052E+02   9.661E-03   4.478E+03
In CGS      16022 T=   3.156E+10 dT=   2.898E+06
     16105   1.060E+02   1.004E-02   4.508E+03
In CGS      16105 T=   3.180E+10 dT=   3.013E+06
     16186   1.068E+02   9.939E-03   4.538E+03
In CGS      16186 T=   3.203E+10 dT=   2.982E+06
     16268   1.076E+02   1.009E-02   4.569E+03
In CGS      16268 T=   3.227E+10 dT=   3.028E+06
     16350   1.083E+02   2.252E-03   4.599E+03
In CGS      16350 T=   3.250E+10 dT=   6.755E+05
     16432   1.091E+02   1.030E-02   4.629E+03
In CGS      16432 T=   3.274E+10 dT=   3.091E+06
     16513   1.099E+02   1.022E-02   4.659E+03
In CGS      16513 T=   3.297E+10 dT=   3.067E+06
     16594   1.107E+02   1.016E-02   4.689E+03
In CGS      16594 T=   3.320E+10 dT=   3.049E+06
     16675   1.114E+02   1.016E-02   4.719E+03
In CGS      16675 T=   3.343E+10 dT=   3.049E+06
     16756   1.122E+02   1.025E-02   4.750E+03
In CGS      16756 T=   3.367E+10 dT=   3.074E+06
     16836   1.130E+02   1.035E-02   4.780E+03
In CGS      16836 T=   3.390E+10 dT=   3.105E+06
     16916   1.138E+02   1.035E-02   4.810E+03
In CGS      16916 T=   3.413E+10 dT=   3.106E+06
     16995   1.145E+02   1.056E-02   4.840E+03
In CGS      16995 T=   3.436E+10 dT=   3.167E+06
     17075   1.154E+02   1.059E-02   4.871E+03
In CGS      17075 T=   3.461E+10 dT=   3.178E+06
     17109   1.157E+02   1.058E-02   4.921E+03
In CGS      17109 T=   3.472E+10 dT=   3.175E+06
     17189   1.166E+02   1.056E-02   4.952E+03
In CGS      17189 T=   3.497E+10 dT=   3.169E+06
     17269   1.174E+02   1.055E-02   4.982E+03
In CGS      17269 T=   3.522E+10 dT=   3.165E+06
     17349   1.182E+02   1.053E-02   5.012E+03
In CGS      17349 T=   3.547E+10 dT=   3.160E+06
     17428   1.191E+02   1.052E-02   5.042E+03
In CGS      17428 T=   3.572E+10 dT=   3.155E+06
     17507   1.198E+02   1.051E-02   5.073E+03
In CGS      17507 T=   3.595E+10 dT=   3.152E+06
     17584   1.206E+02   1.050E-02   5.103E+03
In CGS      17584 T=   3.617E+10 dT=   3.150E+06
     17662   1.213E+02   1.047E-02   5.133E+03
In CGS      17662 T=   3.640E+10 dT=   3.142E+06
     17740   1.221E+02   1.045E-02   5.163E+03
In CGS      17740 T=   3.662E+10 dT=   3.134E+06
     17819   1.228E+02   1.043E-02   5.193E+03
In CGS      17819 T=   3.685E+10 dT=   3.128E+06
     17898   1.236E+02   1.042E-02   5.224E+03
In CGS      17898 T=   3.707E+10 dT=   3.126E+06
     17977   1.243E+02   9.072E-04   5.254E+03
In CGS      17977 T=   3.730E+10 dT=   2.722E+05
     18056   1.251E+02   1.045E-02   5.284E+03
In CGS      18056 T=   3.753E+10 dT=   3.136E+06
     18134   1.258E+02   1.047E-02   5.314E+03
In CGS      18134 T=   3.775E+10 dT=   3.141E+06
     18177   1.262E+02   1.043E-02   5.370E+03
In CGS      18177 T=   3.787E+10 dT=   3.129E+06
     18255   1.270E+02   1.037E-02   5.400E+03
In CGS      18255 T=   3.810E+10 dT=   3.110E+06
     18332   1.277E+02   1.025E-02   5.430E+03
In CGS      18332 T=   3.832E+10 dT=   3.076E+06
     18409   1.285E+02   1.021E-02   5.460E+03
In CGS      18409 T=   3.854E+10 dT=   3.064E+06
     18486   1.292E+02   1.013E-02   5.490E+03
In CGS      18486 T=   3.876E+10 dT=   3.038E+06
     18563   1.299E+02   9.988E-03   5.520E+03
In CGS      18563 T=   3.898E+10 dT=   2.996E+06
     18640   1.307E+02   9.855E-03   5.551E+03
In CGS      18640 T=   3.920E+10 dT=   2.957E+06
     18717   1.314E+02   9.623E-03   5.581E+03
In CGS      18717 T=   3.942E+10 dT=   2.887E+06
     18794   1.321E+02   9.245E-03   5.611E+03
In CGS      18794 T=   3.963E+10 dT=   2.773E+06
     18870   1.327E+02   8.695E-03   5.641E+03
In CGS      18870 T=   3.982E+10 dT=   2.608E+06
     18946   1.333E+02   8.617E-03   5.671E+03
In CGS      18946 T=   4.000E+10 dT=   2.585E+06
     19022   1.340E+02   8.838E-03   5.702E+03
In CGS      19022 T=   4.019E+10 dT=   2.652E+06
     19097   1.346E+02   9.017E-03   5.732E+03
In CGS      19097 T=   4.039E+10 dT=   2.705E+06
     19172   1.353E+02   9.149E-03   5.762E+03
In CGS      19172 T=   4.058E+10 dT=   2.745E+06
     19248   1.359E+02   9.329E-03   5.793E+03
In CGS      19248 T=   4.078E+10 dT=   2.799E+06
     19323   1.366E+02   9.514E-03   5.823E+03
In CGS      19323 T=   4.098E+10 dT=   2.854E+06
     19341   1.368E+02   9.542E-03   5.872E+03
In CGS      19341 T=   4.103E+10 dT=   2.863E+06
     19416   1.375E+02   9.782E-03   5.902E+03
In CGS      19416 T=   4.124E+10 dT=   2.934E+06
     19491   1.382E+02   9.978E-03   5.932E+03
In CGS      19491 T=   4.146E+10 dT=   2.993E+06
     19566   1.389E+02   1.020E-02   5.962E+03
In CGS      19566 T=   4.167E+10 dT=   3.061E+06
     19641   1.396E+02   1.033E-02   5.993E+03
In CGS      19641 T=   4.189E+10 dT=   3.100E+06
     19715   1.403E+02   1.019E-02   6.023E+03
In CGS      19715 T=   4.210E+10 dT=   3.056E+06
     19789   1.410E+02   1.007E-02   6.053E+03
In CGS      19789 T=   4.231E+10 dT=   3.022E+06
     19863   1.417E+02   1.005E-02   6.084E+03
In CGS      19863 T=   4.252E+10 dT=   3.015E+06
     19937   1.425E+02   1.007E-02   6.114E+03
In CGS      19937 T=   4.274E+10 dT=   3.022E+06
     20011   1.432E+02   3.301E-03   6.144E+03
In CGS      20011 T=   4.295E+10 dT=   9.903E+05
     20085   1.439E+02   1.038E-02   6.175E+03
In CGS      20085 T=   4.316E+10 dT=   3.115E+06
     20159   1.446E+02   1.062E-02   6.205E+03
In CGS      20159 T=   4.339E+10 dT=   3.186E+06
     20233   1.454E+02   1.060E-02   6.235E+03
In CGS      20233 T=   4.362E+10 dT=   3.179E+06
     20307   1.462E+02   1.063E-02   6.266E+03
In CGS      20307 T=   4.385E+10 dT=   3.189E+06
     20379   1.469E+02   1.066E-02   6.296E+03
In CGS      20379 T=   4.408E+10 dT=   3.199E+06
     20412   1.473E+02   1.067E-02   6.354E+03
In CGS      20412 T=   4.418E+10 dT=   3.200E+06
     20486   1.481E+02   1.065E-02   6.384E+03
In CGS      20486 T=   4.442E+10 dT=   3.196E+06
     20560   1.488E+02   9.652E-03   6.415E+03
In CGS      20560 T=   4.465E+10 dT=   2.896E+06
     20634   1.496E+02   1.059E-02   6.445E+03
In CGS      20634 T=   4.488E+10 dT=   3.178E+06
     20708   1.504E+02   1.059E-02   6.475E+03
In CGS      20708 T=   4.512E+10 dT=   3.176E+06
     20782   1.512E+02   1.057E-02   6.506E+03
In CGS      20782 T=   4.535E+10 dT=   3.171E+06
     20856   1.520E+02   1.055E-02   6.536E+03
In CGS      20856 T=   4.559E+10 dT=   3.166E+06
     20929   1.527E+02   1.054E-02   6.566E+03
In CGS      20929 T=   4.582E+10 dT=   3.162E+06
     20992   1.534E+02   1.053E-02   6.597E+03
In CGS      20992 T=   4.601E+10 dT=   3.160E+06
     21055   1.540E+02   1.053E-02   6.627E+03
In CGS      21055 T=   4.621E+10 dT=   3.159E+06
     21121   1.547E+02   1.052E-02   6.658E+03
In CGS      21121 T=   4.642E+10 dT=   3.157E+06
     21195   1.555E+02   1.052E-02   6.688E+03
In CGS      21195 T=   4.665E+10 dT=   3.155E+06
     21269   1.562E+02   4.445E-05   6.718E+03
In CGS      21269 T=   4.686E+10 dT=   1.333E+04
     21343   1.569E+02   1.051E-02   6.748E+03
In CGS      21343 T=   4.707E+10 dT=   3.153E+06
     21417   1.576E+02   1.051E-02   6.778E+03
In CGS      21417 T=   4.729E+10 dT=   3.152E+06
     21436   1.578E+02   1.050E-02   6.829E+03
In CGS      21436 T=   4.734E+10 dT=   3.151E+06
     21510   1.585E+02   1.050E-02   6.859E+03
In CGS      21510 T=   4.755E+10 dT=   3.149E+06
     21584   1.592E+02   1.049E-02   6.889E+03
In CGS      21584 T=   4.777E+10 dT=   3.148E+06
     21658   1.599E+02   1.050E-02   6.920E+03
In CGS      21658 T=   4.798E+10 dT=   3.150E+06
     21731   1.606E+02   2.019E-04   6.950E+03
In CGS      21731 T=   4.819E+10 dT=   6.057E+04
     21804   1.613E+02   1.051E-02   6.980E+03
In CGS      21804 T=   4.840E+10 dT=   3.152E+06
     21878   1.620E+02   1.051E-02   7.010E+03
In CGS      21878 T=   4.861E+10 dT=   3.153E+06
     21951   1.627E+02   6.905E-05   7.040E+03
In CGS      21951 T=   4.882E+10 dT=   2.072E+04
     22024   1.634E+02   1.052E-02   7.070E+03
In CGS      22024 T=   4.903E+10 dT=   3.155E+06
     22097   1.642E+02   1.052E-02   7.100E+03
In CGS      22097 T=   4.925E+10 dT=   3.156E+06
     22170   1.649E+02   1.051E-02   7.130E+03
In CGS      22170 T=   4.947E+10 dT=   3.153E+06
     22243   1.656E+02   1.048E-02   7.160E+03
In CGS      22243 T=   4.968E+10 dT=   3.144E+06
     22316   1.663E+02   1.037E-02   7.190E+03
In CGS      22316 T=   4.989E+10 dT=   3.112E+06
     22389   1.670E+02   1.025E-02   7.221E+03
In CGS      22389 T=   5.010E+10 dT=   3.075E+06
     22461   1.677E+02   1.004E-02   7.251E+03
In CGS      22461 T=   5.030E+10 dT=   3.011E+06
     22528   1.683E+02   9.511E-03   7.323E+03
In CGS      22528 T=   5.049E+10 dT=   2.853E+06
mpiexec: Forwarding signal 18 to job
slurmstepd-tycho63: error: *** JOB 3061730 ON tycho63 CANCELLED AT 2022-03-23T20:47:15 ***
