This file contains any messages produced by compilers while
running configure, to aid debugging if configure makes a mistake.

It was created by makedepend configure 1.0.5, which was
generated by GNU Autoconf 2.68.  Invocation command line was

  $ ./configure --prefix=/obs/mrabenanahary/MPI-AMRVAC/amrvac/src/local

## --------- ##
## Platform. ##
## --------- ##

hostname = tycho00
uname -m = x86_64
uname -r = 4.9.0-17-amd64
uname -s = Linux
uname -v = #1 SMP Debian 4.9.290-1 (2021-12-12)

/usr/bin/uname -p = unknown
/bin/uname -X     = unknown

/bin/arch              = unknown
/usr/bin/arch -k       = unknown
/usr/convex/getsysinfo = unknown
/usr/bin/hostinfo      = unknown
/bin/machine           = unknown
/usr/bin/oslevel       = unknown
/bin/universe          = unknown

PATH: /obs/mrabenanahary/bin
PATH: /shared/apps/cmake/3.20.2/bin
PATH: /shared/apps/gcc/8.2.0/bin
PATH: /shared/apps/python/3.8.12/bin
PATH: /shared/apps/openmpi/3.1.2/intel.18.0.0//bin
PATH: /shared/apps/intel/compilers_and_libraries_2018.0.128/linux/bin/intel64
PATH: /shared/apps/intel/compilers_and_libraries_2018.0.128/linux/mpi/intel64/bin
PATH: /obs/mrabenanahary/.local/bin
PATH: /usr/local/bin
PATH: /usr/bin
PATH: /bin
PATH: /usr/local/games
PATH: /usr/games
PATH: /opt/puppetlabs/bin
PATH: /opt/dell/srvadmin/bin
PATH: /obs/mrabenanahary/MPI-AMRVAC/amrvac
PATH: /obs/mrabenanahary/MPI-AMRVAC/amrvac/tools
PATH: /obs/mrabenanahary/.local/bin/
PATH: LATEX_DIR/bin/
PATH: /shared/apps/intel/parallel_studio_xe_2018.0.033/bin


## ----------- ##
## Core tests. ##
## ----------- ##

configure:2197: checking for a BSD-compatible install
configure:2265: result: /usr/bin/install -c
configure:2276: checking whether build environment is sane
configure:2331: result: yes
configure:2482: checking for a thread-safe mkdir -p
configure:2521: result: /bin/mkdir -p
configure:2528: checking for gawk
configure:2544: found /usr/bin/gawk
configure:2555: result: gawk
configure:2566: checking whether make sets $(MAKE)
configure:2588: result: yes
configure:2617: checking whether make supports nested variables
configure:2634: result: yes
configure:2785: checking for style of include used by make
configure:2813: result: GNU
configure:2884: checking for gcc
configure:2911: result: /shared/apps/gcc/8.2.0/bin/gcc
configure:3140: checking for C compiler version
configure:3149: /shared/apps/gcc/8.2.0/bin/gcc --version >&5
gcc (GCC) 8.2.0
Copyright (C) 2018 Free Software Foundation, Inc.
This is free software; see the source for copying conditions.  There is NO
warranty; not even for MERCHANTABILITY or FITNESS FOR A PARTICULAR PURPOSE.

configure:3160: $? = 0
configure:3149: /shared/apps/gcc/8.2.0/bin/gcc -v >&5
Using built-in specs.
COLLECT_GCC=/shared/apps/gcc/8.2.0/bin/gcc
COLLECT_LTO_WRAPPER=/shared/apps/gcc/8.2.0/libexec/gcc/x86_64-pc-linux-gnu/8.2.0/lto-wrapper
Target: x86_64-pc-linux-gnu
Configured with: ../configure --prefix=/shared/apps/gcc/8.2.0
Thread model: posix
gcc version 8.2.0 (GCC) 
configure:3160: $? = 0
configure:3149: /shared/apps/gcc/8.2.0/bin/gcc -V >&5
gcc: error: unrecognized command line option '-V'
gcc: fatal error: no input files
compilation terminated.
configure:3160: $? = 1
configure:3149: /shared/apps/gcc/8.2.0/bin/gcc -qversion >&5
gcc: error: unrecognized command line option '-qversion'; did you mean '--version'?
gcc: fatal error: no input files
compilation terminated.
configure:3160: $? = 1
configure:3180: checking whether the C compiler works
configure:3202: /shared/apps/gcc/8.2.0/bin/gcc    conftest.c  >&5
configure:3206: $? = 0
configure:3254: result: yes
configure:3257: checking for C compiler default output file name
configure:3259: result: a.out
configure:3265: checking for suffix of executables
configure:3272: /shared/apps/gcc/8.2.0/bin/gcc -o conftest    conftest.c  >&5
configure:3276: $? = 0
configure:3298: result: 
configure:3320: checking whether we are cross compiling
configure:3328: /shared/apps/gcc/8.2.0/bin/gcc -o conftest    conftest.c  >&5
configure:3332: $? = 0
configure:3339: ./conftest
configure:3343: $? = 0
configure:3358: result: no
configure:3363: checking for suffix of object files
configure:3385: /shared/apps/gcc/8.2.0/bin/gcc -c   conftest.c >&5
configure:3389: $? = 0
configure:3410: result: o
configure:3414: checking whether we are using the GNU C compiler
configure:3433: /shared/apps/gcc/8.2.0/bin/gcc -c   conftest.c >&5
configure:3433: $? = 0
configure:3442: result: yes
configure:3451: checking whether /shared/apps/gcc/8.2.0/bin/gcc accepts -g
configure:3471: /shared/apps/gcc/8.2.0/bin/gcc -c -g  conftest.c >&5
configure:3471: $? = 0
configure:3512: result: yes
configure:3529: checking for /shared/apps/gcc/8.2.0/bin/gcc option to accept ISO C89
configure:3593: /shared/apps/gcc/8.2.0/bin/gcc  -c -g -O2  conftest.c >&5
configure:3593: $? = 0
configure:3606: result: none needed
configure:3631: checking whether /shared/apps/gcc/8.2.0/bin/gcc understands -c and -o together
configure:3653: /shared/apps/gcc/8.2.0/bin/gcc -c conftest.c -o conftest2.o
configure:3656: $? = 0
configure:3653: /shared/apps/gcc/8.2.0/bin/gcc -c conftest.c -o conftest2.o
configure:3656: $? = 0
configure:3668: result: yes
configure:3687: checking dependency style of /shared/apps/gcc/8.2.0/bin/gcc
configure:3798: result: gcc3
configure:3813: checking for /shared/apps/gcc/8.2.0/bin/gcc option to accept ISO C99
configure:3962: /shared/apps/gcc/8.2.0/bin/gcc  -c -g -O2  conftest.c >&5
configure:3962: $? = 0
configure:3975: result: none needed
configure:3996: checking how to run the C preprocessor
configure:4027: /shared/apps/gcc/8.2.0/bin/gcc -E  conftest.c
configure:4027: $? = 0
configure:4041: /shared/apps/gcc/8.2.0/bin/gcc -E  conftest.c
conftest.c:11:10: fatal error: ac_nonexistent.h: No such file or directory
 #include <ac_nonexistent.h>
          ^~~~~~~~~~~~~~~~~~
compilation terminated.
configure:4041: $? = 1
configure: failed program was:
| /* confdefs.h */
| #define PACKAGE_NAME "makedepend"
| #define PACKAGE_TARNAME "makedepend"
| #define PACKAGE_VERSION "1.0.5"
| #define PACKAGE_STRING "makedepend 1.0.5"
| #define PACKAGE_BUGREPORT "https://bugs.freedesktop.org/enter_bug.cgi?product=xorg"
| #define PACKAGE_URL ""
| #define PACKAGE "makedepend"
| #define VERSION "1.0.5"
| /* end confdefs.h.  */
| #include <ac_nonexistent.h>
configure:4066: result: /shared/apps/gcc/8.2.0/bin/gcc -E
configure:4086: /shared/apps/gcc/8.2.0/bin/gcc -E  conftest.c
configure:4086: $? = 0
configure:4100: /shared/apps/gcc/8.2.0/bin/gcc -E  conftest.c
conftest.c:11:10: fatal error: ac_nonexistent.h: No such file or directory
 #include <ac_nonexistent.h>
          ^~~~~~~~~~~~~~~~~~
compilation terminated.
configure:4100: $? = 1
configure: failed program was:
| /* confdefs.h */
| #define PACKAGE_NAME "makedepend"
| #define PACKAGE_TARNAME "makedepend"
| #define PACKAGE_VERSION "1.0.5"
| #define PACKAGE_STRING "makedepend 1.0.5"
| #define PACKAGE_BUGREPORT "https://bugs.freedesktop.org/enter_bug.cgi?product=xorg"
| #define PACKAGE_URL ""
| #define PACKAGE "makedepend"
| #define VERSION "1.0.5"
| /* end confdefs.h.  */
| #include <ac_nonexistent.h>
configure:4129: checking for grep that handles long lines and -e
configure:4187: result: /bin/grep
configure:4192: checking for egrep
configure:4254: result: /bin/grep -E
configure:4259: checking for ANSI C header files
configure:4279: /shared/apps/gcc/8.2.0/bin/gcc -c -g -O2  conftest.c >&5
configure:4279: $? = 0
configure:4352: /shared/apps/gcc/8.2.0/bin/gcc -o conftest -g -O2   conftest.c  >&5
configure:4352: $? = 0
configure:4352: ./conftest
configure:4352: $? = 0
configure:4363: result: yes
configure:4376: checking for sys/types.h
configure:4376: /shared/apps/gcc/8.2.0/bin/gcc -c -g -O2  conftest.c >&5
configure:4376: $? = 0
configure:4376: result: yes
configure:4376: checking for sys/stat.h
configure:4376: /shared/apps/gcc/8.2.0/bin/gcc -c -g -O2  conftest.c >&5
configure:4376: $? = 0
configure:4376: result: yes
configure:4376: checking for stdlib.h
configure:4376: /shared/apps/gcc/8.2.0/bin/gcc -c -g -O2  conftest.c >&5
configure:4376: $? = 0
configure:4376: result: yes
configure:4376: checking for string.h
configure:4376: /shared/apps/gcc/8.2.0/bin/gcc -c -g -O2  conftest.c >&5
configure:4376: $? = 0
configure:4376: result: yes
configure:4376: checking for memory.h
configure:4376: /shared/apps/gcc/8.2.0/bin/gcc -c -g -O2  conftest.c >&5
configure:4376: $? = 0
configure:4376: result: yes
configure:4376: checking for strings.h
configure:4376: /shared/apps/gcc/8.2.0/bin/gcc -c -g -O2  conftest.c >&5
configure:4376: $? = 0
configure:4376: result: yes
configure:4376: checking for inttypes.h
configure:4376: /shared/apps/gcc/8.2.0/bin/gcc -c -g -O2  conftest.c >&5
configure:4376: $? = 0
configure:4376: result: yes
configure:4376: checking for stdint.h
configure:4376: /shared/apps/gcc/8.2.0/bin/gcc -c -g -O2  conftest.c >&5
configure:4376: $? = 0
configure:4376: result: yes
configure:4376: checking for unistd.h
configure:4376: /shared/apps/gcc/8.2.0/bin/gcc -c -g -O2  conftest.c >&5
configure:4376: $? = 0
configure:4376: result: yes
configure:4392: checking whether __clang__ is declared
configure:4392: /shared/apps/gcc/8.2.0/bin/gcc -c -g -O2  conftest.c >&5
conftest.c: In function 'main':
conftest.c:61:10: error: '__clang__' undeclared (first use in this function); did you mean '__clock_t'?
   (void) __clang__;
          ^~~~~~~~~
          __clock_t
conftest.c:61:10: note: each undeclared identifier is reported only once for each function it appears in
configure:4392: $? = 1
configure: failed program was:
| /* confdefs.h */
| #define PACKAGE_NAME "makedepend"
| #define PACKAGE_TARNAME "makedepend"
| #define PACKAGE_VERSION "1.0.5"
| #define PACKAGE_STRING "makedepend 1.0.5"
| #define PACKAGE_BUGREPORT "https://bugs.freedesktop.org/enter_bug.cgi?product=xorg"
| #define PACKAGE_URL ""
| #define PACKAGE "makedepend"
| #define VERSION "1.0.5"
| #define STDC_HEADERS 1
| #define HAVE_SYS_TYPES_H 1
| #define HAVE_SYS_STAT_H 1
| #define HAVE_STDLIB_H 1
| #define HAVE_STRING_H 1
| #define HAVE_MEMORY_H 1
| #define HAVE_STRINGS_H 1
| #define HAVE_INTTYPES_H 1
| #define HAVE_STDINT_H 1
| #define HAVE_UNISTD_H 1
| /* end confdefs.h.  */
| #include <stdio.h>
| #ifdef HAVE_SYS_TYPES_H
| # include <sys/types.h>
| #endif
| #ifdef HAVE_SYS_STAT_H
| # include <sys/stat.h>
| #endif
| #ifdef STDC_HEADERS
| # include <stdlib.h>
| # include <stddef.h>
| #else
| # ifdef HAVE_STDLIB_H
| #  include <stdlib.h>
| # endif
| #endif
| #ifdef HAVE_STRING_H
| # if !defined STDC_HEADERS && defined HAVE_MEMORY_H
| #  include <memory.h>
| # endif
| # include <string.h>
| #endif
| #ifdef HAVE_STRINGS_H
| # include <strings.h>
| #endif
| #ifdef HAVE_INTTYPES_H
| # include <inttypes.h>
| #endif
| #ifdef HAVE_STDINT_H
| # include <stdint.h>
| #endif
| #ifdef HAVE_UNISTD_H
| # include <unistd.h>
| #endif
| int
| main ()
| {
| #ifndef __clang__
| #ifdef __cplusplus
|   (void) __clang__;
| #else
|   (void) __clang__;
| #endif
| #endif
| 
|   ;
|   return 0;
| }
configure:4392: result: no
configure:4399: checking whether __INTEL_COMPILER is declared
configure:4399: /shared/apps/gcc/8.2.0/bin/gcc -c -g -O2  conftest.c >&5
conftest.c: In function 'main':
conftest.c:61:10: error: '__INTEL_COMPILER' undeclared (first use in this function)
   (void) __INTEL_COMPILER;
          ^~~~~~~~~~~~~~~~
conftest.c:61:10: note: each undeclared identifier is reported only once for each function it appears in
configure:4399: $? = 1
configure: failed program was:
| /* confdefs.h */
| #define PACKAGE_NAME "makedepend"
| #define PACKAGE_TARNAME "makedepend"
| #define PACKAGE_VERSION "1.0.5"
| #define PACKAGE_STRING "makedepend 1.0.5"
| #define PACKAGE_BUGREPORT "https://bugs.freedesktop.org/enter_bug.cgi?product=xorg"
| #define PACKAGE_URL ""
| #define PACKAGE "makedepend"
| #define VERSION "1.0.5"
| #define STDC_HEADERS 1
| #define HAVE_SYS_TYPES_H 1
| #define HAVE_SYS_STAT_H 1
| #define HAVE_STDLIB_H 1
| #define HAVE_STRING_H 1
| #define HAVE_MEMORY_H 1
| #define HAVE_STRINGS_H 1
| #define HAVE_INTTYPES_H 1
| #define HAVE_STDINT_H 1
| #define HAVE_UNISTD_H 1
| /* end confdefs.h.  */
| #include <stdio.h>
| #ifdef HAVE_SYS_TYPES_H
| # include <sys/types.h>
| #endif
| #ifdef HAVE_SYS_STAT_H
| # include <sys/stat.h>
| #endif
| #ifdef STDC_HEADERS
| # include <stdlib.h>
| # include <stddef.h>
| #else
| # ifdef HAVE_STDLIB_H
| #  include <stdlib.h>
| # endif
| #endif
| #ifdef HAVE_STRING_H
| # if !defined STDC_HEADERS && defined HAVE_MEMORY_H
| #  include <memory.h>
| # endif
| # include <string.h>
| #endif
| #ifdef HAVE_STRINGS_H
| # include <strings.h>
| #endif
| #ifdef HAVE_INTTYPES_H
| # include <inttypes.h>
| #endif
| #ifdef HAVE_STDINT_H
| # include <stdint.h>
| #endif
| #ifdef HAVE_UNISTD_H
| # include <unistd.h>
| #endif
| int
| main ()
| {
| #ifndef __INTEL_COMPILER
| #ifdef __cplusplus
|   (void) __INTEL_COMPILER;
| #else
|   (void) __INTEL_COMPILER;
| #endif
| #endif
| 
|   ;
|   return 0;
| }
configure:4399: result: no
configure:4406: checking whether __SUNPRO_C is declared
configure:4406: /shared/apps/gcc/8.2.0/bin/gcc -c -g -O2  conftest.c >&5
conftest.c: In function 'main':
conftest.c:61:10: error: '__SUNPRO_C' undeclared (first use in this function)
   (void) __SUNPRO_C;
          ^~~~~~~~~~
conftest.c:61:10: note: each undeclared identifier is reported only once for each function it appears in
configure:4406: $? = 1
configure: failed program was:
| /* confdefs.h */
| #define PACKAGE_NAME "makedepend"
| #define PACKAGE_TARNAME "makedepend"
| #define PACKAGE_VERSION "1.0.5"
| #define PACKAGE_STRING "makedepend 1.0.5"
| #define PACKAGE_BUGREPORT "https://bugs.freedesktop.org/enter_bug.cgi?product=xorg"
| #define PACKAGE_URL ""
| #define PACKAGE "makedepend"
| #define VERSION "1.0.5"
| #define STDC_HEADERS 1
| #define HAVE_SYS_TYPES_H 1
| #define HAVE_SYS_STAT_H 1
| #define HAVE_STDLIB_H 1
| #define HAVE_STRING_H 1
| #define HAVE_MEMORY_H 1
| #define HAVE_STRINGS_H 1
| #define HAVE_INTTYPES_H 1
| #define HAVE_STDINT_H 1
| #define HAVE_UNISTD_H 1
| /* end confdefs.h.  */
| #include <stdio.h>
| #ifdef HAVE_SYS_TYPES_H
| # include <sys/types.h>
| #endif
| #ifdef HAVE_SYS_STAT_H
| # include <sys/stat.h>
| #endif
| #ifdef STDC_HEADERS
| # include <stdlib.h>
| # include <stddef.h>
| #else
| # ifdef HAVE_STDLIB_H
| #  include <stdlib.h>
| # endif
| #endif
| #ifdef HAVE_STRING_H
| # if !defined STDC_HEADERS && defined HAVE_MEMORY_H
| #  include <memory.h>
| # endif
| # include <string.h>
| #endif
| #ifdef HAVE_STRINGS_H
| # include <strings.h>
| #endif
| #ifdef HAVE_INTTYPES_H
| # include <inttypes.h>
| #endif
| #ifdef HAVE_STDINT_H
| # include <stdint.h>
| #endif
| #ifdef HAVE_UNISTD_H
| # include <unistd.h>
| #endif
| int
| main ()
| {
| #ifndef __SUNPRO_C
| #ifdef __cplusplus
|   (void) __SUNPRO_C;
| #else
|   (void) __SUNPRO_C;
| #endif
| #endif
| 
|   ;
|   return 0;
| }
configure:4406: result: no
configure:4463: checking for pkg-config
configure:4481: found /usr/bin/pkg-config
configure:4493: result: /usr/bin/pkg-config
configure:4518: checking pkg-config is at least version 0.9.0
configure:4521: result: yes
configure:4534: checking build system type
configure:4548: result: x86_64-unknown-linux-gnu
configure:4568: checking host system type
configure:4581: result: x86_64-unknown-linux-gnu
configure:4601: checking for a sed that does not truncate output
configure:4665: result: /bin/sed
configure:4711: checking if /shared/apps/gcc/8.2.0/bin/gcc supports -Werror=unknown-warning-option
configure:4720: /shared/apps/gcc/8.2.0/bin/gcc -c -g -O2 -Werror=unknown-warning-option  conftest.c >&5
cc1: error: -Werror=unknown-warning-option: no option -Wunknown-warning-option
configure:4720: $? = 1
configure: failed program was:
| /* confdefs.h */
| #define PACKAGE_NAME "makedepend"
| #define PACKAGE_TARNAME "makedepend"
| #define PACKAGE_VERSION "1.0.5"
| #define PACKAGE_STRING "makedepend 1.0.5"
| #define PACKAGE_BUGREPORT "https://bugs.freedesktop.org/enter_bug.cgi?product=xorg"
| #define PACKAGE_URL ""
| #define PACKAGE "makedepend"
| #define VERSION "1.0.5"
| #define STDC_HEADERS 1
| #define HAVE_SYS_TYPES_H 1
| #define HAVE_SYS_STAT_H 1
| #define HAVE_STDLIB_H 1
| #define HAVE_STRING_H 1
| #define HAVE_MEMORY_H 1
| #define HAVE_STRINGS_H 1
| #define HAVE_INTTYPES_H 1
| #define HAVE_STDINT_H 1
| #define HAVE_UNISTD_H 1
| /* end confdefs.h.  */
| int i;
configure:4727: result: no
configure:4738: checking if /shared/apps/gcc/8.2.0/bin/gcc supports -Werror=unused-command-line-argument
configure:4747: /shared/apps/gcc/8.2.0/bin/gcc -c -g -O2 -Werror=unused-command-line-argument  conftest.c >&5
cc1: error: -Werror=unused-command-line-argument: no option -Wunused-command-line-argument
configure:4747: $? = 1
configure: failed program was:
| /* confdefs.h */
| #define PACKAGE_NAME "makedepend"
| #define PACKAGE_TARNAME "makedepend"
| #define PACKAGE_VERSION "1.0.5"
| #define PACKAGE_STRING "makedepend 1.0.5"
| #define PACKAGE_BUGREPORT "https://bugs.freedesktop.org/enter_bug.cgi?product=xorg"
| #define PACKAGE_URL ""
| #define PACKAGE "makedepend"
| #define VERSION "1.0.5"
| #define STDC_HEADERS 1
| #define HAVE_SYS_TYPES_H 1
| #define HAVE_SYS_STAT_H 1
| #define HAVE_STDLIB_H 1
| #define HAVE_STRING_H 1
| #define HAVE_MEMORY_H 1
| #define HAVE_STRINGS_H 1
| #define HAVE_INTTYPES_H 1
| #define HAVE_STDINT_H 1
| #define HAVE_UNISTD_H 1
| /* end confdefs.h.  */
| int i;
configure:4754: result: no
configure:4773: checking if /shared/apps/gcc/8.2.0/bin/gcc supports -Wall
configure:4790: /shared/apps/gcc/8.2.0/bin/gcc -o conftest -g -O2 -Wall   conftest.c  >&5
configure:4790: $? = 0
configure:4803: result: yes
configure:4891: checking if /shared/apps/gcc/8.2.0/bin/gcc supports -Wpointer-arith
configure:4908: /shared/apps/gcc/8.2.0/bin/gcc -o conftest -g -O2 -Wpointer-arith   conftest.c  >&5
configure:4908: $? = 0
configure:4921: result: yes
configure:5009: checking if /shared/apps/gcc/8.2.0/bin/gcc supports -Wmissing-declarations
configure:5026: /shared/apps/gcc/8.2.0/bin/gcc -o conftest -g -O2 -Wmissing-declarations   conftest.c  >&5
configure:5026: $? = 0
configure:5039: result: yes
configure:5127: checking if /shared/apps/gcc/8.2.0/bin/gcc supports -Wformat=2
configure:5144: /shared/apps/gcc/8.2.0/bin/gcc -o conftest -g -O2 -Wformat=2   conftest.c  >&5
configure:5144: $? = 0
configure:5157: result: yes
configure:5296: checking if /shared/apps/gcc/8.2.0/bin/gcc supports -Wstrict-prototypes
configure:5313: /shared/apps/gcc/8.2.0/bin/gcc -o conftest -g -O2 -Wstrict-prototypes   conftest.c  >&5
conftest.c:23:1: warning: function declaration isn't a prototype [-Wstrict-prototypes]
 main ()
 ^~~~
configure:5313: $? = 0
configure:5326: result: yes
configure:5414: checking if /shared/apps/gcc/8.2.0/bin/gcc supports -Wmissing-prototypes
configure:5431: /shared/apps/gcc/8.2.0/bin/gcc -o conftest -g -O2 -Wmissing-prototypes   conftest.c  >&5
configure:5431: $? = 0
configure:5444: result: yes
configure:5532: checking if /shared/apps/gcc/8.2.0/bin/gcc supports -Wnested-externs
configure:5549: /shared/apps/gcc/8.2.0/bin/gcc -o conftest -g -O2 -Wnested-externs   conftest.c  >&5
configure:5549: $? = 0
configure:5562: result: yes
configure:5650: checking if /shared/apps/gcc/8.2.0/bin/gcc supports -Wbad-function-cast
configure:5667: /shared/apps/gcc/8.2.0/bin/gcc -o conftest -g -O2 -Wbad-function-cast   conftest.c  >&5
configure:5667: $? = 0
configure:5680: result: yes
configure:5768: checking if /shared/apps/gcc/8.2.0/bin/gcc supports -Wold-style-definition
configure:5785: /shared/apps/gcc/8.2.0/bin/gcc -o conftest -g -O2 -Wold-style-definition   conftest.c  >&5
conftest.c: In function 'main':
conftest.c:23:1: warning: old-style function definition [-Wold-style-definition]
 main ()
 ^~~~
configure:5785: $? = 0
configure:5798: result: yes
configure:5886: checking if /shared/apps/gcc/8.2.0/bin/gcc supports -Wdeclaration-after-statement
configure:5903: /shared/apps/gcc/8.2.0/bin/gcc -o conftest -g -O2 -Wdeclaration-after-statement   conftest.c  >&5
configure:5903: $? = 0
configure:5916: result: yes
configure:6008: checking if /shared/apps/gcc/8.2.0/bin/gcc supports -Wunused
configure:6025: /shared/apps/gcc/8.2.0/bin/gcc -o conftest -g -O2 -Wunused   conftest.c  >&5
configure:6025: $? = 0
configure:6038: result: yes
configure:6126: checking if /shared/apps/gcc/8.2.0/bin/gcc supports -Wuninitialized
configure:6143: /shared/apps/gcc/8.2.0/bin/gcc -o conftest -g -O2 -Wuninitialized   conftest.c  >&5
configure:6143: $? = 0
configure:6156: result: yes
configure:6244: checking if /shared/apps/gcc/8.2.0/bin/gcc supports -Wshadow
configure:6261: /shared/apps/gcc/8.2.0/bin/gcc -o conftest -g -O2 -Wshadow   conftest.c  >&5
configure:6261: $? = 0
configure:6274: result: yes
configure:6362: checking if /shared/apps/gcc/8.2.0/bin/gcc supports -Wcast-qual
configure:6379: /shared/apps/gcc/8.2.0/bin/gcc -o conftest -g -O2 -Wcast-qual   conftest.c  >&5
configure:6379: $? = 0
configure:6392: result: yes
configure:6480: checking if /shared/apps/gcc/8.2.0/bin/gcc supports -Wmissing-noreturn
configure:6497: /shared/apps/gcc/8.2.0/bin/gcc -o conftest -g -O2 -Wmissing-noreturn   conftest.c  >&5
configure:6497: $? = 0
configure:6510: result: yes
configure:6598: checking if /shared/apps/gcc/8.2.0/bin/gcc supports -Wmissing-format-attribute
configure:6615: /shared/apps/gcc/8.2.0/bin/gcc -o conftest -g -O2 -Wmissing-format-attribute   conftest.c  >&5
configure:6615: $? = 0
configure:6628: result: yes
configure:6716: checking if /shared/apps/gcc/8.2.0/bin/gcc supports -Wredundant-decls
configure:6733: /shared/apps/gcc/8.2.0/bin/gcc -o conftest -g -O2 -Wredundant-decls   conftest.c  >&5
configure:6733: $? = 0
configure:6746: result: yes
configure:6846: checking if /shared/apps/gcc/8.2.0/bin/gcc supports -Werror=implicit
configure:6863: /shared/apps/gcc/8.2.0/bin/gcc -o conftest -g -O2 -Werror=implicit   conftest.c  >&5
configure:6863: $? = 0
configure:6876: result: yes
configure:7013: checking if /shared/apps/gcc/8.2.0/bin/gcc supports -Werror=nonnull
configure:7030: /shared/apps/gcc/8.2.0/bin/gcc -o conftest -g -O2 -Werror=nonnull   conftest.c  >&5
configure:7030: $? = 0
configure:7043: result: yes
configure:7131: checking if /shared/apps/gcc/8.2.0/bin/gcc supports -Werror=init-self
configure:7148: /shared/apps/gcc/8.2.0/bin/gcc -o conftest -g -O2 -Werror=init-self   conftest.c  >&5
configure:7148: $? = 0
configure:7161: result: yes
configure:7249: checking if /shared/apps/gcc/8.2.0/bin/gcc supports -Werror=main
configure:7266: /shared/apps/gcc/8.2.0/bin/gcc -o conftest -g -O2 -Werror=main   conftest.c  >&5
configure:7266: $? = 0
configure:7279: result: yes
configure:7367: checking if /shared/apps/gcc/8.2.0/bin/gcc supports -Werror=missing-braces
configure:7384: /shared/apps/gcc/8.2.0/bin/gcc -o conftest -g -O2 -Werror=missing-braces   conftest.c  >&5
configure:7384: $? = 0
configure:7397: result: yes
configure:7485: checking if /shared/apps/gcc/8.2.0/bin/gcc supports -Werror=sequence-point
configure:7502: /shared/apps/gcc/8.2.0/bin/gcc -o conftest -g -O2 -Werror=sequence-point   conftest.c  >&5
configure:7502: $? = 0
configure:7515: result: yes
configure:7603: checking if /shared/apps/gcc/8.2.0/bin/gcc supports -Werror=return-type
configure:7620: /shared/apps/gcc/8.2.0/bin/gcc -o conftest -g -O2 -Werror=return-type   conftest.c  >&5
configure:7620: $? = 0
configure:7633: result: yes
configure:7770: checking if /shared/apps/gcc/8.2.0/bin/gcc supports -Werror=trigraphs
configure:7787: /shared/apps/gcc/8.2.0/bin/gcc -o conftest -g -O2 -Werror=trigraphs   conftest.c  >&5
configure:7787: $? = 0
configure:7800: result: yes
configure:7888: checking if /shared/apps/gcc/8.2.0/bin/gcc supports -Werror=array-bounds
configure:7905: /shared/apps/gcc/8.2.0/bin/gcc -o conftest -g -O2 -Werror=array-bounds   conftest.c  >&5
configure:7905: $? = 0
configure:7918: result: yes
configure:8006: checking if /shared/apps/gcc/8.2.0/bin/gcc supports -Werror=write-strings
configure:8023: /shared/apps/gcc/8.2.0/bin/gcc -o conftest -g -O2 -Werror=write-strings   conftest.c  >&5
configure:8023: $? = 0
configure:8036: result: yes
configure:8124: checking if /shared/apps/gcc/8.2.0/bin/gcc supports -Werror=address
configure:8141: /shared/apps/gcc/8.2.0/bin/gcc -o conftest -g -O2 -Werror=address   conftest.c  >&5
configure:8141: $? = 0
configure:8154: result: yes
configure:8242: checking if /shared/apps/gcc/8.2.0/bin/gcc supports -Werror=int-to-pointer-cast
configure:8259: /shared/apps/gcc/8.2.0/bin/gcc -o conftest -g -O2 -Werror=int-to-pointer-cast   conftest.c  >&5
configure:8259: $? = 0
configure:8272: result: yes
configure:8409: checking if /shared/apps/gcc/8.2.0/bin/gcc supports -Werror=pointer-to-int-cast
configure:8426: /shared/apps/gcc/8.2.0/bin/gcc -o conftest -g -O2 -Werror=pointer-to-int-cast   conftest.c  >&5
configure:8426: $? = 0
configure:8439: result: yes
configure:10097: checking if /shared/apps/gcc/8.2.0/bin/gcc supports -pedantic
configure:10114: /shared/apps/gcc/8.2.0/bin/gcc -o conftest -g -O2 -pedantic   conftest.c  >&5
configure:10114: $? = 0
configure:10127: result: yes
configure:10215: checking if /shared/apps/gcc/8.2.0/bin/gcc supports -Werror
configure:10232: /shared/apps/gcc/8.2.0/bin/gcc -o conftest -g -O2 -Werror   conftest.c  >&5
configure:10232: $? = 0
configure:10245: result: yes
configure:10385: checking if /shared/apps/gcc/8.2.0/bin/gcc supports -Werror=attributes
configure:10402: /shared/apps/gcc/8.2.0/bin/gcc -o conftest -g -O2 -Werror=attributes   conftest.c  >&5
configure:10402: $? = 0
configure:10415: result: yes
configure:10575: checking whether make supports nested variables
configure:10592: result: yes
configure:10709: checking for rename
configure:10709: /shared/apps/gcc/8.2.0/bin/gcc -o conftest -g -O2   conftest.c  >&5
configure:10709: $? = 0
configure:10709: result: yes
configure:10709: checking for fchmod
configure:10709: /shared/apps/gcc/8.2.0/bin/gcc -o conftest -g -O2   conftest.c  >&5
configure:10709: $? = 0
configure:10709: result: yes
configure:10726: checking for special C compiler options needed for large files
configure:10771: result: no
configure:10777: checking for _FILE_OFFSET_BITS value needed for large files
configure:10802: /shared/apps/gcc/8.2.0/bin/gcc -c -g -O2  conftest.c >&5
configure:10802: $? = 0
configure:10834: result: no
configure:10920: checking for X
configure:10927: $PKG_CONFIG --exists --print-errors "xproto >= 7.0.17"
configure:10930: $? = 0
configure:10943: $PKG_CONFIG --exists --print-errors "xproto >= 7.0.17"
configure:10946: $? = 0
configure:11000: result: yes
configure:11116: checking that generated files are newer than configure
configure:11122: result: done
configure:11149: creating ./config.status

## ---------------------- ##
## Running config.status. ##
## ---------------------- ##

This file was extended by makedepend config.status 1.0.5, which was
generated by GNU Autoconf 2.68.  Invocation command line was

  CONFIG_FILES    = 
  CONFIG_HEADERS  = 
  CONFIG_LINKS    = 
  CONFIG_COMMANDS = 
  $ ./config.status 

on tycho00

config.status:915: creating Makefile
config.status:915: creating makedepend-config.h
config.status:1096: makedepend-config.h is unchanged
config.status:1144: executing depfiles commands

## ---------------- ##
## Cache variables. ##
## ---------------- ##

ac_cv_build=x86_64-unknown-linux-gnu
ac_cv_c_compiler_gnu=yes
ac_cv_env_CC_set=set
ac_cv_env_CC_value=/shared/apps/gcc/8.2.0/bin/gcc
ac_cv_env_CFLAGS_set=
ac_cv_env_CFLAGS_value=
ac_cv_env_CPPFLAGS_set=
ac_cv_env_CPPFLAGS_value=
ac_cv_env_CPP_set=
ac_cv_env_CPP_value=
ac_cv_env_LDFLAGS_set=
ac_cv_env_LDFLAGS_value=
ac_cv_env_LIBS_set=
ac_cv_env_LIBS_value=
ac_cv_env_LINT_FLAGS_set=
ac_cv_env_LINT_FLAGS_value=
ac_cv_env_LINT_set=
ac_cv_env_LINT_value=
ac_cv_env_PKG_CONFIG_set=
ac_cv_env_PKG_CONFIG_value=
ac_cv_env_X_CFLAGS_set=
ac_cv_env_X_CFLAGS_value=
ac_cv_env_X_LIBS_set=
ac_cv_env_X_LIBS_value=
ac_cv_env_build_alias_set=
ac_cv_env_build_alias_value=
ac_cv_env_host_alias_set=
ac_cv_env_host_alias_value=
ac_cv_env_target_alias_set=
ac_cv_env_target_alias_value=
ac_cv_func_fchmod=yes
ac_cv_func_rename=yes
ac_cv_have_decl___INTEL_COMPILER=no
ac_cv_have_decl___SUNPRO_C=no
ac_cv_have_decl___clang__=no
ac_cv_header_inttypes_h=yes
ac_cv_header_memory_h=yes
ac_cv_header_stdc=yes
ac_cv_header_stdint_h=yes
ac_cv_header_stdlib_h=yes
ac_cv_header_string_h=yes
ac_cv_header_strings_h=yes
ac_cv_header_sys_stat_h=yes
ac_cv_header_sys_types_h=yes
ac_cv_header_unistd_h=yes
ac_cv_host=x86_64-unknown-linux-gnu
ac_cv_objext=o
ac_cv_path_EGREP='/bin/grep -E'
ac_cv_path_GREP=/bin/grep
ac_cv_path_SED=/bin/sed
ac_cv_path_ac_pt_PKG_CONFIG=/usr/bin/pkg-config
ac_cv_path_install='/usr/bin/install -c'
ac_cv_path_mkdir=/bin/mkdir
ac_cv_prog_AWK=gawk
ac_cv_prog_CPP='/shared/apps/gcc/8.2.0/bin/gcc -E'
ac_cv_prog_ac_ct_CC=/shared/apps/gcc/8.2.0/bin/gcc
ac_cv_prog_cc_c89=
ac_cv_prog_cc_c99=
ac_cv_prog_cc_g=yes
ac_cv_prog_make_make_set=yes
ac_cv_sys_file_offset_bits=no
ac_cv_sys_largefile_CC=no
am_cv_CC_dependencies_compiler_type=gcc3
am_cv_make_support_nested_variables=yes
am_cv_prog_cc_c_o=yes
pkg_cv_X_CFLAGS=
pkg_cv_X_LIBS=
xorg_cv_cc_flag__Wall=yes
xorg_cv_cc_flag__Wbad_function_cast=yes
xorg_cv_cc_flag__Wcast_qual=yes
xorg_cv_cc_flag__Wdeclaration_after_statement=yes
xorg_cv_cc_flag__Werror=yes
xorg_cv_cc_flag__Werror_address=yes
xorg_cv_cc_flag__Werror_array_bounds=yes
xorg_cv_cc_flag__Werror_attributes=yes
xorg_cv_cc_flag__Werror_implicit=yes
xorg_cv_cc_flag__Werror_init_self=yes
xorg_cv_cc_flag__Werror_int_to_pointer_cast=yes
xorg_cv_cc_flag__Werror_main=yes
xorg_cv_cc_flag__Werror_missing_braces=yes
xorg_cv_cc_flag__Werror_nonnull=yes
xorg_cv_cc_flag__Werror_pointer_to_int_cast=yes
xorg_cv_cc_flag__Werror_return_type=yes
xorg_cv_cc_flag__Werror_sequence_point=yes
xorg_cv_cc_flag__Werror_trigraphs=yes
xorg_cv_cc_flag__Werror_write_strings=yes
xorg_cv_cc_flag__Wformat_2=yes
xorg_cv_cc_flag__Wmissing_declarations=yes
xorg_cv_cc_flag__Wmissing_format_attribute=yes
xorg_cv_cc_flag__Wmissing_noreturn=yes
xorg_cv_cc_flag__Wmissing_prototypes=yes
xorg_cv_cc_flag__Wnested_externs=yes
xorg_cv_cc_flag__Wold_style_definition=yes
xorg_cv_cc_flag__Wpointer_arith=yes
xorg_cv_cc_flag__Wredundant_decls=yes
xorg_cv_cc_flag__Wshadow=yes
xorg_cv_cc_flag__Wstrict_prototypes=yes
xorg_cv_cc_flag__Wuninitialized=yes
xorg_cv_cc_flag__Wunused=yes
xorg_cv_cc_flag__pedantic=yes
xorg_cv_cc_flag_unknown_warning_option=no
xorg_cv_cc_flag_unused_command_line_argument=no

## ----------------- ##
## Output variables. ##
## ----------------- ##

ACLOCAL='${SHELL} /obs/mrabenanahary/MPI-AMRVAC/amrvac/src/makedepend-1.0.5/missing aclocal-1.14'
ADMIN_MAN_DIR='$(mandir)/man$(ADMIN_MAN_SUFFIX)'
ADMIN_MAN_SUFFIX='8'
AMDEPBACKSLASH='\'
AMDEP_FALSE='#'
AMDEP_TRUE=''
AMTAR='$${TAR-tar}'
AM_BACKSLASH='\'
AM_DEFAULT_V='$(AM_DEFAULT_VERBOSITY)'
AM_DEFAULT_VERBOSITY='0'
AM_V='$(V)'
APP_MAN_DIR='$(mandir)/man$(APP_MAN_SUFFIX)'
APP_MAN_SUFFIX='1'
AUTOCONF='${SHELL} /obs/mrabenanahary/MPI-AMRVAC/amrvac/src/makedepend-1.0.5/missing autoconf'
AUTOHEADER='${SHELL} /obs/mrabenanahary/MPI-AMRVAC/amrvac/src/makedepend-1.0.5/missing autoheader'
AUTOMAKE='${SHELL} /obs/mrabenanahary/MPI-AMRVAC/amrvac/src/makedepend-1.0.5/missing automake-1.14'
AWK='gawk'
BASE_CFLAGS=' -Wall -Wpointer-arith -Wmissing-declarations -Wformat=2 -Wstrict-prototypes -Wmissing-prototypes -Wnested-externs -Wbad-function-cast -Wold-style-definition -Wdeclaration-after-statement -Wunused -Wuninitialized -Wshadow -Wcast-qual -Wmissing-noreturn -Wmissing-format-attribute -Wredundant-decls -Werror=implicit -Werror=nonnull -Werror=init-self -Werror=main -Werror=missing-braces -Werror=sequence-point -Werror=return-type -Werror=trigraphs -Werror=array-bounds -Werror=write-strings -Werror=address -Werror=int-to-pointer-cast -Werror=pointer-to-int-cast'
CC='/shared/apps/gcc/8.2.0/bin/gcc'
CCDEPMODE='depmode=gcc3'
CFLAGS='-g -O2'
CHANGELOG_CMD='(GIT_DIR=$(top_srcdir)/.git git log > $(top_srcdir)/.changelog.tmp && mv $(top_srcdir)/.changelog.tmp $(top_srcdir)/ChangeLog) || (rm -f $(top_srcdir)/.changelog.tmp; touch $(top_srcdir)/ChangeLog; echo '\''git directory not found: installing possibly empty changelog.'\'' >&2)'
CPP='/shared/apps/gcc/8.2.0/bin/gcc -E'
CPPFLAGS=''
CWARNFLAGS=' -Wall -Wpointer-arith -Wmissing-declarations -Wformat=2 -Wstrict-prototypes -Wmissing-prototypes -Wnested-externs -Wbad-function-cast -Wold-style-definition -Wdeclaration-after-statement -Wunused -Wuninitialized -Wshadow -Wcast-qual -Wmissing-noreturn -Wmissing-format-attribute -Wredundant-decls -Werror=implicit -Werror=nonnull -Werror=init-self -Werror=main -Werror=missing-braces -Werror=sequence-point -Werror=return-type -Werror=trigraphs -Werror=array-bounds -Werror=write-strings -Werror=address -Werror=int-to-pointer-cast -Werror=pointer-to-int-cast -fno-strict-aliasing'
CYGPATH_W='echo'
DEFS='-DHAVE_CONFIG_H'
DEPDIR='.deps'
DRIVER_MAN_DIR='$(mandir)/man$(DRIVER_MAN_SUFFIX)'
DRIVER_MAN_SUFFIX='4'
ECHO_C=''
ECHO_N='-n'
ECHO_T=''
EGREP='/bin/grep -E'
EXEEXT=''
FILE_MAN_DIR='$(mandir)/man$(FILE_MAN_SUFFIX)'
FILE_MAN_SUFFIX='5'
GREP='/bin/grep'
INSTALL_CMD='(cp -f /INSTALL $(top_srcdir)/.INSTALL.tmp && mv $(top_srcdir)/.INSTALL.tmp $(top_srcdir)/INSTALL) || (rm -f $(top_srcdir)/.INSTALL.tmp; touch $(top_srcdir)/INSTALL; echo '\''util-macros "pkgdatadir" from xorg-macros.pc not found: installing possibly empty INSTALL.'\'' >&2)'
INSTALL_DATA='${INSTALL} -m 644'
INSTALL_PROGRAM='${INSTALL}'
INSTALL_SCRIPT='${INSTALL}'
INSTALL_STRIP_PROGRAM='$(install_sh) -c -s'
LDFLAGS=''
LIBOBJS=''
LIBS=''
LIB_MAN_DIR='$(mandir)/man$(LIB_MAN_SUFFIX)'
LIB_MAN_SUFFIX='3'
LINT=''
LINT_FALSE=''
LINT_FLAGS='-badflag'
LINT_TRUE='#'
LTLIBOBJS=''
MAKEINFO='${SHELL} /obs/mrabenanahary/MPI-AMRVAC/amrvac/src/makedepend-1.0.5/missing makeinfo'
MAN_SUBSTS='	-e '\''s|__vendorversion__|"$(PACKAGE_STRING)" "$(XORG_MAN_PAGE)"|'\'' 	-e '\''s|__xorgversion__|"$(PACKAGE_STRING)" "$(XORG_MAN_PAGE)"|'\'' 	-e '\''s|__xservername__|Xorg|g'\'' 	-e '\''s|__xconfigfile__|xorg.conf|g'\'' 	-e '\''s|__projectroot__|$(prefix)|g'\'' 	-e '\''s|__apploaddir__|$(appdefaultdir)|g'\'' 	-e '\''s|__appmansuffix__|$(APP_MAN_SUFFIX)|g'\'' 	-e '\''s|__drivermansuffix__|$(DRIVER_MAN_SUFFIX)|g'\'' 	-e '\''s|__adminmansuffix__|$(ADMIN_MAN_SUFFIX)|g'\'' 	-e '\''s|__libmansuffix__|$(LIB_MAN_SUFFIX)|g'\'' 	-e '\''s|__miscmansuffix__|$(MISC_MAN_SUFFIX)|g'\'' 	-e '\''s|__filemansuffix__|$(FILE_MAN_SUFFIX)|g'\'''
MISC_MAN_DIR='$(mandir)/man$(MISC_MAN_SUFFIX)'
MISC_MAN_SUFFIX='7'
MKDIR_P='/bin/mkdir -p'
OBJEXT='o'
PACKAGE='makedepend'
PACKAGE_BUGREPORT='https://bugs.freedesktop.org/enter_bug.cgi?product=xorg'
PACKAGE_NAME='makedepend'
PACKAGE_STRING='makedepend 1.0.5'
PACKAGE_TARNAME='makedepend'
PACKAGE_URL=''
PACKAGE_VERSION='1.0.5'
PATH_SEPARATOR=':'
PKG_CONFIG='/usr/bin/pkg-config'
SED='/bin/sed'
SET_MAKE=''
SHELL='/bin/bash'
STRICT_CFLAGS=' -pedantic -Werror -Werror=attributes'
STRIP=''
VERSION='1.0.5'
XORG_MAN_PAGE='X Version 11'
X_CFLAGS=''
X_LIBS=''
ac_ct_CC='/shared/apps/gcc/8.2.0/bin/gcc'
am__EXEEXT_FALSE=''
am__EXEEXT_TRUE='#'
am__fastdepCC_FALSE='#'
am__fastdepCC_TRUE=''
am__include='include'
am__isrc=''
am__leading_dot='.'
am__nodep='_no'
am__quote=''
am__tar='$${TAR-tar} chof - "$$tardir"'
am__untar='$${TAR-tar} xf -'
bindir='${exec_prefix}/bin'
build='x86_64-unknown-linux-gnu'
build_alias=''
build_cpu='x86_64'
build_os='linux-gnu'
build_vendor='unknown'
datadir='${datarootdir}'
datarootdir='${prefix}/share'
docdir='${datarootdir}/doc/${PACKAGE_TARNAME}'
dvidir='${docdir}'
exec_prefix='${prefix}'
host='x86_64-unknown-linux-gnu'
host_alias=''
host_cpu='x86_64'
host_os='linux-gnu'
host_vendor='unknown'
htmldir='${docdir}'
includedir='${prefix}/include'
infodir='${datarootdir}/info'
install_sh='${SHELL} /obs/mrabenanahary/MPI-AMRVAC/amrvac/src/makedepend-1.0.5/install-sh'
libdir='${exec_prefix}/lib'
libexecdir='${exec_prefix}/libexec'
localedir='${datarootdir}/locale'
localstatedir='${prefix}/var'
mandir='${datarootdir}/man'
mkdir_p='$(MKDIR_P)'
oldincludedir='/usr/include'
pdfdir='${docdir}'
prefix='/obs/mrabenanahary/MPI-AMRVAC/amrvac/src/local'
program_transform_name='s,x,x,'
psdir='${docdir}'
sbindir='${exec_prefix}/sbin'
sharedstatedir='${prefix}/com'
sysconfdir='${prefix}/etc'
target_alias=''

## ----------- ##
## confdefs.h. ##
## ----------- ##

/* confdefs.h */
#define PACKAGE_NAME "makedepend"
#define PACKAGE_TARNAME "makedepend"
#define PACKAGE_VERSION "1.0.5"
#define PACKAGE_STRING "makedepend 1.0.5"
#define PACKAGE_BUGREPORT "https://bugs.freedesktop.org/enter_bug.cgi?product=xorg"
#define PACKAGE_URL ""
#define PACKAGE "makedepend"
#define VERSION "1.0.5"
#define STDC_HEADERS 1
#define HAVE_SYS_TYPES_H 1
#define HAVE_SYS_STAT_H 1
#define HAVE_STDLIB_H 1
#define HAVE_STRING_H 1
#define HAVE_MEMORY_H 1
#define HAVE_STRINGS_H 1
#define HAVE_INTTYPES_H 1
#define HAVE_STDINT_H 1
#define HAVE_UNISTD_H 1
#define PACKAGE_VERSION_MAJOR 1
#define PACKAGE_VERSION_MINOR 0
#define PACKAGE_VERSION_PATCHLEVEL 5
#define HAVE_RENAME 1
#define HAVE_FCHMOD 1

configure: exit 0
